FStar.Monotonic.Witnessed.fst(292,47-292,49): (Warning 252) (Hint-replay failed): could not prove post-condition (see also FStar.Monotonic.Witnessed.fsti(28,70-28,85))
FStar.Monotonic.Witnessed.fst(296,44-296,70): (Warning 252) (Hint-replay failed): could not prove post-condition (see also FStar.Monotonic.Witnessed.fsti(35,39-35,74))
FStar.Monotonic.Witnessed.fst(298,42-298,44): (Warning 252) (Hint-replay failed): could not prove post-condition (see also FStar.Monotonic.Witnessed.fsti(40,37-40,100))
FStar.Monotonic.Witnessed.fst(303,6-303,95): (Warning 252) (Hint-replay failed): could not prove post-condition (see also FStar.Monotonic.Witnessed.fst(302,30-302,67))
FStar.Monotonic.Witnessed.fst(307,40-307,42): (Warning 252) (Hint-replay failed): could not prove post-condition (see also FStar.Monotonic.Witnessed.fsti(52,75-52,110))
FStar.Monotonic.Witnessed.fst(312,6-312,15): (Warning 252) (Hint-replay failed): assertion failed (see also FStar.Monotonic.Witnessed.fst(106,50-106,55))
FStar.Monotonic.Witnessed.fst(319,6-319,18): (Warning 252) (Hint-replay failed): assertion failed (see also FStar.Monotonic.Witnessed.fst(211,63-211,83))
FStar.Monotonic.Witnessed.fst(323,45-323,47): (Warning 252) (Hint-replay failed): could not prove post-condition (see also FStar.Monotonic.Witnessed.fsti(70,74-70,114))
FStar.List.Tot.Base.fst(265,10-265,12): (Warning 252) (Hint-replay failed): Subtyping check failed; expected type m:
Prims.list a
{ forall (u22415: FStar.Pervasives.Native.option (x: Prims.unit{Prims.hasEq a})).
FStar.List.Tot.Base.mem_filter_spec f m u22415 }; got type Prims.list a (see also FStar.List.Tot.Base.fst(263,86-263,107))
FStar.List.Tot.Base.fst(275,2-277,4): (Warning 252) (Hint-replay failed): could not prove post-condition (see also FStar.List.Tot.Base.fst(273,11-273,16))
FStar.List.Tot.Properties.fst(855,2-855,37): (Warning 252) (Hint-replay failed): could not prove post-condition (see also FStar.List.Tot.Properties.fst(853,12-853,18))
FStar.List.Tot.Properties.fst(855,2-855,37): (Warning 252) could not prove post-condition (see also FStar.List.Tot.Properties.fst(853,12-853,18))
FStar.List.Tot.Properties.fst(884,2-885,24): (Warning 252) (Hint-replay failed): could not prove post-condition (see also FStar.List.Tot.Properties.fst(883,12-883,18))
FStar.OrdSet.fst(48,16-48,18): (Warning 252) (Hint-replay failed): Subtyping check failed; expected type a: Type{Prims.hasEq a}; got type Type (see also prims.fst(310,29-310,36))
FStar.Monotonic.HyperStack.fst(86,4-86,6): (Warning 252) (Hint-replay failed): could not prove post-condition (see also FStar.Monotonic.HyperStack.fst(85,12-85,46))
FStar.Monotonic.HyperStack.fst(93,4-93,6): (Warning 252) (Hint-replay failed): could not prove post-condition (see also FStar.Monotonic.HyperStack.fst(47,18-47,51))
FStar.Monotonic.HyperStack.fst(101,4-101,6): (Warning 252) (Hint-replay failed): could not prove post-condition (see also FStar.Monotonic.HyperStack.fst(99,19-99,34))
FStar.Monotonic.HyperStack.fst(115,4-115,6): (Warning 252) (Hint-replay failed): could not prove post-condition (see also FStar.Monotonic.HyperStack.fst(110,20-110,76))
FStar.Monotonic.HyperStack.fst(123,4-123,6): (Warning 252) (Hint-replay failed): could not prove post-condition (see also FStar.Monotonic.HyperStack.fst(122,9-122,48))
FStar.Monotonic.HyperStack.fst(135,4-135,6): (Warning 252) (Hint-replay failed): could not prove post-condition (see also FStar.Monotonic.HyperStack.fst(132,19-132,58))
FStar.Monotonic.HyperStack.fst(146,4-146,6): (Warning 252) (Hint-replay failed): could not prove post-condition (see also FStar.Monotonic.HyperStack.fst(145,92-145,124))
FStar.Monotonic.HyperStack.fst(161,4-161,25): (Warning 252) (Hint-replay failed): could not prove post-condition (see also FStar.Monotonic.HyperStack.fst(160,19-160,38))
FStar.Monotonic.HyperStack.fst(283,55-283,57): (Warning 252) (Hint-replay failed): could not prove post-condition (see also FStar.Monotonic.HyperStack.fst(282,17-282,31))
FStar.Monotonic.HyperStack.fst(344,4-344,33): (Warning 252) (Hint-replay failed): assertion failed (see also FStar.Monotonic.HyperStack.fst(38,12-41,66))
FStar.Monotonic.HyperStack.fst(497,5-497,7): (Warning 252) (Hint-replay failed): could not prove post-condition (see also FStar.Monotonic.HyperStack.fst(496,11-496,29))
FStar.Seq.Properties.fst(472,2-475,29): (Warning 252) (Hint-replay failed): could not prove post-condition (see also FStar.Seq.Properties.fst(470,20-470,28))
FStar.Fin.fst(36,2-51,18): (Warning 252) (Hint-replay failed): assertion failed (see also prims.fst(215,68-215,80))
FStar.Fin.fst(36,2-51,18): (Warning 252) (Hint-replay failed): could not prove post-condition (see also FStar.Fin.fst(33,41-33,68))
FStar.Fin.fst(36,2-51,18): (Warning 252) (Hint-replay failed): assertion failed (see also prims.fst(215,68-215,80))
FStar.Fin.fst(36,2-51,18): (Warning 252) (Hint-replay failed): could not prove post-condition (see also FStar.Fin.fst(33,41-33,68))
FStar.HyperStack.ST.fst(180,46-180,48): (Warning 252) (Hint-replay failed): could not prove post-condition (see also FStar.HyperStack.ST.fst(179,72-179,104))
FStar.HyperStack.ST.fst(184,98-184,100): (Warning 252) (Hint-replay failed): could not prove post-condition (see also FStar.HyperStack.ST.fst(145,4-145,52))
FStar.HyperStack.ST.fst(187,49-187,51): (Warning 252) (Hint-replay failed): could not prove post-condition (see also FStar.HyperStack.ST.fst(186,78-186,112))
FStar.HyperStack.ST.fst(192,4-192,6): (Warning 252) (Hint-replay failed): could not prove post-condition (see also FStar.HyperStack.ST.fst(145,4-145,52))
FStar.HyperStack.ST.fst(196,57-196,59): (Warning 252) (Hint-replay failed): could not prove post-condition (see also FStar.HyperStack.ST.fst(195,79-195,115))
FStar.HyperStack.ST.fst(201,4-201,6): (Warning 252) (Hint-replay failed): could not prove post-condition (see also FStar.HyperStack.ST.fst(145,4-145,52))
FStar.HyperStack.ST.fst(205,63-205,65): (Warning 252) (Hint-replay failed): could not prove post-condition (see also FStar.HyperStack.ST.fst(204,85-204,127))
FStar.HyperStack.ST.fst(211,4-211,6): (Warning 252) (Hint-replay failed): could not prove post-condition (see also FStar.HyperStack.ST.fst(145,4-145,52))
FStar.HyperStack.ST.fst(608,4-615,38): (Warning 252) (Hint-replay failed): could not prove post-condition (see also FStar.HyperStack.ST.fst(258,91-258,115))
FStar.HyperStack.ST.fst(635,4-635,14): (Warning 252) (Hint-replay failed): assertion failed (see also FStar.HyperStack.ST.fst(98,76-98,87))
FStar.HyperStack.ST.fst(643,52-643,54): (Warning 252) (Hint-replay failed): Subtyping check failed; expected type Prims.squash (forall (x: c). FStar.HyperStack.ST.witnessed (p' x)); got type Prims.unit (see also FStar.HyperStack.ST.fst(643,32-643,48))
FStar.ModifiesGen.fst(340,33-340,35): (Warning 252) (Hint-replay failed): could not prove post-condition (see also FStar.ModifiesGen.fsti(232,2-232,27))
FStar.ModifiesGen.fst(356,50-356,52): (Warning 252) (Hint-replay failed): could not prove post-condition (see also FStar.ModifiesGen.fsti(251,11-251,67))
FStar.ModifiesGen.fst(358,48-358,50): (Warning 252) (Hint-replay failed): could not prove post-condition (see also FStar.ModifiesGen.fsti(261,11-261,63))
FStar.ModifiesGen.fst(360,49-360,51): (Warning 252) (Hint-replay failed): could not prove post-condition (see also FStar.ModifiesGen.fsti(270,11-270,67))
FStar.ModifiesGen.fst(362,46-362,48): (Warning 252) (Hint-replay failed): could not prove post-condition (see also FStar.ModifiesGen.fsti(277,11-277,65))
FStar.ModifiesGen.fst(364,49-364,51): (Warning 252) (Hint-replay failed): could not prove post-condition (see also FStar.ModifiesGen.fsti(285,11-285,73))
FStar.ModifiesGen.fst(455,35-455,37): (Warning 252) (Hint-replay failed): could not prove post-condition (see also FStar.ModifiesGen.fsti(306,11-306,36))
FStar.ModifiesGen.fst(499,2-499,135): (Warning 252) (Hint-replay failed): could not prove post-condition (see also FStar.ModifiesGen.fsti(352,11-352,75))
FStar.ModifiesGen.fst(501,53-501,55): (Warning 252) (Hint-replay failed): could not prove post-condition (see also FStar.ModifiesGen.fsti(362,11-362,67))
FStar.ModifiesGen.fst(505,60-505,62): (Warning 252) (Hint-replay failed): could not prove post-condition (see also FStar.ModifiesGen.fsti(384,24-384,42))
FStar.ModifiesGen.fst(652,55-652,57): (Warning 252) (Hint-replay failed): could not prove post-condition (see also FStar.ModifiesGen.fsti(452,4-452,20))
FStar.ModifiesGen.fst(654,47-654,49): (Warning 252) (Hint-replay failed): could not prove post-condition (see also FStar.ModifiesGen.fsti(468,11-470,3))
FStar.ModifiesGen.fst(677,2-677,23): (Warning 252) (Hint-replay failed): assertion failed (see also FStar.ModifiesGen.fsti(485,33-485,51))
FStar.ModifiesGen.fst(705,2-705,117): (Warning 252) (Hint-replay failed): could not prove post-condition (see also FStar.ModifiesGen.fst(704,11-704,28))
FStar.ModifiesGen.fst(756,2-756,55): (Warning 252) (Hint-replay failed): could not prove post-condition (see also FStar.ModifiesGen.fst(755,2-755,45))
FStar.ModifiesGen.fst(772,2-772,55): (Warning 252) (Hint-replay failed): could not prove post-condition (see also FStar.ModifiesGen.fst(771,2-771,60))
FStar.ModifiesGen.fst(786,2-786,20): (Warning 252) (Hint-replay failed): assertion failed (see also FStar.ModifiesGen.fsti(211,35-211,53))
FStar.ModifiesGen.fst(813,2-813,23): (Warning 252) (Hint-replay failed): assertion failed (see also FStar.ModifiesGen.fsti(485,33-485,51))
FStar.ModifiesGen.fst(936,9-936,85): (Warning 252) (Hint-replay failed): assertion failed
FStar.ModifiesGen.fst(987,6-987,115): (Warning 252) (Hint-replay failed): Subtyping check failed; expected type aux:
FStar.Ghost.erased (FStar.GSet.set (FStar.ModifiesGen.aloc c))
{ FStar.GSet.subset (FStar.ModifiesGen.aloc_domain c (FStar.Ghost.hide regions') addrs')
(FStar.Ghost.reveal aux) /\
FStar.GSet.subset (FStar.Ghost.reveal aux)
(FStar.ModifiesGen.aloc_domain c
(FStar.Ghost.hide regions')
(fun _ -> FStar.Set.complement FStar.Set.empty)) }; got type FStar.Ghost.erased (FStar.GSet.set (FStar.ModifiesGen.aloc c)) (see also FStar.ModifiesGen.fst(26,8-26,66))
FStar.ModifiesGen.fst(1087,12-1087,33): (Warning 252) (Hint-replay failed): assertion failed (see also FStar.ModifiesGen.fst(974,13-974,47))
FStar.ModifiesGen.fst(1112,4-1112,10): (Warning 252) (Hint-replay failed): assertion failed (see also FStar.ModifiesGen.fst(1112,11-1112,47))
FStar.ModifiesGen.fst(1355,2-1355,8): (Warning 252) (Hint-replay failed): assertion failed (see also FStar.ModifiesGen.fst(1355,9-1355,39))
FStar.ModifiesGen.fst(1417,2-1417,8): (Warning 252) (Hint-replay failed): assertion failed (see also FStar.ModifiesGen.fst(1417,9-1417,40))
FStar.ModifiesGen.fst(1477,2-1485,39): (Warning 252) (Hint-replay failed): could not prove post-condition (see also FStar.ModifiesGen.fst(1476,11-1476,42))
FStar.ModifiesGen.fst(1555,4-1555,10): (Warning 252) (Hint-replay failed): assertion failed (see also FStar.ModifiesGen.fst(1564,8-1564,36))
LowStar.Buffer.fst(498,2-502,3): (Warning 252) (Hint-replay failed): could not prove post-condition (see also LowStar.Buffer.fsti(768,4-768,46))
LowStar.Modifies.fst(196,2-196,23): (Warning 252) (Hint-replay failed): assertion failed (see also LowStar.Modifies.fsti(324,59-324,77))
FStar.Pointer.Derived1.fst(118,2-118,8): (Warning 252) (Hint-replay failed): assertion failed (see also FStar.Pointer.Derived1.fst(118,9-118,104))
FStar.Pointer.Derived1.fst(168,2-168,8): (Warning 252) (Hint-replay failed): assertion failed (see also FStar.Pointer.Derived1.fst(168,9-168,91))
FStar.Pointer.Derived1.fst(171,2-171,23): (Warning 252) (Hint-replay failed): assertion failed (see also FStar.Pointer.Base.fsti(1493,5-1493,45))
FStar.Buffer.fst(740,4-740,6): (Warning 252) (Hint-replay failed): could not prove post-condition (see also FStar.Buffer.fst(738,12-738,35))
FStar.Buffer.fst(765,4-765,6): (Warning 252) (Hint-replay failed): could not prove post-condition (see also FStar.Buffer.fst(763,12-763,37))
FStar.Buffer.fst(1301,4-1301,6): (Warning 252) (Hint-replay failed): could not prove post-condition (see also FStar.Buffer.fst(1299,13-1299,31))
FStar.Modifies.fst(114,2-114,4): (Warning 252) (Hint-replay failed): could not prove post-condition (see also FStar.Modifies.fst(113,11-113,41))
FStar.Modifies.fst(243,2-243,82): (Warning 252) (Hint-replay failed): could not prove post-condition (see also FStar.Modifies.fsti(311,19-313,3))
FStar.Modifies.fst(279,18-279,20): (Warning 252) (Hint-replay failed): could not prove post-condition (see also FStar.ModifiesGen.fsti(416,34-416,59))
FStar.Modifies.fst(344,18-344,20): (Warning 252) (Hint-replay failed): could not prove post-condition (see also FStar.ModifiesGen.fsti(416,34-416,59))
Unable to open hints file: C:\build\agent2\_work\6\s\kremlin\kremlib\C.Failure.fst.hints; ran without hints
make: Makefile.LowParse: No such file or directory
make: *** No rule to make target 'Makefile.LowParse'.
make: Failed to remake makefile 'Makefile.LowParse'.
make: *** No targets specified and no makefile found.  Stop.
