FStar.List.Tot.Properties.fst(855,2-855,37): (Warning 252) (Hint-replay failed): could not prove post-condition (see also FStar.List.Tot.Properties.fst(853,12-853,18))
FStar.List.Tot.Properties.fst(855,2-855,37): (Warning 252) could not prove post-condition (see also FStar.List.Tot.Properties.fst(853,12-853,18))
FStar.List.Tot.Properties.fst(884,2-885,24): (Warning 252) (Hint-replay failed): could not prove post-condition (see also FStar.List.Tot.Properties.fst(883,12-883,18))
FStar.OrdSet.fst(48,16-48,18): (Warning 252) (Hint-replay failed): Subtyping check failed; expected type Prims.eqtype; got type Type (see also prims.fst(27,21-27,28))
FStar.Monotonic.HyperStack.fst(202,2-202,25): (Warning 252) (Hint-replay failed): Subtyping check failed; expected type FStar.Monotonic.HyperStack.mem; got type FStar.Monotonic.HyperStack.mem' (see also FStar.Monotonic.HyperStack.fst(95,24-95,87))
FStar.Monotonic.HyperStack.fst(323,4-323,24): (Warning 252) (Hint-replay failed): Subtyping check failed; expected type FStar.Monotonic.HyperStack.mem; got type FStar.Monotonic.HyperStack.mem' (see also FStar.Monotonic.HyperStack.fst(95,24-95,87))
FStar.Monotonic.HyperStack.fst(334,26-334,46): (Warning 252) (Hint-replay failed): Subtyping check failed; expected type FStar.Monotonic.HyperStack.mem; got type FStar.Monotonic.HyperStack.mem' (see also FStar.Monotonic.HyperStack.fst(95,24-95,87))
FStar.Monotonic.HyperStack.fst(345,4-345,24): (Warning 252) (Hint-replay failed): Subtyping check failed; expected type FStar.Monotonic.HyperStack.mem; got type FStar.Monotonic.HyperStack.mem' (see also FStar.Monotonic.HyperStack.fst(95,24-95,87))
FStar.Monotonic.HyperStack.fst(356,4-356,24): (Warning 252) (Hint-replay failed): Subtyping check failed; expected type FStar.Monotonic.HyperStack.mem; got type FStar.Monotonic.HyperStack.mem' (see also FStar.Monotonic.HyperStack.fst(95,24-95,87))
FStar.Monotonic.HyperStack.fst(374,4-374,38): (Warning 252) (Hint-replay failed): Subtyping check failed; expected type m': FStar.Monotonic.HyperStack.mem{FStar.Monotonic.HyperStack.fresh_frame m m'}; got type FStar.Monotonic.HyperStack.mem' (see also FStar.Monotonic.HyperStack.fst(95,24-95,87))
FStar.Monotonic.HyperStack.fst(387,13-387,39): (Warning 252) (Hint-replay failed): Subtyping check failed; expected type FStar.Monotonic.HyperStack.mem; got type FStar.Monotonic.HyperStack.mem' (see also FStar.Monotonic.HyperStack.fst(95,24-95,87))
FStar.Monotonic.HyperStack.fst(202,2-202,25): (Warning 252) (Hint-replay failed): Subtyping check failed; expected type FStar.Monotonic.HyperStack.mem; got type FStar.Monotonic.HyperStack.mem' (see also FStar.Monotonic.HyperStack.fst(95,24-95,87))
FStar.Monotonic.HyperStack.fst(323,4-323,24): (Warning 252) (Hint-replay failed): Subtyping check failed; expected type FStar.Monotonic.HyperStack.mem; got type FStar.Monotonic.HyperStack.mem' (see also FStar.Monotonic.HyperStack.fst(95,24-95,87))
FStar.Monotonic.HyperStack.fst(334,26-334,46): (Warning 252) (Hint-replay failed): Subtyping check failed; expected type FStar.Monotonic.HyperStack.mem; got type FStar.Monotonic.HyperStack.mem' (see also FStar.Monotonic.HyperStack.fst(95,24-95,87))
FStar.Monotonic.HyperStack.fst(345,4-345,24): (Warning 252) (Hint-replay failed): Subtyping check failed; expected type FStar.Monotonic.HyperStack.mem; got type FStar.Monotonic.HyperStack.mem' (see also FStar.Monotonic.HyperStack.fst(95,24-95,87))
FStar.Monotonic.HyperStack.fst(356,4-356,24): (Warning 252) (Hint-replay failed): Subtyping check failed; expected type FStar.Monotonic.HyperStack.mem; got type FStar.Monotonic.HyperStack.mem' (see also FStar.Monotonic.HyperStack.fst(95,24-95,87))
FStar.Monotonic.HyperStack.fst(374,4-374,38): (Warning 252) (Hint-replay failed): Subtyping check failed; expected type m': FStar.Monotonic.HyperStack.mem{FStar.Monotonic.HyperStack.fresh_frame m m'}; got type FStar.Monotonic.HyperStack.mem' (see also FStar.Monotonic.HyperStack.fst(95,24-95,87))
FStar.Monotonic.HyperStack.fst(387,13-387,39): (Warning 252) (Hint-replay failed): Subtyping check failed; expected type FStar.Monotonic.HyperStack.mem; got type FStar.Monotonic.HyperStack.mem' (see also FStar.Monotonic.HyperStack.fst(95,24-95,87))
FStar.Monotonic.HyperStack.fst(524,36-524,37): (Warning 252) (Hint-replay failed): Subtyping check failed; expected type s:
FStar.Monotonic.HyperStack.mreference a rel
{ FStar.Monotonic.HyperStack.live_region (FStar.Monotonic.HyperStack.upd h r x)
(FStar.Monotonic.HyperStack.frameOf s) }; got type FStar.Monotonic.HyperStack.mreference a rel (see also FStar.Monotonic.HyperStack.fst(316,64-316,89))
FStar.Monotonic.HyperStack.fst(542,37-542,39): (Warning 252) (Hint-replay failed): Subtyping check failed; expected type s:
FStar.Monotonic.HyperStack.mreference b rel_b
{ FStar.Monotonic.HyperStack.live_region (FStar.Monotonic.HyperStack.upd h r1 x)
(FStar.Monotonic.HyperStack.frameOf s) }; got type FStar.Monotonic.HyperStack.mreference b rel_b (see also FStar.Monotonic.HyperStack.fst(316,64-316,89))
FStar.Seq.Properties.fst(474,2-477,29): (Warning 252) (Hint-replay failed): could not prove post-condition (see also FStar.Seq.Properties.fst(472,20-472,28))
FStar.Fin.fst(36,2-51,18): (Warning 252) (Hint-replay failed): could not prove post-condition (see also FStar.Fin.fst(33,41-33,68))
FStar.Fin.fst(36,2-51,18): (Warning 252) (Hint-replay failed): could not prove post-condition (see also FStar.Fin.fst(33,41-33,68))
FStar.HyperStack.ST.fst(356,4-356,11): (Warning 252) (Hint-replay failed): assertion failed (see also FStar.HyperStack.ST.fst(98,60-98,73))
FStar.HyperStack.ST.fst(366,4-366,11): (Warning 252) (Hint-replay failed): assertion failed (see also FStar.HyperStack.ST.fst(98,60-98,73))
FStar.HyperStack.ST.fst(383,4-383,11): (Warning 252) (Hint-replay failed): assertion failed (see also FStar.HyperStack.ST.fst(98,60-98,73))
FStar.HyperStack.ST.fst(415,4-415,10): (Warning 252) (Hint-replay failed): assertion failed (see also FStar.HyperStack.ST.fst(415,11-415,76))
FStar.HyperStack.ST.fst(434,4-434,11): (Warning 252) (Hint-replay failed): assertion failed (see also FStar.HyperStack.ST.fst(98,60-98,73))
FStar.HyperStack.ST.fst(454,4-454,11): (Warning 252) (Hint-replay failed): assertion failed (see also FStar.HyperStack.ST.fst(98,60-98,73))
FStar.HyperStack.ST.fst(473,4-473,11): (Warning 252) (Hint-replay failed): assertion failed (see also FStar.HyperStack.ST.fst(98,60-98,73))
FStar.HyperStack.ST.fst(512,4-512,10): (Warning 252) (Hint-replay failed): assertion failed (see also FStar.HyperStack.ST.fst(512,11-512,76))
FStar.HyperStack.ST.fst(535,4-535,11): (Warning 252) (Hint-replay failed): assertion failed (see also FStar.HyperStack.ST.fst(98,60-98,73))
FStar.Monotonic.DependentMap.fst(53,4-53,14): (Warning 252) (Hint-replay failed): assertion failed (see also FStar.HyperStack.ST.fst(609,37-609,41))
FStar.Monotonic.Map.fst(84,4-84,14): (Warning 252) (Hint-replay failed): assertion failed (see also FStar.HyperStack.ST.fst(609,37-609,41))
FStar.Monotonic.Seq.fst(50,4-50,17): (Warning 252) (Hint-replay failed): could not prove post-condition (see also FStar.Monotonic.Seq.fst(47,2-47,18))
FStar.Monotonic.Seq.fst(80,4-80,14): (Warning 252) (Hint-replay failed): assertion failed (see also FStar.HyperStack.ST.fst(609,37-609,41))
FStar.Monotonic.Seq.fst(142,4-142,14): (Warning 252) (Hint-replay failed): assertion failed (see also FStar.HyperStack.ST.fst(609,37-609,41))
FStar.Monotonic.Seq.fst(174,2-174,8): (Warning 252) (Hint-replay failed): assertion failed (see also FStar.Monotonic.Seq.fst(174,9-174,29))
FStar.Monotonic.Seq.fst(385,4-387,17): (Warning 252) (Hint-replay failed): could not prove post-condition (see also FStar.Monotonic.Seq.fst(380,5-380,25))
FStar.Monotonic.Seq.fst(401,4-404,10): (Warning 252) (Hint-replay failed): could not prove post-condition (see also FStar.Monotonic.Seq.fst(398,3-398,23))
FStar.ModifiesGen.fst(373,33-373,35): (Warning 252) (Hint-replay failed): could not prove post-condition (see also FStar.ModifiesGen.fsti(244,2-244,27))
FStar.ModifiesGen.fst(389,68-389,70): (Warning 252) (Hint-replay failed): could not prove post-condition (see also FStar.ModifiesGen.fsti(264,11-264,85))
FStar.ModifiesGen.fst(391,66-391,68): (Warning 252) (Hint-replay failed): could not prove post-condition (see also FStar.ModifiesGen.fsti(275,11-275,81))
FStar.ModifiesGen.fst(393,87-393,89): (Warning 252) (Hint-replay failed): could not prove post-condition (see also FStar.ModifiesGen.fsti(285,11-285,105))
FStar.ModifiesGen.fst(395,84-395,86): (Warning 252) (Hint-replay failed): could not prove post-condition (see also FStar.ModifiesGen.fsti(293,11-293,103))
FStar.ModifiesGen.fst(404,91-404,93): (Warning 252) (Hint-replay failed): could not prove post-condition (see also FStar.ModifiesGen.fsti(311,11-311,111))
FStar.ModifiesGen.fst(494,35-494,37): (Warning 252) (Hint-replay failed): could not prove post-condition (see also FStar.ModifiesGen.fsti(332,11-332,36))
FStar.ModifiesGen.fst(538,2-538,173): (Warning 252) (Hint-replay failed): could not prove post-condition (see also FStar.ModifiesGen.fsti(379,11-379,113))
FStar.ModifiesGen.fst(540,91-540,93): (Warning 252) (Hint-replay failed): could not prove post-condition (see also FStar.ModifiesGen.fsti(390,11-390,67))
FStar.ModifiesGen.fst(544,78-544,80): (Warning 252) (Hint-replay failed): could not prove post-condition (see also FStar.ModifiesGen.fsti(414,24-414,42))
FStar.ModifiesGen.fst(561,73-561,75): (Warning 252) (Hint-replay failed): could not prove post-condition (see also FStar.ModifiesGen.fsti(430,2-430,70))
FStar.ModifiesGen.fst(563,73-563,75): (Warning 252) (Hint-replay failed): could not prove post-condition (see also FStar.ModifiesGen.fsti(433,2-433,79))
FStar.ModifiesGen.fst(573,92-573,94): (Warning 252) (Hint-replay failed): could not prove post-condition (see also FStar.ModifiesGen.fsti(438,2-438,91))
FStar.ModifiesGen.fst(575,72-575,74): (Warning 252) (Hint-replay failed): could not prove post-condition (see also FStar.ModifiesGen.fsti(443,2-443,78))
FStar.ModifiesGen.fst(577,94-577,96): (Warning 252) (Hint-replay failed): could not prove post-condition (see also FStar.ModifiesGen.fsti(448,2-448,95))
FStar.ModifiesGen.fst(579,78-579,80): (Warning 252) (Hint-replay failed): could not prove post-condition (see also FStar.ModifiesGen.fsti(453,2-453,73))
FStar.ModifiesGen.fst(789,20-789,25): (Warning 252) (Hint-replay failed): assertion failed (see also FStar.ModifiesGen.fsti(550,15-550,55))
FStar.ModifiesGen.fst(804,55-804,57): (Warning 252) (Hint-replay failed): could not prove post-condition (see also FStar.ModifiesGen.fsti(593,4-593,20))
FStar.ModifiesGen.fst(806,47-806,49): (Warning 252) (Hint-replay failed): could not prove post-condition (see also FStar.ModifiesGen.fsti(609,11-611,3))
FStar.ModifiesGen.fst(828,79-828,81): (Warning 252) (Hint-replay failed): could not prove post-condition (see also FStar.ModifiesGen.fsti(670,11-670,45))
FStar.ModifiesGen.fst(844,2-844,23): (Warning 252) (Hint-replay failed): assertion failed (see also FStar.ModifiesGen.fsti(626,33-626,51))
FStar.ModifiesGen.fst(924,2-924,55): (Warning 252) (Hint-replay failed): could not prove post-condition (see also FStar.ModifiesGen.fst(923,2-923,45))
FStar.ModifiesGen.fst(940,2-940,55): (Warning 252) (Hint-replay failed): could not prove post-condition (see also FStar.ModifiesGen.fst(939,2-939,66))
FStar.ModifiesGen.fst(954,2-954,20): (Warning 252) (Hint-replay failed): assertion failed (see also FStar.ModifiesGen.fsti(223,35-223,53))
FStar.ModifiesGen.fst(1051,68-1051,70): (Warning 252) (Hint-replay failed): could not prove post-condition (see also FStar.ModifiesGen.fsti(106,16-106,35))
FStar.ModifiesGen.fst(1058,68-1058,70): (Warning 252) (Hint-replay failed): could not prove post-condition (see also FStar.ModifiesGen.fsti(106,16-106,35))
FStar.ModifiesGen.fst(1066,80-1066,82): (Warning 252) (Hint-replay failed): could not prove post-condition (see also FStar.ModifiesGen.fsti(106,16-106,35))
FStar.ModifiesGen.fst(1089,47-1089,49): (Warning 252) (Hint-replay failed): could not prove post-condition (see also FStar.ModifiesGen.fsti(845,11-847,3))
FStar.ModifiesGen.fst(1104,9-1104,85): (Warning 252) (Hint-replay failed): assertion failed
FStar.ModifiesGen.fst(1153,9-1153,40): (Warning 252) (Hint-replay failed): Subtyping check failed; expected type y: FStar.Set.set Prims.nat {FStar.Set.subset (non_live_addrs' r') y}; got type FStar.Set.set Prims.nat (see also FStar.ModifiesGen.fst(1151,82-1151,115))
FStar.ModifiesGen.fst(1263,12-1263,33): (Warning 252) (Hint-replay failed): assertion failed (see also FStar.ModifiesGen.fst(1142,13-1142,53))
FStar.ModifiesGen.fst(1290,4-1290,10): (Warning 252) (Hint-replay failed): assertion failed (see also FStar.ModifiesGen.fst(1290,11-1290,53))
FStar.ModifiesGen.fst(1559,2-1559,8): (Warning 252) (Hint-replay failed): assertion failed (see also FStar.ModifiesGen.fst(1559,9-1559,39))
FStar.ModifiesGen.fst(1604,89-1604,130): (Warning 252) (Hint-replay failed): Subtyping check failed; expected type al b (ALoc?.region y') (ALoc?.addr y'); got type al (FStar.ModifiesGen.bool_of_cls_union_aloc (Some?.v (ALoc?.loc y')))
(ALoc?.region y')
(ALoc?.addr y') (see also FStar.ModifiesGen.fst(1321,11-1566,4))
FStar.ModifiesGen.fst(1681,2-1689,39): (Warning 252) (Hint-replay failed): could not prove post-condition (see also FStar.ModifiesGen.fst(1680,11-1680,42))
FStar.ModifiesGen.fst(1759,4-1759,10): (Warning 252) (Hint-replay failed): assertion failed (see also FStar.ModifiesGen.fst(1768,8-1768,36))
FStar.ModifiesGen.fst(1787,4-1787,21): (Warning 252) (Hint-replay failed): Subtyping check failed; expected type aux:
FStar.Ghost.erased (FStar.GSet.set (FStar.ModifiesGen.aloc (c b)))
{ FStar.GSet.subset (FStar.ModifiesGen.aloc_domain (c b) regions live_addrs)
(FStar.Ghost.reveal aux) /\
FStar.GSet.subset (FStar.Ghost.reveal aux)
(FStar.ModifiesGen.aloc_domain (c b) regions (fun _ -> FStar.Set.complement FStar.Set.empty))
}; got type FStar.Ghost.erased (FStar.GSet.set (FStar.ModifiesGen.aloc (c b))) (see also FStar.ModifiesGen.fst(30,8-30,71))
FStar.ModifiesGen.fst(1796,9-1796,119): (Warning 252) (Hint-replay failed): assertion failed
FStar.ModifiesGen.fst(1799,9-1799,121): (Warning 252) (Hint-replay failed): assertion failed
FStar.ModifiesGen.fst(1802,9-1802,113): (Warning 252) (Hint-replay failed): assertion failed
FStar.ModifiesGen.fst(1870,2-1876,167): (Warning 252) (Hint-replay failed): could not prove post-condition (see also FStar.ModifiesGen.fsti(1008,2-1008,78))
LowStar.Modifies.fsti(611,2-611,42): (Warning 252) (Hint-replay failed): assertion failed (see also LowStar.Modifies.fsti(584,48-584,82))
LowStar.Modifies.fsti(625,2-625,38): (Warning 252) (Hint-replay failed): assertion failed (see also LowStar.Modifies.fsti(594,48-594,78))
LowStar.Modifies.fsti(668,2-668,38): (Warning 252) (Hint-replay failed): assertion failed (see also LowStar.Modifies.fsti(632,48-632,89))
LowStar.Modifies.fsti(683,2-683,49): (Warning 252) (Hint-replay failed): assertion failed (see also LowStar.Modifies.fsti(643,48-643,82))
LowStar.Modifies.fsti(697,2-697,45): (Warning 252) (Hint-replay failed): assertion failed (see also LowStar.Modifies.fsti(653,48-653,78))
LowStar.Buffer.fst(454,4-454,10): (Warning 252) (Hint-replay failed): assertion failed (see also LowStar.Buffer.fst(454,11-454,53))
LowStar.Buffer.fst(462,2-468,42): (Warning 252) (Hint-replay failed): could not prove post-condition (see also LowStar.Buffer.fsti(699,4-699,21))
LowStar.Buffer.fst(500,2-500,31): (Warning 252) (Hint-replay failed): could not prove post-condition (see also LowStar.Buffer.fsti(736,4-736,71))
LowStar.Buffer.fst(519,2-524,3): (Warning 252) (Hint-replay failed): could not prove post-condition (see also LowStar.Buffer.fst(513,4-513,43))
LowStar.Buffer.fst(533,2-537,3): (Warning 252) (Hint-replay failed): could not prove post-condition (see also LowStar.Buffer.fsti(825,4-825,55))
LowStar.Buffer.fst(540,2-547,3): (Warning 252) (Hint-replay failed): could not prove post-condition (see also LowStar.Buffer.fsti(849,4-849,47))
LowStar.Buffer.fst(550,2-557,3): (Warning 252) (Hint-replay failed): could not prove post-condition (see also LowStar.Buffer.fsti(867,4-867,34))
LowStar.Modifies.fsti(611,2-611,42): (Warning 252) (Hint-replay failed): assertion failed (see also LowStar.Modifies.fsti(584,48-584,82))
LowStar.Modifies.fsti(625,2-625,38): (Warning 252) (Hint-replay failed): assertion failed (see also LowStar.Modifies.fsti(594,48-594,78))
LowStar.Modifies.fst(157,43-157,80): (Warning 252) (Hint-replay failed): Subtyping check failed; expected type 
l1: LowStar.Modifies.loc ->
l2: LowStar.Modifies.loc ->
h: FStar.Monotonic.HyperStack.mem ->
h': FStar.Monotonic.HyperStack.mem ->
x: FStar.Monotonic.HyperHeap.rid ->
Prims.Lemma Prims.unit; got type 
l1: FStar.ModifiesGen.loc LowStar.Modifies.cls ->
l2: FStar.ModifiesGen.loc LowStar.Modifies.cls ->
h: FStar.Monotonic.HyperStack.mem ->
h': FStar.Monotonic.HyperStack.mem ->
r: FStar.Monotonic.HyperHeap.rid ->
Prims.Lemma Prims.unit (see also FStar.ModifiesGen.fsti(658,104-658,145))
LowStar.Modifies.fst(159,54-159,101): (Warning 252) (Hint-replay failed): Subtyping check failed; expected type 
l1: LowStar.Modifies.loc ->
l2: LowStar.Modifies.loc ->
h: FStar.Monotonic.HyperStack.mem ->
h': FStar.Monotonic.HyperStack.mem ->
x: FStar.Monotonic.HyperStack.mreference t pre ->
Prims.Lemma Prims.unit; got type 
l1: FStar.ModifiesGen.loc LowStar.Modifies.cls ->
l2: FStar.ModifiesGen.loc LowStar.Modifies.cls ->
h: FStar.Monotonic.HyperStack.mem ->
h': FStar.Monotonic.HyperStack.mem ->
r: FStar.Monotonic.HyperStack.mreference t pre ->
Prims.Lemma Prims.unit (see also FStar.ModifiesGen.fsti(669,104-669,138))
LowStar.Modifies.fst(162,5-162,44): (Warning 252) (Hint-replay failed): assertion failed (see also FStar.ModifiesGen.fsti(680,104-680,135))
LowStar.Modifies.fsti(668,2-668,38): (Warning 252) (Hint-replay failed): assertion failed (see also LowStar.Modifies.fsti(632,48-632,89))
LowStar.Modifies.fsti(683,2-683,49): (Warning 252) (Hint-replay failed): assertion failed (see also LowStar.Modifies.fsti(643,48-643,82))
LowStar.Modifies.fsti(697,2-697,45): (Warning 252) (Hint-replay failed): assertion failed (see also LowStar.Modifies.fsti(653,48-653,78))
LowStar.Modifies.fst(227,2-227,23): (Warning 252) (Hint-replay failed): assertion failed (see also LowStar.Modifies.fsti(353,59-353,77))
LowStar.BufferView.fst(79,31-79,33): (Warning 252) (Hint-replay failed): Subtyping check failed; expected type FStar.Seq.Properties.lseq (FStar.Pervasives.dfst vb)
(LowStar.Buffer.length (LowStar.BufferView.as_buffer vb)); got type FStar.Seq.Base.seq (FStar.Pervasives.dfst vb) (see also FStar.Seq.Properties.fst(24,19-24,36))
LowStar.BufferView.fst(84,4-98,24): (Warning 252) (Hint-replay failed): could not prove post-condition (see also LowStar.BufferView.fst(82,11-82,41))
LowStar.BufferView.fst(156,38-156,40): (Warning 252) (Hint-replay failed): Subtyping check failed; expected type FStar.Seq.Properties.lseq (FStar.Pervasives.dfst vb)
(LowStar.Buffer.length (LowStar.BufferView.as_buffer vb)); got type FStar.Seq.Base.seq (FStar.Pervasives.dfst vb) (see also FStar.Seq.Properties.fst(24,19-24,36))
FStar.Pointer.Derived1.fst(118,2-118,8): (Warning 252) (Hint-replay failed): assertion failed (see also FStar.Pointer.Derived1.fst(118,9-118,104))
FStar.Pointer.Derived1.fst(168,2-168,8): (Warning 252) (Hint-replay failed): assertion failed (see also FStar.Pointer.Derived1.fst(168,9-168,91))
FStar.Pointer.Derived1.fst(171,2-171,23): (Warning 252) (Hint-replay failed): assertion failed (see also FStar.Pointer.Base.fsti(1493,5-1493,45))
FStar.Buffer.fst(740,4-740,6): (Warning 252) (Hint-replay failed): could not prove post-condition (see also FStar.Buffer.fst(738,12-738,35))
FStar.Buffer.fst(765,4-765,6): (Warning 252) (Hint-replay failed): could not prove post-condition (see also FStar.Buffer.fst(763,12-763,37))
FStar.Buffer.fst(806,2-806,8): (Warning 252) (Hint-replay failed): assertion failed (see also FStar.Buffer.fst(806,9-806,43))
FStar.Buffer.fst(841,2-841,8): (Warning 252) (Hint-replay failed): assertion failed (see also FStar.Buffer.fst(841,9-841,43))
FStar.Buffer.fst(848,4-850,56): (Warning 252) (Hint-replay failed): could not prove post-condition (see also FStar.Buffer.fst(847,12-847,80))
FStar.Buffer.fst(865,4-874,5): (Warning 252) (Hint-replay failed): could not prove post-condition (see also FStar.Buffer.fst(854,7-854,16))
FStar.Buffer.fst(960,4-961,44): (Warning 252) (Hint-replay failed): could not prove post-condition (see also FStar.Buffer.fst(959,7-959,35))
FStar.Buffer.fst(992,28-992,48): (Warning 252) (Hint-replay failed): could not prove post-condition (see also FStar.Buffer.fst(990,7-990,81))
FStar.Buffer.fst(1006,6-1006,20): (Warning 252) (Hint-replay failed): assertion failed (see also FStar.Seq.Base.fst(214,16-214,37))
FStar.Buffer.fst(1301,4-1301,6): (Warning 252) (Hint-replay failed): could not prove post-condition (see also FStar.Buffer.fst(1299,13-1299,31))
FStar.Modifies.fsti(470,2-470,42): (Warning 252) (Hint-replay failed): assertion failed (see also FStar.Modifies.fsti(443,48-443,82))
FStar.Modifies.fsti(484,2-484,38): (Warning 252) (Hint-replay failed): assertion failed (see also FStar.Modifies.fsti(453,48-453,78))
FStar.Modifies.fsti(527,2-527,38): (Warning 252) (Hint-replay failed): assertion failed (see also FStar.Modifies.fsti(491,48-491,89))
FStar.Modifies.fsti(542,2-542,49): (Warning 252) (Hint-replay failed): assertion failed (see also FStar.Modifies.fsti(502,48-502,82))
FStar.Modifies.fsti(556,2-556,45): (Warning 252) (Hint-replay failed): assertion failed (see also FStar.Modifies.fsti(512,48-512,78))
FStar.ConstantTime.Integers.fsti(142,30-142,41): (Warning 252) (Hint-replay failed): Subtyping check failed; expected type FStar.ConstantTime.Integers.sw; got type FStar.Integers.signed_width (see also FStar.ConstantTime.Integers.fsti(20,19-20,45))
FStar.ConstantTime.Integers.fsti(156,34-156,45): (Warning 252) (Hint-replay failed): Subtyping check failed; expected type y:
FStar.Integers.int_t (FStar.ConstantTime.Integers.sw_qual q)
{ (match
(match q with
| FStar.ConstantTime.Integers.Secret _ sw -> sw
| FStar.ConstantTime.Integers.Public sw -> sw),
(match
match
match q with
| FStar.ConstantTime.Integers.Secret _ sw -> sw
| FStar.ConstantTime.Integers.Public sw -> sw
with
| FStar.Integers.Signed w -> w
| FStar.Integers.Unsigned w -> w
with
| FStar.Integers.W8 -> FStar.Pervasives.Native.Some 8
| FStar.Integers.W16 -> FStar.Pervasives.Native.Some 16
| FStar.Integers.W31 -> FStar.Pervasives.Native.Some 31
| FStar.Integers.W32 -> FStar.Pervasives.Native.Some 32
| FStar.Integers.W63 -> FStar.Pervasives.Native.Some 63
| FStar.Integers.W64 -> FStar.Pervasives.Native.Some 64
| FStar.Integers.W128 -> FStar.Pervasives.Native.Some 128
| FStar.Integers.Winfinite -> FStar.Pervasives.Native.None)
with
| FStar.Integers.Signed _, FStar.Pervasives.Native.None  -> Prims.l_True
| FStar.Integers.Signed _, FStar.Pervasives.Native.Some n ->
FStar.Int.size (FStar.Integers.v (FStar.ConstantTime.Integers.as_public x) +
FStar.Integers.v y)
n
| FStar.Integers.Unsigned _, FStar.Pervasives.Native.Some n ->
FStar.UInt.size (FStar.Integers.v (FStar.ConstantTime.Integers.as_public x) +
FStar.Integers.v y)
n)
<:
Type0 }; got type FStar.Integers.int_t (FStar.ConstantTime.Integers.sw_qual q) (see also FStar.Integers.fst(73,26-73,45))
FStar.ConstantTime.Integers.fsti(167,22-167,60): (Warning 252) (Hint-replay failed): Subtyping check failed; expected type FStar.ConstantTime.Integers.t q; got type z:
FStar.ConstantTime.Integers.secret_int (FStar.ConstantTime.Integers.label_qual q)
(FStar.ConstantTime.Integers.sw_qual q)
{ FStar.ConstantTime.Integers.m z ==
FStar.ConstantTime.Integers.m (FStar.ConstantTime.Integers.as_secret x) +%
FStar.ConstantTime.Integers.m (FStar.ConstantTime.Integers.as_secret y) }
FStar.ConstantTime.Integers.fsti(175,83-175,95): (Warning 252) (Hint-replay failed): Subtyping check failed; expected type FStar.ConstantTime.Integers.t (FStar.ConstantTime.Integers.Secret FStar.ConstantTime.Integers.hi
(FStar.Integers.Unsigned (FStar.Integers.W32))); got type y:
FStar.ConstantTime.Integers.secret_int (FStar.IFC.lub FStar.ConstantTime.Integers.hi
FStar.ConstantTime.Integers.lo)
(FStar.Integers.Unsigned (FStar.Integers.W32))
{FStar.ConstantTime.Integers.reveal y == FStar.ConstantTime.Integers.reveal y} (see also FStar.ConstantTime.Integers.fsti(173,56-173,60))
FStar.ConstantTime.Integers.fsti(176,103-176,115): (Warning 252) (Hint-replay failed): Subtyping check failed; expected type FStar.ConstantTime.Integers.t (FStar.ConstantTime.Integers.Secret FStar.ConstantTime.Integers.hi
(FStar.Integers.Unsigned (FStar.Integers.W32))); got type y:
FStar.ConstantTime.Integers.secret_int (FStar.IFC.lub FStar.ConstantTime.Integers.hi
FStar.ConstantTime.Integers.lo)
(FStar.Integers.Unsigned (FStar.Integers.W32))
{FStar.ConstantTime.Integers.reveal y == FStar.ConstantTime.Integers.reveal x} (see also FStar.ConstantTime.Integers.fsti(173,56-173,60))
FStar.ConstantTime.Integers.fst(53,6-55,22): (Warning 252) (Hint-replay failed): Subtyping check failed; expected type z:
FStar.ConstantTime.Integers.secret_int l s
{ FStar.ConstantTime.Integers.m z ==
FStar.ConstantTime.Integers.m x + FStar.ConstantTime.Integers.m y }; got type FStar.IFC.protected (FStar.IFC.lub l (FStar.IFC.lub l l)) (FStar.Integers.int_t s) (see also FStar.ConstantTime.Integers.fst(49,19-49,20))
FStar.ConstantTime.Integers.fst(63,6-65,23): (Warning 252) (Hint-replay failed): Subtyping check failed; expected type z:
FStar.ConstantTime.Integers.secret_int l sw
{ FStar.ConstantTime.Integers.m z ==
FStar.ConstantTime.Integers.m x +% FStar.ConstantTime.Integers.m y }; got type FStar.IFC.protected (FStar.IFC.lub l (FStar.IFC.lub l l)) (FStar.Integers.int_t sw) (see also FStar.ConstantTime.Integers.fst(58,19-58,20))
FStar.ConstantTime.Integers.fsti(142,30-142,41): (Warning 252) (Hint-replay failed): Subtyping check failed; expected type FStar.ConstantTime.Integers.sw; got type FStar.Integers.signed_width (see also FStar.ConstantTime.Integers.fsti(20,19-20,45))
FStar.ConstantTime.Integers.fsti(156,34-156,45): (Warning 252) (Hint-replay failed): Subtyping check failed; expected type y:
FStar.Integers.int_t (FStar.ConstantTime.Integers.sw_qual q)
{ (match
(match q with
| FStar.ConstantTime.Integers.Secret _ sw -> sw
| FStar.ConstantTime.Integers.Public sw -> sw),
(match
match
match q with
| FStar.ConstantTime.Integers.Secret _ sw -> sw
| FStar.ConstantTime.Integers.Public sw -> sw
with
| FStar.Integers.Signed w -> w
| FStar.Integers.Unsigned w -> w
with
| FStar.Integers.W8 -> FStar.Pervasives.Native.Some 8
| FStar.Integers.W16 -> FStar.Pervasives.Native.Some 16
| FStar.Integers.W31 -> FStar.Pervasives.Native.Some 31
| FStar.Integers.W32 -> FStar.Pervasives.Native.Some 32
| FStar.Integers.W63 -> FStar.Pervasives.Native.Some 63
| FStar.Integers.W64 -> FStar.Pervasives.Native.Some 64
| FStar.Integers.W128 -> FStar.Pervasives.Native.Some 128
| FStar.Integers.Winfinite -> FStar.Pervasives.Native.None)
with
| FStar.Integers.Signed _, FStar.Pervasives.Native.None  -> Prims.l_True
| FStar.Integers.Signed _, FStar.Pervasives.Native.Some n ->
FStar.Int.size (FStar.Integers.v (FStar.ConstantTime.Integers.as_public x) +
FStar.Integers.v y)
n
| FStar.Integers.Unsigned _, FStar.Pervasives.Native.Some n ->
FStar.UInt.size (FStar.Integers.v (FStar.ConstantTime.Integers.as_public x) +
FStar.Integers.v y)
n)
<:
Type0 }; got type FStar.Integers.int_t (FStar.ConstantTime.Integers.sw_qual q) (see also FStar.Integers.fst(73,26-73,45))
FStar.ConstantTime.Integers.fsti(167,22-167,60): (Warning 252) (Hint-replay failed): Subtyping check failed; expected type FStar.ConstantTime.Integers.t q; got type z:
FStar.ConstantTime.Integers.secret_int (FStar.ConstantTime.Integers.label_qual q)
(FStar.ConstantTime.Integers.sw_qual q)
{ FStar.ConstantTime.Integers.m z ==
FStar.ConstantTime.Integers.m (FStar.ConstantTime.Integers.as_secret x) +%
FStar.ConstantTime.Integers.m (FStar.ConstantTime.Integers.as_secret y) }
FStar.ConstantTime.Integers.fsti(175,83-175,95): (Warning 252) (Hint-replay failed): Subtyping check failed; expected type FStar.ConstantTime.Integers.t (FStar.ConstantTime.Integers.Secret FStar.ConstantTime.Integers.hi
(FStar.Integers.Unsigned (FStar.Integers.W32))); got type y:
FStar.ConstantTime.Integers.secret_int (FStar.IFC.lub FStar.ConstantTime.Integers.hi
FStar.ConstantTime.Integers.lo)
(FStar.Integers.Unsigned (FStar.Integers.W32))
{FStar.ConstantTime.Integers.reveal y == FStar.ConstantTime.Integers.reveal y} (see also FStar.ConstantTime.Integers.fsti(173,56-173,60))
FStar.ConstantTime.Integers.fsti(176,103-176,115): (Warning 252) (Hint-replay failed): Subtyping check failed; expected type FStar.ConstantTime.Integers.t (FStar.ConstantTime.Integers.Secret FStar.ConstantTime.Integers.hi
(FStar.Integers.Unsigned (FStar.Integers.W32))); got type y:
FStar.ConstantTime.Integers.secret_int (FStar.IFC.lub FStar.ConstantTime.Integers.hi
FStar.ConstantTime.Integers.lo)
(FStar.Integers.Unsigned (FStar.Integers.W32))
{FStar.ConstantTime.Integers.reveal y == FStar.ConstantTime.Integers.reveal x} (see also FStar.ConstantTime.Integers.fsti(173,56-173,60))
FStar.Modifies.fst(114,2-114,4): (Warning 252) (Hint-replay failed): could not prove post-condition (see also FStar.Modifies.fst(113,11-113,41))
FStar.Modifies.fsti(470,2-470,42): (Warning 252) (Hint-replay failed): assertion failed (see also FStar.Modifies.fsti(443,48-443,82))
FStar.Modifies.fsti(484,2-484,38): (Warning 252) (Hint-replay failed): assertion failed (see also FStar.Modifies.fsti(453,48-453,78))
FStar.Modifies.fst(285,43-285,80): (Warning 252) (Hint-replay failed): Subtyping check failed; expected type 
l1: FStar.Modifies.loc ->
l2: FStar.Modifies.loc ->
h: FStar.Monotonic.HyperStack.mem ->
h': FStar.Monotonic.HyperStack.mem ->
x: FStar.Monotonic.HyperHeap.rid ->
Prims.Lemma Prims.unit; got type 
l1: FStar.ModifiesGen.loc FStar.Modifies.cls ->
l2: FStar.ModifiesGen.loc FStar.Modifies.cls ->
h: FStar.Monotonic.HyperStack.mem ->
h': FStar.Monotonic.HyperStack.mem ->
r: FStar.Monotonic.HyperHeap.rid ->
Prims.Lemma Prims.unit (see also FStar.ModifiesGen.fsti(658,104-658,145))
FStar.Modifies.fst(287,54-287,101): (Warning 252) (Hint-replay failed): Subtyping check failed; expected type 
l1: FStar.Modifies.loc ->
l2: FStar.Modifies.loc ->
h: FStar.Monotonic.HyperStack.mem ->
h': FStar.Monotonic.HyperStack.mem ->
x: FStar.Monotonic.HyperStack.mreference t pre ->
Prims.Lemma Prims.unit; got type 
l1: FStar.ModifiesGen.loc FStar.Modifies.cls ->
l2: FStar.ModifiesGen.loc FStar.Modifies.cls ->
h: FStar.Monotonic.HyperStack.mem ->
h': FStar.Monotonic.HyperStack.mem ->
r: FStar.Monotonic.HyperStack.mreference t pre ->
Prims.Lemma Prims.unit (see also FStar.ModifiesGen.fsti(669,104-669,138))
FStar.Modifies.fst(290,5-290,44): (Warning 252) (Hint-replay failed): assertion failed (see also FStar.ModifiesGen.fsti(680,104-680,135))
FStar.Modifies.fsti(527,2-527,38): (Warning 252) (Hint-replay failed): assertion failed (see also FStar.Modifies.fsti(491,48-491,89))
FStar.Modifies.fsti(542,2-542,49): (Warning 252) (Hint-replay failed): assertion failed (see also FStar.Modifies.fsti(502,48-502,82))
FStar.Modifies.fsti(556,2-556,45): (Warning 252) (Hint-replay failed): assertion failed (see also FStar.Modifies.fsti(512,48-512,78))
LowStar.ToFStarBuffer.fst(247,2-247,4): (Warning 252) (Hint-replay failed): could not prove post-condition (see also LowStar.ToFStarBuffer.fst(246,11-246,45))
LowStar.ToFStarBuffer.fst(256,2-256,4): (Warning 252) (Hint-replay failed): could not prove post-condition (see also LowStar.ToFStarBuffer.fst(255,11-255,51))
LowStar.ToFStarBuffer.fst(266,2-266,4): (Warning 252) (Hint-replay failed): could not prove post-condition (see also LowStar.ToFStarBuffer.fst(265,11-265,90))
LowStar.ToFStarBuffer.fst(285,2-286,19): (Warning 252) (Hint-replay failed): could not prove post-condition (see also LowStar.ToFStarBuffer.fst(281,13-281,49))
LowStar.ToFStarBuffer.fst(325,2-327,40): (Warning 252) (Hint-replay failed): could not prove post-condition (see also LowStar.ToFStarBuffer.fst(316,4-316,44))
LowStar.ToFStarBuffer.fst(341,2-342,19): (Warning 252) (Hint-replay failed): could not prove post-condition (see also LowStar.ToFStarBuffer.fst(337,4-337,42))
Unable to open hints file: C:\build\agent1\_work\6\s\kremlin\kremlib\Spec.Loops.fst.hints; ran without hints
Unable to open hints file: C:\build\agent1\_work\6\s\kremlin\kremlib\FStar.Kremlin.Endianness.fst.hints; ran without hints
Unable to open hints file: C:\build\agent1\_work\6\s\kremlin\kremlib\C.Endianness.fst.hints; ran without hints
Unable to open hints file: C:\build\agent1\_work\6\s\kremlin\kremlib\C.fst.hints; ran without hints
Unable to open hints file: C:\build\agent1\_work\6\s\kremlin\kremlib\C.String.fst.hints; ran without hints
Unable to open hints file: C:\build\agent1\_work\6\s\kremlin\kremlib\C.Failure.fst.hints; ran without hints
Unable to open hints file: C:\build\agent1\_work\6\s\kremlin\kremlib\C.Loops.fst.hints; ran without hints
LowParse.Spec.Base.fst(750,2-750,8): (Warning 252) (Hint-replay failed): assertion failed (see also LowParse.Spec.Base.fst(750,9-750,22))
LowParse.TestLib.SLow.fst(22,2-41,13): (Warning 252) (Hint-replay failed): could not prove post-condition (see also FStar.HyperStack.ST.fst(237,91-237,109))
LowParse.TestLib.SLow.fst(45,2-48,13): (Warning 252) (Hint-replay failed): could not prove post-condition (see also FStar.HyperStack.ST.fst(237,91-237,109))
LowParse.TestLib.SLow.fst(52,2-55,13): (Warning 252) (Hint-replay failed): could not prove post-condition (see also FStar.HyperStack.ST.fst(237,91-237,109))
LowParse.SLow.Base.fst(42,2-42,4): (Warning 252) (Hint-replay failed): could not prove post-condition (see also LowParse.SLow.Base.fst(41,66-41,100))
LowParse.SLow.Base.fst(54,2-54,4): (Warning 252) (Hint-replay failed): could not prove post-condition (see also LowParse.SLow.Base.fst(52,26-52,60))
LowParse.Slice.fst(214,27-214,81): (Warning 252) (Hint-replay failed): could not prove post-condition (see also LowParse.Slice.fst(213,24-213,76))
LowParse.Slice.fst(329,2-329,4): (Warning 252) (Hint-replay failed): could not prove post-condition (see also LowParse.Slice.fst(328,11-328,29))
LowParse.TestLib.Low.fst(58,2-75,13): (Warning 252) (Hint-replay failed): could not prove post-condition (see also FStar.HyperStack.ST.fst(237,91-237,109))
LowParse.TestLib.Low.fst(79,2-82,13): (Warning 252) (Hint-replay failed): could not prove post-condition (see also FStar.HyperStack.ST.fst(237,91-237,109))
LowParse.BigEndianImpl.Low.fst(243,2-246,36): (Warning 252) (Hint-replay failed): could not prove post-condition (see also LowParse.BigEndianImpl.Low.fst(241,4-241,33))
LowParse.BigEndianImpl.Low.fst(268,2-275,36): (Warning 252) (Hint-replay failed): could not prove post-condition (see also LowParse.BigEndianImpl.Low.fst(266,4-266,33))
LowParse.BigEndianImpl.Low.fst(297,2-306,36): (Warning 252) (Hint-replay failed): could not prove post-condition (see also LowParse.BigEndianImpl.Low.fst(295,4-295,33))
LowParse.BigEndianImpl.Low.fst(328,2-339,36): (Warning 252) (Hint-replay failed): could not prove post-condition (see also LowParse.BigEndianImpl.Low.fst(326,4-326,33))
LowParse.Spec.Combinators.fst(181,2-181,12): (Warning 252) (Hint-replay failed): assertion failed (see also LowParse.Spec.Base.fst(479,12-479,34))
LowParse.Spec.Combinators.fst(382,70-382,74): (Warning 252) (Hint-replay failed): Subtyping check failed; expected type j: Prims.nat{0 <= j && j <= FStar.Seq.Base.length (FStar.Seq.Base.slice x' 0 off_x')}; got type LowParse.Spec.Base.consumed_length x (see also LowParse.Spec.Combinators.fst(379,18-379,22))
LowParse.Spec.Combinators.fst(380,3-380,9): (Warning 252) assertion failed (see also LowParse.Spec.Combinators.fst(380,10-380,23))
LowParse.Spec.Combinators.fst(534,2-534,8): (Warning 252) (Hint-replay failed): assertion failed (see also LowParse.Spec.Combinators.fst(534,9-534,72))
LowParse.Spec.FLData.fst(41,4-41,72): (Warning 252) (Hint-replay failed): could not prove post-condition (see also LowParse.Spec.FLData.fst(40,13-40,60))
LowParse.Spec.FLData.fst(125,2-125,41): (Warning 252) (Hint-replay failed): could not prove post-condition (see also LowParse.Spec.FLData.fst(124,11-124,44))
LowParse.Spec.Int.Aux.fst(35,2-35,4): (Warning 252) (Hint-replay failed): could not prove post-condition (see also LowParse.Spec.Int.Aux.fst(33,4-33,41))
LowParse.Spec.Seq.fst(114,2-115,49): (Warning 252) (Hint-replay failed): could not prove post-condition (see also LowParse.Spec.Seq.fst(110,4-110,70))
LowParse.SLow.Combinators.fst(55,21-55,26): (Warning 252) (Hint-replay failed): Subtyping check failed; expected type j: Prims.nat{FStar.UInt32.v l <= j && j <= FStar.Seq.Base.length (FStar.Bytes.reveal input)}; got type FStar.UInt.uint_t FStar.UInt32.n (see also FStar.Bytes.fsti(146,56-146,65))
LowParse.SLow.Combinators.fst(109,36-109,52): (Warning 252) (Hint-replay failed): Subtyping check failed; expected type LowParse.Spec.Base.consumed_length (FStar.Bytes.reveal xbytes); got type FStar.UInt.uint_t FStar.UInt32.n (see also LowParse.Spec.Base.fst(22,55-22,72))
LowParse.Low.Combinators.fst(66,2-66,15): (Warning 252) (Hint-replay failed): assertion failed (see also FStar.HyperStack.ST.fst(237,115-237,121))
LowParse.Low.Combinators.fst(130,15-130,22): (Warning 252) (Hint-replay failed): assertion failed (see also FStar.HyperStack.ST.fst(237,115-237,121))
LowParse.Low.Combinators.fst(152,4-152,19): (Warning 252) (Hint-replay failed): assertion failed (see also FStar.HyperStack.ST.fst(237,115-237,121))
LowParse.Spec.VLData.fst(486,2-486,8): (Warning 252) (Hint-replay failed): assertion failed (see also LowParse.Spec.VLData.fst(486,9-486,60))
LowParse.Spec.Sum.fst(32,6-32,14): (Warning 252) (Hint-replay failed): assertion failed (see also LowParse.Spec.Combinators.fst(491,12-493,3))
LowParse.SLow.List.fst(69,13-69,18): (Warning 252) (Hint-replay failed): Subtyping check failed; expected type j: Prims.nat{FStar.UInt32.v n <= j && j <= FStar.Seq.Base.length (FStar.Bytes.reveal b)}; got type FStar.UInt.uint_t FStar.UInt32.n (see also FStar.Bytes.fsti(146,56-146,65))
LowParse.Low.Array.fst(40,2-45,5): (Warning 252) (Hint-replay failed): could not prove post-condition (see also LowParse.Low.Array.fst(29,4-29,10))
LowParse.Low.Bytes.fst(11,34-11,36): (Warning 252) (Hint-replay failed): Subtyping check failed; expected type sz: Prims.nat{sz < 4294967296}; got type Prims.nat (see also LowParse.Spec.Bytes.fst(28,13-28,28))
LowParse.Low.Bytes.fst(42,2-42,17): (Warning 252) (Hint-replay failed): could not prove post-condition (see also LowParse.Low.Bytes.fst(40,4-40,21))
LowParse.Low.Bytes.fst(53,2-53,19): (Warning 252) (Hint-replay failed): assertion failed (see also FStar.HyperStack.ST.fst(237,115-237,121))
LowParse.SLow.Sum.fst(250,23-250,31): (Warning 252) (Hint-replay failed): assertion failed (see also LowParse.Bytes32.fst(14,13-14,31))
LowParseExample3.fst(65,2-72,13): (Warning 252) (Hint-replay failed): could not prove post-condition (see also FStar.HyperStack.ST.fst(237,91-237,109))
LowParseExample.Aux.fst(304,14-304,26): (Warning 252) (Hint-replay failed): Subtyping check failed; expected type y:
LowParse.Spec.Sum.sum_key_type LowParseExample.Aux.t_sum
{y == LowParse.Spec.Sum.sum_tag_of_data LowParseExample.Aux.t_sum x}; got type LowParseExample.Aux.cases (see also LowParse.SLow.Tac.Sum.fst(121,61-121,105))
LowParseExample.Aux.fst(304,14-304,26): (Warning 252) (Hint-replay failed): Subtyping check failed; expected type y:
LowParse.Spec.Sum.sum_key_type LowParseExample.Aux.t_sum
{y == LowParse.Spec.Sum.sum_tag_of_data LowParseExample.Aux.t_sum x}; got type LowParseExample.Aux.cases (see also LowParse.SLow.Tac.Sum.fst(121,61-121,105))
LowParseExample.Aux.fst(304,14-304,26): (Warning 252) (Hint-replay failed): Subtyping check failed; expected type y:
LowParse.Spec.Sum.sum_key_type LowParseExample.Aux.t_sum
{y == LowParse.Spec.Sum.sum_tag_of_data LowParseExample.Aux.t_sum x}; got type LowParseExample.Aux.cases (see also LowParse.SLow.Sum.fst(549,61-549,105))
Unable to open hints file: C:\build\agent1\_work\6\s\quackyducky\out\QD.Parse_preSharedKeyExtension.fsti.hints; ran without hints
Unable to open hints file: C:\build\agent1\_work\6\s\quackyducky\out\QD.Parse_supportedVersions.fsti.hints; ran without hints
Unable to open hints file: C:\build\agent1\_work\6\s\quackyducky\out\QD.Parse_protocolVersion.fsti.hints; ran without hints
Unable to open hints file: C:\build\agent1\_work\6\s\quackyducky\out\QD.Parse_cipherSuite.fsti.hints; ran without hints
Unable to open hints file: C:\build\agent1\_work\6\s\quackyducky\out\QD.Parse_random.fsti.hints; ran without hints
Unable to open hints file: C:\build\agent1\_work\6\s\quackyducky\out\QD.Parse_pskIdentity.fsti.hints; ran without hints
Unable to open hints file: C:\build\agent1\_work\6\s\quackyducky\out\QD.Parse_distinguishedName.fsti.hints; ran without hints
Unable to open hints file: C:\build\agent1\_work\6\s\quackyducky\out\QD.Parse_oIDFilter.fsti.hints; ran without hints
Unable to open hints file: C:\build\agent1\_work\6\s\quackyducky\out\QD.Parse_pskKeyExchangeMode.fsti.hints; ran without hints
Unable to open hints file: C:\build\agent1\_work\6\s\quackyducky\out\QD.Parse_contentType.fsti.hints; ran without hints
Unable to open hints file: C:\build\agent1\_work\6\s\quackyducky\out\QD.Parse_alertLevel.fsti.hints; ran without hints
Unable to open hints file: C:\build\agent1\_work\6\s\quackyducky\out\QD.Parse_namedGroup.fsti.hints; ran without hints
Unable to open hints file: C:\build\agent1\_work\6\s\quackyducky\out\QD.Parse_keyUpdateRequest.fsti.hints; ran without hints
Unable to open hints file: C:\build\agent1\_work\6\s\quackyducky\out\QD.Parse_certificateType.fsti.hints; ran without hints
Unable to open hints file: C:\build\agent1\_work\6\s\quackyducky\out\QD.Parse_earlyDataIndication.fsti.hints; ran without hints
Unable to open hints file: C:\build\agent1\_work\6\s\quackyducky\out\QD.Parse_signatureScheme.fsti.hints; ran without hints
Unable to open hints file: C:\build\agent1\_work\6\s\quackyducky\out\QD.Parse_cookie.fsti.hints; ran without hints
Unable to open hints file: C:\build\agent1\_work\6\s\quackyducky\out\QD.Parse_pskBinderEntry.fsti.hints; ran without hints
Unable to open hints file: C:\build\agent1\_work\6\s\quackyducky\out\QD.Parse_extensionType.fsti.hints; ran without hints
Unable to open hints file: C:\build\agent1\_work\6\s\quackyducky\out\QD.Parse_certificateAuthoritiesExtension.fsti.hints; ran without hints
Unable to open hints file: C:\build\agent1\_work\6\s\quackyducky\out\QD.Parse_oIDFilterExtension.fsti.hints; ran without hints
Unable to open hints file: C:\build\agent1\_work\6\s\quackyducky\out\QD.Parse_pskKeyExchangeModes.fsti.hints; ran without hints
Unable to open hints file: C:\build\agent1\_work\6\s\quackyducky\out\QD.Parse_tLSPlaintext.fsti.hints; ran without hints
Unable to open hints file: C:\build\agent1\_work\6\s\quackyducky\out\QD.Parse_handshakeType.fsti.hints; ran without hints
Unable to open hints file: C:\build\agent1\_work\6\s\quackyducky\out\QD.Parse_tLSCiphertext.fsti.hints; ran without hints
Unable to open hints file: C:\build\agent1\_work\6\s\quackyducky\out\QD.Parse_keyShareHelloRetryRequest.fsti.hints; ran without hints
Unable to open hints file: C:\build\agent1\_work\6\s\quackyducky\out\QD.Parse_keyUpdate.fsti.hints; ran without hints
Unable to open hints file: C:\build\agent1\_work\6\s\quackyducky\out\QD.Parse_keyShareEntry.fsti.hints; ran without hints
Unable to open hints file: C:\build\agent1\_work\6\s\quackyducky\out\QD.Parse_namedGroupList.fsti.hints; ran without hints
Unable to open hints file: C:\build\agent1\_work\6\s\quackyducky\out\QD.Parse_signatureSchemeList.fsti.hints; ran without hints
Unable to open hints file: C:\build\agent1\_work\6\s\quackyducky\out\QD.Parse_certificateVerify.fsti.hints; ran without hints
Unable to open hints file: C:\build\agent1\_work\6\s\quackyducky\out\QD.Parse_extension.fsti.hints; ran without hints
Unable to open hints file: C:\build\agent1\_work\6\s\quackyducky\out\QD.Parse_offeredPsks.fsti.hints; ran without hints
Unable to open hints file: C:\build\agent1\_work\6\s\quackyducky\out\QD.Parse_handshake.fsti.hints; ran without hints
Unable to open hints file: C:\build\agent1\_work\6\s\quackyducky\out\QD.Parse_keyShareServerHello.fsti.hints; ran without hints
Unable to open hints file: C:\build\agent1\_work\6\s\quackyducky\out\QD.Parse_keyShareClientHello.fsti.hints; ran without hints
Unable to open hints file: C:\build\agent1\_work\6\s\quackyducky\out\QD.Parse_encryptedExtensions.fsti.hints; ran without hints
Unable to open hints file: C:\build\agent1\_work\6\s\quackyducky\out\QD.Parse_certificateEntry.fsti.hints; ran without hints
Unable to open hints file: C:\build\agent1\_work\6\s\quackyducky\out\QD.Parse_newSessionTicket.fsti.hints; ran without hints
Unable to open hints file: C:\build\agent1\_work\6\s\quackyducky\out\QD.Parse_certificateRequest.fsti.hints; ran without hints
Unable to open hints file: C:\build\agent1\_work\6\s\quackyducky\out\QD.Parse_serverHello.fsti.hints; ran without hints
Unable to open hints file: C:\build\agent1\_work\6\s\quackyducky\out\QD.Parse_clientHello.fsti.hints; ran without hints
Unable to open hints file: C:\build\agent1\_work\6\s\quackyducky\out\QD.Parse_supportedVersions.fst.hints; ran without hints
Unable to open hints file: C:\build\agent1\_work\6\s\quackyducky\out\QD.Parse_keyShareHelloRetryRequest.fst.hints; ran without hints
Unable to open hints file: C:\build\agent1\_work\6\s\quackyducky\out\QD.Parse_protocolVersion.fst.hints; ran without hints
Unable to open hints file: C:\build\agent1\_work\6\s\quackyducky\out\QD.Parse_cookie.fst.hints; ran without hints
Unable to open hints file: C:\build\agent1\_work\6\s\quackyducky\out\QD.Parse_keyShareClientHello.fst.hints; ran without hints
Unable to open hints file: C:\build\agent1\_work\6\s\quackyducky\out\QD.Parse_signatureSchemeList.fst.hints; ran without hints
Unable to open hints file: C:\build\agent1\_work\6\s\quackyducky\out\QD.Parse_handshake.fst.hints; ran without hints
Unable to open hints file: C:\build\agent1\_work\6\s\quackyducky\out\QD.Parse_oIDFilter.fst.hints; ran without hints
Unable to open hints file: C:\build\agent1\_work\6\s\quackyducky\out\QD.Parse_pskKeyExchangeModes.fst.hints; ran without hints
Unable to open hints file: C:\build\agent1\_work\6\s\quackyducky\out\QD.Parse_pskIdentity.fst.hints; ran without hints
Unable to open hints file: C:\build\agent1\_work\6\s\quackyducky\out\QD.Parse_encryptedExtensions.fst.hints; ran without hints
Unable to open hints file: C:\build\agent1\_work\6\s\quackyducky\out\QD.Parse_tLSPlaintext.fst.hints; ran without hints
Unable to open hints file: C:\build\agent1\_work\6\s\quackyducky\out\QD.Parse_keyShareEntry.fst.hints; ran without hints
Unable to open hints file: C:\build\agent1\_work\6\s\quackyducky\out\QD.Parse_offeredPsks.fst.hints; ran without hints
Unable to open hints file: C:\build\agent1\_work\6\s\quackyducky\out\QD.Parse_newSessionTicket.fst.hints; ran without hints
Unable to open hints file: C:\build\agent1\_work\6\s\quackyducky\out\QD.Parse_cipherSuite.fst.hints; ran without hints
Unable to open hints file: C:\build\agent1\_work\6\s\quackyducky\out\QD.Parse_contentType.fst.hints; ran without hints
Unable to open hints file: C:\build\agent1\_work\6\s\quackyducky\out\QD.Parse_pskBinderEntry.fst.hints; ran without hints
Unable to open hints file: C:\build\agent1\_work\6\s\quackyducky\out\QD.Parse_oIDFilterExtension.fst.hints; ran without hints
Unable to open hints file: C:\build\agent1\_work\6\s\quackyducky\out\QD.Parse_earlyDataIndication.fst.hints; ran without hints
Unable to open hints file: C:\build\agent1\_work\6\s\quackyducky\out\QD.Parse_keyShareServerHello.fst.hints; ran without hints
Unable to open hints file: C:\build\agent1\_work\6\s\quackyducky\out\QD.Parse_distinguishedName.fst.hints; ran without hints
Unable to open hints file: C:\build\agent1\_work\6\s\quackyducky\out\QD.Parse_keyUpdate.fst.hints; ran without hints
Unable to open hints file: C:\build\agent1\_work\6\s\quackyducky\out\QD.Parse_preSharedKeyExtension.fst.hints; ran without hints
Unable to open hints file: C:\build\agent1\_work\6\s\quackyducky\out\QD.Parse_certificateRequest.fst.hints; ran without hints
Unable to open hints file: C:\build\agent1\_work\6\s\quackyducky\out\QD.Parse_serverHello.fst.hints; ran without hints
Unable to open hints file: C:\build\agent1\_work\6\s\quackyducky\out\QD.Parse_namedGroupList.fst.hints; ran without hints
Unable to open hints file: C:\build\agent1\_work\6\s\quackyducky\out\QD.Parse_alertLevel.fst.hints; ran without hints
Unable to open hints file: C:\build\agent1\_work\6\s\quackyducky\out\QD.Parse_certificate.fsti.hints; ran without hints
Unable to open hints file: C:\build\agent1\_work\6\s\quackyducky\out\QD.Parse_certificateType.fst.hints; ran without hints
Unable to open hints file: C:\build\agent1\_work\6\s\quackyducky\out\QD.Parse_certificateEntry.fst.hints; ran without hints
Unable to open hints file: C:\build\agent1\_work\6\s\quackyducky\out\QD.Parse_keyUpdateRequest.fst.hints; ran without hints
Unable to open hints file: C:\build\agent1\_work\6\s\quackyducky\out\QD.Parse_random.fst.hints; ran without hints
Unable to open hints file: C:\build\agent1\_work\6\s\quackyducky\out\QD.Parse_certificateVerify.fst.hints; ran without hints
Unable to open hints file: C:\build\agent1\_work\6\s\quackyducky\out\QD.Parse_signatureScheme.fst.hints; ran without hints
Unable to open hints file: C:\build\agent1\_work\6\s\quackyducky\out\QD.Parse_clientHello.fst.hints; ran without hints
Unable to open hints file: C:\build\agent1\_work\6\s\quackyducky\out\QD.Parse_tLSCiphertext.fst.hints; ran without hints
Unable to open hints file: C:\build\agent1\_work\6\s\quackyducky\out\QD.Parse_certificateAuthoritiesExtension.fst.hints; ran without hints
Unable to open hints file: C:\build\agent1\_work\6\s\quackyducky\out\QD.Parse_pskKeyExchangeMode.fst.hints; ran without hints
Unable to open hints file: C:\build\agent1\_work\6\s\quackyducky\out\QD.Parse_extension.fst.hints; ran without hints
Unable to open hints file: C:\build\agent1\_work\6\s\quackyducky\out\QD.Parse_extensionType.fst.hints; ran without hints
Unable to open hints file: C:\build\agent1\_work\6\s\quackyducky\out\QD.Parse_namedGroup.fst.hints; ran without hints
Unable to open hints file: C:\build\agent1\_work\6\s\quackyducky\out\QD.Parse_certificate.fst.hints; ran without hints
Unable to open hints file: C:\build\agent1\_work\6\s\quackyducky\out\QD.Parse_handshakeType.fst.hints; ran without hints
