LowParse.Spec.Base.fst(734,2-745,2): (Warning 252) (Hint-replay failed): assertion failed (see also LowParse.Spec.Base.fst(750,9-750,22))
LowParse.SLow.Base.fst(40,2-42,2): (Warning 252) (Hint-replay failed): could not prove post-condition (see also LowParse.SLow.Base.fst(41,66-41,100))
LowParse.SLow.Base.fst(50,2-54,2): (Warning 252) (Hint-replay failed): could not prove post-condition (see also LowParse.SLow.Base.fst(52,26-52,60))
LowParse.Spec.Combinators.fst(177,2-180,2): (Warning 252) (Hint-replay failed): assertion failed (see also LowParse.Spec.Base.fst(479,12-479,34))
LowParse.Spec.Combinators.fst(532,2-534,2): (Warning 252) (Hint-replay failed): assertion failed (see also LowParse.Spec.Combinators.fst(534,9-534,72))
LowParse.Spec.FLData.fst(34,2-36,2): (Warning 252) (Hint-replay failed): could not prove post-condition (see also LowParse.Spec.FLData.fst(40,13-40,60))
LowParse.Spec.Int.Aux.fst(27,2-35,2): (Warning 252) (Hint-replay failed): could not prove post-condition (see also LowParse.Spec.Int.Aux.fst(33,4-33,41))
LowParse.SLow.Combinators.fst(55,21-55,26): (Warning 252) (Hint-replay failed): Subtyping check failed; expected type j: Prims.nat{FStar.UInt32.v l <= j && j <= FStar.Seq.Base.length (FStar.Bytes.reveal input)}; got type FStar.UInt.uint_t FStar.UInt32.n (see also FStar.Bytes.fsti(146,56-146,65))
LowParse.SLow.Combinators.fst(109,36-109,52): (Warning 252) (Hint-replay failed): Subtyping check failed; expected type LowParse.Spec.Base.consumed_length (FStar.Bytes.reveal xbytes); got type FStar.UInt.uint_t FStar.UInt32.n (see also LowParse.Spec.Base.fst(22,55-22,72))
prims.fst(408,13-408,16): (Warning 252) (Hint-replay failed): Subtyping check failed; expected type a: Type0{Prims.hasEq a}; got type Type0 (see also prims.fst(310,29-310,36))
LowParse.Spec.Seq.fst(37,33-37,44): (Warning 252) (Hint-replay failed): Subtyping check failed; expected type a: Type0{Prims.hasEq a}; got type Type0 (see also prims.fst(310,29-310,36))
prims.fst(408,13-408,16): (Warning 252) (Hint-replay failed): Subtyping check failed; expected type a: Type0{Prims.hasEq a}; got type Type0 (see also prims.fst(310,29-310,36))
LowParse.Spec.Seq.fst(114,2-115,49): (Warning 252) (Hint-replay failed): could not prove post-condition (see also LowParse.Spec.Seq.fst(110,4-110,70))
LowParse.Spec.Seq.fst(122,20-122,30): (Warning 252) (Hint-replay failed): Subtyping check failed; expected type LowParse.Spec.Base.parser_kind; got type LowParse.Spec.Base.parser_kind' (see also LowParse.Spec.Base.fst(391,31-391,78))
LowParse.Spec.Seq.fst(134,20-134,29): (Warning 252) (Hint-replay failed): Subtyping check failed; expected type LowParse.Spec.Base.parser_kind; got type LowParse.Spec.Base.parser_kind' (see also LowParse.Spec.Base.fst(391,31-391,78))
LowParse.SLow.List.fst(69,13-69,18): (Warning 252) (Hint-replay failed): Subtyping check failed; expected type j: Prims.nat{FStar.UInt32.v n <= j && j <= FStar.Seq.Base.length (FStar.Bytes.reveal b)}; got type FStar.UInt.uint_t FStar.UInt32.n (see also FStar.Bytes.fsti(146,56-146,65))
LowParse.Spec.Sum.fst(32,2-34,3): (Warning 252) (Hint-replay failed): assertion failed (see also LowParse.Spec.Combinators.fst(491,12-493,3))
LowParse.Spec.Sum.fst(64,2-68,2): (Warning 252) (Hint-replay failed): could not prove post-condition (see also LowParse.Spec.Sum.fst(70,10-70,178))
LowParseExample2.fst(89,48-89,62): (Warning 252) (Hint-replay failed): Subtyping check failed; expected type LowParse.Spec.Base.parser_kind; got type LowParse.Spec.Base.parser_kind' (see also LowParse.Spec.Base.fst(391,31-391,78))
LowParseExample2.fst(92,53-92,64): (Warning 252) (Hint-replay failed): Subtyping check failed; expected type LowParse.Spec.Base.parser_kind; got type LowParse.Spec.Base.parser_kind' (see also LowParse.Spec.Base.fst(391,31-391,78))
LowParseExample2.fst(96,6-96,38): (Warning 252) (Hint-replay failed): Subtyping check failed; expected type LowParse.Spec.Base.parser_kind; got type LowParse.Spec.Base.parser_kind' (see also LowParse.Spec.Base.fst(391,31-391,78))
LowParseExample2.fst(101,22-101,30): (Warning 252) (Hint-replay failed): Subtyping check failed; expected type LowParse.Spec.Base.parser_kind; got type LowParse.Spec.Base.parser_kind' (see also LowParse.Spec.Base.fst(391,31-391,78))
LowParseExample2.fst(114,2-123,6): (Warning 252) (Hint-replay failed): Subtyping check failed; expected type LowParse.SLow.Base.parser32 LowParseExample2.parse_t'_spec; got type LowParse.SLow.Base.parser32 (LowParse.Spec.Combinators.parse_synth (LowParse.Spec.VLData.parse_bounded_vldata_strong 
0
255
(LowParse.Spec.List.serialize_list LowParseExample2.parse_t_spec
LowParseExample2.serialize_t_spec))
LowParseExample2.synth_t') (see also LowParseExample2.fst(111,32-111,45))
LowParseExample2.fst(130,50-130,64): (Warning 252) (Hint-replay failed): Subtyping check failed; expected type LowParse.Spec.Base.parser_kind; got type LowParse.Spec.Base.parser_kind' (see also LowParse.Spec.Base.fst(391,31-391,78))
LowParseExample2.fst(134,20-134,28): (Warning 252) (Hint-replay failed): Subtyping check failed; expected type LowParse.Spec.Base.parser_kind; got type LowParse.Spec.Base.parser_kind' (see also LowParse.Spec.Base.fst(391,31-391,78))
LowParseExample2.fst(140,2-145,6): (Warning 252) (Hint-replay failed): Subtyping check failed; expected type LowParse.Spec.Base.serializer LowParseExample2.parse_t'_spec; got type LowParse.Spec.Base.serializer (LowParse.Spec.Combinators.parse_synth (LowParse.Spec.VLData.parse_bounded_vldata_strong 
0
255
(LowParse.Spec.List.serialize_list LowParseExample2.parse_t_spec
LowParseExample2.serialize_t_spec))
LowParseExample2.synth_t') (see also LowParseExample2.fst(137,38-137,51))
LowParseExample2.fst(153,2-160,6): (Warning 252) (Hint-replay failed): Subtyping check failed; expected type LowParse.SLow.Base.serializer32 LowParseExample2.serialize_t'_spec; got type LowParse.SLow.Base.serializer32 (LowParse.Spec.Combinators.serialize_synth (LowParse.Spec.VLData.parse_bounded_vldata_strong 
0
255
(LowParse.Spec.List.serialize_list LowParseExample2.parse_t_spec
LowParseExample2.serialize_t_spec))
LowParseExample2.synth_t'
(LowParse.Spec.VLData.serialize_bounded_vldata_strong 0
255
(LowParse.Spec.List.serialize_list LowParseExample2.parse_t_spec
LowParseExample2.serialize_t_spec))
LowParseExample2.synth_t'_recip
()) (see also LowParseExample2.fst(137,38-137,51))
LowParseExample.Aux.fst(20,30-20,34): (Warning 252) (Hint-replay failed): Subtyping check failed; expected type LowParse.Spec.Enum.eqtype; got type Type0 (see also LowParse.Spec.Enum.fst(7,36-7,43))
LowParseExample.Aux.fst(44,2-44,13): (Warning 252) (Hint-replay failed): Subtyping check failed; expected type LowParse.Spec.Enum.eqtype; got type Type0 (see also LowParse.Spec.Enum.fst(7,36-7,43))
LowParseExample.Aux.fst(57,22-57,34): (Warning 252) (Hint-replay failed): Subtyping check failed; expected type LowParse.Spec.Sum.sum_key LowParseExample.Aux.t_sum; got type LowParseExample.Aux.cases (see also LowParseExample.Aux.fst(47,62-47,68))
LowParseExample.Aux.fst(71,22-71,34): (Warning 252) (Hint-replay failed): Subtyping check failed; expected type LowParse.Spec.Sum.sum_key LowParseExample.Aux.t_sum; got type LowParseExample.Aux.cases (see also LowParseExample.Aux.fst(61,73-61,79))
LowParseExample.Aux.fst(85,70-85,82): (Warning 252) (Hint-replay failed): Subtyping check failed; expected type _: x: FStar.UInt16.t{LowParseExample.Aux.parse_case_B_filter x == true} ->
Prims.GTot (LowParse.Spec.Sum.sum_cases LowParseExample.Aux.t_sum (LowParseExample.Aux.Case_B)); got type z: FStar.UInt16.t{FStar.UInt16.v z > 0} ->
Prims.Tot (LowParse.Spec.Sum.sum_cases LowParseExample.Aux.t_sum (LowParseExample.Aux.Case_B)) (see also LowParseExample.Aux.fst(61,31-61,42))
LowParseExample.Aux.fst(105,4-110,8): (Warning 252) (Hint-replay failed): Subtyping check failed; expected type LowParse.SLow.Base.parser32 LowParseExample.Aux.parse_case_A; got type LowParse.SLow.Base.parser32 (LowParse.Spec.Combinators.parse_synth (LowParse.Spec.Combinators.nondep_then 
LowParse.Spec.Int.parse_u8
LowParse.Spec.Int.parse_u8)
LowParseExample.Aux.synth_case_A) (see also LowParseExample.Aux.fst(101,15-101,27))
LowParseExample.Aux.fst(120,6-120,18): (Warning 252) (Hint-replay failed): Subtyping check failed; expected type _: x: FStar.UInt16.t{LowParseExample.Aux.parse_case_B_filter x == true} ->
Prims.GTot (LowParse.Spec.Sum.sum_cases LowParseExample.Aux.t_sum (LowParseExample.Aux.Case_B)); got type z: FStar.UInt16.t{FStar.UInt16.v z > 0} ->
Prims.Tot (LowParse.Spec.Sum.sum_cases LowParseExample.Aux.t_sum (LowParseExample.Aux.Case_B)) (see also LowParseExample.Aux.fst(61,31-61,42))
LowParseExample.Aux.fst(156,6-156,8): (Warning 252) (Hint-replay failed): Subtyping check failed; expected type u185136:
Prims.unit
{ LowParseExample.Aux.parse_t_kind ==
LowParse.Spec.Combinators.and_then_kind (LowParse.Spec.Combinators.parse_filter_kind LowParse.Spec.Int.parse_u8_kind
)
(LowParse.Spec.Sum.weaken_parse_cases_kind LowParseExample.Aux.t_sum
LowParseExample.Aux.parse_cases') /\
LowParseExample.Aux.t == LowParse.Spec.Sum.sum_type LowParseExample.Aux.t_sum /\
LowParseExample.Aux.parse_t ==
LowParse.Spec.Sum.parse_sum LowParseExample.Aux.t_sum
LowParse.Spec.Int.parse_u8
(fun x -> LowParseExample.Aux.parse_cases x) }; got type Prims.unit (see also LowParse.SLow.Sum.fst(353,4-353,48))
LowParseExample.Aux.fst(172,33-172,49): (Warning 252) (Hint-replay failed): Subtyping check failed; expected type LowParse.Spec.Sum.sum_key LowParseExample.Aux.t_sum; got type LowParseExample.Aux.cases (see also LowParseExample.Aux.fst(164,44-164,50))
LowParseExample.Aux.fst(188,33-188,49): (Warning 252) (Hint-replay failed): Subtyping check failed; expected type LowParse.Spec.Sum.sum_key LowParseExample.Aux.t_sum; got type LowParseExample.Aux.cases (see also LowParseExample.Aux.fst(180,44-180,50))
LowParseExample.Aux.fst(199,62-199,64): (Warning 252) (Hint-replay failed): Subtyping check failed; expected type u191013:
Prims.unit
{ Mkparser_kind'?.parser_kind_subkind LowParse.Spec.Int.parse_u8_kind ==
FStar.Pervasives.Native.Some (LowParse.Spec.Base.ParserStrong) }; got type Prims.unit (see also LowParse.Spec.Combinators.fst(590,13-590,56))
LowParseExample.Aux.fst(211,8-211,20): (Warning 252) (Hint-replay failed): Subtyping check failed; expected type _: x: FStar.UInt16.t{LowParseExample.Aux.parse_case_B_filter x == true} ->
Prims.GTot (LowParse.Spec.Sum.sum_cases LowParseExample.Aux.t_sum (LowParseExample.Aux.Case_B)); got type z: FStar.UInt16.t{FStar.UInt16.v z > 0} ->
Prims.Tot (LowParse.Spec.Sum.sum_cases LowParseExample.Aux.t_sum (LowParseExample.Aux.Case_B)) (see also LowParseExample.Aux.fst(61,31-61,42))
LowParseExample.Aux.fst(230,5-230,18): (Warning 252) (Hint-replay failed): assertion failed (see also LowParse.Spec.Sum.fst(218,12-218,57))
LowParseExample.Aux.fst(244,12-244,35): (Warning 252) (Hint-replay failed): Subtyping check failed; expected type u196449:
Prims.unit
{ Mkparser_kind'?.parser_kind_subkind LowParse.Spec.Int.parse_u8_kind ==
FStar.Pervasives.Native.Some (LowParse.Spec.Base.ParserStrong) }; got type Prims.unit (see also LowParse.Spec.Combinators.fst(590,13-590,56))
LowParseExample.Aux.fst(259,8-259,20): (Warning 252) (Hint-replay failed): Subtyping check failed; expected type _: x: FStar.UInt16.t{LowParseExample.Aux.parse_case_B_filter x == true} ->
Prims.GTot (LowParse.Spec.Sum.sum_cases LowParseExample.Aux.t_sum (LowParseExample.Aux.Case_B)); got type z: FStar.UInt16.t{FStar.UInt16.v z > 0} ->
Prims.Tot (LowParse.Spec.Sum.sum_cases LowParseExample.Aux.t_sum (LowParseExample.Aux.Case_B)) (see also LowParseExample.Aux.fst(61,31-61,42))
LowParseExample.Aux.fst(304,14-304,26): (Warning 252) (Hint-replay failed): Subtyping check failed; expected type y:
LowParse.Spec.Sum.sum_key_type LowParseExample.Aux.t_sum
{y == LowParse.Spec.Sum.sum_tag_of_data LowParseExample.Aux.t_sum x}; got type LowParseExample.Aux.cases (see also LowParse.SLow.Sum.fst(467,61-467,105))
Unable to open hints file: C:\build\agent1\_work\13\s\quackyducky\out\QD.Parse_keyShare.fsti.hints; ran without hints
Unable to open hints file: C:\build\agent1\_work\13\s\quackyducky\out\QD.Parse_earlyDataIndication.fsti.hints; ran without hints
Unable to open hints file: C:\build\agent1\_work\13\s\quackyducky\out\QD.Parse_preSharedKeyExtension.fsti.hints; ran without hints
Unable to open hints file: C:\build\agent1\_work\13\s\quackyducky\out\QD.Parse_alertLevel.fsti.hints; ran without hints
Unable to open hints file: C:\build\agent1\_work\13\s\quackyducky\out\QD.Parse_cookie.fsti.hints; ran without hints
Unable to open hints file: C:\build\agent1\_work\13\s\quackyducky\out\QD.Parse_ticketFlags.fsti.hints; ran without hints
Unable to open hints file: C:\build\agent1\_work\13\s\quackyducky\out\QD.Parse_namedGroupList.fsti.hints; ran without hints
Unable to open hints file: C:\build\agent1\_work\13\s\quackyducky\out\QD.Parse_handshake.fsti.hints; ran without hints
Unable to open hints file: C:\build\agent1\_work\13\s\quackyducky\out\QD.Parse_certificateVerify.fsti.hints; ran without hints
Unable to open hints file: C:\build\agent1\_work\13\s\quackyducky\out\QD.Parse_tLSCiphertext.fsti.hints; ran without hints
Unable to open hints file: C:\build\agent1\_work\13\s\quackyducky\out\QD.Parse_tLSPlaintext.fsti.hints; ran without hints
Unable to open hints file: C:\build\agent1\_work\13\s\quackyducky\out\QD.Parse_certificate.fsti.hints; ran without hints
Unable to open hints file: C:\build\agent1\_work\13\s\quackyducky\out\QD.Parse_keyShareEntry.fsti.hints; ran without hints
Unable to open hints file: C:\build\agent1\_work\13\s\quackyducky\out\QD.Parse_certificateRequest.fsti.hints; ran without hints
Unable to open hints file: C:\build\agent1\_work\13\s\quackyducky\out\QD.Parse_encryptedExtensions.fsti.hints; ran without hints
Unable to open hints file: C:\build\agent1\_work\13\s\quackyducky\out\QD.Parse_newSessionTicket.fsti.hints; ran without hints
Unable to open hints file: C:\build\agent1\_work\13\s\quackyducky\out\QD.Parse_serverHello.fsti.hints; ran without hints
Unable to open hints file: C:\build\agent1\_work\13\s\quackyducky\out\QD.Parse_helloRetryRequest.fsti.hints; ran without hints
Unable to open hints file: C:\build\agent1\_work\13\s\quackyducky\out\QD.Parse_clientHello.fsti.hints; ran without hints
