cp: cannot stat 'mitls-fstar/src/tls/extract/Kremlin-Library/*.c': No such file or directory
cp: cannot stat 'mitls-fstar/src/tls/extract/Kremlin-Library/*.h': No such file or directory
cp: cannot stat 'mitls-fstar/src/tls/extract/Kremlin-Library/curve/*.c': No such file or directory
cp: cannot stat 'mitls-fstar/src/tls/extract/Kremlin-Library/curve/*.h': No such file or directory
cp: cannot stat 'mitls-fstar/src/tls/extract/Kremlin-Library/include/*.h': No such file or directory
cp: cannot stat 'mitls-fstar/src/tls/extract/Kremlin-Library/kremlib/*.c': No such file or directory
cp: cannot stat 'mitls-fstar/src/tls/extract/Kremlin-Library/kremlib/*.h': No such file or directory
cp: cannot stat 'mitls-fstar/src/tls/extract/Kremlin-Library/kreminc/*': No such file or directory
cp: cannot stat 'mitls-fstar/src/tls/extract/Kremlin-Library/secure/*.c': No such file or directory
cp: cannot stat 'mitls-fstar/src/tls/extract/Kremlin-Library/secure/*.h': No such file or directory
cp: cannot stat 'mitls-fstar/src/tls/extract/Kremlin-Library/stub/*.c': No such file or directory
cp: cannot stat 'mitls-fstar/src/tls/extract/Kremlin-Library/stub/*.h': No such file or directory
cp: cannot stat 'mitls-fstar/src/tls/extract/Kremlin-Library/uint128/*.c': No such file or directory
cp: cannot stat 'mitls-fstar/src/tls/extract/Kremlin-Library/uint128/*.h': No such file or directory
cp: cannot stat 'mitls-fstar/src/tls/extract/Kremlin-Library/vale/*.c': No such file or directory
cp: cannot stat 'mitls-fstar/src/tls/extract/Kremlin-Library/vale/*.h': No such file or directory
cp: cannot stat 'C:/build/agent1/_work/13/s/hacl-star/providers/generated/EverCrypt_*.c': No such file or directory
cp: cannot stat 'C:/build/agent1/_work/13/s/hacl-star/providers/generated/EverCrypt_*.h': No such file or directory
cp: cannot stat 'C:/build/agent1/_work/13/s/hacl-star/providers/generated/EverCrypt.c': No such file or directory
cp: cannot stat 'C:/build/agent1/_work/13/s/hacl-star/providers/generated/EverCrypt.h': No such file or directory
cp: cannot stat 'C:/build/agent1/_work/13/s/hacl-star/providers/generated/C_Failure.c': No such file or directory
cp: cannot stat 'C:/build/agent1/_work/13/s/hacl-star/providers/generated/C_Failure.h': No such file or directory
cp: cannot stat 'C:/build/agent1/_work/13/s/hacl-star/providers/generated/FStar_Prims_C_Loops_Spec_Hacl_Spec_Seq.c': No such file or directory
cp: cannot stat 'C:/build/agent1/_work/13/s/hacl-star/providers/generated/FStar_Prims_C_Loops_Spec_Hacl_Spec_Seq.h': No such file or directory
cp: cannot stat 'C:/build/agent1/_work/13/s/hacl-star/providers/generated/Hacl_UInt128.h': No such file or directory
cp: cannot stat 'C:/build/agent1/_work/13/s/hacl-star/providers/multiplexer/c/*.h': No such file or directory
cp: cannot stat 'C:/build/agent1/_work/13/s/hacl-star/code/salsa-family/chacha-c/Hacl_Chacha20.c': No such file or directory
cp: cannot stat 'C:/build/agent1/_work/13/s/hacl-star/code/salsa-family/chacha-c/Hacl_Chacha20.h': No such file or directory
cp: cannot stat 'C:/build/agent1/_work/13/s/hacl-star/code/salsa-family/salsa-c/Hacl_Salsa20.c': No such file or directory
cp: cannot stat 'C:/build/agent1/_work/13/s/hacl-star/code/salsa-family/salsa-c/Hacl_Salsa20.h': No such file or directory
cp: cannot stat 'C:/build/agent1/_work/13/s/hacl-star/code/hash/sha2-c/Hacl_SHA2_256.c': No such file or directory
cp: cannot stat 'C:/build/agent1/_work/13/s/hacl-star/code/hash/sha2-c/Hacl_SHA2_256.h': No such file or directory
cp: cannot stat 'C:/build/agent1/_work/13/s/hacl-star/code/hash/sha2-c/Hacl_SHA2_384.c': No such file or directory
cp: cannot stat 'C:/build/agent1/_work/13/s/hacl-star/code/hash/sha2-c/Hacl_SHA2_384.h': No such file or directory
cp: cannot stat 'C:/build/agent1/_work/13/s/hacl-star/code/hash/sha2-c/Hacl_SHA2_512.c': No such file or directory
cp: cannot stat 'C:/build/agent1/_work/13/s/hacl-star/code/hash/sha2-c/Hacl_SHA2_512.h': No such file or directory
cp: cannot stat 'C:/build/agent1/_work/13/s/hacl-star/code/curve25519/x25519-c/Hacl_Curve25519.c': No such file or directory
cp: cannot stat 'C:/build/agent1/_work/13/s/hacl-star/code/curve25519/x25519-c/Hacl_Curve25519.h': No such file or directory
cp: cannot stat 'C:/build/agent1/_work/13/s/hacl-star/code/ed25519/ed25519-c/Hacl_Ed25519.c': No such file or directory
cp: cannot stat 'C:/build/agent1/_work/13/s/hacl-star/code/ed25519/ed25519-c/Hacl_Ed25519.h': No such file or directory
cp: cannot stat 'C:/build/agent1/_work/13/s/hacl-star/code/poly1305/poly-c/Hacl_Poly1305_64.c': No such file or directory
cp: cannot stat 'C:/build/agent1/_work/13/s/hacl-star/code/poly1305/poly-c/Hacl_Poly1305_64.h': No such file or directory
cp: cannot stat 'C:/build/agent1/_work/13/s/hacl-star/code/hmac/hmac-sha256-c/Hacl_HMAC_SHA2_256.c': No such file or directory
cp: cannot stat 'C:/build/agent1/_work/13/s/hacl-star/code/hmac/hmac-sha256-c/Hacl_HMAC_SHA2_256.h': No such file or directory
cp: cannot stat 'C:/build/agent1/_work/13/s/hacl-star/code/poly1305/poly-c/AEAD_Poly1305_64.c': No such file or directory
cp: cannot stat 'C:/build/agent1/_work/13/s/hacl-star/code/poly1305/poly-c/AEAD_Poly1305_64.h': No such file or directory
cp: cannot stat 'C:/build/agent1/_work/13/s/hacl-star/code/salsa-family/chacha-vec128-c/Hacl_Chacha20_Vec128.c': No such file or directory
cp: cannot stat 'C:/build/agent1/_work/13/s/hacl-star/code/salsa-family/chacha-vec128-c/Hacl_Chacha20_Vec128.h': No such file or directory
cp: cannot stat 'C:/build/agent1/_work/13/s/hacl-star/secure_api/out/runtime_switch/crypto/*.c': No such file or directory
cp: cannot stat 'C:/build/agent1/_work/13/s/hacl-star/secure_api/out/runtime_switch/crypto/*.h': No such file or directory
cp: cannot stat 'C:/build/agent1/_work/13/s/hacl-star/secure_api/out/runtime_switch/uint128/*.c': No such file or directory
cp: cannot stat 'C:/build/agent1/_work/13/s/hacl-star/secure_api/out/runtime_switch/uint128/*.h': No such file or directory
cp: cannot stat 'C:/build/agent1/_work/13/s/hacl-star/code/curve25519/x25519-c/*.c': No such file or directory
cp: cannot stat 'C:/build/agent1/_work/13/s/hacl-star/code/curve25519/x25519-c/*.h': No such file or directory
cp: cannot stat 'MLCrypto/*.h': No such file or directory
cp: cannot stat 'mitls-fstar/src/pki/win/*.h': No such file or directory
cp: cannot stat 'mitls-fstar/src/tls/extract/Kremlin-Library/libmitls.dll': No such file or directory
cp: cannot stat 'MLCrypto/openssl/libcrypto-1_1-x64.dll': No such file or directory
cp: cannot stat 'hacl-star/secure_api/out/runtime_switch/libquicprovider.dll': No such file or directory
cp: cannot stat 'mitls-fstar/src/pki/libmipki.dll': No such file or directory

Microsoft (R) Program Maintenance Utility Version 14.12.25835.0
Copyright (C) Microsoft Corporation.  All rights reserved.

NMAKE : fatal error U1073: don't know how to make 'Crypto_AEAD_Main_Crypto_Indexing.obj'
Stop.
