cp: cannot stat 'mitls-fstar/src/tls/extract/Kremlin-Library/*.c': No such file or directory
cp: cannot stat 'mitls-fstar/src/tls/extract/Kremlin-Library/*.h': No such file or directory
cp: cannot stat 'mitls-fstar/src/tls/extract/Kremlin-Library/curve/*.c': No such file or directory
cp: cannot stat 'mitls-fstar/src/tls/extract/Kremlin-Library/curve/*.h': No such file or directory
cp: cannot stat 'mitls-fstar/src/tls/extract/Kremlin-Library/include/*.h': No such file or directory
cp: cannot stat 'mitls-fstar/src/tls/extract/Kremlin-Library/kremlib/*.c': No such file or directory
cp: cannot stat 'mitls-fstar/src/tls/extract/Kremlin-Library/kremlib/*.h': No such file or directory
cp: cannot stat 'mitls-fstar/src/tls/extract/Kremlin-Library/kreminc/*': No such file or directory
cp: cannot stat 'mitls-fstar/src/tls/extract/Kremlin-Library/secure/*.c': No such file or directory
cp: cannot stat 'mitls-fstar/src/tls/extract/Kremlin-Library/secure/*.h': No such file or directory
cp: cannot stat 'mitls-fstar/src/tls/extract/Kremlin-Library/stub/*.c': No such file or directory
cp: cannot stat 'mitls-fstar/src/tls/extract/Kremlin-Library/stub/*.h': No such file or directory
cp: cannot stat 'mitls-fstar/src/tls/extract/Kremlin-Library/uint128/*.c': No such file or directory
cp: cannot stat 'mitls-fstar/src/tls/extract/Kremlin-Library/uint128/*.h': No such file or directory
cp: cannot stat 'mitls-fstar/src/tls/extract/Kremlin-Library/vale/*.c': No such file or directory
cp: cannot stat 'mitls-fstar/src/tls/extract/Kremlin-Library/vale/*.h': No such file or directory
cp: cannot stat 'C:/build/agent1/_work/13/s/hacl-star/providers/evercrypt/c/*.h': No such file or directory
cp: cannot stat 'C:/build/agent1/_work/13/s/hacl-star/secure_api/out/runtime_switch/uint128/*.c': No such file or directory
cp: cannot stat 'C:/build/agent1/_work/13/s/hacl-star/secure_api/out/runtime_switch/uint128/*.h': No such file or directory
cp: cannot stat 'MLCrypto/*.h': No such file or directory
cp: cannot stat 'C:/build/agent1/_work/13/s/kremlin/kremlib/kremstr.c': No such file or directory
cp: cannot stat 'mitls-fstar/src/pki/win/*.h': No such file or directory
cp: cannot stat 'mitls-fstar/src/tls/extract/Kremlin-Library/libmitls.dll': No such file or directory
cp: cannot stat 'mitls-fstar/src/pki/libmipki.dll': No such file or directory

Microsoft (R) Program Maintenance Utility Version 14.12.25835.0
Copyright (C) Microsoft Corporation.  All rights reserved.

NMAKE : fatal error U1073: don't know how to make '../kremlib/libkremlib.lib'
Stop.
