FStar.List.Tot.Properties.fst(855,2-855,37): (Warning 252) (Hint-replay failed): could not prove post-condition (see also FStar.List.Tot.Properties.fst(853,12-853,18))
FStar.List.Tot.Properties.fst(855,2-855,37): (Warning 252) could not prove post-condition (see also FStar.List.Tot.Properties.fst(853,12-853,18))
FStar.List.Tot.Properties.fst(884,2-885,24): (Warning 252) (Hint-replay failed): could not prove post-condition (see also FStar.List.Tot.Properties.fst(883,12-883,18))
FStar.OrdSet.fst(48,16-48,18): (Warning 252) (Hint-replay failed): Subtyping check failed; expected type a: Type{Prims.hasEq a}; got type Type (see also prims.fst(310,29-310,36))
FStar.Monotonic.HyperStack.fst(344,4-344,33): (Warning 252) (Hint-replay failed): assertion failed (see also FStar.Monotonic.HyperStack.fst(38,12-41,66))
FStar.Monotonic.HyperStack.fst(344,4-344,33): (Warning 252) (Hint-replay failed): assertion failed (see also FStar.Monotonic.HyperStack.fst(38,12-41,66))
FStar.Seq.Properties.fst(472,2-475,29): (Warning 252) (Hint-replay failed): could not prove post-condition (see also FStar.Seq.Properties.fst(470,20-470,28))
FStar.Fin.fst(36,2-51,18): (Warning 252) (Hint-replay failed): assertion failed (see also prims.fst(215,68-215,80))
FStar.Fin.fst(36,2-51,18): (Warning 252) (Hint-replay failed): could not prove post-condition (see also FStar.Fin.fst(33,41-33,68))
FStar.Fin.fst(36,2-51,18): (Warning 252) (Hint-replay failed): assertion failed (see also prims.fst(215,68-215,80))
FStar.Fin.fst(36,2-51,18): (Warning 252) (Hint-replay failed): could not prove post-condition (see also FStar.Fin.fst(33,41-33,68))
FStar.ModifiesGen.fst(340,33-340,35): (Warning 252) (Hint-replay failed): could not prove post-condition (see also FStar.ModifiesGen.fsti(232,2-232,27))
FStar.ModifiesGen.fst(356,50-356,52): (Warning 252) (Hint-replay failed): could not prove post-condition (see also FStar.ModifiesGen.fsti(251,11-251,67))
FStar.ModifiesGen.fst(358,48-358,50): (Warning 252) (Hint-replay failed): could not prove post-condition (see also FStar.ModifiesGen.fsti(261,11-261,63))
FStar.ModifiesGen.fst(360,49-360,51): (Warning 252) (Hint-replay failed): could not prove post-condition (see also FStar.ModifiesGen.fsti(270,11-270,67))
FStar.ModifiesGen.fst(362,46-362,48): (Warning 252) (Hint-replay failed): could not prove post-condition (see also FStar.ModifiesGen.fsti(277,11-277,65))
FStar.ModifiesGen.fst(364,49-364,51): (Warning 252) (Hint-replay failed): could not prove post-condition (see also FStar.ModifiesGen.fsti(285,11-285,73))
FStar.ModifiesGen.fst(455,35-455,37): (Warning 252) (Hint-replay failed): could not prove post-condition (see also FStar.ModifiesGen.fsti(306,11-306,36))
FStar.ModifiesGen.fst(499,2-499,135): (Warning 252) (Hint-replay failed): could not prove post-condition (see also FStar.ModifiesGen.fsti(352,11-352,75))
FStar.ModifiesGen.fst(501,53-501,55): (Warning 252) (Hint-replay failed): could not prove post-condition (see also FStar.ModifiesGen.fsti(362,11-362,67))
FStar.ModifiesGen.fst(505,60-505,62): (Warning 252) (Hint-replay failed): could not prove post-condition (see also FStar.ModifiesGen.fsti(384,24-384,42))
FStar.ModifiesGen.fst(652,55-652,57): (Warning 252) (Hint-replay failed): could not prove post-condition (see also FStar.ModifiesGen.fsti(452,4-452,20))
FStar.ModifiesGen.fst(654,47-654,49): (Warning 252) (Hint-replay failed): could not prove post-condition (see also FStar.ModifiesGen.fsti(468,11-470,3))
FStar.ModifiesGen.fst(677,2-677,23): (Warning 252) (Hint-replay failed): assertion failed (see also FStar.ModifiesGen.fsti(485,33-485,51))
FStar.ModifiesGen.fst(705,2-705,117): (Warning 252) (Hint-replay failed): could not prove post-condition (see also FStar.ModifiesGen.fst(704,11-704,28))
FStar.ModifiesGen.fst(756,2-756,55): (Warning 252) (Hint-replay failed): could not prove post-condition (see also FStar.ModifiesGen.fst(755,2-755,45))
FStar.ModifiesGen.fst(772,2-772,55): (Warning 252) (Hint-replay failed): could not prove post-condition (see also FStar.ModifiesGen.fst(771,2-771,60))
FStar.ModifiesGen.fst(786,2-786,20): (Warning 252) (Hint-replay failed): assertion failed (see also FStar.ModifiesGen.fsti(211,35-211,53))
FStar.ModifiesGen.fst(813,2-813,23): (Warning 252) (Hint-replay failed): assertion failed (see also FStar.ModifiesGen.fsti(485,33-485,51))
FStar.ModifiesGen.fst(936,9-936,85): (Warning 252) (Hint-replay failed): assertion failed
FStar.ModifiesGen.fst(987,6-987,115): (Warning 252) (Hint-replay failed): Subtyping check failed; expected type aux:
FStar.Ghost.erased (FStar.GSet.set (FStar.ModifiesGen.aloc c))
{ FStar.GSet.subset (FStar.ModifiesGen.aloc_domain c (FStar.Ghost.hide regions') addrs')
(FStar.Ghost.reveal aux) /\
FStar.GSet.subset (FStar.Ghost.reveal aux)
(FStar.ModifiesGen.aloc_domain c
(FStar.Ghost.hide regions')
(fun _ -> FStar.Set.complement FStar.Set.empty)) }; got type FStar.Ghost.erased (FStar.GSet.set (FStar.ModifiesGen.aloc c)) (see also FStar.ModifiesGen.fst(26,8-26,66))
FStar.ModifiesGen.fst(1087,12-1087,33): (Warning 252) (Hint-replay failed): assertion failed (see also FStar.ModifiesGen.fst(974,13-974,47))
FStar.ModifiesGen.fst(1112,4-1112,10): (Warning 252) (Hint-replay failed): assertion failed (see also FStar.ModifiesGen.fst(1112,11-1112,47))
FStar.ModifiesGen.fst(1355,2-1355,8): (Warning 252) (Hint-replay failed): assertion failed (see also FStar.ModifiesGen.fst(1355,9-1355,39))
FStar.ModifiesGen.fst(1417,2-1417,8): (Warning 252) (Hint-replay failed): assertion failed (see also FStar.ModifiesGen.fst(1417,9-1417,40))
FStar.ModifiesGen.fst(1477,2-1485,39): (Warning 252) (Hint-replay failed): could not prove post-condition (see also FStar.ModifiesGen.fst(1476,11-1476,42))
FStar.ModifiesGen.fst(1555,4-1555,10): (Warning 252) (Hint-replay failed): assertion failed (see also FStar.ModifiesGen.fst(1564,8-1564,36))
LowStar.Buffer.fst(498,2-502,3): (Warning 252) (Hint-replay failed): could not prove post-condition (see also LowStar.Buffer.fsti(768,4-768,46))
LowStar.Modifies.fst(196,2-196,23): (Warning 252) (Hint-replay failed): assertion failed (see also LowStar.Modifies.fsti(324,59-324,77))
FStar.Pointer.Derived1.fst(118,2-118,8): (Warning 252) (Hint-replay failed): assertion failed (see also FStar.Pointer.Derived1.fst(118,9-118,104))
FStar.Pointer.Derived1.fst(168,2-168,8): (Warning 252) (Hint-replay failed): assertion failed (see also FStar.Pointer.Derived1.fst(168,9-168,91))
FStar.Pointer.Derived1.fst(171,2-171,23): (Warning 252) (Hint-replay failed): assertion failed (see also FStar.Pointer.Base.fsti(1493,5-1493,45))
FStar.Buffer.fst(740,4-740,6): (Warning 252) (Hint-replay failed): could not prove post-condition (see also FStar.Buffer.fst(738,12-738,35))
FStar.Buffer.fst(765,4-765,6): (Warning 252) (Hint-replay failed): could not prove post-condition (see also FStar.Buffer.fst(763,12-763,37))
FStar.Buffer.fst(1301,4-1301,6): (Warning 252) (Hint-replay failed): could not prove post-condition (see also FStar.Buffer.fst(1299,13-1299,31))
FStar.Modifies.fst(114,2-114,4): (Warning 252) (Hint-replay failed): could not prove post-condition (see also FStar.Modifies.fst(113,11-113,41))
FStar.Modifies.fst(243,2-243,82): (Warning 252) (Hint-replay failed): could not prove post-condition (see also FStar.Modifies.fsti(311,19-313,3))
FStar.Modifies.fst(279,18-279,20): (Warning 252) (Hint-replay failed): could not prove post-condition (see also FStar.ModifiesGen.fsti(416,34-416,59))
FStar.Modifies.fst(344,18-344,20): (Warning 252) (Hint-replay failed): could not prove post-condition (see also FStar.ModifiesGen.fsti(416,34-416,59))
Unable to open hints file: C:\build\agent1\_work\6\s\kremlin\kremlib\Spec.Loops.fst.hints; ran without hints
Unable to open hints file: C:\build\agent1\_work\6\s\kremlin\kremlib\FStar.Kremlin.Endianness.fst.hints; ran without hints
Unable to open hints file: C:\build\agent1\_work\6\s\kremlin\kremlib\C.Endianness.fst.hints; ran without hints
Unable to open hints file: C:\build\agent1\_work\6\s\kremlin\kremlib\C.fst.hints; ran without hints
Unable to open hints file: C:\build\agent1\_work\6\s\kremlin\kremlib\C.String.fst.hints; ran without hints
Unable to open hints file: C:\build\agent1\_work\6\s\kremlin\kremlib\C.Failure.fst.hints; ran without hints
Unable to open hints file: C:\build\agent1\_work\6\s\kremlin\kremlib\C.Loops.fst.hints; ran without hints
LowParse.Spec.Base.fst(750,2-750,8): (Warning 252) (Hint-replay failed): assertion failed (see also LowParse.Spec.Base.fst(750,9-750,22))
LowParse.SLow.Base.fst(42,2-42,4): (Warning 252) (Hint-replay failed): could not prove post-condition (see also LowParse.SLow.Base.fst(41,66-41,100))
LowParse.SLow.Base.fst(54,2-54,4): (Warning 252) (Hint-replay failed): could not prove post-condition (see also LowParse.SLow.Base.fst(52,26-52,60))
LowParse.Slice.fst(214,27-214,81): (Warning 252) (Hint-replay failed): could not prove post-condition (see also LowParse.Slice.fst(213,24-213,76))
LowParse.Slice.fst(329,2-329,4): (Warning 252) (Hint-replay failed): could not prove post-condition (see also LowParse.Slice.fst(328,11-328,29))
LowParse.Spec.Combinators.fst(181,2-181,12): (Warning 252) (Hint-replay failed): assertion failed (see also LowParse.Spec.Base.fst(479,12-479,34))
LowParse.Spec.Combinators.fst(534,2-534,8): (Warning 252) (Hint-replay failed): assertion failed (see also LowParse.Spec.Combinators.fst(534,9-534,72))
LowParse.Spec.Combinators.fst(810,32-810,43): (Warning 252) (Hint-replay failed): assertion failed (see also LowParse.Spec.Combinators.fst(756,12-758,3))
LowParse.TestLib.Low.fst(58,2-75,13): (Warning 252) (Hint-replay failed): assertion failed (see also LowParse.TestLib.Low.fst(19,21-19,46))
LowParse.BigEndianImpl.Low.fst(243,2-246,36): (Warning 252) (Hint-replay failed): could not prove post-condition (see also LowParse.BigEndianImpl.Low.fst(241,4-241,33))
LowParse.BigEndianImpl.Low.fst(268,2-275,36): (Warning 252) (Hint-replay failed): could not prove post-condition (see also LowParse.BigEndianImpl.Low.fst(266,4-266,33))
LowParse.BigEndianImpl.Low.fst(297,2-306,36): (Warning 252) (Hint-replay failed): could not prove post-condition (see also LowParse.BigEndianImpl.Low.fst(295,4-295,33))
LowParse.BigEndianImpl.Low.fst(328,2-339,36): (Warning 252) (Hint-replay failed): could not prove post-condition (see also LowParse.BigEndianImpl.Low.fst(326,4-326,33))
LowParse.Spec.Int.Aux.fst(35,2-35,4): (Warning 252) (Hint-replay failed): could not prove post-condition (see also LowParse.Spec.Int.Aux.fst(33,4-33,41))
LowParse.Spec.Seq.fst(114,2-115,49): (Warning 252) (Hint-replay failed): could not prove post-condition (see also LowParse.Spec.Seq.fst(110,4-110,70))
LowParse.Low.Combinators.fst(66,2-66,15): (Warning 252) (Hint-replay failed): assertion failed (see also FStar.HyperStack.ST.fst(234,115-234,121))
LowParse.Low.Combinators.fst(130,15-130,22): (Warning 252) (Hint-replay failed): assertion failed (see also FStar.HyperStack.ST.fst(234,115-234,121))
LowParse.Low.Combinators.fst(152,4-152,19): (Warning 252) (Hint-replay failed): assertion failed (see also FStar.HyperStack.ST.fst(234,115-234,121))
LowParse.Low.FLData.fst(28,18-28,21): (Warning 252) (Hint-replay failed): assertion failed (see also prims.fst(238,92-238,105))
LowParse.Spec.Sum.fst(32,6-32,14): (Warning 252) (Hint-replay failed): assertion failed (see also LowParse.Spec.Combinators.fst(491,12-493,3))
LowParse.Spec.Sum.fst(71,4-95,6): (Warning 252) (Hint-replay failed): could not prove post-condition (see also LowParse.Spec.Sum.fst(70,10-70,178))
LowParse.SLow.List.fst(69,13-69,18): (Warning 252) (Hint-replay failed): Subtyping check failed; expected type j: Prims.nat{FStar.UInt32.v n <= j && j <= FStar.Seq.Base.length (FStar.Bytes.reveal b)}; got type FStar.UInt.uint_t FStar.UInt32.n (see also FStar.Bytes.fsti(146,56-146,65))
LowParse.Spec.VLData.fst(30,16-30,29): (Warning 252) Subtyping check failed; expected type FStar.UInt.uint_t FStar.UInt32.n; got type Prims.nat (see also FStar.UInt.fst(52,28-52,36))
LowParse.Spec.VLData.fst(30,16-30,29): (Warning 252) Subtyping check failed; expected type FStar.UInt.uint_t FStar.UInt32.n; got type Prims.nat (see also FStar.UInt.fst(52,28-52,36))
LowParse.Spec.VLData.fst(44,33-44,47): (Warning 252) Subtyping check failed; expected type FStar.UInt.uint_t FStar.UInt32.n; got type Prims.nat (see also FStar.UInt.fst(52,28-52,36))
LowParse.Spec.VLData.fst(44,33-44,47): (Warning 252) Subtyping check failed; expected type FStar.UInt.uint_t FStar.UInt32.n; got type Prims.nat (see also FStar.UInt.fst(52,28-52,36))
LowParse.Spec.VLData.fst(76,2-80,19): (Warning 252) assertion failed (see also prims.fst(215,68-215,80))
LowParse.Spec.VLData.fst(76,2-80,19): (Warning 252) could not prove post-condition (see also LowParse.Spec.VLData.fst(75,21-75,59))
LowParse.Spec.VLData.fst(76,2-80,19): (Warning 252) assertion failed (see also prims.fst(215,68-215,80))
LowParse.Spec.VLData.fst(76,2-80,19): (Warning 252) could not prove post-condition (see also LowParse.Spec.VLData.fst(75,21-75,59))
LowParse.Low.Array.fst(40,2-45,5): (Warning 252) (Hint-replay failed): assertion failed (see also prims.fst(215,68-215,80))
LowParse.Low.Array.fst(40,2-45,5): (Warning 252) (Hint-replay failed): could not prove post-condition (see also LowParse.Low.Array.fst(29,4-29,10))
LowParse.SLow.Sum.fst(327,2-337,65): (Warning 252) (Hint-replay failed): assertion failed (see also prims.fst(215,68-215,80))
LowParse.SLow.Sum.fst(327,2-337,65): (Warning 252) assertion failed (see also prims.fst(215,68-215,80))
LowParse.Low.Bytes.fst(11,34-11,36): (Warning 252) (Hint-replay failed): Subtyping check failed; expected type sz: Prims.nat{sz < 4294967296}; got type Prims.nat (see also LowParse.Spec.Bytes.fst(28,13-28,28))
LowParse.Low.Bytes.fst(42,2-42,17): (Warning 252) (Hint-replay failed): could not prove post-condition (see also LowParse.Low.Bytes.fst(40,4-40,21))
LowParse.Low.Bytes.fst(53,2-53,19): (Warning 252) (Hint-replay failed): assertion failed (see also FStar.HyperStack.ST.fst(234,115-234,121))
LowParse.SLow.Tac.Sum.fst(23,20-23,39): (Warning 252) (Hint-replay failed): assertion failed (see also LowParse.SLow.Sum.fst(156,47-156,63))
LowParseExample.Aux.fst(304,14-304,26): (Warning 252) (Hint-replay failed): Subtyping check failed; expected type y:
LowParse.Spec.Sum.sum_key_type LowParseExample.Aux.t_sum
{y == LowParse.Spec.Sum.sum_tag_of_data LowParseExample.Aux.t_sum x}; got type LowParseExample.Aux.cases (see also LowParse.SLow.Sum.fst(467,61-467,105))
LowParseExample.fst(14,4-16,79): (Warning 252) (Hint-replay failed): Patterns are incomplete
Unable to open hints file: C:\build\agent1\_work\6\s\quackyducky\out\QD.Parse_preSharedKeyExtension.fsti.hints; ran without hints
Unable to open hints file: C:\build\agent1\_work\6\s\quackyducky\out\QD.Parse_supportedVersions.fsti.hints; ran without hints
Unable to open hints file: C:\build\agent1\_work\6\s\quackyducky\out\QD.Parse_protocolVersion.fsti.hints; ran without hints
Unable to open hints file: C:\build\agent1\_work\6\s\quackyducky\out\QD.Parse_cipherSuite.fsti.hints; ran without hints
Unable to open hints file: C:\build\agent1\_work\6\s\quackyducky\out\QD.Parse_distinguishedName.fsti.hints; ran without hints
Unable to open hints file: C:\build\agent1\_work\6\s\quackyducky\out\QD.Parse_random.fsti.hints; ran without hints
Unable to open hints file: C:\build\agent1\_work\6\s\quackyducky\out\QD.Parse_oIDFilter.fsti.hints; ran without hints
Unable to open hints file: C:\build\agent1\_work\6\s\quackyducky\out\QD.Parse_pskIdentity.fsti.hints; ran without hints
Unable to open hints file: C:\build\agent1\_work\6\s\quackyducky\out\QD.Parse_pskKeyExchangeMode.fsti.hints; ran without hints
Unable to open hints file: C:\build\agent1\_work\6\s\quackyducky\out\QD.Parse_alertLevel.fsti.hints; ran without hints
Unable to open hints file: C:\build\agent1\_work\6\s\quackyducky\out\QD.Parse_contentType.fsti.hints; ran without hints
Unable to open hints file: C:\build\agent1\_work\6\s\quackyducky\out\QD.Parse_namedGroup.fsti.hints; ran without hints
Unable to open hints file: C:\build\agent1\_work\6\s\quackyducky\out\QD.Parse_keyUpdateRequest.fsti.hints; ran without hints
Unable to open hints file: C:\build\agent1\_work\6\s\quackyducky\out\QD.Parse_certificateType.fsti.hints; ran without hints
Unable to open hints file: C:\build\agent1\_work\6\s\quackyducky\out\QD.Parse_earlyDataIndication.fsti.hints; ran without hints
Unable to open hints file: C:\build\agent1\_work\6\s\quackyducky\out\QD.Parse_signatureScheme.fsti.hints; ran without hints
Unable to open hints file: C:\build\agent1\_work\6\s\quackyducky\out\QD.Parse_cookie.fsti.hints; ran without hints
Unable to open hints file: C:\build\agent1\_work\6\s\quackyducky\out\QD.Parse_pskBinderEntry.fsti.hints; ran without hints
Unable to open hints file: C:\build\agent1\_work\6\s\quackyducky\out\QD.Parse_extensionType.fsti.hints; ran without hints
Unable to open hints file: C:\build\agent1\_work\6\s\quackyducky\out\QD.Parse_certificateAuthoritiesExtension.fsti.hints; ran without hints
Unable to open hints file: C:\build\agent1\_work\6\s\quackyducky\out\QD.Parse_oIDFilterExtension.fsti.hints; ran without hints
Unable to open hints file: C:\build\agent1\_work\6\s\quackyducky\out\QD.Parse_pskKeyExchangeModes.fsti.hints; ran without hints
Unable to open hints file: C:\build\agent1\_work\6\s\quackyducky\out\QD.Parse_tLSCiphertext.fsti.hints; ran without hints
Unable to open hints file: C:\build\agent1\_work\6\s\quackyducky\out\QD.Parse_tLSPlaintext.fsti.hints; ran without hints
Unable to open hints file: C:\build\agent1\_work\6\s\quackyducky\out\QD.Parse_keyShareHelloRetryRequest.fsti.hints; ran without hints
Unable to open hints file: C:\build\agent1\_work\6\s\quackyducky\out\QD.Parse_namedGroupList.fsti.hints; ran without hints
Unable to open hints file: C:\build\agent1\_work\6\s\quackyducky\out\QD.Parse_keyShareEntry.fsti.hints; ran without hints
Unable to open hints file: C:\build\agent1\_work\6\s\quackyducky\out\QD.Parse_handshakeType.fsti.hints; ran without hints
Unable to open hints file: C:\build\agent1\_work\6\s\quackyducky\out\QD.Parse_signatureSchemeList.fsti.hints; ran without hints
Unable to open hints file: C:\build\agent1\_work\6\s\quackyducky\out\QD.Parse_certificateVerify.fsti.hints; ran without hints
Unable to open hints file: C:\build\agent1\_work\6\s\quackyducky\out\QD.Parse_keyUpdate.fsti.hints; ran without hints
Unable to open hints file: C:\build\agent1\_work\6\s\quackyducky\out\QD.Parse_offeredPsks.fsti.hints; ran without hints
Unable to open hints file: C:\build\agent1\_work\6\s\quackyducky\out\QD.Parse_extension.fsti.hints; ran without hints
Unable to open hints file: C:\build\agent1\_work\6\s\quackyducky\out\QD.Parse_keyShareServerHello.fsti.hints; ran without hints
Unable to open hints file: C:\build\agent1\_work\6\s\quackyducky\out\QD.Parse_keyShareClientHello.fsti.hints; ran without hints
Unable to open hints file: C:\build\agent1\_work\6\s\quackyducky\out\QD.Parse_handshake.fsti.hints; ran without hints
Unable to open hints file: C:\build\agent1\_work\6\s\quackyducky\out\QD.Parse_encryptedExtensions.fsti.hints; ran without hints
Unable to open hints file: C:\build\agent1\_work\6\s\quackyducky\out\QD.Parse_certificateEntry.fsti.hints; ran without hints
Unable to open hints file: C:\build\agent1\_work\6\s\quackyducky\out\QD.Parse_certificateRequest.fsti.hints; ran without hints
Unable to open hints file: C:\build\agent1\_work\6\s\quackyducky\out\QD.Parse_clientHello.fsti.hints; ran without hints
Unable to open hints file: C:\build\agent1\_work\6\s\quackyducky\out\QD.Parse_newSessionTicket.fsti.hints; ran without hints
Unable to open hints file: C:\build\agent1\_work\6\s\quackyducky\out\QD.Parse_serverHello.fsti.hints; ran without hints
Unable to open hints file: C:\build\agent1\_work\6\s\quackyducky\out\QD.Parse_supportedVersions.fst.hints; ran without hints
Unable to open hints file: C:\build\agent1\_work\6\s\quackyducky\out\QD.Parse_keyShareHelloRetryRequest.fst.hints; ran without hints
Unable to open hints file: C:\build\agent1\_work\6\s\quackyducky\out\QD.Parse_protocolVersion.fst.hints; ran without hints
Unable to open hints file: C:\build\agent1\_work\6\s\quackyducky\out\QD.Parse_cookie.fst.hints; ran without hints
Unable to open hints file: C:\build\agent1\_work\6\s\quackyducky\out\QD.Parse_signatureSchemeList.fst.hints; ran without hints
Unable to open hints file: C:\build\agent1\_work\6\s\quackyducky\out\QD.Parse_keyShareClientHello.fst.hints; ran without hints
Unable to open hints file: C:\build\agent1\_work\6\s\quackyducky\out\QD.Parse_oIDFilter.fst.hints; ran without hints
Unable to open hints file: C:\build\agent1\_work\6\s\quackyducky\out\QD.Parse_handshake.fst.hints; ran without hints
Unable to open hints file: C:\build\agent1\_work\6\s\quackyducky\out\QD.Parse_pskKeyExchangeModes.fst.hints; ran without hints
Unable to open hints file: C:\build\agent1\_work\6\s\quackyducky\out\QD.Parse_pskIdentity.fst.hints; ran without hints
Unable to open hints file: C:\build\agent1\_work\6\s\quackyducky\out\QD.Parse_tLSPlaintext.fst.hints; ran without hints
Unable to open hints file: C:\build\agent1\_work\6\s\quackyducky\out\QD.Parse_encryptedExtensions.fst.hints; ran without hints
Unable to open hints file: C:\build\agent1\_work\6\s\quackyducky\out\QD.Parse_offeredPsks.fst.hints; ran without hints
Unable to open hints file: C:\build\agent1\_work\6\s\quackyducky\out\QD.Parse_keyShareEntry.fst.hints; ran without hints
Unable to open hints file: C:\build\agent1\_work\6\s\quackyducky\out\QD.Parse_contentType.fst.hints; ran without hints
Unable to open hints file: C:\build\agent1\_work\6\s\quackyducky\out\QD.Parse_newSessionTicket.fst.hints; ran without hints
Unable to open hints file: C:\build\agent1\_work\6\s\quackyducky\out\QD.Parse_cipherSuite.fst.hints; ran without hints
Unable to open hints file: C:\build\agent1\_work\6\s\quackyducky\out\QD.Parse_earlyDataIndication.fst.hints; ran without hints
Unable to open hints file: C:\build\agent1\_work\6\s\quackyducky\out\QD.Parse_pskBinderEntry.fst.hints; ran without hints
Unable to open hints file: C:\build\agent1\_work\6\s\quackyducky\out\QD.Parse_oIDFilterExtension.fst.hints; ran without hints
Unable to open hints file: C:\build\agent1\_work\6\s\quackyducky\out\QD.Parse_distinguishedName.fst.hints; ran without hints
Unable to open hints file: C:\build\agent1\_work\6\s\quackyducky\out\QD.Parse_keyShareServerHello.fst.hints; ran without hints
Unable to open hints file: C:\build\agent1\_work\6\s\quackyducky\out\QD.Parse_keyUpdate.fst.hints; ran without hints
Unable to open hints file: C:\build\agent1\_work\6\s\quackyducky\out\QD.Parse_serverHello.fst.hints; ran without hints
Unable to open hints file: C:\build\agent1\_work\6\s\quackyducky\out\QD.Parse_preSharedKeyExtension.fst.hints; ran without hints
Unable to open hints file: C:\build\agent1\_work\6\s\quackyducky\out\QD.Parse_certificateRequest.fst.hints; ran without hints
Unable to open hints file: C:\build\agent1\_work\6\s\quackyducky\out\QD.Parse_namedGroupList.fst.hints; ran without hints
Unable to open hints file: C:\build\agent1\_work\6\s\quackyducky\out\QD.Parse_alertLevel.fst.hints; ran without hints
Unable to open hints file: C:\build\agent1\_work\6\s\quackyducky\out\QD.Parse_certificateType.fst.hints; ran without hints
Unable to open hints file: C:\build\agent1\_work\6\s\quackyducky\out\QD.Parse_certificate.fsti.hints; ran without hints
Unable to open hints file: C:\build\agent1\_work\6\s\quackyducky\out\QD.Parse_keyUpdateRequest.fst.hints; ran without hints
Unable to open hints file: C:\build\agent1\_work\6\s\quackyducky\out\QD.Parse_certificateEntry.fst.hints; ran without hints
Unable to open hints file: C:\build\agent1\_work\6\s\quackyducky\out\QD.Parse_certificateVerify.fst.hints; ran without hints
Unable to open hints file: C:\build\agent1\_work\6\s\quackyducky\out\QD.Parse_clientHello.fst.hints; ran without hints
Unable to open hints file: C:\build\agent1\_work\6\s\quackyducky\out\QD.Parse_random.fst.hints; ran without hints
Unable to open hints file: C:\build\agent1\_work\6\s\quackyducky\out\QD.Parse_pskKeyExchangeMode.fst.hints; ran without hints
Unable to open hints file: C:\build\agent1\_work\6\s\quackyducky\out\QD.Parse_certificateAuthoritiesExtension.fst.hints; ran without hints
Unable to open hints file: C:\build\agent1\_work\6\s\quackyducky\out\QD.Parse_extension.fst.hints; ran without hints
Unable to open hints file: C:\build\agent1\_work\6\s\quackyducky\out\QD.Parse_tLSCiphertext.fst.hints; ran without hints
Unable to open hints file: C:\build\agent1\_work\6\s\quackyducky\out\QD.Parse_namedGroup.fst.hints; ran without hints
Unable to open hints file: C:\build\agent1\_work\6\s\quackyducky\out\QD.Parse_certificate.fst.hints; ran without hints
Unable to open hints file: C:\build\agent1\_work\6\s\quackyducky\out\QD.Parse_signatureScheme.fst.hints; ran without hints
Unable to open hints file: C:\build\agent1\_work\6\s\quackyducky\out\QD.Parse_handshakeType.fst.hints; ran without hints
Unable to open hints file: C:\build\agent1\_work\6\s\quackyducky\out\QD.Parse_extensionType.fst.hints; ran without hints
