cp: cannot stat 'hacl-star/providers/generated/*.c': No such file or directory
cp: cannot stat 'hacl-star/providers/generated/*.h': No such file or directory
cp: cannot stat 'hacl-star/providers/evercrypt/c/*.h': No such file or directory
cp: cannot stat 'C:/build/agent2/_work/12/s/hacl-star/code/hash/sha2-c/TestLib.h': No such file or directory
cp: cannot stat 'C:/build/agent2/_work/12/s/hacl-star/code/hash/sha2-c/Hacl_SHA2_256.c': No such file or directory
cp: cannot stat 'C:/build/agent2/_work/12/s/hacl-star/code/hash/sha2-c/Hacl_SHA2_256.h': No such file or directory
cp: cannot stat 'C:/build/agent2/_work/12/s/hacl-star/code/hash/sha2-c/Hacl_SHA2_384.c': No such file or directory
cp: cannot stat 'C:/build/agent2/_work/12/s/hacl-star/code/hash/sha2-c/Hacl_SHA2_384.h': No such file or directory
cp: cannot stat 'C:/build/agent2/_work/12/s/hacl-star/code/hash/sha2-c/Hacl_SHA2_512.c': No such file or directory
cp: cannot stat 'C:/build/agent2/_work/12/s/hacl-star/code/hash/sha2-c/Hacl_SHA2_512.h': No such file or directory
cp: cannot stat 'C:/build/agent2/_work/12/s/hacl-star/code/ed25519/ed25519-c/Hacl_Ed25519.c': No such file or directory
cp: cannot stat 'C:/build/agent2/_work/12/s/hacl-star/code/ed25519/ed25519-c/Hacl_Ed25519.h': No such file or directory
cp: cannot stat 'C:/build/agent2/_work/12/s/hacl-star/code/hmac/hmac-sha256-c/Hacl_HMAC_SHA2_256.c': No such file or directory
cp: cannot stat 'C:/build/agent2/_work/12/s/hacl-star/code/hmac/hmac-sha256-c/Hacl_HMAC_SHA2_256.h': No such file or directory
cp: cannot stat 'mitls-fstar/src/tls/extract/Kremlin-Library/*.c': No such file or directory
cp: cannot stat 'mitls-fstar/src/tls/extract/Kremlin-Library/*.h': No such file or directory
cp: cannot stat 'mitls-fstar/src/tls/extract/Kremlin-Library/curve/*.c': No such file or directory
cp: cannot stat 'mitls-fstar/src/tls/extract/Kremlin-Library/curve/*.h': No such file or directory
cp: cannot stat 'mitls-fstar/src/tls/extract/Kremlin-Library/include/*.h': No such file or directory
cp: cannot stat 'mitls-fstar/src/tls/extract/Kremlin-Library/kreminc/*': No such file or directory
cp: cannot stat 'mitls-fstar/src/tls/extract/Kremlin-Library/secure/*.c': No such file or directory
cp: cannot stat 'mitls-fstar/src/tls/extract/Kremlin-Library/secure/*.h': No such file or directory
cp: cannot stat 'mitls-fstar/src/tls/extract/Kremlin-Library/stub/*.c': No such file or directory
cp: cannot stat 'mitls-fstar/src/tls/extract/Kremlin-Library/stub/*.h': No such file or directory
cp: cannot stat 'mitls-fstar/src/tls/extract/Kremlin-Library/vale/*.c': No such file or directory
cp: cannot stat 'mitls-fstar/src/tls/extract/Kremlin-Library/vale/*.h': No such file or directory
cp: cannot stat 'C:/build/agent2/_work/12/s/hacl-star/secure_api/out/runtime_switch/crypto/*.c': No such file or directory
cp: cannot stat 'C:/build/agent2/_work/12/s/hacl-star/secure_api/out/runtime_switch/crypto/*.h': No such file or directory
cp: cannot stat 'C:/build/agent2/_work/12/s/hacl-star/secure_api/out/runtime_switch/uint128/*.c': No such file or directory
cp: cannot stat 'C:/build/agent2/_work/12/s/hacl-star/secure_api/out/runtime_switch/uint128/*.h': No such file or directory
cp: cannot stat 'MLCrypto/*.h': No such file or directory
cp: cannot stat 'mitls-fstar/src/pki/win/*.h': No such file or directory
cp: cannot stat 'mitls-fstar/src/tls/extract/Kremlin-Library/libmitls.dll': No such file or directory
cp: cannot stat 'hacl-star/secure_api/out/runtime_switch/libquicprovider.dll': No such file or directory
cp: cannot stat 'mitls-fstar/src/pki/libmipki.dll': No such file or directory

Microsoft (R) Program Maintenance Utility Version 14.12.25835.0
Copyright (C) Microsoft Corporation.  All rights reserved.

NMAKE : fatal error U1077: '"C:\Program Files (x86)\Microsoft Visual Studio\2017\Enterprise\VC\Tools\MSVC\14.12.25827\bin\HostX64\x64\cl.EXE"' : return code '0x2'
Stop.
