make: *** [Makefile:78: extracted/Makefile.include] Error 1
make: *** Waiting for unfinished jobs....
make: *** [Makefile:84: uint128/Makefile.include] Error 1
dos2unix: converting file parser/parse.fsi to Unix format...
Warning: you are using the standard library and/or the %inline keyword. We
recommend switching on --infer in order to avoid obscure type error messages.
warning: CRLF will be replaced by LF in src/parser/parse.fsy.
The file will have its original line endings in your working directory.
FStar.Pointer.Base.fst(2678,22-2678,27): (Error 96) This pattern (_) binds an inaccesible argument; use a wildcard ('_') pattern
1 error was reported (see above)
make[4]: *** [Makefile.extract:11: FStar.Pointer.Base.fst.checked.lax] Error 1
make[4]: Target 'all-ml' not remade because of errors.
make[3]: *** [Makefile:32: fstarlib.mgen] Error 2
make[3]: Target 'install-fstarlib' not remade because of errors.
make[2]: *** [Makefile:2: all] Error 2
make[1]: *** [Makefile:186: fstarlib] Error 2
make: *** [Makefile:171: utest-prelude] Error 2
Command exited with non-zero status 2
8.37user 31.50system 3:55.87elapsed 16%CPU (0avgtext+0avgdata 890283776maxresident)k
0inputs+0outputs (3660870major+0minor)pagefaults 0swaps
