From https://github.com/project-everest/vale
* [new branch]      lowstar    -> origin/lowstar
From https://github.com/mitls/mitls-fstar
c89f28b6..16dfc2a5  master     -> origin/master
From https://github.com/mitls/hacl-star
eaab15f8..64c1bb8c  fstar-master -> origin/fstar-master
dos2unix: converting file parser/parse.fsi to Unix format...
Warning: you are using the standard library and/or the %inline keyword. We
recommend switching on --infer in order to avoid obscure type error messages.
warning: CRLF will be replaced by LF in src/parser/parse.fsy.
The file will have its original line endings in your working directory.
FStar.IFC.fst(130,6-130,10): (Error 66) Failed to resolve implicit argument ?46 of type FStar.IFC.lattice_element (*?u44*) _ introduced for Instantiating implicit argument in application
1 error was reported (see above)
make[4]: *** [Makefile.extract:11: FStar.IFC.fst.checked.lax] Error 1
FStar.OrdSet.fst(45,29-45,36): (Error 66) Failed to resolve implicit argument ?20 of type FStar.OrdSet.cmp a introduced for Instantiating implicit argument in application
1 error was reported (see above)
make[4]: *** [Makefile.extract:11: FStar.OrdSet.fst.checked.lax] Error 1
FStar.Integers.fst(103,0-125,41): (Error 66) Failed to resolve implicit argument of type 'FStar.Integers.signed_width' in the type of u (
x:
FStar.Integers.int_t (FStar.Integers.Signed (FStar.Integers.Winfinite))
{FStar.Integers.within_bounds sw x} ->
Prims.Tot
(y: FStar.Integers.int_t sw {FStar.Integers.norm (FStar.Integers.v x == FStar.Integers.v y)}))
1 error was reported (see above)
make[4]: *** [Makefile.extract:11: FStar.Integers.fst.checked.lax] Error 1
make[4]: Target 'all-ml' not remade because of errors.
make[3]: *** [Makefile:32: fstarlib.mgen] Error 2
make[3]: Target 'install-fstarlib' not remade because of errors.
make[2]: *** [Makefile:2: all] Error 2
make[1]: *** [Makefile:173: fstarlib] Error 2
make: *** [Makefile:158: utest-prelude] Error 2
Command exited with non-zero status 2
7.50user 28.32system 4:18.11elapsed 13%CPU (0avgtext+0avgdata 852016896maxresident)k
0inputs+0outputs (3504108major+0minor)pagefaults 0swaps
