/bin/bash: krml: command not found
make: *** [Makefile:78: extracted/Makefile.include] Error 127
make: *** Waiting for unfinished jobs....
/bin/bash: krml: command not found
make: *** [Makefile:84: uint128/Makefile.include] Error 127
dos2unix: converting file parser/parse.fsi to Unix format...
Warning: you are using the standard library and/or the %inline keyword. We
recommend switching on --infer in order to avoid obscure type error messages.
C:/build/agent1/_work/1/s/ulib/FStar.Seq.Base.fst(250,19-250,30): (Warning 288) FStar.Seq.Base.createEmpty is deprecated, use Seq.empty instead
C:/build/agent1/_work/1/s/ulib/FStar.Seq.Base.fst(257,21-257,32): (Warning 288) FStar.Seq.Base.createEmpty is deprecated, use Seq.empty instead
C:/build/agent1/_work/1/s/ulib/FStar.Seq.Properties.fst(628,10-628,21): (Warning 288) FStar.Seq.Base.createEmpty is deprecated, use Seq.empty instead
C:/build/agent1/_work/1/s/ulib/FStar.Seq.Properties.fst(699,74-699,85): (Warning 288) FStar.Seq.Base.createEmpty is deprecated, use Seq.empty instead
C:/build/agent1/_work/1/s/ulib/FStar.Seq.Properties.fst(875,27-875,38): (Warning 288) FStar.Seq.Base.createEmpty is deprecated, use Seq.empty instead
C:/build/agent1/_work/1/s/ulib/FStar.Seq.Properties.fst(877,30-877,41): (Warning 288) FStar.Seq.Base.createEmpty is deprecated, use Seq.empty instead
C:/build/agent1/_work/1/s/ulib/FStar.UInt.fst(216,20-216,31): (Warning 288) FStar.Seq.Base.createEmpty is deprecated, use Seq.empty instead
C:/build/agent1/_work/1/s/src/tests/FStar.Tests.Util.fs(20,11-20,16): (Error 134) Namespace FStar.Tests cannot be found
1 error was reported (see above)
make[2]: *** [Makefile.boot:65: .cache.boot/FStar.Tests.Util.fs.checked.lax] Error 1
make[2]: Target 'all-ml' not remade because of errors.
make[1]: *** [Makefile:108: ocaml] Error 2
make[1]: Target 'fstar-ocaml' not remade because of errors.
make: *** [Makefile:161: utest-prelude] Error 2
Command exited with non-zero status 2
3.98user 15.15system 2:58.94elapsed 10%CPU (0avgtext+0avgdata 417365504maxresident)k
0inputs+0outputs (1723570major+0minor)pagefaults 0swaps
