From https://github.com/mitls/mitls-fstar
ea7d265d..457352fa  master     -> origin/master
From https://github.com/mitls/hacl-star
a2651849..ff6297d0  fstar-master -> origin/fstar-master
6a8b1e44..c19630ee  pqcrypto     -> origin/pqcrypto
/bin/bash: krml: command not found
make: *** [Makefile:78: extracted/Makefile.include] Error 127
make: *** Waiting for unfinished jobs....
/bin/bash: krml: command not found
make: *** [Makefile:84: uint128/Makefile.include] Error 127
dos2unix: converting file parser/parse.fsi to Unix format...
Warning: you are using the standard library and/or the %inline keyword. We
recommend switching on --infer in order to avoid obscure type error messages.
make[1]: *** No rule to make target 'boot/FStar.TypeChecker.NBETerm.fsti', needed by 'boot'.
make[1]: *** No rule to make target 'boot/FStar.TypeChecker.NBE.fst', needed by 'boot'.
make[1]: Target 'fstar-ocaml' not remade because of errors.
make: *** [Makefile:165: utest-prelude] Error 2
Command exited with non-zero status 2
2.71user 8.60system 2:05.24elapsed 9%CPU (0avgtext+0avgdata 211591168maxresident)k
0inputs+0outputs (889735major+0minor)pagefaults 0swaps
