From https://github.com/mitls/hacl-star
5f4b084a..da7ff60f  dev        -> origin/dev
9fa5ee65..d9e34d4b  pqcrypto   -> origin/pqcrypto
make: *** [Makefile:78: extracted/Makefile.include] Error 1
make: *** Waiting for unfinished jobs....
make: *** [Makefile:84: uint128/Makefile.include] Error 1
dos2unix: converting file parser/parse.fsi to Unix format...
Warning: you are using the standard library and/or the %inline keyword. We
recommend switching on --infer in order to avoid obscure type error messages.
warning: CRLF will be replaced by LF in src/parser/parse.fsy.
The file will have its original line endings in your working directory.
FStar.ModifiesGen.fst(1507,4-1507,14): (Error 54) (*?u59*) _ is not equal to the expected type _
1 error was reported (see above)
make[4]: *** [Makefile.extract:11: FStar.ModifiesGen.fst.checked.lax] Error 1
FStar.Pointer.Base.fst(1758,10-1761,48): (Error 54) (*?u495*) _ is not equal to the expected type t1
1 error was reported (see above)
make[4]: *** [Makefile.extract:11: FStar.Pointer.Base.fst.checked.lax] Error 1
make[4]: Target 'all-ml' not remade because of errors.
make[3]: *** [Makefile:32: fstarlib.mgen] Error 2
make[3]: Target 'install-fstarlib' not remade because of errors.
make[2]: *** [Makefile:2: all] Error 2
make[1]: *** [Makefile:186: fstarlib] Error 2
make: *** [Makefile:171: utest-prelude] Error 2
Command exited with non-zero status 2
7.78user 35.50system 4:00.22elapsed 18%CPU (0avgtext+0avgdata 888214272maxresident)k
0inputs+0outputs (3652590major+0minor)pagefaults 0swaps
