From https://github.com/mitls/hacl-star
ff3142e13..acaf169c6  lib_merge_new -> origin/lib_merge_new
make: *** [Makefile:83: extracted/Makefile.include] Error 1
make: *** Waiting for unfinished jobs....
make: *** [Makefile:93: dist/uint128/Makefile.include] Error 1
dos2unix: converting file parser/parse.fsi to Unix format...
Warning: you are using the standard library and/or the %inline keyword. We
recommend switching on --infer in order to avoid obscure type error messages.
warning: CRLF will be replaced by LF in src/parser/parse.fsy.
The file will have its original line endings in your working directory.
FStar.Monotonic.Map.fst(65,20-65,31): (Warning 288) FStar.HyperStack.ST.stable_on_t is deprecated, use FStar.HyperStack.ST.stable_on instead
FStar.Monotonic.Map.fst(84,4-84,14): (Warning 288) FStar.HyperStack.ST.mr_witness is deprecated, use FStar.HyperStack.ST.witness_p instead
FStar.Monotonic.Map.fst(85,4-85,14): (Warning 288) FStar.HyperStack.ST.mr_witness is deprecated, use FStar.HyperStack.ST.witness_p instead
FStar.Monotonic.Map.fst(105,8-105,18): (Warning 288) FStar.HyperStack.ST.mr_witness is deprecated, use FStar.HyperStack.ST.witness_p instead
FStar.Monotonic.Map.fst(106,8-106,18): (Warning 288) FStar.HyperStack.ST.mr_witness is deprecated, use FStar.HyperStack.ST.witness_p instead
FStar.Monotonic.DependentMap.fsti(135,24-135,35): (Warning 288) FStar.HyperStack.ST.stable_on_t is deprecated, use FStar.HyperStack.ST.stable_on instead
FStar.Monotonic.DependentMap.fsti(147,24-147,35): (Warning 288) FStar.HyperStack.ST.stable_on_t is deprecated, use FStar.HyperStack.ST.stable_on instead
FStar.Monotonic.DependentMap.fst(53,4-53,14): (Warning 288) FStar.HyperStack.ST.mr_witness is deprecated, use FStar.HyperStack.ST.witness_p instead
FStar.Monotonic.DependentMap.fst(61,6-61,16): (Warning 288) FStar.HyperStack.ST.mr_witness is deprecated, use FStar.HyperStack.ST.witness_p instead
FStar.Monotonic.Seq.fst(60,19-60,30): (Warning 288) FStar.HyperStack.ST.stable_on_t is deprecated, use FStar.HyperStack.ST.stable_on instead
FStar.Monotonic.Seq.fst(80,4-80,14): (Warning 288) FStar.HyperStack.ST.mr_witness is deprecated, use FStar.HyperStack.ST.witness_p instead
FStar.Monotonic.Seq.fst(102,19-102,30): (Warning 288) FStar.HyperStack.ST.stable_on_t is deprecated, use FStar.HyperStack.ST.stable_on instead
FStar.Monotonic.Seq.fst(109,19-109,30): (Warning 288) FStar.HyperStack.ST.stable_on_t is deprecated, use FStar.HyperStack.ST.stable_on instead
FStar.Monotonic.Seq.fst(142,4-142,14): (Warning 288) FStar.HyperStack.ST.mr_witness is deprecated, use FStar.HyperStack.ST.witness_p instead
FStar.Monotonic.Seq.fst(160,2-160,12): (Warning 288) FStar.HyperStack.ST.mr_witness is deprecated, use FStar.HyperStack.ST.witness_p instead
FStar.Monotonic.Seq.fst(168,2-168,12): (Warning 288) FStar.HyperStack.ST.mr_witness is deprecated, use FStar.HyperStack.ST.witness_p instead
FStar.Monotonic.Seq.fst(259,10-259,21): (Warning 288) FStar.HyperStack.ST.stable_on_t is deprecated, use FStar.HyperStack.ST.stable_on instead
FStar.Monotonic.Seq.fst(273,11-273,22): (Warning 288) FStar.HyperStack.ST.stable_on_t is deprecated, use FStar.HyperStack.ST.stable_on instead
FStar.Monotonic.Seq.fst(320,11-320,22): (Warning 288) FStar.HyperStack.ST.stable_on_t is deprecated, use FStar.HyperStack.ST.stable_on instead
FStar.Monotonic.Seq.fst(343,11-343,22): (Warning 288) FStar.HyperStack.ST.stable_on_t is deprecated, use FStar.HyperStack.ST.stable_on instead
FStar.Monotonic.Seq.fst(369,11-369,22): (Warning 288) FStar.HyperStack.ST.stable_on_t is deprecated, use FStar.HyperStack.ST.stable_on instead
FStar.Monotonic.Seq.fst(386,4-386,14): (Warning 288) FStar.HyperStack.ST.mr_witness is deprecated, use FStar.HyperStack.ST.witness_p instead
FStar.Monotonic.Seq.fst(403,4-403,14): (Warning 288) FStar.HyperStack.ST.mr_witness is deprecated, use FStar.HyperStack.ST.witness_p instead
LowStar.Monotonic.Buffer.fsti(1585,51-1585,68): (Warning 288) FStar.Monotonic.HyperStack.is_eternal_region is deprecated, use FStar.HyperStack.ST.is_eternal_region instead
LowStar.Monotonic.Buffer.fsti(1585,51-1585,68): (Warning 288) FStar.Monotonic.HyperStack.is_eternal_region is deprecated, use FStar.HyperStack.ST.is_eternal_region instead
FStar.Reflection.Types.fsti(12,21-12,32): (Warning 252) (Hint-replay failed): Subtyping check failed; expected type Prims.eqtype; got type Type0 (see also prims.fst(27,22-27,29))
FStar.Int.fst(115,47-115,48): (Warning 252) (Hint-replay failed): Subtyping check failed; expected type Prims.eqtype; got type Type0 (see also prims.fst(27,22-27,29))
FStar.Int.fst(115,47-115,48): (Warning 252) (Hint-replay failed): Subtyping check failed; expected type Prims.eqtype; got type Type0 (see also prims.fst(27,22-27,29))
FStar.Algebra.Monoid.fst(139,9-139,52): (Warning 252) (Hint-replay failed): Failed to prove that the type 'FStar.Algebra.Monoid.monoid_morphism' supports decidable equality because of this argument; add either the 'noeq' or 'unopteq' qualifier (see also FStar.Algebra.Monoid.fst(137,0-141,27))
FStar.Algebra.Monoid.fst(139,9-139,52): (Warning 252) (Hint-replay failed): Failed to prove that the type 'FStar.Algebra.Monoid.monoid_morphism' supports decidable equality because of this argument; add either the 'noeq' or 'unopteq' qualifier (see also FStar.Algebra.Monoid.fst(137,0-141,27))
FStar.List.Tot.Base.fst(488,88-488,89): (Warning 252) (Hint-replay failed): Subtyping check failed; expected type Prims.eqtype; got type Type0 (see also prims.fst(27,22-27,29))
FStar.Reflection.Data.fst(95,19-95,22): (Warning 252) (Hint-replay failed): Subtyping check failed; expected type Prims.eqtype; got type Type0 (see also prims.fst(27,22-27,29))
FStar.Reflection.Data.fst(99,10-99,13): (Warning 252) (Hint-replay failed): Failed to prove that the type 'FStar.Reflection.Data.exp' supports decidable equality because of this argument; add either the 'noeq' or 'unopteq' qualifier (see also FStar.Reflection.Data.fst(97,0-100,28))
FStar.Reflection.Data.fst(95,19-95,22): (Warning 252) (Hint-replay failed): Subtyping check failed; expected type Prims.eqtype; got type Type0 (see also prims.fst(27,22-27,29))
FStar.Reflection.Data.fst(99,10-99,13): (Warning 252) (Hint-replay failed): Failed to prove that the type 'FStar.Reflection.Data.exp' supports decidable equality because of this argument; add either the 'noeq' or 'unopteq' qualifier (see also FStar.Reflection.Data.fst(97,0-100,28))
FStar.List.Tot.Properties.fst(26,32-26,38): (Warning 252) (Hint-replay failed): Subtyping check failed; expected type Prims.eqtype; got type Type0 (see also prims.fst(27,22-27,29))
FStar.List.Tot.Properties.fst(66,18-66,24): (Warning 252) (Hint-replay failed): Subtyping check failed; expected type Prims.eqtype; got type Type0 (see also prims.fst(27,22-27,29))
FStar.List.Tot.Properties.fst(281,52-281,58): (Warning 252) (Hint-replay failed): Subtyping check failed; expected type Prims.eqtype; got type Type0 (see also prims.fst(27,22-27,29))
FStar.List.Tot.Properties.fst(353,40-353,45): (Warning 252) (Hint-replay failed): Subtyping check failed; expected type Prims.eqtype; got type Type0 (see also prims.fst(27,22-27,29))
FStar.List.Tot.Properties.fst(858,2-858,37): (Warning 252) (Hint-replay failed): could not prove post-condition (see also FStar.List.Tot.Properties.fst(856,12-856,18))
FStar.List.Tot.Properties.fst(858,2-858,37): (Warning 252) could not prove post-condition (see also FStar.List.Tot.Properties.fst(856,12-856,18))
FStar.List.Tot.Properties.fst(887,2-888,24): (Warning 252) (Hint-replay failed): could not prove post-condition (see also FStar.List.Tot.Properties.fst(886,12-886,18))
FStar.List.Tot.Properties.fst(26,32-26,38): (Warning 252) (Hint-replay failed): Subtyping check failed; expected type Prims.eqtype; got type Type0 (see also prims.fst(27,22-27,29))
FStar.List.Tot.Properties.fst(67,4-67,14): (Warning 252) (Hint-replay failed): Subtyping check failed; expected type Prims.eqtype; got type Type0 (see also prims.fst(27,22-27,29))
FStar.List.Tot.Properties.fst(283,8-283,17): (Warning 252) (Hint-replay failed): Subtyping check failed; expected type Prims.eqtype; got type Type0 (see also prims.fst(27,22-27,29))
FStar.List.Tot.Properties.fst(355,8-355,28): (Warning 252) (Hint-replay failed): Subtyping check failed; expected type Prims.eqtype; got type Type0 (see also prims.fst(27,22-27,29))
FStar.Monotonic.Heap.fsti(31,15-31,22): (Warning 252) (Hint-replay failed): Subtyping check failed; expected type Prims.eqtype; got type Type0 (see also prims.fst(27,22-27,29))
FStar.Monotonic.Heap.fsti(46,64-46,67): (Warning 252) (Hint-replay failed): Subtyping check failed; expected type Prims.eqtype; got type Type0 (see also prims.fst(27,22-27,29))
FStar.Monotonic.Heap.fsti(48,72-48,75): (Warning 252) (Hint-replay failed): Subtyping check failed; expected type Prims.eqtype; got type Type0 (see also prims.fst(27,22-27,29))
FStar.Monotonic.Heap.fsti(48,88-48,91): (Warning 252) (Hint-replay failed): Subtyping check failed; expected type Prims.eqtype; got type Type0 (see also prims.fst(27,22-27,29))
FStar.Monotonic.Heap.fsti(50,57-50,60): (Warning 252) (Hint-replay failed): Subtyping check failed; expected type Prims.eqtype; got type Type0 (see also prims.fst(27,22-27,29))
FStar.Monotonic.Heap.fsti(50,88-50,91): (Warning 252) (Hint-replay failed): Subtyping check failed; expected type Prims.eqtype; got type Type0 (see also prims.fst(27,22-27,29))
FStar.Monotonic.Heap.fsti(53,13-53,16): (Warning 252) (Hint-replay failed): Subtyping check failed; expected type Prims.eqtype; got type Type0 (see also prims.fst(27,22-27,29))
FStar.Monotonic.Heap.fsti(79,20-79,23): (Warning 252) (Hint-replay failed): Subtyping check failed; expected type Prims.eqtype; got type Type0 (see also prims.fst(27,22-27,29))
FStar.Monotonic.Heap.fsti(79,74-79,75): (Warning 252) (Hint-replay failed): Subtyping check failed; expected type Prims.eqtype; got type Type0 (see also prims.fst(27,22-27,29))
FStar.Monotonic.Heap.fsti(98,20-98,27): (Warning 252) (Hint-replay failed): Subtyping check failed; expected type Prims.eqtype; got type Type0 (see also prims.fst(27,22-27,29))
FStar.Monotonic.Heap.fsti(104,77-104,84): (Warning 252) (Hint-replay failed): Subtyping check failed; expected type Prims.eqtype; got type Type0 (see also prims.fst(27,22-27,29))
FStar.Monotonic.Heap.fsti(109,85-109,92): (Warning 252) (Hint-replay failed): Subtyping check failed; expected type Prims.eqtype; got type Type0 (see also prims.fst(27,22-27,29))
FStar.Monotonic.Heap.fsti(119,20-119,27): (Warning 252) (Hint-replay failed): Subtyping check failed; expected type Prims.eqtype; got type Type0 (see also prims.fst(27,22-27,29))
FStar.Monotonic.Heap.fsti(132,20-132,27): (Warning 252) (Hint-replay failed): Subtyping check failed; expected type Prims.eqtype; got type Type0 (see also prims.fst(27,22-27,29))
FStar.Monotonic.Heap.fsti(140,14-140,21): (Warning 252) (Hint-replay failed): Subtyping check failed; expected type Prims.eqtype; got type Type0 (see also prims.fst(27,22-27,29))
FStar.Monotonic.Heap.fsti(148,15-148,22): (Warning 252) (Hint-replay failed): Subtyping check failed; expected type Prims.eqtype; got type Type0 (see also prims.fst(27,22-27,29))
FStar.Monotonic.Heap.fsti(165,39-165,46): (Warning 252) (Hint-replay failed): Subtyping check failed; expected type Prims.eqtype; got type Type0 (see also prims.fst(27,22-27,29))
FStar.Monotonic.Heap.fsti(176,20-176,27): (Warning 252) (Hint-replay failed): Subtyping check failed; expected type Prims.eqtype; got type Type0 (see also prims.fst(27,22-27,29))
FStar.Monotonic.Heap.fsti(181,20-181,27): (Warning 252) (Hint-replay failed): Subtyping check failed; expected type Prims.eqtype; got type Type0 (see also prims.fst(27,22-27,29))
FStar.Monotonic.Heap.fsti(210,48-210,55): (Warning 252) (Hint-replay failed): Subtyping check failed; expected type Prims.eqtype; got type Type0 (see also prims.fst(27,22-27,29))
FStar.Monotonic.Heap.fsti(215,39-215,46): (Warning 252) (Hint-replay failed): Subtyping check failed; expected type Prims.eqtype; got type Type0 (see also prims.fst(27,22-27,29))
FStar.Monotonic.Heap.fsti(222,21-222,28): (Warning 252) (Hint-replay failed): Subtyping check failed; expected type Prims.eqtype; got type Type0 (see also prims.fst(27,22-27,29))
FStar.Monotonic.Heap.fsti(227,20-227,28): (Warning 252) (Hint-replay failed): Subtyping check failed; expected type Prims.eqtype; got type Type0 (see also prims.fst(27,22-27,29))
FStar.Monotonic.Heap.fsti(232,20-232,28): (Warning 252) (Hint-replay failed): Subtyping check failed; expected type Prims.eqtype; got type Type0 (see also prims.fst(27,22-27,29))
FStar.Monotonic.Heap.fsti(246,37-246,40): (Warning 252) (Hint-replay failed): Subtyping check failed; expected type Prims.eqtype; got type Type0 (see also prims.fst(27,22-27,29))
FStar.Monotonic.Heap.fsti(252,60-252,67): (Warning 252) (Hint-replay failed): Subtyping check failed; expected type Prims.eqtype; got type Type0 (see also prims.fst(27,22-27,29))
FStar.OrdSet.fst(48,16-48,18): (Warning 252) (Hint-replay failed): Subtyping check failed; expected type Prims.eqtype; got type Type0 (see also prims.fst(27,22-27,29))
FStar.ST.fst(86,39-86,47): (Warning 252) (Hint-replay failed): Subtyping check failed; expected type Prims.eqtype; got type Type0 (see also prims.fst(27,22-27,29))
FStar.ST.fst(103,17-103,25): (Warning 252) (Hint-replay failed): Subtyping check failed; expected type Prims.eqtype; got type Type0 (see also prims.fst(27,22-27,29))
FStar.ST.fst(124,17-124,25): (Warning 252) (Hint-replay failed): Subtyping check failed; expected type Prims.eqtype; got type Type0 (see also prims.fst(27,22-27,29))
FStar.ST.fst(130,40-130,48): (Warning 252) (Hint-replay failed): Subtyping check failed; expected type Prims.eqtype; got type Type0 (see also prims.fst(27,22-27,29))
FStar.ST.fst(86,39-86,47): (Warning 252) (Hint-replay failed): Subtyping check failed; expected type Prims.eqtype; got type Type0 (see also prims.fst(27,22-27,29))
FStar.ST.fst(103,17-103,25): (Warning 252) (Hint-replay failed): Subtyping check failed; expected type Prims.eqtype; got type Type0 (see also prims.fst(27,22-27,29))
FStar.ST.fst(124,17-124,25): (Warning 252) (Hint-replay failed): Subtyping check failed; expected type Prims.eqtype; got type Type0 (see also prims.fst(27,22-27,29))
FStar.ST.fst(130,40-130,48): (Warning 252) (Hint-replay failed): Subtyping check failed; expected type Prims.eqtype; got type Type0 (see also prims.fst(27,22-27,29))
FStar.Monotonic.HyperStack.fsti(67,17-67,18): (Warning 252) (Hint-replay failed): Subtyping check failed; expected type l: Prims.list (Prims.int * Prims.int) {Cons? l}; got type Prims.list (Prims.int * Prims.int) (see also FStar.List.Tot.Base.fst(38,18-38,25))
FStar.Monotonic.HyperStack.fsti(350,4-350,33): (Warning 252) (Hint-replay failed): assertion failed (see also FStar.Monotonic.HyperStack.fsti(54,12-57,66))
FStar.Monotonic.HyperStack.fsti(354,74-354,75): (Warning 252) (Hint-replay failed): Subtyping check failed; expected type _: FStar.Pervasives.Native.option Prims.int {Some? _}; got type FStar.Pervasives.Native.option Prims.int (see also FStar.Pervasives.Native.fst(6,4-6,8))
FStar.Monotonic.HyperStack.fsti(360,42-360,43): (Warning 252) (Hint-replay failed): Subtyping check failed; expected type _: FStar.Pervasives.Native.option Prims.int {Some? _}; got type c:
FStar.Pervasives.Native.option Prims.int
{None? c \/ FStar.Monotonic.HyperStack.is_eternal_color (Some?.v c)} (see also FStar.Pervasives.Native.fst(6,4-6,8))
FStar.Monotonic.HyperStack.fsti(370,67-370,74): (Warning 252) (Hint-replay failed): Subtyping check failed; expected type Prims.eqtype; got type Type0 (see also prims.fst(27,22-27,29))
FStar.Monotonic.HyperStack.fsti(404,37-404,40): (Warning 252) (Hint-replay failed): Subtyping check failed; expected type Prims.eqtype; got type Type0 (see also prims.fst(27,22-27,29))
FStar.Monotonic.HyperStack.fsti(422,69-422,72): (Warning 252) (Hint-replay failed): Subtyping check failed; expected type Prims.eqtype; got type Type0 (see also prims.fst(27,22-27,29))
FStar.Monotonic.HyperStack.fsti(530,64-530,76): (Warning 252) (Hint-replay failed): Subtyping check failed; expected type Prims.eqtype; got type Type0 (see also prims.fst(27,22-27,29))
FStar.Ref.fst(35,45-35,48): (Warning 252) (Hint-replay failed): Subtyping check failed; expected type Prims.eqtype; got type Type0 (see also prims.fst(27,22-27,29))
FStar.Ref.fst(45,39-45,47): (Warning 252) (Hint-replay failed): Subtyping check failed; expected type Prims.eqtype; got type Type0 (see also prims.fst(27,22-27,29))
FStar.Ref.fst(35,45-35,48): (Warning 252) (Hint-replay failed): Subtyping check failed; expected type Prims.eqtype; got type Type0 (see also prims.fst(27,22-27,29))
FStar.Ref.fst(35,45-35,48): (Warning 252) (Hint-replay failed): Subtyping check failed; expected type Prims.eqtype; got type Type0 (see also prims.fst(27,22-27,29))
FStar.Ref.fst(45,39-45,47): (Warning 252) (Hint-replay failed): Subtyping check failed; expected type Prims.eqtype; got type Type0 (see also prims.fst(27,22-27,29))
FStar.Monotonic.HyperHeap.fst(40,34-40,36): (Warning 252) (Hint-replay failed): could not prove post-condition (see also FStar.Monotonic.HyperHeap.fsti(48,34-48,48))
FStar.Monotonic.HyperHeap.fst(49,19-49,32): (Warning 252) (Hint-replay failed): Could not prove termination of this recursive call (see also FStar.Monotonic.HyperHeap.fst(47,2-50,12))
FStar.Monotonic.HyperHeap.fst(59,16-59,28): (Warning 252) (Hint-replay failed): Could not prove termination of this recursive call (see also FStar.Monotonic.HyperHeap.fst(59,4-59,28))
FStar.Monotonic.HyperHeap.fst(64,36-64,48): (Warning 252) (Hint-replay failed): Could not prove termination of this recursive call (see also FStar.Monotonic.HyperHeap.fst(62,2-69,23))
FStar.Monotonic.HyperHeap.fst(73,24-73,25): (Warning 252) (Hint-replay failed): Subtyping check failed; expected type r: FStar.Monotonic.HyperHeap.rid{FStar.Monotonic.HyperHeap.rid_length r > 0}; got type r: FStar.Monotonic.HyperHeap.rid{~(r == FStar.Monotonic.HyperHeap.root)} (see also FStar.Monotonic.HyperHeap.fsti(55,28-55,44))
FStar.Monotonic.HyperHeap.fst(83,29-83,31): (Warning 252) (Hint-replay failed): could not prove post-condition (see also FStar.Monotonic.HyperHeap.fsti(90,9-90,31))
FStar.Monotonic.HyperHeap.fst(85,33-85,35): (Warning 252) (Hint-replay failed): could not prove post-condition (see also FStar.Monotonic.HyperHeap.fsti(94,9-94,21))
FStar.Monotonic.HyperHeap.fst(89,35-89,41): (Warning 252) (Hint-replay failed): assertion failed (see also FStar.Monotonic.HyperHeap.fst(89,42-89,109))
FStar.Monotonic.HyperHeap.fst(90,76-90,117): (Warning 252) (Hint-replay failed): assertion failed
FStar.Monotonic.HyperHeap.fst(97,45-97,54): (Warning 252) (Hint-replay failed): Could not prove termination of this recursive call (see also FStar.Monotonic.HyperHeap.fst(95,2-97,54))
FStar.Monotonic.HyperHeap.fst(107,29-107,31): (Warning 252) (Hint-replay failed): could not prove post-condition (see also FStar.Monotonic.HyperHeap.fsti(156,19-156,31))
FStar.Monotonic.HyperHeap.fst(113,21-113,23): (Warning 252) (Hint-replay failed): could not prove post-condition (see also FStar.Monotonic.HyperHeap.fsti(171,19-171,30))
FStar.Monotonic.HyperHeap.fst(115,19-115,48): (Warning 252) (Hint-replay failed): could not prove post-condition (see also FStar.Monotonic.HyperHeap.fsti(175,47-175,60))
FStar.Monotonic.HyperHeap.fst(117,28-117,99): (Warning 252) (Hint-replay failed): could not prove post-condition (see also FStar.Monotonic.HyperHeap.fsti(178,47-178,60))
FStar.Seq.Base.fst(83,34-83,35): (Warning 252) (Hint-replay failed): Subtyping check failed; expected type Prims.eqtype; got type Type0 (see also prims.fst(27,22-27,29))
FStar.Seq.Base.fst(89,39-89,40): (Warning 252) (Hint-replay failed): Subtyping check failed; expected type Prims.eqtype; got type Type0 (see also prims.fst(27,22-27,29))
FStar.Seq.Base.fst(104,12-104,18): (Warning 252) (Hint-replay failed): Subtyping check failed; expected type Prims.eqtype; got type Type0 (see also prims.fst(27,22-27,29))
FStar.Seq.Base.fst(139,92-139,93): (Warning 252) (Hint-replay failed): Subtyping check failed; expected type Prims.eqtype; got type Type0 (see also prims.fst(27,22-27,29))
FStar.Seq.Base.fst(143,8-143,24): (Warning 252) (Hint-replay failed): Subtyping check failed; expected type Prims.eqtype; got type Type0 (see also prims.fst(27,22-27,29))
FStar.Seq.Base.fst(182,3-182,9): (Warning 252) (Hint-replay failed): Subtyping check failed; expected type Prims.eqtype; got type Type0 (see also prims.fst(27,22-27,29))
FStar.Seq.Base.fst(187,36-187,42): (Warning 252) (Hint-replay failed): Subtyping check failed; expected type Prims.eqtype; got type Type0 (see also prims.fst(27,22-27,29))
FStar.Seq.Base.fst(191,8-191,12): (Warning 252) (Hint-replay failed): Subtyping check failed; expected type Prims.eqtype; got type Type0 (see also prims.fst(27,22-27,29))
FStar.Seq.Base.fst(192,5-192,6): (Warning 252) (Hint-replay failed): Subtyping check failed; expected type Prims.eqtype; got type Type0 (see also prims.fst(27,22-27,29))
FStar.Seq.Base.fst(198,21-198,27): (Warning 252) (Hint-replay failed): Subtyping check failed; expected type Prims.eqtype; got type Type0 (see also prims.fst(27,22-27,29))
FStar.Seq.Base.fst(201,16-201,22): (Warning 252) (Hint-replay failed): Subtyping check failed; expected type Prims.eqtype; got type Type0 (see also prims.fst(27,22-27,29))
FStar.Seq.Base.fst(85,8-85,24): (Warning 252) (Hint-replay failed): Subtyping check failed; expected type Prims.eqtype; got type Type0 (see also prims.fst(27,22-27,29))
FStar.Seq.Base.fst(100,8-100,22): (Warning 252) (Hint-replay failed): Subtyping check failed; expected type Prims.eqtype; got type Type0 (see also prims.fst(27,22-27,29))
FStar.Seq.Base.fst(106,8-106,21): (Warning 252) (Hint-replay failed): Subtyping check failed; expected type Prims.eqtype; got type Type0 (see also prims.fst(27,22-27,29))
FStar.Seq.Base.fst(143,8-143,24): (Warning 252) (Hint-replay failed): Subtyping check failed; expected type Prims.eqtype; got type Type0 (see also prims.fst(27,22-27,29))
FStar.Seq.Base.fst(191,8-191,12): (Warning 252) (Hint-replay failed): Subtyping check failed; expected type Prims.eqtype; got type Type0 (see also prims.fst(27,22-27,29))
FStar.Seq.Base.fst(192,5-192,6): (Warning 252) (Hint-replay failed): Subtyping check failed; expected type Prims.eqtype; got type Type0 (see also prims.fst(27,22-27,29))
FStar.Seq.Base.fst(205,4-205,18): (Warning 252) (Hint-replay failed): Subtyping check failed; expected type Prims.eqtype; got type Type0 (see also prims.fst(27,22-27,29))
FStar.Monotonic.HyperStack.fsti(67,17-67,18): (Warning 252) (Hint-replay failed): Subtyping check failed; expected type l: Prims.list (Prims.int * Prims.int) {Cons? l}; got type Prims.list (Prims.int * Prims.int) (see also FStar.List.Tot.Base.fst(38,18-38,25))
FStar.Monotonic.HyperStack.fsti(350,4-350,33): (Warning 252) (Hint-replay failed): assertion failed (see also FStar.Monotonic.HyperStack.fsti(54,12-57,66))
FStar.Monotonic.HyperStack.fsti(354,74-354,75): (Warning 252) (Hint-replay failed): Subtyping check failed; expected type _: FStar.Pervasives.Native.option Prims.int {Some? _}; got type FStar.Pervasives.Native.option Prims.int (see also FStar.Pervasives.Native.fst(6,4-6,8))
FStar.Monotonic.HyperStack.fsti(360,42-360,43): (Warning 252) (Hint-replay failed): Subtyping check failed; expected type _: FStar.Pervasives.Native.option Prims.int {Some? _}; got type c:
FStar.Pervasives.Native.option Prims.int
{None? c \/ FStar.Monotonic.HyperStack.is_eternal_color (Some?.v c)} (see also FStar.Pervasives.Native.fst(6,4-6,8))
FStar.Monotonic.HyperStack.fsti(370,67-370,74): (Warning 252) (Hint-replay failed): Subtyping check failed; expected type Prims.eqtype; got type Type0 (see also prims.fst(27,22-27,29))
FStar.Monotonic.HyperStack.fsti(404,37-404,40): (Warning 252) (Hint-replay failed): Subtyping check failed; expected type Prims.eqtype; got type Type0 (see also prims.fst(27,22-27,29))
FStar.Monotonic.HyperStack.fsti(422,69-422,72): (Warning 252) (Hint-replay failed): Subtyping check failed; expected type Prims.eqtype; got type Type0 (see also prims.fst(27,22-27,29))
FStar.Monotonic.HyperStack.fst(127,15-127,27): (Warning 252) (Hint-replay failed): Subtyping check failed; expected type Prims.eqtype; got type Type0 (see also prims.fst(27,22-27,29))
FStar.Monotonic.HyperStack.fst(135,15-135,27): (Warning 252) (Hint-replay failed): Subtyping check failed; expected type Prims.eqtype; got type Type0 (see also prims.fst(27,22-27,29))
FStar.Monotonic.HyperStack.fsti(530,64-530,76): (Warning 252) (Hint-replay failed): Subtyping check failed; expected type Prims.eqtype; got type Type0 (see also prims.fst(27,22-27,29))
FStar.Monotonic.Heap.fst(18,5-18,14): (Warning 252) (Hint-replay failed): Subtyping check failed; expected type Prims.eqtype; got type Type0 (see also prims.fst(27,22-27,29))
FStar.Monotonic.Heap.fsti(31,15-31,22): (Warning 252) (Hint-replay failed): Subtyping check failed; expected type Prims.eqtype; got type Type0 (see also prims.fst(27,22-27,29))
FStar.Monotonic.Heap.fsti(46,64-46,67): (Warning 252) (Hint-replay failed): Subtyping check failed; expected type Prims.eqtype; got type Type0 (see also prims.fst(27,22-27,29))
FStar.Monotonic.Heap.fsti(48,72-48,75): (Warning 252) (Hint-replay failed): Subtyping check failed; expected type Prims.eqtype; got type Type0 (see also prims.fst(27,22-27,29))
FStar.Monotonic.Heap.fsti(48,88-48,91): (Warning 252) (Hint-replay failed): Subtyping check failed; expected type Prims.eqtype; got type Type0 (see also prims.fst(27,22-27,29))
FStar.Monotonic.Heap.fsti(50,57-50,60): (Warning 252) (Hint-replay failed): Subtyping check failed; expected type Prims.eqtype; got type Type0 (see also prims.fst(27,22-27,29))
FStar.Monotonic.Heap.fsti(50,88-50,91): (Warning 252) (Hint-replay failed): Subtyping check failed; expected type Prims.eqtype; got type Type0 (see also prims.fst(27,22-27,29))
FStar.Monotonic.Heap.fsti(53,13-53,16): (Warning 252) (Hint-replay failed): Subtyping check failed; expected type Prims.eqtype; got type Type0 (see also prims.fst(27,22-27,29))
FStar.Monotonic.Heap.fsti(79,20-79,23): (Warning 252) (Hint-replay failed): Subtyping check failed; expected type Prims.eqtype; got type Type0 (see also prims.fst(27,22-27,29))
FStar.Monotonic.Heap.fsti(79,74-79,75): (Warning 252) (Hint-replay failed): Subtyping check failed; expected type Prims.eqtype; got type Type0 (see also prims.fst(27,22-27,29))
FStar.Monotonic.Heap.fst(102,76-102,83): (Warning 252) (Hint-replay failed): Subtyping check failed; expected type Prims.eqtype; got type Type0 (see also prims.fst(27,22-27,29))
FStar.Monotonic.Heap.fst(120,63-120,70): (Warning 252) (Hint-replay failed): Subtyping check failed; expected type Prims.eqtype; got type Type0 (see also prims.fst(27,22-27,29))
FStar.Monotonic.Heap.fst(133,62-133,69): (Warning 252) (Hint-replay failed): Subtyping check failed; expected type Prims.eqtype; got type Type0 (see also prims.fst(27,22-27,29))
FStar.Monotonic.Heap.fst(146,61-146,68): (Warning 252) (Hint-replay failed): Subtyping check failed; expected type Prims.eqtype; got type Type0 (see also prims.fst(27,22-27,29))
FStar.Monotonic.Heap.fst(154,54-154,61): (Warning 252) (Hint-replay failed): Subtyping check failed; expected type Prims.eqtype; got type Type0 (see also prims.fst(27,22-27,29))
FStar.Monotonic.Heap.fst(162,27-162,35): (Warning 252) (Hint-replay failed): Subtyping check failed; expected type Prims.eqtype; got type Type0 (see also prims.fst(27,22-27,29))
FStar.Monotonic.Heap.fsti(98,20-98,27): (Warning 252) (Hint-replay failed): Subtyping check failed; expected type Prims.eqtype; got type Type0 (see also prims.fst(27,22-27,29))
FStar.Monotonic.Heap.fsti(104,77-104,84): (Warning 252) (Hint-replay failed): Subtyping check failed; expected type Prims.eqtype; got type Type0 (see also prims.fst(27,22-27,29))
FStar.Monotonic.Heap.fsti(109,85-109,92): (Warning 252) (Hint-replay failed): Subtyping check failed; expected type Prims.eqtype; got type Type0 (see also prims.fst(27,22-27,29))
FStar.Monotonic.Heap.fsti(119,20-119,27): (Warning 252) (Hint-replay failed): Subtyping check failed; expected type Prims.eqtype; got type Type0 (see also prims.fst(27,22-27,29))
FStar.Monotonic.Heap.fsti(132,20-132,27): (Warning 252) (Hint-replay failed): Subtyping check failed; expected type Prims.eqtype; got type Type0 (see also prims.fst(27,22-27,29))
FStar.Monotonic.Heap.fsti(140,14-140,21): (Warning 252) (Hint-replay failed): Subtyping check failed; expected type Prims.eqtype; got type Type0 (see also prims.fst(27,22-27,29))
FStar.Monotonic.Heap.fsti(148,15-148,22): (Warning 252) (Hint-replay failed): Subtyping check failed; expected type Prims.eqtype; got type Type0 (see also prims.fst(27,22-27,29))
FStar.Monotonic.Heap.fsti(165,39-165,46): (Warning 252) (Hint-replay failed): Subtyping check failed; expected type Prims.eqtype; got type Type0 (see also prims.fst(27,22-27,29))
FStar.Monotonic.Heap.fsti(176,20-176,27): (Warning 252) (Hint-replay failed): Subtyping check failed; expected type Prims.eqtype; got type Type0 (see also prims.fst(27,22-27,29))
FStar.Monotonic.Heap.fsti(181,20-181,27): (Warning 252) (Hint-replay failed): Subtyping check failed; expected type Prims.eqtype; got type Type0 (see also prims.fst(27,22-27,29))
FStar.Monotonic.Heap.fst(185,64-185,66): (Warning 252) (Hint-replay failed): could not prove post-condition (see also FStar.Monotonic.Heap.fsti(202,13-202,50))
FStar.Monotonic.Heap.fsti(210,48-210,55): (Warning 252) (Hint-replay failed): Subtyping check failed; expected type Prims.eqtype; got type Type0 (see also prims.fst(27,22-27,29))
FStar.Monotonic.Heap.fsti(215,39-215,46): (Warning 252) (Hint-replay failed): Subtyping check failed; expected type Prims.eqtype; got type Type0 (see also prims.fst(27,22-27,29))
FStar.Monotonic.Heap.fsti(222,21-222,28): (Warning 252) (Hint-replay failed): Subtyping check failed; expected type Prims.eqtype; got type Type0 (see also prims.fst(27,22-27,29))
FStar.Monotonic.Heap.fsti(227,20-227,28): (Warning 252) (Hint-replay failed): Subtyping check failed; expected type Prims.eqtype; got type Type0 (see also prims.fst(27,22-27,29))
FStar.Monotonic.Heap.fst(189,48-189,50): (Warning 252) (Hint-replay failed): could not prove post-condition (see also FStar.Monotonic.Heap.fsti(227,19-227,69))
FStar.Monotonic.Heap.fsti(232,20-232,28): (Warning 252) (Hint-replay failed): Subtyping check failed; expected type Prims.eqtype; got type Type0 (see also prims.fst(27,22-27,29))
FStar.Monotonic.Heap.fsti(246,37-246,40): (Warning 252) (Hint-replay failed): Subtyping check failed; expected type Prims.eqtype; got type Type0 (see also prims.fst(27,22-27,29))
FStar.Monotonic.Heap.fst(194,4-194,46): (Warning 252) (Hint-replay failed): Subtyping check failed; expected type Prims.eqtype; got type Type0 (see also prims.fst(27,22-27,29))
FStar.Monotonic.Heap.fst(194,67-194,69): (Warning 252) (Hint-replay failed): could not prove post-condition (see also FStar.Monotonic.Heap.fsti(248,19-248,41))
FStar.Monotonic.Heap.fsti(252,60-252,67): (Warning 252) (Hint-replay failed): Subtyping check failed; expected type Prims.eqtype; got type Type0 (see also prims.fst(27,22-27,29))
FStar.Monotonic.Heap.fst(207,2-207,8): (Warning 252) (Hint-replay failed): assertion failed (see also FStar.Monotonic.Heap.fst(207,9-207,21))
FStar.Monotonic.Heap.fst(232,26-232,32): (Warning 252) (Hint-replay failed): Subtyping check failed; expected type Prims.eqtype; got type Type0 (see also FStar.Monotonic.Heap.fst(224,14-224,17))
FStar.Monotonic.DependentMap.fsti(135,24-135,35): (Warning 288) FStar.HyperStack.ST.stable_on_t is deprecated, use FStar.HyperStack.ST.stable_on instead
FStar.Monotonic.DependentMap.fsti(147,24-147,35): (Warning 288) FStar.HyperStack.ST.stable_on_t is deprecated, use FStar.HyperStack.ST.stable_on instead
FStar.Monotonic.DependentMap.fsti(184,12-184,24): (Warning 252) (Hint-replay failed): Subtyping check failed; expected type Prims.eqtype; got type Type0 (see also prims.fst(27,22-27,29))
FStar.Monotonic.DependentMap.fsti(135,24-135,35): (Warning 288) FStar.HyperStack.ST.stable_on_t is deprecated, use FStar.HyperStack.ST.stable_on instead
FStar.Monotonic.DependentMap.fsti(147,24-147,35): (Warning 288) FStar.HyperStack.ST.stable_on_t is deprecated, use FStar.HyperStack.ST.stable_on instead
FStar.Monotonic.DependentMap.fst(53,4-53,14): (Warning 288) FStar.HyperStack.ST.mr_witness is deprecated, use FStar.HyperStack.ST.witness_p instead
FStar.Monotonic.DependentMap.fst(61,6-61,16): (Warning 288) FStar.HyperStack.ST.mr_witness is deprecated, use FStar.HyperStack.ST.witness_p instead
FStar.Monotonic.DependentMap.fsti(184,12-184,24): (Warning 252) (Hint-replay failed): Subtyping check failed; expected type Prims.eqtype; got type Type0 (see also prims.fst(27,22-27,29))
FStar.Monotonic.Map.fst(65,20-65,31): (Warning 288) FStar.HyperStack.ST.stable_on_t is deprecated, use FStar.HyperStack.ST.stable_on instead
FStar.Monotonic.Map.fst(84,4-84,14): (Warning 288) FStar.HyperStack.ST.mr_witness is deprecated, use FStar.HyperStack.ST.witness_p instead
FStar.Monotonic.Map.fst(85,4-85,14): (Warning 288) FStar.HyperStack.ST.mr_witness is deprecated, use FStar.HyperStack.ST.witness_p instead
FStar.Monotonic.Map.fst(105,8-105,18): (Warning 288) FStar.HyperStack.ST.mr_witness is deprecated, use FStar.HyperStack.ST.witness_p instead
FStar.Monotonic.Map.fst(106,8-106,18): (Warning 288) FStar.HyperStack.ST.mr_witness is deprecated, use FStar.HyperStack.ST.witness_p instead
FStar.Monotonic.Map.fst(76,15-76,27): (Warning 252) (Hint-replay failed): Subtyping check failed; expected type Prims.eqtype; got type Type0 (see also prims.fst(27,22-27,29))
FStar.Monotonic.Map.fst(76,15-76,27): (Warning 252) (Hint-replay failed): Subtyping check failed; expected type Prims.eqtype; got type Type0 (see also prims.fst(27,22-27,29))
FStar.Util.fst(13,29-13,36): (Warning 252) (Hint-replay failed): Subtyping check failed; expected type Prims.eqtype; got type Type0 (see also prims.fst(27,22-27,29))
FStar.Util.fst(14,41-14,44): (Warning 252) (Hint-replay failed): Subtyping check failed; expected type Prims.eqtype; got type Type0 (see also prims.fst(27,22-27,29))
FStar.Util.fst(14,74-14,75): (Warning 252) (Hint-replay failed): Subtyping check failed; expected type Prims.eqtype; got type Type0 (see also prims.fst(27,22-27,29))
FStar.Util.fst(13,29-13,36): (Warning 252) (Hint-replay failed): Subtyping check failed; expected type Prims.eqtype; got type Type0 (see also prims.fst(27,22-27,29))
FStar.Util.fst(13,29-13,36): (Warning 252) (Hint-replay failed): Subtyping check failed; expected type Prims.eqtype; got type Type0 (see also prims.fst(27,22-27,29))
FStar.Util.fst(14,41-14,44): (Warning 252) (Hint-replay failed): Subtyping check failed; expected type Prims.eqtype; got type Type0 (see also prims.fst(27,22-27,29))
FStar.Util.fst(14,74-14,75): (Warning 252) (Hint-replay failed): Subtyping check failed; expected type Prims.eqtype; got type Type0 (see also prims.fst(27,22-27,29))
FStar.Util.fst(14,41-14,44): (Warning 252) (Hint-replay failed): Subtyping check failed; expected type Prims.eqtype; got type Type0 (see also prims.fst(27,22-27,29))
FStar.ModifiesGen.fsti(173,14-173,17): (Warning 252) (Hint-replay failed): Subtyping check failed; expected type Prims.eqtype; got type Type0 (see also prims.fst(27,22-27,29))
FStar.ModifiesGen.fsti(188,2-188,15): (Warning 252) (Hint-replay failed): Subtyping check failed; expected type Prims.eqtype; got type Type0 (see also prims.fst(27,22-27,29))
FStar.ModifiesGen.fsti(196,2-196,15): (Warning 252) (Hint-replay failed): Subtyping check failed; expected type Prims.eqtype; got type Type0 (see also prims.fst(27,22-27,29))
FStar.ModifiesGen.fsti(284,14-284,17): (Warning 252) (Hint-replay failed): Subtyping check failed; expected type Prims.eqtype; got type Type0 (see also prims.fst(27,22-27,29))
FStar.ModifiesGen.fsti(307,14-307,17): (Warning 252) (Hint-replay failed): Subtyping check failed; expected type Prims.eqtype; got type Type0 (see also prims.fst(27,22-27,29))
FStar.ModifiesGen.fsti(333,18-333,21): (Warning 252) (Hint-replay failed): Subtyping check failed; expected type Prims.eqtype; got type Type0 (see also prims.fst(27,22-27,29))
FStar.ModifiesGen.fsti(401,18-401,21): (Warning 252) (Hint-replay failed): Subtyping check failed; expected type Prims.eqtype; got type Type0 (see also prims.fst(27,22-27,29))
FStar.ModifiesGen.fsti(412,18-412,21): (Warning 252) (Hint-replay failed): Subtyping check failed; expected type Prims.eqtype; got type Type0 (see also prims.fst(27,22-27,29))
FStar.ModifiesGen.fsti(424,14-424,17): (Warning 252) (Hint-replay failed): Subtyping check failed; expected type Prims.eqtype; got type Type0 (see also prims.fst(27,22-27,29))
FStar.ModifiesGen.fsti(436,14-436,17): (Warning 252) (Hint-replay failed): Subtyping check failed; expected type Prims.eqtype; got type Type0 (see also prims.fst(27,22-27,29))
FStar.ModifiesGen.fsti(457,115-457,118): (Warning 252) (Hint-replay failed): Subtyping check failed; expected type Prims.eqtype; got type Type0 (see also prims.fst(27,22-27,29))
FStar.ModifiesGen.fsti(471,78-471,81): (Warning 252) (Hint-replay failed): Subtyping check failed; expected type Prims.eqtype; got type Type0 (see also prims.fst(27,22-27,29))
FStar.ModifiesGen.fsti(580,33-580,34): (Warning 252) (Hint-replay failed): Subtyping check failed; expected type Prims.eqtype; got type Type0 (see also prims.fst(27,22-27,29))
FStar.ModifiesGen.fsti(785,108-785,111): (Warning 252) (Hint-replay failed): Subtyping check failed; expected type _: FStar.Pervasives.Native.option Prims.int {Some? _}; got type FStar.Pervasives.Native.option Prims.int (see also FStar.Pervasives.Native.fst(6,4-6,8))
FStar.ModifiesGen.fsti(825,14-825,17): (Warning 252) (Hint-replay failed): Subtyping check failed; expected type Prims.eqtype; got type Type0 (see also prims.fst(27,22-27,29))
FStar.ModifiesGen.fsti(961,78-961,81): (Warning 252) (Hint-replay failed): Subtyping check failed; expected type Prims.eqtype; got type Type0 (see also prims.fst(27,22-27,29))
FStar.ModifiesGen.fsti(965,82-965,85): (Warning 252) (Hint-replay failed): Subtyping check failed; expected type Prims.eqtype; got type Type0 (see also prims.fst(27,22-27,29))
FStar.ModifiesGen.fsti(1001,14-1001,17): (Warning 252) (Hint-replay failed): Subtyping check failed; expected type Prims.eqtype; got type Type0 (see also prims.fst(27,22-27,29))
FStar.ModifiesGen.fsti(1007,26-1007,27): (Warning 252) (Hint-replay failed): Subtyping check failed; expected type Prims.eqtype; got type Type0 (see also prims.fst(27,22-27,29))
FStar.ModifiesGen.fsti(1068,14-1068,17): (Warning 252) (Hint-replay failed): Subtyping check failed; expected type Prims.eqtype; got type Type0 (see also prims.fst(27,22-27,29))
FStar.ModifiesGen.fsti(1137,14-1137,17): (Warning 252) (Hint-replay failed): Subtyping check failed; expected type Prims.eqtype; got type Type0 (see also prims.fst(27,22-27,29))
FStar.ModifiesGen.fsti(1164,105-1164,108): (Warning 252) (Hint-replay failed): Subtyping check failed; expected type Prims.eqtype; got type Type0 (see also prims.fst(27,22-27,29))
FStar.ModifiesGen.fsti(1193,105-1193,108): (Warning 252) (Hint-replay failed): Subtyping check failed; expected type Prims.eqtype; got type Type0 (see also prims.fst(27,22-27,29))
FStar.Seq.Properties.fst(28,80-28,86): (Warning 252) (Hint-replay failed): Subtyping check failed; expected type Prims.eqtype; got type Type0 (see also prims.fst(27,22-27,29))
FStar.Seq.Properties.fst(30,4-30,22): (Warning 252) (Hint-replay failed): Subtyping check failed; expected type Prims.eqtype; got type Type0 (see also prims.fst(27,22-27,29))
FStar.Seq.Properties.fst(34,80-34,86): (Warning 252) (Hint-replay failed): Subtyping check failed; expected type Prims.eqtype; got type Type0 (see also prims.fst(27,22-27,29))
FStar.Seq.Properties.fst(36,4-36,22): (Warning 252) (Hint-replay failed): Subtyping check failed; expected type Prims.eqtype; got type Type0 (see also prims.fst(27,22-27,29))
FStar.Seq.Properties.fst(40,85-40,91): (Warning 252) (Hint-replay failed): Subtyping check failed; expected type Prims.eqtype; got type Type0 (see also prims.fst(27,22-27,29))
FStar.Seq.Properties.fst(42,4-42,25): (Warning 252) (Hint-replay failed): Subtyping check failed; expected type Prims.eqtype; got type Type0 (see also prims.fst(27,22-27,29))
FStar.Seq.Properties.fst(46,79-46,85): (Warning 252) (Hint-replay failed): Subtyping check failed; expected type Prims.eqtype; got type Type0 (see also prims.fst(27,22-27,29))
FStar.Seq.Properties.fst(49,4-49,20): (Warning 252) (Hint-replay failed): Subtyping check failed; expected type Prims.eqtype; got type Type0 (see also prims.fst(27,22-27,29))
FStar.Seq.Properties.fst(293,12-293,17): (Warning 252) (Hint-replay failed): Subtyping check failed; expected type Prims.eqtype; got type Type0 (see also prims.fst(27,22-27,29))
FStar.Seq.Properties.fst(295,5-295,6): (Warning 252) (Hint-replay failed): Subtyping check failed; expected type Prims.eqtype; got type Type0 (see also FStar.Seq.Properties.fst(291,76-291,79))
FStar.Seq.Properties.fst(324,31-324,36): (Warning 252) (Hint-replay failed): Subtyping check failed; expected type Prims.eqtype; got type Type0 (see also prims.fst(27,22-27,29))
FStar.Seq.Properties.fst(329,31-329,36): (Warning 252) (Hint-replay failed): Subtyping check failed; expected type Prims.eqtype; got type Type0 (see also prims.fst(27,22-27,29))
FStar.Seq.Properties.fst(427,53-427,59): (Warning 252) (Hint-replay failed): Subtyping check failed; expected type Prims.eqtype; got type Type0 (see also prims.fst(27,22-27,29))
FStar.Seq.Properties.fst(428,4-428,10): (Warning 252) (Hint-replay failed): Subtyping check failed; expected type Prims.eqtype; got type Type0 (see also prims.fst(27,22-27,29))
FStar.Seq.Properties.fst(444,56-444,62): (Warning 252) (Hint-replay failed): Subtyping check failed; expected type Prims.eqtype; got type Type0 (see also prims.fst(27,22-27,29))
FStar.Seq.Properties.fst(448,4-448,22): (Warning 252) (Hint-replay failed): Subtyping check failed; expected type Prims.eqtype; got type Type0 (see also prims.fst(27,22-27,29))
FStar.Seq.Properties.fst(451,56-451,62): (Warning 252) (Hint-replay failed): Subtyping check failed; expected type Prims.eqtype; got type Type0 (see also prims.fst(27,22-27,29))
FStar.Seq.Properties.fst(455,4-455,22): (Warning 252) (Hint-replay failed): Subtyping check failed; expected type Prims.eqtype; got type Type0 (see also prims.fst(27,22-27,29))
FStar.Seq.Properties.fst(466,63-466,69): (Warning 252) (Hint-replay failed): Subtyping check failed; expected type Prims.eqtype; got type Type0 (see also prims.fst(27,22-27,29))
FStar.Seq.Properties.fst(470,4-470,28): (Warning 252) (Hint-replay failed): Subtyping check failed; expected type Prims.eqtype; got type Type0 (see also prims.fst(27,22-27,29))
FStar.Seq.Properties.fst(472,62-472,68): (Warning 252) (Hint-replay failed): Subtyping check failed; expected type Prims.eqtype; got type Type0 (see also prims.fst(27,22-27,29))
FStar.Seq.Properties.fst(476,4-476,27): (Warning 252) (Hint-replay failed): Subtyping check failed; expected type Prims.eqtype; got type Type0 (see also prims.fst(27,22-27,29))
FStar.Seq.Properties.fst(478,68-478,74): (Warning 252) (Hint-replay failed): Subtyping check failed; expected type Prims.eqtype; got type Type0 (see also prims.fst(27,22-27,29))
FStar.Seq.Properties.fst(482,4-482,21): (Warning 252) (Hint-replay failed): Subtyping check failed; expected type Prims.eqtype; got type Type0 (see also prims.fst(27,22-27,29))
FStar.Seq.Properties.fst(484,62-484,68): (Warning 252) (Hint-replay failed): Subtyping check failed; expected type Prims.eqtype; got type Type0 (see also prims.fst(27,22-27,29))
FStar.Seq.Properties.fst(488,4-488,26): (Warning 252) (Hint-replay failed): Subtyping check failed; expected type Prims.eqtype; got type Type0 (see also prims.fst(27,22-27,29))
FStar.Seq.Properties.fst(496,63-496,69): (Warning 252) (Hint-replay failed): Subtyping check failed; expected type Prims.eqtype; got type Type0 (see also prims.fst(27,22-27,29))
FStar.Seq.Properties.fst(500,4-500,27): (Warning 252) (Hint-replay failed): Subtyping check failed; expected type Prims.eqtype; got type Type0 (see also prims.fst(27,22-27,29))
FStar.Seq.Properties.fst(508,68-508,74): (Warning 252) (Hint-replay failed): Subtyping check failed; expected type Prims.eqtype; got type Type0 (see also prims.fst(27,22-27,29))
FStar.Seq.Properties.fst(513,4-513,20): (Warning 252) (Hint-replay failed): Subtyping check failed; expected type Prims.eqtype; got type Type0 (see also prims.fst(27,22-27,29))
FStar.Seq.Properties.fst(535,2-538,29): (Warning 252) (Hint-replay failed): could not prove post-condition (see also FStar.Seq.Properties.fst(533,20-533,28))
FStar.Seq.Properties.fst(681,55-681,61): (Warning 252) (Hint-replay failed): Subtyping check failed; expected type Prims.eqtype; got type Type0 (see also prims.fst(27,22-27,29))
FStar.Seq.Properties.fst(682,8-682,19): (Warning 252) (Hint-replay failed): Subtyping check failed; expected type Prims.eqtype; got type Type0 (see also prims.fst(27,22-27,29))
FStar.Seq.Properties.fst(686,55-686,61): (Warning 252) (Hint-replay failed): Subtyping check failed; expected type Prims.eqtype; got type Type0 (see also prims.fst(27,22-27,29))
FStar.Seq.Properties.fst(687,8-687,19): (Warning 252) (Hint-replay failed): Subtyping check failed; expected type Prims.eqtype; got type Type0 (see also prims.fst(27,22-27,29))
FStar.Seq.Properties.fst(720,15-720,21): (Warning 252) (Hint-replay failed): Subtyping check failed; expected type Prims.eqtype; got type Type0 (see also prims.fst(27,22-27,29))
FStar.Seq.Properties.fst(726,10-726,21): (Warning 252) (Hint-replay failed): Subtyping check failed; expected type Prims.eqtype; got type Type0 (see also prims.fst(27,22-27,29))
FStar.Seq.Properties.fst(964,27-964,38): (Warning 252) (Hint-replay failed): Subtyping check failed; expected type Prims.eqtype; got type Type0 (see also prims.fst(27,22-27,29))
FStar.Seq.Properties.fst(1051,15-1051,21): (Warning 252) (Hint-replay failed): Subtyping check failed; expected type Prims.eqtype; got type Type0 (see also prims.fst(27,22-27,29))
FStar.Seq.Properties.fst(1082,14-1082,25): (Warning 252) (Hint-replay failed): Subtyping check failed; expected type Prims.eqtype; got type Type0 (see also prims.fst(27,22-27,29))
FStar.Seq.Properties.fst(1115,12-1115,23): (Warning 252) (Hint-replay failed): Subtyping check failed; expected type Prims.eqtype; got type Type0 (see also prims.fst(27,22-27,29))
FStar.Seq.Properties.fst(30,4-30,22): (Warning 252) (Hint-replay failed): Subtyping check failed; expected type Prims.eqtype; got type Type0 (see also prims.fst(27,22-27,29))
FStar.Seq.Properties.fst(36,4-36,22): (Warning 252) (Hint-replay failed): Subtyping check failed; expected type Prims.eqtype; got type Type0 (see also prims.fst(27,22-27,29))
FStar.Seq.Properties.fst(42,4-42,25): (Warning 252) (Hint-replay failed): Subtyping check failed; expected type Prims.eqtype; got type Type0 (see also prims.fst(27,22-27,29))
FStar.Seq.Properties.fst(49,4-49,20): (Warning 252) (Hint-replay failed): Subtyping check failed; expected type Prims.eqtype; got type Type0 (see also prims.fst(27,22-27,29))
FStar.Seq.Properties.fst(294,4-294,27): (Warning 252) (Hint-replay failed): Subtyping check failed; expected type Prims.eqtype; got type Type0 (see also prims.fst(27,22-27,29))
FStar.Seq.Properties.fst(324,31-324,36): (Warning 252) (Hint-replay failed): Subtyping check failed; expected type Prims.eqtype; got type Type0 (see also prims.fst(27,22-27,29))
FStar.Seq.Properties.fst(428,4-428,10): (Warning 252) (Hint-replay failed): Subtyping check failed; expected type Prims.eqtype; got type Type0 (see also prims.fst(27,22-27,29))
FStar.Seq.Properties.fst(448,4-448,22): (Warning 252) (Hint-replay failed): Subtyping check failed; expected type Prims.eqtype; got type Type0 (see also prims.fst(27,22-27,29))
FStar.Seq.Properties.fst(455,4-455,22): (Warning 252) (Hint-replay failed): Subtyping check failed; expected type Prims.eqtype; got type Type0 (see also prims.fst(27,22-27,29))
FStar.Seq.Properties.fst(470,4-470,28): (Warning 252) (Hint-replay failed): Subtyping check failed; expected type Prims.eqtype; got type Type0 (see also prims.fst(27,22-27,29))
FStar.Seq.Properties.fst(476,4-476,27): (Warning 252) (Hint-replay failed): Subtyping check failed; expected type Prims.eqtype; got type Type0 (see also prims.fst(27,22-27,29))
FStar.Seq.Properties.fst(482,4-482,21): (Warning 252) (Hint-replay failed): Subtyping check failed; expected type Prims.eqtype; got type Type0 (see also prims.fst(27,22-27,29))
FStar.Seq.Properties.fst(488,4-488,26): (Warning 252) (Hint-replay failed): Subtyping check failed; expected type Prims.eqtype; got type Type0 (see also prims.fst(27,22-27,29))
FStar.Seq.Properties.fst(500,4-500,27): (Warning 252) (Hint-replay failed): Subtyping check failed; expected type Prims.eqtype; got type Type0 (see also prims.fst(27,22-27,29))
FStar.Seq.Properties.fst(513,4-513,20): (Warning 252) (Hint-replay failed): Subtyping check failed; expected type Prims.eqtype; got type Type0 (see also prims.fst(27,22-27,29))
FStar.Seq.Properties.fst(682,8-682,19): (Warning 252) (Hint-replay failed): Subtyping check failed; expected type Prims.eqtype; got type Type0 (see also prims.fst(27,22-27,29))
FStar.Seq.Properties.fst(687,8-687,19): (Warning 252) (Hint-replay failed): Subtyping check failed; expected type Prims.eqtype; got type Type0 (see also prims.fst(27,22-27,29))
FStar.Seq.Properties.fst(720,15-720,21): (Warning 252) (Hint-replay failed): Subtyping check failed; expected type Prims.eqtype; got type Type0 (see also prims.fst(27,22-27,29))
FStar.Seq.Properties.fst(726,10-726,21): (Warning 252) (Hint-replay failed): Subtyping check failed; expected type Prims.eqtype; got type Type0 (see also prims.fst(27,22-27,29))
FStar.Seq.Properties.fst(725,4-725,11): (Warning 252) (Hint-replay failed): Subtyping check failed; expected type Prims.eqtype; got type Type0 (see also prims.fst(27,22-27,29))
FStar.Seq.Properties.fst(964,27-964,38): (Warning 252) (Hint-replay failed): Subtyping check failed; expected type Prims.eqtype; got type Type0 (see also prims.fst(27,22-27,29))
FStar.Seq.Properties.fst(1051,15-1051,21): (Warning 252) (Hint-replay failed): Subtyping check failed; expected type Prims.eqtype; got type Type0 (see also prims.fst(27,22-27,29))
FStar.Seq.Properties.fst(1082,14-1082,25): (Warning 252) (Hint-replay failed): Subtyping check failed; expected type Prims.eqtype; got type Type0 (see also prims.fst(27,22-27,29))
FStar.Fin.fst(11,39-11,45): (Warning 252) (Hint-replay failed): Subtyping check failed; expected type Prims.eqtype; got type Type0 (see also prims.fst(27,22-27,29))
FStar.Fin.fst(13,40-13,46): (Warning 252) (Hint-replay failed): Subtyping check failed; expected type Prims.eqtype; got type Type0 (see also prims.fst(27,22-27,29))
FStar.Fin.fst(33,41-33,48): (Warning 252) (Hint-replay failed): Subtyping check failed; expected type Prims.eqtype; got type Type0 (see also prims.fst(27,22-27,29))
FStar.Fin.fst(11,39-11,45): (Warning 252) (Hint-replay failed): Subtyping check failed; expected type Prims.eqtype; got type Type0 (see also prims.fst(27,22-27,29))
FStar.Fin.fst(13,40-13,46): (Warning 252) (Hint-replay failed): Subtyping check failed; expected type Prims.eqtype; got type Type0 (see also prims.fst(27,22-27,29))
FStar.Fin.fst(33,41-33,48): (Warning 252) (Hint-replay failed): Subtyping check failed; expected type Prims.eqtype; got type Type0 (see also prims.fst(27,22-27,29))
FStar.Matrix2.fsti(32,88-32,94): (Warning 252) (Hint-replay failed): Subtyping check failed; expected type Prims.eqtype; got type Type0 (see also prims.fst(27,22-27,29))
FStar.Matrix2.fsti(33,88-33,94): (Warning 252) (Hint-replay failed): Subtyping check failed; expected type Prims.eqtype; got type Type0 (see also prims.fst(27,22-27,29))
FStar.Matrix2.fsti(38,16-38,22): (Warning 252) (Hint-replay failed): Subtyping check failed; expected type Prims.eqtype; got type Type0 (see also prims.fst(27,22-27,29))
FStar.Matrix2.fsti(43,16-43,22): (Warning 252) (Hint-replay failed): Subtyping check failed; expected type Prims.eqtype; got type Type0 (see also prims.fst(27,22-27,29))
FStar.Matrix2.fsti(57,70-57,109): (Warning 252) (Hint-replay failed): Subtyping check failed; expected type Prims.eqtype; got type Type0 (see also FStar.Matrix2.fsti(57,72-57,75))
FStar.Matrix2.fsti(72,86-72,92): (Warning 252) (Hint-replay failed): Subtyping check failed; expected type Prims.eqtype; got type Type0 (see also prims.fst(27,22-27,29))
FStar.Matrix2.fsti(77,86-77,92): (Warning 252) (Hint-replay failed): Subtyping check failed; expected type Prims.eqtype; got type Type0 (see also prims.fst(27,22-27,29))
FStar.Matrix2.fsti(83,86-83,92): (Warning 252) (Hint-replay failed): Subtyping check failed; expected type Prims.eqtype; got type Type0 (see also prims.fst(27,22-27,29))
FStar.Matrix2.fsti(88,86-88,92): (Warning 252) (Hint-replay failed): Subtyping check failed; expected type Prims.eqtype; got type Type0 (see also prims.fst(27,22-27,29))
FStar.Math.Lemmas.fst(176,9-176,10): (Warning 252) (Hint-replay failed): Subtyping check failed; expected type Prims.eqtype; got type Type0 (see also prims.fst(27,22-27,29))
FStar.Math.Lemmas.fst(418,13-418,14): (Warning 252) (Hint-replay failed): Subtyping check failed; expected type Prims.eqtype; got type Type0 (see also prims.fst(27,22-27,29))
FStar.Math.Lemmas.fst(829,12-829,13): (Warning 252) (Hint-replay failed): Subtyping check failed; expected type Prims.eqtype; got type Type0 (see also prims.fst(27,22-27,29))
FStar.Math.Lemmas.fst(343,2-351,55): (Error 16) Unknown assertion failed (SMT solver says: unknown because (resource limits reached) (fuel=8; ifuel=2; ); SMT solver says: unknown because (resource limits reached) (fuel=4; ifuel=2; ); SMT solver says: unknown because (resource limits reached) (fuel=2; ifuel=2; ); SMT solver says: unknown because (resource limits reached) (fuel=2; ifuel=1; ); SMT solver says: unknown because (resource limits reached) (fuel=2; ifuel=1; with hint))
FStar.Math.Lemmas.fst(744,2-754,61): (Error 16) Unknown assertion failed (SMT solver says: unknown because (resource limits reached) (fuel=0; ifuel=0; ); SMT solver says: unknown because (resource limits reached) (fuel=0; ifuel=0; with hint))
Verified module: FStar.Math.Lemmas (136641 milliseconds)
2 errors were reported (see above)
make[3]: *** [gmake/Makefile.tmpl:29: FStar.Math.Lemmas.fst.checked] Error 1
FStar.Monotonic.Seq.fst(60,19-60,30): (Warning 288) FStar.HyperStack.ST.stable_on_t is deprecated, use FStar.HyperStack.ST.stable_on instead
FStar.Monotonic.Seq.fst(80,4-80,14): (Warning 288) FStar.HyperStack.ST.mr_witness is deprecated, use FStar.HyperStack.ST.witness_p instead
FStar.Monotonic.Seq.fst(102,19-102,30): (Warning 288) FStar.HyperStack.ST.stable_on_t is deprecated, use FStar.HyperStack.ST.stable_on instead
FStar.Monotonic.Seq.fst(109,19-109,30): (Warning 288) FStar.HyperStack.ST.stable_on_t is deprecated, use FStar.HyperStack.ST.stable_on instead
FStar.Monotonic.Seq.fst(142,4-142,14): (Warning 288) FStar.HyperStack.ST.mr_witness is deprecated, use FStar.HyperStack.ST.witness_p instead
FStar.Monotonic.Seq.fst(160,2-160,12): (Warning 288) FStar.HyperStack.ST.mr_witness is deprecated, use FStar.HyperStack.ST.witness_p instead
FStar.Monotonic.Seq.fst(168,2-168,12): (Warning 288) FStar.HyperStack.ST.mr_witness is deprecated, use FStar.HyperStack.ST.witness_p instead
FStar.Monotonic.Seq.fst(259,10-259,21): (Warning 288) FStar.HyperStack.ST.stable_on_t is deprecated, use FStar.HyperStack.ST.stable_on instead
FStar.Monotonic.Seq.fst(273,11-273,22): (Warning 288) FStar.HyperStack.ST.stable_on_t is deprecated, use FStar.HyperStack.ST.stable_on instead
FStar.Monotonic.Seq.fst(320,11-320,22): (Warning 288) FStar.HyperStack.ST.stable_on_t is deprecated, use FStar.HyperStack.ST.stable_on instead
FStar.Monotonic.Seq.fst(343,11-343,22): (Warning 288) FStar.HyperStack.ST.stable_on_t is deprecated, use FStar.HyperStack.ST.stable_on instead
FStar.Monotonic.Seq.fst(369,11-369,22): (Warning 288) FStar.HyperStack.ST.stable_on_t is deprecated, use FStar.HyperStack.ST.stable_on instead
FStar.Monotonic.Seq.fst(386,4-386,14): (Warning 288) FStar.HyperStack.ST.mr_witness is deprecated, use FStar.HyperStack.ST.witness_p instead
FStar.Monotonic.Seq.fst(403,4-403,14): (Warning 288) FStar.HyperStack.ST.mr_witness is deprecated, use FStar.HyperStack.ST.witness_p instead
FStar.Monotonic.Seq.fst(70,10-70,22): (Warning 252) (Hint-replay failed): Subtyping check failed; expected type Prims.eqtype; got type Type0 (see also prims.fst(27,22-27,29))
FStar.Monotonic.Seq.fst(132,10-132,22): (Warning 252) (Hint-replay failed): Subtyping check failed; expected type Prims.eqtype; got type Type0 (see also prims.fst(27,22-27,29))
FStar.Monotonic.Seq.fst(148,66-148,67): (Warning 252) (Hint-replay failed): Subtyping check failed; expected type Prims.eqtype; got type Type0 (see also prims.fst(27,22-27,29))
FStar.Monotonic.Seq.fst(223,32-223,38): (Warning 252) (Hint-replay failed): Subtyping check failed; expected type Prims.eqtype; got type Type0 (see also prims.fst(27,22-27,29))
FStar.Monotonic.Seq.fst(303,11-303,17): (Warning 252) (Hint-replay failed): Subtyping check failed; expected type Prims.eqtype; got type Type0 (see also prims.fst(27,22-27,29))
FStar.Monotonic.Seq.fst(381,5-381,17): (Warning 252) (Hint-replay failed): Subtyping check failed; expected type Prims.eqtype; got type Type0 (see also prims.fst(27,22-27,29))
FStar.Monotonic.Seq.fst(399,3-399,15): (Warning 252) (Hint-replay failed): Subtyping check failed; expected type Prims.eqtype; got type Type0 (see also prims.fst(27,22-27,29))
FStar.Monotonic.Seq.fst(417,12-417,18): (Warning 252) (Hint-replay failed): Subtyping check failed; expected type Prims.eqtype; got type Type0 (see also prims.fst(27,22-27,29))
FStar.Monotonic.Seq.fst(70,10-70,22): (Warning 252) (Hint-replay failed): Subtyping check failed; expected type Prims.eqtype; got type Type0 (see also prims.fst(27,22-27,29))
FStar.Monotonic.Seq.fst(132,10-132,22): (Warning 252) (Hint-replay failed): Subtyping check failed; expected type Prims.eqtype; got type Type0 (see also prims.fst(27,22-27,29))
FStar.Monotonic.Seq.fst(148,66-148,67): (Warning 252) (Hint-replay failed): Subtyping check failed; expected type Prims.eqtype; got type Type0 (see also prims.fst(27,22-27,29))
FStar.Monotonic.Seq.fst(226,8-226,18): (Warning 252) (Hint-replay failed): Subtyping check failed; expected type Prims.eqtype; got type Type0 (see also prims.fst(27,22-27,29))
FStar.Monotonic.Seq.fst(381,5-381,17): (Warning 252) (Hint-replay failed): Subtyping check failed; expected type Prims.eqtype; got type Type0 (see also prims.fst(27,22-27,29))
FStar.Monotonic.Seq.fst(399,3-399,15): (Warning 252) (Hint-replay failed): Subtyping check failed; expected type Prims.eqtype; got type Type0 (see also prims.fst(27,22-27,29))
FStar.Monotonic.Seq.fst(417,12-417,18): (Warning 252) (Hint-replay failed): Subtyping check failed; expected type Prims.eqtype; got type Type0 (see also prims.fst(27,22-27,29))
FStar.Array.fst(46,48-46,51): (Warning 252) (Hint-replay failed): Subtyping check failed; expected type Prims.eqtype; got type Type0 (see also prims.fst(27,22-27,29))
FStar.Array.fst(52,7-52,15): (Warning 252) (Hint-replay failed): Subtyping check failed; expected type Prims.eqtype; got type Type0 (see also prims.fst(27,22-27,29))
FStar.Array.fst(62,32-62,40): (Warning 252) (Hint-replay failed): Subtyping check failed; expected type Prims.eqtype; got type Type0 (see also prims.fst(27,22-27,29))
FStar.Array.fst(77,32-77,40): (Warning 252) (Hint-replay failed): Subtyping check failed; expected type Prims.eqtype; got type Type0 (see also prims.fst(27,22-27,29))
FStar.Array.fst(99,10-99,18): (Warning 252) (Hint-replay failed): Subtyping check failed; expected type Prims.eqtype; got type Type0 (see also prims.fst(27,22-27,29))
FStar.Array.fst(108,28-108,29): (Warning 252) (Hint-replay failed): Subtyping check failed; expected type Prims.eqtype; got type Type0 (see also prims.fst(27,22-27,29))
FStar.Array.fst(114,28-114,36): (Warning 252) (Hint-replay failed): Subtyping check failed; expected type Prims.eqtype; got type Type0 (see also prims.fst(27,22-27,29))
FStar.Array.fst(125,13-125,21): (Warning 252) (Hint-replay failed): Subtyping check failed; expected type Prims.eqtype; got type Type0 (see also prims.fst(27,22-27,29))
FStar.Array.fst(137,56-137,63): (Warning 252) (Hint-replay failed): Subtyping check failed; expected type Prims.eqtype; got type Type0 (see also prims.fst(27,22-27,29))
FStar.Array.fst(148,2-148,10): (Warning 252) (Hint-replay failed): assertion failed (see also FStar.Array.fst(138,10-138,57))
FStar.Array.fst(155,31-155,39): (Warning 252) (Hint-replay failed): Subtyping check failed; expected type Prims.eqtype; got type Type0 (see also prims.fst(27,22-27,29))
FStar.Array.fst(161,2-161,10): (Warning 252) (Hint-replay failed): assertion failed (see also FStar.Array.fst(138,10-138,57))
FStar.Array.fst(168,35-168,42): (Warning 252) (Hint-replay failed): Subtyping check failed; expected type Prims.eqtype; got type Type0 (see also prims.fst(27,22-27,29))
FStar.Array.fst(192,9-192,17): (Warning 252) (Hint-replay failed): assertion failed (see also FStar.Array.fst(169,5-169,42))
FStar.Array.fst(201,6-201,13): (Warning 252) (Hint-replay failed): Subtyping check failed; expected type Prims.eqtype; got type Type0 (see also prims.fst(27,22-27,29))
FStar.Array.fst(230,10-230,18): (Warning 252) (Hint-replay failed): Subtyping check failed; expected type Prims.eqtype; got type Type0 (see also prims.fst(27,22-27,29))
FStar.Array.fst(238,2-238,6): (Warning 252) (Hint-replay failed): assertion failed (see also FStar.Array.fst(202,5-202,42))
FStar.Array.fst(46,48-46,51): (Warning 252) (Hint-replay failed): Subtyping check failed; expected type Prims.eqtype; got type Type0 (see also prims.fst(27,22-27,29))
FStar.Array.fst(46,48-46,51): (Warning 252) (Hint-replay failed): Subtyping check failed; expected type Prims.eqtype; got type Type0 (see also prims.fst(27,22-27,29))
FStar.Array.fst(53,4-53,13): (Warning 252) (Hint-replay failed): Subtyping check failed; expected type Prims.eqtype; got type Type0 (see also prims.fst(27,22-27,29))
FStar.Array.fst(64,4-64,10): (Warning 252) (Hint-replay failed): Subtyping check failed; expected type Prims.eqtype; got type Type0 (see also prims.fst(27,22-27,29))
FStar.Array.fst(83,4-83,10): (Warning 252) (Hint-replay failed): Subtyping check failed; expected type Prims.eqtype; got type Type0 (see also prims.fst(27,22-27,29))
FStar.Array.fst(101,4-101,7): (Warning 252) (Hint-replay failed): Subtyping check failed; expected type Prims.eqtype; got type Type0 (see also prims.fst(27,22-27,29))
FStar.Array.fst(109,4-109,10): (Warning 252) (Hint-replay failed): Subtyping check failed; expected type Prims.eqtype; got type Type0 (see also prims.fst(27,22-27,29))
FStar.Array.fst(115,4-115,6): (Warning 252) (Hint-replay failed): Subtyping check failed; expected type Prims.eqtype; got type Type0 (see also prims.fst(27,22-27,29))
FStar.Array.fst(127,4-127,8): (Warning 252) (Hint-replay failed): Subtyping check failed; expected type Prims.eqtype; got type Type0 (see also prims.fst(27,22-27,29))
FStar.Array.fst(144,8-144,16): (Warning 252) (Hint-replay failed): Subtyping check failed; expected type Prims.eqtype; got type Type0 (see also prims.fst(27,22-27,29))
FStar.Array.fst(159,4-159,8): (Warning 252) (Hint-replay failed): Subtyping check failed; expected type Prims.eqtype; got type Type0 (see also prims.fst(27,22-27,29))
FStar.Array.fst(188,8-188,16): (Warning 252) (Hint-replay failed): Subtyping check failed; expected type Prims.eqtype; got type Type0 (see also prims.fst(27,22-27,29))
FStar.Array.fst(216,8-216,12): (Warning 252) (Hint-replay failed): Subtyping check failed; expected type Prims.eqtype; got type Type0 (see also prims.fst(27,22-27,29))
FStar.Array.fst(236,4-236,7): (Warning 252) (Hint-replay failed): Subtyping check failed; expected type Prims.eqtype; got type Type0 (see also prims.fst(27,22-27,29))
FStar.BitVector.fst(7,33-7,39): (Warning 252) (Hint-replay failed): Subtyping check failed; expected type Prims.eqtype; got type Type0 (see also prims.fst(27,22-27,29))
FStar.BitVector.fst(11,18-11,32): (Warning 252) (Hint-replay failed): Subtyping check failed; expected type FStar.BitVector.bv_t n; got type FStar.Seq.Base.seq Prims.bool (see also FStar.BitVector.fst(7,33-7,47))
FStar.BitVector.fst(13,41-13,42): (Warning 252) (Hint-replay failed): Subtyping check failed; expected type n: Prims.nat{n < FStar.Seq.Base.length (FStar.Seq.Base.create n false)}; got type i: Prims.nat{i < n} (see also FStar.Seq.Base.fst(65,46-65,58))
FStar.BitVector.fst(15,18-15,31): (Warning 252) (Hint-replay failed): Subtyping check failed; expected type FStar.BitVector.bv_t n; got type FStar.Seq.Base.seq Prims.bool (see also FStar.BitVector.fst(7,33-7,47))
FStar.BitVector.fst(20,16-20,49): (Warning 252) (Hint-replay failed): Subtyping check failed; expected type FStar.BitVector.bv_t n; got type FStar.Seq.Base.seq Prims.bool (see also FStar.BitVector.fst(7,33-7,47))
FStar.BitVector.fst(25,16-25,49): (Warning 252) (Hint-replay failed): Subtyping check failed; expected type FStar.BitVector.bv_t n; got type FStar.Seq.Base.seq Prims.bool (see also FStar.BitVector.fst(7,33-7,47))
FStar.BitVector.fst(30,16-30,49): (Warning 252) (Hint-replay failed): Subtyping check failed; expected type FStar.BitVector.bv_t n; got type FStar.Seq.Base.seq Prims.bool (see also FStar.BitVector.fst(7,33-7,47))
FStar.BitVector.fst(35,16-35,42): (Warning 252) (Hint-replay failed): Subtyping check failed; expected type FStar.BitVector.bv_t n; got type FStar.Seq.Base.seq Prims.bool (see also FStar.BitVector.fst(7,33-7,47))
FStar.BitVector.fst(44,2-45,73): (Warning 252) (Hint-replay failed): could not prove post-condition (see also FStar.BitVector.fst(41,17-41,71))
FStar.BitVector.fst(52,2-53,73): (Warning 252) (Hint-replay failed): could not prove post-condition (see also FStar.BitVector.fst(49,17-49,71))
FStar.BitVector.fst(60,2-61,72): (Warning 252) (Hint-replay failed): could not prove post-condition (see also FStar.BitVector.fst(57,17-57,70))
FStar.BitVector.fst(68,2-69,59): (Warning 252) (Hint-replay failed): could not prove post-condition (see also FStar.BitVector.fst(65,17-65,60))
FStar.BitVector.fst(91,65-91,78): (Warning 252) (Hint-replay failed): Subtyping check failed; expected type FStar.BitVector.bv_t (j - i); got type FStar.Seq.Base.seq Prims.bool (see also FStar.BitVector.fst(7,33-7,47))
FStar.BitVector.fst(92,40-92,42): (Warning 252) (Hint-replay failed): could not prove post-condition (see also FStar.BitVector.fst(91,44-91,92))
FStar.BitVector.fst(97,67-97,80): (Warning 252) (Hint-replay failed): Subtyping check failed; expected type FStar.BitVector.bv_t (j - i); got type FStar.Seq.Base.seq Prims.bool (see also FStar.BitVector.fst(7,33-7,47))
FStar.BitVector.fst(98,42-98,44): (Warning 252) (Hint-replay failed): could not prove post-condition (see also FStar.BitVector.fst(97,44-97,94))
FStar.BitVector.fst(106,7-106,41): (Warning 252) (Hint-replay failed): Subtyping check failed; expected type FStar.BitVector.bv_t n; got type FStar.Seq.Base.seq Prims.bool (see also FStar.BitVector.fst(7,33-7,47))
FStar.BitVector.fst(112,7-112,47): (Warning 252) (Hint-replay failed): Subtyping check failed; expected type FStar.BitVector.bv_t n; got type FStar.Seq.Base.seq Prims.bool (see also FStar.BitVector.fst(7,33-7,47))
FStar.BitVector.fst(119,38-119,40): (Warning 252) (Hint-replay failed): could not prove post-condition (see also FStar.BitVector.fst(117,17-117,56))
FStar.BitVector.fst(125,38-125,40): (Warning 252) (Hint-replay failed): could not prove post-condition (see also FStar.BitVector.fst(123,17-123,66))
FStar.BitVector.fst(131,39-131,41): (Warning 252) (Hint-replay failed): could not prove post-condition (see also FStar.BitVector.fst(129,17-129,57))
FStar.BitVector.fst(137,39-137,41): (Warning 252) (Hint-replay failed): could not prove post-condition (see also FStar.BitVector.fst(135,17-135,67))
FStar.BitVector.fst(7,33-7,39): (Warning 252) (Hint-replay failed): Subtyping check failed; expected type Prims.eqtype; got type Type0 (see also prims.fst(27,22-27,29))
FStar.BitVector.fst(11,18-11,32): (Warning 252) (Hint-replay failed): Subtyping check failed; expected type FStar.BitVector.bv_t n; got type FStar.Seq.Base.seq Prims.bool (see also FStar.BitVector.fst(7,33-7,47))
FStar.BitVector.fst(13,41-13,42): (Warning 252) (Hint-replay failed): Subtyping check failed; expected type n: Prims.nat{n < FStar.Seq.Base.length (FStar.Seq.Base.create n false)}; got type i: Prims.nat{i < n} (see also FStar.Seq.Base.fst(65,46-65,58))
FStar.BitVector.fst(15,18-15,31): (Warning 252) (Hint-replay failed): Subtyping check failed; expected type FStar.BitVector.bv_t n; got type FStar.Seq.Base.seq Prims.bool (see also FStar.BitVector.fst(7,33-7,47))
FStar.BitVector.fst(20,16-20,49): (Warning 252) (Hint-replay failed): Subtyping check failed; expected type FStar.BitVector.bv_t n; got type FStar.Seq.Base.seq Prims.bool (see also FStar.BitVector.fst(7,33-7,47))
FStar.BitVector.fst(25,16-25,49): (Warning 252) (Hint-replay failed): Subtyping check failed; expected type FStar.BitVector.bv_t n; got type FStar.Seq.Base.seq Prims.bool (see also FStar.BitVector.fst(7,33-7,47))
FStar.BitVector.fst(30,16-30,49): (Warning 252) (Hint-replay failed): Subtyping check failed; expected type FStar.BitVector.bv_t n; got type FStar.Seq.Base.seq Prims.bool (see also FStar.BitVector.fst(7,33-7,47))
FStar.BitVector.fst(35,16-35,42): (Warning 252) (Hint-replay failed): Subtyping check failed; expected type FStar.BitVector.bv_t n; got type FStar.Seq.Base.seq Prims.bool (see also FStar.BitVector.fst(7,33-7,47))
FStar.BitVector.fst(92,4-92,26): (Warning 252) (Hint-replay failed): Subtyping check failed; expected type FStar.BitVector.bv_t (j - i); got type FStar.Seq.Base.seq Prims.bool (see also FStar.BitVector.fst(7,33-7,47))
FStar.BitVector.fst(98,4-98,28): (Warning 252) (Hint-replay failed): Subtyping check failed; expected type FStar.BitVector.bv_t (j - i); got type FStar.Seq.Base.seq Prims.bool (see also FStar.BitVector.fst(7,33-7,47))
FStar.BitVector.fst(106,7-106,41): (Warning 252) (Hint-replay failed): Subtyping check failed; expected type FStar.BitVector.bv_t n; got type FStar.Seq.Base.seq Prims.bool (see also FStar.BitVector.fst(7,33-7,47))
FStar.BitVector.fst(112,7-112,47): (Warning 252) (Hint-replay failed): Subtyping check failed; expected type FStar.BitVector.bv_t n; got type FStar.Seq.Base.seq Prims.bool (see also FStar.BitVector.fst(7,33-7,47))
FStar.ModifiesGen.fst(210,9-210,54): (Warning 252) (Hint-replay failed): assertion failed
FStar.ModifiesGen.fst(213,9-213,84): (Warning 252) (Hint-replay failed): assertion failed
FStar.ModifiesGen.fst(231,42-231,44): (Warning 252) (Hint-replay failed): could not prove post-condition (see also FStar.ModifiesGen.fsti(167,45-167,50))
FStar.ModifiesGen.fsti(173,14-173,17): (Warning 252) (Hint-replay failed): Subtyping check failed; expected type Prims.eqtype; got type Type0 (see also prims.fst(27,22-27,29))
FStar.ModifiesGen.fst(233,4-233,17): (Warning 252) (Hint-replay failed): Subtyping check failed; expected type Prims.eqtype; got type Type0 (see also prims.fst(27,22-27,29))
FStar.ModifiesGen.fst(238,87-238,88): (Warning 252) (Hint-replay failed): Subtyping check failed; expected type Prims.eqtype; got type Type0 (see also prims.fst(27,22-27,29))
FStar.ModifiesGen.fsti(188,2-188,15): (Warning 252) (Hint-replay failed): Subtyping check failed; expected type Prims.eqtype; got type Type0 (see also prims.fst(27,22-27,29))
FStar.ModifiesGen.fsti(196,2-196,15): (Warning 252) (Hint-replay failed): Subtyping check failed; expected type Prims.eqtype; got type Type0 (see also prims.fst(27,22-27,29))
FStar.ModifiesGen.fst(408,42-408,44): (Warning 252) (Hint-replay failed): could not prove post-condition (see also FStar.ModifiesGen.fsti(238,11-238,45))
FStar.ModifiesGen.fst(418,8-418,14): (Warning 252) (Hint-replay failed): assertion failed (see also FStar.ModifiesGen.fst(418,15-418,50))
FStar.ModifiesGen.fst(430,43-430,45): (Warning 252) (Hint-replay failed): could not prove post-condition (see also FStar.ModifiesGen.fsti(268,11-268,65))
FStar.ModifiesGen.fsti(284,14-284,17): (Warning 252) (Hint-replay failed): Subtyping check failed; expected type Prims.eqtype; got type Type0 (see also prims.fst(27,22-27,29))
FStar.ModifiesGen.fst(446,4-446,31): (Warning 252) (Hint-replay failed): Subtyping check failed; expected type Prims.eqtype; got type Type0 (see also prims.fst(27,22-27,29))
FStar.ModifiesGen.fst(448,66-448,68): (Warning 252) (Hint-replay failed): could not prove post-condition (see also FStar.ModifiesGen.fsti(300,11-300,81))
FStar.ModifiesGen.fsti(307,14-307,17): (Warning 252) (Hint-replay failed): Subtyping check failed; expected type Prims.eqtype; got type Type0 (see also prims.fst(27,22-27,29))
FStar.ModifiesGen.fst(450,4-450,33): (Warning 252) (Hint-replay failed): Subtyping check failed; expected type Prims.eqtype; got type Type0 (see also prims.fst(27,22-27,29))
FStar.ModifiesGen.fst(450,87-450,89): (Warning 252) (Hint-replay failed): could not prove post-condition (see also FStar.ModifiesGen.fsti(310,11-310,105))
FStar.ModifiesGen.fst(452,84-452,86): (Warning 252) (Hint-replay failed): could not prove post-condition (see also FStar.ModifiesGen.fsti(318,11-318,103))
FStar.ModifiesGen.fst(455,2-455,8): (Warning 252) (Hint-replay failed): assertion failed (see also FStar.ModifiesGen.fst(455,9-455,202))
FStar.ModifiesGen.fsti(333,18-333,21): (Warning 252) (Hint-replay failed): Subtyping check failed; expected type Prims.eqtype; got type Type0 (see also prims.fst(27,22-27,29))
FStar.ModifiesGen.fst(461,4-461,36): (Warning 252) (Hint-replay failed): Subtyping check failed; expected type Prims.eqtype; got type Type0 (see also prims.fst(27,22-27,29))
FStar.ModifiesGen.fst(461,91-461,93): (Warning 252) (Hint-replay failed): could not prove post-condition (see also FStar.ModifiesGen.fsti(336,11-336,111))
FStar.ModifiesGen.fst(466,43-466,47): (Warning 252) (Hint-replay failed): Subtyping check failed; expected type Prims.eqtype; got type Type0 (see also prims.fst(27,22-27,29))
FStar.ModifiesGen.fst(551,35-551,37): (Warning 252) (Hint-replay failed): could not prove post-condition (see also FStar.ModifiesGen.fsti(357,11-357,36))
FStar.ModifiesGen.fst(558,43-558,47): (Warning 252) (Hint-replay failed): Subtyping check failed; expected type Prims.eqtype; got type Type0 (see also prims.fst(27,22-27,29))
FStar.ModifiesGen.fsti(401,18-401,21): (Warning 252) (Hint-replay failed): Subtyping check failed; expected type Prims.eqtype; got type Type0 (see also prims.fst(27,22-27,29))
FStar.ModifiesGen.fst(593,4-593,32): (Warning 252) (Hint-replay failed): Subtyping check failed; expected type Prims.eqtype; got type Type0 (see also prims.fst(27,22-27,29))
FStar.ModifiesGen.fst(595,9-595,173): (Warning 252) (Hint-replay failed): assertion failed
FStar.ModifiesGen.fsti(412,18-412,21): (Warning 252) (Hint-replay failed): Subtyping check failed; expected type Prims.eqtype; got type Type0 (see also prims.fst(27,22-27,29))
FStar.ModifiesGen.fst(597,4-597,31): (Warning 252) (Hint-replay failed): Subtyping check failed; expected type Prims.eqtype; got type Type0 (see also prims.fst(27,22-27,29))
FStar.ModifiesGen.fst(597,91-597,93): (Warning 252) (Hint-replay failed): could not prove post-condition (see also FStar.ModifiesGen.fsti(415,11-415,67))
FStar.ModifiesGen.fsti(424,14-424,17): (Warning 252) (Hint-replay failed): Subtyping check failed; expected type Prims.eqtype; got type Type0 (see also prims.fst(27,22-27,29))
FStar.ModifiesGen.fst(599,4-599,37): (Warning 252) (Hint-replay failed): Subtyping check failed; expected type Prims.eqtype; got type Type0 (see also prims.fst(27,22-27,29))
FStar.ModifiesGen.fst(599,79-599,81): (Warning 252) (Hint-replay failed): could not prove post-condition (see also FStar.ModifiesGen.fsti(427,11-427,85))
FStar.ModifiesGen.fsti(436,14-436,17): (Warning 252) (Hint-replay failed): Subtyping check failed; expected type Prims.eqtype; got type Type0 (see also prims.fst(27,22-27,29))
FStar.ModifiesGen.fst(601,4-601,36): (Warning 252) (Hint-replay failed): Subtyping check failed; expected type Prims.eqtype; got type Type0 (see also prims.fst(27,22-27,29))
FStar.ModifiesGen.fst(601,78-601,80): (Warning 252) (Hint-replay failed): could not prove post-condition (see also FStar.ModifiesGen.fsti(439,24-439,42))
FStar.ModifiesGen.fst(618,73-618,75): (Warning 252) (Hint-replay failed): could not prove post-condition (see also FStar.ModifiesGen.fsti(455,2-455,70))
FStar.ModifiesGen.fsti(457,115-457,118): (Warning 252) (Hint-replay failed): Subtyping check failed; expected type Prims.eqtype; got type Type0 (see also prims.fst(27,22-27,29))
FStar.ModifiesGen.fst(620,4-620,60): (Warning 252) (Hint-replay failed): Subtyping check failed; expected type Prims.eqtype; got type Type0 (see also prims.fst(27,22-27,29))
FStar.ModifiesGen.fst(620,73-620,75): (Warning 252) (Hint-replay failed): could not prove post-condition (see also FStar.ModifiesGen.fsti(458,2-458,79))
FStar.ModifiesGen.fst(630,92-630,94): (Warning 252) (Hint-replay failed): could not prove post-condition (see also FStar.ModifiesGen.fsti(463,2-463,91))
FStar.ModifiesGen.fst(632,72-632,74): (Warning 252) (Hint-replay failed): could not prove post-condition (see also FStar.ModifiesGen.fsti(468,2-468,78))
FStar.ModifiesGen.fsti(471,78-471,81): (Warning 252) (Hint-replay failed): Subtyping check failed; expected type Prims.eqtype; got type Type0 (see also prims.fst(27,22-27,29))
FStar.ModifiesGen.fst(634,4-634,63): (Warning 252) (Hint-replay failed): Subtyping check failed; expected type Prims.eqtype; got type Type0 (see also prims.fst(27,22-27,29))
FStar.ModifiesGen.fst(634,94-634,96): (Warning 252) (Hint-replay failed): could not prove post-condition (see also FStar.ModifiesGen.fsti(473,2-473,95))
FStar.ModifiesGen.fst(636,78-636,80): (Warning 252) (Hint-replay failed): could not prove post-condition (see also FStar.ModifiesGen.fsti(478,2-478,73))
FStar.ModifiesGen.fst(920,4-920,10): (Warning 252) (Hint-replay failed): assertion failed (see also FStar.ModifiesGen.fst(920,11-920,102))
FStar.ModifiesGen.fsti(580,33-580,34): (Warning 252) (Hint-replay failed): Subtyping check failed; expected type Prims.eqtype; got type Type0 (see also prims.fst(27,22-27,29))
FStar.ModifiesGen.fst(957,4-957,26): (Warning 252) (Hint-replay failed): Subtyping check failed; expected type Prims.eqtype; got type Type0 (see also prims.fst(27,22-27,29))
FStar.ModifiesGen.fst(959,18-959,31): (Warning 252) (Hint-replay failed): Subtyping check failed; expected type Prims.eqtype; got type Type0 (see also prims.fst(27,22-27,29))
FStar.ModifiesGen.fst(977,20-977,25): (Warning 252) (Hint-replay failed): assertion failed (see also FStar.ModifiesGen.fsti(599,15-599,55))
FStar.ModifiesGen.fst(993,55-993,57): (Warning 252) (Hint-replay failed): could not prove post-condition (see also FStar.ModifiesGen.fsti(649,4-649,20))
FStar.ModifiesGen.fst(1006,62-1006,64): (Warning 252) (Hint-replay failed): could not prove post-condition (see also FStar.ModifiesGen.fsti(694,11-694,31))
FStar.ModifiesGen.fst(1009,2-1030,13): (Warning 252) (Hint-replay failed): could not prove post-condition (see also FStar.ModifiesGen.fsti(706,11-706,31))
FStar.ModifiesGen.fst(1034,79-1034,81): (Warning 252) (Hint-replay failed): could not prove post-condition (see also FStar.ModifiesGen.fsti(726,11-726,45))
FStar.ModifiesGen.fst(1057,2-1057,23): (Warning 252) (Hint-replay failed): assertion failed (see also FStar.ModifiesGen.fsti(682,33-682,51))
FStar.ModifiesGen.fst(1085,2-1086,117): (Warning 252) (Hint-replay failed): could not prove post-condition (see also FStar.ModifiesGen.fst(1084,11-1084,28))
FStar.ModifiesGen.fst(1139,2-1139,55): (Warning 252) (Hint-replay failed): could not prove post-condition (see also FStar.ModifiesGen.fst(1138,2-1138,45))
FStar.ModifiesGen.fst(1147,2-1147,4): (Warning 252) (Hint-replay failed): could not prove post-condition (see also FStar.ModifiesGen.fst(1146,2-1146,98))
FStar.ModifiesGen.fst(1155,2-1155,55): (Warning 252) (Hint-replay failed): could not prove post-condition (see also FStar.ModifiesGen.fst(1154,2-1154,66))
FStar.ModifiesGen.fsti(785,108-785,111): (Warning 252) (Hint-replay failed): Subtyping check failed; expected type _: FStar.Pervasives.Native.option Prims.int {Some? _}; got type FStar.Pervasives.Native.option Prims.int (see also FStar.Pervasives.Native.fst(6,4-6,8))
FStar.ModifiesGen.fst(1250,14-1250,17): (Warning 252) (Hint-replay failed): Subtyping check failed; expected type Prims.eqtype; got type Type0 (see also prims.fst(27,22-27,29))
FStar.ModifiesGen.fst(1262,4-1262,6): (Warning 252) (Hint-replay failed): could not prove post-condition (see also FStar.ModifiesGen.fst(721,34-721,60))
FStar.ModifiesGen.fsti(825,14-825,17): (Warning 252) (Hint-replay failed): Subtyping check failed; expected type Prims.eqtype; got type Type0 (see also prims.fst(27,22-27,29))
FStar.ModifiesGen.fst(1278,4-1278,32): (Warning 252) (Hint-replay failed): Subtyping check failed; expected type Prims.eqtype; got type Type0 (see also prims.fst(27,22-27,29))
FStar.ModifiesGen.fst(1312,80-1312,82): (Warning 252) (Hint-replay failed): Subtyping check failed; expected type u352487:
Prims.unit
{ FStar.ModifiesGen.modifies_preserves_mreferences (FStar.ModifiesGen.loc_freed_mreference r)
m
(FStar.Monotonic.HyperStack.free r m) }; got type Prims.unit (see also FStar.ModifiesGen.fst(752,13-752,51))
FStar.ModifiesGen.fst(1325,20-1325,22): (Warning 252) (Hint-replay failed): could not prove post-condition (see also FStar.ModifiesGen.fsti(503,34-503,59))
FStar.ModifiesGen.fst(1361,2-1361,8): (Warning 252) (Hint-replay failed): assertion failed (see also FStar.ModifiesGen.fst(1361,76-1361,95))
FStar.ModifiesGen.fsti(961,78-961,81): (Warning 252) (Hint-replay failed): Subtyping check failed; expected type Prims.eqtype; got type Type0 (see also prims.fst(27,22-27,29))
FStar.ModifiesGen.fst(1386,4-1386,27): (Warning 252) (Hint-replay failed): Subtyping check failed; expected type Prims.eqtype; got type Type0 (see also prims.fst(27,22-27,29))
FStar.ModifiesGen.fst(1386,42-1386,44): (Warning 252) (Hint-replay failed): could not prove post-condition (see also FStar.ModifiesGen.fsti(963,11-963,69))
FStar.ModifiesGen.fsti(965,82-965,85): (Warning 252) (Hint-replay failed): Subtyping check failed; expected type Prims.eqtype; got type Type0 (see also prims.fst(27,22-27,29))
FStar.ModifiesGen.fst(1388,4-1388,31): (Warning 252) (Hint-replay failed): Subtyping check failed; expected type Prims.eqtype; got type Type0 (see also prims.fst(27,22-27,29))
FStar.ModifiesGen.fst(1388,46-1388,48): (Warning 252) (Hint-replay failed): could not prove post-condition (see also FStar.ModifiesGen.fsti(967,11-967,73))
FStar.ModifiesGen.fsti(1001,14-1001,17): (Warning 252) (Hint-replay failed): Subtyping check failed; expected type Prims.eqtype; got type Type0 (see also prims.fst(27,22-27,29))
FStar.ModifiesGen.fsti(1007,26-1007,27): (Warning 252) (Hint-replay failed): Subtyping check failed; expected type Prims.eqtype; got type Type0 (see also prims.fst(27,22-27,29))
FStar.ModifiesGen.fst(1432,2-1432,29): (Warning 252) (Hint-replay failed): Subtyping check failed; expected type Prims.eqtype; got type Type0 (see also prims.fst(27,22-27,29))
FStar.ModifiesGen.fst(1440,2-1440,25): (Warning 252) (Hint-replay failed): Subtyping check failed; expected type Prims.eqtype; got type Type0 (see also prims.fst(27,22-27,29))
FStar.ModifiesGen.fst(1675,9-1675,171): (Warning 252) (Hint-replay failed): assertion failed
FStar.ModifiesGen.fsti(1068,14-1068,17): (Warning 252) (Hint-replay failed): Subtyping check failed; expected type Prims.eqtype; got type Type0 (see also prims.fst(27,22-27,29))
FStar.ModifiesGen.fst(1679,4-1679,30): (Warning 252) (Hint-replay failed): Subtyping check failed; expected type Prims.eqtype; got type Type0 (see also prims.fst(27,22-27,29))
FStar.ModifiesGen.fst(1680,9-1680,165): (Warning 252) (Hint-replay failed): assertion failed
FStar.ModifiesGen.fst(1695,2-1705,39): (Warning 252) (Hint-replay failed): could not prove post-condition (see also FStar.ModifiesGen.fst(1694,11-1694,84))
FStar.ModifiesGen.fst(1731,41-1731,60): (Warning 252) (Hint-replay failed): could not prove post-condition
FStar.ModifiesGen.fst(1827,2-1835,39): (Warning 252) (Hint-replay failed): could not prove post-condition (see also FStar.ModifiesGen.fst(1826,11-1826,42))
FStar.ModifiesGen.fst(1864,33-1864,37): (Warning 252) (Hint-replay failed): Subtyping check failed; expected type Prims.eqtype; got type Type0 (see also prims.fst(27,22-27,29))
FStar.ModifiesGen.fst(1894,4-1894,10): (Warning 252) (Hint-replay failed): assertion failed (see also FStar.ModifiesGen.fst(1894,11-1905,7))
FStar.ModifiesGen.fst(1937,4-1937,21): (Warning 252) (Hint-replay failed): Subtyping check failed; expected type aux:
FStar.Ghost.erased (FStar.GSet.set (FStar.ModifiesGen.aloc (c b)))
{ FStar.GSet.subset (FStar.ModifiesGen.aloc_domain (c b) regions live_addrs)
(FStar.Ghost.reveal aux) /\
FStar.GSet.subset (FStar.Ghost.reveal aux)
(FStar.ModifiesGen.aloc_domain (c b) regions (fun _ -> FStar.GSet.complement FStar.GSet.empty)
) }; got type FStar.Ghost.erased (FStar.GSet.set (FStar.ModifiesGen.aloc (c b))) (see also FStar.ModifiesGen.fst(54,8-54,71))
FStar.ModifiesGen.fst(1940,9-1940,68): (Warning 252) (Hint-replay failed): assertion failed
FStar.ModifiesGen.fst(1946,9-1946,119): (Warning 252) (Hint-replay failed): assertion failed
FStar.ModifiesGen.fsti(1137,14-1137,17): (Warning 252) (Hint-replay failed): Subtyping check failed; expected type Prims.eqtype; got type Type0 (see also prims.fst(27,22-27,29))
FStar.ModifiesGen.fst(1948,4-1948,30): (Warning 252) (Hint-replay failed): Subtyping check failed; expected type Prims.eqtype; got type Type0 (see also prims.fst(27,22-27,29))
FStar.ModifiesGen.fst(1949,9-1949,121): (Warning 252) (Hint-replay failed): assertion failed
FStar.ModifiesGen.fst(1952,9-1952,113): (Warning 252) (Hint-replay failed): assertion failed
FStar.ModifiesGen.fst(2009,9-2009,98): (Warning 252) (Hint-replay failed): assertion failed
FStar.ModifiesGen.fsti(1164,105-1164,108): (Warning 252) (Hint-replay failed): Subtyping check failed; expected type Prims.eqtype; got type Type0 (see also prims.fst(27,22-27,29))
FStar.ModifiesGen.fst(2011,4-2011,23): (Warning 252) (Hint-replay failed): Subtyping check failed; expected type Prims.eqtype; got type Type0 (see also prims.fst(27,22-27,29))
FStar.ModifiesGen.fst(2020,2-2026,167): (Warning 252) (Hint-replay failed): could not prove post-condition (see also FStar.ModifiesGen.fsti(1171,2-1171,78))
FStar.ModifiesGen.fst(2043,2-2055,81): (Warning 252) (Hint-replay failed): could not prove post-condition (see also FStar.ModifiesGen.fsti(1177,2-1177,62))
FStar.ModifiesGen.fst(2075,9-2075,56): (Warning 252) (Hint-replay failed): assertion failed
FStar.ModifiesGen.fst(2078,9-2078,48): (Warning 252) (Hint-replay failed): assertion failed
FStar.ModifiesGen.fst(2084,9-2084,98): (Warning 252) (Hint-replay failed): assertion failed
FStar.ModifiesGen.fsti(1193,105-1193,108): (Warning 252) (Hint-replay failed): Subtyping check failed; expected type Prims.eqtype; got type Type0 (see also prims.fst(27,22-27,29))
FStar.ModifiesGen.fst(2086,4-2086,23): (Warning 252) (Hint-replay failed): Subtyping check failed; expected type Prims.eqtype; got type Type0 (see also prims.fst(27,22-27,29))
make[3]: Target 'verify-core' not remade because of errors.
make[2]: *** [Makefile:12: all] Error 2
make[1]: *** [Makefile:193: fstarlib] Error 2
make: *** [Makefile:176: utest-prelude] Error 2
Command exited with non-zero status 2
13.14user 50.24system 12:27.26elapsed 8%CPU (0avgtext+0avgdata 22543904maxresident)k
0inputs+0outputs (5908842major+0minor)pagefaults 0swaps
