From https://github.com/mitls/hacl-star
1686976c..6bd29704  mini_hackathon_nyc -> origin/mini_hackathon_nyc
dos2unix: converting file parser/parse.fsi to Unix format...
Warning: you are using the standard library and/or the %inline keyword. We
recommend switching on --infer in order to avoid obscure type error messages.
C:/build/agent2/_work/2/s/ulib/FStar.Seq.Base.fst(250,19-250,30): (Warning 288) FStar.Seq.Base.createEmpty is deprecated, use Seq.empty instead
C:/build/agent2/_work/2/s/ulib/FStar.Seq.Base.fst(257,21-257,32): (Warning 288) FStar.Seq.Base.createEmpty is deprecated, use Seq.empty instead
C:/build/agent2/_work/2/s/ulib/FStar.Seq.Properties.fst(628,10-628,21): (Warning 288) FStar.Seq.Base.createEmpty is deprecated, use Seq.empty instead
C:/build/agent2/_work/2/s/ulib/FStar.Seq.Properties.fst(699,74-699,85): (Warning 288) FStar.Seq.Base.createEmpty is deprecated, use Seq.empty instead
C:/build/agent2/_work/2/s/ulib/FStar.Seq.Properties.fst(875,27-875,38): (Warning 288) FStar.Seq.Base.createEmpty is deprecated, use Seq.empty instead
C:/build/agent2/_work/2/s/ulib/FStar.Seq.Properties.fst(877,30-877,41): (Warning 288) FStar.Seq.Base.createEmpty is deprecated, use Seq.empty instead
C:/build/agent2/_work/2/s/ulib/FStar.UInt.fst(216,20-216,31): (Warning 288) FStar.Seq.Base.createEmpty is deprecated, use Seq.empty instead
warning: CRLF will be replaced by LF in src/parser/parse.fsy.
The file will have its original line endings in your working directory.
FStar.Seq.Base.fst(250,19-250,30): (Warning 288) FStar.Seq.Base.createEmpty is deprecated, use Seq.empty instead
FStar.Seq.Base.fst(257,21-257,32): (Warning 288) FStar.Seq.Base.createEmpty is deprecated, use Seq.empty instead
FStar.Seq.Properties.fst(628,10-628,21): (Warning 288) FStar.Seq.Base.createEmpty is deprecated, use Seq.empty instead
FStar.Seq.Properties.fst(699,74-699,85): (Warning 288) FStar.Seq.Base.createEmpty is deprecated, use Seq.empty instead
FStar.Seq.Properties.fst(875,27-875,38): (Warning 288) FStar.Seq.Base.createEmpty is deprecated, use Seq.empty instead
FStar.Seq.Properties.fst(877,30-877,41): (Warning 288) FStar.Seq.Base.createEmpty is deprecated, use Seq.empty instead
FStar.Monotonic.Seq.fst(187,31-187,42): (Warning 288) FStar.Seq.Base.createEmpty is deprecated, use Seq.empty instead
FStar.Monotonic.Seq.fst(285,31-285,42): (Warning 288) FStar.Seq.Base.createEmpty is deprecated, use Seq.empty instead
FStar.UInt.fst(216,20-216,31): (Warning 288) FStar.Seq.Base.createEmpty is deprecated, use Seq.empty instead
LowStar.Buffer.fst(73,11-73,22): (Warning 288) FStar.Seq.Base.createEmpty is deprecated, use Seq.empty instead
LowStar.Buffer.fst(111,16-111,27): (Warning 288) FStar.Seq.Base.createEmpty is deprecated, use Seq.empty instead
LowStar.BufferView.fst(163,13-163,24): (Warning 288) FStar.Seq.Base.createEmpty is deprecated, use Seq.empty instead
prims.fst(425,27-425,31): (Error 133) Name "Prims.pow2" not found (see also prims.fst(422,8-422,12))
1 error was reported (see above)
make[3]: *** [gmake/Makefile.tmpl:29: prims.fst.checked] Error 1
make[3]: Target 'verify-core' not remade because of errors.
make[2]: *** [Makefile:12: all] Error 2
make[1]: *** [Makefile:175: fstarlib] Error 2
make: *** [Makefile:158: utest-prelude] Error 2
Command exited with non-zero status 2
9.34user 36.24system 6:17.78elapsed 12%CPU (0avgtext+0avgdata 1058369280maxresident)k
0inputs+0outputs (4341096major+0minor)pagefaults 0swaps
