From https://github.com/mitls/hacl-star
da7ff60f..314eeb19  dev        -> origin/dev
make: *** [Makefile:78: extracted/Makefile.include] Error 1
make: *** Waiting for unfinished jobs....
make: *** [Makefile:84: uint128/Makefile.include] Error 1
dos2unix: converting file parser/parse.fsi to Unix format...
Warning: you are using the standard library and/or the %inline keyword. We
recommend switching on --infer in order to avoid obscure type error messages.
warning: CRLF will be replaced by LF in src/parser/parse.fsy.
The file will have its original line endings in your working directory.
FStar.Monotonic.Witnessed.fst(292,47-292,49): (Warning 252) (Hint-replay failed): could not prove post-condition (see also FStar.Monotonic.Witnessed.fsti(28,70-28,85))
FStar.Monotonic.Witnessed.fst(296,44-296,70): (Warning 252) (Hint-replay failed): could not prove post-condition (see also FStar.Monotonic.Witnessed.fsti(35,39-35,74))
FStar.Monotonic.Witnessed.fst(298,42-298,44): (Warning 252) (Hint-replay failed): could not prove post-condition (see also FStar.Monotonic.Witnessed.fsti(40,37-40,100))
FStar.Monotonic.Witnessed.fst(303,6-303,95): (Warning 252) (Hint-replay failed): could not prove post-condition (see also FStar.Monotonic.Witnessed.fst(302,30-302,67))
FStar.Monotonic.Witnessed.fst(307,40-307,42): (Warning 252) (Hint-replay failed): could not prove post-condition (see also FStar.Monotonic.Witnessed.fsti(52,75-52,110))
FStar.Monotonic.Witnessed.fst(312,6-312,15): (Warning 252) (Hint-replay failed): assertion failed (see also FStar.Monotonic.Witnessed.fst(106,50-106,55))
FStar.Monotonic.Witnessed.fst(319,6-319,18): (Warning 252) (Hint-replay failed): assertion failed (see also FStar.Monotonic.Witnessed.fst(211,63-211,83))
FStar.Monotonic.Witnessed.fst(323,45-323,47): (Warning 252) (Hint-replay failed): could not prove post-condition (see also FStar.Monotonic.Witnessed.fsti(70,74-70,114))
FStar.List.Tot.Base.fst(265,10-265,12): (Warning 252) (Hint-replay failed): Subtyping check failed; expected type m:
Prims.list a
{ forall (u23759: FStar.Pervasives.Native.option (x: Prims.unit{Prims.hasEq a})).
FStar.List.Tot.Base.mem_filter_spec f m u23759 }; got type Prims.list a (see also FStar.List.Tot.Base.fst(263,86-263,107))
FStar.List.Tot.Base.fst(275,2-277,4): (Warning 252) (Hint-replay failed): could not prove post-condition (see also FStar.List.Tot.Base.fst(273,11-273,16))
FStar.List.Tot.Base.fst(265,10-265,12): (Warning 252) (Hint-replay failed): Subtyping check failed; expected type m:
Prims.list a
{ forall (u58897: FStar.Pervasives.Native.option (x: Prims.unit{Prims.hasEq a})).
FStar.List.Tot.Base.mem_filter_spec f m u58897 }; got type Prims.list a (see also FStar.List.Tot.Base.fst(263,86-263,107))
FStar.List.Tot.Properties.fst(858,2-858,37): (Warning 252) (Hint-replay failed): could not prove post-condition (see also FStar.List.Tot.Properties.fst(856,12-856,18))
FStar.List.Tot.Properties.fst(858,2-858,37): (Warning 252) could not prove post-condition (see also FStar.List.Tot.Properties.fst(856,12-856,18))
FStar.List.Tot.Properties.fst(887,2-888,24): (Warning 252) (Hint-replay failed): could not prove post-condition (see also FStar.List.Tot.Properties.fst(886,12-886,18))
FStar.OrdSet.fst(48,16-48,18): (Warning 252) (Hint-replay failed): Subtyping check failed; expected type Prims.eqtype; got type Type (see also prims.fst(27,21-27,28))
FStar.Monotonic.HyperStack.fst(106,4-106,6): (Warning 252) (Hint-replay failed): could not prove post-condition (see also FStar.Monotonic.HyperStack.fst(105,12-105,46))
FStar.Monotonic.HyperStack.fst(113,4-113,6): (Warning 252) (Hint-replay failed): could not prove post-condition (see also FStar.Monotonic.HyperStack.fst(47,18-47,51))
FStar.Monotonic.HyperStack.fst(121,4-121,6): (Warning 252) (Hint-replay failed): could not prove post-condition (see also FStar.Monotonic.HyperStack.fst(119,19-119,41))
FStar.Monotonic.HyperStack.fst(134,4-134,6): (Warning 252) (Hint-replay failed): could not prove post-condition (see also FStar.Monotonic.HyperStack.fst(129,20-129,76))
FStar.Monotonic.HyperStack.fst(142,4-142,6): (Warning 252) (Hint-replay failed): could not prove post-condition (see also FStar.Monotonic.HyperStack.fst(141,9-141,59))
FStar.Monotonic.HyperStack.fst(154,4-154,6): (Warning 252) (Hint-replay failed): could not prove post-condition (see also FStar.Monotonic.HyperStack.fst(151,19-151,69))
FStar.Monotonic.HyperStack.fst(165,4-165,6): (Warning 252) (Hint-replay failed): could not prove post-condition (see also FStar.Monotonic.HyperStack.fst(164,106-164,142))
FStar.Monotonic.HyperStack.fst(181,4-181,25): (Warning 252) (Hint-replay failed): could not prove post-condition (see also FStar.Monotonic.HyperStack.fst(180,19-180,45))
FStar.Monotonic.HyperStack.fst(307,55-307,57): (Warning 252) (Hint-replay failed): could not prove post-condition (see also FStar.Monotonic.HyperStack.fst(306,17-306,31))
FStar.Monotonic.HyperStack.fst(373,4-373,33): (Warning 252) (Hint-replay failed): assertion failed (see also FStar.Monotonic.HyperStack.fst(38,12-41,66))
FStar.Monotonic.HyperStack.fst(433,6-433,8): (Warning 252) (Hint-replay failed): could not prove post-condition (see also FStar.Monotonic.HyperStack.fst(432,13-432,48))
FStar.Monotonic.HyperStack.fst(517,5-517,7): (Warning 252) (Hint-replay failed): could not prove post-condition (see also FStar.Monotonic.HyperStack.fst(516,11-516,35))
FStar.Monotonic.HyperStack.fst(373,4-373,33): (Warning 252) (Hint-replay failed): assertion failed (see also FStar.Monotonic.HyperStack.fst(38,12-41,66))
FStar.Seq.Properties.fst(474,2-477,29): (Warning 252) (Hint-replay failed): could not prove post-condition (see also FStar.Seq.Properties.fst(472,20-472,28))
FStar.Fin.fst(36,2-51,18): (Warning 252) (Hint-replay failed): could not prove post-condition (see also FStar.Fin.fst(33,41-33,68))
FStar.Fin.fst(36,2-51,18): (Warning 252) (Hint-replay failed): could not prove post-condition (see also FStar.Fin.fst(33,41-33,68))
FStar.HyperStack.ST.fst(183,46-183,48): (Warning 252) (Hint-replay failed): could not prove post-condition (see also FStar.HyperStack.ST.fst(182,72-182,104))
FStar.HyperStack.ST.fst(187,99-187,101): (Warning 252) (Hint-replay failed): could not prove post-condition (see also FStar.HyperStack.ST.fst(148,4-148,70))
FStar.HyperStack.ST.fst(190,49-190,51): (Warning 252) (Hint-replay failed): could not prove post-condition (see also FStar.HyperStack.ST.fst(189,78-189,112))
FStar.HyperStack.ST.fst(195,4-195,6): (Warning 252) (Hint-replay failed): could not prove post-condition (see also FStar.HyperStack.ST.fst(148,4-148,70))
FStar.HyperStack.ST.fst(199,57-199,59): (Warning 252) (Hint-replay failed): could not prove post-condition (see also FStar.HyperStack.ST.fst(198,79-198,115))
FStar.HyperStack.ST.fst(204,4-204,6): (Warning 252) (Hint-replay failed): could not prove post-condition (see also FStar.HyperStack.ST.fst(148,4-148,70))
FStar.HyperStack.ST.fst(208,63-208,65): (Warning 252) (Hint-replay failed): could not prove post-condition (see also FStar.HyperStack.ST.fst(207,85-207,127))
FStar.HyperStack.ST.fst(214,4-214,6): (Warning 252) (Hint-replay failed): could not prove post-condition (see also FStar.HyperStack.ST.fst(148,4-148,70))
FStar.HyperStack.ST.fst(611,4-618,38): (Warning 252) (Hint-replay failed): could not prove post-condition (see also FStar.HyperStack.ST.fst(261,91-261,115))
FStar.HyperStack.ST.fst(638,4-638,14): (Warning 252) (Hint-replay failed): assertion failed (see also FStar.HyperStack.ST.fst(101,76-101,87))
FStar.HyperStack.ST.fst(646,52-646,54): (Warning 252) (Hint-replay failed): Subtyping check failed; expected type Prims.squash (forall (x: c). FStar.HyperStack.ST.witnessed (p' x)); got type Prims.unit (see also FStar.HyperStack.ST.fst(646,32-646,48))
FStar.Monotonic.Map.fst(28,2-29,71): (Warning 252) (Hint-replay failed): assertion failed (see also FStar.Preorder.fst(12,40-12,56))
FStar.Monotonic.Map.fst(66,4-66,6): (Warning 252) (Hint-replay failed): could not prove post-condition (see also FStar.HyperStack.ST.fst(605,56-605,60))
FStar.Monotonic.Map.fst(82,6-82,8): (Warning 252) (Hint-replay failed): assertion failed (see also FStar.HyperStack.ST.fst(526,54-526,72))
FStar.Monotonic.Map.fst(105,8-105,18): (Warning 252) (Hint-replay failed): assertion failed (see also FStar.HyperStack.ST.fst(605,56-605,60))
FStar.Monotonic.Seq.fst(28,4-29,111): (Warning 252) (Hint-replay failed): assertion failed (see also FStar.Preorder.fst(12,40-12,56))
FStar.Monotonic.Seq.fst(41,4-41,6): (Warning 252) (Hint-replay failed): could not prove post-condition (see also FStar.Monotonic.Seq.fst(39,12-39,36))
FStar.Monotonic.Seq.fst(61,4-61,6): (Warning 252) (Hint-replay failed): could not prove post-condition (see also FStar.HyperStack.ST.fst(605,56-605,60))
FStar.Monotonic.Seq.fst(103,4-103,6): (Warning 252) (Hint-replay failed): could not prove post-condition (see also FStar.HyperStack.ST.fst(605,56-605,60))
FStar.Monotonic.Seq.fst(248,4-248,6): (Warning 252) (Hint-replay failed): could not prove post-condition (see also FStar.Monotonic.Seq.fst(247,8-247,35))
FStar.Monotonic.Seq.fst(260,4-260,6): (Warning 252) (Hint-replay failed): could not prove post-condition (see also FStar.HyperStack.ST.fst(605,56-605,60))
FStar.Monotonic.Seq.fst(274,4-274,6): (Warning 252) (Hint-replay failed): could not prove post-condition (see also FStar.HyperStack.ST.fst(605,56-605,60))
FStar.Monotonic.Seq.fst(303,38-303,44): (Warning 252) (Hint-replay failed): assertion failed (see also FStar.Monotonic.Seq.fst(303,45-303,62))
FStar.Monotonic.Seq.fst(344,4-344,46): (Warning 252) (Hint-replay failed): could not prove post-condition (see also FStar.HyperStack.ST.fst(605,56-605,60))
FStar.Integers.fst(414,5-428,43): (Warning 252) (Hint-replay failed): Patterns are incomplete
FStar.Integers.fst(440,5-454,43): (Warning 252) (Hint-replay failed): Patterns are incomplete
LowStar.BufferView.fst(79,31-79,33): (Warning 252) (Hint-replay failed): Subtyping check failed; expected type FStar.Seq.Properties.lseq (FStar.Pervasives.dfst vb)
(LowStar.Buffer.length (LowStar.BufferView.as_buffer vb)); got type FStar.Seq.Base.seq (FStar.Pervasives.dfst vb) (see also FStar.Seq.Properties.fst(24,19-24,36))
LowStar.BufferView.fst(84,4-98,24): (Warning 252) (Hint-replay failed): could not prove post-condition (see also LowStar.BufferView.fst(82,11-82,41))
LowStar.BufferView.fst(156,38-156,40): (Warning 252) (Hint-replay failed): Subtyping check failed; expected type FStar.Seq.Properties.lseq (FStar.Pervasives.dfst vb)
(LowStar.Buffer.length (LowStar.BufferView.as_buffer vb)); got type FStar.Seq.Base.seq (FStar.Pervasives.dfst vb) (see also FStar.Seq.Properties.fst(24,19-24,36))
FStar.ConstantTime.Integers.fst(35,30-35,32): (Warning 252) (Hint-replay failed): could not prove post-condition (see also FStar.ConstantTime.Integers.fsti(51,10-51,42))
FStar.Tactics.Derived.fst(17,4-19,15): (Warning 252) Patterns are incomplete
FStar.Tactics.Derived.fst(49,4-51,27): (Warning 252) Patterns are incomplete
FStar.Tactics.Derived.fst(56,4-58,42): (Warning 252) Patterns are incomplete
FStar.Tactics.Derived.fst(154,4-161,9): (Warning 252) Patterns are incomplete
FStar.Tactics.Derived.fst(164,4-166,59): (Warning 252) Patterns are incomplete
FStar.Tactics.Derived.fst(219,8-219,12): (Warning 252) (Hint-replay failed): assertion failed (see also FStar.Tactics.Effect.fst(69,62-69,69))
FStar.Tactics.Derived.fst(240,4-242,28): (Warning 252) (Hint-replay failed): Patterns are incomplete
FStar.Tactics.Derived.fst(240,4-242,28): (Warning 252) Patterns are incomplete
FStar.Tactics.Derived.fst(17,4-19,15): (Warning 252) Patterns are incomplete
FStar.Tactics.Derived.fst(49,4-51,27): (Warning 252) Patterns are incomplete
FStar.Tactics.Derived.fst(56,4-58,42): (Warning 252) Patterns are incomplete
FStar.Tactics.Derived.fst(154,4-161,9): (Warning 252) Patterns are incomplete
FStar.Tactics.Derived.fst(164,4-166,59): (Warning 252) Patterns are incomplete
FStar.Tactics.Derived.fst(219,8-219,12): (Warning 252) (Hint-replay failed): assertion failed (see also FStar.Tactics.Effect.fst(69,62-69,69))
FStar.Tactics.Derived.fst(240,4-242,28): (Warning 252) (Hint-replay failed): Patterns are incomplete
FStar.Tactics.Derived.fst(240,4-242,28): (Warning 252) Patterns are incomplete
FStar.BufferNG.fst(165,24-165,35): (Warning 252) (Hint-replay failed): Subtyping check failed; expected type Prims.eqtype; got type Type0 (see also prims.fst(27,21-27,28))
(Warning 252) (Hint-replay failed): assertion failed
(Warning 252) (Hint-replay failed): assertion failed
(Warning 252) (Hint-replay failed): assertion failed
FStar.Printf.fst(179,21-179,98): (Warning 252) (Hint-replay failed): Subtyping check failed; expected type (match
let FStar.Pervasives.Native.Some v =
match FStar.String.list_of_string s with
| [] -> FStar.Pervasives.Native.Some []
| ['%'] -> FStar.Pervasives.Native.None
| '%' :: 'u' :: s' ->
(match s' with
| 'y' :: s'' ->
(match FStar.Printf.parse_format s'' FStar.Printf.no_extensions with
| FStar.Pervasives.Native.None  -> FStar.Pervasives.Native.None
| FStar.Pervasives.Native.Some ds ->
FStar.Pervasives.Native.Some (FStar.Printf.Arg (FStar.Printf.U8) :: ds))
<:
Prims.Tot (FStar.Pervasives.Native.option (Prims.list FStar.Printf.dir))
| 's' :: s'' ->
(match FStar.Printf.parse_format s'' FStar.Printf.no_extensions with
| FStar.Pervasives.Native.None  -> FStar.Pervasives.Native.None
| FStar.Pervasives.Native.Some ds ->
FStar.Pervasives.Native.Some (FStar.Printf.Arg (FStar.Printf.U16) :: ds))
<:
Prims.Tot (FStar.Pervasives.Native.option (Prims.list FStar.Printf.dir))
| 'l' :: s'' ->
(match FStar.Printf.parse_format s'' FStar.Printf.no_extensions with
| FStar.Pervasives.Native.None  -> FStar.Pervasives.Native.None
| FStar.Pervasives.Native.Some ds ->
FStar.Pervasives.Native.Some (FStar.Printf.Arg (FStar.Printf.U32) :: ds))
<:
Prims.Tot (FStar.Pervasives.Native.option (Prims.list FStar.Printf.dir))
| 'L' :: s'' ->
(match FStar.Printf.parse_format s'' FStar.Printf.no_extensions with
| FStar.Pervasives.Native.None  -> FStar.Pervasives.Native.None
| FStar.Pervasives.Native.Some ds ->
FStar.Pervasives.Native.Some (FStar.Printf.Arg (FStar.Printf.U64) :: ds))
<:
Prims.Tot (FStar.Pervasives.Native.option (Prims.list FStar.Printf.dir))
| _ -> FStar.Pervasives.Native.None)
<:
FStar.Pervasives.Native.option (Prims.list FStar.Printf.dir)
| '%' :: 'X' :: s' ->
(match FStar.Printf.no_extensions s' with
| FStar.Pervasives.Native.Some (ext, rest) ->
(match FStar.Printf.parse_format rest FStar.Printf.no_extensions with
| FStar.Pervasives.Native.None  -> FStar.Pervasives.Native.None
| FStar.Pervasives.Native.Some ds ->
FStar.Pervasives.Native.Some (FStar.Printf.Arg (FStar.Printf.Extension ext) :: ds))
<:
Prims.Tot (FStar.Pervasives.Native.option (Prims.list FStar.Printf.dir))
| _ -> FStar.Pervasives.Native.None)
<:
FStar.Pervasives.Native.option (Prims.list FStar.Printf.dir)
| '%' :: c :: s' ->
(match c with
| '%' ->
(match FStar.Printf.parse_format s' FStar.Printf.no_extensions with
| FStar.Pervasives.Native.None  -> FStar.Pervasives.Native.None
| FStar.Pervasives.Native.Some ds ->
FStar.Pervasives.Native.Some (FStar.Printf.Lit '%' :: ds))
<:
Prims.Tot (FStar.Pervasives.Native.option (Prims.list FStar.Printf.dir))
| 'b' ->
(match FStar.Printf.parse_format s' FStar.Printf.no_extensions with
| FStar.Pervasives.Native.None  -> FStar.Pervasives.Native.None
| FStar.Pervasives.Native.Some ds ->
FStar.Pervasives.Native.Some (FStar.Printf.Arg (FStar.Printf.Bool) :: ds))
<:
Prims.Tot (FStar.Pervasives.Native.option (Prims.list FStar.Printf.dir))
| 'd' ->
(match FStar.Printf.parse_format s' FStar.Printf.no_extensions with
| FStar.Pervasives.Native.None  -> FStar.Pervasives.Native.None
| FStar.Pervasives.Native.Some ds ->
FStar.Pervasives.Native.Some (FStar.Printf.Arg (FStar.Printf.Int) :: ds))
<:
Prims.Tot (FStar.Pervasives.Native.option (Prims.list FStar.Printf.dir))
| 'c' ->
(match FStar.Printf.parse_format s' FStar.Printf.no_extensions with
| FStar.Pervasives.Native.None  -> FStar.Pervasives.Native.None
| FStar.Pervasives.Native.Some ds ->
FStar.Pervasives.Native.Some (FStar.Printf.Arg (FStar.Printf.Char) :: ds))
<:
Prims.Tot (FStar.Pervasives.Native.option (Prims.list FStar.Printf.dir))
| 's' ->
(match FStar.Printf.parse_format s' FStar.Printf.no_extensions with
| FStar.Pervasives.Native.None  -> FStar.Pervasives.Native.None
| FStar.Pervasives.Native.Some ds ->
FStar.Pervasives.Native.Some (FStar.Printf.Arg (FStar.Printf.String) :: ds))
<:
Prims.Tot (FStar.Pervasives.Native.option (Prims.list FStar.Printf.dir))
| 'y' ->
(match FStar.Printf.parse_format s' FStar.Printf.no_extensions with
| FStar.Pervasives.Native.None  -> FStar.Pervasives.Native.None
| FStar.Pervasives.Native.Some ds ->
FStar.Pervasives.Native.Some (FStar.Printf.Arg (FStar.Printf.I8) :: ds))
<:
Prims.Tot (FStar.Pervasives.Native.option (Prims.list FStar.Printf.dir))
| 'i' ->
(match FStar.Printf.parse_format s' FStar.Printf.no_extensions with
| FStar.Pervasives.Native.None  -> FStar.Pervasives.Native.None
| FStar.Pervasives.Native.Some ds ->
FStar.Pervasives.Native.Some (FStar.Printf.Arg (FStar.Printf.I16) :: ds))
<:
Prims.Tot (FStar.Pervasives.Native.option (Prims.list FStar.Printf.dir))
| 'l' ->
(match FStar.Printf.parse_format s' FStar.Printf.no_extensions with
| FStar.Pervasives.Native.None  -> FStar.Pervasives.Native.None
| FStar.Pervasives.Native.Some ds ->
FStar.Pervasives.Native.Some (FStar.Printf.Arg (FStar.Printf.I32) :: ds))
<:
Prims.Tot (FStar.Pervasives.Native.option (Prims.list FStar.Printf.dir))
| 'L' ->
(match FStar.Printf.parse_format s' FStar.Printf.no_extensions with
| FStar.Pervasives.Native.None  -> FStar.Pervasives.Native.None
| FStar.Pervasives.Native.Some ds ->
FStar.Pervasives.Native.Some (FStar.Printf.Arg (FStar.Printf.I64) :: ds))
<:
Prims.Tot (FStar.Pervasives.Native.option (Prims.list FStar.Printf.dir))
| _ -> FStar.Pervasives.Native.None)
<:
FStar.Pervasives.Native.option (Prims.list FStar.Printf.dir)
| c :: s' ->
(match FStar.Printf.parse_format s' FStar.Printf.no_extensions with
| FStar.Pervasives.Native.None  -> FStar.Pervasives.Native.None
| FStar.Pervasives.Native.Some ds ->
FStar.Pervasives.Native.Some (FStar.Printf.Lit c :: ds))
<:
Prims.Tot (FStar.Pervasives.Native.option (Prims.list FStar.Printf.dir))
in
v
with
| [] -> Prims.string
| FStar.Printf.Lit _ :: ds' -> FStar.Printf.dir_type ds'
| FStar.Printf.Arg a :: ds' -> _: FStar.Printf.arg_type a -> Prims.Tot (FStar.Printf.dir_type ds')
)
<:
Type0; got type FStar.Printf.dir_type (Some?.v (FStar.Printf.parse_format_string s FStar.Printf.no_extensions))
FStar.Printf.fst(190,21-190,94): (Warning 252) (Hint-replay failed): Subtyping check failed; expected type (match
let FStar.Pervasives.Native.Some v =
match FStar.String.list_of_string s with
| [] -> FStar.Pervasives.Native.Some []
| ['%'] -> FStar.Pervasives.Native.None
| '%' :: 'u' :: s' ->
(match s' with
| 'y' :: s'' ->
(match FStar.Printf.parse_format s'' parse_ext with
| FStar.Pervasives.Native.None  -> FStar.Pervasives.Native.None
| FStar.Pervasives.Native.Some ds ->
FStar.Pervasives.Native.Some (FStar.Printf.Arg (FStar.Printf.U8) :: ds))
<:
Prims.Tot (FStar.Pervasives.Native.option (Prims.list FStar.Printf.dir))
| 's' :: s'' ->
(match FStar.Printf.parse_format s'' parse_ext with
| FStar.Pervasives.Native.None  -> FStar.Pervasives.Native.None
| FStar.Pervasives.Native.Some ds ->
FStar.Pervasives.Native.Some (FStar.Printf.Arg (FStar.Printf.U16) :: ds))
<:
Prims.Tot (FStar.Pervasives.Native.option (Prims.list FStar.Printf.dir))
| 'l' :: s'' ->
(match FStar.Printf.parse_format s'' parse_ext with
| FStar.Pervasives.Native.None  -> FStar.Pervasives.Native.None
| FStar.Pervasives.Native.Some ds ->
FStar.Pervasives.Native.Some (FStar.Printf.Arg (FStar.Printf.U32) :: ds))
<:
Prims.Tot (FStar.Pervasives.Native.option (Prims.list FStar.Printf.dir))
| 'L' :: s'' ->
(match FStar.Printf.parse_format s'' parse_ext with
| FStar.Pervasives.Native.None  -> FStar.Pervasives.Native.None
| FStar.Pervasives.Native.Some ds ->
FStar.Pervasives.Native.Some (FStar.Printf.Arg (FStar.Printf.U64) :: ds))
<:
Prims.Tot (FStar.Pervasives.Native.option (Prims.list FStar.Printf.dir))
| _ -> FStar.Pervasives.Native.None)
<:
FStar.Pervasives.Native.option (Prims.list FStar.Printf.dir)
| '%' :: 'X' :: s' ->
(match parse_ext s' with
| FStar.Pervasives.Native.Some (ext, rest) ->
(match FStar.Printf.parse_format rest parse_ext with
| FStar.Pervasives.Native.None  -> FStar.Pervasives.Native.None
| FStar.Pervasives.Native.Some ds ->
FStar.Pervasives.Native.Some (FStar.Printf.Arg (FStar.Printf.Extension ext) :: ds))
<:
Prims.Tot (FStar.Pervasives.Native.option (Prims.list FStar.Printf.dir))
| _ -> FStar.Pervasives.Native.None)
<:
FStar.Pervasives.Native.option (Prims.list FStar.Printf.dir)
| '%' :: c :: s' ->
(match c with
| '%' ->
(match FStar.Printf.parse_format s' parse_ext with
| FStar.Pervasives.Native.None  -> FStar.Pervasives.Native.None
| FStar.Pervasives.Native.Some ds ->
FStar.Pervasives.Native.Some (FStar.Printf.Lit '%' :: ds))
<:
Prims.Tot (FStar.Pervasives.Native.option (Prims.list FStar.Printf.dir))
| 'b' ->
(match FStar.Printf.parse_format s' parse_ext with
| FStar.Pervasives.Native.None  -> FStar.Pervasives.Native.None
| FStar.Pervasives.Native.Some ds ->
FStar.Pervasives.Native.Some (FStar.Printf.Arg (FStar.Printf.Bool) :: ds))
<:
Prims.Tot (FStar.Pervasives.Native.option (Prims.list FStar.Printf.dir))
| 'd' ->
(match FStar.Printf.parse_format s' parse_ext with
| FStar.Pervasives.Native.None  -> FStar.Pervasives.Native.None
| FStar.Pervasives.Native.Some ds ->
FStar.Pervasives.Native.Some (FStar.Printf.Arg (FStar.Printf.Int) :: ds))
<:
Prims.Tot (FStar.Pervasives.Native.option (Prims.list FStar.Printf.dir))
| 'c' ->
(match FStar.Printf.parse_format s' parse_ext with
| FStar.Pervasives.Native.None  -> FStar.Pervasives.Native.None
| FStar.Pervasives.Native.Some ds ->
FStar.Pervasives.Native.Some (FStar.Printf.Arg (FStar.Printf.Char) :: ds))
<:
Prims.Tot (FStar.Pervasives.Native.option (Prims.list FStar.Printf.dir))
| 's' ->
(match FStar.Printf.parse_format s' parse_ext with
| FStar.Pervasives.Native.None  -> FStar.Pervasives.Native.None
| FStar.Pervasives.Native.Some ds ->
FStar.Pervasives.Native.Some (FStar.Printf.Arg (FStar.Printf.String) :: ds))
<:
Prims.Tot (FStar.Pervasives.Native.option (Prims.list FStar.Printf.dir))
| 'y' ->
(match FStar.Printf.parse_format s' parse_ext with
| FStar.Pervasives.Native.None  -> FStar.Pervasives.Native.None
| FStar.Pervasives.Native.Some ds ->
FStar.Pervasives.Native.Some (FStar.Printf.Arg (FStar.Printf.I8) :: ds))
<:
Prims.Tot (FStar.Pervasives.Native.option (Prims.list FStar.Printf.dir))
| 'i' ->
(match FStar.Printf.parse_format s' parse_ext with
| FStar.Pervasives.Native.None  -> FStar.Pervasives.Native.None
| FStar.Pervasives.Native.Some ds ->
FStar.Pervasives.Native.Some (FStar.Printf.Arg (FStar.Printf.I16) :: ds))
<:
Prims.Tot (FStar.Pervasives.Native.option (Prims.list FStar.Printf.dir))
| 'l' ->
(match FStar.Printf.parse_format s' parse_ext with
| FStar.Pervasives.Native.None  -> FStar.Pervasives.Native.None
| FStar.Pervasives.Native.Some ds ->
FStar.Pervasives.Native.Some (FStar.Printf.Arg (FStar.Printf.I32) :: ds))
<:
Prims.Tot (FStar.Pervasives.Native.option (Prims.list FStar.Printf.dir))
| 'L' ->
(match FStar.Printf.parse_format s' parse_ext with
| FStar.Pervasives.Native.None  -> FStar.Pervasives.Native.None
| FStar.Pervasives.Native.Some ds ->
FStar.Pervasives.Native.Some (FStar.Printf.Arg (FStar.Printf.I64) :: ds))
<:
Prims.Tot (FStar.Pervasives.Native.option (Prims.list FStar.Printf.dir))
| _ -> FStar.Pervasives.Native.None)
<:
FStar.Pervasives.Native.option (Prims.list FStar.Printf.dir)
| c :: s' ->
(match FStar.Printf.parse_format s' parse_ext with
| FStar.Pervasives.Native.None  -> FStar.Pervasives.Native.None
| FStar.Pervasives.Native.Some ds ->
FStar.Pervasives.Native.Some (FStar.Printf.Lit c :: ds))
<:
Prims.Tot (FStar.Pervasives.Native.option (Prims.list FStar.Printf.dir))
in
v
with
| [] -> Prims.string
| FStar.Printf.Lit _ :: ds' -> FStar.Printf.dir_type ds'
| FStar.Printf.Arg a :: ds' -> _: FStar.Printf.arg_type a -> Prims.Tot (FStar.Printf.dir_type ds')
)
<:
Type0; got type FStar.Printf.dir_type (Some?.v (FStar.Printf.parse_format_string s parse_ext))
(Warning 252) (Hint-replay failed): assertion failed
FStar.Printf.fst(179,21-179,98): (Warning 252) (Hint-replay failed): Subtyping check failed; expected type (match
let FStar.Pervasives.Native.Some v =
match FStar.String.list_of_string s with
| [] -> FStar.Pervasives.Native.Some []
| ['%'] -> FStar.Pervasives.Native.None
| '%' :: 'u' :: s' ->
(match s' with
| 'y' :: s'' ->
(match FStar.Printf.parse_format s'' FStar.Printf.no_extensions with
| FStar.Pervasives.Native.None  -> FStar.Pervasives.Native.None
| FStar.Pervasives.Native.Some ds ->
FStar.Pervasives.Native.Some (FStar.Printf.Arg (FStar.Printf.U8) :: ds))
<:
Prims.Tot (FStar.Pervasives.Native.option (Prims.list FStar.Printf.dir))
| 's' :: s'' ->
(match FStar.Printf.parse_format s'' FStar.Printf.no_extensions with
| FStar.Pervasives.Native.None  -> FStar.Pervasives.Native.None
| FStar.Pervasives.Native.Some ds ->
FStar.Pervasives.Native.Some (FStar.Printf.Arg (FStar.Printf.U16) :: ds))
<:
Prims.Tot (FStar.Pervasives.Native.option (Prims.list FStar.Printf.dir))
| 'l' :: s'' ->
(match FStar.Printf.parse_format s'' FStar.Printf.no_extensions with
| FStar.Pervasives.Native.None  -> FStar.Pervasives.Native.None
| FStar.Pervasives.Native.Some ds ->
FStar.Pervasives.Native.Some (FStar.Printf.Arg (FStar.Printf.U32) :: ds))
<:
Prims.Tot (FStar.Pervasives.Native.option (Prims.list FStar.Printf.dir))
| 'L' :: s'' ->
(match FStar.Printf.parse_format s'' FStar.Printf.no_extensions with
| FStar.Pervasives.Native.None  -> FStar.Pervasives.Native.None
| FStar.Pervasives.Native.Some ds ->
FStar.Pervasives.Native.Some (FStar.Printf.Arg (FStar.Printf.U64) :: ds))
<:
Prims.Tot (FStar.Pervasives.Native.option (Prims.list FStar.Printf.dir))
| _ -> FStar.Pervasives.Native.None)
<:
FStar.Pervasives.Native.option (Prims.list FStar.Printf.dir)
| '%' :: 'X' :: s' ->
(match FStar.Printf.no_extensions s' with
| FStar.Pervasives.Native.Some (ext, rest) ->
(match FStar.Printf.parse_format rest FStar.Printf.no_extensions with
| FStar.Pervasives.Native.None  -> FStar.Pervasives.Native.None
| FStar.Pervasives.Native.Some ds ->
FStar.Pervasives.Native.Some (FStar.Printf.Arg (FStar.Printf.Extension ext) :: ds))
<:
Prims.Tot (FStar.Pervasives.Native.option (Prims.list FStar.Printf.dir))
| _ -> FStar.Pervasives.Native.None)
<:
FStar.Pervasives.Native.option (Prims.list FStar.Printf.dir)
| '%' :: c :: s' ->
(match c with
| '%' ->
(match FStar.Printf.parse_format s' FStar.Printf.no_extensions with
| FStar.Pervasives.Native.None  -> FStar.Pervasives.Native.None
| FStar.Pervasives.Native.Some ds ->
FStar.Pervasives.Native.Some (FStar.Printf.Lit '%' :: ds))
<:
Prims.Tot (FStar.Pervasives.Native.option (Prims.list FStar.Printf.dir))
| 'b' ->
(match FStar.Printf.parse_format s' FStar.Printf.no_extensions with
| FStar.Pervasives.Native.None  -> FStar.Pervasives.Native.None
| FStar.Pervasives.Native.Some ds ->
FStar.Pervasives.Native.Some (FStar.Printf.Arg (FStar.Printf.Bool) :: ds))
<:
Prims.Tot (FStar.Pervasives.Native.option (Prims.list FStar.Printf.dir))
| 'd' ->
(match FStar.Printf.parse_format s' FStar.Printf.no_extensions with
| FStar.Pervasives.Native.None  -> FStar.Pervasives.Native.None
| FStar.Pervasives.Native.Some ds ->
FStar.Pervasives.Native.Some (FStar.Printf.Arg (FStar.Printf.Int) :: ds))
<:
Prims.Tot (FStar.Pervasives.Native.option (Prims.list FStar.Printf.dir))
| 'c' ->
(match FStar.Printf.parse_format s' FStar.Printf.no_extensions with
| FStar.Pervasives.Native.None  -> FStar.Pervasives.Native.None
| FStar.Pervasives.Native.Some ds ->
FStar.Pervasives.Native.Some (FStar.Printf.Arg (FStar.Printf.Char) :: ds))
<:
Prims.Tot (FStar.Pervasives.Native.option (Prims.list FStar.Printf.dir))
| 's' ->
(match FStar.Printf.parse_format s' FStar.Printf.no_extensions with
| FStar.Pervasives.Native.None  -> FStar.Pervasives.Native.None
| FStar.Pervasives.Native.Some ds ->
FStar.Pervasives.Native.Some (FStar.Printf.Arg (FStar.Printf.String) :: ds))
<:
Prims.Tot (FStar.Pervasives.Native.option (Prims.list FStar.Printf.dir))
| 'y' ->
(match FStar.Printf.parse_format s' FStar.Printf.no_extensions with
| FStar.Pervasives.Native.None  -> FStar.Pervasives.Native.None
| FStar.Pervasives.Native.Some ds ->
FStar.Pervasives.Native.Some (FStar.Printf.Arg (FStar.Printf.I8) :: ds))
<:
Prims.Tot (FStar.Pervasives.Native.option (Prims.list FStar.Printf.dir))
| 'i' ->
(match FStar.Printf.parse_format s' FStar.Printf.no_extensions with
| FStar.Pervasives.Native.None  -> FStar.Pervasives.Native.None
| FStar.Pervasives.Native.Some ds ->
FStar.Pervasives.Native.Some (FStar.Printf.Arg (FStar.Printf.I16) :: ds))
<:
Prims.Tot (FStar.Pervasives.Native.option (Prims.list FStar.Printf.dir))
| 'l' ->
(match FStar.Printf.parse_format s' FStar.Printf.no_extensions with
| FStar.Pervasives.Native.None  -> FStar.Pervasives.Native.None
| FStar.Pervasives.Native.Some ds ->
FStar.Pervasives.Native.Some (FStar.Printf.Arg (FStar.Printf.I32) :: ds))
<:
Prims.Tot (FStar.Pervasives.Native.option (Prims.list FStar.Printf.dir))
| 'L' ->
(match FStar.Printf.parse_format s' FStar.Printf.no_extensions with
| FStar.Pervasives.Native.None  -> FStar.Pervasives.Native.None
| FStar.Pervasives.Native.Some ds ->
FStar.Pervasives.Native.Some (FStar.Printf.Arg (FStar.Printf.I64) :: ds))
<:
Prims.Tot (FStar.Pervasives.Native.option (Prims.list FStar.Printf.dir))
| _ -> FStar.Pervasives.Native.None)
<:
FStar.Pervasives.Native.option (Prims.list FStar.Printf.dir)
| c :: s' ->
(match FStar.Printf.parse_format s' FStar.Printf.no_extensions with
| FStar.Pervasives.Native.None  -> FStar.Pervasives.Native.None
| FStar.Pervasives.Native.Some ds ->
FStar.Pervasives.Native.Some (FStar.Printf.Lit c :: ds))
<:
Prims.Tot (FStar.Pervasives.Native.option (Prims.list FStar.Printf.dir))
in
v
with
| [] -> Prims.string
| FStar.Printf.Lit _ :: ds' -> FStar.Printf.dir_type ds'
| FStar.Printf.Arg a :: ds' -> _: FStar.Printf.arg_type a -> Prims.Tot (FStar.Printf.dir_type ds')
)
<:
Type0; got type FStar.Printf.dir_type (Some?.v (FStar.Printf.parse_format_string s FStar.Printf.no_extensions))
FStar.Printf.fst(190,21-190,94): (Warning 252) (Hint-replay failed): Subtyping check failed; expected type (match
let FStar.Pervasives.Native.Some v =
match FStar.String.list_of_string s with
| [] -> FStar.Pervasives.Native.Some []
| ['%'] -> FStar.Pervasives.Native.None
| '%' :: 'u' :: s' ->
(match s' with
| 'y' :: s'' ->
(match FStar.Printf.parse_format s'' parse_ext with
| FStar.Pervasives.Native.None  -> FStar.Pervasives.Native.None
| FStar.Pervasives.Native.Some ds ->
FStar.Pervasives.Native.Some (FStar.Printf.Arg (FStar.Printf.U8) :: ds))
<:
Prims.Tot (FStar.Pervasives.Native.option (Prims.list FStar.Printf.dir))
| 's' :: s'' ->
(match FStar.Printf.parse_format s'' parse_ext with
| FStar.Pervasives.Native.None  -> FStar.Pervasives.Native.None
| FStar.Pervasives.Native.Some ds ->
FStar.Pervasives.Native.Some (FStar.Printf.Arg (FStar.Printf.U16) :: ds))
<:
Prims.Tot (FStar.Pervasives.Native.option (Prims.list FStar.Printf.dir))
| 'l' :: s'' ->
(match FStar.Printf.parse_format s'' parse_ext with
| FStar.Pervasives.Native.None  -> FStar.Pervasives.Native.None
| FStar.Pervasives.Native.Some ds ->
FStar.Pervasives.Native.Some (FStar.Printf.Arg (FStar.Printf.U32) :: ds))
<:
Prims.Tot (FStar.Pervasives.Native.option (Prims.list FStar.Printf.dir))
| 'L' :: s'' ->
(match FStar.Printf.parse_format s'' parse_ext with
| FStar.Pervasives.Native.None  -> FStar.Pervasives.Native.None
| FStar.Pervasives.Native.Some ds ->
FStar.Pervasives.Native.Some (FStar.Printf.Arg (FStar.Printf.U64) :: ds))
<:
Prims.Tot (FStar.Pervasives.Native.option (Prims.list FStar.Printf.dir))
| _ -> FStar.Pervasives.Native.None)
<:
FStar.Pervasives.Native.option (Prims.list FStar.Printf.dir)
| '%' :: 'X' :: s' ->
(match parse_ext s' with
| FStar.Pervasives.Native.Some (ext, rest) ->
(match FStar.Printf.parse_format rest parse_ext with
| FStar.Pervasives.Native.None  -> FStar.Pervasives.Native.None
| FStar.Pervasives.Native.Some ds ->
FStar.Pervasives.Native.Some (FStar.Printf.Arg (FStar.Printf.Extension ext) :: ds))
<:
Prims.Tot (FStar.Pervasives.Native.option (Prims.list FStar.Printf.dir))
| _ -> FStar.Pervasives.Native.None)
<:
FStar.Pervasives.Native.option (Prims.list FStar.Printf.dir)
| '%' :: c :: s' ->
(match c with
| '%' ->
(match FStar.Printf.parse_format s' parse_ext with
| FStar.Pervasives.Native.None  -> FStar.Pervasives.Native.None
| FStar.Pervasives.Native.Some ds ->
FStar.Pervasives.Native.Some (FStar.Printf.Lit '%' :: ds))
<:
Prims.Tot (FStar.Pervasives.Native.option (Prims.list FStar.Printf.dir))
| 'b' ->
(match FStar.Printf.parse_format s' parse_ext with
| FStar.Pervasives.Native.None  -> FStar.Pervasives.Native.None
| FStar.Pervasives.Native.Some ds ->
FStar.Pervasives.Native.Some (FStar.Printf.Arg (FStar.Printf.Bool) :: ds))
<:
Prims.Tot (FStar.Pervasives.Native.option (Prims.list FStar.Printf.dir))
| 'd' ->
(match FStar.Printf.parse_format s' parse_ext with
| FStar.Pervasives.Native.None  -> FStar.Pervasives.Native.None
| FStar.Pervasives.Native.Some ds ->
FStar.Pervasives.Native.Some (FStar.Printf.Arg (FStar.Printf.Int) :: ds))
<:
Prims.Tot (FStar.Pervasives.Native.option (Prims.list FStar.Printf.dir))
| 'c' ->
(match FStar.Printf.parse_format s' parse_ext with
| FStar.Pervasives.Native.None  -> FStar.Pervasives.Native.None
| FStar.Pervasives.Native.Some ds ->
FStar.Pervasives.Native.Some (FStar.Printf.Arg (FStar.Printf.Char) :: ds))
<:
Prims.Tot (FStar.Pervasives.Native.option (Prims.list FStar.Printf.dir))
| 's' ->
(match FStar.Printf.parse_format s' parse_ext with
| FStar.Pervasives.Native.None  -> FStar.Pervasives.Native.None
| FStar.Pervasives.Native.Some ds ->
FStar.Pervasives.Native.Some (FStar.Printf.Arg (FStar.Printf.String) :: ds))
<:
Prims.Tot (FStar.Pervasives.Native.option (Prims.list FStar.Printf.dir))
| 'y' ->
(match FStar.Printf.parse_format s' parse_ext with
| FStar.Pervasives.Native.None  -> FStar.Pervasives.Native.None
| FStar.Pervasives.Native.Some ds ->
FStar.Pervasives.Native.Some (FStar.Printf.Arg (FStar.Printf.I8) :: ds))
<:
Prims.Tot (FStar.Pervasives.Native.option (Prims.list FStar.Printf.dir))
| 'i' ->
(match FStar.Printf.parse_format s' parse_ext with
| FStar.Pervasives.Native.None  -> FStar.Pervasives.Native.None
| FStar.Pervasives.Native.Some ds ->
FStar.Pervasives.Native.Some (FStar.Printf.Arg (FStar.Printf.I16) :: ds))
<:
Prims.Tot (FStar.Pervasives.Native.option (Prims.list FStar.Printf.dir))
| 'l' ->
(match FStar.Printf.parse_format s' parse_ext with
| FStar.Pervasives.Native.None  -> FStar.Pervasives.Native.None
| FStar.Pervasives.Native.Some ds ->
FStar.Pervasives.Native.Some (FStar.Printf.Arg (FStar.Printf.I32) :: ds))
<:
Prims.Tot (FStar.Pervasives.Native.option (Prims.list FStar.Printf.dir))
| 'L' ->
(match FStar.Printf.parse_format s' parse_ext with
| FStar.Pervasives.Native.None  -> FStar.Pervasives.Native.None
| FStar.Pervasives.Native.Some ds ->
FStar.Pervasives.Native.Some (FStar.Printf.Arg (FStar.Printf.I64) :: ds))
<:
Prims.Tot (FStar.Pervasives.Native.option (Prims.list FStar.Printf.dir))
| _ -> FStar.Pervasives.Native.None)
<:
FStar.Pervasives.Native.option (Prims.list FStar.Printf.dir)
| c :: s' ->
(match FStar.Printf.parse_format s' parse_ext with
| FStar.Pervasives.Native.None  -> FStar.Pervasives.Native.None
| FStar.Pervasives.Native.Some ds ->
FStar.Pervasives.Native.Some (FStar.Printf.Lit c :: ds))
<:
Prims.Tot (FStar.Pervasives.Native.option (Prims.list FStar.Printf.dir))
in
v
with
| [] -> Prims.string
| FStar.Printf.Lit _ :: ds' -> FStar.Printf.dir_type ds'
| FStar.Printf.Arg a :: ds' -> _: FStar.Printf.arg_type a -> Prims.Tot (FStar.Printf.dir_type ds')
)
<:
Type0; got type FStar.Printf.dir_type (Some?.v (FStar.Printf.parse_format_string s parse_ext))
FStar.Buffer.fst(829,27-829,38): (Warning 252) (Hint-replay failed): Subtyping check failed; expected type Prims.eqtype; got type Type0 (see also prims.fst(27,21-27,28))
FStar.Buffer.fst(1438,2-1450,57): (Warning 252) (Hint-replay failed): could not prove post-condition (see also FStar.Buffer.fst(1437,4-1437,36))
FStar.Buffer.fst(65,4-65,10): (Warning 252) (Hint-replay failed): Subtyping check failed; expected type Prims.nat; got type FStar.UInt.uint_t FStar.UInt32.n (see also prims.fst(408,17-408,23))
FStar.Reflection.Arith.fst(116,30-116,32): (Warning 252) (Hint-replay failed): Subtyping check failed; expected type t: FStar.Reflection.Types.term{t << t}; got type FStar.Reflection.Types.term (see also FStar.Reflection.Arith.fst(110,4-153,14))
FStar.Reflection.Arith.fst(116,30-116,32): (Warning 252) Subtyping check failed; expected type t: FStar.Reflection.Types.term{t << t}; got type FStar.Reflection.Types.term (see also FStar.Reflection.Arith.fst(110,4-153,14))
FStar.Reflection.Arith.fst(116,30-116,32): (Warning 252) Subtyping check failed; expected type t: FStar.Reflection.Types.term{t << t}; got type FStar.Reflection.Types.term (see also FStar.Reflection.Arith.fst(110,4-153,14))
(Warning 252) (Hint-replay failed): assertion failed
FStar.Tactics.PatternMatching.fst(331,4-333,63): (Warning 252) Patterns are incomplete
(Warning 252) (Hint-replay failed): assertion failed
(Warning 252) (Hint-replay failed): assertion failed
FStar.Tactics.PatternMatching.fst(331,4-333,63): (Warning 252) Patterns are incomplete
(Warning 252) (Hint-replay failed): assertion failed
LowStar.Buffer.fst(319,30-319,56): (Warning 252) (Hint-replay failed): Subtyping check failed; expected type FStar.UInt.uint_t FStar.UInt32.n; got type Prims.nat (see also FStar.UInt.fst(52,28-52,36))
LowStar.Buffer.fst(646,2-650,110): (Warning 252) (Hint-replay failed): could not prove post-condition (see also LowStar.Buffer.fst(643,11-643,57))
LowStar.Buffer.fst(654,2-654,21): (Warning 252) (Hint-replay failed): assertion failed (see also LowStar.Buffer.fst(642,69-642,159))
LowStar.Buffer.fst(660,2-660,21): (Warning 252) (Hint-replay failed): assertion failed (see also LowStar.Buffer.fst(642,69-642,159))
LowStar.Buffer.fst(671,90-671,134): (Warning 252) (Hint-replay failed): Subtyping check failed; expected type j:
Prims.nat
{ Mkubuffer_?.b_offset us - Mkubuffer_?.b_offset ul <= j &&
j <= FStar.Seq.Base.length (LowStar.Buffer.as_seq h1 larger) }; got type Prims.int
LowStar.Buffer.fst(711,2-711,21): (Warning 252) (Hint-replay failed): assertion failed (see also LowStar.Buffer.fst(704,72-704,162))
LowStar.Buffer.fst(925,2-928,9): (Warning 252) (Hint-replay failed): could not prove post-condition (see also LowStar.Buffer.fsti(1534,11-1534,25))
LowStar.Buffer.fst(931,2-934,166): (Warning 252) (Hint-replay failed): could not prove post-condition (see also LowStar.Buffer.fsti(1541,11-1541,46))
LowStar.Buffer.fst(953,4-953,23): (Warning 252) (Hint-replay failed): assertion failed (see also LowStar.Buffer.fst(704,72-704,162))
LowStar.Buffer.fst(1011,2-1011,21): (Warning 252) (Hint-replay failed): assertion failed (see also LowStar.Buffer.fst(830,12-830,32))
LowStar.Buffer.fst(1023,83-1023,85): (Warning 252) (Hint-replay failed): Subtyping check failed; expected type h:
(h:
FStar.Monotonic.HyperStack.mem
{ LowStar.Buffer.live h
(LowStar.Buffer.gsub b
(FStar.UInt32.__uint_to_t 1)
(FStar.UInt32.sub (LowStar.Buffer.len b) (FStar.UInt32.__uint_to_t 1))) })
{ %[ FStar.Seq.Base.length (FStar.Seq.Base.slice s 1 (FStar.Seq.Base.length s)) ] <<
%[ FStar.Seq.Base.length s ] }; got type FStar.Monotonic.HyperStack.mem (see also LowStar.Buffer.fst(1018,24-1018,32))
LowStar.Buffer.fst(1064,2-1064,21): (Warning 252) (Hint-replay failed): assertion failed (see also LowStar.Buffer.fst(830,12-830,32))
LowStar.Buffer.fst(1079,2-1082,166): (Warning 252) (Hint-replay failed): could not prove post-condition (see also LowStar.Buffer.fsti(1681,11-1681,54))
LowStar.Buffer.fst(1143,14-1143,25): (Warning 252) (Hint-replay failed): Subtyping check failed; expected type Prims.eqtype; got type Type0 (see also prims.fst(27,21-27,28))
LowStar.Buffer.fst(1152,14-1152,25): (Warning 252) (Hint-replay failed): Subtyping check failed; expected type Prims.eqtype; got type Type0 (see also prims.fst(27,21-27,28))
FStar.ModifiesGen.fst(182,42-182,44): (Warning 252) (Hint-replay failed): could not prove post-condition (see also FStar.ModifiesGen.fsti(167,45-167,50))
FStar.ModifiesGen.fst(322,9-322,109): (Warning 252) (Hint-replay failed): assertion failed
FStar.ModifiesGen.fst(345,2-345,51): (Warning 252) (Hint-replay failed): could not prove post-condition (see also FStar.ModifiesGen.fsti(224,2-224,20))
FStar.ModifiesGen.fst(356,2-356,111): (Warning 252) (Hint-replay failed): could not prove post-condition (see also FStar.ModifiesGen.fsti(231,11-231,31))
FStar.ModifiesGen.fst(358,42-358,44): (Warning 252) (Hint-replay failed): could not prove post-condition (see also FStar.ModifiesGen.fsti(238,11-238,45))
FStar.ModifiesGen.fst(368,8-368,14): (Warning 252) (Hint-replay failed): assertion failed (see also FStar.ModifiesGen.fst(368,15-368,50))
FStar.ModifiesGen.fst(375,33-375,35): (Warning 252) (Hint-replay failed): could not prove post-condition (see also FStar.ModifiesGen.fsti(251,2-251,27))
FStar.ModifiesGen.fst(380,43-380,45): (Warning 252) (Hint-replay failed): could not prove post-condition (see also FStar.ModifiesGen.fsti(268,11-268,65))
FStar.ModifiesGen.fst(394,2-394,4): (Warning 252) (Hint-replay failed): could not prove post-condition (see also FStar.ModifiesGen.fst(392,2-392,104))
FStar.ModifiesGen.fst(396,68-396,70): (Warning 252) (Hint-replay failed): could not prove post-condition (see also FStar.ModifiesGen.fsti(289,11-289,85))
FStar.ModifiesGen.fst(398,66-398,68): (Warning 252) (Hint-replay failed): could not prove post-condition (see also FStar.ModifiesGen.fsti(300,11-300,81))
FStar.ModifiesGen.fst(400,87-400,89): (Warning 252) (Hint-replay failed): could not prove post-condition (see also FStar.ModifiesGen.fsti(310,11-310,105))
FStar.ModifiesGen.fst(402,84-402,86): (Warning 252) (Hint-replay failed): could not prove post-condition (see also FStar.ModifiesGen.fsti(318,11-318,103))
FStar.ModifiesGen.fst(411,91-411,93): (Warning 252) (Hint-replay failed): could not prove post-condition (see also FStar.ModifiesGen.fsti(336,11-336,111))
FStar.ModifiesGen.fst(501,35-501,37): (Warning 252) (Hint-replay failed): could not prove post-condition (see also FStar.ModifiesGen.fsti(357,11-357,36))
FStar.ModifiesGen.fst(526,2-535,30): (Warning 252) (Hint-replay failed): could not prove post-condition (see also FStar.ModifiesGen.fsti(371,11-371,33))
FStar.ModifiesGen.fst(545,2-545,173): (Warning 252) (Hint-replay failed): could not prove post-condition (see also FStar.ModifiesGen.fsti(404,11-404,113))
FStar.ModifiesGen.fst(547,91-547,93): (Warning 252) (Hint-replay failed): could not prove post-condition (see also FStar.ModifiesGen.fsti(415,11-415,67))
FStar.ModifiesGen.fst(551,78-551,80): (Warning 252) (Hint-replay failed): could not prove post-condition (see also FStar.ModifiesGen.fsti(439,24-439,42))
FStar.ModifiesGen.fst(555,2-555,165): (Warning 252) (Hint-replay failed): could not prove post-condition (see also FStar.ModifiesGen.fsti(447,11-447,105))
FStar.ModifiesGen.fst(568,73-568,75): (Warning 252) (Hint-replay failed): could not prove post-condition (see also FStar.ModifiesGen.fsti(455,2-455,70))
FStar.ModifiesGen.fst(570,73-570,75): (Warning 252) (Hint-replay failed): could not prove post-condition (see also FStar.ModifiesGen.fsti(458,2-458,79))
FStar.ModifiesGen.fst(580,92-580,94): (Warning 252) (Hint-replay failed): could not prove post-condition (see also FStar.ModifiesGen.fsti(463,2-463,91))
FStar.ModifiesGen.fst(582,72-582,74): (Warning 252) (Hint-replay failed): could not prove post-condition (see also FStar.ModifiesGen.fsti(468,2-468,78))
FStar.ModifiesGen.fst(584,94-584,96): (Warning 252) (Hint-replay failed): could not prove post-condition (see also FStar.ModifiesGen.fsti(473,2-473,95))
FStar.ModifiesGen.fst(586,78-586,80): (Warning 252) (Hint-replay failed): could not prove post-condition (see also FStar.ModifiesGen.fsti(478,2-478,73))
FStar.ModifiesGen.fst(855,4-855,9): (Warning 252) (Hint-replay failed): assertion failed (see also FStar.ModifiesGen.fst(812,15-812,50))
FStar.ModifiesGen.fst(855,4-855,9): (Warning 252) assertion failed (see also FStar.ModifiesGen.fst(812,15-812,50))
FStar.ModifiesGen.fst(855,4-855,9): (Warning 252) assertion failed (see also FStar.ModifiesGen.fst(812,15-812,50))
FStar.ModifiesGen.fst(855,4-855,9): (Warning 252) assertion failed (see also FStar.ModifiesGen.fst(812,15-812,50))
FStar.ModifiesGen.fst(855,4-855,9): (Warning 252) assertion failed (see also FStar.ModifiesGen.fst(812,15-812,50))
FStar.ModifiesGen.fst(906,20-906,25): (Warning 252) (Hint-replay failed): assertion failed (see also FStar.ModifiesGen.fsti(599,15-599,55))
FStar.ModifiesGen.fst(922,55-922,57): (Warning 252) (Hint-replay failed): could not prove post-condition (see also FStar.ModifiesGen.fsti(649,4-649,20))
FStar.ModifiesGen.fst(930,2-930,8): (Warning 252) (Hint-replay failed): assertion failed (see also FStar.ModifiesGen.fst(930,9-930,49))
FStar.ModifiesGen.fst(935,62-935,64): (Warning 252) (Hint-replay failed): could not prove post-condition (see also FStar.ModifiesGen.fsti(694,11-694,31))
FStar.ModifiesGen.fst(940,2-940,142): (Warning 252) (Hint-replay failed): could not prove post-condition (see also FStar.ModifiesGen.fsti(706,11-706,31))
FStar.ModifiesGen.fst(946,79-946,81): (Warning 252) (Hint-replay failed): could not prove post-condition (see also FStar.ModifiesGen.fsti(726,11-726,45))
FStar.ModifiesGen.fst(948,72-948,74): (Warning 252) (Hint-replay failed): could not prove post-condition (see also FStar.ModifiesGen.fsti(737,11-737,32))
FStar.ModifiesGen.fst(962,2-962,23): (Warning 252) (Hint-replay failed): assertion failed (see also FStar.ModifiesGen.fsti(682,33-682,51))
FStar.ModifiesGen.fst(990,2-990,8): (Warning 252) (Hint-replay failed): assertion failed (see also FStar.ModifiesGen.fst(990,9-990,48))
FStar.ModifiesGen.fst(1035,2-1035,8): (Warning 252) (Hint-replay failed): assertion failed (see also FStar.ModifiesGen.fst(1035,9-1035,121))
FStar.ModifiesGen.fst(1043,2-1043,55): (Warning 252) (Hint-replay failed): could not prove post-condition (see also FStar.ModifiesGen.fst(1042,2-1042,45))
FStar.ModifiesGen.fst(1059,2-1059,55): (Warning 252) (Hint-replay failed): could not prove post-condition (see also FStar.ModifiesGen.fst(1058,2-1058,66))
FStar.ModifiesGen.fst(1074,2-1074,23): (Warning 252) (Hint-replay failed): assertion failed (see also FStar.ModifiesGen.fsti(682,33-682,51))
FStar.ModifiesGen.fst(1154,4-1154,6): (Warning 252) (Hint-replay failed): could not prove post-condition (see also FStar.ModifiesGen.fst(659,34-659,60))
FStar.ModifiesGen.fst(1181,2-1181,35): (Warning 252) (Hint-replay failed): assertion failed (see also FStar.ModifiesGen.fst(1148,4-1148,58))
FStar.ModifiesGen.fst(1219,20-1219,22): (Warning 252) (Hint-replay failed): could not prove post-condition (see also FStar.ModifiesGen.fsti(503,34-503,59))
FStar.ModifiesGen.fst(1255,2-1255,8): (Warning 252) (Hint-replay failed): assertion failed (see also FStar.ModifiesGen.fst(1255,76-1255,95))
FStar.ModifiesGen.fst(1274,9-1274,43): (Warning 252) (Hint-replay failed): assertion failed (see also FStar.ModifiesGen.fst(1249,16-1249,95))
FStar.ModifiesGen.fst(1304,9-1304,41): (Warning 252) (Hint-replay failed): Subtyping check failed; expected type y: FStar.GSet.set Prims.nat {FStar.GSet.subset (non_live_addrs' r') y}; got type FStar.GSet.set Prims.nat (see also FStar.ModifiesGen.fst(1302,83-1302,117))
FStar.ModifiesGen.fst(1347,2-1347,8): (Warning 252) (Hint-replay failed): assertion failed (see also FStar.ModifiesGen.fst(1347,9-1347,106))
FStar.ModifiesGen.fst(1358,2-1358,104): (Warning 252) (Hint-replay failed): could not prove post-condition (see also FStar.ModifiesGen.fst(1357,11-1357,58))
FStar.ModifiesGen.fst(1382,2-1382,104): (Warning 252) (Hint-replay failed): could not prove post-condition (see also FStar.ModifiesGen.fst(1381,11-1381,97))
FStar.ModifiesGen.fst(1392,2-1392,36): (Warning 252) (Hint-replay failed): assertion failed (see also FStar.ModifiesGen.fst(1249,16-1249,95))
FStar.ModifiesGen.fst(1415,12-1415,33): (Warning 252) (Hint-replay failed): assertion failed (see also FStar.ModifiesGen.fst(1293,13-1293,53))
FStar.ModifiesGen.fst(1442,4-1442,10): (Warning 252) (Hint-replay failed): assertion failed (see also FStar.ModifiesGen.fst(1442,11-1442,53))
FStar.ModifiesGen.fst(1473,42-1473,44): (Warning 252) (Hint-replay failed): could not prove post-condition (see also FStar.ModifiesGen.fsti(964,11-964,69))
FStar.ModifiesGen.fst(1475,46-1475,48): (Warning 252) (Hint-replay failed): could not prove post-condition (see also FStar.ModifiesGen.fsti(968,11-968,73))
FStar.ModifiesGen.fst(1483,2-1483,64): (Warning 252) (Hint-replay failed): could not prove post-condition (see also FStar.ModifiesGen.fsti(979,12-979,71))
FStar.ModifiesGen.fst(1491,2-1491,20): (Warning 252) (Hint-replay failed): assertion failed (see also FStar.ModifiesGen.fsti(230,35-230,53))
FStar.ModifiesGen.fst(1723,2-1723,4): (Warning 252) (Hint-replay failed): could not prove post-condition (see also FStar.ModifiesGen.fst(1721,2-1721,73))
FStar.ModifiesGen.fst(1761,2-1761,8): (Warning 252) (Hint-replay failed): assertion failed (see also FStar.ModifiesGen.fst(1761,9-1761,39))
FStar.ModifiesGen.fst(1819,2-1819,8): (Warning 252) (Hint-replay failed): assertion failed (see also FStar.ModifiesGen.fst(1821,4-1821,37))
FStar.ModifiesGen.fst(1857,2-1857,8): (Warning 252) (Hint-replay failed): assertion failed (see also FStar.ModifiesGen.fst(1860,4-1860,53))
FStar.ModifiesGen.fst(1883,2-1891,39): (Warning 252) (Hint-replay failed): could not prove post-condition (see also FStar.ModifiesGen.fst(1882,11-1882,42))
FStar.ModifiesGen.fst(1928,4-1928,10): (Warning 252) (Hint-replay failed): assertion failed (see also FStar.ModifiesGen.fst(1928,11-1928,74))
FStar.ModifiesGen.fst(1950,4-1950,10): (Warning 252) (Hint-replay failed): assertion failed (see also FStar.ModifiesGen.fst(1950,11-1961,7))
FStar.ModifiesGen.fst(1993,4-1993,21): (Warning 252) (Hint-replay failed): Subtyping check failed; expected type aux:
FStar.Ghost.erased (FStar.GSet.set (FStar.ModifiesGen.aloc (c b)))
{ FStar.GSet.subset (FStar.ModifiesGen.aloc_domain (c b) regions live_addrs)
(FStar.Ghost.reveal aux) /\
FStar.GSet.subset (FStar.Ghost.reveal aux)
(FStar.ModifiesGen.aloc_domain (c b) regions (fun _ -> FStar.GSet.complement FStar.GSet.empty)
) }; got type FStar.Ghost.erased (FStar.GSet.set (FStar.ModifiesGen.aloc (c b))) (see also FStar.ModifiesGen.fst(30,8-30,71))
FStar.ModifiesGen.fst(2002,9-2002,119): (Warning 252) (Hint-replay failed): assertion failed
FStar.ModifiesGen.fst(2005,9-2005,121): (Warning 252) (Hint-replay failed): assertion failed
FStar.ModifiesGen.fst(2076,2-2082,167): (Warning 252) (Hint-replay failed): could not prove post-condition (see also FStar.ModifiesGen.fsti(1134,2-1134,78))
FStar.ModifiesGen.fst(2093,2-2093,8): (Warning 252) (Hint-replay failed): assertion failed (see also FStar.ModifiesGen.fst(2093,21-2093,70))
FStar.ModifiesGen.fst(2102,2-2102,8): (Warning 252) (Hint-replay failed): assertion failed (see also FStar.ModifiesGen.fst(2102,21-2102,68))
FStar.ModifiesGen.fst(855,4-855,9): (Error 19) assertion failed (see also FStar.ModifiesGen.fst(812,15-812,50))
Verified module: FStar.ModifiesGen (341197 milliseconds)
1 error was reported (see above)
make[3]: *** [gmake/Makefile.tmpl:29: FStar.ModifiesGen.fst.checked] Error 1
make[3]: Target 'verify-core' not remade because of errors.
make[2]: *** [Makefile:12: all] Error 2
make[1]: *** [Makefile:193: fstarlib] Error 2
make: *** [Makefile:176: utest-prelude] Error 2
Command exited with non-zero status 2
11.76user 54.30system 13:23.78elapsed 8%CPU (0avgtext+0avgdata 1384317184maxresident)k
0inputs+0outputs (5679799major+0minor)pagefaults 0swaps
