From https://github.com/project-everest/vale
* [new branch]      lowstar    -> origin/lowstar
From https://github.com/mitls/mitls-fstar
c89f28b6..16dfc2a5  master                -> origin/master
abcbf362..54b22500  taramana_lowparse_low -> origin/taramana_lowparse_low
From https://github.com/mitls/hacl-star
eaab15f8..64c1bb8c  fstar-master   -> origin/fstar-master
* [new branch]        low            -> origin/low
08a272fa..ca663339  polubelova_rsa -> origin/polubelova_rsa
dos2unix: converting file parser/parse.fsi to Unix format...
Warning: you are using the standard library and/or the %inline keyword. We
recommend switching on --infer in order to avoid obscure type error messages.
warning: CRLF will be replaced by LF in src/parser/parse.fsy.
The file will have its original line endings in your working directory.
make[3]: *** [Makefile:99: _fstartaclib] Error 10
make[3]: Target 'install-fstar-tactics' not remade because of errors.
make[2]: *** [Makefile:3: all] Error 2
make[1]: *** [Makefile:180: fstarlib] Error 2
make: *** [Makefile:165: utest-prelude] Error 2
Command exited with non-zero status 2
8.84user 35.43system 5:13.79elapsed 14%CPU (0avgtext+0avgdata 1038077440maxresident)k
0inputs+0outputs (4263349major+0minor)pagefaults 0swaps
