From https://github.com/mitls/mitls-fstar
* [new branch]        guido_new  -> origin/guido_new
From https://github.com/mitls/hacl-star
32649126..610b1794  dev        -> origin/dev
From https://github.com/project-everest/vale
1c72957..51749f4  guido_wip     -> origin/guido_wip
98762fe..4d6612e  interop_mem   -> origin/interop_mem
3f5386d..827effb  interop_sems  -> origin/interop_sems
210e284..e9f08dc  lowstar-views -> origin/lowstar-views
/bin/bash: fstar.exe: command not found
make: *** [Makefile:51: .depend] Error 127
dos2unix: converting file parser/parse.fsi to Unix format...
Warning: you are using the standard library and/or the %inline keyword. We
recommend switching on --infer in order to avoid obscure type error messages.
warning: CRLF will be replaced by LF in src/parser/parse.fsy.
The file will have its original line endings in your working directory.
Unexpected error; please file a bug report, ideally with a minimized version of the source program that triggered the error.
Failure("Impossible: pattern bvar mismatch")
make[4]: *** [Makefile.extract:11: FStar.Monotonic.HyperStack.fst.checked.lax] Error 1
Unexpected error; please file a bug report, ideally with a minimized version of the source program that triggered the error.
Failure("Impossible: pattern bvar mismatch")
make[4]: *** [Makefile.extract:11: FStar.ConstantTime.Integers.fst.checked.lax] Error 1
make[4]: Target 'all-ml' not remade because of errors.
make[3]: *** [Makefile:32: fstarlib.mgen] Error 2
make[3]: Target 'install-fstarlib' not remade because of errors.
make[2]: *** [Makefile:2: all] Error 2
make[1]: *** [Makefile:186: fstarlib] Error 2
make: *** [Makefile:171: utest-prelude] Error 2
Command exited with non-zero status 2
8.35user 29.32system 4:02.31elapsed 15%CPU (0avgtext+0avgdata 829702400maxresident)k
0inputs+0outputs (3414038major+0minor)pagefaults 0swaps
