From https://github.com/project-everest/vale
7b3ba5c..1b66673  fstar          -> origin/fstar
9d99f53..ce4f663  interop_sems   -> origin/interop_sems
abad779..8482615  lowstar        -> origin/lowstar
* [new branch]      lowstar-secret -> origin/lowstar-secret
From https://github.com/mitls/mitls-fstar
d01f750d..d536f6ad  master     -> origin/master
From https://github.com/mitls/hacl-star
0461580e..8ac252d6  dev                -> origin/dev
7ba333f6..9e21a170  dev_mpfr           -> origin/dev_mpfr
b0c18600..662c4591  mini_hackathon_nyc -> origin/mini_hackathon_nyc
fb3d284f..a199328d  pqcrypto           -> origin/pqcrypto
make: *** [Makefile:78: extracted/Makefile.include] Error 1
make: *** Waiting for unfinished jobs....
make: *** [Makefile:84: uint128/Makefile.include] Error 1
dos2unix: converting file parser/parse.fsi to Unix format...
Warning: you are using the standard library and/or the %inline keyword. We
recommend switching on --infer in order to avoid obscure type error messages.
warning: CRLF will be replaced by LF in src/parser/parse.fsy.
The file will have its original line endings in your working directory.
Unexpected error; please file a bug report, ideally with a minimized version of the source program that triggered the error.
Failure("Empty option")
make[4]: *** [Makefile.extract:17: tactics_ml/extracted/FStar_Tactics_Derived.ml] Error 1
Unexpected error; please file a bug report, ideally with a minimized version of the source program that triggered the error.
Failure("Empty option")
make[4]: *** [Makefile.extract:17: tactics_ml/extracted/FStar_Tactics_Logic.ml] Error 1
Unexpected error; please file a bug report, ideally with a minimized version of the source program that triggered the error.
Failure("Empty option")
make[4]: *** [Makefile.extract:17: tactics_ml/extracted/FStar_Tactics_Typeclasses.ml] Error 1
Unexpected error; please file a bug report, ideally with a minimized version of the source program that triggered the error.
Failure("Empty option")
make[4]: *** [Makefile.extract:17: tactics_ml/extracted/FStar_Tactics_Simplifier.ml] Error 1
Unexpected error; please file a bug report, ideally with a minimized version of the source program that triggered the error.
Failure("Empty option")
make[4]: *** [Makefile.extract:17: tactics_ml/extracted/FStar_Reflection_Arith.ml] Error 1
Unexpected error; please file a bug report, ideally with a minimized version of the source program that triggered the error.
Failure("Empty option")
make[4]: *** [Makefile.extract:17: tactics_ml/extracted/FStar_Tactics_Arith.ml] Error 1
Unexpected error; please file a bug report, ideally with a minimized version of the source program that triggered the error.
Failure("Empty option")
make[4]: *** [Makefile.extract:17: tactics_ml/extracted/FStar_Tactics_Canon.ml] Error 1
Unexpected error; please file a bug report, ideally with a minimized version of the source program that triggered the error.
Failure("Empty option")
make[4]: *** [Makefile.extract:17: tactics_ml/extracted/FStar_Tactics_PatternMatching.ml] Error 1
Unexpected error; please file a bug report, ideally with a minimized version of the source program that triggered the error.
Failure("Empty option")
make[4]: *** [Makefile.extract:17: tactics_ml/extracted/FStar_Tactics_BV.ml] Error 1
make[4]: Target 'all-ml' not remade because of errors.
make[3]: *** [Makefile:46: fstartaclib.mgen] Error 2
make[3]: Target 'install-fstar-tactics' not remade because of errors.
make[2]: *** [Makefile:3: all] Error 2
make[1]: *** [Makefile:191: fstarlib] Error 2
make: *** [Makefile:176: utest-prelude] Error 2
Command exited with non-zero status 2
9.17user 34.82system 4:55.81elapsed 14%CPU (0avgtext+0avgdata 1027425280maxresident)k
0inputs+0outputs (4215893major+0minor)pagefaults 0swaps
