From https://github.com/mitls/hacl-star
7aa405f6..a6f65a0e  dev            -> origin/dev
* [new branch]        dev_beurdouche_blake2s_0 -> origin/dev_beurdouche_blake2s_0
b5b29173..b8e326db  polubelova_rsa -> origin/polubelova_rsa
dos2unix: converting file parser/parse.fsi to Unix format...
Warning: you are using the standard library and/or the %inline keyword. We
recommend switching on --infer in order to avoid obscure type error messages.
warning: CRLF will be replaced by LF in src/parser/parse.fsy.
The file will have its original line endings in your working directory.
LowStar.BufferCompat.fst(78,2-78,20): (Error 72) Identifier not found: [alloca_of_list_pre]
1 error was reported (see above)
make[4]: *** [Makefile.extract:12: LowStar.BufferCompat.fst.checked.lax] Error 1
make[4]: Target 'all-ml' not remade because of errors.
make[3]: *** [Makefile:32: fstarlib.mgen] Error 2
make[3]: Target 'install-fstarlib' not remade because of errors.
make[2]: *** [Makefile:2: all] Error 2
make[1]: *** [Makefile:173: fstarlib] Error 2
make: *** [Makefile:158: utest-prelude] Error 2
Command exited with non-zero status 2
7.33user 28.71system 4:06.22elapsed 14%CPU (0avgtext+0avgdata 847924992maxresident)k
0inputs+0outputs (3487800major+0minor)pagefaults 0swaps
