From https://github.com/mitls/mitls-fstar
649138bd..dceb0619  camath_tester         -> origin/camath_tester
a983e85e..e4f76381  taramana_lowparse_sum -> origin/taramana_lowparse_sum
make: *** [Makefile:83: extracted/Makefile.include] Error 1
make: *** Waiting for unfinished jobs....
make: *** [Makefile:93: dist/uint128/Makefile.include] Error 1
dos2unix: converting file parser/parse.fsi to Unix format...
Warning: you are using the standard library and/or the %inline keyword. We
recommend switching on --infer in order to avoid obscure type error messages.
warning: CRLF will be replaced by LF in src/parser/parse.fsy.
The file will have its original line endings in your working directory.
FStar.Monotonic.Map.fst(65,20-65,31): (Warning 288) FStar.HyperStack.ST.stable_on_t is deprecated, use FStar.HyperStack.ST.stable_on instead
FStar.Monotonic.Map.fst(84,4-84,14): (Warning 288) FStar.HyperStack.ST.mr_witness is deprecated, use FStar.HyperStack.ST.witness_p instead
FStar.Monotonic.Map.fst(85,4-85,14): (Warning 288) FStar.HyperStack.ST.mr_witness is deprecated, use FStar.HyperStack.ST.witness_p instead
FStar.Monotonic.Map.fst(105,8-105,18): (Warning 288) FStar.HyperStack.ST.mr_witness is deprecated, use FStar.HyperStack.ST.witness_p instead
FStar.Monotonic.Map.fst(106,8-106,18): (Warning 288) FStar.HyperStack.ST.mr_witness is deprecated, use FStar.HyperStack.ST.witness_p instead
FStar.Monotonic.DependentMap.fsti(135,24-135,35): (Warning 288) FStar.HyperStack.ST.stable_on_t is deprecated, use FStar.HyperStack.ST.stable_on instead
FStar.Monotonic.DependentMap.fsti(147,24-147,35): (Warning 288) FStar.HyperStack.ST.stable_on_t is deprecated, use FStar.HyperStack.ST.stable_on instead
FStar.Monotonic.DependentMap.fst(53,4-53,14): (Warning 288) FStar.HyperStack.ST.mr_witness is deprecated, use FStar.HyperStack.ST.witness_p instead
FStar.Monotonic.DependentMap.fst(61,6-61,16): (Warning 288) FStar.HyperStack.ST.mr_witness is deprecated, use FStar.HyperStack.ST.witness_p instead
FStar.Monotonic.Seq.fst(60,19-60,30): (Warning 288) FStar.HyperStack.ST.stable_on_t is deprecated, use FStar.HyperStack.ST.stable_on instead
FStar.Monotonic.Seq.fst(80,4-80,14): (Warning 288) FStar.HyperStack.ST.mr_witness is deprecated, use FStar.HyperStack.ST.witness_p instead
FStar.Monotonic.Seq.fst(102,19-102,30): (Warning 288) FStar.HyperStack.ST.stable_on_t is deprecated, use FStar.HyperStack.ST.stable_on instead
FStar.Monotonic.Seq.fst(109,19-109,30): (Warning 288) FStar.HyperStack.ST.stable_on_t is deprecated, use FStar.HyperStack.ST.stable_on instead
FStar.Monotonic.Seq.fst(142,4-142,14): (Warning 288) FStar.HyperStack.ST.mr_witness is deprecated, use FStar.HyperStack.ST.witness_p instead
FStar.Monotonic.Seq.fst(160,2-160,12): (Warning 288) FStar.HyperStack.ST.mr_witness is deprecated, use FStar.HyperStack.ST.witness_p instead
FStar.Monotonic.Seq.fst(168,2-168,12): (Warning 288) FStar.HyperStack.ST.mr_witness is deprecated, use FStar.HyperStack.ST.witness_p instead
FStar.Monotonic.Seq.fst(259,10-259,21): (Warning 288) FStar.HyperStack.ST.stable_on_t is deprecated, use FStar.HyperStack.ST.stable_on instead
FStar.Monotonic.Seq.fst(273,11-273,22): (Warning 288) FStar.HyperStack.ST.stable_on_t is deprecated, use FStar.HyperStack.ST.stable_on instead
FStar.Monotonic.Seq.fst(320,11-320,22): (Warning 288) FStar.HyperStack.ST.stable_on_t is deprecated, use FStar.HyperStack.ST.stable_on instead
FStar.Monotonic.Seq.fst(343,11-343,22): (Warning 288) FStar.HyperStack.ST.stable_on_t is deprecated, use FStar.HyperStack.ST.stable_on instead
FStar.Monotonic.Seq.fst(369,11-369,22): (Warning 288) FStar.HyperStack.ST.stable_on_t is deprecated, use FStar.HyperStack.ST.stable_on instead
FStar.Monotonic.Seq.fst(386,4-386,14): (Warning 288) FStar.HyperStack.ST.mr_witness is deprecated, use FStar.HyperStack.ST.witness_p instead
FStar.Monotonic.Seq.fst(403,4-403,14): (Warning 288) FStar.HyperStack.ST.mr_witness is deprecated, use FStar.HyperStack.ST.witness_p instead
LowStar.Monotonic.Buffer.fsti(1585,51-1585,68): (Warning 288) FStar.Monotonic.HyperStack.is_eternal_region is deprecated, use FStar.HyperStack.ST.is_eternal_region instead
LowStar.Monotonic.Buffer.fsti(1585,51-1585,68): (Warning 288) FStar.Monotonic.HyperStack.is_eternal_region is deprecated, use FStar.HyperStack.ST.is_eternal_region instead
FStar.WellFounded.fst(51,19-51,36): (Warning 252) (Hint-replay failed): Could not prove termination of this recursive call (see also FStar.WellFounded.fst(48,2-51,37))
FStar.WellFounded.fst(51,19-51,36): (Warning 252) (Hint-replay failed): Could not prove termination of this recursive call (see also FStar.WellFounded.fst(48,2-51,37))
FStar.Monotonic.Witnessed.fst(292,47-292,49): (Warning 252) (Hint-replay failed): could not prove post-condition (see also FStar.Monotonic.Witnessed.fsti(28,70-28,85))
FStar.Monotonic.Witnessed.fst(296,44-296,70): (Warning 252) (Hint-replay failed): could not prove post-condition (see also FStar.Monotonic.Witnessed.fsti(35,39-35,74))
FStar.Monotonic.Witnessed.fst(298,42-298,44): (Warning 252) (Hint-replay failed): could not prove post-condition (see also FStar.Monotonic.Witnessed.fsti(40,37-40,100))
FStar.Monotonic.Witnessed.fst(303,6-303,95): (Warning 252) (Hint-replay failed): could not prove post-condition (see also FStar.Monotonic.Witnessed.fst(302,30-302,67))
FStar.Monotonic.Witnessed.fst(307,40-307,42): (Warning 252) (Hint-replay failed): could not prove post-condition (see also FStar.Monotonic.Witnessed.fsti(52,75-52,110))
FStar.Monotonic.Witnessed.fst(312,6-312,15): (Warning 252) (Hint-replay failed): assertion failed (see also FStar.Monotonic.Witnessed.fst(106,50-106,55))
FStar.Monotonic.Witnessed.fst(319,6-319,18): (Warning 252) (Hint-replay failed): assertion failed (see also FStar.Monotonic.Witnessed.fst(211,63-211,83))
FStar.Monotonic.Witnessed.fst(323,45-323,47): (Warning 252) (Hint-replay failed): could not prove post-condition (see also FStar.Monotonic.Witnessed.fsti(70,74-70,114))
FStar.List.Tot.Base.fst(267,10-267,12): (Warning 252) (Hint-replay failed): Subtyping check failed; expected type m:
Prims.list a
{ forall (u29600: FStar.Pervasives.Native.option (x: Prims.unit{Prims.hasEq a})).
FStar.List.Tot.Base.mem_filter_spec f m u29600 }; got type Prims.list a (see also FStar.List.Tot.Base.fst(265,86-265,107))
FStar.List.Tot.Base.fst(277,2-279,4): (Warning 252) (Hint-replay failed): could not prove post-condition (see also FStar.List.Tot.Base.fst(275,11-275,16))
FStar.List.Tot.Base.fst(267,10-267,12): (Warning 252) (Hint-replay failed): Subtyping check failed; expected type m:
Prims.list a
{ forall (u66019: FStar.Pervasives.Native.option (x: Prims.unit{Prims.hasEq a})).
FStar.List.Tot.Base.mem_filter_spec f m u66019 }; got type Prims.list a (see also FStar.List.Tot.Base.fst(265,86-265,107))
FStar.Relational.Comp.fst(48,34-48,68): (Warning 252) (Hint-replay failed): assertion failed (see also FStar.Pervasives.fst(36,2-36,33))
FStar.Monotonic.Heap.fst(185,64-185,66): (Warning 252) (Hint-replay failed): could not prove post-condition (see also FStar.Monotonic.Heap.fsti(202,13-202,50))
FStar.Monotonic.Heap.fst(207,2-207,8): (Warning 252) (Hint-replay failed): assertion failed (see also FStar.Monotonic.Heap.fst(207,9-207,21))
FStar.List.Tot.Properties.fst(858,2-858,37): (Warning 252) (Hint-replay failed): could not prove post-condition (see also FStar.List.Tot.Properties.fst(856,12-856,18))
FStar.List.Tot.Properties.fst(858,2-858,37): (Warning 252) could not prove post-condition (see also FStar.List.Tot.Properties.fst(856,12-856,18))
FStar.List.Tot.Properties.fst(887,2-888,24): (Warning 252) (Hint-replay failed): could not prove post-condition (see also FStar.List.Tot.Properties.fst(886,12-886,18))
FStar.Monotonic.HyperStack.fsti(350,4-350,33): (Warning 252) (Hint-replay failed): assertion failed (see also FStar.Monotonic.HyperStack.fsti(54,12-57,66))
FStar.OrdSet.fst(48,16-48,18): (Warning 252) (Hint-replay failed): Subtyping check failed; expected type Prims.eqtype; got type Type0 (see also prims.fst(27,22-27,29))
FStar.Monotonic.DependentMap.fsti(135,24-135,35): (Warning 288) FStar.HyperStack.ST.stable_on_t is deprecated, use FStar.HyperStack.ST.stable_on instead
FStar.Monotonic.DependentMap.fsti(147,24-147,35): (Warning 288) FStar.HyperStack.ST.stable_on_t is deprecated, use FStar.HyperStack.ST.stable_on instead
FStar.Monotonic.DependentMap.fsti(135,24-135,35): (Warning 288) FStar.HyperStack.ST.stable_on_t is deprecated, use FStar.HyperStack.ST.stable_on instead
FStar.Monotonic.DependentMap.fsti(147,24-147,35): (Warning 288) FStar.HyperStack.ST.stable_on_t is deprecated, use FStar.HyperStack.ST.stable_on instead
FStar.Monotonic.DependentMap.fst(53,4-53,14): (Warning 288) FStar.HyperStack.ST.mr_witness is deprecated, use FStar.HyperStack.ST.witness_p instead
FStar.Monotonic.DependentMap.fst(61,6-61,16): (Warning 288) FStar.HyperStack.ST.mr_witness is deprecated, use FStar.HyperStack.ST.witness_p instead
FStar.Monotonic.DependentMap.fst(67,4-67,10): (Warning 252) (Hint-replay failed): assertion failed (see also FStar.Monotonic.DependentMap.fst(67,11-68,76))
FStar.Monotonic.Map.fst(65,20-65,31): (Warning 288) FStar.HyperStack.ST.stable_on_t is deprecated, use FStar.HyperStack.ST.stable_on instead
FStar.Monotonic.Map.fst(84,4-84,14): (Warning 288) FStar.HyperStack.ST.mr_witness is deprecated, use FStar.HyperStack.ST.witness_p instead
FStar.Monotonic.Map.fst(85,4-85,14): (Warning 288) FStar.HyperStack.ST.mr_witness is deprecated, use FStar.HyperStack.ST.witness_p instead
FStar.Monotonic.Map.fst(105,8-105,18): (Warning 288) FStar.HyperStack.ST.mr_witness is deprecated, use FStar.HyperStack.ST.witness_p instead
FStar.Monotonic.Map.fst(106,8-106,18): (Warning 288) FStar.HyperStack.ST.mr_witness is deprecated, use FStar.HyperStack.ST.witness_p instead
FStar.Monotonic.Map.fst(28,2-29,71): (Warning 252) (Hint-replay failed): assertion failed (see also FStar.Preorder.fst(12,40-12,56))
FStar.Monotonic.Map.fst(66,4-66,6): (Warning 252) (Hint-replay failed): could not prove post-condition (see also FStar.HyperStack.ST.fsti(461,64-461,68))
FStar.Monotonic.Map.fst(82,6-82,8): (Warning 252) (Hint-replay failed): assertion failed (see also FStar.HyperStack.ST.fsti(404,59-404,77))
FStar.Monotonic.Map.fst(105,8-105,18): (Warning 252) (Hint-replay failed): assertion failed (see also FStar.HyperStack.ST.fsti(461,64-461,68))
FStar.Monotonic.HyperStack.fst(42,42-42,44): (Warning 252) (Hint-replay failed): could not prove post-condition (see also FStar.Monotonic.HyperStack.fsti(118,12-118,46))
FStar.Monotonic.HyperStack.fst(44,37-44,39): (Warning 252) (Hint-replay failed): could not prove post-condition (see also FStar.Monotonic.HyperStack.fsti(61,18-61,51))
FStar.Monotonic.HyperStack.fst(46,32-46,34): (Warning 252) (Hint-replay failed): could not prove post-condition (see also FStar.Monotonic.HyperStack.fsti(130,19-130,41))
FStar.Monotonic.HyperStack.fst(48,34-48,36): (Warning 252) (Hint-replay failed): could not prove post-condition (see also FStar.Monotonic.HyperStack.fsti(137,20-137,76))
FStar.Monotonic.HyperStack.fst(50,24-50,26): (Warning 252) (Hint-replay failed): could not prove post-condition (see also FStar.Monotonic.HyperStack.fsti(146,9-146,59))
FStar.Monotonic.HyperStack.fst(52,28-52,30): (Warning 252) (Hint-replay failed): could not prove post-condition (see also FStar.Monotonic.HyperStack.fsti(155,19-155,69))
FStar.Monotonic.HyperStack.fst(54,27-54,29): (Warning 252) (Hint-replay failed): could not prove post-condition (see also FStar.Monotonic.HyperStack.fsti(162,106-162,142))
FStar.Monotonic.HyperStack.fsti(181,4-181,25): (Warning 252) (Hint-replay failed): could not prove post-condition (see also FStar.Monotonic.HyperStack.fsti(180,19-180,45))
FStar.Monotonic.HyperStack.fsti(350,4-350,33): (Warning 252) (Hint-replay failed): assertion failed (see also FStar.Monotonic.HyperStack.fsti(54,12-57,66))
FStar.Monotonic.HyperStack.fst(73,55-73,57): (Warning 252) (Hint-replay failed): could not prove post-condition (see also FStar.Monotonic.HyperStack.fst(72,17-72,31))
FStar.Monotonic.HyperStack.fst(93,32-93,34): (Warning 252) (Hint-replay failed): could not prove post-condition (see also FStar.Monotonic.HyperStack.fsti(401,13-401,48))
FStar.Monotonic.HyperStack.fst(95,36-95,38): (Warning 252) (Hint-replay failed): could not prove post-condition (see also FStar.Monotonic.HyperStack.fsti(456,9-456,33))
FStar.HyperStack.ST.fst(112,47-112,49): (Warning 252) (Hint-replay failed): could not prove post-condition (see also FStar.HyperStack.ST.fsti(136,72-136,104))
FStar.HyperStack.ST.fst(113,48-113,50): (Warning 252) (Hint-replay failed): could not prove post-condition (see also FStar.HyperStack.ST.fsti(106,4-106,70))
FStar.HyperStack.ST.fst(114,49-114,51): (Warning 252) (Hint-replay failed): could not prove post-condition (see also FStar.HyperStack.ST.fsti(144,78-144,112))
FStar.HyperStack.ST.fst(115,50-115,52): (Warning 252) (Hint-replay failed): could not prove post-condition (see also FStar.HyperStack.ST.fsti(106,4-106,70))
FStar.HyperStack.ST.fst(116,51-116,53): (Warning 252) (Hint-replay failed): could not prove post-condition (see also FStar.HyperStack.ST.fsti(152,79-152,115))
FStar.HyperStack.ST.fst(117,52-117,54): (Warning 252) (Hint-replay failed): could not prove post-condition (see also FStar.HyperStack.ST.fsti(106,4-106,70))
FStar.HyperStack.ST.fst(118,57-118,59): (Warning 252) (Hint-replay failed): could not prove post-condition (see also FStar.HyperStack.ST.fsti(161,85-161,127))
FStar.HyperStack.ST.fst(119,58-119,60): (Warning 252) (Hint-replay failed): could not prove post-condition (see also FStar.HyperStack.ST.fsti(106,4-106,70))
FStar.HyperStack.ST.fst(141,4-141,15): (Warning 252) (Hint-replay failed): assertion failed (see also FStar.HyperStack.ST.fsti(59,77-59,85))
FStar.HyperStack.ST.fst(163,2-163,13): (Warning 252) (Hint-replay failed): assertion failed (see also FStar.HyperStack.ST.fsti(59,77-59,85))
FStar.HyperStack.ST.fst(172,2-172,13): (Warning 252) (Hint-replay failed): assertion failed (see also FStar.HyperStack.ST.fsti(59,77-59,85))
FStar.HyperStack.ST.fst(186,4-186,15): (Warning 252) (Hint-replay failed): assertion failed (see also FStar.HyperStack.ST.fsti(59,77-59,85))
FStar.HyperStack.ST.fst(230,23-230,34): (Warning 252) (Hint-replay failed): assertion failed (see also FStar.HyperStack.ST.fsti(59,77-59,85))
FStar.HyperStack.ST.fst(235,2-235,13): (Warning 252) (Hint-replay failed): assertion failed (see also FStar.HyperStack.ST.fsti(59,77-59,85))
FStar.HyperStack.ST.fst(244,2-244,13): (Warning 252) (Hint-replay failed): assertion failed (see also FStar.HyperStack.ST.fsti(59,77-59,85))
FStar.HyperStack.ST.fst(257,2-257,12): (Warning 252) (Hint-replay failed): assertion failed (see also FStar.HyperStack.ST.fsti(60,69-60,80))
FStar.HyperStack.ST.fst(261,50-261,52): (Warning 252) (Hint-replay failed): Subtyping check failed; expected type Prims.squash (forall (x: c). FStar.HyperStack.ST.witnessed (p' x)); got type Prims.unit (see also FStar.HyperStack.ST.fst(261,30-261,46))
FStar.HyperStack.ST.fst(279,2-279,13): (Warning 252) (Hint-replay failed): assertion failed (see also FStar.HyperStack.ST.fsti(59,77-59,85))
FStar.Math.Lemmas.fst(329,2-337,36): (Error 16) Unknown assertion failed (SMT solver says: unknown because (resource limits reached) (fuel=8; ifuel=2; ); SMT solver says: unknown because (resource limits reached) (fuel=4; ifuel=2; ); SMT solver says: unknown because (resource limits reached) (fuel=2; ifuel=2; ); SMT solver says: unknown because (resource limits reached) (fuel=2; ifuel=1; ); SMT solver says: unknown because (resource limits reached) (fuel=2; ifuel=1; with hint))
Verified module: FStar.Math.Lemmas (67593 milliseconds)
1 error was reported (see above)
make[3]: *** [gmake/Makefile.tmpl:29: FStar.Math.Lemmas.fst.checked] Error 1
FStar.Seq.Properties.fst(535,2-538,29): (Warning 252) (Hint-replay failed): could not prove post-condition (see also FStar.Seq.Properties.fst(533,20-533,28))
FStar.Fin.fst(36,2-51,18): (Warning 252) (Hint-replay failed): could not prove post-condition (see also FStar.Fin.fst(33,41-33,68))
FStar.Fin.fst(36,2-51,18): (Warning 252) (Hint-replay failed): could not prove post-condition (see also FStar.Fin.fst(33,41-33,68))
FStar.Monotonic.Seq.fst(60,19-60,30): (Warning 288) FStar.HyperStack.ST.stable_on_t is deprecated, use FStar.HyperStack.ST.stable_on instead
FStar.Monotonic.Seq.fst(80,4-80,14): (Warning 288) FStar.HyperStack.ST.mr_witness is deprecated, use FStar.HyperStack.ST.witness_p instead
FStar.Monotonic.Seq.fst(102,19-102,30): (Warning 288) FStar.HyperStack.ST.stable_on_t is deprecated, use FStar.HyperStack.ST.stable_on instead
FStar.Monotonic.Seq.fst(109,19-109,30): (Warning 288) FStar.HyperStack.ST.stable_on_t is deprecated, use FStar.HyperStack.ST.stable_on instead
FStar.Monotonic.Seq.fst(142,4-142,14): (Warning 288) FStar.HyperStack.ST.mr_witness is deprecated, use FStar.HyperStack.ST.witness_p instead
FStar.Monotonic.Seq.fst(160,2-160,12): (Warning 288) FStar.HyperStack.ST.mr_witness is deprecated, use FStar.HyperStack.ST.witness_p instead
FStar.Monotonic.Seq.fst(168,2-168,12): (Warning 288) FStar.HyperStack.ST.mr_witness is deprecated, use FStar.HyperStack.ST.witness_p instead
FStar.Monotonic.Seq.fst(259,10-259,21): (Warning 288) FStar.HyperStack.ST.stable_on_t is deprecated, use FStar.HyperStack.ST.stable_on instead
FStar.Monotonic.Seq.fst(273,11-273,22): (Warning 288) FStar.HyperStack.ST.stable_on_t is deprecated, use FStar.HyperStack.ST.stable_on instead
FStar.Monotonic.Seq.fst(320,11-320,22): (Warning 288) FStar.HyperStack.ST.stable_on_t is deprecated, use FStar.HyperStack.ST.stable_on instead
FStar.Monotonic.Seq.fst(343,11-343,22): (Warning 288) FStar.HyperStack.ST.stable_on_t is deprecated, use FStar.HyperStack.ST.stable_on instead
FStar.Monotonic.Seq.fst(369,11-369,22): (Warning 288) FStar.HyperStack.ST.stable_on_t is deprecated, use FStar.HyperStack.ST.stable_on instead
FStar.Monotonic.Seq.fst(386,4-386,14): (Warning 288) FStar.HyperStack.ST.mr_witness is deprecated, use FStar.HyperStack.ST.witness_p instead
FStar.Monotonic.Seq.fst(403,4-403,14): (Warning 288) FStar.HyperStack.ST.mr_witness is deprecated, use FStar.HyperStack.ST.witness_p instead
FStar.Monotonic.Seq.fst(28,4-29,111): (Warning 252) (Hint-replay failed): assertion failed (see also FStar.Preorder.fst(12,40-12,56))
FStar.Monotonic.Seq.fst(41,4-41,6): (Warning 252) (Hint-replay failed): could not prove post-condition (see also FStar.Monotonic.Seq.fst(39,12-39,36))
FStar.Monotonic.Seq.fst(61,4-61,6): (Warning 252) (Hint-replay failed): could not prove post-condition (see also FStar.HyperStack.ST.fsti(461,64-461,68))
FStar.Monotonic.Seq.fst(103,4-103,6): (Warning 252) (Hint-replay failed): could not prove post-condition (see also FStar.HyperStack.ST.fsti(461,64-461,68))
FStar.Monotonic.Seq.fst(248,4-248,6): (Warning 252) (Hint-replay failed): could not prove post-condition (see also FStar.Monotonic.Seq.fst(247,8-247,35))
FStar.Monotonic.Seq.fst(260,4-260,6): (Warning 252) (Hint-replay failed): could not prove post-condition (see also FStar.HyperStack.ST.fsti(461,64-461,68))
FStar.Monotonic.Seq.fst(274,4-274,6): (Warning 252) (Hint-replay failed): could not prove post-condition (see also FStar.HyperStack.ST.fsti(461,64-461,68))
FStar.Monotonic.Seq.fst(303,38-303,44): (Warning 252) (Hint-replay failed): assertion failed (see also FStar.Monotonic.Seq.fst(303,45-303,62))
FStar.Monotonic.Seq.fst(344,4-344,46): (Warning 252) (Hint-replay failed): could not prove post-condition (see also FStar.HyperStack.ST.fsti(461,64-461,68))
FStar.ModifiesGen.fst(210,9-210,54): (Warning 252) (Hint-replay failed): assertion failed
FStar.ModifiesGen.fst(213,9-213,84): (Warning 252) (Hint-replay failed): assertion failed
FStar.ModifiesGen.fst(231,42-231,44): (Warning 252) (Hint-replay failed): could not prove post-condition (see also FStar.ModifiesGen.fsti(167,45-167,50))
FStar.ModifiesGen.fst(372,9-372,109): (Warning 252) (Hint-replay failed): assertion failed
FStar.ModifiesGen.fst(395,2-395,51): (Warning 252) (Hint-replay failed): could not prove post-condition (see also FStar.ModifiesGen.fsti(224,2-224,20))
FStar.ModifiesGen.fst(406,2-406,111): (Warning 252) (Hint-replay failed): could not prove post-condition (see also FStar.ModifiesGen.fsti(231,11-231,31))
FStar.ModifiesGen.fst(408,42-408,44): (Warning 252) (Hint-replay failed): could not prove post-condition (see also FStar.ModifiesGen.fsti(238,11-238,45))
FStar.ModifiesGen.fst(418,8-418,14): (Warning 252) (Hint-replay failed): assertion failed (see also FStar.ModifiesGen.fst(418,15-418,50))
FStar.ModifiesGen.fst(425,33-425,35): (Warning 252) (Hint-replay failed): could not prove post-condition (see also FStar.ModifiesGen.fsti(251,2-251,27))
FStar.ModifiesGen.fst(430,43-430,45): (Warning 252) (Hint-replay failed): could not prove post-condition (see also FStar.ModifiesGen.fsti(268,11-268,65))
FStar.ModifiesGen.fst(444,2-444,4): (Warning 252) (Hint-replay failed): could not prove post-condition (see also FStar.ModifiesGen.fst(442,2-442,104))
FStar.ModifiesGen.fst(448,66-448,68): (Warning 252) (Hint-replay failed): could not prove post-condition (see also FStar.ModifiesGen.fsti(300,11-300,81))
FStar.ModifiesGen.fst(450,87-450,89): (Warning 252) (Hint-replay failed): could not prove post-condition (see also FStar.ModifiesGen.fsti(310,11-310,105))
FStar.ModifiesGen.fst(452,84-452,86): (Warning 252) (Hint-replay failed): could not prove post-condition (see also FStar.ModifiesGen.fsti(318,11-318,103))
FStar.ModifiesGen.fst(455,2-455,8): (Warning 252) (Hint-replay failed): assertion failed (see also FStar.ModifiesGen.fst(455,9-455,202))
FStar.ModifiesGen.fst(461,91-461,93): (Warning 252) (Hint-replay failed): could not prove post-condition (see also FStar.ModifiesGen.fsti(336,11-336,111))
FStar.ModifiesGen.fst(551,35-551,37): (Warning 252) (Hint-replay failed): could not prove post-condition (see also FStar.ModifiesGen.fsti(357,11-357,36))
FStar.ModifiesGen.fst(576,2-585,30): (Warning 252) (Hint-replay failed): could not prove post-condition (see also FStar.ModifiesGen.fsti(371,11-371,33))
FStar.ModifiesGen.fst(595,2-595,173): (Warning 252) (Hint-replay failed): could not prove post-condition (see also FStar.ModifiesGen.fsti(404,11-404,113))
FStar.ModifiesGen.fst(597,91-597,93): (Warning 252) (Hint-replay failed): could not prove post-condition (see also FStar.ModifiesGen.fsti(415,11-415,67))
FStar.ModifiesGen.fst(601,78-601,80): (Warning 252) (Hint-replay failed): could not prove post-condition (see also FStar.ModifiesGen.fsti(439,24-439,42))
FStar.ModifiesGen.fst(605,2-605,165): (Warning 252) (Hint-replay failed): could not prove post-condition (see also FStar.ModifiesGen.fsti(447,11-447,105))
FStar.ModifiesGen.fst(618,73-618,75): (Warning 252) (Hint-replay failed): could not prove post-condition (see also FStar.ModifiesGen.fsti(455,2-455,70))
FStar.ModifiesGen.fst(620,73-620,75): (Warning 252) (Hint-replay failed): could not prove post-condition (see also FStar.ModifiesGen.fsti(458,2-458,79))
FStar.ModifiesGen.fst(630,92-630,94): (Warning 252) (Hint-replay failed): could not prove post-condition (see also FStar.ModifiesGen.fsti(463,2-463,91))
FStar.ModifiesGen.fst(632,72-632,74): (Warning 252) (Hint-replay failed): could not prove post-condition (see also FStar.ModifiesGen.fsti(468,2-468,78))
FStar.ModifiesGen.fst(634,94-634,96): (Warning 252) (Hint-replay failed): could not prove post-condition (see also FStar.ModifiesGen.fsti(473,2-473,95))
FStar.ModifiesGen.fst(636,78-636,80): (Warning 252) (Hint-replay failed): could not prove post-condition (see also FStar.ModifiesGen.fsti(478,2-478,73))
FStar.ModifiesGen.fst(922,4-922,10): (Warning 252) (Hint-replay failed): assertion failed (see also FStar.ModifiesGen.fst(922,11-922,52))
FStar.ModifiesGen.fst(977,20-977,25): (Warning 252) (Hint-replay failed): assertion failed (see also FStar.ModifiesGen.fsti(599,15-599,55))
FStar.ModifiesGen.fst(993,55-993,57): (Warning 252) (Hint-replay failed): could not prove post-condition (see also FStar.ModifiesGen.fsti(649,4-649,20))
FStar.ModifiesGen.fst(1001,2-1004,43): (Warning 252) (Hint-replay failed): could not prove post-condition (see also FStar.ModifiesGen.fsti(683,11-683,29))
FStar.ModifiesGen.fst(1006,62-1006,64): (Warning 252) (Hint-replay failed): could not prove post-condition (see also FStar.ModifiesGen.fsti(694,11-694,31))
FStar.ModifiesGen.fst(1014,4-1014,10): (Warning 252) (Hint-replay failed): assertion failed (see also FStar.ModifiesGen.fst(1014,11-1014,113))
FStar.ModifiesGen.fst(1034,79-1034,81): (Warning 252) (Hint-replay failed): could not prove post-condition (see also FStar.ModifiesGen.fsti(726,11-726,45))
FStar.ModifiesGen.fst(1057,2-1057,23): (Warning 252) (Hint-replay failed): assertion failed (see also FStar.ModifiesGen.fsti(682,33-682,51))
FStar.ModifiesGen.fst(1085,2-1085,8): (Warning 252) (Hint-replay failed): assertion failed (see also FStar.ModifiesGen.fst(1085,9-1085,48))
FStar.ModifiesGen.fst(1131,2-1131,8): (Warning 252) (Hint-replay failed): assertion failed (see also FStar.ModifiesGen.fst(1131,9-1131,121))
FStar.ModifiesGen.fst(1139,2-1139,55): (Warning 252) (Hint-replay failed): could not prove post-condition (see also FStar.ModifiesGen.fst(1138,2-1138,45))
FStar.ModifiesGen.fst(1147,2-1147,4): (Warning 252) (Hint-replay failed): could not prove post-condition (see also FStar.ModifiesGen.fst(1146,2-1146,98))
FStar.ModifiesGen.fst(1155,2-1155,55): (Warning 252) (Hint-replay failed): could not prove post-condition (see also FStar.ModifiesGen.fst(1154,2-1154,66))
FStar.ModifiesGen.fst(1170,2-1170,23): (Warning 252) (Hint-replay failed): assertion failed (see also FStar.ModifiesGen.fsti(682,33-682,51))
FStar.ModifiesGen.fst(1262,4-1262,6): (Warning 252) (Hint-replay failed): could not prove post-condition (see also FStar.ModifiesGen.fst(721,34-721,60))
FStar.ModifiesGen.fst(1307,2-1312,105): (Warning 252) (Hint-replay failed): could not prove post-condition (see also FStar.ModifiesGen.fsti(868,2-868,59))
FStar.ModifiesGen.fst(1325,20-1325,22): (Warning 252) (Hint-replay failed): could not prove post-condition (see also FStar.ModifiesGen.fsti(503,34-503,59))
FStar.ModifiesGen.fst(1361,2-1361,8): (Warning 252) (Hint-replay failed): assertion failed (see also FStar.ModifiesGen.fst(1361,76-1361,95))
FStar.ModifiesGen.fst(1386,42-1386,44): (Warning 252) (Hint-replay failed): could not prove post-condition (see also FStar.ModifiesGen.fsti(963,11-963,69))
FStar.ModifiesGen.fst(1388,46-1388,48): (Warning 252) (Hint-replay failed): could not prove post-condition (see also FStar.ModifiesGen.fsti(967,11-967,73))
FStar.ModifiesGen.fst(1391,2-1391,121): (Warning 252) (Hint-replay failed): could not prove post-condition (see also FStar.ModifiesGen.fsti(970,2-970,58))
FStar.ModifiesGen.fst(1397,2-1397,8): (Warning 252) (Hint-replay failed): assertion failed (see also FStar.ModifiesGen.fst(1397,9-1397,35))
FStar.ModifiesGen.fst(1407,2-1407,8): (Warning 252) (Hint-replay failed): assertion failed (see also FStar.ModifiesGen.fst(1407,9-1407,32))
FStar.ModifiesGen.fst(1419,2-1419,8): (Warning 252) (Hint-replay failed): assertion failed (see also FStar.ModifiesGen.fst(1419,9-1419,48))
FStar.ModifiesGen.fst(1433,2-1433,20): (Warning 252) (Hint-replay failed): assertion failed (see also FStar.ModifiesGen.fsti(230,35-230,53))
FStar.ModifiesGen.fst(1667,2-1667,4): (Warning 252) (Hint-replay failed): could not prove post-condition (see also FStar.ModifiesGen.fst(1665,2-1665,73))
FStar.ModifiesGen.fst(1675,9-1675,171): (Warning 252) (Hint-replay failed): assertion failed
FStar.ModifiesGen.fst(1705,2-1705,8): (Warning 252) (Hint-replay failed): assertion failed (see also FStar.ModifiesGen.fst(1705,9-1705,39))
FStar.ModifiesGen.fst(1731,41-1731,60): (Warning 252) (Hint-replay failed): could not prove post-condition
FStar.ModifiesGen.fst(1801,2-1801,8): (Warning 252) (Hint-replay failed): assertion failed (see also FStar.ModifiesGen.fst(1804,4-1804,53))
FStar.ModifiesGen.fst(1827,2-1835,39): (Warning 252) (Hint-replay failed): could not prove post-condition (see also FStar.ModifiesGen.fst(1826,11-1826,42))
FStar.ModifiesGen.fst(1872,4-1872,10): (Warning 252) (Hint-replay failed): assertion failed (see also FStar.ModifiesGen.fst(1872,11-1872,74))
FStar.ModifiesGen.fst(1894,4-1894,10): (Warning 252) (Hint-replay failed): assertion failed (see also FStar.ModifiesGen.fst(1894,11-1905,7))
FStar.ModifiesGen.fst(1937,4-1937,21): (Warning 252) (Hint-replay failed): Subtyping check failed; expected type aux:
FStar.Ghost.erased (FStar.GSet.set (FStar.ModifiesGen.aloc (c b)))
{ FStar.GSet.subset (FStar.ModifiesGen.aloc_domain (c b) regions live_addrs)
(FStar.Ghost.reveal aux) /\
FStar.GSet.subset (FStar.Ghost.reveal aux)
(FStar.ModifiesGen.aloc_domain (c b) regions (fun _ -> FStar.GSet.complement FStar.GSet.empty)
) }; got type FStar.Ghost.erased (FStar.GSet.set (FStar.ModifiesGen.aloc (c b))) (see also FStar.ModifiesGen.fst(54,8-54,71))
FStar.ModifiesGen.fst(1940,9-1940,68): (Warning 252) (Hint-replay failed): assertion failed
FStar.ModifiesGen.fst(1946,9-1946,119): (Warning 252) (Hint-replay failed): assertion failed
FStar.ModifiesGen.fst(1949,9-1949,121): (Warning 252) (Hint-replay failed): assertion failed
FStar.ModifiesGen.fst(1952,9-1952,113): (Warning 252) (Hint-replay failed): assertion failed
FStar.ModifiesGen.fst(2009,9-2009,98): (Warning 252) (Hint-replay failed): assertion failed
FStar.ModifiesGen.fst(2020,2-2026,167): (Warning 252) (Hint-replay failed): could not prove post-condition (see also FStar.ModifiesGen.fsti(1171,2-1171,78))
FStar.ModifiesGen.fst(2037,2-2037,8): (Warning 252) (Hint-replay failed): assertion failed (see also FStar.ModifiesGen.fst(2037,21-2037,70))
FStar.ModifiesGen.fst(2046,2-2046,8): (Warning 252) (Hint-replay failed): assertion failed (see also FStar.ModifiesGen.fst(2046,21-2046,68))
FStar.ModifiesGen.fst(2075,9-2075,56): (Warning 252) (Hint-replay failed): assertion failed
FStar.ModifiesGen.fst(2078,9-2078,48): (Warning 252) (Hint-replay failed): assertion failed
FStar.ModifiesGen.fst(2084,9-2084,98): (Warning 252) (Hint-replay failed): assertion failed
make[3]: Target 'verify-core' not remade because of errors.
make[2]: *** [Makefile:12: all] Error 2
make[1]: *** [Makefile:193: fstarlib] Error 2
make: *** [Makefile:176: utest-prelude] Error 2
Command exited with non-zero status 2
13.27user 50.75system 12:31.01elapsed 8%CPU (0avgtext+0avgdata 22559188maxresident)k
0inputs+0outputs (5912217major+0minor)pagefaults 0swaps
