From https://github.com/mitls/mitls-fstar
1f58057d..0d6e12be  master     -> origin/master
From https://github.com/project-everest/vale
6eb3a53..24a0a54  typechecker -> origin/typechecker
make: *** [Makefile:78: extracted/Makefile.include] Error 1
make: *** Waiting for unfinished jobs....
make: *** [Makefile:84: uint128/Makefile.include] Error 1
dos2unix: converting file parser/parse.fsi to Unix format...
Warning: you are using the standard library and/or the %inline keyword. We
recommend switching on --infer in order to avoid obscure type error messages.
warning: CRLF will be replaced by LF in src/parser/parse.fsy.
The file will have its original line endings in your working directory.
FStar.ModifiesGen.fst(1507,4-1507,14): (Error 54) (*?u59*) _ is not equal to the expected type _
1 error was reported (see above)
make[4]: *** [Makefile.extract:11: FStar.ModifiesGen.fst.checked.lax] Error 1
FStar.Pointer.Base.fst(144,2-144,27): (Error 114) Type of pattern does not match type of scrutinee
1 error was reported (see above)
make[4]: *** [Makefile.extract:11: FStar.Pointer.Base.fst.checked.lax] Error 1
make[4]: Target 'all-ml' not remade because of errors.
make[3]: *** [Makefile:32: fstarlib.mgen] Error 2
make[3]: Target 'install-fstarlib' not remade because of errors.
make[2]: *** [Makefile:2: all] Error 2
make[1]: *** [Makefile:186: fstarlib] Error 2
make: *** [Makefile:171: utest-prelude] Error 2
Command exited with non-zero status 2
8.30user 32.34system 4:10.92elapsed 16%CPU (0avgtext+0avgdata 889474304maxresident)k
0inputs+0outputs (3656540major+0minor)pagefaults 0swaps
