From https://github.com/project-everest/vale
816441e..b24b07f  aes_bytes  -> origin/aes_bytes
From https://github.com/mitls/mitls-fstar
e1b304fb..d6f1e26e  master     -> origin/master
From https://github.com/mitls/hacl-star
14ed5739..acea865a  fstar-master -> origin/fstar-master
dos2unix: converting file parser/parse.fsi to Unix format...
Warning: you are using the standard library and/or the %inline keyword. We
recommend switching on --infer in order to avoid obscure type error messages.
warning: CRLF will be replaced by LF in src/parser/parse.fsy.
The file will have its original line endings in your working directory.
FStar.Monotonic.Witnessed.fst(292,47-292,49): (Warning 252) (Hint-replay failed): could not prove post-condition (see also FStar.Monotonic.Witnessed.fsti(28,70-28,85))
FStar.Monotonic.Witnessed.fst(296,44-296,70): (Warning 252) (Hint-replay failed): could not prove post-condition (see also FStar.Monotonic.Witnessed.fsti(35,39-35,74))
FStar.Monotonic.Witnessed.fst(298,42-298,44): (Warning 252) (Hint-replay failed): could not prove post-condition (see also FStar.Monotonic.Witnessed.fsti(40,37-40,100))
FStar.Monotonic.Witnessed.fst(303,6-303,95): (Warning 252) (Hint-replay failed): could not prove post-condition (see also FStar.Monotonic.Witnessed.fst(302,30-302,67))
FStar.Monotonic.Witnessed.fst(307,40-307,42): (Warning 252) (Hint-replay failed): could not prove post-condition (see also FStar.Monotonic.Witnessed.fsti(52,75-52,110))
FStar.Monotonic.Witnessed.fst(312,6-312,15): (Warning 252) (Hint-replay failed): assertion failed (see also FStar.Monotonic.Witnessed.fst(106,50-106,55))
FStar.Monotonic.Witnessed.fst(319,6-319,18): (Warning 252) (Hint-replay failed): assertion failed (see also FStar.Monotonic.Witnessed.fst(211,63-211,83))
FStar.Monotonic.Witnessed.fst(323,45-323,47): (Warning 252) (Hint-replay failed): could not prove post-condition (see also FStar.Monotonic.Witnessed.fsti(70,74-70,114))
FStar.List.Tot.Base.fst(265,10-265,12): (Warning 252) (Hint-replay failed): Subtyping check failed; expected type m:
Prims.list a
{ forall (u22332: FStar.Pervasives.Native.option (x: Prims.unit{Prims.hasEq a})).
FStar.List.Tot.Base.mem_filter_spec f m u22332 }; got type Prims.list a (see also FStar.List.Tot.Base.fst(263,86-263,107))
FStar.List.Tot.Base.fst(275,2-277,4): (Warning 252) (Hint-replay failed): could not prove post-condition (see also FStar.List.Tot.Base.fst(273,11-273,16))
FStar.List.Tot.Properties.fst(855,2-855,37): (Warning 252) (Hint-replay failed): could not prove post-condition (see also FStar.List.Tot.Properties.fst(853,12-853,18))
FStar.List.Tot.Properties.fst(855,2-855,37): (Warning 252) could not prove post-condition (see also FStar.List.Tot.Properties.fst(853,12-853,18))
FStar.List.Tot.Properties.fst(884,2-885,24): (Warning 252) (Hint-replay failed): could not prove post-condition (see also FStar.List.Tot.Properties.fst(883,12-883,18))
FStar.OrdSet.fst(48,16-48,18): (Warning 252) (Hint-replay failed): Subtyping check failed; expected type Prims.eqtype; got type Type (see also prims.fst(27,21-27,28))
FStar.Monotonic.HyperStack.fst(86,4-86,6): (Warning 252) (Hint-replay failed): could not prove post-condition (see also FStar.Monotonic.HyperStack.fst(85,12-85,46))
FStar.Monotonic.HyperStack.fst(93,4-93,6): (Warning 252) (Hint-replay failed): could not prove post-condition (see also FStar.Monotonic.HyperStack.fst(47,18-47,51))
FStar.Monotonic.HyperStack.fst(101,4-101,6): (Warning 252) (Hint-replay failed): could not prove post-condition (see also FStar.Monotonic.HyperStack.fst(99,19-99,34))
FStar.Monotonic.HyperStack.fst(115,4-115,6): (Warning 252) (Hint-replay failed): could not prove post-condition (see also FStar.Monotonic.HyperStack.fst(110,20-110,76))
FStar.Monotonic.HyperStack.fst(123,4-123,6): (Warning 252) (Hint-replay failed): could not prove post-condition (see also FStar.Monotonic.HyperStack.fst(122,9-122,48))
FStar.Monotonic.HyperStack.fst(135,4-135,6): (Warning 252) (Hint-replay failed): could not prove post-condition (see also FStar.Monotonic.HyperStack.fst(132,19-132,58))
FStar.Monotonic.HyperStack.fst(146,4-146,6): (Warning 252) (Hint-replay failed): could not prove post-condition (see also FStar.Monotonic.HyperStack.fst(145,92-145,124))
FStar.Monotonic.HyperStack.fst(161,4-161,25): (Warning 252) (Hint-replay failed): could not prove post-condition (see also FStar.Monotonic.HyperStack.fst(160,19-160,38))
FStar.Monotonic.HyperStack.fst(283,55-283,57): (Warning 252) (Hint-replay failed): could not prove post-condition (see also FStar.Monotonic.HyperStack.fst(282,17-282,31))
FStar.Monotonic.HyperStack.fst(344,4-344,33): (Warning 252) (Hint-replay failed): assertion failed (see also FStar.Monotonic.HyperStack.fst(38,12-41,66))
FStar.Monotonic.HyperStack.fst(413,6-413,8): (Warning 252) (Hint-replay failed): could not prove post-condition (see also FStar.Monotonic.HyperStack.fst(412,13-412,48))
FStar.Monotonic.HyperStack.fst(497,5-497,7): (Warning 252) (Hint-replay failed): could not prove post-condition (see also FStar.Monotonic.HyperStack.fst(496,11-496,29))
FStar.Seq.Properties.fst(471,2-474,29): (Warning 252) (Hint-replay failed): could not prove post-condition (see also FStar.Seq.Properties.fst(469,20-469,28))
FStar.Fin.fst(36,2-51,18): (Warning 252) (Hint-replay failed): could not prove post-condition (see also FStar.Fin.fst(33,41-33,68))
FStar.HyperStack.ST.fst(180,46-180,48): (Warning 252) (Hint-replay failed): could not prove post-condition (see also FStar.HyperStack.ST.fst(179,72-179,104))
FStar.HyperStack.ST.fst(184,98-184,100): (Warning 252) (Hint-replay failed): could not prove post-condition (see also FStar.HyperStack.ST.fst(145,4-145,52))
FStar.HyperStack.ST.fst(187,49-187,51): (Warning 252) (Hint-replay failed): could not prove post-condition (see also FStar.HyperStack.ST.fst(186,78-186,112))
FStar.HyperStack.ST.fst(192,4-192,6): (Warning 252) (Hint-replay failed): could not prove post-condition (see also FStar.HyperStack.ST.fst(145,4-145,52))
FStar.HyperStack.ST.fst(196,57-196,59): (Warning 252) (Hint-replay failed): could not prove post-condition (see also FStar.HyperStack.ST.fst(195,79-195,115))
FStar.HyperStack.ST.fst(201,4-201,6): (Warning 252) (Hint-replay failed): could not prove post-condition (see also FStar.HyperStack.ST.fst(145,4-145,52))
FStar.HyperStack.ST.fst(205,63-205,65): (Warning 252) (Hint-replay failed): could not prove post-condition (see also FStar.HyperStack.ST.fst(204,85-204,127))
FStar.HyperStack.ST.fst(211,4-211,6): (Warning 252) (Hint-replay failed): could not prove post-condition (see also FStar.HyperStack.ST.fst(145,4-145,52))
FStar.HyperStack.ST.fst(608,4-615,38): (Warning 252) (Hint-replay failed): could not prove post-condition (see also FStar.HyperStack.ST.fst(258,91-258,115))
FStar.HyperStack.ST.fst(635,4-635,14): (Warning 252) (Hint-replay failed): assertion failed (see also FStar.HyperStack.ST.fst(98,76-98,87))
FStar.HyperStack.ST.fst(643,52-643,54): (Warning 252) (Hint-replay failed): Subtyping check failed; expected type Prims.squash (forall (x: c). FStar.HyperStack.ST.witnessed (p' x)); got type Prims.unit (see also FStar.HyperStack.ST.fst(643,32-643,48))
FStar.Monotonic.Map.fst(28,2-29,71): (Warning 252) (Hint-replay failed): assertion failed (see also FStar.Preorder.fst(12,40-12,56))
FStar.Monotonic.Map.fst(66,4-66,6): (Warning 252) (Hint-replay failed): could not prove post-condition (see also FStar.HyperStack.ST.fst(602,56-602,60))
FStar.Monotonic.Map.fst(82,6-82,8): (Warning 252) (Hint-replay failed): assertion failed (see also FStar.HyperStack.ST.fst(523,54-523,72))
FStar.Monotonic.Map.fst(105,8-105,18): (Warning 252) (Hint-replay failed): assertion failed (see also FStar.HyperStack.ST.fst(602,56-602,60))
FStar.Monotonic.Seq.fst(28,4-29,111): (Warning 252) (Hint-replay failed): assertion failed (see also FStar.Preorder.fst(12,40-12,56))
FStar.Monotonic.Seq.fst(41,4-41,6): (Warning 252) (Hint-replay failed): could not prove post-condition (see also FStar.Monotonic.Seq.fst(39,12-39,36))
FStar.Monotonic.Seq.fst(61,4-61,6): (Warning 252) (Hint-replay failed): could not prove post-condition (see also FStar.HyperStack.ST.fst(602,56-602,60))
FStar.Monotonic.Seq.fst(103,4-103,6): (Warning 252) (Hint-replay failed): could not prove post-condition (see also FStar.HyperStack.ST.fst(602,56-602,60))
FStar.Monotonic.Seq.fst(248,4-248,6): (Warning 252) (Hint-replay failed): could not prove post-condition (see also FStar.Monotonic.Seq.fst(247,8-247,35))
FStar.Monotonic.Seq.fst(260,4-260,6): (Warning 252) (Hint-replay failed): could not prove post-condition (see also FStar.HyperStack.ST.fst(602,56-602,60))
FStar.Monotonic.Seq.fst(274,4-274,6): (Warning 252) (Hint-replay failed): could not prove post-condition (see also FStar.HyperStack.ST.fst(602,56-602,60))
FStar.Monotonic.Seq.fst(303,38-303,44): (Warning 252) (Hint-replay failed): assertion failed (see also FStar.Monotonic.Seq.fst(303,45-303,62))
FStar.Monotonic.Seq.fst(344,4-344,46): (Warning 252) (Hint-replay failed): could not prove post-condition (see also FStar.HyperStack.ST.fst(602,56-602,60))
FStar.Vector.Base.fst(88,30-88,32): (Warning 252) (Hint-replay failed): could not prove post-condition (see also FStar.Vector.Base.fsti(298,20-298,46))
LowStar.Modifies.fsti(611,2-611,42): (Warning 252) (Hint-replay failed): assertion failed (see also LowStar.Modifies.fsti(584,48-584,82))
LowStar.Modifies.fsti(625,2-625,38): (Warning 252) (Hint-replay failed): assertion failed (see also LowStar.Modifies.fsti(594,48-594,78))
LowStar.Modifies.fsti(668,2-668,38): (Warning 252) (Hint-replay failed): assertion failed (see also LowStar.Modifies.fsti(632,48-632,89))
LowStar.Modifies.fsti(683,2-683,49): (Warning 252) (Hint-replay failed): assertion failed (see also LowStar.Modifies.fsti(643,48-643,82))
LowStar.Modifies.fsti(697,2-697,45): (Warning 252) (Hint-replay failed): assertion failed (see also LowStar.Modifies.fsti(653,48-653,78))
LowStar.Buffer.fst(314,30-314,56): (Warning 252) (Hint-replay failed): Subtyping check failed; expected type FStar.UInt.uint_t FStar.UInt32.n; got type Prims.nat (see also FStar.UInt.fst(52,28-52,36))
LowStar.Buffer.fst(321,47-321,49): (Warning 252) (Hint-replay failed): could not prove post-condition (see also LowStar.Buffer.fsti(496,4-496,81))
LowStar.Buffer.fst(335,43-335,45): (Warning 252) (Hint-replay failed): could not prove post-condition (see also LowStar.Buffer.fsti(513,4-513,72))
LowStar.Buffer.fst(444,2-449,42): (Warning 252) (Hint-replay failed): could not prove post-condition (see also LowStar.Buffer.fsti(671,4-671,21))
LowStar.Buffer.fst(531,2-538,3): (Warning 252) (Hint-replay failed): could not prove post-condition (see also LowStar.Buffer.fsti(840,4-840,35))
LowStar.Modifies.fsti(611,2-611,42): (Warning 252) (Hint-replay failed): assertion failed (see also LowStar.Modifies.fsti(584,48-584,82))
LowStar.Modifies.fsti(625,2-625,38): (Warning 252) (Hint-replay failed): assertion failed (see also LowStar.Modifies.fsti(594,48-594,78))
LowStar.Modifies.fst(157,43-157,80): (Warning 252) (Hint-replay failed): Subtyping check failed; expected type 
l1: LowStar.Modifies.loc ->
l2: LowStar.Modifies.loc ->
h: FStar.Monotonic.HyperStack.mem ->
h': FStar.Monotonic.HyperStack.mem ->
x: FStar.Monotonic.HyperHeap.rid ->
Prims.Lemma Prims.unit; got type 
l1: FStar.ModifiesGen.loc LowStar.Modifies.cls ->
l2: FStar.ModifiesGen.loc LowStar.Modifies.cls ->
h: FStar.Monotonic.HyperStack.mem ->
h': FStar.Monotonic.HyperStack.mem ->
r: FStar.Monotonic.HyperHeap.rid ->
Prims.Lemma Prims.unit (see also FStar.ModifiesGen.fsti(658,104-658,145))
LowStar.Modifies.fst(159,54-159,101): (Warning 252) (Hint-replay failed): Subtyping check failed; expected type 
l1: LowStar.Modifies.loc ->
l2: LowStar.Modifies.loc ->
h: FStar.Monotonic.HyperStack.mem ->
h': FStar.Monotonic.HyperStack.mem ->
x: FStar.Monotonic.HyperStack.mreference t pre ->
Prims.Lemma Prims.unit; got type 
l1: FStar.ModifiesGen.loc LowStar.Modifies.cls ->
l2: FStar.ModifiesGen.loc LowStar.Modifies.cls ->
h: FStar.Monotonic.HyperStack.mem ->
h': FStar.Monotonic.HyperStack.mem ->
r: FStar.Monotonic.HyperStack.mreference t pre ->
Prims.Lemma Prims.unit (see also FStar.ModifiesGen.fsti(669,104-669,138))
LowStar.Modifies.fst(162,5-162,44): (Warning 252) (Hint-replay failed): assertion failed (see also FStar.ModifiesGen.fsti(680,104-680,135))
LowStar.Modifies.fsti(668,2-668,38): (Warning 252) (Hint-replay failed): assertion failed (see also LowStar.Modifies.fsti(632,48-632,89))
LowStar.Modifies.fsti(683,2-683,49): (Warning 252) (Hint-replay failed): assertion failed (see also LowStar.Modifies.fsti(643,48-643,82))
LowStar.Modifies.fsti(697,2-697,45): (Warning 252) (Hint-replay failed): assertion failed (see also LowStar.Modifies.fsti(653,48-653,78))
LowStar.Modifies.fst(227,2-227,23): (Warning 252) (Hint-replay failed): assertion failed (see also LowStar.Modifies.fsti(353,59-353,77))
FStar.Pointer.Derived1.fst(118,2-118,8): (Warning 252) (Hint-replay failed): assertion failed (see also FStar.Pointer.Derived1.fst(118,9-118,104))
FStar.Pointer.Derived1.fst(168,2-168,8): (Warning 252) (Hint-replay failed): assertion failed (see also FStar.Pointer.Derived1.fst(168,9-168,91))
FStar.Pointer.Derived1.fst(171,2-171,23): (Warning 252) (Hint-replay failed): assertion failed (see also FStar.Pointer.Base.fsti(1493,5-1493,45))
FStar.TaggedUnion.fst(168,2-168,42): (Warning 252) (Hint-replay failed): Subtyping check failed; expected type p':
FStar.Pointer.Base.pointer (FStar.Pointer.Base.typ_of_struct_field l f)
{FStar.Pointer.Base.includes p p'}; got type FStar.Pointer.Base.pointer (FStar.Pointer.Base.typ_of_struct_field l f) (see also FStar.TaggedUnion.fst(167,52-167,67))
FStar.Tactics.Effect.fst(87,34-87,43): (Error 228) user tactic failed: Variable "left#163062" not found (see also FStar.Tactics.Derived.fst(83,4-83,23))
1 error was reported (see above)
make[3]: *** [gmake/Makefile.tmpl:29: FStar.Tactics.PatternMatching.fst.checked] Error 1
FStar.BufferNG.fst(26,30-26,31): (Warning 252) Subtyping check failed; expected type t: FStar.Pointer.Base.typ{t << l}; got type FStar.Pointer.Base.typ (see also FStar.BufferNG.fst(24,2-26,58))
(Warning 252) (Hint-replay failed): assertion failed
FStar.Printf.fst(179,21-179,98): (Warning 252) (Hint-replay failed): Subtyping check failed; expected type (match
let FStar.Pervasives.Native.Some v =
match FStar.String.list_of_string s with
| [] -> FStar.Pervasives.Native.Some []
| ['%'] -> FStar.Pervasives.Native.None
| '%' :: 'u' :: s' ->
(match s' with
| 'y' :: s'' ->
(match FStar.Printf.parse_format s'' FStar.Printf.no_extensions with
| FStar.Pervasives.Native.None  -> FStar.Pervasives.Native.None
| FStar.Pervasives.Native.Some ds ->
FStar.Pervasives.Native.Some (FStar.Printf.Arg (FStar.Printf.U8) :: ds))
<:
Prims.Tot (FStar.Pervasives.Native.option (Prims.list FStar.Printf.dir))
| 's' :: s'' ->
(match FStar.Printf.parse_format s'' FStar.Printf.no_extensions with
| FStar.Pervasives.Native.None  -> FStar.Pervasives.Native.None
| FStar.Pervasives.Native.Some ds ->
FStar.Pervasives.Native.Some (FStar.Printf.Arg (FStar.Printf.U16) :: ds))
<:
Prims.Tot (FStar.Pervasives.Native.option (Prims.list FStar.Printf.dir))
| 'l' :: s'' ->
(match FStar.Printf.parse_format s'' FStar.Printf.no_extensions with
| FStar.Pervasives.Native.None  -> FStar.Pervasives.Native.None
| FStar.Pervasives.Native.Some ds ->
FStar.Pervasives.Native.Some (FStar.Printf.Arg (FStar.Printf.U32) :: ds))
<:
Prims.Tot (FStar.Pervasives.Native.option (Prims.list FStar.Printf.dir))
| 'L' :: s'' ->
(match FStar.Printf.parse_format s'' FStar.Printf.no_extensions with
| FStar.Pervasives.Native.None  -> FStar.Pervasives.Native.None
| FStar.Pervasives.Native.Some ds ->
FStar.Pervasives.Native.Some (FStar.Printf.Arg (FStar.Printf.U64) :: ds))
<:
Prims.Tot (FStar.Pervasives.Native.option (Prims.list FStar.Printf.dir))
| _ -> FStar.Pervasives.Native.None)
<:
FStar.Pervasives.Native.option (Prims.list FStar.Printf.dir)
| '%' :: 'X' :: s' ->
(match FStar.Printf.no_extensions s' with
| FStar.Pervasives.Native.Some (ext, rest) ->
(match FStar.Printf.parse_format rest FStar.Printf.no_extensions with
| FStar.Pervasives.Native.None  -> FStar.Pervasives.Native.None
| FStar.Pervasives.Native.Some ds ->
FStar.Pervasives.Native.Some (FStar.Printf.Arg (FStar.Printf.Extension ext) :: ds))
<:
Prims.Tot (FStar.Pervasives.Native.option (Prims.list FStar.Printf.dir))
| _ -> FStar.Pervasives.Native.None)
<:
FStar.Pervasives.Native.option (Prims.list FStar.Printf.dir)
| '%' :: c :: s' ->
(match c with
| '%' ->
(match FStar.Printf.parse_format s' FStar.Printf.no_extensions with
| FStar.Pervasives.Native.None  -> FStar.Pervasives.Native.None
| FStar.Pervasives.Native.Some ds ->
FStar.Pervasives.Native.Some (FStar.Printf.Lit '%' :: ds))
<:
Prims.Tot (FStar.Pervasives.Native.option (Prims.list FStar.Printf.dir))
| 'b' ->
(match FStar.Printf.parse_format s' FStar.Printf.no_extensions with
| FStar.Pervasives.Native.None  -> FStar.Pervasives.Native.None
| FStar.Pervasives.Native.Some ds ->
FStar.Pervasives.Native.Some (FStar.Printf.Arg (FStar.Printf.Bool) :: ds))
<:
Prims.Tot (FStar.Pervasives.Native.option (Prims.list FStar.Printf.dir))
| 'd' ->
(match FStar.Printf.parse_format s' FStar.Printf.no_extensions with
| FStar.Pervasives.Native.None  -> FStar.Pervasives.Native.None
| FStar.Pervasives.Native.Some ds ->
FStar.Pervasives.Native.Some (FStar.Printf.Arg (FStar.Printf.Int) :: ds))
<:
Prims.Tot (FStar.Pervasives.Native.option (Prims.list FStar.Printf.dir))
| 'c' ->
(match FStar.Printf.parse_format s' FStar.Printf.no_extensions with
| FStar.Pervasives.Native.None  -> FStar.Pervasives.Native.None
| FStar.Pervasives.Native.Some ds ->
FStar.Pervasives.Native.Some (FStar.Printf.Arg (FStar.Printf.Char) :: ds))
<:
Prims.Tot (FStar.Pervasives.Native.option (Prims.list FStar.Printf.dir))
| 's' ->
(match FStar.Printf.parse_format s' FStar.Printf.no_extensions with
| FStar.Pervasives.Native.None  -> FStar.Pervasives.Native.None
| FStar.Pervasives.Native.Some ds ->
FStar.Pervasives.Native.Some (FStar.Printf.Arg (FStar.Printf.String) :: ds))
<:
Prims.Tot (FStar.Pervasives.Native.option (Prims.list FStar.Printf.dir))
| 'y' ->
(match FStar.Printf.parse_format s' FStar.Printf.no_extensions with
| FStar.Pervasives.Native.None  -> FStar.Pervasives.Native.None
| FStar.Pervasives.Native.Some ds ->
FStar.Pervasives.Native.Some (FStar.Printf.Arg (FStar.Printf.I8) :: ds))
<:
Prims.Tot (FStar.Pervasives.Native.option (Prims.list FStar.Printf.dir))
| 'i' ->
(match FStar.Printf.parse_format s' FStar.Printf.no_extensions with
| FStar.Pervasives.Native.None  -> FStar.Pervasives.Native.None
| FStar.Pervasives.Native.Some ds ->
FStar.Pervasives.Native.Some (FStar.Printf.Arg (FStar.Printf.I16) :: ds))
<:
Prims.Tot (FStar.Pervasives.Native.option (Prims.list FStar.Printf.dir))
| 'l' ->
(match FStar.Printf.parse_format s' FStar.Printf.no_extensions with
| FStar.Pervasives.Native.None  -> FStar.Pervasives.Native.None
| FStar.Pervasives.Native.Some ds ->
FStar.Pervasives.Native.Some (FStar.Printf.Arg (FStar.Printf.I32) :: ds))
<:
Prims.Tot (FStar.Pervasives.Native.option (Prims.list FStar.Printf.dir))
| 'L' ->
(match FStar.Printf.parse_format s' FStar.Printf.no_extensions with
| FStar.Pervasives.Native.None  -> FStar.Pervasives.Native.None
| FStar.Pervasives.Native.Some ds ->
FStar.Pervasives.Native.Some (FStar.Printf.Arg (FStar.Printf.I64) :: ds))
<:
Prims.Tot (FStar.Pervasives.Native.option (Prims.list FStar.Printf.dir))
| _ -> FStar.Pervasives.Native.None)
<:
FStar.Pervasives.Native.option (Prims.list FStar.Printf.dir)
| c :: s' ->
(match FStar.Printf.parse_format s' FStar.Printf.no_extensions with
| FStar.Pervasives.Native.None  -> FStar.Pervasives.Native.None
| FStar.Pervasives.Native.Some ds ->
FStar.Pervasives.Native.Some (FStar.Printf.Lit c :: ds))
<:
Prims.Tot (FStar.Pervasives.Native.option (Prims.list FStar.Printf.dir))
in
v
with
| [] -> Prims.string
| FStar.Printf.Lit _ :: ds' -> FStar.Printf.dir_type ds'
| FStar.Printf.Arg a :: ds' -> _: FStar.Printf.arg_type a -> Prims.Tot (FStar.Printf.dir_type ds')
)
<:
Type0; got type FStar.Printf.dir_type (Some?.v (FStar.Printf.parse_format_string s FStar.Printf.no_extensions))
FStar.Printf.fst(190,21-190,94): (Warning 252) (Hint-replay failed): Subtyping check failed; expected type (match
let FStar.Pervasives.Native.Some v =
match FStar.String.list_of_string s with
| [] -> FStar.Pervasives.Native.Some []
| ['%'] -> FStar.Pervasives.Native.None
| '%' :: 'u' :: s' ->
(match s' with
| 'y' :: s'' ->
(match FStar.Printf.parse_format s'' parse_ext with
| FStar.Pervasives.Native.None  -> FStar.Pervasives.Native.None
| FStar.Pervasives.Native.Some ds ->
FStar.Pervasives.Native.Some (FStar.Printf.Arg (FStar.Printf.U8) :: ds))
<:
Prims.Tot (FStar.Pervasives.Native.option (Prims.list FStar.Printf.dir))
| 's' :: s'' ->
(match FStar.Printf.parse_format s'' parse_ext with
| FStar.Pervasives.Native.None  -> FStar.Pervasives.Native.None
| FStar.Pervasives.Native.Some ds ->
FStar.Pervasives.Native.Some (FStar.Printf.Arg (FStar.Printf.U16) :: ds))
<:
Prims.Tot (FStar.Pervasives.Native.option (Prims.list FStar.Printf.dir))
| 'l' :: s'' ->
(match FStar.Printf.parse_format s'' parse_ext with
| FStar.Pervasives.Native.None  -> FStar.Pervasives.Native.None
| FStar.Pervasives.Native.Some ds ->
FStar.Pervasives.Native.Some (FStar.Printf.Arg (FStar.Printf.U32) :: ds))
<:
Prims.Tot (FStar.Pervasives.Native.option (Prims.list FStar.Printf.dir))
| 'L' :: s'' ->
(match FStar.Printf.parse_format s'' parse_ext with
| FStar.Pervasives.Native.None  -> FStar.Pervasives.Native.None
| FStar.Pervasives.Native.Some ds ->
FStar.Pervasives.Native.Some (FStar.Printf.Arg (FStar.Printf.U64) :: ds))
<:
Prims.Tot (FStar.Pervasives.Native.option (Prims.list FStar.Printf.dir))
| _ -> FStar.Pervasives.Native.None)
<:
FStar.Pervasives.Native.option (Prims.list FStar.Printf.dir)
| '%' :: 'X' :: s' ->
(match parse_ext s' with
| FStar.Pervasives.Native.Some (ext, rest) ->
(match FStar.Printf.parse_format rest parse_ext with
| FStar.Pervasives.Native.None  -> FStar.Pervasives.Native.None
| FStar.Pervasives.Native.Some ds ->
FStar.Pervasives.Native.Some (FStar.Printf.Arg (FStar.Printf.Extension ext) :: ds))
<:
Prims.Tot (FStar.Pervasives.Native.option (Prims.list FStar.Printf.dir))
| _ -> FStar.Pervasives.Native.None)
<:
FStar.Pervasives.Native.option (Prims.list FStar.Printf.dir)
| '%' :: c :: s' ->
(match c with
| '%' ->
(match FStar.Printf.parse_format s' parse_ext with
| FStar.Pervasives.Native.None  -> FStar.Pervasives.Native.None
| FStar.Pervasives.Native.Some ds ->
FStar.Pervasives.Native.Some (FStar.Printf.Lit '%' :: ds))
<:
Prims.Tot (FStar.Pervasives.Native.option (Prims.list FStar.Printf.dir))
| 'b' ->
(match FStar.Printf.parse_format s' parse_ext with
| FStar.Pervasives.Native.None  -> FStar.Pervasives.Native.None
| FStar.Pervasives.Native.Some ds ->
FStar.Pervasives.Native.Some (FStar.Printf.Arg (FStar.Printf.Bool) :: ds))
<:
Prims.Tot (FStar.Pervasives.Native.option (Prims.list FStar.Printf.dir))
| 'd' ->
(match FStar.Printf.parse_format s' parse_ext with
| FStar.Pervasives.Native.None  -> FStar.Pervasives.Native.None
| FStar.Pervasives.Native.Some ds ->
FStar.Pervasives.Native.Some (FStar.Printf.Arg (FStar.Printf.Int) :: ds))
<:
Prims.Tot (FStar.Pervasives.Native.option (Prims.list FStar.Printf.dir))
| 'c' ->
(match FStar.Printf.parse_format s' parse_ext with
| FStar.Pervasives.Native.None  -> FStar.Pervasives.Native.None
| FStar.Pervasives.Native.Some ds ->
FStar.Pervasives.Native.Some (FStar.Printf.Arg (FStar.Printf.Char) :: ds))
<:
Prims.Tot (FStar.Pervasives.Native.option (Prims.list FStar.Printf.dir))
| 's' ->
(match FStar.Printf.parse_format s' parse_ext with
| FStar.Pervasives.Native.None  -> FStar.Pervasives.Native.None
| FStar.Pervasives.Native.Some ds ->
FStar.Pervasives.Native.Some (FStar.Printf.Arg (FStar.Printf.String) :: ds))
<:
Prims.Tot (FStar.Pervasives.Native.option (Prims.list FStar.Printf.dir))
| 'y' ->
(match FStar.Printf.parse_format s' parse_ext with
| FStar.Pervasives.Native.None  -> FStar.Pervasives.Native.None
| FStar.Pervasives.Native.Some ds ->
FStar.Pervasives.Native.Some (FStar.Printf.Arg (FStar.Printf.I8) :: ds))
<:
Prims.Tot (FStar.Pervasives.Native.option (Prims.list FStar.Printf.dir))
| 'i' ->
(match FStar.Printf.parse_format s' parse_ext with
| FStar.Pervasives.Native.None  -> FStar.Pervasives.Native.None
| FStar.Pervasives.Native.Some ds ->
FStar.Pervasives.Native.Some (FStar.Printf.Arg (FStar.Printf.I16) :: ds))
<:
Prims.Tot (FStar.Pervasives.Native.option (Prims.list FStar.Printf.dir))
| 'l' ->
(match FStar.Printf.parse_format s' parse_ext with
| FStar.Pervasives.Native.None  -> FStar.Pervasives.Native.None
| FStar.Pervasives.Native.Some ds ->
FStar.Pervasives.Native.Some (FStar.Printf.Arg (FStar.Printf.I32) :: ds))
<:
Prims.Tot (FStar.Pervasives.Native.option (Prims.list FStar.Printf.dir))
| 'L' ->
(match FStar.Printf.parse_format s' parse_ext with
| FStar.Pervasives.Native.None  -> FStar.Pervasives.Native.None
| FStar.Pervasives.Native.Some ds ->
FStar.Pervasives.Native.Some (FStar.Printf.Arg (FStar.Printf.I64) :: ds))
<:
Prims.Tot (FStar.Pervasives.Native.option (Prims.list FStar.Printf.dir))
| _ -> FStar.Pervasives.Native.None)
<:
FStar.Pervasives.Native.option (Prims.list FStar.Printf.dir)
| c :: s' ->
(match FStar.Printf.parse_format s' parse_ext with
| FStar.Pervasives.Native.None  -> FStar.Pervasives.Native.None
| FStar.Pervasives.Native.Some ds ->
FStar.Pervasives.Native.Some (FStar.Printf.Lit c :: ds))
<:
Prims.Tot (FStar.Pervasives.Native.option (Prims.list FStar.Printf.dir))
in
v
with
| [] -> Prims.string
| FStar.Printf.Lit _ :: ds' -> FStar.Printf.dir_type ds'
| FStar.Printf.Arg a :: ds' -> _: FStar.Printf.arg_type a -> Prims.Tot (FStar.Printf.dir_type ds')
)
<:
Type0; got type FStar.Printf.dir_type (Some?.v (FStar.Printf.parse_format_string s parse_ext))
FStar.Reflection.Arith.fst(116,30-116,32): (Warning 252) Subtyping check failed; expected type t: FStar.Reflection.Types.term{t << t}; got type FStar.Reflection.Types.term (see also FStar.Reflection.Arith.fst(110,4-153,14))
FStar.Reflection.Arith.fst(116,30-116,32): (Warning 252) Subtyping check failed; expected type t: FStar.Reflection.Types.term{t << t}; got type FStar.Reflection.Types.term (see also FStar.Reflection.Arith.fst(110,4-153,14))
FStar.Buffer.fst(740,4-740,6): (Warning 252) (Hint-replay failed): could not prove post-condition (see also FStar.Buffer.fst(738,12-738,35))
FStar.Buffer.fst(765,4-765,6): (Warning 252) (Hint-replay failed): could not prove post-condition (see also FStar.Buffer.fst(763,12-763,37))
FStar.Buffer.fst(1301,4-1301,6): (Warning 252) (Hint-replay failed): could not prove post-condition (see also FStar.Buffer.fst(1299,13-1299,31))
FStar.Tactics.Canon.fst(214,14-216,27): (Warning 252) Patterns are incomplete
FStar.Tactics.BV.fst(151,11-157,52): (Warning 252) Patterns are incomplete
FStar.Modifies.fsti(470,2-470,42): (Warning 252) (Hint-replay failed): assertion failed (see also FStar.Modifies.fsti(443,48-443,82))
FStar.Modifies.fsti(484,2-484,38): (Warning 252) (Hint-replay failed): assertion failed (see also FStar.Modifies.fsti(453,48-453,78))
FStar.Modifies.fsti(527,2-527,38): (Warning 252) (Hint-replay failed): assertion failed (see also FStar.Modifies.fsti(491,48-491,89))
FStar.Modifies.fsti(542,2-542,49): (Warning 252) (Hint-replay failed): assertion failed (see also FStar.Modifies.fsti(502,48-502,82))
FStar.Modifies.fsti(556,2-556,45): (Warning 252) (Hint-replay failed): assertion failed (see also FStar.Modifies.fsti(512,48-512,78))
FStar.Modifies.fst(114,2-114,4): (Warning 252) (Hint-replay failed): could not prove post-condition (see also FStar.Modifies.fst(113,11-113,41))
FStar.Modifies.fsti(470,2-470,42): (Warning 252) (Hint-replay failed): assertion failed (see also FStar.Modifies.fsti(443,48-443,82))
FStar.Modifies.fsti(484,2-484,38): (Warning 252) (Hint-replay failed): assertion failed (see also FStar.Modifies.fsti(453,48-453,78))
FStar.Modifies.fst(285,43-285,80): (Warning 252) (Hint-replay failed): Subtyping check failed; expected type 
l1: FStar.Modifies.loc ->
l2: FStar.Modifies.loc ->
h: FStar.Monotonic.HyperStack.mem ->
h': FStar.Monotonic.HyperStack.mem ->
x: FStar.Monotonic.HyperHeap.rid ->
Prims.Lemma Prims.unit; got type 
l1: FStar.ModifiesGen.loc FStar.Modifies.cls ->
l2: FStar.ModifiesGen.loc FStar.Modifies.cls ->
h: FStar.Monotonic.HyperStack.mem ->
h': FStar.Monotonic.HyperStack.mem ->
r: FStar.Monotonic.HyperHeap.rid ->
Prims.Lemma Prims.unit (see also FStar.ModifiesGen.fsti(658,104-658,145))
FStar.Modifies.fst(287,54-287,101): (Warning 252) (Hint-replay failed): Subtyping check failed; expected type 
l1: FStar.Modifies.loc ->
l2: FStar.Modifies.loc ->
h: FStar.Monotonic.HyperStack.mem ->
h': FStar.Monotonic.HyperStack.mem ->
x: FStar.Monotonic.HyperStack.mreference t pre ->
Prims.Lemma Prims.unit; got type 
l1: FStar.ModifiesGen.loc FStar.Modifies.cls ->
l2: FStar.ModifiesGen.loc FStar.Modifies.cls ->
h: FStar.Monotonic.HyperStack.mem ->
h': FStar.Monotonic.HyperStack.mem ->
r: FStar.Monotonic.HyperStack.mreference t pre ->
Prims.Lemma Prims.unit (see also FStar.ModifiesGen.fsti(669,104-669,138))
FStar.Modifies.fst(290,5-290,44): (Warning 252) (Hint-replay failed): assertion failed (see also FStar.ModifiesGen.fsti(680,104-680,135))
FStar.Modifies.fsti(527,2-527,38): (Warning 252) (Hint-replay failed): assertion failed (see also FStar.Modifies.fsti(491,48-491,89))
FStar.Modifies.fsti(542,2-542,49): (Warning 252) (Hint-replay failed): assertion failed (see also FStar.Modifies.fsti(502,48-502,82))
FStar.Modifies.fsti(556,2-556,45): (Warning 252) (Hint-replay failed): assertion failed (see also FStar.Modifies.fsti(512,48-512,78))
FStar.ModifiesGen.fst(320,9-320,109): (Warning 252) (Hint-replay failed): assertion failed
FStar.ModifiesGen.fst(343,2-343,51): (Warning 252) (Hint-replay failed): could not prove post-condition (see also FStar.ModifiesGen.fsti(217,2-217,20))
FStar.ModifiesGen.fst(354,2-354,111): (Warning 252) (Hint-replay failed): could not prove post-condition (see also FStar.ModifiesGen.fsti(224,11-224,31))
FStar.ModifiesGen.fst(356,42-356,44): (Warning 252) (Hint-replay failed): could not prove post-condition (see also FStar.ModifiesGen.fsti(231,11-231,45))
FStar.ModifiesGen.fst(366,8-366,14): (Warning 252) (Hint-replay failed): assertion failed (see also FStar.ModifiesGen.fst(366,15-366,50))
FStar.ModifiesGen.fst(373,33-373,35): (Warning 252) (Hint-replay failed): could not prove post-condition (see also FStar.ModifiesGen.fsti(244,2-244,27))
FStar.ModifiesGen.fst(375,43-375,45): (Warning 252) (Hint-replay failed): could not prove post-condition (see also FStar.ModifiesGen.fsti(253,11-253,65))
FStar.ModifiesGen.fst(387,2-387,4): (Warning 252) (Hint-replay failed): could not prove post-condition (see also FStar.ModifiesGen.fst(385,2-385,104))
FStar.ModifiesGen.fst(389,68-389,70): (Warning 252) (Hint-replay failed): could not prove post-condition (see also FStar.ModifiesGen.fsti(264,11-264,85))
FStar.ModifiesGen.fst(391,66-391,68): (Warning 252) (Hint-replay failed): could not prove post-condition (see also FStar.ModifiesGen.fsti(275,11-275,81))
FStar.ModifiesGen.fst(393,87-393,89): (Warning 252) (Hint-replay failed): could not prove post-condition (see also FStar.ModifiesGen.fsti(285,11-285,105))
FStar.ModifiesGen.fst(395,84-395,86): (Warning 252) (Hint-replay failed): could not prove post-condition (see also FStar.ModifiesGen.fsti(293,11-293,103))
FStar.ModifiesGen.fst(404,91-404,93): (Warning 252) (Hint-replay failed): could not prove post-condition (see also FStar.ModifiesGen.fsti(311,11-311,111))
FStar.ModifiesGen.fst(494,35-494,37): (Warning 252) (Hint-replay failed): could not prove post-condition (see also FStar.ModifiesGen.fsti(332,11-332,36))
FStar.ModifiesGen.fst(519,2-528,30): (Warning 252) (Hint-replay failed): could not prove post-condition (see also FStar.ModifiesGen.fsti(346,11-346,33))
FStar.ModifiesGen.fst(538,2-538,173): (Warning 252) (Hint-replay failed): could not prove post-condition (see also FStar.ModifiesGen.fsti(379,11-379,113))
FStar.ModifiesGen.fst(540,91-540,93): (Warning 252) (Hint-replay failed): could not prove post-condition (see also FStar.ModifiesGen.fsti(390,11-390,67))
FStar.ModifiesGen.fst(544,78-544,80): (Warning 252) (Hint-replay failed): could not prove post-condition (see also FStar.ModifiesGen.fsti(414,24-414,42))
FStar.ModifiesGen.fst(548,2-548,165): (Warning 252) (Hint-replay failed): could not prove post-condition (see also FStar.ModifiesGen.fsti(422,11-422,105))
FStar.ModifiesGen.fst(561,73-561,75): (Warning 252) (Hint-replay failed): could not prove post-condition (see also FStar.ModifiesGen.fsti(430,2-430,70))
FStar.ModifiesGen.fst(563,73-563,75): (Warning 252) (Hint-replay failed): could not prove post-condition (see also FStar.ModifiesGen.fsti(433,2-433,79))
FStar.ModifiesGen.fst(573,92-573,94): (Warning 252) (Hint-replay failed): could not prove post-condition (see also FStar.ModifiesGen.fsti(438,2-438,91))
FStar.ModifiesGen.fst(575,72-575,74): (Warning 252) (Hint-replay failed): could not prove post-condition (see also FStar.ModifiesGen.fsti(443,2-443,78))
FStar.ModifiesGen.fst(577,94-577,96): (Warning 252) (Hint-replay failed): could not prove post-condition (see also FStar.ModifiesGen.fsti(448,2-448,95))
FStar.ModifiesGen.fst(579,78-579,80): (Warning 252) (Hint-replay failed): could not prove post-condition (see also FStar.ModifiesGen.fsti(453,2-453,73))
FStar.ModifiesGen.fst(753,4-753,9): (Warning 252) (Hint-replay failed): assertion failed (see also FStar.ModifiesGen.fsti(477,15-477,50))
FStar.ModifiesGen.fst(789,20-789,25): (Warning 252) (Hint-replay failed): assertion failed (see also FStar.ModifiesGen.fsti(550,15-550,55))
FStar.ModifiesGen.fst(804,55-804,57): (Warning 252) (Hint-replay failed): could not prove post-condition (see also FStar.ModifiesGen.fsti(593,4-593,20))
FStar.ModifiesGen.fst(806,47-806,49): (Warning 252) (Hint-replay failed): could not prove post-condition (see also FStar.ModifiesGen.fsti(609,11-611,3))
FStar.ModifiesGen.fst(812,2-812,8): (Warning 252) (Hint-replay failed): assertion failed (see also FStar.ModifiesGen.fst(812,9-812,49))
FStar.ModifiesGen.fst(817,62-817,64): (Warning 252) (Hint-replay failed): could not prove post-condition (see also FStar.ModifiesGen.fsti(638,11-638,31))
FStar.ModifiesGen.fst(822,2-822,141): (Warning 252) (Hint-replay failed): could not prove post-condition (see also FStar.ModifiesGen.fsti(650,11-650,31))
FStar.ModifiesGen.fst(828,79-828,81): (Warning 252) (Hint-replay failed): could not prove post-condition (see also FStar.ModifiesGen.fsti(670,11-670,45))
FStar.ModifiesGen.fst(844,2-844,23): (Warning 252) (Hint-replay failed): assertion failed (see also FStar.ModifiesGen.fsti(626,33-626,51))
FStar.ModifiesGen.fst(872,2-872,117): (Warning 252) (Hint-replay failed): could not prove post-condition (see also FStar.ModifiesGen.fst(871,11-871,28))
FStar.ModifiesGen.fst(916,2-916,8): (Warning 252) (Hint-replay failed): assertion failed (see also FStar.ModifiesGen.fst(916,9-916,121))
FStar.ModifiesGen.fst(924,2-924,55): (Warning 252) (Hint-replay failed): could not prove post-condition (see also FStar.ModifiesGen.fst(923,2-923,45))
FStar.ModifiesGen.fst(940,2-940,55): (Warning 252) (Hint-replay failed): could not prove post-condition (see also FStar.ModifiesGen.fst(939,2-939,66))
FStar.ModifiesGen.fst(954,2-954,20): (Warning 252) (Hint-replay failed): assertion failed (see also FStar.ModifiesGen.fsti(223,35-223,53))
FStar.ModifiesGen.fst(1019,4-1019,6): (Warning 252) (Hint-replay failed): could not prove post-condition (see also FStar.ModifiesGen.fst(652,34-652,60))
FStar.ModifiesGen.fst(1043,2-1043,35): (Warning 252) (Hint-replay failed): assertion failed (see also FStar.ModifiesGen.fst(1013,4-1013,58))
FStar.ModifiesGen.fst(1063,2-1068,99): (Warning 252) (Hint-replay failed): could not prove post-condition (see also FStar.ModifiesGen.fsti(793,2-793,59))
FStar.ModifiesGen.fst(1104,9-1104,85): (Warning 252) (Hint-replay failed): assertion failed
FStar.ModifiesGen.fst(1123,9-1123,43): (Warning 252) (Hint-replay failed): assertion failed (see also FStar.ModifiesGen.fst(1100,16-1100,95))
FStar.ModifiesGen.fst(1153,9-1153,40): (Warning 252) (Hint-replay failed): Subtyping check failed; expected type y: FStar.Set.set Prims.nat {FStar.Set.subset (non_live_addrs' r') y}; got type FStar.Set.set Prims.nat (see also FStar.ModifiesGen.fst(1151,82-1151,115))
FStar.ModifiesGen.fst(1196,2-1196,8): (Warning 252) (Hint-replay failed): assertion failed (see also FStar.ModifiesGen.fst(1196,9-1196,120))
FStar.ModifiesGen.fst(1207,2-1207,104): (Warning 252) (Hint-replay failed): could not prove post-condition (see also FStar.ModifiesGen.fst(1206,11-1206,58))
FStar.ModifiesGen.fst(1231,2-1231,104): (Warning 252) (Hint-replay failed): could not prove post-condition (see also FStar.ModifiesGen.fst(1230,11-1230,83))
FStar.ModifiesGen.fst(1241,2-1241,36): (Warning 252) (Hint-replay failed): assertion failed (see also FStar.ModifiesGen.fst(1100,16-1100,95))
FStar.ModifiesGen.fst(1263,12-1263,33): (Warning 252) (Hint-replay failed): assertion failed (see also FStar.ModifiesGen.fst(1142,13-1142,53))
FStar.ModifiesGen.fst(1290,4-1290,10): (Warning 252) (Hint-replay failed): assertion failed (see also FStar.ModifiesGen.fst(1290,11-1290,53))
FStar.ModifiesGen.fst(1500,2-1500,4): (Warning 252) (Hint-replay failed): could not prove post-condition (see also FStar.ModifiesGen.fst(1498,2-1498,73))
FStar.ModifiesGen.fst(1538,2-1538,8): (Warning 252) (Hint-replay failed): assertion failed (see also FStar.ModifiesGen.fst(1538,9-1538,39))
FStar.ModifiesGen.fst(1596,2-1596,8): (Warning 252) (Hint-replay failed): assertion failed (see also FStar.ModifiesGen.fst(1598,4-1598,37))
FStar.ModifiesGen.fst(1634,2-1634,8): (Warning 252) (Hint-replay failed): assertion failed (see also FStar.ModifiesGen.fst(1637,4-1637,53))
FStar.ModifiesGen.fst(1660,2-1668,39): (Warning 252) (Hint-replay failed): could not prove post-condition (see also FStar.ModifiesGen.fst(1659,11-1659,42))
FStar.ModifiesGen.fst(1705,4-1705,10): (Warning 252) (Hint-replay failed): assertion failed (see also FStar.ModifiesGen.fst(1705,11-1705,74))
FStar.ModifiesGen.fst(1725,4-1725,10): (Warning 252) (Hint-replay failed): assertion failed (see also FStar.ModifiesGen.fst(1725,11-1736,7))
FStar.ModifiesGen.fst(1738,4-1738,10): (Warning 252) assertion failed (see also FStar.ModifiesGen.fst(1747,8-1747,36))
FStar.ModifiesGen.fst(1738,4-1738,10): (Warning 252) assertion failed (see also FStar.ModifiesGen.fst(1747,8-1747,36))
FStar.ModifiesGen.fst(1738,4-1738,10): (Warning 252) assertion failed (see also FStar.ModifiesGen.fst(1747,8-1747,36))
FStar.ModifiesGen.fst(1738,4-1738,10): (Warning 252) assertion failed (see also FStar.ModifiesGen.fst(1747,8-1747,36))
FStar.ModifiesGen.fst(1824,2-1830,167): (Warning 252) (Hint-replay failed): could not prove post-condition (see also FStar.ModifiesGen.fsti(961,2-961,78))
FStar.ModifiesGen.fst(1841,2-1841,8): (Warning 252) (Hint-replay failed): assertion failed (see also FStar.ModifiesGen.fst(1841,21-1841,70))
FStar.ModifiesGen.fst(1850,2-1850,8): (Warning 252) (Hint-replay failed): assertion failed (see also FStar.ModifiesGen.fst(1850,21-1850,68))
FStar.ModifiesGen.fst(1738,4-1738,10): (Error 19) assertion failed (see also FStar.ModifiesGen.fst(1747,8-1747,36))
Verified module: FStar.ModifiesGen (335604 milliseconds)
1 error was reported (see above)
make[3]: *** [gmake/Makefile.tmpl:29: FStar.ModifiesGen.fst.checked] Error 1
make[3]: Target 'verify-core' not remade because of errors.
make[2]: *** [Makefile:12: all] Error 2
make[1]: *** [Makefile:175: fstarlib] Error 2
make: *** [Makefile:158: utest-prelude] Error 2
Command exited with non-zero status 2
12.34user 48.72system 14:04.19elapsed 7%CPU (0avgtext+0avgdata 1316556544maxresident)k
0inputs+0outputs (5393290major+0minor)pagefaults 0swaps
