From https://github.com/mitls/hacl-star
* [new branch]        barrybo_x86build -> origin/barrybo_x86build
From https://github.com/project-everest/vale
dc316c8..5f7f19f  typechecker -> origin/typechecker
From https://github.com/mitls/mitls-fstar
* [new branch]        barrybo_x86build  -> origin/barrybo_x86build
29035178..85f371b4  gugavaro_buildpoc -> origin/gugavaro_buildpoc
* [new branch]        taramana_ocaml_kremlin_no_hints -> origin/taramana_ocaml_kremlin_no_hints
dos2unix: converting file parser/parse.fsi to Unix format...
Warning: you are using the standard library and/or the %inline keyword. We
recommend switching on --infer in order to avoid obscure type error messages.
warning: CRLF will be replaced by LF in src/parser/parse.fsy.
The file will have its original line endings in your working directory.
FStar.HyperStack.fst(28,2-28,34): (Error 72) Identifier not found: [mreference_distinct_sel_disjoint]
1 error was reported (see above)
make[4]: *** [Makefile.extract:11: FStar.HyperStack.fst.checked.lax] Error 1
make[4]: Target 'all-ml' not remade because of errors.
make[3]: *** [Makefile:32: fstarlib.mgen] Error 2
make[3]: Target 'install-fstarlib' not remade because of errors.
make[2]: *** [Makefile:2: all] Error 2
make[1]: *** [Makefile:173: fstarlib] Error 2
make: *** [Makefile:158: utest-prelude] Error 2
Command exited with non-zero status 2
7.00user 29.74system 4:23.72elapsed 13%CPU (0avgtext+0avgdata 807380736maxresident)k
0inputs+0outputs (3323182major+0minor)pagefaults 0swaps
