From https://github.com/project-everest/vale
fa5176f..cd4613e  aes_bytes  -> origin/aes_bytes
From https://github.com/mitls/mitls-fstar
1127efc0..773845a4  quic2c     -> origin/quic2c
From https://github.com/mitls/hacl-star
95f62556..bada504f  dev_providers -> origin/dev_providers
70f9797d..bc3e49ce  fstar-master  -> origin/fstar-master
a13ea5c8..b69319a0  stable        -> origin/stable
dos2unix: converting file parser/parse.fsi to Unix format...
Warning: you are using the standard library and/or the %inline keyword. We
recommend switching on --infer in order to avoid obscure type error messages.
<dummy>(0,0-0,0): (Error 133) Name "Prims.b2t" not found
1 error was reported (see above)
make[2]: *** [Makefile.boot:61: C:/build/agent2/_work/2/s/ulib/prims.fst.checked.lax] Error 1
make[2]: Target 'all-ml' not remade because of errors.
make[1]: *** [Makefile:100: ocaml] Error 2
make[1]: Target 'fstar-ocaml' not remade because of errors.
make: *** [Makefile:148: utest-prelude] Error 2
Command exited with non-zero status 2
3.74user 11.85system 3:25.92elapsed 7%CPU (0avgtext+0avgdata 209915648maxresident)k
0inputs+0outputs (881456major+0minor)pagefaults 0swaps
