From https://github.com/project-everest/vale
798fec6..de7c5f4  aes_bytes  -> origin/aes_bytes
From https://github.com/mitls/hacl-star
73afb4ac..1702755c  dev            -> origin/dev
9ad6e5d2..87c38f89  polubelova_rsa -> origin/polubelova_rsa
dos2unix: converting file parser/parse.fsi to Unix format...
Warning: you are using the standard library and/or the %inline keyword. We
recommend switching on --infer in order to avoid obscure type error messages.
warning: CRLF will be replaced by LF in src/parser/parse.fsy.
The file will have its original line endings in your working directory.
FStar.Modifies.fst(371,16-371,20): (Error 189) Expected expression of type "_: FStar.Monotonic.HyperHeap.rid -> _: Prims.nat -> Prims.Tot Type0"; got expression "FStar.Modifies.aloc" of type "r: FStar.Monotonic.HyperHeap.rid -> n: Prims.nat -> Prims.Tot Type"
1 error was reported (see above)
make[4]: *** [Makefile.extract:11: FStar.Modifies.fst.checked.lax] Error 1
make[4]: Target 'all-ml' not remade because of errors.
make[3]: *** [Makefile:32: fstarlib.mgen] Error 2
make[3]: Target 'install-fstarlib' not remade because of errors.
make[2]: *** [Makefile:2: all] Error 2
make[1]: *** [Makefile:173: fstarlib] Error 2
make: *** [Makefile:158: utest-prelude] Error 2
Command exited with non-zero status 2
7.57user 29.55system 4:05.17elapsed 15%CPU (0avgtext+0avgdata 889880832maxresident)k
0inputs+0outputs (3657809major+0minor)pagefaults 0swaps
