From https://github.com/mitls/hacl-star
09f161a4..5601da67  fstar-master -> origin/fstar-master
dos2unix: converting file parser/parse.fsi to Unix format...
Warning: you are using the standard library and/or the %inline keyword. We
recommend switching on --infer in order to avoid obscure type error messages.
warning: CRLF will be replaced by LF in src/parser/parse.fsy.
The file will have its original line endings in your working directory.
FStar.Ghost.fsti(0,0-0,0): (Warning 241) Absent cache file FStar.Ghost.fsti.checked.lax; will recheck FStar.Ghost.fsti and all subsequent files
FStar.List.Pure.Base.fst(0,0-0,0): (Warning 241) Absent cache file FStar.List.Pure.Base.fst.checked.lax; will recheck FStar.List.Pure.Base.fst and all subsequent files
FStar.Int31.fst(0,0-0,0): (Warning 241) Absent cache file FStar.Int31.fst.checked.lax; will recheck FStar.Int31.fst and all subsequent files
FStar.Algebra.CommMonoid.fst(0,0-0,0): (Warning 241) Absent cache file FStar.Algebra.CommMonoid.fst.checked.lax; will recheck FStar.Algebra.CommMonoid.fst and all subsequent files
FStar.Map.fst(0,0-0,0): (Warning 241) Absent cache file FStar.Map.fst.checked.lax; will recheck FStar.Map.fst and all subsequent files
FStar.Reader.fst(0,0-0,0): (Warning 241) Absent cache file FStar.Reader.fst.checked.lax; will recheck FStar.Reader.fst and all subsequent files
FStar.MarkovsPrinciple.fst(0,0-0,0): (Warning 241) Absent cache file FStar.MarkovsPrinciple.fst.checked.lax; will recheck FStar.MarkovsPrinciple.fst and all subsequent files
FStar.DependentMap.fst(0,0-0,0): (Warning 241) Absent cache file FStar.DependentMap.fst.checked.lax; will recheck FStar.DependentMap.fst and all subsequent files
FStar.GSet.fst(0,0-0,0): (Warning 241) Absent cache file FStar.GSet.fst.checked.lax; will recheck FStar.GSet.fst and all subsequent files
FStar.Seq.Sorted.fst(0,0-0,0): (Warning 241) Absent cache file FStar.Seq.Sorted.fst.checked.lax; will recheck FStar.Seq.Sorted.fst and all subsequent files
FStar.Algebra.Monoid.fst(0,0-0,0): (Warning 241) Absent cache file FStar.Algebra.Monoid.fst.checked.lax; will recheck FStar.Algebra.Monoid.fst and all subsequent files
FStar.Ref.fst(0,0-0,0): (Warning 241) Absent cache file FStar.Ref.fst.checked.lax; will recheck FStar.Ref.fst and all subsequent files
FStar.List.fst(0,0-0,0): (Warning 241) Absent cache file FStar.List.fst.checked.lax; will recheck FStar.List.fst and all subsequent files
FStar.UInt31.fst(0,0-0,0): (Warning 241) Absent cache file FStar.UInt31.fst.checked.lax; will recheck FStar.UInt31.fst and all subsequent files
FStar.Int128.fst(0,0-0,0): (Warning 241) Absent cache file FStar.Int128.fst.checked.lax; will recheck FStar.Int128.fst and all subsequent files
FStar.IO.fst(0,0-0,0): (Warning 241) Absent cache file FStar.IO.fst.checked.lax; will recheck FStar.IO.fst and all subsequent files
FStar.IndefiniteDescription.fst(0,0-0,0): (Warning 241) Absent cache file FStar.IndefiniteDescription.fst.checked.lax; will recheck FStar.IndefiniteDescription.fst and all subsequent files
FStar.Relational.Relational.fst(0,0-0,0): (Warning 241) Absent cache file FStar.Relational.Relational.fst.checked.lax; will recheck FStar.Relational.Relational.fst and all subsequent files
FStar.Int63.fst(0,0-0,0): (Warning 241) Absent cache file FStar.Int63.fst.checked.lax; will recheck FStar.Int63.fst and all subsequent files
FStar.UInt63.fst(0,0-0,0): (Warning 241) Absent cache file FStar.UInt63.fst.checked.lax; will recheck FStar.UInt63.fst and all subsequent files
FStar.WellFounded.fst(0,0-0,0): (Warning 241) Absent cache file FStar.WellFounded.fst.checked.lax; will recheck FStar.WellFounded.fst and all subsequent files
FStar.UInt128.fsti(0,0-0,0): (Warning 241) Absent cache file FStar.UInt128.fsti.checked.lax; will recheck FStar.UInt128.fsti and all subsequent files
FStar.SquashEffect.fst(0,0-0,0): (Warning 241) Absent cache file FStar.SquashEffect.fst.checked.lax; will recheck FStar.SquashEffect.fst and all subsequent files
FStar.Axiomatic.Array.fst(0,0-0,0): (Warning 241) Absent cache file FStar.Axiomatic.Array.fst.checked.lax; will recheck FStar.Axiomatic.Array.fst and all subsequent files
FStar.OrdSet.fst(0,0-0,0): (Warning 241) Absent cache file FStar.OrdSet.fst.checked.lax; will recheck FStar.OrdSet.fst and all subsequent files
FStar.Constructive.fst(0,0-0,0): (Warning 241) Absent cache file FStar.Constructive.fst.checked.lax; will recheck FStar.Constructive.fst and all subsequent files
FStar.MRef.fst(0,0-0,0): (Warning 241) Absent cache file FStar.MRef.fst.checked.lax; will recheck FStar.MRef.fst and all subsequent files
FStar.Fin.fst(0,0-0,0): (Warning 241) Absent cache file FStar.Fin.fst.checked.lax; will recheck FStar.Fin.fst and all subsequent files
FStar.Squash.fst(0,0-0,0): (Warning 241) Absent cache file FStar.Squash.fst.checked.lax; will recheck FStar.Squash.fst and all subsequent files
FStar.TwoLevelHeap.fst(0,0-0,0): (Warning 241) Absent cache file FStar.TwoLevelHeap.fst.checked.lax; will recheck FStar.TwoLevelHeap.fst and all subsequent files
FStar.ErasedLogic.fst(0,0-0,0): (Warning 241) Absent cache file FStar.ErasedLogic.fst.checked.lax; will recheck FStar.ErasedLogic.fst and all subsequent files
FStar.Classical.fst(0,0-0,0): (Warning 241) Absent cache file FStar.Classical.fst.checked.lax; will recheck FStar.Classical.fst and all subsequent files
FStar.List.Pure.Properties.fst(0,0-0,0): (Warning 241) Absent cache file FStar.List.Pure.Properties.fst.checked.lax; will recheck FStar.List.Pure.Properties.fst and all subsequent files
FStar.Array.fst(0,0-0,0): (Warning 241) Absent cache file FStar.Array.fst.checked.lax; will recheck FStar.Array.fst and all subsequent files
FStar.Monotonic.Witnessed.fst(0,0-0,0): (Warning 241) Absent cache file FStar.Monotonic.Witnessed.fst.checked.lax; will recheck FStar.Monotonic.Witnessed.fst and all subsequent files
FStar.Monotonic.HyperHeap.fst(0,0-0,0): (Warning 241) Absent cache file FStar.Monotonic.HyperHeap.fst.checked.lax; will recheck FStar.Monotonic.HyperHeap.fst and all subsequent files
FStar.OrdSetProps.fst(0,0-0,0): (Warning 241) Absent cache file FStar.OrdSetProps.fst.checked.lax; will recheck FStar.OrdSetProps.fst and all subsequent files
Unexpected error; please file a bug report, ideally with a minimized version of the source program that triggered the error.
Failure("Universe variable not found")
make[4]: *** [Makefile.extract:17: ml/extracted/FStar_GSet.ml] Error 1
FStar.OrdMap.fst(0,0-0,0): (Warning 241) Absent cache file FStar.OrdMap.fst.checked.lax; will recheck FStar.OrdMap.fst and all subsequent files
FStar.String.fsti(0,0-0,0): (Warning 241) Absent cache file FStar.String.fsti.checked.lax; will recheck FStar.String.fsti and all subsequent files
FStar.Relational.Comp.fst(0,0-0,0): (Warning 241) Absent cache file FStar.Relational.Comp.fst.checked.lax; will recheck FStar.Relational.Comp.fst and all subsequent files
FStar.Error.fst(0,0-0,0): (Warning 241) Absent cache file FStar.Error.fst.checked.lax; will recheck FStar.Error.fst and all subsequent files
FStar.Int.Cast.fst(0,0-0,0): (Warning 241) Absent cache file FStar.Int.Cast.fst.checked.lax; will recheck FStar.Int.Cast.fst and all subsequent files
FStar.List.Pure.fst(0,0-0,0): (Warning 241) Absent cache file FStar.List.Pure.fst.checked.lax; will recheck FStar.List.Pure.fst and all subsequent files
FStar.SquashProperties.fst(0,0-0,0): (Warning 241) Absent cache file FStar.SquashProperties.fst.checked.lax; will recheck FStar.SquashProperties.fst and all subsequent files
FStar.BV.fst(0,0-0,0): (Warning 241) Absent cache file FStar.BV.fst.checked.lax; will recheck FStar.BV.fst and all subsequent files
FStar.Universe.fst(0,0-0,0): (Warning 241) Absent cache file FStar.Universe.fst.checked.lax; will recheck FStar.Universe.fst and all subsequent files
FStar.OrdMapProps.fst(0,0-0,0): (Warning 241) Absent cache file FStar.OrdMapProps.fst.checked.lax; will recheck FStar.OrdMapProps.fst and all subsequent files
FStar.Integers.fst(0,0-0,0): (Warning 241) Absent cache file FStar.Integers.fst.checked.lax; will recheck FStar.Integers.fst and all subsequent files
FStar.Relational.State.fst(0,0-0,0): (Warning 241) Absent cache file FStar.Relational.State.fst.checked.lax; will recheck FStar.Relational.State.fst and all subsequent files
FStar.Monotonic.HyperStack.fst(0,0-0,0): (Warning 241) Absent cache file FStar.Monotonic.HyperStack.fst.checked.lax; will recheck FStar.Monotonic.HyperStack.fst and all subsequent files
FStar.Int.Cast.Full.fst(0,0-0,0): (Warning 241) Absent cache file FStar.Int.Cast.Full.fst.checked.lax; will recheck FStar.Int.Cast.Full.fst and all subsequent files
FStar.HyperStack.fst(0,0-0,0): (Warning 241) Absent cache file FStar.HyperStack.fst.checked.lax; will recheck FStar.HyperStack.fst and all subsequent files
FStar.UInt128.fst(0,0-0,0): (Warning 241) Absent cache file FStar.UInt128.fst.checked.lax; will recheck FStar.UInt128.fst and all subsequent files
FStar.HyperStack.ST.fst(0,0-0,0): (Warning 241) Absent cache file FStar.HyperStack.ST.fst.checked.lax; will recheck FStar.HyperStack.ST.fst and all subsequent files
FStar.Monotonic.Map.fst(0,0-0,0): (Warning 241) Absent cache file FStar.Monotonic.Map.fst.checked.lax; will recheck FStar.Monotonic.Map.fst and all subsequent files
FStar.Monotonic.Seq.fst(0,0-0,0): (Warning 241) Absent cache file FStar.Monotonic.Seq.fst.checked.lax; will recheck FStar.Monotonic.Seq.fst and all subsequent files
LowStar.Buffer.fsti(0,0-0,0): (Warning 241) Absent cache file LowStar.Buffer.fsti.checked.lax; will recheck LowStar.Buffer.fsti and all subsequent files
FStar.Monotonic.DependentMap.fst(0,0-0,0): (Warning 241) Absent cache file FStar.Monotonic.DependentMap.fst.checked.lax; will recheck FStar.Monotonic.DependentMap.fst and all subsequent files
LowStar.Buffer.fst(0,0-0,0): (Warning 241) Absent cache file LowStar.Buffer.fst.checked.lax; will recheck LowStar.Buffer.fst and all subsequent files
FStar.Pointer.Base.fsti(0,0-0,0): (Warning 241) Absent cache file FStar.Pointer.Base.fsti.checked.lax; will recheck FStar.Pointer.Base.fsti and all subsequent files
FStar.Buffer.fst(0,0-0,0): (Warning 241) Absent cache file FStar.Buffer.fst.checked.lax; will recheck FStar.Buffer.fst and all subsequent files
LowStar.Modifies.fst(0,0-0,0): (Warning 241) Absent cache file LowStar.Modifies.fst.checked.lax; will recheck LowStar.Modifies.fst and all subsequent files
FStar.Pointer.Derived1.fsti(0,0-0,0): (Warning 241) Absent cache file FStar.Pointer.Derived1.fsti.checked.lax; will recheck FStar.Pointer.Derived1.fsti and all subsequent files
Unexpected error; please file a bug report, ideally with a minimized version of the source program that triggered the error.
Failure("Universe variable not found")
make[4]: *** [Makefile.extract:17: ml/extracted/LowStar_Modifies.ml] Error 1
FStar.Pointer.Derived3.fsti(0,0-0,0): (Warning 241) Absent cache file FStar.Pointer.Derived3.fsti.checked.lax; will recheck FStar.Pointer.Derived3.fsti and all subsequent files
FStar.Pointer.Derived2.fsti(0,0-0,0): (Warning 241) Absent cache file FStar.Pointer.Derived2.fsti.checked.lax; will recheck FStar.Pointer.Derived2.fsti and all subsequent files
FStar.Buffer.Quantifiers.fst(0,0-0,0): (Warning 241) Absent cache file FStar.Buffer.Quantifiers.fst.checked.lax; will recheck FStar.Buffer.Quantifiers.fst and all subsequent files
FStar.Pointer.fst(0,0-0,0): (Warning 241) Absent cache file FStar.Pointer.fst.checked.lax; will recheck FStar.Pointer.fst and all subsequent files
FStar.Modifies.fst(0,0-0,0): (Warning 241) Absent cache file FStar.Modifies.fst.checked.lax; will recheck FStar.Modifies.fst and all subsequent files
FStar.Pointer.Base.fst(0,0-0,0): (Warning 241) Absent cache file FStar.Pointer.Base.fst.checked.lax; will recheck FStar.Pointer.Base.fst and all subsequent files
make[4]: Target 'all-ml' not remade because of errors.
make[3]: *** [Makefile:32: fstarlib.mgen] Error 2
make[3]: Target 'install-fstarlib' not remade because of errors.
make[2]: *** [Makefile:2: all] Error 2
make[1]: *** [Makefile:165: fstarlib] Error 2
make: *** [Makefile:150: utest-prelude] Error 2
Command exited with non-zero status 2
7.42user 28.01system 4:38.67elapsed 12%CPU (0avgtext+0avgdata 828039680maxresident)k
0inputs+0outputs (3402353major+0minor)pagefaults 0swaps
