From https://github.com/mitls/mitls-fstar
1f58057d..0d6e12be  master     -> origin/master
From https://github.com/project-everest/vale
6eb3a53..24a0a54  typechecker -> origin/typechecker
make: *** [Makefile:78: extracted/Makefile.include] Error 1
make: *** Waiting for unfinished jobs....
make: *** [Makefile:84: uint128/Makefile.include] Error 1
dos2unix: converting file parser/parse.fsi to Unix format...
Warning: you are using the standard library and/or the %inline keyword. We
recommend switching on --infer in order to avoid obscure type error messages.
C:/build/agent1/_work/1/s/src/typechecker/FStar.TypeChecker.TcTerm.fs(466,56-466,69): (Error 72) Identifier not found: [Util.lcomp_of_comp]
Module Util resolved into FStar.TypeChecker.Util, definition lcomp_of_comp not found
1 error was reported (see above)
make[2]: *** [Makefile.boot:65: .cache.boot/FStar.TypeChecker.TcTerm.fs.checked.lax] Error 1
make[2]: Target 'all-ml' not remade because of errors.
make[1]: *** [Makefile:121: ocaml] Error 2
make[1]: Target 'fstar-ocaml' not remade because of errors.
make: *** [Makefile:169: utest-prelude] Error 2
Command exited with non-zero status 2
4.23user 16.48system 3:16.48elapsed 10%CPU (0avgtext+0avgdata 438646784maxresident)k
0inputs+0outputs (1812468major+0minor)pagefaults 0swaps
