From https://github.com/mitls/hacl-star
09984c4a..46bb60a6  gugavaro_newci -> origin/gugavaro_newci
make: *** [Makefile:78: extracted/Makefile.include] Error 1
make: *** Waiting for unfinished jobs....
make: *** [Makefile:84: uint128/Makefile.include] Error 1
dos2unix: converting file parser/parse.fsi to Unix format...
Warning: you are using the standard library and/or the %inline keyword. We
recommend switching on --infer in order to avoid obscure type error messages.
warning: CRLF will be replaced by LF in src/parser/parse.fsy.
The file will have its original line endings in your working directory.
FStar.Int.fst(106,17-106,32): (Warning 252) (Hint-replay failed): Subtyping check failed; expected type FStar.Int.int_t n; got type Prims.int (see also FStar.Int.fst(60,27-60,35))
FStar.Set.fst(88,32-88,34): (Warning 252) (Hint-replay failed): could not prove post-condition (see also FStar.Set.fst(59,12-59,41))
FStar.Set.fst(89,32-89,34): (Warning 252) (Hint-replay failed): could not prove post-condition (see also FStar.Set.fst(64,12-64,58))
FStar.Set.fst(90,32-90,34): (Warning 252) (Hint-replay failed): could not prove post-condition (see also FStar.Set.fst(69,12-69,62))
FStar.Set.fst(91,32-91,34): (Warning 252) (Hint-replay failed): could not prove post-condition (see also FStar.Set.fst(74,12-74,50))
FStar.Set.fst(112,33-112,35): (Warning 252) (Hint-replay failed): could not prove post-condition (see also FStar.Set.fst(99,13-99,26))
FStar.Map.fst(109,45-109,47): (Warning 252) (Hint-replay failed): could not prove post-condition (see also FStar.Map.fst(90,33-90,66))
FStar.Map.fst(131,42-131,44): (Warning 252) (Hint-replay failed): could not prove post-condition (see also FStar.Map.fst(119,32-119,45))
FStar.Math.Lib.fst(7,24-7,26): (Warning 252) (Hint-replay failed): could not prove post-condition (see also FStar.Math.Lib.fst(6,43-6,66))
FStar.Math.Lib.fst(17,71-17,73): (Warning 252) (Hint-replay failed): could not prove post-condition (see also FStar.Math.Lib.fst(17,50-17,68))
FStar.Math.Lib.fst(21,4-21,13): (Warning 252) (Hint-replay failed): assertion failed (see also FStar.Math.Lib.fst(9,64-9,72))
FStar.Math.Lib.fst(34,2-35,35): (Warning 252) (Hint-replay failed): could not prove post-condition (see also FStar.Math.Lib.fst(32,12-32,23))
FStar.Math.Lib.fst(104,20-104,22): (Warning 252) (Hint-replay failed): could not prove post-condition (see also FStar.Math.Lib.fst(103,32-103,46))
FStar.Math.Lib.fst(109,55-109,57): (Warning 252) (Hint-replay failed): could not prove post-condition (see also FStar.Math.Lib.fst(109,32-109,52))
FStar.Math.Lib.fst(116,24-116,26): (Warning 252) (Hint-replay failed): could not prove post-condition (see also FStar.Math.Lib.fst(115,43-115,72))
FStar.Math.Lib.fst(131,42-131,44): (Warning 252) (Hint-replay failed): could not prove post-condition (see also FStar.Math.Lib.fst(130,12-130,34))
FStar.GSet.fst(91,32-91,34): (Warning 252) (Hint-replay failed): could not prove post-condition (see also FStar.GSet.fst(66,12-66,58))
FStar.GSet.fst(92,32-92,34): (Warning 252) (Hint-replay failed): could not prove post-condition (see also FStar.GSet.fst(71,12-71,62))
FStar.GSet.fst(93,32-93,34): (Warning 252) (Hint-replay failed): could not prove post-condition (see also FStar.GSet.fst(76,12-76,50))
FStar.GSet.fst(114,33-114,35): (Warning 252) (Hint-replay failed): could not prove post-condition (see also FStar.GSet.fst(101,13-101,26))
FStar.List.Tot.Base.fst(265,10-265,12): (Warning 252) (Hint-replay failed): Subtyping check failed; expected type m:
Prims.list a
{ forall (u30419: FStar.Pervasives.Native.option (x: Prims.unit{Prims.hasEq a})).
FStar.List.Tot.Base.mem_filter_spec f m u30419 }; got type Prims.list a (see also FStar.List.Tot.Base.fst(263,86-263,107))
FStar.List.Tot.Base.fst(441,31-443,35): (Warning 252) (Hint-replay failed): could not prove post-condition (see also FStar.List.Tot.Base.fst(439,37-440,80))
FStar.ST.fst(56,58-56,66): (Warning 252) (Hint-replay failed): Subtyping check failed; expected type FStar.Preorder.preorder FStar.Monotonic.Heap.heap; got type h1: FStar.Monotonic.Heap.heap -> h2: FStar.Monotonic.Heap.heap -> Prims.Tot Prims.logical (see also FStar.Preorder.fst(12,40-12,56))
FStar.MRef.fst(31,22-31,34): (Warning 252) (Hint-replay failed): Subtyping check failed; expected type p: FStar.ST.heap_predicate{FStar.ST.stable p /\ FStar.ST.witnessed p}; got type h: FStar.Monotonic.Heap.heap -> Prims.Tot Prims.logical (see also FStar.ST.fst(53,42-53,50))
FStar.List.Tot.Properties.fst(41,2-43,30): (Warning 252) (Hint-replay failed): could not prove post-condition (see also FStar.List.Tot.Properties.fst(39,16-39,76))
FStar.List.Tot.Properties.fst(60,31-62,43): (Warning 252) (Hint-replay failed): could not prove post-condition (see also FStar.List.Tot.Properties.fst(59,17-59,65))
FStar.List.Tot.Properties.fst(67,19-67,38): (Warning 252) (Hint-replay failed): could not prove post-condition (see also FStar.List.Tot.Properties.fst(66,17-66,44))
FStar.List.Tot.Properties.fst(119,30-121,33): (Warning 252) (Hint-replay failed): could not prove post-condition (see also FStar.List.Tot.Properties.fst(118,17-118,57))
FStar.List.Tot.Properties.fst(129,32-131,32): (Warning 252) (Hint-replay failed): could not prove post-condition (see also FStar.List.Tot.Properties.fst(127,32-127,72))
FStar.List.Tot.Properties.fst(137,37-139,37): (Warning 252) (Hint-replay failed): could not prove post-condition (see also FStar.List.Tot.Properties.fst(136,43-136,81))
FStar.List.Tot.Properties.fst(146,34-148,34): (Warning 252) (Hint-replay failed): could not prove post-condition (see also FStar.List.Tot.Properties.fst(145,32-145,77))
FStar.List.Tot.Properties.fst(155,39-157,39): (Warning 252) (Hint-replay failed): could not prove post-condition (see also FStar.List.Tot.Properties.fst(153,43-153,86))
FStar.List.Tot.Properties.fst(284,4-286,27): (Warning 252) (Hint-replay failed): could not prove post-condition (see also FStar.List.Tot.Properties.fst(281,31-281,60))
FStar.List.Tot.Properties.fst(298,33-300,34): (Warning 252) (Hint-replay failed): could not prove post-condition (see also FStar.List.Tot.Properties.fst(297,15-297,47))
FStar.List.Tot.Properties.fst(308,38-310,39): (Warning 252) (Hint-replay failed): could not prove post-condition (see also FStar.List.Tot.Properties.fst(307,47-307,79))
FStar.List.Tot.Properties.fst(331,35-333,36): (Warning 252) (Hint-replay failed): could not prove post-condition (see also FStar.List.Tot.Properties.fst(330,36-330,113))
FStar.List.Tot.Properties.fst(341,39-343,41): (Warning 252) (Hint-replay failed): could not prove post-condition (see also FStar.List.Tot.Properties.fst(339,47-339,122))
FStar.List.Tot.Properties.fst(355,38-363,65): (Warning 252) (Hint-replay failed): could not prove post-condition (see also FStar.List.Tot.Properties.fst(353,28-353,62))
FStar.List.Tot.Properties.fst(403,33-413,78): (Warning 252) (Hint-replay failed): could not prove post-condition (see also FStar.List.Tot.Properties.fst(401,18-401,61))
FStar.List.Tot.Properties.fst(440,2-442,31): (Warning 252) (Hint-replay failed): could not prove post-condition (see also FStar.List.Tot.Properties.fst(438,16-438,77))
FStar.List.Tot.Properties.fst(723,46-723,48): (Warning 252) (Hint-replay failed): Subtyping check failed; expected type l_index: Prims.unit{FStar.List.Tot.Base.index l1 i == FStar.List.Tot.Base.index l2 i}; got type Prims.unit (see also FStar.List.Tot.Properties.fst(702,65-702,89))
FStar.List.Tot.Properties.fst(858,2-858,37): (Warning 252) could not prove post-condition (see also FStar.List.Tot.Properties.fst(856,12-856,18))
FStar.Monotonic.HyperHeap.fst(55,34-55,36): (Warning 252) (Hint-replay failed): could not prove post-condition (see also FStar.Monotonic.HyperHeap.fst(53,65-53,78))
FStar.Monotonic.HyperHeap.fst(83,36-83,48): (Warning 252) (Hint-replay failed): Subtyping check failed; expected type i:
FStar.Monotonic.HyperHeap.rid
{%[ FStar.Monotonic.HyperHeap.rid_length i ] << %[ FStar.Monotonic.HyperHeap.rid_length i ]}; got type FStar.Monotonic.HyperHeap.rid (see also FStar.Monotonic.HyperHeap.fst(83,24-83,48))
FStar.Monotonic.HyperHeap.fst(146,36-146,38): (Warning 252) (Hint-replay failed): could not prove post-condition (see also FStar.Monotonic.HyperHeap.fst(144,17-144,31))
FStar.Monotonic.HyperHeap.fst(245,4-245,33): (Warning 252) (Hint-replay failed): could not prove post-condition (see also FStar.Monotonic.HyperHeap.fst(244,47-244,60))
FStar.Monotonic.HyperHeap.fst(249,20-249,63): (Warning 252) (Hint-replay failed): Patterns are incomplete
FStar.Seq.Base.fst(112,32-112,88): (Warning 252) (Hint-replay failed): could not prove post-condition (see also FStar.Seq.Base.fst(110,11-110,58))
FStar.Seq.Base.fst(164,39-166,55): (Warning 252) (Hint-replay failed): could not prove post-condition (see also FStar.Seq.Base.fst(162,11-162,63))
FStar.Seq.Base.fst(205,30-205,32): (Warning 252) (Hint-replay failed): could not prove post-condition (see also FStar.Seq.Base.fst(203,14-203,27))
(Warning 252) (Hint-replay failed): could not prove post-condition
FStar.OrdSet.fst(64,14-64,17): (Warning 252) (Hint-replay failed): Subtyping check failed; expected type l:
FStar.OrdSet.ordset a f
{ Cons? (FStar.OrdSet.as_list l) /\
(Cons?.hd (FStar.OrdSet.as_list l) = x \/
Cons? (FStar.OrdSet.as_list s) /\
Cons?.hd (FStar.OrdSet.as_list l) = Cons?.hd (FStar.OrdSet.as_list s)) }; got type Prims.list a (see also FStar.OrdSet.fst(16,55-16,65))
FStar.OrdSet.fst(91,8-91,15): (Warning 252) (Hint-replay failed): Subtyping check failed; expected type Prims.eqtype; got type Type (see also prims.fst(27,21-27,28))
(Warning 252) (Hint-replay failed): could not prove post-condition
FStar.OrdSet.fst(187,40-199,28): (Warning 252) (Hint-replay failed): could not prove post-condition (see also FStar.OrdSet.fst(116,32-116,41))
FStar.OrdSet.fst(203,39-203,41): (Warning 252) (Hint-replay failed): could not prove post-condition (see also FStar.OrdSet.fst(125,37-125,80))
FStar.OrdSet.fst(209,42-214,32): (Warning 252) (Hint-replay failed): could not prove post-condition (see also FStar.OrdSet.fst(207,34-208,60))
FStar.OrdSet.fst(216,43-219,72): (Warning 252) (Hint-replay failed): could not prove post-condition (see also FStar.OrdSet.fst(130,33-131,69))
FStar.OrdSet.fst(221,47-225,81): (Warning 252) (Hint-replay failed): could not prove post-condition (see also FStar.OrdSet.fst(136,37-137,73))
FStar.OrdSet.fst(263,2-263,5): (Warning 252) (Hint-replay failed): assertion failed (see also FStar.OrdSet.fst(263,6-263,58))
FStar.OrdSet.fst(265,42-267,75): (Warning 252) (Hint-replay failed): could not prove post-condition (see also FStar.OrdSet.fst(160,34-161,66))
FStar.OrdSet.fst(269,39-271,33): (Warning 252) (Hint-replay failed): could not prove post-condition (see also FStar.OrdSet.fst(166,33-166,55))
FStar.OrdSet.fst(273,34-273,36): (Warning 252) (Hint-replay failed): could not prove post-condition (see also FStar.OrdSet.fst(170,50-170,90))
FStar.OrdSet.fst(275,41-277,49): (Warning 252) (Hint-replay failed): could not prove post-condition (see also FStar.OrdSet.fst(175,35-175,85))
FStar.OrdSet.fst(279,42-279,44): (Warning 252) (Hint-replay failed): could not prove post-condition (see also FStar.OrdSet.fst(179,54-179,90))
FStar.OrdSetProps.fst(35,2-35,10): (Warning 252) (Hint-replay failed): assertion failed (see also FStar.OrdSet.fst(115,33-115,46))
FStar.Monotonic.HyperStack.fst(189,28-189,39): (Warning 252) Subtyping check failed; expected type FStar.Map.t (r: FStar.Monotonic.HyperHeap.rid{r <> FStar.Monotonic.HyperHeap.root})
FStar.Monotonic.Heap.heap; got type FStar.Monotonic.HyperHeap.hmap (see also FStar.Monotonic.HyperHeap.fst(104,27-104,34))
FStar.Monotonic.HyperStack.fst(189,28-189,39): (Warning 252) Subtyping check failed; expected type FStar.Map.t (r: FStar.Monotonic.HyperHeap.rid{r <> FStar.Monotonic.HyperHeap.root})
FStar.Monotonic.Heap.heap; got type FStar.Monotonic.HyperHeap.hmap (see also FStar.Monotonic.HyperHeap.fst(104,27-104,34))
FStar.Monotonic.HyperStack.fst(189,28-189,39): (Warning 252) Subtyping check failed; expected type FStar.Map.t (r: FStar.Monotonic.HyperHeap.rid{r <> FStar.Monotonic.HyperHeap.root})
FStar.Monotonic.Heap.heap; got type FStar.Monotonic.HyperHeap.hmap (see also FStar.Monotonic.HyperHeap.fst(104,27-104,34))
FStar.Monotonic.HyperStack.fst(189,28-189,39): (Warning 252) Subtyping check failed; expected type FStar.Map.t (r: FStar.Monotonic.HyperHeap.rid{r <> FStar.Monotonic.HyperHeap.root})
FStar.Monotonic.Heap.heap; got type FStar.Monotonic.HyperHeap.hmap (see also FStar.Monotonic.HyperHeap.fst(104,27-104,34))
FStar.Monotonic.HyperStack.fst(201,2-201,31): (Warning 252) (Hint-replay failed): assertion failed (see also FStar.Monotonic.HyperStack.fst(102,20-102,34))
FStar.Monotonic.HyperStack.fst(360,52-360,62): (Warning 252) (Hint-replay failed): Subtyping check failed; expected type r:
FStar.Monotonic.Heap.mref a rel
{ FStar.Monotonic.Heap.contains (FStar.Map.sel (FStar.Monotonic.HyperStack.get_hmap m)
(FStar.Monotonic.HyperStack.frameOf r))
r }; got type FStar.Monotonic.Heap.mref a rel (see also FStar.Monotonic.Heap.fsti(54,67-54,81))
FStar.Monotonic.HyperStack.fst(364,9-364,21): (Warning 252) (Hint-replay failed): Subtyping check failed; expected type r: FStar.Monotonic.HyperHeap.rid{r <> FStar.Monotonic.HyperHeap.root}; got type FStar.Monotonic.HyperHeap.rid (see also FStar.Monotonic.HyperHeap.fst(104,27-104,34))
FStar.Monotonic.HyperStack.fst(373,4-373,33): (Warning 252) (Hint-replay failed): assertion failed (see also FStar.Monotonic.HyperStack.fst(38,12-41,66))
FStar.Monotonic.HyperStack.fst(400,25-400,58): (Warning 252) (Hint-replay failed): assertion failed (see also FStar.Monotonic.Heap.fsti(251,20-251,56))
FStar.Monotonic.HyperStack.fst(413,77-413,88): (Warning 252) (Hint-replay failed): Subtyping check failed; expected type FStar.Monotonic.Heap.mref a rel1; got type FStar.Monotonic.Heap.mref a rel2 (see also FStar.Monotonic.HyperStack.fst(408,15-408,39))
FStar.Monotonic.HyperStack.fst(432,45-432,47): (Warning 252) (Hint-replay failed): Subtyping check failed; expected type m0: FStar.Monotonic.HyperStack.mem{FStar.Monotonic.HyperStack.poppable m0}; got type FStar.Monotonic.HyperStack.mem (see also FStar.Monotonic.HyperStack.fst(194,16-194,27))
FStar.Monotonic.HyperStack.fst(437,4-438,78): (Warning 252) could not prove post-condition (see also FStar.Monotonic.HyperStack.fst(436,10-436,30))
FStar.Monotonic.HyperStack.fst(437,4-438,78): (Warning 252) could not prove post-condition (see also FStar.Monotonic.HyperStack.fst(436,10-436,30))
FStar.Monotonic.HyperStack.fst(437,4-438,78): (Warning 252) could not prove post-condition (see also FStar.Monotonic.HyperStack.fst(436,10-436,30))
FStar.Monotonic.HyperStack.fst(437,4-438,78): (Warning 252) could not prove post-condition (see also FStar.Monotonic.HyperStack.fst(436,10-436,30))
FStar.Monotonic.HyperStack.fst(524,36-524,37): (Warning 252) (Hint-replay failed): Subtyping check failed; expected type s:
FStar.Monotonic.HyperStack.mreference a rel
{ FStar.Monotonic.HyperStack.live_region (FStar.Monotonic.HyperStack.upd h r x)
(FStar.Monotonic.HyperStack.frameOf s) }; got type FStar.Monotonic.HyperStack.mreference a rel (see also FStar.Monotonic.HyperStack.fst(316,64-316,89))
FStar.Monotonic.HyperStack.fst(535,9-535,41): (Warning 252) (Hint-replay failed): assertion failed (see also FStar.Monotonic.Heap.fsti(262,19-262,35))
FStar.Monotonic.HyperStack.fst(542,37-542,39): (Warning 252) (Hint-replay failed): Subtyping check failed; expected type s:
FStar.Monotonic.HyperStack.mreference b rel_b
{ FStar.Monotonic.HyperStack.live_region (FStar.Monotonic.HyperStack.upd h r1 x)
(FStar.Monotonic.HyperStack.frameOf s) }; got type FStar.Monotonic.HyperStack.mreference b rel_b (see also FStar.Monotonic.HyperStack.fst(316,64-316,89))
FStar.Monotonic.HyperStack.fst(604,2-604,33): (Warning 252) (Hint-replay failed): could not prove post-condition (see also FStar.Monotonic.HyperStack.fst(602,2-602,41))
FStar.Monotonic.HyperStack.fst(645,9-645,32): (Warning 252) (Hint-replay failed): assertion failed (see also FStar.Monotonic.Heap.fsti(292,13-292,25))
FStar.Monotonic.HyperStack.fst(679,28-679,34): (Warning 252) (Hint-replay failed): assertion failed (see also FStar.Monotonic.Heap.fsti(298,93-298,117))
FStar.Monotonic.HyperStack.fst(739,2-739,4): (Warning 252) (Hint-replay failed): could not prove post-condition (see also FStar.Monotonic.HyperStack.fst(737,51-737,100))
FStar.Monotonic.HyperStack.fst(774,2-774,4): (Warning 252) (Hint-replay failed): could not prove post-condition (see also FStar.Monotonic.HyperStack.fst(772,39-772,105))
FStar.Monotonic.HyperStack.fst(787,2-787,4): (Warning 252) (Hint-replay failed): could not prove post-condition (see also FStar.Monotonic.HyperStack.fst(785,66-785,136))
FStar.Monotonic.HyperStack.fst(189,28-189,39): (Error 19) Subtyping check failed; expected type FStar.Map.t (r: FStar.Monotonic.HyperHeap.rid{r <> FStar.Monotonic.HyperHeap.root})
FStar.Monotonic.Heap.heap; got type FStar.Monotonic.HyperHeap.hmap (see also FStar.Monotonic.HyperHeap.fst(104,27-104,34))
FStar.Monotonic.HyperStack.fst(437,4-438,78): (Error 19) could not prove post-condition (see also FStar.Monotonic.HyperStack.fst(436,10-436,30))
Verified module: FStar.Monotonic.HyperStack (27640 milliseconds)
2 errors were reported (see above)
make[3]: *** [gmake/Makefile.tmpl:29: FStar.Monotonic.HyperStack.fst.checked] Error 1
FStar.OrdMap.fst(236,48-236,50): (Warning 252) (Hint-replay failed): could not prove post-condition (see also FStar.OrdMap.fst(119,36-119,89))
FStar.OrdMap.fst(238,54-238,56): (Warning 252) (Hint-replay failed): could not prove post-condition (see also FStar.OrdMap.fst(125,37-126,73))
FStar.OrdMap.fst(240,54-240,56): (Warning 252) (Hint-replay failed): could not prove post-condition (see also FStar.OrdMap.fst(132,51-133,77))
FStar.OrdMap.fst(244,53-244,55): (Warning 252) (Hint-replay failed): could not prove post-condition (see also FStar.OrdMap.fst(143,39-144,78))
FStar.OrdMap.fst(267,2-275,33): (Warning 252) (Hint-replay failed): could not prove post-condition (see also FStar.OrdMap.fst(159,31-159,56))
FStar.OrdMap.fst(277,42-277,44): (Warning 252) (Hint-replay failed): could not prove post-condition (see also FStar.OrdMap.fst(169,34-169,70))
FStar.OrdMap.fst(279,47-279,49): (Warning 252) (Hint-replay failed): could not prove post-condition (see also FStar.OrdMap.fst(174,34-174,93))
FStar.OrdMap.fst(281,45-281,47): (Warning 252) (Hint-replay failed): could not prove post-condition (see also FStar.OrdMap.fst(179,33-180,70))
FStar.OrdMap.fst(283,45-283,46): (Warning 252) (Hint-replay failed): Subtyping check failed; expected type FStar.OrdSet.cmp k; got type FStar.OrdMap.cmp k (see also FStar.OrdSet.fst(8,45-8,60))
FStar.OrdMap.fst(283,55-283,57): (Warning 252) (Hint-replay failed): could not prove post-condition (see also FStar.OrdMap.fst(185,36-185,73))
FStar.OrdMap.fst(285,43-285,44): (Warning 252) (Hint-replay failed): Subtyping check failed; expected type FStar.OrdSet.cmp k; got type FStar.OrdMap.cmp k (see also FStar.OrdSet.fst(8,45-8,60))
FStar.OrdMap.fst(285,53-285,55): (Warning 252) (Hint-replay failed): could not prove post-condition (see also FStar.OrdMap.fst(191,52-191,77))
FStar.Math.Lemmas.fst(11,30-11,32): (Warning 252) (Hint-replay failed): could not prove post-condition (see also FStar.Math.Lemmas.fst(10,4-10,24))
FStar.Math.Lemmas.fst(45,36-45,38): (Warning 252) (Hint-replay failed): could not prove post-condition (see also FStar.Math.Lemmas.fst(44,2-44,31))
FStar.Math.Lemmas.fst(50,37-50,39): (Warning 252) (Hint-replay failed): could not prove post-condition (see also FStar.Math.Lemmas.fst(49,2-49,33))
FStar.Math.Lemmas.fst(57,36-57,38): (Warning 252) (Hint-replay failed): could not prove post-condition (see also FStar.Math.Lemmas.fst(56,10-56,41))
FStar.Math.Lemmas.fst(62,37-62,39): (Warning 252) (Hint-replay failed): could not prove post-condition (see also FStar.Math.Lemmas.fst(61,2-61,33))
FStar.Math.Lemmas.fst(72,28-72,30): (Warning 252) (Hint-replay failed): could not prove post-condition (see also FStar.Math.Lemmas.fst(71,2-71,27))
FStar.Math.Lemmas.fst(82,28-82,30): (Warning 252) (Hint-replay failed): could not prove post-condition (see also FStar.Math.Lemmas.fst(81,2-81,27))
FStar.Math.Lemmas.fst(86,36-86,38): (Warning 252) (Hint-replay failed): could not prove post-condition (see also FStar.Math.Lemmas.fst(85,30-85,53))
FStar.Math.Lemmas.fst(94,40-94,42): (Warning 252) (Hint-replay failed): could not prove post-condition (see also FStar.Math.Lemmas.fst(90,3-90,26))
FStar.Math.Lemmas.fst(98,32-98,34): (Warning 252) (Hint-replay failed): could not prove post-condition (see also FStar.Math.Lemmas.fst(97,1-97,26))
FStar.Math.Lemmas.fst(102,19-102,21): (Warning 252) (Hint-replay failed): could not prove post-condition (see also FStar.Math.Lemmas.fst(101,38-101,53))
FStar.Math.Lemmas.fst(106,23-106,25): (Warning 252) (Hint-replay failed): could not prove post-condition (see also FStar.Math.Lemmas.fst(105,42-105,63))
FStar.Math.Lemmas.fst(110,24-110,26): (Warning 252) (Hint-replay failed): could not prove post-condition (see also FStar.Math.Lemmas.fst(109,43-109,64))
FStar.Math.Lemmas.fst(136,30-136,32): (Warning 252) (Hint-replay failed): could not prove post-condition (see also FStar.Math.Lemmas.fst(135,49-135,61))
FStar.Math.Lemmas.fst(141,24-141,26): (Warning 252) (Hint-replay failed): could not prove post-condition (see also FStar.Math.Lemmas.fst(140,36-140,68))
FStar.Math.Lemmas.fst(144,25-144,27): (Warning 252) (Hint-replay failed): could not prove post-condition (see also FStar.Math.Lemmas.fst(143,37-143,64))
FStar.Math.Lemmas.fst(168,2-170,28): (Warning 252) (Hint-replay failed): could not prove post-condition (see also FStar.Math.Lemmas.fst(165,11-165,43))
FStar.Math.Lemmas.fst(188,29-188,52): (Warning 252) (Hint-replay failed): could not prove post-condition (see also FStar.Math.Lemmas.fst(187,48-187,68))
FStar.Math.Lemmas.fst(191,23-191,25): (Warning 252) (Hint-replay failed): could not prove post-condition (see also FStar.Math.Lemmas.fst(190,70-190,81))
FStar.Math.Lemmas.fst(195,24-195,26): (Warning 252) (Hint-replay failed): could not prove post-condition (see also FStar.Math.Lemmas.fst(194,43-194,68))
FStar.Math.Lemmas.fst(198,23-198,25): (Warning 252) (Hint-replay failed): could not prove post-condition (see also FStar.Math.Lemmas.fst(197,43-197,53))
FStar.Math.Lemmas.fst(247,24-247,26): (Warning 252) (Hint-replay failed): could not prove post-condition (see also FStar.Math.Lemmas.fst(246,36-246,54))
FStar.Math.Lemmas.fst(249,26-249,28): (Warning 252) (Hint-replay failed): could not prove post-condition (see also FStar.Math.Lemmas.fst(248,52-248,74))
FStar.Math.Lemmas.fst(264,17-264,30): (Warning 252) (Hint-replay failed): Subtyping check failed; expected type Prims.nat; got type Prims.int (see also prims.fst(408,17-408,23))
FStar.Math.Lemmas.fst(276,32-276,34): (Warning 252) (Hint-replay failed): could not prove post-condition (see also FStar.Math.Lemmas.fst(275,12-275,19))
FStar.Math.Lemmas.fst(280,32-280,34): (Warning 252) (Hint-replay failed): could not prove post-condition (see also FStar.Math.Lemmas.fst(279,2-279,31))
FStar.Math.Lemmas.fst(285,26-285,28): (Warning 252) (Hint-replay failed): could not prove post-condition (see also FStar.Math.Lemmas.fst(284,12-284,29))
FStar.Math.Lemmas.fst(290,22-290,24): (Warning 252) (Hint-replay failed): could not prove post-condition (see also FStar.Math.Lemmas.fst(289,12-289,29))
FStar.Math.Lemmas.fst(308,2-308,20): (Warning 252) (Hint-replay failed): could not prove post-condition (see also FStar.Math.Lemmas.fst(306,36-306,55))
FStar.Math.Lemmas.fst(315,17-315,28): (Warning 252) (Hint-replay failed): Subtyping check failed; expected type Prims.nat; got type Prims.int (see also prims.fst(408,17-408,23))
FStar.Math.Lemmas.fst(320,2-320,30): (Warning 252) (Hint-replay failed): could not prove post-condition (see also FStar.Math.Lemmas.fst(318,2-318,35))
FStar.Math.Lemmas.fst(355,40-355,42): (Warning 252) (Hint-replay failed): could not prove post-condition (see also FStar.Math.Lemmas.fst(354,10-354,35))
(Warning 252) (Hint-replay failed): could not prove post-condition
FStar.Math.Lemmas.fst(364,31-364,33): (Warning 252) (Hint-replay failed): could not prove post-condition (see also FStar.Math.Lemmas.fst(363,36-363,45))
FStar.Math.Lemmas.fst(367,31-367,33): (Warning 252) (Hint-replay failed): could not prove post-condition (see also FStar.Math.Lemmas.fst(366,40-366,45))
FStar.Math.Lemmas.fst(371,33-371,35): (Warning 252) (Hint-replay failed): could not prove post-condition (see also FStar.Math.Lemmas.fst(370,36-370,45))
FStar.Math.Lemmas.fst(374,33-374,35): (Warning 252) (Hint-replay failed): could not prove post-condition (see also FStar.Math.Lemmas.fst(373,40-373,45))
(Warning 252) (Hint-replay failed): could not prove post-condition
FStar.Math.Lemmas.fst(390,2-393,5): (Warning 252) (Hint-replay failed): could not prove post-condition (see also FStar.Math.Lemmas.fst(388,10-388,25))
FStar.Math.Lemmas.fst(398,29-398,40): (Warning 252) (Hint-replay failed): Subtyping check failed; expected type Prims.nat; got type Prims.int (see also prims.fst(408,17-408,23))
FStar.Math.Lemmas.fst(404,34-404,35): (Warning 252) (Hint-replay failed): Subtyping check failed; expected type m: Prims.nat{a - b < m * b}; got type m: Prims.nat{a - b < m * b && m * b <= a} (see also FStar.Math.Lemmas.fst(387,65-387,78))
FStar.Math.Lemmas.fst(409,54-409,61): (Warning 252) (Hint-replay failed): Subtyping check failed; expected type Prims.nat; got type Prims.int (see also prims.fst(408,17-408,23))
FStar.Math.Lemmas.fst(413,32-413,59): (Warning 252) (Hint-replay failed): could not prove post-condition (see also FStar.Math.Lemmas.fst(412,51-412,70))
FStar.Math.Lemmas.fst(418,56-418,67): (Warning 252) (Hint-replay failed): Subtyping check failed; expected type Prims.nat; got type Prims.int (see also prims.fst(408,17-408,23))
FStar.Math.Lemmas.fst(426,4-426,7): (Warning 252) (Hint-replay failed): assertion failed (see also FStar.Math.Lemmas.fst(426,8-426,52))
FStar.Math.Lemmas.fst(435,24-435,37): (Warning 252) (Hint-replay failed): assertion failed (see also FStar.Math.Lemmas.fst(421,23-421,36))
FStar.Math.Lemmas.fst(442,15-442,20): (Warning 252) (Hint-replay failed): Subtyping check failed; expected type Prims.nat; got type Prims.int (see also prims.fst(408,17-408,23))
FStar.Math.Lemmas.fst(462,26-462,33): (Warning 252) (Hint-replay failed): Subtyping check failed; expected type Prims.nat; got type Prims.int (see also prims.fst(408,17-408,23))
FStar.Math.Lemmas.fst(487,2-487,8): (Warning 252) (Hint-replay failed): assertion failed (see also FStar.Math.Lemmas.fst(487,9-487,49))
FStar.Math.Lemmas.fst(503,27-503,34): (Warning 252) (Hint-replay failed): Subtyping check failed; expected type Prims.nat; got type Prims.int (see also prims.fst(408,17-408,23))
FStar.Math.Lemmas.fst(569,26-569,44): (Warning 252) (Hint-replay failed): Subtyping check failed; expected type Prims.nat; got type Prims.int (see also prims.fst(408,17-408,23))
FStar.Math.Lemmas.fst(575,32-575,44): (Warning 252) (Hint-replay failed): Subtyping check failed; expected type Prims.nat; got type Prims.int (see also prims.fst(408,17-408,23))
FStar.Math.Lemmas.fst(581,12-581,19): (Warning 252) (Hint-replay failed): Subtyping check failed; expected type Prims.nat; got type Prims.int (see also prims.fst(408,17-408,23))
FStar.Math.Lemmas.fst(607,2-608,49): (Warning 252) (Hint-replay failed): could not prove post-condition (see also FStar.Math.Lemmas.fst(605,10-605,67))
FStar.Math.Lemmas.fst(613,2-613,16): (Warning 252) (Hint-replay failed): assertion failed (see also FStar.Math.Lemmas.fst(156,12-156,20))
FStar.Math.Lemmas.fst(619,12-619,19): (Warning 252) (Hint-replay failed): Subtyping check failed; expected type Prims.nat; got type Prims.int (see also prims.fst(408,17-408,23))
FStar.Math.Lemmas.fst(625,2-625,16): (Warning 252) (Hint-replay failed): assertion failed (see also FStar.Math.Lemmas.fst(156,12-156,20))
FStar.Math.Lemmas.fst(503,27-503,34): (Error 19) Subtyping check failed; expected type Prims.nat; got type Prims.int (see also prims.fst(408,17-408,23))
Verified module: FStar.Math.Lemmas (88060 milliseconds)
1 error was reported (see above)
make[3]: *** [gmake/Makefile.tmpl:29: FStar.Math.Lemmas.fst.checked] Error 1
FStar.Seq.Properties.fst(30,4-30,22): (Warning 252) (Hint-replay failed): Subtyping check failed; expected type Prims.eqtype; got type Type0 (see also prims.fst(27,21-27,28))
FStar.Seq.Properties.fst(31,46-31,47): (Warning 252) (Hint-replay failed): Subtyping check failed; expected type i: Prims.nat{i < FStar.Seq.Base.length (FStar.Seq.Base.append s1 s2)}; got type i: Prims.nat{i < FStar.Seq.Base.length s1} (see also FStar.Seq.Base.fst(30,49-30,61))
FStar.Seq.Properties.fst(36,4-36,22): (Warning 252) (Hint-replay failed): Subtyping check failed; expected type Prims.eqtype; got type Type0 (see also prims.fst(27,21-27,28))
FStar.Seq.Properties.fst(37,46-37,61): (Warning 252) (Hint-replay failed): Subtyping check failed; expected type i: Prims.nat{i < FStar.Seq.Base.length (FStar.Seq.Base.append s1 s2)}; got type Prims.int (see also prims.fst(408,17-408,23))
FStar.Seq.Properties.fst(42,4-42,25): (Warning 252) (Hint-replay failed): Subtyping check failed; expected type Prims.eqtype; got type Type0 (see also prims.fst(27,21-27,28))
FStar.Seq.Properties.fst(43,2-43,5): (Warning 252) (Hint-replay failed): assertion failed (see also FStar.Seq.Properties.fst(43,6-43,54))
FStar.Seq.Properties.fst(49,4-49,20): (Warning 252) (Hint-replay failed): Subtyping check failed; expected type Prims.eqtype; got type Type0 (see also prims.fst(27,21-27,28))
FStar.Seq.Properties.fst(50,2-52,124): (Warning 252) (Hint-replay failed): could not prove post-condition (see also FStar.Seq.Properties.fst(48,21-48,32))
FStar.Seq.Properties.fst(62,33-62,35): (Warning 252) (Hint-replay failed): could not prove post-condition (see also FStar.Seq.Properties.fst(61,2-61,34))
FStar.Seq.Properties.fst(66,33-66,36): (Warning 252) (Hint-replay failed): assertion failed (see also FStar.Seq.Properties.fst(66,37-66,88))
FStar.Seq.Properties.fst(125,34-125,36): (Warning 252) (Hint-replay failed): could not prove post-condition (see also FStar.Seq.Properties.fst(124,11-124,94))
FStar.Seq.Properties.fst(140,2-140,16): (Warning 252) (Hint-replay failed): assertion failed (see also FStar.Seq.Base.fst(201,16-201,37))
FStar.Seq.Properties.fst(148,2-148,16): (Warning 252) (Hint-replay failed): assertion failed (see also FStar.Seq.Base.fst(202,87-202,113))
FStar.Seq.Properties.fst(158,24-158,26): (Warning 252) (Hint-replay failed): could not prove post-condition (see also FStar.Seq.Properties.fst(157,11-157,41))
FStar.Seq.Properties.fst(192,31-192,33): (Warning 252) (Hint-replay failed): could not prove post-condition (see also FStar.Seq.Properties.fst(191,22-191,60))
FStar.Seq.Properties.fst(210,2-210,5): (Warning 252) (Hint-replay failed): assertion failed (see also FStar.Seq.Properties.fst(210,6-210,61))
FStar.Seq.Properties.fst(252,40-252,41): (Warning 252) (Hint-replay failed): Subtyping check failed; expected type n: Prims.nat{n < FStar.Seq.Base.length (FStar.Seq.Base.create 5 frag_lo)}; got type Prims.int (see also FStar.Seq.Base.fst(65,46-65,58))
FStar.Seq.Properties.fst(264,2-264,5): (Warning 252) (Hint-replay failed): assertion failed (see also FStar.Seq.Properties.fst(264,6-264,56))
FStar.Seq.Properties.fst(322,2-322,5): (Warning 252) (Hint-replay failed): assertion failed (see also FStar.Seq.Properties.fst(322,6-322,79))
FStar.Seq.Properties.fst(328,2-328,5): (Warning 252) (Hint-replay failed): assertion failed (see also FStar.Seq.Properties.fst(328,6-328,85))
FStar.Seq.Properties.fst(335,2-335,5): (Warning 252) (Hint-replay failed): assertion failed (see also FStar.Seq.Properties.fst(335,6-335,79))
FStar.Seq.Properties.fst(342,2-342,5): (Warning 252) (Hint-replay failed): assertion failed (see also FStar.Seq.Properties.fst(342,6-342,92))
FStar.Seq.Properties.fst(348,32-348,35): (Warning 252) (Hint-replay failed): assertion failed (see also FStar.Seq.Properties.fst(348,36-348,84))
FStar.Seq.Properties.fst(352,36-352,39): (Warning 252) (Hint-replay failed): assertion failed (see also FStar.Seq.Properties.fst(352,40-352,90))
FStar.Seq.Properties.fst(356,34-356,37): (Warning 252) (Hint-replay failed): assertion failed (see also FStar.Seq.Properties.fst(356,38-356,86))
FStar.Seq.Properties.fst(360,50-360,53): (Warning 252) (Hint-replay failed): assertion failed (see also FStar.Seq.Properties.fst(360,54-360,143))
FStar.Seq.Properties.fst(366,42-366,53): (Warning 252) (Hint-replay failed): Subtyping check failed; expected type i: Prims.nat{i < FStar.Seq.Base.length (FStar.Seq.Base.slice s start len)}; got type Prims.int (see also prims.fst(408,17-408,23))
FStar.Seq.Properties.fst(371,49-371,50): (Warning 252) (Hint-replay failed): Subtyping check failed; expected type j: Prims.nat{0 <= j && j <= FStar.Seq.Base.length s1}; got type Prims.nat (see also FStar.Seq.Properties.fst(371,17-371,18))
FStar.Seq.Properties.fst(376,27-376,30): (Warning 252) (Hint-replay failed): assertion failed (see also FStar.Seq.Properties.fst(376,31-376,57))
FStar.Seq.Properties.fst(381,43-381,46): (Warning 252) (Hint-replay failed): assertion failed (see also FStar.Seq.Properties.fst(381,47-381,101))
FStar.Seq.Properties.fst(387,4-387,22): (Warning 252) (Hint-replay failed): Subtyping check failed; expected type Prims.eqtype; got type Type0 (see also prims.fst(27,21-27,28))
FStar.Seq.Properties.fst(388,2-388,5): (Warning 252) (Hint-replay failed): assertion failed (see also FStar.Seq.Properties.fst(388,6-388,43))
FStar.Seq.Properties.fst(394,4-394,22): (Warning 252) (Hint-replay failed): Subtyping check failed; expected type Prims.eqtype; got type Type0 (see also prims.fst(27,21-27,28))
FStar.Seq.Properties.fst(395,2-395,5): (Warning 252) (Hint-replay failed): assertion failed (see also FStar.Seq.Properties.fst(395,6-395,43))
FStar.Seq.Properties.fst(403,2-403,5): (Warning 252) (Hint-replay failed): assertion failed (see also FStar.Seq.Properties.fst(403,6-403,54))
FStar.Seq.Properties.fst(409,4-409,28): (Warning 252) (Hint-replay failed): Subtyping check failed; expected type Prims.eqtype; got type Type0 (see also prims.fst(27,21-27,28))
FStar.Seq.Properties.fst(409,46-409,49): (Warning 252) (Hint-replay failed): assertion failed (see also FStar.Seq.Properties.fst(409,50-409,79))
FStar.Seq.Properties.fst(415,4-415,27): (Warning 252) (Hint-replay failed): Subtyping check failed; expected type Prims.eqtype; got type Type0 (see also prims.fst(27,21-27,28))
FStar.Seq.Properties.fst(415,45-415,48): (Warning 252) (Hint-replay failed): assertion failed (see also FStar.Seq.Properties.fst(415,49-415,78))
FStar.Seq.Properties.fst(421,4-421,21): (Warning 252) (Hint-replay failed): Subtyping check failed; expected type Prims.eqtype; got type Type0 (see also prims.fst(27,21-27,28))
FStar.Seq.Properties.fst(421,40-421,43): (Warning 252) (Hint-replay failed): assertion failed (see also FStar.Seq.Properties.fst(421,44-421,73))
FStar.Seq.Properties.fst(427,4-427,26): (Warning 252) (Hint-replay failed): Subtyping check failed; expected type Prims.eqtype; got type Type0 (see also prims.fst(27,21-27,28))
FStar.Seq.Properties.fst(428,2-428,5): (Warning 252) (Hint-replay failed): assertion failed (see also FStar.Seq.Properties.fst(428,6-429,49))
FStar.Seq.Properties.fst(439,4-439,27): (Warning 252) (Hint-replay failed): Subtyping check failed; expected type Prims.eqtype; got type Type0 (see also prims.fst(27,21-27,28))
FStar.Seq.Properties.fst(440,2-440,5): (Warning 252) (Hint-replay failed): assertion failed (see also FStar.Seq.Properties.fst(440,6-441,49))
FStar.Seq.Properties.fst(452,4-452,20): (Warning 252) (Hint-replay failed): Subtyping check failed; expected type Prims.eqtype; got type Type0 (see also prims.fst(27,21-27,28))
FStar.Seq.Properties.fst(452,39-452,41): (Warning 252) (Hint-replay failed): could not prove post-condition (see also FStar.Seq.Properties.fst(451,11-451,56))
FStar.Seq.Properties.fst(468,29-468,77): (Warning 252) (Hint-replay failed): could not prove post-condition (see also FStar.Seq.Properties.fst(467,39-467,75))
FStar.Seq.Properties.fst(503,13-503,15): (Warning 252) (Hint-replay failed): Subtyping check failed; expected type s: FStar.Seq.Base.seq a {FStar.Seq.Base.length s > 0}; got type FStar.Seq.Base.seq a (see also FStar.Seq.Properties.fst(54,29-54,41))
FStar.Seq.Properties.fst(537,2-538,44): (Warning 252) (Hint-replay failed): could not prove post-condition (see also FStar.Seq.Properties.fst(533,36-533,54))
FStar.Seq.Properties.fst(547,2-547,8): (Warning 252) (Hint-replay failed): assertion failed (see also FStar.Seq.Properties.fst(547,9-547,25))
FStar.Seq.Properties.fst(751,5-751,7): (Warning 252) (Hint-replay failed): could not prove post-condition (see also FStar.Seq.Properties.fst(745,13-745,74))
FStar.Seq.Properties.fst(795,2-795,4): (Warning 252) (Hint-replay failed): could not prove post-condition (see also FStar.Seq.Properties.fst(794,11-794,33))
FStar.Seq.Properties.fst(812,2-812,4): (Warning 252) (Hint-replay failed): could not prove post-condition (see also FStar.Seq.Properties.fst(811,11-811,36))
FStar.Seq.Properties.fst(821,2-821,4): (Warning 252) (Hint-replay failed): could not prove post-condition (see also FStar.Seq.Properties.fst(820,11-820,50))
FStar.Seq.Properties.fst(837,2-837,4): (Warning 252) (Hint-replay failed): could not prove post-condition (see also FStar.Seq.Properties.fst(836,11-836,48))
FStar.Seq.Properties.fst(856,2-856,15): (Warning 252) (Hint-replay failed): assertion failed (see also FStar.Seq.Base.fst(214,15-214,28))
FStar.Seq.Properties.fst(867,2-867,15): (Warning 252) (Hint-replay failed): assertion failed (see also FStar.Seq.Base.fst(214,15-214,28))
FStar.Seq.Properties.fst(877,2-877,15): (Warning 252) (Hint-replay failed): assertion failed (see also FStar.Seq.Base.fst(214,15-214,28))
FStar.Seq.Properties.fst(886,2-886,15): (Warning 252) (Hint-replay failed): assertion failed (see also FStar.Seq.Base.fst(214,15-214,28))
FStar.Seq.Properties.fst(899,2-899,15): (Warning 252) (Hint-replay failed): assertion failed (see also FStar.Seq.Base.fst(214,15-214,28))
FStar.Seq.Properties.fst(926,68-926,70): (Warning 252) (Hint-replay failed): could not prove post-condition (see also FStar.Seq.Properties.fst(926,11-926,64))
FStar.Seq.Properties.fst(229,2-234,62): (Error 16) Unknown assertion failed (SMT solver says: unknown because canceled (fuel=1; ifuel=0; ))
Verified module: FStar.Seq.Properties (70872 milliseconds)
1 error was reported (see above)
make[3]: *** [gmake/Makefile.tmpl:29: FStar.Seq.Properties.fst.checked] Error 1
make[3]: Target 'verify-core' not remade because of errors.
make[2]: *** [Makefile:12: all] Error 2
make[1]: *** [Makefile:193: fstarlib] Error 2
make: *** [Makefile:176: utest-prelude] Error 2
Command exited with non-zero status 2
12.67user 46.94system 9:20.33elapsed 10%CPU (0avgtext+0avgdata 1225467904maxresident)k
0inputs+0outputs (5035486major+0minor)pagefaults 0swaps
