From https://github.com/mitls/hacl-star
d456ef31..fda6e5b2  pqcrypto   -> origin/pqcrypto
dos2unix: converting file parser/parse.fsi to Unix format...
Warning: you are using the standard library and/or the %inline keyword. We
recommend switching on --infer in order to avoid obscure type error messages.
warning: CRLF will be replaced by LF in src/parser/parse.fsy.
The file will have its original line endings in your working directory.
FStar.ST.fst(56,58-56,66): (Warning 252) (Hint-replay failed): Subtyping check failed; expected type FStar.Preorder.preorder FStar.Monotonic.Heap.heap; got type h1: FStar.Monotonic.Heap.heap -> h2: FStar.Monotonic.Heap.heap -> Prims.Tot Prims.logical (see also FStar.Preorder.fst(12,40-12,56))
FStar.Monotonic.Heap.fst(186,48-186,50): (Warning 252) (Hint-replay failed): could not prove post-condition (see also FStar.Monotonic.Heap.fsti(223,19-223,69))
FStar.Monotonic.Heap.fst(187,46-187,48): (Warning 252) (Hint-replay failed): could not prove post-condition (see also FStar.Monotonic.Heap.fsti(228,19-228,71))
FStar.List.Tot.Properties.fst(702,88-702,89): (Warning 252) (Hint-replay failed): Subtyping check failed; expected type i: Prims.nat{i < FStar.List.Tot.Base.length l2}; got type i: Prims.nat{i < FStar.List.Tot.Base.length l1} (see also FStar.List.Tot.Base.fst(87,40-87,52))
FStar.List.Tot.Properties.fst(707,50-707,51): (Warning 252) (Hint-replay failed): Subtyping check failed; expected type i: Prims.nat{i < FStar.List.Tot.Base.length l1}; got type Prims.int (see also FStar.List.Tot.Properties.fst(702,25-702,38))
FStar.List.Tot.Properties.fst(858,2-858,37): (Warning 252) (Hint-replay failed): could not prove post-condition (see also FStar.List.Tot.Properties.fst(856,12-856,18))
FStar.List.Tot.Properties.fst(858,2-858,37): (Warning 252) could not prove post-condition (see also FStar.List.Tot.Properties.fst(856,12-856,18))
FStar.List.Tot.Properties.fst(887,2-888,24): (Warning 252) (Hint-replay failed): could not prove post-condition (see also FStar.List.Tot.Properties.fst(886,12-886,18))
FStar.Math.Lemmas.fst(327,2-335,36): (Error 16) Unknown assertion failed (SMT solver says: unknown because (resource limits reached) (fuel=8; ifuel=2; ); SMT solver says: unknown because (resource limits reached) (fuel=4; ifuel=2; ); SMT solver says: unknown because canceled (fuel=2; ifuel=2; ); SMT solver says: unknown because (resource limits reached) (fuel=2; ifuel=1; ); SMT solver says: unknown because canceled (fuel=8; ifuel=2; with hint))
FStar.Math.Lemmas.fst(501,2-514,5): (Error 16) Unknown assertion failed (SMT solver says: unknown because (resource limits reached) (fuel=0; ifuel=0; ); SMT solver says: unknown because (resource limits reached) (fuel=1; ifuel=1; with hint))
Verified module: FStar.Math.Lemmas (20619 milliseconds)
2 errors were reported (see above)
make[3]: *** [gmake/Makefile.tmpl:29: FStar.Math.Lemmas.fst.checked] Error 1
FStar.OrdSet.fst(48,16-48,18): (Warning 252) (Hint-replay failed): Subtyping check failed; expected type Prims.eqtype; got type Type (see also prims.fst(27,21-27,28))
FStar.Seq.Base.fst(60,4-60,6): (Warning 252) (Hint-replay failed): could not prove post-condition (see also FStar.Seq.Base.fst(58,19-58,59))
FStar.Seq.Base.fst(63,41-63,42): (Warning 252) (Hint-replay failed): Subtyping check failed; expected type i: Prims.nat{i < FStar.Seq.Base.length (FStar.Seq.Base.of_list l)}; got type i: Prims.nat{i < FStar.List.Tot.Base.length l} (see also FStar.Seq.Base.fst(30,49-30,61))
FStar.Seq.Base.fst(76,79-76,81): (Warning 252) (Hint-replay failed): could not prove post-condition (see also FStar.Seq.Base.fst(76,62-76,75))
FStar.Seq.Base.fst(156,38-162,59): (Warning 252) (Hint-replay failed): could not prove post-condition (see also FStar.Seq.Base.fst(154,11-154,45))
FStar.Seq.Base.fst(251,2-251,32): (Warning 252) (Hint-replay failed): could not prove post-condition (see also FStar.Seq.Base.fst(250,11-250,32))
FStar.Seq.Base.fst(258,2-258,32): (Warning 252) (Hint-replay failed): could not prove post-condition (see also FStar.Seq.Base.fst(257,11-257,32))
FStar.Seq.Base.fst(63,41-63,42): (Warning 252) (Hint-replay failed): Subtyping check failed; expected type i: Prims.nat{i < FStar.Seq.Base.length (FStar.Seq.Base.of_list l)}; got type i: Prims.nat{i < FStar.List.Tot.Base.length l} (see also FStar.Seq.Base.fst(30,49-30,61))
prims.fst(408,13-408,16): (Warning 252) (Hint-replay failed): Subtyping check failed; expected type Prims.eqtype; got type Type0 (see also prims.fst(27,21-27,28))
FStar.OrdMap.fst(46,11-46,12): (Warning 252) (Hint-replay failed): Subtyping check failed; expected type FStar.OrdMap.map_t k v f d; got type _: k -> Prims.Tot (FStar.Pervasives.Native.option v) (see also FStar.OrdMap.fst(15,36-15,58))
FStar.OrdMap.fst(283,55-283,57): (Warning 252) (Hint-replay failed): could not prove post-condition (see also FStar.OrdMap.fst(185,36-185,73))
FStar.OrdMap.fst(285,53-285,55): (Warning 252) (Hint-replay failed): could not prove post-condition (see also FStar.OrdMap.fst(191,52-191,77))
FStar.Monotonic.HyperStack.fst(106,4-106,6): (Warning 252) (Hint-replay failed): could not prove post-condition (see also FStar.Monotonic.HyperStack.fst(105,12-105,46))
FStar.Monotonic.HyperStack.fst(113,4-113,6): (Warning 252) (Hint-replay failed): could not prove post-condition (see also FStar.Monotonic.HyperStack.fst(47,18-47,51))
FStar.Monotonic.HyperStack.fst(121,4-121,6): (Warning 252) (Hint-replay failed): could not prove post-condition (see also FStar.Monotonic.HyperStack.fst(119,19-119,41))
FStar.Monotonic.HyperStack.fst(134,4-134,6): (Warning 252) (Hint-replay failed): could not prove post-condition (see also FStar.Monotonic.HyperStack.fst(129,20-129,76))
FStar.Monotonic.HyperStack.fst(142,4-142,6): (Warning 252) (Hint-replay failed): could not prove post-condition (see also FStar.Monotonic.HyperStack.fst(141,9-141,59))
FStar.Monotonic.HyperStack.fst(154,4-154,6): (Warning 252) (Hint-replay failed): could not prove post-condition (see also FStar.Monotonic.HyperStack.fst(151,19-151,69))
FStar.Monotonic.HyperStack.fst(165,4-165,6): (Warning 252) (Hint-replay failed): could not prove post-condition (see also FStar.Monotonic.HyperStack.fst(164,106-164,142))
FStar.Monotonic.HyperStack.fst(181,4-181,25): (Warning 252) (Hint-replay failed): could not prove post-condition (see also FStar.Monotonic.HyperStack.fst(180,19-180,45))
FStar.Monotonic.HyperStack.fst(202,2-202,25): (Warning 252) (Hint-replay failed): Subtyping check failed; expected type FStar.Monotonic.HyperStack.mem; got type FStar.Monotonic.HyperStack.mem' (see also FStar.Monotonic.HyperStack.fst(95,24-95,87))
FStar.Monotonic.HyperStack.fst(307,55-307,57): (Warning 252) (Hint-replay failed): could not prove post-condition (see also FStar.Monotonic.HyperStack.fst(306,17-306,31))
FStar.Monotonic.HyperStack.fst(323,4-323,24): (Warning 252) (Hint-replay failed): Subtyping check failed; expected type FStar.Monotonic.HyperStack.mem; got type FStar.Monotonic.HyperStack.mem' (see also FStar.Monotonic.HyperStack.fst(95,24-95,87))
FStar.Monotonic.HyperStack.fst(334,26-334,46): (Warning 252) (Hint-replay failed): Subtyping check failed; expected type FStar.Monotonic.HyperStack.mem; got type FStar.Monotonic.HyperStack.mem' (see also FStar.Monotonic.HyperStack.fst(95,24-95,87))
FStar.Monotonic.HyperStack.fst(345,4-345,24): (Warning 252) (Hint-replay failed): Subtyping check failed; expected type FStar.Monotonic.HyperStack.mem; got type FStar.Monotonic.HyperStack.mem' (see also FStar.Monotonic.HyperStack.fst(95,24-95,87))
FStar.Monotonic.HyperStack.fst(356,4-356,24): (Warning 252) (Hint-replay failed): Subtyping check failed; expected type FStar.Monotonic.HyperStack.mem; got type FStar.Monotonic.HyperStack.mem' (see also FStar.Monotonic.HyperStack.fst(95,24-95,87))
FStar.Monotonic.HyperStack.fst(374,4-374,38): (Warning 252) (Hint-replay failed): Subtyping check failed; expected type m': FStar.Monotonic.HyperStack.mem{FStar.Monotonic.HyperStack.fresh_frame m m'}; got type FStar.Monotonic.HyperStack.mem' (see also FStar.Monotonic.HyperStack.fst(95,24-95,87))
FStar.Monotonic.HyperStack.fst(387,13-387,39): (Warning 252) (Hint-replay failed): Subtyping check failed; expected type FStar.Monotonic.HyperStack.mem; got type FStar.Monotonic.HyperStack.mem' (see also FStar.Monotonic.HyperStack.fst(95,24-95,87))
FStar.Monotonic.HyperStack.fst(433,6-433,8): (Warning 252) (Hint-replay failed): could not prove post-condition (see also FStar.Monotonic.HyperStack.fst(432,13-432,48))
FStar.Monotonic.HyperStack.fst(202,2-202,25): (Warning 252) (Hint-replay failed): Subtyping check failed; expected type FStar.Monotonic.HyperStack.mem; got type FStar.Monotonic.HyperStack.mem' (see also FStar.Monotonic.HyperStack.fst(95,24-95,87))
FStar.Monotonic.HyperStack.fst(323,4-323,24): (Warning 252) (Hint-replay failed): Subtyping check failed; expected type FStar.Monotonic.HyperStack.mem; got type FStar.Monotonic.HyperStack.mem' (see also FStar.Monotonic.HyperStack.fst(95,24-95,87))
FStar.Monotonic.HyperStack.fst(334,26-334,46): (Warning 252) (Hint-replay failed): Subtyping check failed; expected type FStar.Monotonic.HyperStack.mem; got type FStar.Monotonic.HyperStack.mem' (see also FStar.Monotonic.HyperStack.fst(95,24-95,87))
FStar.Monotonic.HyperStack.fst(345,4-345,24): (Warning 252) (Hint-replay failed): Subtyping check failed; expected type FStar.Monotonic.HyperStack.mem; got type FStar.Monotonic.HyperStack.mem' (see also FStar.Monotonic.HyperStack.fst(95,24-95,87))
FStar.Monotonic.HyperStack.fst(356,4-356,24): (Warning 252) (Hint-replay failed): Subtyping check failed; expected type FStar.Monotonic.HyperStack.mem; got type FStar.Monotonic.HyperStack.mem' (see also FStar.Monotonic.HyperStack.fst(95,24-95,87))
FStar.Monotonic.HyperStack.fst(374,4-374,38): (Warning 252) (Hint-replay failed): Subtyping check failed; expected type m': FStar.Monotonic.HyperStack.mem{FStar.Monotonic.HyperStack.fresh_frame m m'}; got type FStar.Monotonic.HyperStack.mem' (see also FStar.Monotonic.HyperStack.fst(95,24-95,87))
FStar.Monotonic.HyperStack.fst(524,36-524,37): (Warning 252) (Hint-replay failed): Subtyping check failed; expected type s:
FStar.Monotonic.HyperStack.mreference a rel
{ FStar.Monotonic.HyperStack.live_region (FStar.Monotonic.HyperStack.upd h r x)
(FStar.Monotonic.HyperStack.frameOf s) }; got type FStar.Monotonic.HyperStack.mreference a rel (see also FStar.Monotonic.HyperStack.fst(316,64-316,89))
FStar.Monotonic.HyperStack.fst(542,37-542,39): (Warning 252) (Hint-replay failed): Subtyping check failed; expected type s:
FStar.Monotonic.HyperStack.mreference b rel_b
{ FStar.Monotonic.HyperStack.live_region (FStar.Monotonic.HyperStack.upd h r1 x)
(FStar.Monotonic.HyperStack.frameOf s) }; got type FStar.Monotonic.HyperStack.mreference b rel_b (see also FStar.Monotonic.HyperStack.fst(316,64-316,89))
FStar.Seq.Properties.fst(31,46-31,47): (Warning 252) (Hint-replay failed): Subtyping check failed; expected type i: Prims.nat{i < FStar.Seq.Base.length (FStar.Seq.Base.append s1 s2)}; got type i: Prims.nat{i < FStar.Seq.Base.length s1} (see also FStar.Seq.Base.fst(30,49-30,61))
FStar.Seq.Properties.fst(37,46-37,61): (Warning 252) (Hint-replay failed): Subtyping check failed; expected type i: Prims.nat{i < FStar.Seq.Base.length (FStar.Seq.Base.append s1 s2)}; got type Prims.int (see also prims.fst(408,17-408,23))
FStar.Seq.Properties.fst(43,2-43,5): (Warning 252) (Hint-replay failed): assertion failed (see also FStar.Seq.Properties.fst(43,6-43,54))
FStar.Seq.Properties.fst(50,2-52,124): (Warning 252) (Hint-replay failed): could not prove post-condition (see also FStar.Seq.Properties.fst(48,21-48,32))
FStar.Seq.Properties.fst(388,2-388,5): (Warning 252) (Hint-replay failed): assertion failed (see also FStar.Seq.Properties.fst(388,6-388,43))
FStar.Seq.Properties.fst(395,2-395,5): (Warning 252) (Hint-replay failed): assertion failed (see also FStar.Seq.Properties.fst(395,6-395,43))
FStar.Seq.Properties.fst(409,46-409,49): (Warning 252) (Hint-replay failed): assertion failed (see also FStar.Seq.Properties.fst(409,50-409,79))
FStar.Seq.Properties.fst(415,45-415,48): (Warning 252) (Hint-replay failed): assertion failed (see also FStar.Seq.Properties.fst(415,49-415,78))
FStar.Seq.Properties.fst(421,40-421,43): (Warning 252) (Hint-replay failed): assertion failed (see also FStar.Seq.Properties.fst(421,44-421,73))
FStar.Seq.Properties.fst(428,2-428,5): (Warning 252) (Hint-replay failed): assertion failed (see also FStar.Seq.Properties.fst(428,6-429,49))
FStar.Seq.Properties.fst(440,2-440,5): (Warning 252) (Hint-replay failed): assertion failed (see also FStar.Seq.Properties.fst(440,6-441,49))
FStar.Seq.Properties.fst(452,39-452,41): (Warning 252) (Hint-replay failed): could not prove post-condition (see also FStar.Seq.Properties.fst(451,11-451,56))
FStar.Seq.Properties.fst(474,2-477,29): (Warning 252) (Hint-replay failed): could not prove post-condition (see also FStar.Seq.Properties.fst(472,20-472,28))
FStar.Seq.Properties.fst(699,86-699,88): (Warning 252) (Hint-replay failed): could not prove post-condition (see also FStar.Seq.Properties.fst(699,58-699,82))
FStar.Seq.Properties.fst(877,2-877,15): (Warning 252) (Hint-replay failed): assertion failed (see also FStar.Seq.Base.fst(227,15-227,28))
FStar.Fin.fst(36,2-51,18): (Warning 252) (Hint-replay failed): could not prove post-condition (see also FStar.Fin.fst(33,41-33,68))
FStar.Fin.fst(36,2-51,18): (Warning 252) (Hint-replay failed): could not prove post-condition (see also FStar.Fin.fst(33,41-33,68))
FStar.HyperStack.ST.fst(183,46-183,48): (Warning 252) (Hint-replay failed): could not prove post-condition (see also FStar.HyperStack.ST.fst(182,72-182,104))
FStar.HyperStack.ST.fst(187,99-187,101): (Warning 252) (Hint-replay failed): could not prove post-condition (see also FStar.HyperStack.ST.fst(148,4-148,70))
FStar.HyperStack.ST.fst(190,49-190,51): (Warning 252) (Hint-replay failed): could not prove post-condition (see also FStar.HyperStack.ST.fst(189,78-189,112))
FStar.HyperStack.ST.fst(195,4-195,6): (Warning 252) (Hint-replay failed): could not prove post-condition (see also FStar.HyperStack.ST.fst(148,4-148,70))
FStar.HyperStack.ST.fst(199,57-199,59): (Warning 252) (Hint-replay failed): could not prove post-condition (see also FStar.HyperStack.ST.fst(198,79-198,115))
FStar.HyperStack.ST.fst(204,4-204,6): (Warning 252) (Hint-replay failed): could not prove post-condition (see also FStar.HyperStack.ST.fst(148,4-148,70))
FStar.HyperStack.ST.fst(208,63-208,65): (Warning 252) (Hint-replay failed): could not prove post-condition (see also FStar.HyperStack.ST.fst(207,85-207,127))
FStar.HyperStack.ST.fst(214,4-214,6): (Warning 252) (Hint-replay failed): could not prove post-condition (see also FStar.HyperStack.ST.fst(148,4-148,70))
FStar.HyperStack.ST.fst(356,4-356,11): (Warning 252) (Hint-replay failed): assertion failed (see also FStar.HyperStack.ST.fst(98,60-98,73))
FStar.HyperStack.ST.fst(366,4-366,11): (Warning 252) (Hint-replay failed): assertion failed (see also FStar.HyperStack.ST.fst(98,60-98,73))
FStar.HyperStack.ST.fst(383,4-383,11): (Warning 252) (Hint-replay failed): assertion failed (see also FStar.HyperStack.ST.fst(98,60-98,73))
FStar.HyperStack.ST.fst(415,4-415,10): (Warning 252) (Hint-replay failed): assertion failed (see also FStar.HyperStack.ST.fst(415,11-415,76))
FStar.HyperStack.ST.fst(434,4-434,11): (Warning 252) (Hint-replay failed): assertion failed (see also FStar.HyperStack.ST.fst(98,60-98,73))
FStar.HyperStack.ST.fst(454,4-454,11): (Warning 252) (Hint-replay failed): assertion failed (see also FStar.HyperStack.ST.fst(98,60-98,73))
FStar.HyperStack.ST.fst(473,4-473,11): (Warning 252) (Hint-replay failed): assertion failed (see also FStar.HyperStack.ST.fst(98,60-98,73))
FStar.HyperStack.ST.fst(512,4-512,10): (Warning 252) (Hint-replay failed): assertion failed (see also FStar.HyperStack.ST.fst(512,11-512,76))
FStar.HyperStack.ST.fst(535,4-535,11): (Warning 252) (Hint-replay failed): assertion failed (see also FStar.HyperStack.ST.fst(98,60-98,73))
FStar.HyperStack.ST.fst(611,4-618,38): (Warning 252) (Hint-replay failed): could not prove post-condition (see also FStar.HyperStack.ST.fst(261,91-261,115))
FStar.HyperStack.ST.fst(638,4-638,14): (Warning 252) (Hint-replay failed): assertion failed (see also FStar.HyperStack.ST.fst(101,76-101,87))
FStar.HyperStack.ST.fst(646,52-646,54): (Warning 252) (Hint-replay failed): Subtyping check failed; expected type Prims.squash (forall (x: c). FStar.HyperStack.ST.witnessed (p' x)); got type Prims.unit (see also FStar.HyperStack.ST.fst(646,32-646,48))
FStar.Monotonic.DependentMap.fst(53,4-53,14): (Warning 252) (Hint-replay failed): assertion failed (see also FStar.HyperStack.ST.fst(609,37-609,41))
FStar.Monotonic.Map.fst(28,2-29,71): (Warning 252) (Hint-replay failed): assertion failed (see also FStar.Preorder.fst(12,40-12,56))
FStar.Monotonic.Map.fst(66,4-66,6): (Warning 252) (Hint-replay failed): could not prove post-condition (see also FStar.HyperStack.ST.fst(605,56-605,60))
FStar.Monotonic.Map.fst(82,6-82,8): (Warning 252) (Hint-replay failed): assertion failed (see also FStar.HyperStack.ST.fst(526,54-526,72))
FStar.Monotonic.Map.fst(105,8-105,18): (Warning 252) (Hint-replay failed): assertion failed (see also FStar.HyperStack.ST.fst(605,56-605,60))
prims.fst(408,13-408,16): (Warning 252) (Hint-replay failed): Subtyping check failed; expected type Prims.eqtype; got type Type0 (see also prims.fst(27,21-27,28))
prims.fst(408,13-408,16): (Warning 252) (Hint-replay failed): Subtyping check failed; expected type Prims.eqtype; got type Type0 (see also prims.fst(27,21-27,28))
prims.fst(408,13-408,16): (Warning 252) (Hint-replay failed): Subtyping check failed; expected type Prims.eqtype; got type Type0 (see also prims.fst(27,21-27,28))
prims.fst(408,13-408,16): (Warning 252) (Hint-replay failed): Subtyping check failed; expected type Prims.eqtype; got type Type0 (see also prims.fst(27,21-27,28))
FStar.BitVector.fst(76,32-76,34): (Warning 252) (Hint-replay failed): could not prove post-condition (see also FStar.BitVector.fst(75,57-75,101))
FStar.BitVector.fst(92,40-92,42): (Warning 252) (Hint-replay failed): could not prove post-condition (see also FStar.BitVector.fst(91,44-91,92))
FStar.BitVector.fst(98,42-98,44): (Warning 252) (Hint-replay failed): could not prove post-condition (see also FStar.BitVector.fst(97,44-97,94))
FStar.BitVector.fst(119,38-119,40): (Warning 252) (Hint-replay failed): could not prove post-condition (see also FStar.BitVector.fst(117,17-117,56))
FStar.BitVector.fst(125,38-125,40): (Warning 252) (Hint-replay failed): could not prove post-condition (see also FStar.BitVector.fst(123,17-123,66))
FStar.BitVector.fst(131,39-131,41): (Warning 252) (Hint-replay failed): could not prove post-condition (see also FStar.BitVector.fst(129,17-129,57))
FStar.BitVector.fst(137,39-137,41): (Warning 252) (Hint-replay failed): could not prove post-condition (see also FStar.BitVector.fst(135,17-135,67))
FStar.Monotonic.Seq.fst(28,4-29,111): (Warning 252) (Hint-replay failed): assertion failed (see also FStar.Preorder.fst(12,40-12,56))
FStar.Monotonic.Seq.fst(41,4-41,6): (Warning 252) (Hint-replay failed): could not prove post-condition (see also FStar.Monotonic.Seq.fst(39,12-39,36))
FStar.Monotonic.Seq.fst(50,4-50,17): (Warning 252) (Hint-replay failed): could not prove post-condition (see also FStar.Monotonic.Seq.fst(47,2-47,18))
FStar.Monotonic.Seq.fst(61,4-61,6): (Warning 252) (Hint-replay failed): could not prove post-condition (see also FStar.HyperStack.ST.fst(605,56-605,60))
FStar.Monotonic.Seq.fst(80,4-80,14): (Warning 252) (Hint-replay failed): assertion failed (see also FStar.HyperStack.ST.fst(609,37-609,41))
FStar.Monotonic.Seq.fst(103,4-103,6): (Warning 252) (Hint-replay failed): could not prove post-condition (see also FStar.HyperStack.ST.fst(605,56-605,60))
FStar.Monotonic.Seq.fst(142,4-142,14): (Warning 252) (Hint-replay failed): assertion failed (see also FStar.HyperStack.ST.fst(609,37-609,41))
FStar.Monotonic.Seq.fst(174,2-174,8): (Warning 252) (Hint-replay failed): assertion failed (see also FStar.Monotonic.Seq.fst(174,9-174,29))
FStar.Monotonic.Seq.fst(207,8-207,11): (Warning 252) (Hint-replay failed): assertion failed (see also FStar.Monotonic.Seq.fst(207,12-207,59))
FStar.Monotonic.Seq.fst(227,2-229,26): (Warning 252) (Hint-replay failed): could not prove post-condition (see also FStar.Monotonic.Seq.fst(223,11-223,50))
FStar.Monotonic.Seq.fst(248,4-248,6): (Warning 252) (Hint-replay failed): could not prove post-condition (see also FStar.Monotonic.Seq.fst(247,8-247,35))
FStar.Monotonic.Seq.fst(260,4-260,6): (Warning 252) (Hint-replay failed): could not prove post-condition (see also FStar.HyperStack.ST.fst(605,56-605,60))
FStar.Monotonic.Seq.fst(274,4-274,6): (Warning 252) (Hint-replay failed): could not prove post-condition (see also FStar.HyperStack.ST.fst(605,56-605,60))
FStar.Monotonic.Seq.fst(303,38-303,44): (Warning 252) (Hint-replay failed): assertion failed (see also FStar.Monotonic.Seq.fst(303,45-303,62))
FStar.Monotonic.Seq.fst(344,4-344,46): (Warning 252) (Hint-replay failed): could not prove post-condition (see also FStar.HyperStack.ST.fst(605,56-605,60))
FStar.Monotonic.Seq.fst(385,4-387,17): (Warning 252) (Hint-replay failed): could not prove post-condition (see also FStar.Monotonic.Seq.fst(380,5-380,25))
FStar.Monotonic.Seq.fst(401,4-404,10): (Warning 252) (Hint-replay failed): could not prove post-condition (see also FStar.Monotonic.Seq.fst(398,3-398,23))
FStar.ModifiesGen.fst(21,7-21,21): (Warning 252) (Hint-replay failed): Subtyping check failed; expected type r: FStar.Monotonic.HyperHeap.rid{FStar.Set.mem r (FStar.Ghost.reveal (Loc?.regions projectee))} ->
Prims.GTot
(y:
FStar.GSet.set Prims.nat
{ FStar.Set.mem r (FStar.Ghost.reveal (Loc?.region_liveness_tags projectee)) ==>
FStar.GSet.subset (FStar.GSet.complement FStar.GSet.empty) y }); got type r: FStar.Monotonic.HyperHeap.rid{FStar.Set.mem r (FStar.Ghost.reveal regions)} ->
Prims.GTot
(y:
FStar.GSet.set Prims.nat
{ FStar.Set.mem r (FStar.Ghost.reveal region_liveness_tags) ==>
FStar.GSet.subset (FStar.GSet.complement FStar.GSet.empty) y }) (see also FStar.ModifiesGen.fst(22,14-22,46))
FStar.ModifiesGen.fst(25,7-25,17): (Warning 252) (Hint-replay failed): Subtyping check failed; expected type r: FStar.Monotonic.HyperHeap.rid{FStar.Set.mem r (FStar.Ghost.reveal (Loc?.regions projectee))} ->
Prims.GTot (y: FStar.GSet.set Prims.nat {FStar.GSet.subset (Loc?.non_live_addrs projectee r) y}); got type r: FStar.Monotonic.HyperHeap.rid{FStar.Set.mem r (FStar.Ghost.reveal regions)} ->
Prims.GTot (y: FStar.GSet.set Prims.nat {FStar.GSet.subset (non_live_addrs r) y}) (see also FStar.ModifiesGen.fst(26,14-26,46))
FStar.ModifiesGen.fst(29,7-29,10): (Warning 252) (Hint-replay failed): Subtyping check failed; expected type aux:
FStar.Ghost.erased (FStar.GSet.set (FStar.ModifiesGen.aloc c))
{ FStar.GSet.subset (FStar.ModifiesGen.aloc_domain c
(Loc?.regions projectee)
(Loc?.live_addrs projectee))
(FStar.Ghost.reveal aux) /\
FStar.GSet.subset (FStar.Ghost.reveal aux)
(FStar.ModifiesGen.aloc_domain c
(Loc?.regions projectee)
(fun _ -> FStar.GSet.complement FStar.GSet.empty)) }; got type aux:
FStar.Ghost.erased (FStar.GSet.set (FStar.ModifiesGen.aloc c))
{ FStar.GSet.subset (FStar.ModifiesGen.aloc_domain c regions live_addrs) (FStar.Ghost.reveal aux) /\
FStar.GSet.subset (FStar.Ghost.reveal aux)
(FStar.ModifiesGen.aloc_domain c regions (fun _ -> FStar.GSet.complement FStar.GSet.empty)) } (see also FStar.ModifiesGen.fst(30,8-30,71))
FStar.ModifiesGen.fst(42,2-42,25): (Warning 252) (Hint-replay failed): Subtyping check failed; expected type aux:
FStar.Ghost.erased (FStar.GSet.set (FStar.ModifiesGen.aloc c))
{ FStar.GSet.subset (FStar.ModifiesGen.aloc_domain c
(FStar.Ghost.hide FStar.Set.empty)
(fun _ -> FStar.GSet.empty))
(FStar.Ghost.reveal aux) /\
FStar.GSet.subset (FStar.Ghost.reveal aux)
(FStar.ModifiesGen.aloc_domain c
(FStar.Ghost.hide FStar.Set.empty)
(fun _ -> FStar.GSet.complement FStar.GSet.empty)) }; got type FStar.Ghost.erased (FStar.GSet.set (FStar.ModifiesGen.aloc c)) (see also FStar.ModifiesGen.fst(30,8-30,71))
FStar.ModifiesGen.fst(81,2-82,62): (Warning 252) (Hint-replay failed): Subtyping check failed; expected type y:
FStar.GSet.set Prims.nat
{ FStar.GSet.subset (FStar.GSet.intersect y (FStar.ModifiesGen.addrs_of_loc_weak l r))
FStar.GSet.empty }; got type FStar.GSet.set Prims.nat (see also FStar.ModifiesGen.fst(80,26-80,91))
FStar.ModifiesGen.fst(104,2-104,4): (Warning 252) (Hint-replay failed): could not prove post-condition (see also FStar.ModifiesGen.fst(98,2-98,90))
FStar.ModifiesGen.fst(114,4-116,75): (Warning 252) (Hint-replay failed): Subtyping check failed; expected type y:
FStar.GSet.set Prims.nat
{ FStar.Set.mem r (FStar.Ghost.reveal region_liveness_tags) ==>
FStar.GSet.subset (FStar.GSet.complement FStar.GSet.empty) y }; got type FStar.GSet.set Prims.nat (see also FStar.ModifiesGen.fst(113,80-113,122))
FStar.ModifiesGen.fst(142,9-142,48): (Warning 252) (Hint-replay failed): assertion failed
FStar.ModifiesGen.fst(157,2-157,4): (Warning 252) (Hint-replay failed): could not prove post-condition (see also FStar.ModifiesGen.fst(155,11-155,21))
FStar.ModifiesGen.fst(160,9-160,38): (Warning 252) (Hint-replay failed): assertion failed
FStar.ModifiesGen.fst(163,9-163,54): (Warning 252) (Hint-replay failed): assertion failed
FStar.ModifiesGen.fst(166,9-166,84): (Warning 252) (Hint-replay failed): assertion failed
FStar.ModifiesGen.fst(169,9-169,45): (Warning 252) (Hint-replay failed): assertion failed
FStar.ModifiesGen.fst(172,9-172,45): (Warning 252) (Hint-replay failed): assertion failed
FStar.ModifiesGen.fst(180,6-180,55): (Warning 252) (Hint-replay failed): Subtyping check failed; expected type aux:
FStar.Ghost.erased (FStar.GSet.set (FStar.ModifiesGen.aloc c))
{ FStar.GSet.subset (FStar.ModifiesGen.aloc_domain c
(FStar.Ghost.hide (FStar.Set.singleton r))
(fun _ -> FStar.GSet.empty))
(FStar.Ghost.reveal aux) /\
FStar.GSet.subset (FStar.Ghost.reveal aux)
(FStar.ModifiesGen.aloc_domain c
(FStar.Ghost.hide (FStar.Set.singleton r))
(fun _ -> FStar.GSet.complement FStar.GSet.empty)) }; got type FStar.Ghost.erased (FStar.GSet.set (FStar.ModifiesGen.aloc c)) (see also FStar.ModifiesGen.fst(30,8-30,71))
FStar.ModifiesGen.fst(206,4-206,53): (Warning 252) (Hint-replay failed): Subtyping check failed; expected type aux:
FStar.Ghost.erased (FStar.GSet.set (FStar.ModifiesGen.aloc c))
{ FStar.GSet.subset (FStar.ModifiesGen.aloc_domain c (FStar.Ghost.hide r) live_addrs)
(FStar.Ghost.reveal aux) /\
FStar.GSet.subset (FStar.Ghost.reveal aux)
(FStar.ModifiesGen.aloc_domain c
(FStar.Ghost.hide r)
(fun _ -> FStar.GSet.complement FStar.GSet.empty)) }; got type FStar.Ghost.erased (FStar.GSet.set (FStar.ModifiesGen.aloc c)) (see also FStar.ModifiesGen.fst(30,8-30,71))
FStar.ModifiesGen.fst(311,9-311,124): (Warning 252) (Hint-replay failed): assertion failed
FStar.ModifiesGen.fst(320,9-320,109): (Warning 252) (Hint-replay failed): assertion failed
FStar.ModifiesGen.fst(343,2-343,51): (Warning 252) (Hint-replay failed): could not prove post-condition (see also FStar.ModifiesGen.fsti(217,2-217,20))
FStar.ModifiesGen.fst(354,2-354,111): (Warning 252) (Hint-replay failed): could not prove post-condition (see also FStar.ModifiesGen.fsti(224,11-224,31))
FStar.ModifiesGen.fst(356,42-356,44): (Warning 252) (Hint-replay failed): could not prove post-condition (see also FStar.ModifiesGen.fsti(231,11-231,45))
FStar.ModifiesGen.fst(366,8-366,14): (Warning 252) (Hint-replay failed): assertion failed (see also FStar.ModifiesGen.fst(366,15-366,50))
FStar.ModifiesGen.fst(373,33-373,35): (Warning 252) (Hint-replay failed): could not prove post-condition (see also FStar.ModifiesGen.fsti(244,2-244,27))
FStar.ModifiesGen.fst(375,43-375,45): (Warning 252) (Hint-replay failed): could not prove post-condition (see also FStar.ModifiesGen.fsti(253,11-253,65))
FStar.ModifiesGen.fst(387,2-387,4): (Warning 252) (Hint-replay failed): could not prove post-condition (see also FStar.ModifiesGen.fst(385,2-385,104))
FStar.ModifiesGen.fst(391,66-391,68): (Warning 252) (Hint-replay failed): could not prove post-condition (see also FStar.ModifiesGen.fsti(275,11-275,81))
FStar.ModifiesGen.fst(395,84-395,86): (Warning 252) (Hint-replay failed): could not prove post-condition (see also FStar.ModifiesGen.fsti(293,11-293,103))
FStar.ModifiesGen.fst(398,2-398,8): (Warning 252) (Hint-replay failed): assertion failed (see also FStar.ModifiesGen.fst(398,9-398,202))
FStar.ModifiesGen.fst(483,2-483,56): (Warning 252) (Hint-replay failed): could not prove post-condition (see also FStar.ModifiesGen.fsti(326,11-326,31))
FStar.ModifiesGen.fst(494,35-494,37): (Warning 252) (Hint-replay failed): could not prove post-condition (see also FStar.ModifiesGen.fsti(332,11-332,36))
FStar.ModifiesGen.fst(496,42-496,44): (Warning 252) (Hint-replay failed): could not prove post-condition (see also FStar.ModifiesGen.fsti(339,11-339,45))
FStar.ModifiesGen.fst(519,2-528,30): (Warning 252) (Hint-replay failed): could not prove post-condition (see also FStar.ModifiesGen.fsti(346,11-346,33))
FStar.ModifiesGen.fst(530,59-530,61): (Warning 252) (Hint-replay failed): could not prove post-condition (see also FStar.ModifiesGen.fsti(358,11-358,65))
FStar.ModifiesGen.fst(548,9-548,165): (Warning 252) (Hint-replay failed): assertion failed
FStar.ModifiesGen.fst(558,14-558,40): (Warning 252) (Hint-replay failed): Subtyping check failed; expected type y: FStar.GSet.set Prims.nat {FStar.GSet.subset FStar.GSet.empty y}; got type FStar.GSet.set Prims.nat (see also FStar.ModifiesGen.fst(27,25-27,57))
FStar.ModifiesGen.fst(561,73-561,75): (Warning 252) (Hint-replay failed): could not prove post-condition (see also FStar.ModifiesGen.fsti(430,2-430,70))
FStar.ModifiesGen.fst(571,4-571,110): (Warning 252) (Hint-replay failed): Subtyping check failed; expected type aux:
FStar.Ghost.erased (FStar.GSet.set (FStar.ModifiesGen.aloc c))
{ FStar.GSet.subset (FStar.ModifiesGen.aloc_domain c
(FStar.Ghost.hide (FStar.Set.complement FStar.Set.empty))
(fun _ -> FStar.GSet.complement FStar.GSet.empty))
(FStar.Ghost.reveal aux) /\
FStar.GSet.subset (FStar.Ghost.reveal aux)
(FStar.ModifiesGen.aloc_domain c
(FStar.Ghost.hide (FStar.Set.complement FStar.Set.empty))
(fun _ -> FStar.GSet.complement FStar.GSet.empty)) }; got type FStar.Ghost.erased (FStar.GSet.set (FStar.ModifiesGen.aloc c)) (see also FStar.ModifiesGen.fst(30,8-30,71))
FStar.ModifiesGen.fst(573,92-573,94): (Warning 252) (Hint-replay failed): could not prove post-condition (see also FStar.ModifiesGen.fsti(438,2-438,91))
FStar.ModifiesGen.fst(575,72-575,74): (Warning 252) (Hint-replay failed): could not prove post-condition (see also FStar.ModifiesGen.fsti(443,2-443,78))
FStar.ModifiesGen.fst(579,78-579,80): (Warning 252) (Hint-replay failed): could not prove post-condition (see also FStar.ModifiesGen.fsti(453,2-453,73))
FStar.ModifiesGen.fst(711,61-711,63): (Warning 252) (Hint-replay failed): could not prove post-condition (see also FStar.ModifiesGen.fsti(106,16-106,35))
FStar.ModifiesGen.fst(848,4-848,9): (Warning 252) assertion failed (see also FStar.ModifiesGen.fst(805,15-805,50))
FStar.ModifiesGen.fst(848,4-848,9): (Warning 252) assertion failed (see also FStar.ModifiesGen.fst(805,15-805,50))
FStar.ModifiesGen.fst(915,55-915,57): (Warning 252) (Hint-replay failed): could not prove post-condition (see also FStar.ModifiesGen.fsti(624,4-624,20))
FStar.ModifiesGen.fst(917,47-917,49): (Warning 252) (Hint-replay failed): could not prove post-condition (see also FStar.ModifiesGen.fsti(640,11-642,3))
FStar.ModifiesGen.fst(920,2-920,73): (Warning 252) (Hint-replay failed): could not prove post-condition (see also FStar.ModifiesGen.fsti(649,2-649,18))
FStar.ModifiesGen.fst(923,2-923,8): (Warning 252) (Hint-replay failed): assertion failed (see also FStar.ModifiesGen.fst(923,9-923,49))
FStar.ModifiesGen.fst(928,62-928,64): (Warning 252) (Hint-replay failed): could not prove post-condition (see also FStar.ModifiesGen.fsti(669,11-669,31))
FStar.ModifiesGen.fst(933,2-933,142): (Warning 252) (Hint-replay failed): could not prove post-condition (see also FStar.ModifiesGen.fsti(681,11-681,31))
FStar.ModifiesGen.fst(939,79-939,81): (Warning 252) (Hint-replay failed): could not prove post-condition (see also FStar.ModifiesGen.fsti(701,11-701,45))
FStar.ModifiesGen.fst(941,72-941,74): (Warning 252) (Hint-replay failed): could not prove post-condition (see also FStar.ModifiesGen.fsti(712,11-712,32))
FStar.ModifiesGen.fst(951,2-951,107): (Warning 252) (Hint-replay failed): could not prove post-condition (see also FStar.ModifiesGen.fst(950,11-950,29))
FStar.ModifiesGen.fst(955,2-955,23): (Warning 252) (Hint-replay failed): assertion failed (see also FStar.ModifiesGen.fsti(657,33-657,51))
FStar.ModifiesGen.fst(983,2-983,8): (Warning 252) (Hint-replay failed): assertion failed (see also FStar.ModifiesGen.fst(983,9-983,48))
FStar.ModifiesGen.fst(999,4-999,122): (Warning 252) (Hint-replay failed): Subtyping check failed; expected type aux:
FStar.Ghost.erased (FStar.GSet.set (FStar.ModifiesGen.aloc c))
{ FStar.GSet.subset (FStar.ModifiesGen.aloc_domain c
(FStar.Ghost.hide (FStar.Set.intersect (FStar.Ghost.reveal regions) rs))
(fun r -> live_addrs r))
(FStar.Ghost.reveal aux) /\
FStar.GSet.subset (FStar.Ghost.reveal aux)
(FStar.ModifiesGen.aloc_domain c
(FStar.Ghost.hide (FStar.Set.intersect (FStar.Ghost.reveal regions) rs))
(fun _ -> FStar.GSet.complement FStar.GSet.empty)) }; got type FStar.Ghost.erased (FStar.GSet.set (FStar.ModifiesGen.aloc c)) (see also FStar.ModifiesGen.fst(30,8-30,71))
FStar.ModifiesGen.fst(1018,2-1018,8): (Warning 252) (Hint-replay failed): assertion failed (see also FStar.ModifiesGen.fst(1018,9-1018,131))
FStar.ModifiesGen.fst(1028,2-1028,8): (Warning 252) (Hint-replay failed): assertion failed (see also FStar.ModifiesGen.fst(1028,9-1028,121))
FStar.ModifiesGen.fst(1036,2-1036,55): (Warning 252) (Hint-replay failed): could not prove post-condition (see also FStar.ModifiesGen.fst(1035,2-1035,45))
FStar.ModifiesGen.fst(1044,2-1044,4): (Warning 252) (Hint-replay failed): could not prove post-condition (see also FStar.ModifiesGen.fst(1043,2-1043,98))
FStar.ModifiesGen.fst(1052,2-1052,55): (Warning 252) (Hint-replay failed): could not prove post-condition (see also FStar.ModifiesGen.fst(1051,2-1051,66))
FStar.ModifiesGen.fst(1066,2-1066,20): (Warning 252) (Hint-replay failed): assertion failed (see also FStar.ModifiesGen.fsti(223,35-223,53))
FStar.ModifiesGen.fst(1094,4-1094,10): (Warning 252) (Hint-replay failed): assertion failed (see also FStar.ModifiesGen.fst(1094,11-1094,102))
FStar.ModifiesGen.fst(1108,2-1108,17): (Warning 252) (Hint-replay failed): assertion failed (see also FStar.ModifiesGen.fst(949,13-949,29))
FStar.ModifiesGen.fst(1127,2-1127,8): (Warning 252) (Hint-replay failed): assertion failed (see also FStar.ModifiesGen.fst(1127,9-1127,76))
FStar.ModifiesGen.fst(1182,68-1182,70): (Warning 252) (Hint-replay failed): could not prove post-condition (see also FStar.ModifiesGen.fsti(106,16-106,35))
FStar.ModifiesGen.fst(1189,68-1189,70): (Warning 252) (Hint-replay failed): could not prove post-condition (see also FStar.ModifiesGen.fsti(106,16-106,35))
FStar.ModifiesGen.fst(1197,80-1197,82): (Warning 252) (Hint-replay failed): could not prove post-condition (see also FStar.ModifiesGen.fsti(106,16-106,35))
FStar.ModifiesGen.fst(1202,2-1206,28): (Warning 252) (Hint-replay failed): could not prove post-condition (see also FStar.ModifiesGen.fsti(837,11-837,44))
FStar.ModifiesGen.fst(1211,14-1211,16): (Warning 252) (Hint-replay failed): could not prove post-condition (see also FStar.ModifiesGen.fsti(470,13-470,34))
FStar.ModifiesGen.fst(1231,47-1231,49): (Warning 252) (Hint-replay failed): could not prove post-condition (see also FStar.ModifiesGen.fsti(899,11-901,3))
FStar.ModifiesGen.fst(1233,47-1233,49): (Warning 252) (Hint-replay failed): could not prove post-condition (see also FStar.ModifiesGen.fsti(915,11-915,34))
FStar.ModifiesGen.fst(1248,2-1248,8): (Warning 252) (Hint-replay failed): assertion failed (see also FStar.ModifiesGen.fst(1248,76-1248,95))
FStar.ModifiesGen.fst(1297,9-1297,41): (Warning 252) (Hint-replay failed): Subtyping check failed; expected type y: FStar.GSet.set Prims.nat {FStar.GSet.subset (non_live_addrs' r') y}; got type FStar.GSet.set Prims.nat (see also FStar.ModifiesGen.fst(1295,83-1295,117))
FStar.ModifiesGen.fst(1328,2-1328,8): (Warning 252) (Hint-replay failed): assertion failed (see also FStar.ModifiesGen.fst(1328,9-1328,116))
FStar.ModifiesGen.fst(1340,2-1340,8): (Warning 252) (Hint-replay failed): assertion failed (see also FStar.ModifiesGen.fst(1340,9-1340,106))
FStar.ModifiesGen.fst(1351,2-1351,104): (Warning 252) (Hint-replay failed): could not prove post-condition (see also FStar.ModifiesGen.fst(1350,11-1350,58))
FStar.ModifiesGen.fst(1363,2-1363,4): (Warning 252) (Hint-replay failed): could not prove post-condition (see also FStar.ModifiesGen.fst(1362,11-1362,116))
FStar.ModifiesGen.fst(1662,4-1662,21): (Warning 252) (Hint-replay failed): Subtyping check failed; expected type aux:
FStar.Ghost.erased (FStar.GSet.set (FStar.ModifiesGen.aloc (FStar.ModifiesGen.cls_union c)))
{ FStar.GSet.subset (FStar.ModifiesGen.aloc_domain (FStar.ModifiesGen.cls_union c)
regions
live_addrs)
(FStar.Ghost.reveal aux) /\
FStar.GSet.subset (FStar.Ghost.reveal aux)
(FStar.ModifiesGen.aloc_domain (FStar.ModifiesGen.cls_union c)
regions
(fun _ -> FStar.GSet.complement FStar.GSet.empty)) }; got type FStar.Ghost.erased (FStar.GSet.set (FStar.ModifiesGen.aloc (FStar.ModifiesGen.cls_union c))) (see also FStar.ModifiesGen.fst(30,8-30,71))
FStar.ModifiesGen.fst(1662,4-1662,21): (Warning 252) Subtyping check failed; expected type aux:
FStar.Ghost.erased (FStar.GSet.set (FStar.ModifiesGen.aloc (FStar.ModifiesGen.cls_union c)))
{ FStar.GSet.subset (FStar.ModifiesGen.aloc_domain (FStar.ModifiesGen.cls_union c)
regions
live_addrs)
(FStar.Ghost.reveal aux) /\
FStar.GSet.subset (FStar.Ghost.reveal aux)
(FStar.ModifiesGen.aloc_domain (FStar.ModifiesGen.cls_union c)
regions
(fun _ -> FStar.GSet.complement FStar.GSet.empty)) }; got type FStar.Ghost.erased (FStar.GSet.set (FStar.ModifiesGen.aloc (FStar.ModifiesGen.cls_union c))) (see also FStar.ModifiesGen.fst(31,1-31,93))
FStar.ModifiesGen.fst(1716,2-1716,4): (Warning 252) (Hint-replay failed): could not prove post-condition (see also FStar.ModifiesGen.fst(1714,2-1714,73))
FStar.ModifiesGen.fst(1719,9-1719,112): (Warning 252) (Hint-replay failed): assertion failed
FStar.ModifiesGen.fst(1724,9-1724,171): (Warning 252) (Hint-replay failed): assertion failed
FStar.ModifiesGen.fst(1732,9-1732,157): (Warning 252) (Hint-replay failed): assertion failed
FStar.ModifiesGen.fst(1746,2-1746,8): (Warning 252) (Hint-replay failed): assertion failed (see also FStar.ModifiesGen.fst(1747,4-1747,62))
FStar.ModifiesGen.fst(1780,4-1780,37): (Warning 252) (Hint-replay failed): could not prove post-condition
FStar.ModifiesGen.fst(1838,87-1838,128): (Warning 252) (Hint-replay failed): Subtyping check failed; expected type al b (ALoc?.region xs) (ALoc?.addr xs); got type al (FStar.ModifiesGen.bool_of_cls_union_aloc (Some?.v (ALoc?.loc xs)))
(ALoc?.region xs)
(ALoc?.addr xs) (see also FStar.ModifiesGen.fst(1516,11-1829,4))
FStar.ModifiesGen.fst(1884,2-1884,8): (Warning 252) (Hint-replay failed): assertion failed (see also FStar.ModifiesGen.fst(1884,9-1884,39))
FStar.ModifiesGen.fst(1916,8-1916,14): (Warning 252) (Hint-replay failed): assertion failed (see also FStar.ModifiesGen.fst(1916,15-1916,71))
FStar.ModifiesGen.fst(1937,2-1937,8): (Warning 252) (Hint-replay failed): assertion failed (see also FStar.ModifiesGen.fst(1937,9-1937,52))
FStar.ModifiesGen.fst(1956,4-1956,10): (Warning 252) assertion failed (see also FStar.ModifiesGen.fst(1965,8-1965,36))
FStar.ModifiesGen.fst(1956,4-1956,10): (Warning 252) assertion failed (see also FStar.ModifiesGen.fst(1965,8-1965,36))
FStar.ModifiesGen.fst(1984,4-1984,21): (Warning 252) (Hint-replay failed): Subtyping check failed; expected type aux:
FStar.Ghost.erased (FStar.GSet.set (FStar.ModifiesGen.aloc (c b)))
{ FStar.GSet.subset (FStar.ModifiesGen.aloc_domain (c b) regions live_addrs)
(FStar.Ghost.reveal aux) /\
FStar.GSet.subset (FStar.Ghost.reveal aux)
(FStar.ModifiesGen.aloc_domain (c b) regions (fun _ -> FStar.GSet.complement FStar.GSet.empty)
) }; got type FStar.Ghost.erased (FStar.GSet.set (FStar.ModifiesGen.aloc (c b))) (see also FStar.ModifiesGen.fst(30,8-30,71))
FStar.ModifiesGen.fst(1987,9-1987,68): (Warning 252) (Hint-replay failed): assertion failed
FStar.ModifiesGen.fst(1990,9-1990,65): (Warning 252) (Hint-replay failed): assertion failed
FStar.ModifiesGen.fst(1993,9-1993,119): (Warning 252) (Hint-replay failed): assertion failed
FStar.ModifiesGen.fst(1999,9-1999,113): (Warning 252) (Hint-replay failed): assertion failed
FStar.ModifiesGen.fst(2050,4-2050,61): (Warning 252) (Hint-replay failed): Subtyping check failed; expected type aux:
FStar.Ghost.erased (FStar.GSet.set (FStar.ModifiesGen.aloc (FStar.ModifiesGen.raise_cls c)))
{ FStar.GSet.subset (FStar.ModifiesGen.aloc_domain (FStar.ModifiesGen.raise_cls c)
regions
live_addrs)
(FStar.Ghost.reveal aux) /\
FStar.GSet.subset (FStar.Ghost.reveal aux)
(FStar.ModifiesGen.aloc_domain (FStar.ModifiesGen.raise_cls c)
regions
(fun _ -> FStar.GSet.complement FStar.GSet.empty)) }; got type FStar.Ghost.erased (FStar.GSet.set (FStar.ModifiesGen.aloc (FStar.ModifiesGen.raise_cls c))) (see also FStar.ModifiesGen.fst(30,8-30,71))
FStar.ModifiesGen.fst(2056,9-2056,98): (Warning 252) (Hint-replay failed): assertion failed
FStar.ModifiesGen.fst(2062,9-2062,112): (Warning 252) (Hint-replay failed): assertion failed
FStar.ModifiesGen.fst(2069,2-2069,8): (Warning 252) (Hint-replay failed): assertion failed (see also FStar.ModifiesGen.fst(2069,43-2069,145))
FStar.ModifiesGen.fst(2080,2-2080,8): (Warning 252) (Hint-replay failed): assertion failed (see also FStar.ModifiesGen.fst(2080,43-2080,145))
FStar.ModifiesGen.fst(2091,2-2091,8): (Warning 252) (Hint-replay failed): assertion failed (see also FStar.ModifiesGen.fst(2091,43-2091,143))
FStar.ModifiesGen.fst(2119,4-2119,61): (Warning 252) (Hint-replay failed): Subtyping check failed; expected type aux:
FStar.Ghost.erased (FStar.GSet.set (FStar.ModifiesGen.aloc c))
{ FStar.GSet.subset (FStar.ModifiesGen.aloc_domain c regions live_addrs) (FStar.Ghost.reveal aux) /\
FStar.GSet.subset (FStar.Ghost.reveal aux)
(FStar.ModifiesGen.aloc_domain c regions (fun _ -> FStar.GSet.complement FStar.GSet.empty)) }; got type FStar.Ghost.erased (FStar.GSet.set (FStar.ModifiesGen.aloc c)) (see also FStar.ModifiesGen.fst(30,8-30,71))
FStar.ModifiesGen.fst(2122,9-2122,56): (Warning 252) (Hint-replay failed): assertion failed
FStar.ModifiesGen.fst(2125,9-2125,48): (Warning 252) (Hint-replay failed): assertion failed
FStar.ModifiesGen.fst(2131,9-2131,98): (Warning 252) (Hint-replay failed): assertion failed
FStar.ModifiesGen.fst(2137,9-2137,112): (Warning 252) (Hint-replay failed): assertion failed
make[3]: Target 'verify-core' not remade because of errors.
make[2]: *** [Makefile:12: all] Error 2
make[1]: *** [Makefile:175: fstarlib] Error 2
make: *** [Makefile:158: utest-prelude] Error 2
Command exited with non-zero status 2
10.90user 39.64system 16:46.39elapsed 5%CPU (0avgtext+0avgdata 1227143680maxresident)k
0inputs+0outputs (5027885major+0minor)pagefaults 0swaps
