make: *** [Makefile:78: extracted/Makefile.include] Error 1
make: *** Waiting for unfinished jobs....
make: *** [Makefile:84: uint128/Makefile.include] Error 1
dos2unix: converting file parser/parse.fsi to Unix format...
Warning: you are using the standard library and/or the %inline keyword. We
recommend switching on --infer in order to avoid obscure type error messages.
warning: CRLF will be replaced by LF in src/parser/parse.fsy.
The file will have its original line endings in your working directory.
cp: cannot stat './_build/src/ocaml-output/FStar_Tests_Pars.cmx': No such file or directory
LowStar.Monotonic.Buffer.fst(1011,37-1011,48): (Error 12) Expected type "Type0"; but "LowStar.Monotonic.Buffer.frameOf b" has type "FStar.Monotonic.HyperHeap.rid"
LowStar.Monotonic.Buffer.fst(1011,53-1011,54): (Error 92) Inconsistent implicit qualifier;  vs #
for bvar r#1702868 and term _
2 errors were reported (see above)
make[4]: *** [Makefile.extract:11: LowStar.Monotonic.Buffer.fst.checked.lax] Error 1
make[4]: Target 'all-ml' not remade because of errors.
make[3]: *** [Makefile:32: fstarlib.mgen] Error 2
make[3]: Target 'install-fstarlib' not remade because of errors.
make[2]: *** [Makefile:2: all] Error 2
make[1]: *** [Makefile:191: fstarlib] Error 2
make: *** [Makefile:176: utest-prelude] Error 2
Command exited with non-zero status 2
11.45user 37.81system 4:43.35elapsed 17%CPU (0avgtext+0avgdata 15812316maxresident)k
0inputs+0outputs (4156469major+0minor)pagefaults 0swaps
