make: *** [Makefile:78: extracted/Makefile.include] Error 1
make: *** Waiting for unfinished jobs....
make: *** [Makefile:84: uint128/Makefile.include] Error 1
dos2unix: converting file parser/parse.fsi to Unix format...
Warning: you are using the standard library and/or the %inline keyword. We
recommend switching on --infer in order to avoid obscure type error messages.
C:/build/agent2/_work/2/s/ulib/FStar.Seq.Base.fst(59,28-59,35): (Warning 288) FStar.Seq.Base.of_list is deprecated, use seq_of_list instead
C:/build/agent2/_work/2/s/ulib/FStar.Seq.Base.fst(60,27-60,34): (Warning 288) FStar.Seq.Base.of_list is deprecated, use seq_of_list instead
C:/build/agent2/_work/2/s/ulib/FStar.Seq.Base.fst(64,27-64,34): (Warning 288) FStar.Seq.Base.of_list is deprecated, use seq_of_list instead
C:/build/agent2/_work/2/s/ulib/FStar.Seq.Base.fst(65,26-65,33): (Warning 288) FStar.Seq.Base.of_list is deprecated, use seq_of_list instead
C:/build/agent2/_work/2/s/ulib/FStar.Seq.Properties.fst(937,33-937,40): (Warning 288) FStar.Seq.Base.of_list is deprecated, use seq_of_list instead
C:/build/agent2/_work/2/s/ulib/FStar.Seq.Properties.fst(938,55-938,62): (Warning 288) FStar.Seq.Base.of_list is deprecated, use seq_of_list instead
C:/build/agent2/_work/2/s/ulib/FStar.Seq.Properties.fst(938,30-938,37): (Warning 288) FStar.Seq.Base.of_list is deprecated, use seq_of_list instead
C:/build/agent2/_work/2/s/ulib/FStar.Seq.Properties.fst(940,53-940,60): (Warning 288) FStar.Seq.Base.of_list is deprecated, use seq_of_list instead
C:/build/agent2/_work/2/s/ulib/FStar.Seq.Properties.fst(945,34-945,41): (Warning 288) FStar.Seq.Base.of_list is deprecated, use seq_of_list instead
warning: CRLF will be replaced by LF in src/parser/parse.fsy.
The file will have its original line endings in your working directory.
FStar.Seq.Base.fst(59,28-59,35): (Warning 288) FStar.Seq.Base.of_list is deprecated, use seq_of_list instead
FStar.Seq.Base.fst(60,27-60,34): (Warning 288) FStar.Seq.Base.of_list is deprecated, use seq_of_list instead
FStar.Seq.Base.fst(64,27-64,34): (Warning 288) FStar.Seq.Base.of_list is deprecated, use seq_of_list instead
FStar.Seq.Base.fst(65,26-65,33): (Warning 288) FStar.Seq.Base.of_list is deprecated, use seq_of_list instead
FStar.Seq.Properties.fst(937,33-937,40): (Warning 288) FStar.Seq.Base.of_list is deprecated, use seq_of_list instead
FStar.Seq.Properties.fst(938,55-938,62): (Warning 288) FStar.Seq.Base.of_list is deprecated, use seq_of_list instead
FStar.Seq.Properties.fst(938,30-938,37): (Warning 288) FStar.Seq.Base.of_list is deprecated, use seq_of_list instead
FStar.Seq.Properties.fst(940,53-940,60): (Warning 288) FStar.Seq.Base.of_list is deprecated, use seq_of_list instead
FStar.Seq.Properties.fst(945,34-945,41): (Warning 288) FStar.Seq.Base.of_list is deprecated, use seq_of_list instead
LowStar.Buffer.fsti(1794,23-1794,30): (Warning 288) FStar.Seq.Base.of_list is deprecated, use seq_of_list instead
LowStar.Buffer.fsti(1812,23-1812,30): (Warning 288) FStar.Seq.Base.of_list is deprecated, use seq_of_list instead
LowStar.BufferCompat.fst(92,23-92,30): (Warning 288) FStar.Seq.Base.of_list is deprecated, use seq_of_list instead
FStar.Buffer.fst(829,27-829,34): (Warning 288) FStar.Seq.Base.of_list is deprecated, use seq_of_list instead
FStar.Buffer.fst(835,14-835,21): (Warning 288) FStar.Seq.Base.of_list is deprecated, use seq_of_list instead
FStar.Buffer.fst(837,16-837,23): (Warning 288) FStar.Seq.Base.of_list is deprecated, use seq_of_list instead
FStar.Buffer.fst(1437,23-1437,30): (Warning 288) FStar.Seq.Base.of_list is deprecated, use seq_of_list instead
FStar.Buffer.fst(1453,35-1453,42): (Warning 288) FStar.Seq.Base.of_list is deprecated, use seq_of_list instead
FStar.Buffer.fst(1455,32-1455,39): (Warning 288) FStar.Seq.Base.of_list is deprecated, use seq_of_list instead
LowStar.Buffer.fsti(1794,23-1794,30): (Warning 288) FStar.Seq.Base.of_list is deprecated, use seq_of_list instead
LowStar.Buffer.fst(1090,14-1090,21): (Warning 288) FStar.Seq.Base.of_list is deprecated, use seq_of_list instead
LowStar.Buffer.fsti(1812,23-1812,30): (Warning 288) FStar.Seq.Base.of_list is deprecated, use seq_of_list instead
LowStar.Buffer.fst(1099,14-1099,21): (Warning 288) FStar.Seq.Base.of_list is deprecated, use seq_of_list instead
FStar.List.Tot.Properties.fst(858,2-858,37): (Warning 252) (Hint-replay failed): could not prove post-condition (see also FStar.List.Tot.Properties.fst(856,12-856,18))
FStar.List.Tot.Properties.fst(858,2-858,37): (Warning 252) could not prove post-condition (see also FStar.List.Tot.Properties.fst(856,12-856,18))
FStar.List.Tot.Properties.fst(887,2-888,24): (Warning 252) (Hint-replay failed): could not prove post-condition (see also FStar.List.Tot.Properties.fst(886,12-886,18))
FStar.Seq.Base.fst(59,28-59,35): (Warning 288) FStar.Seq.Base.of_list is deprecated, use seq_of_list instead
FStar.Seq.Base.fst(60,27-60,34): (Warning 288) FStar.Seq.Base.of_list is deprecated, use seq_of_list instead
FStar.Seq.Base.fst(64,27-64,34): (Warning 288) FStar.Seq.Base.of_list is deprecated, use seq_of_list instead
FStar.Seq.Base.fst(65,26-65,33): (Warning 288) FStar.Seq.Base.of_list is deprecated, use seq_of_list instead
FStar.OrdSet.fst(48,16-48,18): (Warning 252) (Hint-replay failed): Subtyping check failed; expected type Prims.eqtype; got type Type (see also prims.fst(27,21-27,28))
FStar.Monotonic.HyperStack.fst(373,4-373,33): (Warning 252) (Hint-replay failed): assertion failed (see also FStar.Monotonic.HyperStack.fst(38,12-41,66))
FStar.Monotonic.HyperStack.fst(373,4-373,33): (Warning 252) (Hint-replay failed): assertion failed (see also FStar.Monotonic.HyperStack.fst(38,12-41,66))
FStar.Seq.Properties.fst(937,33-937,40): (Warning 288) FStar.Seq.Base.of_list is deprecated, use seq_of_list instead
FStar.Seq.Properties.fst(938,55-938,62): (Warning 288) FStar.Seq.Base.of_list is deprecated, use seq_of_list instead
FStar.Seq.Properties.fst(938,30-938,37): (Warning 288) FStar.Seq.Base.of_list is deprecated, use seq_of_list instead
FStar.Seq.Properties.fst(940,53-940,60): (Warning 288) FStar.Seq.Base.of_list is deprecated, use seq_of_list instead
FStar.Seq.Properties.fst(945,34-945,41): (Warning 288) FStar.Seq.Base.of_list is deprecated, use seq_of_list instead
FStar.Seq.Properties.fst(474,2-477,29): (Warning 252) (Hint-replay failed): could not prove post-condition (see also FStar.Seq.Properties.fst(472,20-472,28))
FStar.Fin.fst(36,2-51,18): (Warning 252) (Hint-replay failed): could not prove post-condition (see also FStar.Fin.fst(33,41-33,68))
FStar.Fin.fst(36,2-51,18): (Warning 252) (Hint-replay failed): could not prove post-condition (see also FStar.Fin.fst(33,41-33,68))
FStar.Integers.fst(440,5-454,43): (Warning 252) (Hint-replay failed): Patterns are incomplete
LowStar.Buffer.fsti(1794,23-1794,30): (Warning 288) FStar.Seq.Base.of_list is deprecated, use seq_of_list instead
LowStar.Buffer.fsti(1812,23-1812,30): (Warning 288) FStar.Seq.Base.of_list is deprecated, use seq_of_list instead
LowStar.BufferCompat.fst(92,23-92,30): (Warning 288) FStar.Seq.Base.of_list is deprecated, use seq_of_list instead
FStar.Buffer.fst(829,27-829,34): (Warning 288) FStar.Seq.Base.of_list is deprecated, use seq_of_list instead
FStar.Buffer.fst(835,14-835,21): (Warning 288) FStar.Seq.Base.of_list is deprecated, use seq_of_list instead
FStar.Buffer.fst(837,16-837,23): (Warning 288) FStar.Seq.Base.of_list is deprecated, use seq_of_list instead
FStar.Buffer.fst(1437,23-1437,30): (Warning 288) FStar.Seq.Base.of_list is deprecated, use seq_of_list instead
FStar.Buffer.fst(1453,35-1453,42): (Warning 288) FStar.Seq.Base.of_list is deprecated, use seq_of_list instead
FStar.Buffer.fst(1455,32-1455,39): (Warning 288) FStar.Seq.Base.of_list is deprecated, use seq_of_list instead
FStar.Buffer.fst(65,4-65,10): (Warning 252) (Hint-replay failed): Subtyping check failed; expected type Prims.nat; got type FStar.UInt.uint_t FStar.UInt32.n (see also prims.fst(408,17-408,23))
FStar.Tactics.Typeclasses.fst(79,4-124,16): (Warning 252) (Hint-replay failed): Patterns are incomplete
FStar.Tactics.Typeclasses.fst(79,4-124,16): (Warning 252) (Hint-replay failed): Patterns are incomplete
LowStar.BufferView.fst(79,31-79,33): (Warning 252) (Hint-replay failed): Subtyping check failed; expected type FStar.Seq.Properties.lseq (FStar.Pervasives.dfst vb)
(LowStar.Buffer.length (LowStar.BufferView.as_buffer vb)); got type FStar.Seq.Base.seq (FStar.Pervasives.dfst vb) (see also FStar.Seq.Properties.fst(24,19-24,36))
LowStar.BufferView.fst(84,4-98,24): (Warning 252) (Hint-replay failed): could not prove post-condition (see also LowStar.BufferView.fst(82,11-82,41))
LowStar.BufferView.fst(156,38-156,40): (Warning 252) (Hint-replay failed): Subtyping check failed; expected type FStar.Seq.Properties.lseq (FStar.Pervasives.dfst vb)
(LowStar.Buffer.length (LowStar.BufferView.as_buffer vb)); got type FStar.Seq.Base.seq (FStar.Pervasives.dfst vb) (see also FStar.Seq.Properties.fst(24,19-24,36))
FStar.Reflection.Arith.fst(116,30-116,32): (Warning 252) (Hint-replay failed): Subtyping check failed; expected type t: FStar.Reflection.Types.term{t << t}; got type FStar.Reflection.Types.term (see also FStar.Reflection.Arith.fst(110,4-153,14))
FStar.Reflection.Arith.fst(116,30-116,32): (Warning 252) Subtyping check failed; expected type t: FStar.Reflection.Types.term{t << t}; got type FStar.Reflection.Types.term (see also FStar.Reflection.Arith.fst(110,4-153,14))
FStar.Reflection.Arith.fst(116,30-116,32): (Warning 252) Subtyping check failed; expected type t: FStar.Reflection.Types.term{t << t}; got type FStar.Reflection.Types.term (see also FStar.Reflection.Arith.fst(110,4-153,14))
FStar.BufferNG.fst(165,24-165,31): (Warning 288) FStar.Seq.Base.of_list is deprecated, use seq_of_list instead
FStar.BufferNG.fst(174,14-174,21): (Warning 288) FStar.Seq.Base.of_list is deprecated, use seq_of_list instead
LowStar.ToFStarBuffer.fst(208,2-216,112): (Warning 252) (Hint-replay failed): could not prove post-condition (see also LowStar.ToFStarBuffer.fst(206,2-206,102))
LowStar.ToFStarBuffer.fst(221,2-224,66): (Warning 252) (Hint-replay failed): could not prove post-condition (see also LowStar.ToFStarBuffer.fst(219,2-219,104))
LowStar.ToFStarBuffer.fst(229,2-232,62): (Warning 252) (Hint-replay failed): could not prove post-condition (see also LowStar.ToFStarBuffer.fst(227,2-227,96))
LowStar.ToFStarBuffer.fst(256,2-256,4): (Warning 252) (Hint-replay failed): could not prove post-condition (see also LowStar.ToFStarBuffer.fst(255,11-255,51))
LowStar.ToFStarBuffer.fst(266,2-266,4): (Warning 252) (Hint-replay failed): could not prove post-condition (see also LowStar.ToFStarBuffer.fst(265,11-265,90))
LowStar.ToFStarBuffer.fst(285,2-286,19): (Warning 252) (Hint-replay failed): could not prove post-condition (see also LowStar.ToFStarBuffer.fst(281,13-281,49))
LowStar.ToFStarBuffer.fst(325,2-327,40): (Warning 252) (Hint-replay failed): could not prove post-condition (see also LowStar.ToFStarBuffer.fst(316,4-316,44))
LowStar.ToFStarBuffer.fst(341,2-342,19): (Warning 252) (Hint-replay failed): could not prove post-condition (see also LowStar.ToFStarBuffer.fst(337,4-337,42))
(Warning 252) (Hint-replay failed): could not prove post-condition
LowStar.Buffer.fsti(1794,23-1794,30): (Warning 288) FStar.Seq.Base.of_list is deprecated, use seq_of_list instead
LowStar.Buffer.fst(1090,14-1090,21): (Warning 288) FStar.Seq.Base.of_list is deprecated, use seq_of_list instead
LowStar.Buffer.fsti(1812,23-1812,30): (Warning 288) FStar.Seq.Base.of_list is deprecated, use seq_of_list instead
LowStar.Buffer.fst(1099,14-1099,21): (Warning 288) FStar.Seq.Base.of_list is deprecated, use seq_of_list instead
LowStar.Buffer.fst(129,27-129,29): (Warning 252) (Hint-replay failed): could not prove post-condition (see also LowStar.Buffer.fsti(233,11-233,40))
LowStar.Buffer.fst(931,2-934,166): (Warning 252) (Hint-replay failed): could not prove post-condition (see also LowStar.Buffer.fsti(1512,11-1512,46))
LowStar.Buffer.fst(937,2-940,166): (Warning 252) (Hint-replay failed): could not prove post-condition (see also LowStar.Buffer.fsti(1520,53-1520,86))
LowStar.Buffer.fst(953,4-953,23): (Warning 252) (Hint-replay failed): assertion failed (see also LowStar.Buffer.fst(704,72-704,162))
LowStar.Buffer.fst(1000,4-1000,23): (Warning 252) (Hint-replay failed): assertion failed (see also LowStar.Buffer.fst(830,12-830,32))
LowStar.Buffer.fst(1012,2-1012,21): (Warning 252) (Hint-replay failed): assertion failed (see also LowStar.Buffer.fst(830,12-830,32))
LowStar.Buffer.fst(1026,2-1029,166): (Warning 252) (Hint-replay failed): could not prove post-condition (see also LowStar.Buffer.fsti(1652,11-1652,54))
LowStar.Buffer.fst(1049,2-1049,31): (Warning 252) (Hint-replay failed): could not prove post-condition (see also LowStar.Buffer.fsti(1680,4-1680,41))
LowStar.Buffer.fst(1068,2-1073,3): (Warning 252) (Hint-replay failed): could not prove post-condition (see also LowStar.Buffer.fsti(1712,2-1712,25))
LowStar.Buffer.fst(1082,2-1086,3): (Warning 252) (Hint-replay failed): could not prove post-condition (see also LowStar.Buffer.fsti(1712,2-1712,25))
LowStar.Buffer.fst(1089,2-1095,3): (Warning 252) (Hint-replay failed): could not prove post-condition (see also LowStar.Buffer.fsti(1712,2-1712,25))
LowStar.Buffer.fst(1098,2-1104,3): (Warning 252) (Hint-replay failed): could not prove post-condition (see also LowStar.Buffer.fsti(1712,2-1712,25))
LowStar.Buffer.fst(1000,4-1000,23): (Error 19) assertion failed (see also LowStar.Buffer.fst(830,12-830,32))
Verified module: LowStar.Buffer (184422 milliseconds)
1 error was reported (see above)
make[3]: *** [gmake/Makefile.tmpl:29: LowStar.Buffer.fst.checked] Error 1
FStar.ModifiesGen.fst(501,35-501,37): (Warning 252) (Hint-replay failed): could not prove post-condition (see also FStar.ModifiesGen.fsti(357,11-357,36))
FStar.ModifiesGen.fst(547,91-547,93): (Warning 252) (Hint-replay failed): could not prove post-condition (see also FStar.ModifiesGen.fsti(415,11-415,67))
FStar.ModifiesGen.fst(551,78-551,80): (Warning 252) (Hint-replay failed): could not prove post-condition (see also FStar.ModifiesGen.fsti(439,24-439,42))
FStar.ModifiesGen.fst(906,20-906,25): (Warning 252) (Hint-replay failed): assertion failed (see also FStar.ModifiesGen.fsti(599,15-599,55))
FStar.ModifiesGen.fst(922,55-922,57): (Warning 252) (Hint-replay failed): could not prove post-condition (see also FStar.ModifiesGen.fsti(649,4-649,20))
FStar.ModifiesGen.fst(940,2-940,8): (Warning 252) (Hint-replay failed): assertion failed (see also FStar.ModifiesGen.fst(940,57-940,141))
FStar.ModifiesGen.fst(946,79-946,81): (Warning 252) (Hint-replay failed): could not prove post-condition (see also FStar.ModifiesGen.fsti(726,11-726,45))
FStar.ModifiesGen.fst(948,72-948,74): (Warning 252) (Hint-replay failed): could not prove post-condition (see also FStar.ModifiesGen.fsti(737,11-737,32))
FStar.ModifiesGen.fst(990,2-991,117): (Warning 252) (Hint-replay failed): could not prove post-condition (see also FStar.ModifiesGen.fst(989,11-989,28))
FStar.ModifiesGen.fst(1219,20-1219,22): (Warning 252) (Hint-replay failed): could not prove post-condition (see also FStar.ModifiesGen.fsti(503,34-503,59))
FStar.ModifiesGen.fst(1304,9-1304,41): (Warning 252) (Hint-replay failed): Subtyping check failed; expected type y: FStar.GSet.set Prims.nat {FStar.GSet.subset (non_live_addrs' r') y}; got type FStar.GSet.set Prims.nat (see also FStar.ModifiesGen.fst(1302,83-1302,117))
FStar.ModifiesGen.fst(1483,2-1483,64): (Warning 252) (Hint-replay failed): could not prove post-condition (see also FStar.ModifiesGen.fsti(979,12-979,71))
FStar.ModifiesGen.fst(1751,2-1761,39): (Warning 252) (Hint-replay failed): could not prove post-condition (see also FStar.ModifiesGen.fst(1750,11-1750,84))
FStar.ModifiesGen.fst(1787,41-1787,60): (Warning 252) (Hint-replay failed): could not prove post-condition
FStar.ModifiesGen.fst(1883,2-1891,39): (Warning 252) (Hint-replay failed): could not prove post-condition (see also FStar.ModifiesGen.fst(1882,11-1882,42))
FStar.ModifiesGen.fst(1993,4-1993,21): (Warning 252) (Hint-replay failed): Subtyping check failed; expected type aux:
FStar.Ghost.erased (FStar.GSet.set (FStar.ModifiesGen.aloc (c b)))
{ FStar.GSet.subset (FStar.ModifiesGen.aloc_domain (c b) regions live_addrs)
(FStar.Ghost.reveal aux) /\
FStar.GSet.subset (FStar.Ghost.reveal aux)
(FStar.ModifiesGen.aloc_domain (c b) regions (fun _ -> FStar.GSet.complement FStar.GSet.empty)
) }; got type FStar.Ghost.erased (FStar.GSet.set (FStar.ModifiesGen.aloc (c b))) (see also FStar.ModifiesGen.fst(30,8-30,71))
FStar.ModifiesGen.fst(2002,9-2002,119): (Warning 252) (Hint-replay failed): assertion failed
FStar.ModifiesGen.fst(2005,9-2005,121): (Warning 252) (Hint-replay failed): assertion failed
FStar.ModifiesGen.fst(2076,2-2082,167): (Warning 252) (Hint-replay failed): could not prove post-condition (see also FStar.ModifiesGen.fsti(1134,2-1134,78))
make[3]: Target 'verify-core' not remade because of errors.
make[2]: *** [Makefile:12: all] Error 2
make[1]: *** [Makefile:188: fstarlib] Error 2
make: *** [Makefile:171: utest-prelude] Error 2
Command exited with non-zero status 2
12.57user 47.75system 12:17.96elapsed 8%CPU (0avgtext+0avgdata 1375148288maxresident)k
0inputs+0outputs (5632339major+0minor)pagefaults 0swaps
