From https://github.com/mitls/hacl-star
34124de7..455cbab5  joonwonc_merkle_tree -> origin/joonwonc_merkle_tree
From https://github.com/project-everest/vale
+ cf97117...9850873 gugavaro_test -> origin/gugavaro_test  (forced update)
make: *** [Makefile:78: extracted/Makefile.include] Error 1
make: *** Waiting for unfinished jobs....
make: *** [Makefile:84: uint128/Makefile.include] Error 1
dos2unix: converting file parser/parse.fsi to Unix format...
Warning: you are using the standard library and/or the %inline keyword. We
recommend switching on --infer in order to avoid obscure type error messages.
warning: CRLF will be replaced by LF in src/parser/parse.fsy.
The file will have its original line endings in your working directory.
FStar.Monotonic.Witnessed.fst(292,47-292,49): (Warning 252) (Hint-replay failed): could not prove post-condition (see also FStar.Monotonic.Witnessed.fsti(28,70-28,85))
FStar.Monotonic.Witnessed.fst(296,44-296,70): (Warning 252) (Hint-replay failed): could not prove post-condition (see also FStar.Monotonic.Witnessed.fsti(35,39-35,74))
FStar.Monotonic.Witnessed.fst(298,42-298,44): (Warning 252) (Hint-replay failed): could not prove post-condition (see also FStar.Monotonic.Witnessed.fsti(40,37-40,100))
FStar.Monotonic.Witnessed.fst(303,6-303,95): (Warning 252) (Hint-replay failed): could not prove post-condition (see also FStar.Monotonic.Witnessed.fst(302,30-302,67))
FStar.Monotonic.Witnessed.fst(307,40-307,42): (Warning 252) (Hint-replay failed): could not prove post-condition (see also FStar.Monotonic.Witnessed.fsti(52,75-52,110))
FStar.Monotonic.Witnessed.fst(312,6-312,15): (Warning 252) (Hint-replay failed): assertion failed (see also FStar.Monotonic.Witnessed.fst(106,50-106,55))
FStar.Monotonic.Witnessed.fst(319,6-319,18): (Warning 252) (Hint-replay failed): assertion failed (see also FStar.Monotonic.Witnessed.fst(211,63-211,83))
FStar.Monotonic.Witnessed.fst(323,45-323,47): (Warning 252) (Hint-replay failed): could not prove post-condition (see also FStar.Monotonic.Witnessed.fsti(70,74-70,114))
FStar.List.Tot.Base.fst(265,10-265,12): (Warning 252) (Hint-replay failed): Subtyping check failed; expected type m:
Prims.list a
{ forall (u28291: FStar.Pervasives.Native.option (x: Prims.unit{Prims.hasEq a})).
FStar.List.Tot.Base.mem_filter_spec f m u28291 }; got type Prims.list a (see also FStar.List.Tot.Base.fst(263,86-263,107))
FStar.List.Tot.Base.fst(275,2-277,4): (Warning 252) (Hint-replay failed): could not prove post-condition (see also FStar.List.Tot.Base.fst(273,11-273,16))
FStar.List.Tot.Base.fst(265,10-265,12): (Warning 252) (Hint-replay failed): Subtyping check failed; expected type m:
Prims.list a
{ forall (u63400: FStar.Pervasives.Native.option (x: Prims.unit{Prims.hasEq a})).
FStar.List.Tot.Base.mem_filter_spec f m u63400 }; got type Prims.list a (see also FStar.List.Tot.Base.fst(263,86-263,107))
FStar.Relational.Comp.fst(48,34-48,68): (Warning 252) (Hint-replay failed): assertion failed (see also FStar.Pervasives.fst(36,2-36,33))
FStar.List.Tot.Properties.fst(858,2-858,37): (Warning 252) (Hint-replay failed): could not prove post-condition (see also FStar.List.Tot.Properties.fst(856,12-856,18))
FStar.List.Tot.Properties.fst(858,2-858,37): (Warning 252) could not prove post-condition (see also FStar.List.Tot.Properties.fst(856,12-856,18))
FStar.List.Tot.Properties.fst(887,2-888,24): (Warning 252) (Hint-replay failed): could not prove post-condition (see also FStar.List.Tot.Properties.fst(886,12-886,18))
FStar.OrdSet.fst(48,16-48,18): (Warning 252) (Hint-replay failed): Subtyping check failed; expected type Prims.eqtype; got type Type0 (see also prims.fst(27,22-27,29))
FStar.Monotonic.HyperStack.fst(106,4-106,6): (Warning 252) (Hint-replay failed): could not prove post-condition (see also FStar.Monotonic.HyperStack.fst(105,12-105,46))
FStar.Monotonic.HyperStack.fst(113,4-113,6): (Warning 252) (Hint-replay failed): could not prove post-condition (see also FStar.Monotonic.HyperStack.fst(47,18-47,51))
FStar.Monotonic.HyperStack.fst(121,4-121,6): (Warning 252) (Hint-replay failed): could not prove post-condition (see also FStar.Monotonic.HyperStack.fst(119,19-119,41))
FStar.Monotonic.HyperStack.fst(134,4-134,6): (Warning 252) (Hint-replay failed): could not prove post-condition (see also FStar.Monotonic.HyperStack.fst(129,20-129,76))
FStar.Monotonic.HyperStack.fst(142,4-142,6): (Warning 252) (Hint-replay failed): could not prove post-condition (see also FStar.Monotonic.HyperStack.fst(141,9-141,59))
FStar.Monotonic.HyperStack.fst(154,4-154,6): (Warning 252) (Hint-replay failed): could not prove post-condition (see also FStar.Monotonic.HyperStack.fst(151,19-151,69))
FStar.Monotonic.HyperStack.fst(165,4-165,6): (Warning 252) (Hint-replay failed): could not prove post-condition (see also FStar.Monotonic.HyperStack.fst(164,106-164,142))
FStar.Monotonic.HyperStack.fst(181,4-181,25): (Warning 252) (Hint-replay failed): could not prove post-condition (see also FStar.Monotonic.HyperStack.fst(180,19-180,45))
FStar.Monotonic.HyperStack.fst(307,55-307,57): (Warning 252) (Hint-replay failed): could not prove post-condition (see also FStar.Monotonic.HyperStack.fst(306,17-306,31))
FStar.Monotonic.HyperStack.fst(373,4-373,33): (Warning 252) (Hint-replay failed): assertion failed (see also FStar.Monotonic.HyperStack.fst(38,12-41,66))
FStar.Monotonic.HyperStack.fst(433,6-433,8): (Warning 252) (Hint-replay failed): could not prove post-condition (see also FStar.Monotonic.HyperStack.fst(432,13-432,48))
FStar.Monotonic.HyperStack.fst(517,5-517,7): (Warning 252) (Hint-replay failed): could not prove post-condition (see also FStar.Monotonic.HyperStack.fst(516,11-516,35))
FStar.Monotonic.HyperStack.fst(373,4-373,33): (Warning 252) (Hint-replay failed): assertion failed (see also FStar.Monotonic.HyperStack.fst(38,12-41,66))
FStar.Seq.Properties.fst(478,2-481,29): (Warning 252) (Hint-replay failed): could not prove post-condition (see also FStar.Seq.Properties.fst(476,20-476,28))
FStar.Fin.fst(36,2-51,18): (Warning 252) (Hint-replay failed): could not prove post-condition (see also FStar.Fin.fst(33,41-33,68))
FStar.Fin.fst(36,2-51,18): (Warning 252) (Hint-replay failed): could not prove post-condition (see also FStar.Fin.fst(33,41-33,68))
FStar.HyperStack.ST.fst(183,46-183,48): (Warning 252) (Hint-replay failed): could not prove post-condition (see also FStar.HyperStack.ST.fst(182,72-182,104))
FStar.HyperStack.ST.fst(187,99-187,101): (Warning 252) (Hint-replay failed): could not prove post-condition (see also FStar.HyperStack.ST.fst(148,4-148,70))
FStar.HyperStack.ST.fst(190,49-190,51): (Warning 252) (Hint-replay failed): could not prove post-condition (see also FStar.HyperStack.ST.fst(189,78-189,112))
FStar.HyperStack.ST.fst(195,4-195,6): (Warning 252) (Hint-replay failed): could not prove post-condition (see also FStar.HyperStack.ST.fst(148,4-148,70))
FStar.HyperStack.ST.fst(199,57-199,59): (Warning 252) (Hint-replay failed): could not prove post-condition (see also FStar.HyperStack.ST.fst(198,79-198,115))
FStar.HyperStack.ST.fst(204,4-204,6): (Warning 252) (Hint-replay failed): could not prove post-condition (see also FStar.HyperStack.ST.fst(148,4-148,70))
FStar.HyperStack.ST.fst(208,63-208,65): (Warning 252) (Hint-replay failed): could not prove post-condition (see also FStar.HyperStack.ST.fst(207,85-207,127))
FStar.HyperStack.ST.fst(214,4-214,6): (Warning 252) (Hint-replay failed): could not prove post-condition (see also FStar.HyperStack.ST.fst(148,4-148,70))
FStar.HyperStack.ST.fst(616,4-623,38): (Warning 252) (Hint-replay failed): could not prove post-condition (see also FStar.HyperStack.ST.fst(261,91-261,115))
FStar.HyperStack.ST.fst(643,4-643,14): (Warning 252) (Hint-replay failed): assertion failed (see also FStar.HyperStack.ST.fst(101,76-101,87))
FStar.HyperStack.ST.fst(651,52-651,54): (Warning 252) (Hint-replay failed): Subtyping check failed; expected type Prims.squash (forall (x: c). FStar.HyperStack.ST.witnessed (p' x)); got type Prims.unit (see also FStar.HyperStack.ST.fst(651,32-651,48))
FStar.Monotonic.Map.fst(28,2-29,71): (Warning 252) (Hint-replay failed): assertion failed (see also FStar.Preorder.fst(12,40-12,56))
FStar.Monotonic.Map.fst(66,4-66,6): (Warning 252) (Hint-replay failed): could not prove post-condition (see also FStar.HyperStack.ST.fst(610,56-610,60))
FStar.Monotonic.Map.fst(82,6-82,8): (Warning 252) (Hint-replay failed): assertion failed (see also FStar.HyperStack.ST.fst(531,54-531,72))
FStar.Monotonic.Map.fst(105,8-105,18): (Warning 252) (Hint-replay failed): assertion failed (see also FStar.HyperStack.ST.fst(610,56-610,60))
FStar.Monotonic.Seq.fst(28,4-29,111): (Warning 252) (Hint-replay failed): assertion failed (see also FStar.Preorder.fst(12,40-12,56))
FStar.Monotonic.Seq.fst(41,4-41,6): (Warning 252) (Hint-replay failed): could not prove post-condition (see also FStar.Monotonic.Seq.fst(39,12-39,36))
FStar.Monotonic.Seq.fst(61,4-61,6): (Warning 252) (Hint-replay failed): could not prove post-condition (see also FStar.HyperStack.ST.fst(610,56-610,60))
FStar.Monotonic.Seq.fst(103,4-103,6): (Warning 252) (Hint-replay failed): could not prove post-condition (see also FStar.HyperStack.ST.fst(610,56-610,60))
FStar.Monotonic.Seq.fst(248,4-248,6): (Warning 252) (Hint-replay failed): could not prove post-condition (see also FStar.Monotonic.Seq.fst(247,8-247,35))
FStar.Monotonic.Seq.fst(260,4-260,6): (Warning 252) (Hint-replay failed): could not prove post-condition (see also FStar.HyperStack.ST.fst(610,56-610,60))
FStar.Monotonic.Seq.fst(274,4-274,6): (Warning 252) (Hint-replay failed): could not prove post-condition (see also FStar.HyperStack.ST.fst(610,56-610,60))
FStar.Monotonic.Seq.fst(303,38-303,44): (Warning 252) (Hint-replay failed): assertion failed (see also FStar.Monotonic.Seq.fst(303,45-303,62))
FStar.Monotonic.Seq.fst(344,4-344,46): (Warning 252) (Hint-replay failed): could not prove post-condition (see also FStar.HyperStack.ST.fst(610,56-610,60))
FStar.Integers.fst(414,5-428,43): (Warning 252) (Hint-replay failed): Patterns are incomplete
FStar.Integers.fst(440,5-454,43): (Warning 252) (Hint-replay failed): Patterns are incomplete
LowStar.BufferView.fst(79,31-79,33): (Warning 252) (Hint-replay failed): Subtyping check failed; expected type FStar.Seq.Properties.lseq (FStar.Pervasives.dfst vb)
(LowStar.Monotonic.Buffer.length (LowStar.BufferView.as_buffer vb)); got type FStar.Seq.Base.seq (FStar.Pervasives.dfst vb) (see also FStar.Seq.Properties.fst(24,19-24,36))
LowStar.BufferView.fst(84,4-98,24): (Warning 252) (Hint-replay failed): could not prove post-condition (see also LowStar.BufferView.fst(82,11-82,41))
LowStar.BufferView.fst(156,38-156,40): (Warning 252) (Hint-replay failed): Subtyping check failed; expected type FStar.Seq.Properties.lseq (FStar.Pervasives.dfst vb)
(LowStar.Monotonic.Buffer.length (LowStar.BufferView.as_buffer vb)); got type FStar.Seq.Base.seq (FStar.Pervasives.dfst vb) (see also FStar.Seq.Properties.fst(24,19-24,36))
FStar.Tactics.Typeclasses.fst(76,4-121,16): (Warning 252) (Hint-replay failed): Patterns are incomplete
FStar.Tactics.Typeclasses.fst(76,4-121,16): (Warning 252) (Hint-replay failed): Patterns are incomplete
FStar.ConstantTime.Integers.fst(35,30-35,32): (Warning 252) (Hint-replay failed): could not prove post-condition (see also FStar.ConstantTime.Integers.fsti(51,10-51,42))
FStar.Buffer.fst(65,4-65,10): (Warning 252) (Hint-replay failed): Subtyping check failed; expected type Prims.nat; got type FStar.UInt.uint_t FStar.UInt32.n (see also prims.fst(408,17-408,23))
FStar.Reflection.Arith.fst(116,30-116,32): (Warning 252) (Hint-replay failed): Subtyping check failed; expected type t: FStar.Reflection.Types.term{t << t}; got type FStar.Reflection.Types.term (see also FStar.Reflection.Arith.fst(110,4-153,14))
FStar.Reflection.Arith.fst(116,30-116,32): (Warning 252) Subtyping check failed; expected type t: FStar.Reflection.Types.term{t << t}; got type FStar.Reflection.Types.term (see also FStar.Reflection.Arith.fst(110,4-153,14))
FStar.Reflection.Arith.fst(116,30-116,32): (Warning 252) Subtyping check failed; expected type t: FStar.Reflection.Types.term{t << t}; got type FStar.Reflection.Types.term (see also FStar.Reflection.Arith.fst(110,4-153,14))
(Warning 252) (Hint-replay failed): assertion failed
FStar.Printf.fst(179,21-179,98): (Warning 252) (Hint-replay failed): Subtyping check failed; expected type (match
let FStar.Pervasives.Native.Some v =
match FStar.String.list_of_string s with
| [] -> FStar.Pervasives.Native.Some []
| ['%'] -> FStar.Pervasives.Native.None
| '%' :: 'u' :: s' ->
(match s' with
| 'y' :: s'' ->
(match FStar.Printf.parse_format s'' FStar.Printf.no_extensions with
| FStar.Pervasives.Native.None  -> FStar.Pervasives.Native.None
| FStar.Pervasives.Native.Some ds ->
FStar.Pervasives.Native.Some (FStar.Printf.Arg (FStar.Printf.U8) :: ds))
<:
Prims.Tot (FStar.Pervasives.Native.option (Prims.list FStar.Printf.dir))
| 's' :: s'' ->
(match FStar.Printf.parse_format s'' FStar.Printf.no_extensions with
| FStar.Pervasives.Native.None  -> FStar.Pervasives.Native.None
| FStar.Pervasives.Native.Some ds ->
FStar.Pervasives.Native.Some (FStar.Printf.Arg (FStar.Printf.U16) :: ds))
<:
Prims.Tot (FStar.Pervasives.Native.option (Prims.list FStar.Printf.dir))
| 'l' :: s'' ->
(match FStar.Printf.parse_format s'' FStar.Printf.no_extensions with
| FStar.Pervasives.Native.None  -> FStar.Pervasives.Native.None
| FStar.Pervasives.Native.Some ds ->
FStar.Pervasives.Native.Some (FStar.Printf.Arg (FStar.Printf.U32) :: ds))
<:
Prims.Tot (FStar.Pervasives.Native.option (Prims.list FStar.Printf.dir))
| 'L' :: s'' ->
(match FStar.Printf.parse_format s'' FStar.Printf.no_extensions with
| FStar.Pervasives.Native.None  -> FStar.Pervasives.Native.None
| FStar.Pervasives.Native.Some ds ->
FStar.Pervasives.Native.Some (FStar.Printf.Arg (FStar.Printf.U64) :: ds))
<:
Prims.Tot (FStar.Pervasives.Native.option (Prims.list FStar.Printf.dir))
| _ -> FStar.Pervasives.Native.None)
<:
FStar.Pervasives.Native.option (Prims.list FStar.Printf.dir)
| '%' :: 'X' :: s' ->
(match FStar.Printf.no_extensions s' with
| FStar.Pervasives.Native.Some (ext, rest) ->
(match FStar.Printf.parse_format rest FStar.Printf.no_extensions with
| FStar.Pervasives.Native.None  -> FStar.Pervasives.Native.None
| FStar.Pervasives.Native.Some ds ->
FStar.Pervasives.Native.Some (FStar.Printf.Arg (FStar.Printf.Extension ext) :: ds))
<:
Prims.Tot (FStar.Pervasives.Native.option (Prims.list FStar.Printf.dir))
| _ -> FStar.Pervasives.Native.None)
<:
FStar.Pervasives.Native.option (Prims.list FStar.Printf.dir)
| '%' :: c :: s' ->
(match c with
| '%' ->
(match FStar.Printf.parse_format s' FStar.Printf.no_extensions with
| FStar.Pervasives.Native.None  -> FStar.Pervasives.Native.None
| FStar.Pervasives.Native.Some ds ->
FStar.Pervasives.Native.Some (FStar.Printf.Lit '%' :: ds))
<:
Prims.Tot (FStar.Pervasives.Native.option (Prims.list FStar.Printf.dir))
| 'b' ->
(match FStar.Printf.parse_format s' FStar.Printf.no_extensions with
| FStar.Pervasives.Native.None  -> FStar.Pervasives.Native.None
| FStar.Pervasives.Native.Some ds ->
FStar.Pervasives.Native.Some (FStar.Printf.Arg (FStar.Printf.Bool) :: ds))
<:
Prims.Tot (FStar.Pervasives.Native.option (Prims.list FStar.Printf.dir))
| 'd' ->
(match FStar.Printf.parse_format s' FStar.Printf.no_extensions with
| FStar.Pervasives.Native.None  -> FStar.Pervasives.Native.None
| FStar.Pervasives.Native.Some ds ->
FStar.Pervasives.Native.Some (FStar.Printf.Arg (FStar.Printf.Int) :: ds))
<:
Prims.Tot (FStar.Pervasives.Native.option (Prims.list FStar.Printf.dir))
| 'c' ->
(match FStar.Printf.parse_format s' FStar.Printf.no_extensions with
| FStar.Pervasives.Native.None  -> FStar.Pervasives.Native.None
| FStar.Pervasives.Native.Some ds ->
FStar.Pervasives.Native.Some (FStar.Printf.Arg (FStar.Printf.Char) :: ds))
<:
Prims.Tot (FStar.Pervasives.Native.option (Prims.list FStar.Printf.dir))
| 's' ->
(match FStar.Printf.parse_format s' FStar.Printf.no_extensions with
| FStar.Pervasives.Native.None  -> FStar.Pervasives.Native.None
| FStar.Pervasives.Native.Some ds ->
FStar.Pervasives.Native.Some (FStar.Printf.Arg (FStar.Printf.String) :: ds))
<:
Prims.Tot (FStar.Pervasives.Native.option (Prims.list FStar.Printf.dir))
| 'y' ->
(match FStar.Printf.parse_format s' FStar.Printf.no_extensions with
| FStar.Pervasives.Native.None  -> FStar.Pervasives.Native.None
| FStar.Pervasives.Native.Some ds ->
FStar.Pervasives.Native.Some (FStar.Printf.Arg (FStar.Printf.I8) :: ds))
<:
Prims.Tot (FStar.Pervasives.Native.option (Prims.list FStar.Printf.dir))
| 'i' ->
(match FStar.Printf.parse_format s' FStar.Printf.no_extensions with
| FStar.Pervasives.Native.None  -> FStar.Pervasives.Native.None
| FStar.Pervasives.Native.Some ds ->
FStar.Pervasives.Native.Some (FStar.Printf.Arg (FStar.Printf.I16) :: ds))
<:
Prims.Tot (FStar.Pervasives.Native.option (Prims.list FStar.Printf.dir))
| 'l' ->
(match FStar.Printf.parse_format s' FStar.Printf.no_extensions with
| FStar.Pervasives.Native.None  -> FStar.Pervasives.Native.None
| FStar.Pervasives.Native.Some ds ->
FStar.Pervasives.Native.Some (FStar.Printf.Arg (FStar.Printf.I32) :: ds))
<:
Prims.Tot (FStar.Pervasives.Native.option (Prims.list FStar.Printf.dir))
| 'L' ->
(match FStar.Printf.parse_format s' FStar.Printf.no_extensions with
| FStar.Pervasives.Native.None  -> FStar.Pervasives.Native.None
| FStar.Pervasives.Native.Some ds ->
FStar.Pervasives.Native.Some (FStar.Printf.Arg (FStar.Printf.I64) :: ds))
<:
Prims.Tot (FStar.Pervasives.Native.option (Prims.list FStar.Printf.dir))
| _ -> FStar.Pervasives.Native.None)
<:
FStar.Pervasives.Native.option (Prims.list FStar.Printf.dir)
| c :: s' ->
(match FStar.Printf.parse_format s' FStar.Printf.no_extensions with
| FStar.Pervasives.Native.None  -> FStar.Pervasives.Native.None
| FStar.Pervasives.Native.Some ds ->
FStar.Pervasives.Native.Some (FStar.Printf.Lit c :: ds))
<:
Prims.Tot (FStar.Pervasives.Native.option (Prims.list FStar.Printf.dir))
in
v
with
| [] -> Prims.string
| FStar.Printf.Lit _ :: ds' -> FStar.Printf.dir_type ds'
| FStar.Printf.Arg a :: ds' -> _: FStar.Printf.arg_type a -> Prims.Tot (FStar.Printf.dir_type ds')
)
<:
Type0; got type FStar.Printf.dir_type (Some?.v (FStar.Printf.parse_format_string s FStar.Printf.no_extensions))
FStar.Printf.fst(190,21-190,94): (Warning 252) (Hint-replay failed): Subtyping check failed; expected type (match
let FStar.Pervasives.Native.Some v =
match FStar.String.list_of_string s with
| [] -> FStar.Pervasives.Native.Some []
| ['%'] -> FStar.Pervasives.Native.None
| '%' :: 'u' :: s' ->
(match s' with
| 'y' :: s'' ->
(match FStar.Printf.parse_format s'' parse_ext with
| FStar.Pervasives.Native.None  -> FStar.Pervasives.Native.None
| FStar.Pervasives.Native.Some ds ->
FStar.Pervasives.Native.Some (FStar.Printf.Arg (FStar.Printf.U8) :: ds))
<:
Prims.Tot (FStar.Pervasives.Native.option (Prims.list FStar.Printf.dir))
| 's' :: s'' ->
(match FStar.Printf.parse_format s'' parse_ext with
| FStar.Pervasives.Native.None  -> FStar.Pervasives.Native.None
| FStar.Pervasives.Native.Some ds ->
FStar.Pervasives.Native.Some (FStar.Printf.Arg (FStar.Printf.U16) :: ds))
<:
Prims.Tot (FStar.Pervasives.Native.option (Prims.list FStar.Printf.dir))
| 'l' :: s'' ->
(match FStar.Printf.parse_format s'' parse_ext with
| FStar.Pervasives.Native.None  -> FStar.Pervasives.Native.None
| FStar.Pervasives.Native.Some ds ->
FStar.Pervasives.Native.Some (FStar.Printf.Arg (FStar.Printf.U32) :: ds))
<:
Prims.Tot (FStar.Pervasives.Native.option (Prims.list FStar.Printf.dir))
| 'L' :: s'' ->
(match FStar.Printf.parse_format s'' parse_ext with
| FStar.Pervasives.Native.None  -> FStar.Pervasives.Native.None
| FStar.Pervasives.Native.Some ds ->
FStar.Pervasives.Native.Some (FStar.Printf.Arg (FStar.Printf.U64) :: ds))
<:
Prims.Tot (FStar.Pervasives.Native.option (Prims.list FStar.Printf.dir))
| _ -> FStar.Pervasives.Native.None)
<:
FStar.Pervasives.Native.option (Prims.list FStar.Printf.dir)
| '%' :: 'X' :: s' ->
(match parse_ext s' with
| FStar.Pervasives.Native.Some (ext, rest) ->
(match FStar.Printf.parse_format rest parse_ext with
| FStar.Pervasives.Native.None  -> FStar.Pervasives.Native.None
| FStar.Pervasives.Native.Some ds ->
FStar.Pervasives.Native.Some (FStar.Printf.Arg (FStar.Printf.Extension ext) :: ds))
<:
Prims.Tot (FStar.Pervasives.Native.option (Prims.list FStar.Printf.dir))
| _ -> FStar.Pervasives.Native.None)
<:
FStar.Pervasives.Native.option (Prims.list FStar.Printf.dir)
| '%' :: c :: s' ->
(match c with
| '%' ->
(match FStar.Printf.parse_format s' parse_ext with
| FStar.Pervasives.Native.None  -> FStar.Pervasives.Native.None
| FStar.Pervasives.Native.Some ds ->
FStar.Pervasives.Native.Some (FStar.Printf.Lit '%' :: ds))
<:
Prims.Tot (FStar.Pervasives.Native.option (Prims.list FStar.Printf.dir))
| 'b' ->
(match FStar.Printf.parse_format s' parse_ext with
| FStar.Pervasives.Native.None  -> FStar.Pervasives.Native.None
| FStar.Pervasives.Native.Some ds ->
FStar.Pervasives.Native.Some (FStar.Printf.Arg (FStar.Printf.Bool) :: ds))
<:
Prims.Tot (FStar.Pervasives.Native.option (Prims.list FStar.Printf.dir))
| 'd' ->
(match FStar.Printf.parse_format s' parse_ext with
| FStar.Pervasives.Native.None  -> FStar.Pervasives.Native.None
| FStar.Pervasives.Native.Some ds ->
FStar.Pervasives.Native.Some (FStar.Printf.Arg (FStar.Printf.Int) :: ds))
<:
Prims.Tot (FStar.Pervasives.Native.option (Prims.list FStar.Printf.dir))
| 'c' ->
(match FStar.Printf.parse_format s' parse_ext with
| FStar.Pervasives.Native.None  -> FStar.Pervasives.Native.None
| FStar.Pervasives.Native.Some ds ->
FStar.Pervasives.Native.Some (FStar.Printf.Arg (FStar.Printf.Char) :: ds))
<:
Prims.Tot (FStar.Pervasives.Native.option (Prims.list FStar.Printf.dir))
| 's' ->
(match FStar.Printf.parse_format s' parse_ext with
| FStar.Pervasives.Native.None  -> FStar.Pervasives.Native.None
| FStar.Pervasives.Native.Some ds ->
FStar.Pervasives.Native.Some (FStar.Printf.Arg (FStar.Printf.String) :: ds))
<:
Prims.Tot (FStar.Pervasives.Native.option (Prims.list FStar.Printf.dir))
| 'y' ->
(match FStar.Printf.parse_format s' parse_ext with
| FStar.Pervasives.Native.None  -> FStar.Pervasives.Native.None
| FStar.Pervasives.Native.Some ds ->
FStar.Pervasives.Native.Some (FStar.Printf.Arg (FStar.Printf.I8) :: ds))
<:
Prims.Tot (FStar.Pervasives.Native.option (Prims.list FStar.Printf.dir))
| 'i' ->
(match FStar.Printf.parse_format s' parse_ext with
| FStar.Pervasives.Native.None  -> FStar.Pervasives.Native.None
| FStar.Pervasives.Native.Some ds ->
FStar.Pervasives.Native.Some (FStar.Printf.Arg (FStar.Printf.I16) :: ds))
<:
Prims.Tot (FStar.Pervasives.Native.option (Prims.list FStar.Printf.dir))
| 'l' ->
(match FStar.Printf.parse_format s' parse_ext with
| FStar.Pervasives.Native.None  -> FStar.Pervasives.Native.None
| FStar.Pervasives.Native.Some ds ->
FStar.Pervasives.Native.Some (FStar.Printf.Arg (FStar.Printf.I32) :: ds))
<:
Prims.Tot (FStar.Pervasives.Native.option (Prims.list FStar.Printf.dir))
| 'L' ->
(match FStar.Printf.parse_format s' parse_ext with
| FStar.Pervasives.Native.None  -> FStar.Pervasives.Native.None
| FStar.Pervasives.Native.Some ds ->
FStar.Pervasives.Native.Some (FStar.Printf.Arg (FStar.Printf.I64) :: ds))
<:
Prims.Tot (FStar.Pervasives.Native.option (Prims.list FStar.Printf.dir))
| _ -> FStar.Pervasives.Native.None)
<:
FStar.Pervasives.Native.option (Prims.list FStar.Printf.dir)
| c :: s' ->
(match FStar.Printf.parse_format s' parse_ext with
| FStar.Pervasives.Native.None  -> FStar.Pervasives.Native.None
| FStar.Pervasives.Native.Some ds ->
FStar.Pervasives.Native.Some (FStar.Printf.Lit c :: ds))
<:
Prims.Tot (FStar.Pervasives.Native.option (Prims.list FStar.Printf.dir))
in
v
with
| [] -> Prims.string
| FStar.Printf.Lit _ :: ds' -> FStar.Printf.dir_type ds'
| FStar.Printf.Arg a :: ds' -> _: FStar.Printf.arg_type a -> Prims.Tot (FStar.Printf.dir_type ds')
)
<:
Type0; got type FStar.Printf.dir_type (Some?.v (FStar.Printf.parse_format_string s parse_ext))
(Warning 252) (Hint-replay failed): assertion failed
FStar.Printf.fst(179,21-179,98): (Warning 252) (Hint-replay failed): Subtyping check failed; expected type (match
let FStar.Pervasives.Native.Some v =
match FStar.String.list_of_string s with
| [] -> FStar.Pervasives.Native.Some []
| ['%'] -> FStar.Pervasives.Native.None
| '%' :: 'u' :: s' ->
(match s' with
| 'y' :: s'' ->
(match FStar.Printf.parse_format s'' FStar.Printf.no_extensions with
| FStar.Pervasives.Native.None  -> FStar.Pervasives.Native.None
| FStar.Pervasives.Native.Some ds ->
FStar.Pervasives.Native.Some (FStar.Printf.Arg (FStar.Printf.U8) :: ds))
<:
Prims.Tot (FStar.Pervasives.Native.option (Prims.list FStar.Printf.dir))
| 's' :: s'' ->
(match FStar.Printf.parse_format s'' FStar.Printf.no_extensions with
| FStar.Pervasives.Native.None  -> FStar.Pervasives.Native.None
| FStar.Pervasives.Native.Some ds ->
FStar.Pervasives.Native.Some (FStar.Printf.Arg (FStar.Printf.U16) :: ds))
<:
Prims.Tot (FStar.Pervasives.Native.option (Prims.list FStar.Printf.dir))
| 'l' :: s'' ->
(match FStar.Printf.parse_format s'' FStar.Printf.no_extensions with
| FStar.Pervasives.Native.None  -> FStar.Pervasives.Native.None
| FStar.Pervasives.Native.Some ds ->
FStar.Pervasives.Native.Some (FStar.Printf.Arg (FStar.Printf.U32) :: ds))
<:
Prims.Tot (FStar.Pervasives.Native.option (Prims.list FStar.Printf.dir))
| 'L' :: s'' ->
(match FStar.Printf.parse_format s'' FStar.Printf.no_extensions with
| FStar.Pervasives.Native.None  -> FStar.Pervasives.Native.None
| FStar.Pervasives.Native.Some ds ->
FStar.Pervasives.Native.Some (FStar.Printf.Arg (FStar.Printf.U64) :: ds))
<:
Prims.Tot (FStar.Pervasives.Native.option (Prims.list FStar.Printf.dir))
| _ -> FStar.Pervasives.Native.None)
<:
FStar.Pervasives.Native.option (Prims.list FStar.Printf.dir)
| '%' :: 'X' :: s' ->
(match FStar.Printf.no_extensions s' with
| FStar.Pervasives.Native.Some (ext, rest) ->
(match FStar.Printf.parse_format rest FStar.Printf.no_extensions with
| FStar.Pervasives.Native.None  -> FStar.Pervasives.Native.None
| FStar.Pervasives.Native.Some ds ->
FStar.Pervasives.Native.Some (FStar.Printf.Arg (FStar.Printf.Extension ext) :: ds))
<:
Prims.Tot (FStar.Pervasives.Native.option (Prims.list FStar.Printf.dir))
| _ -> FStar.Pervasives.Native.None)
<:
FStar.Pervasives.Native.option (Prims.list FStar.Printf.dir)
| '%' :: c :: s' ->
(match c with
| '%' ->
(match FStar.Printf.parse_format s' FStar.Printf.no_extensions with
| FStar.Pervasives.Native.None  -> FStar.Pervasives.Native.None
| FStar.Pervasives.Native.Some ds ->
FStar.Pervasives.Native.Some (FStar.Printf.Lit '%' :: ds))
<:
Prims.Tot (FStar.Pervasives.Native.option (Prims.list FStar.Printf.dir))
| 'b' ->
(match FStar.Printf.parse_format s' FStar.Printf.no_extensions with
| FStar.Pervasives.Native.None  -> FStar.Pervasives.Native.None
| FStar.Pervasives.Native.Some ds ->
FStar.Pervasives.Native.Some (FStar.Printf.Arg (FStar.Printf.Bool) :: ds))
<:
Prims.Tot (FStar.Pervasives.Native.option (Prims.list FStar.Printf.dir))
| 'd' ->
(match FStar.Printf.parse_format s' FStar.Printf.no_extensions with
| FStar.Pervasives.Native.None  -> FStar.Pervasives.Native.None
| FStar.Pervasives.Native.Some ds ->
FStar.Pervasives.Native.Some (FStar.Printf.Arg (FStar.Printf.Int) :: ds))
<:
Prims.Tot (FStar.Pervasives.Native.option (Prims.list FStar.Printf.dir))
| 'c' ->
(match FStar.Printf.parse_format s' FStar.Printf.no_extensions with
| FStar.Pervasives.Native.None  -> FStar.Pervasives.Native.None
| FStar.Pervasives.Native.Some ds ->
FStar.Pervasives.Native.Some (FStar.Printf.Arg (FStar.Printf.Char) :: ds))
<:
Prims.Tot (FStar.Pervasives.Native.option (Prims.list FStar.Printf.dir))
| 's' ->
(match FStar.Printf.parse_format s' FStar.Printf.no_extensions with
| FStar.Pervasives.Native.None  -> FStar.Pervasives.Native.None
| FStar.Pervasives.Native.Some ds ->
FStar.Pervasives.Native.Some (FStar.Printf.Arg (FStar.Printf.String) :: ds))
<:
Prims.Tot (FStar.Pervasives.Native.option (Prims.list FStar.Printf.dir))
| 'y' ->
(match FStar.Printf.parse_format s' FStar.Printf.no_extensions with
| FStar.Pervasives.Native.None  -> FStar.Pervasives.Native.None
| FStar.Pervasives.Native.Some ds ->
FStar.Pervasives.Native.Some (FStar.Printf.Arg (FStar.Printf.I8) :: ds))
<:
Prims.Tot (FStar.Pervasives.Native.option (Prims.list FStar.Printf.dir))
| 'i' ->
(match FStar.Printf.parse_format s' FStar.Printf.no_extensions with
| FStar.Pervasives.Native.None  -> FStar.Pervasives.Native.None
| FStar.Pervasives.Native.Some ds ->
FStar.Pervasives.Native.Some (FStar.Printf.Arg (FStar.Printf.I16) :: ds))
<:
Prims.Tot (FStar.Pervasives.Native.option (Prims.list FStar.Printf.dir))
| 'l' ->
(match FStar.Printf.parse_format s' FStar.Printf.no_extensions with
| FStar.Pervasives.Native.None  -> FStar.Pervasives.Native.None
| FStar.Pervasives.Native.Some ds ->
FStar.Pervasives.Native.Some (FStar.Printf.Arg (FStar.Printf.I32) :: ds))
<:
Prims.Tot (FStar.Pervasives.Native.option (Prims.list FStar.Printf.dir))
| 'L' ->
(match FStar.Printf.parse_format s' FStar.Printf.no_extensions with
| FStar.Pervasives.Native.None  -> FStar.Pervasives.Native.None
| FStar.Pervasives.Native.Some ds ->
FStar.Pervasives.Native.Some (FStar.Printf.Arg (FStar.Printf.I64) :: ds))
<:
Prims.Tot (FStar.Pervasives.Native.option (Prims.list FStar.Printf.dir))
| _ -> FStar.Pervasives.Native.None)
<:
FStar.Pervasives.Native.option (Prims.list FStar.Printf.dir)
| c :: s' ->
(match FStar.Printf.parse_format s' FStar.Printf.no_extensions with
| FStar.Pervasives.Native.None  -> FStar.Pervasives.Native.None
| FStar.Pervasives.Native.Some ds ->
FStar.Pervasives.Native.Some (FStar.Printf.Lit c :: ds))
<:
Prims.Tot (FStar.Pervasives.Native.option (Prims.list FStar.Printf.dir))
in
v
with
| [] -> Prims.string
| FStar.Printf.Lit _ :: ds' -> FStar.Printf.dir_type ds'
| FStar.Printf.Arg a :: ds' -> _: FStar.Printf.arg_type a -> Prims.Tot (FStar.Printf.dir_type ds')
)
<:
Type0; got type FStar.Printf.dir_type (Some?.v (FStar.Printf.parse_format_string s FStar.Printf.no_extensions))
FStar.Printf.fst(190,21-190,94): (Warning 252) (Hint-replay failed): Subtyping check failed; expected type (match
let FStar.Pervasives.Native.Some v =
match FStar.String.list_of_string s with
| [] -> FStar.Pervasives.Native.Some []
| ['%'] -> FStar.Pervasives.Native.None
| '%' :: 'u' :: s' ->
(match s' with
| 'y' :: s'' ->
(match FStar.Printf.parse_format s'' parse_ext with
| FStar.Pervasives.Native.None  -> FStar.Pervasives.Native.None
| FStar.Pervasives.Native.Some ds ->
FStar.Pervasives.Native.Some (FStar.Printf.Arg (FStar.Printf.U8) :: ds))
<:
Prims.Tot (FStar.Pervasives.Native.option (Prims.list FStar.Printf.dir))
| 's' :: s'' ->
(match FStar.Printf.parse_format s'' parse_ext with
| FStar.Pervasives.Native.None  -> FStar.Pervasives.Native.None
| FStar.Pervasives.Native.Some ds ->
FStar.Pervasives.Native.Some (FStar.Printf.Arg (FStar.Printf.U16) :: ds))
<:
Prims.Tot (FStar.Pervasives.Native.option (Prims.list FStar.Printf.dir))
| 'l' :: s'' ->
(match FStar.Printf.parse_format s'' parse_ext with
| FStar.Pervasives.Native.None  -> FStar.Pervasives.Native.None
| FStar.Pervasives.Native.Some ds ->
FStar.Pervasives.Native.Some (FStar.Printf.Arg (FStar.Printf.U32) :: ds))
<:
Prims.Tot (FStar.Pervasives.Native.option (Prims.list FStar.Printf.dir))
| 'L' :: s'' ->
(match FStar.Printf.parse_format s'' parse_ext with
| FStar.Pervasives.Native.None  -> FStar.Pervasives.Native.None
| FStar.Pervasives.Native.Some ds ->
FStar.Pervasives.Native.Some (FStar.Printf.Arg (FStar.Printf.U64) :: ds))
<:
Prims.Tot (FStar.Pervasives.Native.option (Prims.list FStar.Printf.dir))
| _ -> FStar.Pervasives.Native.None)
<:
FStar.Pervasives.Native.option (Prims.list FStar.Printf.dir)
| '%' :: 'X' :: s' ->
(match parse_ext s' with
| FStar.Pervasives.Native.Some (ext, rest) ->
(match FStar.Printf.parse_format rest parse_ext with
| FStar.Pervasives.Native.None  -> FStar.Pervasives.Native.None
| FStar.Pervasives.Native.Some ds ->
FStar.Pervasives.Native.Some (FStar.Printf.Arg (FStar.Printf.Extension ext) :: ds))
<:
Prims.Tot (FStar.Pervasives.Native.option (Prims.list FStar.Printf.dir))
| _ -> FStar.Pervasives.Native.None)
<:
FStar.Pervasives.Native.option (Prims.list FStar.Printf.dir)
| '%' :: c :: s' ->
(match c with
| '%' ->
(match FStar.Printf.parse_format s' parse_ext with
| FStar.Pervasives.Native.None  -> FStar.Pervasives.Native.None
| FStar.Pervasives.Native.Some ds ->
FStar.Pervasives.Native.Some (FStar.Printf.Lit '%' :: ds))
<:
Prims.Tot (FStar.Pervasives.Native.option (Prims.list FStar.Printf.dir))
| 'b' ->
(match FStar.Printf.parse_format s' parse_ext with
| FStar.Pervasives.Native.None  -> FStar.Pervasives.Native.None
| FStar.Pervasives.Native.Some ds ->
FStar.Pervasives.Native.Some (FStar.Printf.Arg (FStar.Printf.Bool) :: ds))
<:
Prims.Tot (FStar.Pervasives.Native.option (Prims.list FStar.Printf.dir))
| 'd' ->
(match FStar.Printf.parse_format s' parse_ext with
| FStar.Pervasives.Native.None  -> FStar.Pervasives.Native.None
| FStar.Pervasives.Native.Some ds ->
FStar.Pervasives.Native.Some (FStar.Printf.Arg (FStar.Printf.Int) :: ds))
<:
Prims.Tot (FStar.Pervasives.Native.option (Prims.list FStar.Printf.dir))
| 'c' ->
(match FStar.Printf.parse_format s' parse_ext with
| FStar.Pervasives.Native.None  -> FStar.Pervasives.Native.None
| FStar.Pervasives.Native.Some ds ->
FStar.Pervasives.Native.Some (FStar.Printf.Arg (FStar.Printf.Char) :: ds))
<:
Prims.Tot (FStar.Pervasives.Native.option (Prims.list FStar.Printf.dir))
| 's' ->
(match FStar.Printf.parse_format s' parse_ext with
| FStar.Pervasives.Native.None  -> FStar.Pervasives.Native.None
| FStar.Pervasives.Native.Some ds ->
FStar.Pervasives.Native.Some (FStar.Printf.Arg (FStar.Printf.String) :: ds))
<:
Prims.Tot (FStar.Pervasives.Native.option (Prims.list FStar.Printf.dir))
| 'y' ->
(match FStar.Printf.parse_format s' parse_ext with
| FStar.Pervasives.Native.None  -> FStar.Pervasives.Native.None
| FStar.Pervasives.Native.Some ds ->
FStar.Pervasives.Native.Some (FStar.Printf.Arg (FStar.Printf.I8) :: ds))
<:
Prims.Tot (FStar.Pervasives.Native.option (Prims.list FStar.Printf.dir))
| 'i' ->
(match FStar.Printf.parse_format s' parse_ext with
| FStar.Pervasives.Native.None  -> FStar.Pervasives.Native.None
| FStar.Pervasives.Native.Some ds ->
FStar.Pervasives.Native.Some (FStar.Printf.Arg (FStar.Printf.I16) :: ds))
<:
Prims.Tot (FStar.Pervasives.Native.option (Prims.list FStar.Printf.dir))
| 'l' ->
(match FStar.Printf.parse_format s' parse_ext with
| FStar.Pervasives.Native.None  -> FStar.Pervasives.Native.None
| FStar.Pervasives.Native.Some ds ->
FStar.Pervasives.Native.Some (FStar.Printf.Arg (FStar.Printf.I32) :: ds))
<:
Prims.Tot (FStar.Pervasives.Native.option (Prims.list FStar.Printf.dir))
| 'L' ->
(match FStar.Printf.parse_format s' parse_ext with
| FStar.Pervasives.Native.None  -> FStar.Pervasives.Native.None
| FStar.Pervasives.Native.Some ds ->
FStar.Pervasives.Native.Some (FStar.Printf.Arg (FStar.Printf.I64) :: ds))
<:
Prims.Tot (FStar.Pervasives.Native.option (Prims.list FStar.Printf.dir))
| _ -> FStar.Pervasives.Native.None)
<:
FStar.Pervasives.Native.option (Prims.list FStar.Printf.dir)
| c :: s' ->
(match FStar.Printf.parse_format s' parse_ext with
| FStar.Pervasives.Native.None  -> FStar.Pervasives.Native.None
| FStar.Pervasives.Native.Some ds ->
FStar.Pervasives.Native.Some (FStar.Printf.Lit c :: ds))
<:
Prims.Tot (FStar.Pervasives.Native.option (Prims.list FStar.Printf.dir))
in
v
with
| [] -> Prims.string
| FStar.Printf.Lit _ :: ds' -> FStar.Printf.dir_type ds'
| FStar.Printf.Arg a :: ds' -> _: FStar.Printf.arg_type a -> Prims.Tot (FStar.Printf.dir_type ds')
)
<:
Type0; got type FStar.Printf.dir_type (Some?.v (FStar.Printf.parse_format_string s parse_ext))
LowStar.Monotonic.Buffer.fst(579,2-579,21): (Warning 252) (Hint-replay failed): assertion failed (see also LowStar.Monotonic.Buffer.fst(571,20-571,139))
LowStar.Monotonic.Buffer.fst(585,2-585,21): (Warning 252) (Hint-replay failed): assertion failed (see also LowStar.Monotonic.Buffer.fst(571,20-571,139))
LowStar.Monotonic.Buffer.fst(598,90-598,134): (Warning 252) (Hint-replay failed): Subtyping check failed; expected type j:
Prims.nat
{ Mkubuffer_?.b_offset us - Mkubuffer_?.b_offset ul <= j &&
j <= FStar.Seq.Base.length (LowStar.Monotonic.Buffer.as_seq h1 larger) }; got type Prims.int
LowStar.Monotonic.Buffer.fst(636,2-636,21): (Warning 252) (Hint-replay failed): assertion failed (see also LowStar.Monotonic.Buffer.fst(630,20-630,139))
LowStar.Monotonic.Buffer.fst(866,2-868,9): (Warning 252) (Hint-replay failed): could not prove post-condition (see also LowStar.Monotonic.Buffer.fsti(1553,18-1553,32))
LowStar.Monotonic.Buffer.fst(870,2-872,166): (Warning 252) (Hint-replay failed): could not prove post-condition (see also LowStar.Monotonic.Buffer.fsti(1562,19-1562,54))
LowStar.Monotonic.Buffer.fst(883,4-883,23): (Warning 252) (Hint-replay failed): assertion failed (see also LowStar.Monotonic.Buffer.fst(630,20-630,139))
LowStar.Monotonic.Buffer.fst(908,29-908,30): (Warning 252) (Hint-replay failed): Subtyping check failed; expected type _: LowStar.Monotonic.Buffer.mbuffer _ _ _ {Buffer? _}; got type LowStar.Monotonic.Buffer.mbuffer _ _ _ (see also LowStar.Monotonic.Buffer.fst(30,4-30,10))
LowStar.Monotonic.Buffer.fst(926,4-926,23): (Warning 252) (Hint-replay failed): assertion failed (see also LowStar.Monotonic.Buffer.fst(741,19-741,39))
LowStar.Monotonic.Buffer.fst(945,2-947,166): (Warning 252) (Hint-replay failed): could not prove post-condition (see also LowStar.Monotonic.Buffer.fsti(1721,18-1721,61))
LowStar.Monotonic.Buffer.fst(964,2-965,139): (Warning 252) (Hint-replay failed): could not prove post-condition (see also LowStar.Monotonic.Buffer.fsti(1752,18-1752,72))
Unable to open hints file: C:\build\agent1\_work\41\s\ulib\LowStar.Vector.fst.hints; ran without hints
FStar.ModifiesGen.fst(182,42-182,44): (Warning 252) (Hint-replay failed): could not prove post-condition (see also FStar.ModifiesGen.fsti(167,45-167,50))
FStar.ModifiesGen.fst(322,9-322,109): (Warning 252) (Hint-replay failed): assertion failed
FStar.ModifiesGen.fst(345,2-345,51): (Warning 252) (Hint-replay failed): could not prove post-condition (see also FStar.ModifiesGen.fsti(224,2-224,20))
FStar.ModifiesGen.fst(356,2-356,111): (Warning 252) (Hint-replay failed): could not prove post-condition (see also FStar.ModifiesGen.fsti(231,11-231,31))
FStar.ModifiesGen.fst(358,42-358,44): (Warning 252) (Hint-replay failed): could not prove post-condition (see also FStar.ModifiesGen.fsti(238,11-238,45))
FStar.ModifiesGen.fst(368,8-368,14): (Warning 252) (Hint-replay failed): assertion failed (see also FStar.ModifiesGen.fst(368,15-368,50))
FStar.ModifiesGen.fst(375,33-375,35): (Warning 252) (Hint-replay failed): could not prove post-condition (see also FStar.ModifiesGen.fsti(251,2-251,27))
FStar.ModifiesGen.fst(380,43-380,45): (Warning 252) (Hint-replay failed): could not prove post-condition (see also FStar.ModifiesGen.fsti(268,11-268,65))
FStar.ModifiesGen.fst(394,2-394,4): (Warning 252) (Hint-replay failed): could not prove post-condition (see also FStar.ModifiesGen.fst(392,2-392,104))
FStar.ModifiesGen.fst(396,68-396,70): (Warning 252) (Hint-replay failed): could not prove post-condition (see also FStar.ModifiesGen.fsti(289,11-289,85))
FStar.ModifiesGen.fst(398,66-398,68): (Warning 252) (Hint-replay failed): could not prove post-condition (see also FStar.ModifiesGen.fsti(300,11-300,81))
FStar.ModifiesGen.fst(400,87-400,89): (Warning 252) (Hint-replay failed): could not prove post-condition (see also FStar.ModifiesGen.fsti(310,11-310,105))
FStar.ModifiesGen.fst(402,84-402,86): (Warning 252) (Hint-replay failed): could not prove post-condition (see also FStar.ModifiesGen.fsti(318,11-318,103))
FStar.ModifiesGen.fst(411,91-411,93): (Warning 252) (Hint-replay failed): could not prove post-condition (see also FStar.ModifiesGen.fsti(336,11-336,111))
FStar.ModifiesGen.fst(501,35-501,37): (Warning 252) (Hint-replay failed): could not prove post-condition (see also FStar.ModifiesGen.fsti(357,11-357,36))
FStar.ModifiesGen.fst(526,2-535,30): (Warning 252) (Hint-replay failed): could not prove post-condition (see also FStar.ModifiesGen.fsti(371,11-371,33))
FStar.ModifiesGen.fst(545,2-545,173): (Warning 252) (Hint-replay failed): could not prove post-condition (see also FStar.ModifiesGen.fsti(404,11-404,113))
FStar.ModifiesGen.fst(547,91-547,93): (Warning 252) (Hint-replay failed): could not prove post-condition (see also FStar.ModifiesGen.fsti(415,11-415,67))
FStar.ModifiesGen.fst(551,78-551,80): (Warning 252) (Hint-replay failed): could not prove post-condition (see also FStar.ModifiesGen.fsti(439,24-439,42))
FStar.ModifiesGen.fst(555,2-555,165): (Warning 252) (Hint-replay failed): could not prove post-condition (see also FStar.ModifiesGen.fsti(447,11-447,105))
FStar.ModifiesGen.fst(568,73-568,75): (Warning 252) (Hint-replay failed): could not prove post-condition (see also FStar.ModifiesGen.fsti(455,2-455,70))
FStar.ModifiesGen.fst(570,73-570,75): (Warning 252) (Hint-replay failed): could not prove post-condition (see also FStar.ModifiesGen.fsti(458,2-458,79))
FStar.ModifiesGen.fst(580,92-580,94): (Warning 252) (Hint-replay failed): could not prove post-condition (see also FStar.ModifiesGen.fsti(463,2-463,91))
FStar.ModifiesGen.fst(582,72-582,74): (Warning 252) (Hint-replay failed): could not prove post-condition (see also FStar.ModifiesGen.fsti(468,2-468,78))
FStar.ModifiesGen.fst(584,94-584,96): (Warning 252) (Hint-replay failed): could not prove post-condition (see also FStar.ModifiesGen.fsti(473,2-473,95))
FStar.ModifiesGen.fst(586,78-586,80): (Warning 252) (Hint-replay failed): could not prove post-condition (see also FStar.ModifiesGen.fsti(478,2-478,73))
FStar.ModifiesGen.fst(855,4-855,10): (Warning 252) (Hint-replay failed): assertion failed (see also FStar.ModifiesGen.fst(855,12-855,47))
FStar.ModifiesGen.fst(855,4-855,10): (Warning 252) assertion failed (see also FStar.ModifiesGen.fst(855,12-855,47))
FStar.ModifiesGen.fst(907,20-907,25): (Warning 252) (Hint-replay failed): assertion failed (see also FStar.ModifiesGen.fsti(599,15-599,55))
FStar.ModifiesGen.fst(923,55-923,57): (Warning 252) (Hint-replay failed): could not prove post-condition (see also FStar.ModifiesGen.fsti(649,4-649,20))
FStar.ModifiesGen.fst(931,2-931,8): (Warning 252) (Hint-replay failed): assertion failed (see also FStar.ModifiesGen.fst(931,9-931,49))
FStar.ModifiesGen.fst(936,62-936,64): (Warning 252) (Hint-replay failed): could not prove post-condition (see also FStar.ModifiesGen.fsti(694,11-694,31))
FStar.ModifiesGen.fst(941,2-941,142): (Warning 252) (Hint-replay failed): could not prove post-condition (see also FStar.ModifiesGen.fsti(706,11-706,31))
FStar.ModifiesGen.fst(947,79-947,81): (Warning 252) (Hint-replay failed): could not prove post-condition (see also FStar.ModifiesGen.fsti(726,11-726,45))
FStar.ModifiesGen.fst(949,72-949,74): (Warning 252) (Hint-replay failed): could not prove post-condition (see also FStar.ModifiesGen.fsti(737,11-737,32))
FStar.ModifiesGen.fst(963,2-963,23): (Warning 252) (Hint-replay failed): assertion failed (see also FStar.ModifiesGen.fsti(682,33-682,51))
FStar.ModifiesGen.fst(991,2-991,8): (Warning 252) (Hint-replay failed): assertion failed (see also FStar.ModifiesGen.fst(991,9-991,48))
FStar.ModifiesGen.fst(1036,2-1036,8): (Warning 252) (Hint-replay failed): assertion failed (see also FStar.ModifiesGen.fst(1036,9-1036,121))
FStar.ModifiesGen.fst(1044,2-1044,55): (Warning 252) (Hint-replay failed): could not prove post-condition (see also FStar.ModifiesGen.fst(1043,2-1043,45))
FStar.ModifiesGen.fst(1060,2-1060,55): (Warning 252) (Hint-replay failed): could not prove post-condition (see also FStar.ModifiesGen.fst(1059,2-1059,66))
FStar.ModifiesGen.fst(1075,2-1075,23): (Warning 252) (Hint-replay failed): assertion failed (see also FStar.ModifiesGen.fsti(682,33-682,51))
FStar.ModifiesGen.fst(1165,4-1165,6): (Warning 252) (Hint-replay failed): could not prove post-condition (see also FStar.ModifiesGen.fst(659,34-659,60))
FStar.ModifiesGen.fst(1192,2-1192,35): (Warning 252) (Hint-replay failed): assertion failed (see also FStar.ModifiesGen.fst(1159,4-1159,58))
FStar.ModifiesGen.fst(1230,20-1230,22): (Warning 252) (Hint-replay failed): could not prove post-condition (see also FStar.ModifiesGen.fsti(503,34-503,59))
FStar.ModifiesGen.fst(1266,2-1266,8): (Warning 252) (Hint-replay failed): assertion failed (see also FStar.ModifiesGen.fst(1266,76-1266,95))
FStar.ModifiesGen.fst(1291,42-1291,44): (Warning 252) (Hint-replay failed): could not prove post-condition (see also FStar.ModifiesGen.fsti(963,11-963,69))
FStar.ModifiesGen.fst(1293,46-1293,48): (Warning 252) (Hint-replay failed): could not prove post-condition (see also FStar.ModifiesGen.fsti(967,11-967,73))
FStar.ModifiesGen.fst(1302,2-1302,8): (Warning 252) (Hint-replay failed): assertion failed (see also FStar.ModifiesGen.fst(1302,9-1302,35))
FStar.ModifiesGen.fst(1308,2-1308,64): (Warning 252) (Hint-replay failed): could not prove post-condition (see also FStar.ModifiesGen.fsti(987,12-987,71))
FStar.ModifiesGen.fst(1315,2-1315,8): (Warning 252) (Hint-replay failed): assertion failed (see also FStar.ModifiesGen.fst(1315,9-1315,48))
FStar.ModifiesGen.fst(1327,2-1327,20): (Warning 252) (Hint-replay failed): assertion failed (see also FStar.ModifiesGen.fsti(230,35-230,53))
FStar.ModifiesGen.fst(1559,2-1559,4): (Warning 252) (Hint-replay failed): could not prove post-condition (see also FStar.ModifiesGen.fst(1557,2-1557,73))
FStar.ModifiesGen.fst(1597,2-1597,8): (Warning 252) (Hint-replay failed): assertion failed (see also FStar.ModifiesGen.fst(1597,9-1597,39))
FStar.ModifiesGen.fst(1623,41-1623,60): (Warning 252) (Hint-replay failed): could not prove post-condition
FStar.ModifiesGen.fst(1693,2-1693,8): (Warning 252) (Hint-replay failed): assertion failed (see also FStar.ModifiesGen.fst(1696,4-1696,53))
FStar.ModifiesGen.fst(1719,2-1727,39): (Warning 252) (Hint-replay failed): could not prove post-condition (see also FStar.ModifiesGen.fst(1718,11-1718,42))
FStar.ModifiesGen.fst(1764,4-1764,10): (Warning 252) (Hint-replay failed): assertion failed (see also FStar.ModifiesGen.fst(1764,11-1764,74))
FStar.ModifiesGen.fst(1786,4-1786,10): (Warning 252) (Hint-replay failed): assertion failed (see also FStar.ModifiesGen.fst(1786,11-1797,7))
FStar.ModifiesGen.fst(1829,4-1829,21): (Warning 252) (Hint-replay failed): Subtyping check failed; expected type aux:
FStar.Ghost.erased (FStar.GSet.set (FStar.ModifiesGen.aloc (c b)))
{ FStar.GSet.subset (FStar.ModifiesGen.aloc_domain (c b) regions live_addrs)
(FStar.Ghost.reveal aux) /\
FStar.GSet.subset (FStar.Ghost.reveal aux)
(FStar.ModifiesGen.aloc_domain (c b) regions (fun _ -> FStar.GSet.complement FStar.GSet.empty)
) }; got type FStar.Ghost.erased (FStar.GSet.set (FStar.ModifiesGen.aloc (c b))) (see also FStar.ModifiesGen.fst(30,8-30,71))
FStar.ModifiesGen.fst(1838,9-1838,119): (Warning 252) (Hint-replay failed): assertion failed
FStar.ModifiesGen.fst(1841,9-1841,121): (Warning 252) (Hint-replay failed): assertion failed
FStar.ModifiesGen.fst(1912,2-1918,167): (Warning 252) (Hint-replay failed): could not prove post-condition (see also FStar.ModifiesGen.fsti(1171,2-1171,78))
FStar.ModifiesGen.fst(1929,2-1929,8): (Warning 252) (Hint-replay failed): assertion failed (see also FStar.ModifiesGen.fst(1929,21-1929,70))
FStar.ModifiesGen.fst(1938,2-1938,8): (Warning 252) (Hint-replay failed): assertion failed (see also FStar.ModifiesGen.fst(1938,21-1938,68))
Unable to open hints file: C:\build\agent1\_work\41\s\ulib\LowStar.RVector.fst.hints; ran without hints
Unable to open hints file: C:\build\agent1\_work\41\s\ulib\LowStar.BufVector.fst.hints; ran without hints
LowStar.BufVector.fst(691,2-707,5): (Error 16) Unknown assertion failed (SMT solver says: unknown because (resource limits reached) (fuel=8; ifuel=2; ); SMT solver says: unknown because max. resource limit exceeded (fuel=4; ifuel=2; ); SMT solver says: unknown because canceled (fuel=2; ifuel=2; ); SMT solver says: unknown because canceled (fuel=2; ifuel=1; ))
Verified module: LowStar.BufVector (383291 milliseconds)
1 error was reported (see above)
make[3]: *** [gmake/Makefile.tmpl:29: LowStar.BufVector.fst.checked] Error 1
make[3]: Target 'verify-core' not remade because of errors.
make[2]: *** [Makefile:12: all] Error 2
make[1]: *** [Makefile:193: fstarlib] Error 2
make: *** [Makefile:176: utest-prelude] Error 2
Command exited with non-zero status 2
14.67user 53.00system 17:34.85elapsed 6%CPU (0avgtext+0avgdata 24903860maxresident)k
0inputs+0outputs (6531119major+0minor)pagefaults 0swaps
