dos2unix: converting file parser/parse.fsi to Unix format...
Warning: you are using the standard library and/or the %inline keyword. We
recommend switching on --infer in order to avoid obscure type error messages.
warning: CRLF will be replaced by LF in src/parser/parse.fsy.
The file will have its original line endings in your working directory.
FStar.Reflection.Data.fst(28,16-28,20): (Warning 252) Failed to prove that the type 'FStar.Reflection.Data.aqualv' supports decidable equality because of this argument; add either the 'noeq' or 'unopteq' qualifier (see also FStar.Reflection.Data.fst(25,0-28,20))
FStar.Reflection.Data.fst(28,16-28,20): (Warning 252) Failed to prove that the type 'FStar.Reflection.Data.aqualv' supports decidable equality because of this argument; add either the 'noeq' or 'unopteq' qualifier (see also FStar.Reflection.Data.fst(25,0-28,20))
FStar.Reflection.Data.fst(28,16-28,20): (Warning 252) Failed to prove that the type 'FStar.Reflection.Data.aqualv' supports decidable equality because of this argument; add either the 'noeq' or 'unopteq' qualifier (see also FStar.Reflection.Data.fst(25,0-28,20))
FStar.Reflection.Data.fst(28,16-28,20): (Warning 252) Failed to prove that the type 'FStar.Reflection.Data.aqualv' supports decidable equality because of this argument; add either the 'noeq' or 'unopteq' qualifier (see also FStar.Reflection.Data.fst(25,0-28,20))
FStar.Reflection.Data.fst(28,16-28,20): (Error 19) Failed to prove that the type 'FStar.Reflection.Data.aqualv' supports decidable equality because of this argument; add either the 'noeq' or 'unopteq' qualifier (see also FStar.Reflection.Data.fst(25,0-28,20))
Verified module: FStar.Reflection.Data (5525 milliseconds)
1 error was reported (see above)
make[3]: *** [gmake/Makefile.tmpl:29: FStar.Reflection.Data.fst.checked] Error 1
FStar.List.Tot.Properties.fst(855,2-855,37): (Warning 252) (Hint-replay failed): could not prove post-condition (see also FStar.List.Tot.Properties.fst(853,12-853,18))
FStar.List.Tot.Properties.fst(855,2-855,37): (Warning 252) could not prove post-condition (see also FStar.List.Tot.Properties.fst(853,12-853,18))
FStar.List.Tot.Properties.fst(884,2-885,24): (Warning 252) (Hint-replay failed): could not prove post-condition (see also FStar.List.Tot.Properties.fst(883,12-883,18))
FStar.OrdSet.fst(48,16-48,18): (Warning 252) (Hint-replay failed): Subtyping check failed; expected type Prims.eqtype; got type Type (see also prims.fst(27,21-27,28))
FStar.Monotonic.HyperStack.fst(202,2-202,25): (Warning 252) (Hint-replay failed): Subtyping check failed; expected type FStar.Monotonic.HyperStack.mem; got type FStar.Monotonic.HyperStack.mem' (see also FStar.Monotonic.HyperStack.fst(95,24-95,87))
FStar.Monotonic.HyperStack.fst(323,4-323,24): (Warning 252) (Hint-replay failed): Subtyping check failed; expected type FStar.Monotonic.HyperStack.mem; got type FStar.Monotonic.HyperStack.mem' (see also FStar.Monotonic.HyperStack.fst(95,24-95,87))
FStar.Monotonic.HyperStack.fst(334,26-334,46): (Warning 252) (Hint-replay failed): Subtyping check failed; expected type FStar.Monotonic.HyperStack.mem; got type FStar.Monotonic.HyperStack.mem' (see also FStar.Monotonic.HyperStack.fst(95,24-95,87))
FStar.Monotonic.HyperStack.fst(345,4-345,24): (Warning 252) (Hint-replay failed): Subtyping check failed; expected type FStar.Monotonic.HyperStack.mem; got type FStar.Monotonic.HyperStack.mem' (see also FStar.Monotonic.HyperStack.fst(95,24-95,87))
FStar.Monotonic.HyperStack.fst(356,4-356,24): (Warning 252) (Hint-replay failed): Subtyping check failed; expected type FStar.Monotonic.HyperStack.mem; got type FStar.Monotonic.HyperStack.mem' (see also FStar.Monotonic.HyperStack.fst(95,24-95,87))
FStar.Monotonic.HyperStack.fst(374,4-374,38): (Warning 252) (Hint-replay failed): Subtyping check failed; expected type m': FStar.Monotonic.HyperStack.mem{FStar.Monotonic.HyperStack.fresh_frame m m'}; got type FStar.Monotonic.HyperStack.mem' (see also FStar.Monotonic.HyperStack.fst(95,24-95,87))
FStar.Monotonic.HyperStack.fst(387,13-387,39): (Warning 252) (Hint-replay failed): Subtyping check failed; expected type FStar.Monotonic.HyperStack.mem; got type FStar.Monotonic.HyperStack.mem' (see also FStar.Monotonic.HyperStack.fst(95,24-95,87))
FStar.Monotonic.HyperStack.fst(202,2-202,25): (Warning 252) (Hint-replay failed): Subtyping check failed; expected type FStar.Monotonic.HyperStack.mem; got type FStar.Monotonic.HyperStack.mem' (see also FStar.Monotonic.HyperStack.fst(95,24-95,87))
FStar.Monotonic.HyperStack.fst(323,4-323,24): (Warning 252) (Hint-replay failed): Subtyping check failed; expected type FStar.Monotonic.HyperStack.mem; got type FStar.Monotonic.HyperStack.mem' (see also FStar.Monotonic.HyperStack.fst(95,24-95,87))
FStar.Monotonic.HyperStack.fst(334,26-334,46): (Warning 252) (Hint-replay failed): Subtyping check failed; expected type FStar.Monotonic.HyperStack.mem; got type FStar.Monotonic.HyperStack.mem' (see also FStar.Monotonic.HyperStack.fst(95,24-95,87))
FStar.Monotonic.HyperStack.fst(345,4-345,24): (Warning 252) (Hint-replay failed): Subtyping check failed; expected type FStar.Monotonic.HyperStack.mem; got type FStar.Monotonic.HyperStack.mem' (see also FStar.Monotonic.HyperStack.fst(95,24-95,87))
FStar.Monotonic.HyperStack.fst(356,4-356,24): (Warning 252) (Hint-replay failed): Subtyping check failed; expected type FStar.Monotonic.HyperStack.mem; got type FStar.Monotonic.HyperStack.mem' (see also FStar.Monotonic.HyperStack.fst(95,24-95,87))
FStar.Monotonic.HyperStack.fst(374,4-374,38): (Warning 252) (Hint-replay failed): Subtyping check failed; expected type m': FStar.Monotonic.HyperStack.mem{FStar.Monotonic.HyperStack.fresh_frame m m'}; got type FStar.Monotonic.HyperStack.mem' (see also FStar.Monotonic.HyperStack.fst(95,24-95,87))
FStar.Monotonic.HyperStack.fst(387,13-387,39): (Warning 252) (Hint-replay failed): Subtyping check failed; expected type FStar.Monotonic.HyperStack.mem; got type FStar.Monotonic.HyperStack.mem' (see also FStar.Monotonic.HyperStack.fst(95,24-95,87))
FStar.Monotonic.HyperStack.fst(524,36-524,37): (Warning 252) (Hint-replay failed): Subtyping check failed; expected type s:
FStar.Monotonic.HyperStack.mreference a rel
{ FStar.Monotonic.HyperStack.live_region (FStar.Monotonic.HyperStack.upd h r x)
(FStar.Monotonic.HyperStack.frameOf s) }; got type FStar.Monotonic.HyperStack.mreference a rel (see also FStar.Monotonic.HyperStack.fst(316,64-316,89))
FStar.Monotonic.HyperStack.fst(542,37-542,39): (Warning 252) (Hint-replay failed): Subtyping check failed; expected type s:
FStar.Monotonic.HyperStack.mreference b rel_b
{ FStar.Monotonic.HyperStack.live_region (FStar.Monotonic.HyperStack.upd h r1 x)
(FStar.Monotonic.HyperStack.frameOf s) }; got type FStar.Monotonic.HyperStack.mreference b rel_b (see also FStar.Monotonic.HyperStack.fst(316,64-316,89))
FStar.Seq.Properties.fst(474,2-477,29): (Warning 252) (Hint-replay failed): could not prove post-condition (see also FStar.Seq.Properties.fst(472,20-472,28))
FStar.Fin.fst(36,2-51,18): (Warning 252) (Hint-replay failed): could not prove post-condition (see also FStar.Fin.fst(33,41-33,68))
FStar.Fin.fst(36,2-51,18): (Warning 252) (Hint-replay failed): could not prove post-condition (see also FStar.Fin.fst(33,41-33,68))
FStar.HyperStack.ST.fst(356,4-356,11): (Warning 252) (Hint-replay failed): assertion failed (see also FStar.HyperStack.ST.fst(98,60-98,73))
FStar.HyperStack.ST.fst(366,4-366,11): (Warning 252) (Hint-replay failed): assertion failed (see also FStar.HyperStack.ST.fst(98,60-98,73))
FStar.HyperStack.ST.fst(383,4-383,11): (Warning 252) (Hint-replay failed): assertion failed (see also FStar.HyperStack.ST.fst(98,60-98,73))
FStar.HyperStack.ST.fst(415,4-415,10): (Warning 252) (Hint-replay failed): assertion failed (see also FStar.HyperStack.ST.fst(415,11-415,76))
FStar.HyperStack.ST.fst(434,4-434,11): (Warning 252) (Hint-replay failed): assertion failed (see also FStar.HyperStack.ST.fst(98,60-98,73))
FStar.HyperStack.ST.fst(454,4-454,11): (Warning 252) (Hint-replay failed): assertion failed (see also FStar.HyperStack.ST.fst(98,60-98,73))
FStar.HyperStack.ST.fst(473,4-473,11): (Warning 252) (Hint-replay failed): assertion failed (see also FStar.HyperStack.ST.fst(98,60-98,73))
FStar.HyperStack.ST.fst(512,4-512,10): (Warning 252) (Hint-replay failed): assertion failed (see also FStar.HyperStack.ST.fst(512,11-512,76))
FStar.HyperStack.ST.fst(535,4-535,11): (Warning 252) (Hint-replay failed): assertion failed (see also FStar.HyperStack.ST.fst(98,60-98,73))
FStar.Monotonic.Map.fst(84,4-84,14): (Warning 252) (Hint-replay failed): assertion failed (see also FStar.HyperStack.ST.fst(609,37-609,41))
FStar.Monotonic.DependentMap.fst(53,4-53,14): (Warning 252) (Hint-replay failed): assertion failed (see also FStar.HyperStack.ST.fst(609,37-609,41))
FStar.Monotonic.Seq.fst(50,4-50,17): (Warning 252) (Hint-replay failed): could not prove post-condition (see also FStar.Monotonic.Seq.fst(47,2-47,18))
FStar.Monotonic.Seq.fst(80,4-80,14): (Warning 252) (Hint-replay failed): assertion failed (see also FStar.HyperStack.ST.fst(609,37-609,41))
FStar.Monotonic.Seq.fst(142,4-142,14): (Warning 252) (Hint-replay failed): assertion failed (see also FStar.HyperStack.ST.fst(609,37-609,41))
FStar.Monotonic.Seq.fst(174,2-174,8): (Warning 252) (Hint-replay failed): assertion failed (see also FStar.Monotonic.Seq.fst(174,9-174,29))
FStar.Monotonic.Seq.fst(385,4-387,17): (Warning 252) (Hint-replay failed): could not prove post-condition (see also FStar.Monotonic.Seq.fst(380,5-380,25))
FStar.Monotonic.Seq.fst(401,4-404,10): (Warning 252) (Hint-replay failed): could not prove post-condition (see also FStar.Monotonic.Seq.fst(398,3-398,23))
FStar.ModifiesGen.fst(373,33-373,35): (Warning 252) (Hint-replay failed): could not prove post-condition (see also FStar.ModifiesGen.fsti(244,2-244,27))
FStar.ModifiesGen.fst(389,68-389,70): (Warning 252) (Hint-replay failed): could not prove post-condition (see also FStar.ModifiesGen.fsti(264,11-264,85))
FStar.ModifiesGen.fst(391,66-391,68): (Warning 252) (Hint-replay failed): could not prove post-condition (see also FStar.ModifiesGen.fsti(275,11-275,81))
FStar.ModifiesGen.fst(393,87-393,89): (Warning 252) (Hint-replay failed): could not prove post-condition (see also FStar.ModifiesGen.fsti(285,11-285,105))
FStar.ModifiesGen.fst(395,84-395,86): (Warning 252) (Hint-replay failed): could not prove post-condition (see also FStar.ModifiesGen.fsti(293,11-293,103))
FStar.ModifiesGen.fst(404,91-404,93): (Warning 252) (Hint-replay failed): could not prove post-condition (see also FStar.ModifiesGen.fsti(311,11-311,111))
FStar.ModifiesGen.fst(494,35-494,37): (Warning 252) (Hint-replay failed): could not prove post-condition (see also FStar.ModifiesGen.fsti(332,11-332,36))
FStar.ModifiesGen.fst(538,2-538,173): (Warning 252) (Hint-replay failed): could not prove post-condition (see also FStar.ModifiesGen.fsti(379,11-379,113))
FStar.ModifiesGen.fst(540,91-540,93): (Warning 252) (Hint-replay failed): could not prove post-condition (see also FStar.ModifiesGen.fsti(390,11-390,67))
FStar.ModifiesGen.fst(544,78-544,80): (Warning 252) (Hint-replay failed): could not prove post-condition (see also FStar.ModifiesGen.fsti(414,24-414,42))
FStar.ModifiesGen.fst(561,73-561,75): (Warning 252) (Hint-replay failed): could not prove post-condition (see also FStar.ModifiesGen.fsti(430,2-430,70))
FStar.ModifiesGen.fst(563,73-563,75): (Warning 252) (Hint-replay failed): could not prove post-condition (see also FStar.ModifiesGen.fsti(433,2-433,79))
FStar.ModifiesGen.fst(573,92-573,94): (Warning 252) (Hint-replay failed): could not prove post-condition (see also FStar.ModifiesGen.fsti(438,2-438,91))
FStar.ModifiesGen.fst(575,72-575,74): (Warning 252) (Hint-replay failed): could not prove post-condition (see also FStar.ModifiesGen.fsti(443,2-443,78))
FStar.ModifiesGen.fst(577,94-577,96): (Warning 252) (Hint-replay failed): could not prove post-condition (see also FStar.ModifiesGen.fsti(448,2-448,95))
FStar.ModifiesGen.fst(579,78-579,80): (Warning 252) (Hint-replay failed): could not prove post-condition (see also FStar.ModifiesGen.fsti(453,2-453,73))
FStar.ModifiesGen.fst(789,20-789,25): (Warning 252) (Hint-replay failed): assertion failed (see also FStar.ModifiesGen.fsti(550,15-550,55))
FStar.ModifiesGen.fst(804,55-804,57): (Warning 252) (Hint-replay failed): could not prove post-condition (see also FStar.ModifiesGen.fsti(593,4-593,20))
FStar.ModifiesGen.fst(806,47-806,49): (Warning 252) (Hint-replay failed): could not prove post-condition (see also FStar.ModifiesGen.fsti(609,11-611,3))
FStar.ModifiesGen.fst(828,79-828,81): (Warning 252) (Hint-replay failed): could not prove post-condition (see also FStar.ModifiesGen.fsti(670,11-670,45))
FStar.ModifiesGen.fst(844,2-844,23): (Warning 252) (Hint-replay failed): assertion failed (see also FStar.ModifiesGen.fsti(626,33-626,51))
FStar.ModifiesGen.fst(924,2-924,55): (Warning 252) (Hint-replay failed): could not prove post-condition (see also FStar.ModifiesGen.fst(923,2-923,45))
FStar.ModifiesGen.fst(940,2-940,55): (Warning 252) (Hint-replay failed): could not prove post-condition (see also FStar.ModifiesGen.fst(939,2-939,66))
FStar.ModifiesGen.fst(954,2-954,20): (Warning 252) (Hint-replay failed): assertion failed (see also FStar.ModifiesGen.fsti(223,35-223,53))
FStar.ModifiesGen.fst(1066,68-1066,70): (Warning 252) (Hint-replay failed): could not prove post-condition (see also FStar.ModifiesGen.fsti(106,16-106,35))
FStar.ModifiesGen.fst(1073,68-1073,70): (Warning 252) (Hint-replay failed): could not prove post-condition (see also FStar.ModifiesGen.fsti(106,16-106,35))
FStar.ModifiesGen.fst(1081,80-1081,82): (Warning 252) (Hint-replay failed): could not prove post-condition (see also FStar.ModifiesGen.fsti(106,16-106,35))
FStar.ModifiesGen.fst(1104,47-1104,49): (Warning 252) (Hint-replay failed): could not prove post-condition (see also FStar.ModifiesGen.fsti(851,11-853,3))
FStar.ModifiesGen.fst(1119,9-1119,85): (Warning 252) (Hint-replay failed): assertion failed
FStar.ModifiesGen.fst(1168,9-1168,40): (Warning 252) (Hint-replay failed): Subtyping check failed; expected type y: FStar.Set.set Prims.nat {FStar.Set.subset (non_live_addrs' r') y}; got type FStar.Set.set Prims.nat (see also FStar.ModifiesGen.fst(1166,82-1166,115))
FStar.ModifiesGen.fst(1278,12-1278,33): (Warning 252) (Hint-replay failed): assertion failed (see also FStar.ModifiesGen.fst(1157,13-1157,53))
FStar.ModifiesGen.fst(1305,4-1305,10): (Warning 252) (Hint-replay failed): assertion failed (see also FStar.ModifiesGen.fst(1305,11-1305,53))
FStar.ModifiesGen.fst(1574,2-1574,8): (Warning 252) (Hint-replay failed): assertion failed (see also FStar.ModifiesGen.fst(1574,9-1574,39))
FStar.ModifiesGen.fst(1636,2-1636,8): (Warning 252) (Hint-replay failed): assertion failed (see also FStar.ModifiesGen.fst(1636,9-1636,40))
FStar.ModifiesGen.fst(1696,2-1704,39): (Warning 252) (Hint-replay failed): could not prove post-condition (see also FStar.ModifiesGen.fst(1695,11-1695,42))
FStar.ModifiesGen.fst(1774,4-1774,10): (Warning 252) (Hint-replay failed): assertion failed (see also FStar.ModifiesGen.fst(1783,8-1783,36))
FStar.ModifiesGen.fst(1802,4-1802,21): (Warning 252) (Hint-replay failed): Subtyping check failed; expected type aux:
FStar.Ghost.erased (FStar.GSet.set (FStar.ModifiesGen.aloc (c b)))
{ FStar.GSet.subset (FStar.ModifiesGen.aloc_domain (c b) regions live_addrs)
(FStar.Ghost.reveal aux) /\
FStar.GSet.subset (FStar.Ghost.reveal aux)
(FStar.ModifiesGen.aloc_domain (c b) regions (fun _ -> FStar.Set.complement FStar.Set.empty))
}; got type FStar.Ghost.erased (FStar.GSet.set (FStar.ModifiesGen.aloc (c b))) (see also FStar.ModifiesGen.fst(30,8-30,71))
FStar.ModifiesGen.fst(1811,9-1811,119): (Warning 252) (Hint-replay failed): assertion failed
FStar.ModifiesGen.fst(1814,9-1814,121): (Warning 252) (Hint-replay failed): assertion failed
FStar.ModifiesGen.fst(1817,9-1817,113): (Warning 252) (Hint-replay failed): assertion failed
FStar.ModifiesGen.fst(1885,2-1891,167): (Warning 252) (Hint-replay failed): could not prove post-condition (see also FStar.ModifiesGen.fsti(1014,2-1014,78))
LowStar.Modifies.fsti(641,2-641,42): (Warning 252) (Hint-replay failed): assertion failed (see also LowStar.Modifies.fsti(618,48-618,82))
LowStar.Modifies.fsti(651,2-651,38): (Warning 252) (Hint-replay failed): assertion failed (see also LowStar.Modifies.fsti(628,48-628,78))
LowStar.Modifies.fsti(690,2-690,38): (Warning 252) (Hint-replay failed): assertion failed (see also LowStar.Modifies.fsti(658,48-658,89))
LowStar.Modifies.fsti(701,2-701,49): (Warning 252) (Hint-replay failed): assertion failed (see also LowStar.Modifies.fsti(669,48-669,82))
LowStar.Modifies.fsti(711,2-711,45): (Warning 252) (Hint-replay failed): assertion failed (see also LowStar.Modifies.fsti(679,48-679,78))
LowStar.BufferOps.fst(74,2-85,5): (Warning 252) (Hint-replay failed): could not prove post-condition (see also LowStar.BufferOps.fst(64,4-64,38))
LowStar.Buffer.fst(456,4-456,10): (Warning 252) (Hint-replay failed): assertion failed (see also LowStar.Buffer.fst(456,11-456,53))
LowStar.Buffer.fst(464,2-470,42): (Warning 252) (Hint-replay failed): could not prove post-condition (see also LowStar.Buffer.fsti(705,4-705,21))
LowStar.Buffer.fst(502,2-502,31): (Warning 252) (Hint-replay failed): could not prove post-condition (see also LowStar.Buffer.fsti(742,4-742,71))
LowStar.Buffer.fst(521,2-526,3): (Warning 252) (Hint-replay failed): could not prove post-condition (see also LowStar.Buffer.fsti(773,2-773,11))
LowStar.Buffer.fst(535,2-539,3): (Warning 252) (Hint-replay failed): could not prove post-condition (see also LowStar.Buffer.fsti(774,2-774,69))
LowStar.Buffer.fst(542,2-549,3): (Warning 252) (Hint-replay failed): could not prove post-condition (see also LowStar.Buffer.fsti(772,2-772,18))
LowStar.Buffer.fst(552,2-559,3): (Warning 252) (Hint-replay failed): could not prove post-condition (see also LowStar.Buffer.fsti(773,2-773,11))
LowStar.BufferView.fst(79,31-79,33): (Warning 252) (Hint-replay failed): Subtyping check failed; expected type FStar.Seq.Properties.lseq (FStar.Pervasives.dfst vb)
(LowStar.Buffer.length (LowStar.BufferView.as_buffer vb)); got type FStar.Seq.Base.seq (FStar.Pervasives.dfst vb) (see also FStar.Seq.Properties.fst(24,19-24,36))
LowStar.BufferView.fst(84,4-98,24): (Warning 252) (Hint-replay failed): could not prove post-condition (see also LowStar.BufferView.fst(82,11-82,41))
LowStar.BufferView.fst(156,38-156,40): (Warning 252) (Hint-replay failed): Subtyping check failed; expected type FStar.Seq.Properties.lseq (FStar.Pervasives.dfst vb)
(LowStar.Buffer.length (LowStar.BufferView.as_buffer vb)); got type FStar.Seq.Base.seq (FStar.Pervasives.dfst vb) (see also FStar.Seq.Properties.fst(24,19-24,36))
LowStar.Modifies.fst(105,2-108,150): (Warning 252) (Hint-replay failed): could not prove post-condition (see also LowStar.Modifies.fsti(416,11-416,57))
LowStar.Modifies.fst(117,2-117,122): (Warning 252) (Hint-replay failed): could not prove post-condition (see also LowStar.Modifies.fsti(469,11-469,78))
LowStar.Modifies.fsti(641,2-641,42): (Warning 252) (Hint-replay failed): assertion failed (see also LowStar.Modifies.fsti(618,48-618,82))
LowStar.Modifies.fsti(651,2-651,38): (Warning 252) (Hint-replay failed): assertion failed (see also LowStar.Modifies.fsti(628,48-628,78))
LowStar.Modifies.fst(178,43-178,80): (Warning 252) (Hint-replay failed): Subtyping check failed; expected type 
l1: LowStar.Modifies.loc ->
l2: LowStar.Modifies.loc ->
h: FStar.Monotonic.HyperStack.mem ->
h': FStar.Monotonic.HyperStack.mem ->
x: FStar.Monotonic.HyperHeap.rid ->
Prims.Lemma Prims.unit; got type 
l1: FStar.ModifiesGen.loc LowStar.Modifies.cls ->
l2: FStar.ModifiesGen.loc LowStar.Modifies.cls ->
h: FStar.Monotonic.HyperStack.mem ->
h': FStar.Monotonic.HyperStack.mem ->
r: FStar.Monotonic.HyperHeap.rid ->
Prims.Lemma Prims.unit (see also FStar.ModifiesGen.fsti(658,104-658,145))
LowStar.Modifies.fst(180,54-180,101): (Warning 252) (Hint-replay failed): Subtyping check failed; expected type 
l1: LowStar.Modifies.loc ->
l2: LowStar.Modifies.loc ->
h: FStar.Monotonic.HyperStack.mem ->
h': FStar.Monotonic.HyperStack.mem ->
x: FStar.Monotonic.HyperStack.mreference t pre ->
Prims.Lemma Prims.unit; got type 
l1: FStar.ModifiesGen.loc LowStar.Modifies.cls ->
l2: FStar.ModifiesGen.loc LowStar.Modifies.cls ->
h: FStar.Monotonic.HyperStack.mem ->
h': FStar.Monotonic.HyperStack.mem ->
r: FStar.Monotonic.HyperStack.mreference t pre ->
Prims.Lemma Prims.unit (see also FStar.ModifiesGen.fsti(669,104-669,138))
LowStar.Modifies.fst(186,7-186,46): (Warning 252) (Hint-replay failed): assertion failed (see also FStar.ModifiesGen.fsti(680,104-680,135))
LowStar.Modifies.fsti(690,2-690,38): (Warning 252) (Hint-replay failed): assertion failed (see also LowStar.Modifies.fsti(658,48-658,89))
LowStar.Modifies.fsti(701,2-701,49): (Warning 252) (Hint-replay failed): assertion failed (see also LowStar.Modifies.fsti(669,48-669,82))
LowStar.Modifies.fsti(711,2-711,45): (Warning 252) (Hint-replay failed): assertion failed (see also LowStar.Modifies.fsti(679,48-679,78))
LowStar.Modifies.fst(258,2-258,23): (Warning 252) (Hint-replay failed): assertion failed (see also LowStar.Modifies.fsti(403,59-403,77))
FStar.Pointer.Derived1.fst(118,2-118,8): (Warning 252) (Hint-replay failed): assertion failed (see also FStar.Pointer.Derived1.fst(118,9-118,104))
FStar.Pointer.Derived1.fst(168,2-168,8): (Warning 252) (Hint-replay failed): assertion failed (see also FStar.Pointer.Derived1.fst(168,9-168,91))
FStar.Pointer.Derived1.fst(171,2-171,23): (Warning 252) (Hint-replay failed): assertion failed (see also FStar.Pointer.Base.fsti(1493,5-1493,45))
FStar.Buffer.fst(740,4-740,6): (Warning 252) (Hint-replay failed): could not prove post-condition (see also FStar.Buffer.fst(738,12-738,35))
FStar.Buffer.fst(765,4-765,6): (Warning 252) (Hint-replay failed): could not prove post-condition (see also FStar.Buffer.fst(763,12-763,37))
FStar.Buffer.fst(806,2-806,8): (Warning 252) (Hint-replay failed): assertion failed (see also FStar.Buffer.fst(806,9-806,43))
FStar.Buffer.fst(841,2-841,8): (Warning 252) (Hint-replay failed): assertion failed (see also FStar.Buffer.fst(841,9-841,43))
FStar.Buffer.fst(848,4-850,56): (Warning 252) (Hint-replay failed): could not prove post-condition (see also FStar.Buffer.fst(847,12-847,80))
FStar.Buffer.fst(865,4-874,5): (Warning 252) (Hint-replay failed): could not prove post-condition (see also FStar.Buffer.fst(854,7-854,16))
FStar.Buffer.fst(960,4-961,44): (Warning 252) (Hint-replay failed): could not prove post-condition (see also FStar.Buffer.fst(959,7-959,35))
FStar.Buffer.fst(992,28-992,48): (Warning 252) (Hint-replay failed): could not prove post-condition (see also FStar.Buffer.fst(990,7-990,81))
FStar.Buffer.fst(1006,6-1006,20): (Warning 252) (Hint-replay failed): assertion failed (see also FStar.Seq.Base.fst(214,16-214,37))
FStar.Buffer.fst(1301,4-1301,6): (Warning 252) (Hint-replay failed): could not prove post-condition (see also FStar.Buffer.fst(1299,13-1299,31))
FStar.Modifies.fsti(466,2-466,42): (Warning 252) (Hint-replay failed): assertion failed (see also FStar.Modifies.fsti(439,48-439,82))
FStar.Modifies.fsti(480,2-480,38): (Warning 252) (Hint-replay failed): assertion failed (see also FStar.Modifies.fsti(449,48-449,78))
FStar.Modifies.fsti(523,2-523,38): (Warning 252) (Hint-replay failed): assertion failed (see also FStar.Modifies.fsti(487,48-487,89))
FStar.Modifies.fsti(538,2-538,49): (Warning 252) (Hint-replay failed): assertion failed (see also FStar.Modifies.fsti(498,48-498,82))
FStar.Modifies.fsti(552,2-552,45): (Warning 252) (Hint-replay failed): assertion failed (see also FStar.Modifies.fsti(508,48-508,78))
LowStar.ToFStarBuffer.fst(247,2-247,4): (Warning 252) (Hint-replay failed): could not prove post-condition (see also LowStar.ToFStarBuffer.fst(246,11-246,45))
LowStar.ToFStarBuffer.fst(256,2-256,4): (Warning 252) (Hint-replay failed): could not prove post-condition (see also LowStar.ToFStarBuffer.fst(255,11-255,51))
LowStar.ToFStarBuffer.fst(266,2-266,4): (Warning 252) (Hint-replay failed): could not prove post-condition (see also LowStar.ToFStarBuffer.fst(265,11-265,90))
LowStar.ToFStarBuffer.fst(285,2-286,19): (Warning 252) (Hint-replay failed): could not prove post-condition (see also LowStar.ToFStarBuffer.fst(281,13-281,49))
LowStar.ToFStarBuffer.fst(325,2-327,40): (Warning 252) (Hint-replay failed): could not prove post-condition (see also LowStar.ToFStarBuffer.fst(316,4-316,44))
LowStar.ToFStarBuffer.fst(341,2-342,19): (Warning 252) (Hint-replay failed): could not prove post-condition (see also LowStar.ToFStarBuffer.fst(337,4-337,42))
FStar.Modifies.fst(114,2-114,4): (Warning 252) (Hint-replay failed): could not prove post-condition (see also FStar.Modifies.fst(113,11-113,41))
FStar.Modifies.fsti(466,2-466,42): (Warning 252) (Hint-replay failed): assertion failed (see also FStar.Modifies.fsti(439,48-439,82))
FStar.Modifies.fsti(480,2-480,38): (Warning 252) (Hint-replay failed): assertion failed (see also FStar.Modifies.fsti(449,48-449,78))
FStar.Modifies.fst(285,43-285,80): (Warning 252) (Hint-replay failed): Subtyping check failed; expected type 
l1: FStar.Modifies.loc ->
l2: FStar.Modifies.loc ->
h: FStar.Monotonic.HyperStack.mem ->
h': FStar.Monotonic.HyperStack.mem ->
x: FStar.Monotonic.HyperHeap.rid ->
Prims.Lemma Prims.unit; got type 
l1: FStar.ModifiesGen.loc FStar.Modifies.cls ->
l2: FStar.ModifiesGen.loc FStar.Modifies.cls ->
h: FStar.Monotonic.HyperStack.mem ->
h': FStar.Monotonic.HyperStack.mem ->
r: FStar.Monotonic.HyperHeap.rid ->
Prims.Lemma Prims.unit (see also FStar.ModifiesGen.fsti(658,104-658,145))
FStar.Modifies.fst(287,54-287,101): (Warning 252) (Hint-replay failed): Subtyping check failed; expected type 
l1: FStar.Modifies.loc ->
l2: FStar.Modifies.loc ->
h: FStar.Monotonic.HyperStack.mem ->
h': FStar.Monotonic.HyperStack.mem ->
x: FStar.Monotonic.HyperStack.mreference t pre ->
Prims.Lemma Prims.unit; got type 
l1: FStar.ModifiesGen.loc FStar.Modifies.cls ->
l2: FStar.ModifiesGen.loc FStar.Modifies.cls ->
h: FStar.Monotonic.HyperStack.mem ->
h': FStar.Monotonic.HyperStack.mem ->
r: FStar.Monotonic.HyperStack.mreference t pre ->
Prims.Lemma Prims.unit (see also FStar.ModifiesGen.fsti(669,104-669,138))
FStar.Modifies.fst(290,5-290,44): (Warning 252) (Hint-replay failed): assertion failed (see also FStar.ModifiesGen.fsti(680,104-680,135))
FStar.Modifies.fsti(523,2-523,38): (Warning 252) (Hint-replay failed): assertion failed (see also FStar.Modifies.fsti(487,48-487,89))
FStar.Modifies.fsti(538,2-538,49): (Warning 252) (Hint-replay failed): assertion failed (see also FStar.Modifies.fsti(498,48-498,82))
FStar.Modifies.fsti(552,2-552,45): (Warning 252) (Hint-replay failed): assertion failed (see also FStar.Modifies.fsti(508,48-508,78))
make[3]: Target 'verify-core' not remade because of errors.
make[2]: *** [Makefile:12: all] Error 2
make[1]: *** [Makefile:175: fstarlib] Error 2
make: *** [Makefile:158: utest-prelude] Error 2
Command exited with non-zero status 2
10.89user 41.69system 8:11.42elapsed 10%CPU (0avgtext+0avgdata 1331469056maxresident)k
0inputs+0outputs (5450122major+0minor)pagefaults 0swaps
