dos2unix: converting file parser/parse.fsi to Unix format...
Warning: you are using the standard library and/or the %inline keyword. We
recommend switching on --infer in order to avoid obscure type error messages.
warning: CRLF will be replaced by LF in src/parser/parse.fsy.
The file will have its original line endings in your working directory.
FStar.Tactics.Effect.fst(26,20-26,41): (Error 76) Ill-typed application: application is (if a then reify (FStar.Tactics.Builtins.smt ()) else reify (FStar.Tactics.Builtins.fail "")) (FStar.Tactics.Types.decr_depth 
(FStar.Tactics.Types.set_proofstate_range ps'
(FStar.Range.prims_to_fstar_range FStar.Tactics.Derived.fst(130,4-132,16)))) 
remaining args are FStar.Tactics.Types.decr_depth (FStar.Tactics.Types.set_proofstate_range ps'
(FStar.Range.prims_to_fstar_range FStar.Tactics.Derived.fst(130,4-132,16)))
ml type of head is Obj.t

1 error was reported (see above)
make[4]: *** [Makefile.extract:17: tactics_ml/extracted/FStar_Tactics_Derived.ml] Error 1
FStar.Tactics.Effect.fst(26,20-26,41): (Error 76) Ill-typed application: application is (if a then reify (FStar.Tactics.Builtins.smt ()) else reify (FStar.Tactics.Builtins.fail "")) (FStar.Tactics.Types.decr_depth 
(FStar.Tactics.Types.set_proofstate_range ps'
(FStar.Range.prims_to_fstar_range FStar.Tactics.Derived.fst(130,4-132,16)))) 
remaining args are FStar.Tactics.Types.decr_depth (FStar.Tactics.Types.set_proofstate_range ps'
(FStar.Range.prims_to_fstar_range FStar.Tactics.Derived.fst(130,4-132,16)))
ml type of head is Obj.t

1 error was reported (see above)
make[4]: *** [Makefile.extract:17: tactics_ml/extracted/FStar_Tactics_Logic.ml] Error 1
FStar.Tactics.Effect.fst(26,20-26,41): (Error 76) Ill-typed application: application is (if a then reify (FStar.Tactics.Builtins.smt ()) else reify (FStar.Tactics.Builtins.fail "")) (FStar.Tactics.Types.decr_depth 
(FStar.Tactics.Types.set_proofstate_range ps'
(FStar.Range.prims_to_fstar_range FStar.Tactics.Derived.fst(130,4-132,16)))) 
remaining args are FStar.Tactics.Types.decr_depth (FStar.Tactics.Types.set_proofstate_range ps'
(FStar.Range.prims_to_fstar_range FStar.Tactics.Derived.fst(130,4-132,16)))
ml type of head is Obj.t

1 error was reported (see above)
make[4]: *** [Makefile.extract:17: tactics_ml/extracted/FStar_Tactics_Typeclasses.ml] Error 1
FStar.Tactics.Effect.fst(26,20-26,41): (Error 76) Ill-typed application: application is (if a then reify (FStar.Tactics.Builtins.smt ()) else reify (FStar.Tactics.Builtins.fail "")) (FStar.Tactics.Types.decr_depth 
(FStar.Tactics.Types.set_proofstate_range ps'
(FStar.Range.prims_to_fstar_range FStar.Tactics.Derived.fst(130,4-132,16)))) 
remaining args are FStar.Tactics.Types.decr_depth (FStar.Tactics.Types.set_proofstate_range ps'
(FStar.Range.prims_to_fstar_range FStar.Tactics.Derived.fst(130,4-132,16)))
ml type of head is Obj.t

1 error was reported (see above)
make[4]: *** [Makefile.extract:17: tactics_ml/extracted/FStar_Tactics_Simplifier.ml] Error 1
FStar.Tactics.Effect.fst(26,20-26,41): (Error 76) Ill-typed application: application is (if a then reify (FStar.Tactics.Builtins.smt ()) else reify (FStar.Tactics.Builtins.fail "")) (FStar.Tactics.Types.decr_depth 
(FStar.Tactics.Types.set_proofstate_range ps'
(FStar.Range.prims_to_fstar_range FStar.Tactics.Derived.fst(130,4-132,16)))) 
remaining args are FStar.Tactics.Types.decr_depth (FStar.Tactics.Types.set_proofstate_range ps'
(FStar.Range.prims_to_fstar_range FStar.Tactics.Derived.fst(130,4-132,16)))
ml type of head is Obj.t

1 error was reported (see above)
make[4]: *** [Makefile.extract:17: tactics_ml/extracted/FStar_Reflection_Arith.ml] Error 1
FStar.Tactics.Effect.fst(26,20-26,41): (Error 76) Ill-typed application: application is (if a then reify (FStar.Tactics.Builtins.smt ()) else reify (FStar.Tactics.Builtins.fail "")) (FStar.Tactics.Types.decr_depth 
(FStar.Tactics.Types.set_proofstate_range ps'
(FStar.Range.prims_to_fstar_range FStar.Tactics.Derived.fst(130,4-132,16)))) 
remaining args are FStar.Tactics.Types.decr_depth (FStar.Tactics.Types.set_proofstate_range ps'
(FStar.Range.prims_to_fstar_range FStar.Tactics.Derived.fst(130,4-132,16)))
ml type of head is Obj.t

1 error was reported (see above)
make[4]: *** [Makefile.extract:17: tactics_ml/extracted/FStar_Tactics_PatternMatching.ml] Error 1
FStar.Tactics.Effect.fst(26,20-26,41): (Error 76) Ill-typed application: application is (if a then reify (FStar.Tactics.Builtins.smt ()) else reify (FStar.Tactics.Builtins.fail "")) (FStar.Tactics.Types.decr_depth 
(FStar.Tactics.Types.set_proofstate_range ps'
(FStar.Range.prims_to_fstar_range FStar.Tactics.Derived.fst(130,4-132,16)))) 
remaining args are FStar.Tactics.Types.decr_depth (FStar.Tactics.Types.set_proofstate_range ps'
(FStar.Range.prims_to_fstar_range FStar.Tactics.Derived.fst(130,4-132,16)))
ml type of head is Obj.t

1 error was reported (see above)
make[4]: *** [Makefile.extract:17: tactics_ml/extracted/FStar_Tactics_Arith.ml] Error 1
FStar.Tactics.Effect.fst(26,20-26,41): (Error 76) Ill-typed application: application is (if a then reify (FStar.Tactics.Builtins.smt ()) else reify (FStar.Tactics.Builtins.fail "")) (FStar.Tactics.Types.decr_depth 
(FStar.Tactics.Types.set_proofstate_range ps'
(FStar.Range.prims_to_fstar_range FStar.Tactics.Derived.fst(130,4-132,16)))) 
remaining args are FStar.Tactics.Types.decr_depth (FStar.Tactics.Types.set_proofstate_range ps'
(FStar.Range.prims_to_fstar_range FStar.Tactics.Derived.fst(130,4-132,16)))
ml type of head is Obj.t

1 error was reported (see above)
make[4]: *** [Makefile.extract:17: tactics_ml/extracted/FStar_Tactics_BV.ml] Error 1
FStar.Tactics.Effect.fst(26,20-26,41): (Error 76) Ill-typed application: application is (if a then reify (FStar.Tactics.Builtins.smt ()) else reify (FStar.Tactics.Builtins.fail "")) (FStar.Tactics.Types.decr_depth 
(FStar.Tactics.Types.set_proofstate_range ps'
(FStar.Range.prims_to_fstar_range FStar.Tactics.Derived.fst(130,4-132,16)))) 
remaining args are FStar.Tactics.Types.decr_depth (FStar.Tactics.Types.set_proofstate_range ps'
(FStar.Range.prims_to_fstar_range FStar.Tactics.Derived.fst(130,4-132,16)))
ml type of head is Obj.t

1 error was reported (see above)
make[4]: *** [Makefile.extract:17: tactics_ml/extracted/FStar_Tactics_Canon.ml] Error 1
make[4]: Target 'all-ml' not remade because of errors.
make[3]: *** [Makefile:46: fstartaclib.mgen] Error 2
make[3]: Target 'install-fstar-tactics' not remade because of errors.
make[2]: *** [Makefile:3: all] Error 2
make[1]: *** [Makefile:173: fstarlib] Error 2
make: *** [Makefile:158: utest-prelude] Error 2
Command exited with non-zero status 2
8.91user 33.29system 5:02.39elapsed 13%CPU (0avgtext+0avgdata 999384320maxresident)k
0inputs+0outputs (4101555major+0minor)pagefaults 0swaps
