From https://github.com/mitls/hacl-star
890d35df..9265b686  frodo_aes_sn -> origin/frodo_aes_sn
make: *** [Makefile:78: extracted/Makefile.include] Error 1
make: *** Waiting for unfinished jobs....
make: *** [Makefile:84: uint128/Makefile.include] Error 1
dos2unix: converting file parser/parse.fsi to Unix format...
Warning: you are using the standard library and/or the %inline keyword. We
recommend switching on --infer in order to avoid obscure type error messages.
warning: CRLF will be replaced by LF in src/parser/parse.fsy.
The file will have its original line endings in your working directory.
cp: cannot stat './_build/src/ocaml-output/FStar_Tests_Pars.cmx': No such file or directory
FStar.Monotonic.Map.fst(65,20-65,31): (Warning 288) FStar.HyperStack.ST.stable_on_t is deprecated, use FStar.HyperStack.ST.stable_on instead
FStar.Monotonic.DependentMap.fsti(135,24-135,35): (Warning 288) FStar.HyperStack.ST.stable_on_t is deprecated, use FStar.HyperStack.ST.stable_on instead
FStar.Monotonic.DependentMap.fsti(147,24-147,35): (Warning 288) FStar.HyperStack.ST.stable_on_t is deprecated, use FStar.HyperStack.ST.stable_on instead
FStar.Monotonic.Seq.fst(60,19-60,30): (Warning 288) FStar.HyperStack.ST.stable_on_t is deprecated, use FStar.HyperStack.ST.stable_on instead
FStar.Monotonic.Seq.fst(102,19-102,30): (Warning 288) FStar.HyperStack.ST.stable_on_t is deprecated, use FStar.HyperStack.ST.stable_on instead
FStar.Monotonic.Seq.fst(109,19-109,30): (Warning 288) FStar.HyperStack.ST.stable_on_t is deprecated, use FStar.HyperStack.ST.stable_on instead
FStar.Monotonic.Seq.fst(259,10-259,21): (Warning 288) FStar.HyperStack.ST.stable_on_t is deprecated, use FStar.HyperStack.ST.stable_on instead
FStar.Monotonic.Seq.fst(273,11-273,22): (Warning 288) FStar.HyperStack.ST.stable_on_t is deprecated, use FStar.HyperStack.ST.stable_on instead
FStar.Monotonic.Seq.fst(320,11-320,22): (Warning 288) FStar.HyperStack.ST.stable_on_t is deprecated, use FStar.HyperStack.ST.stable_on instead
FStar.Monotonic.Seq.fst(343,11-343,22): (Warning 288) FStar.HyperStack.ST.stable_on_t is deprecated, use FStar.HyperStack.ST.stable_on instead
FStar.Monotonic.Seq.fst(369,11-369,22): (Warning 288) FStar.HyperStack.ST.stable_on_t is deprecated, use FStar.HyperStack.ST.stable_on instead
LowStar.Monotonic.Buffer.fst(1011,24-1011,35): (Warning 288) FStar.HyperStack.ST.stable_on_t is deprecated, use FStar.HyperStack.ST.stable_on instead
FStar.List.Tot.Properties.fst(858,2-858,37): (Warning 252) (Hint-replay failed): could not prove post-condition (see also FStar.List.Tot.Properties.fst(856,12-856,18))
FStar.List.Tot.Properties.fst(858,2-858,37): (Warning 252) could not prove post-condition (see also FStar.List.Tot.Properties.fst(856,12-856,18))
FStar.List.Tot.Properties.fst(887,2-888,24): (Warning 252) (Hint-replay failed): could not prove post-condition (see also FStar.List.Tot.Properties.fst(886,12-886,18))
FStar.OrdSet.fst(48,16-48,18): (Warning 252) (Hint-replay failed): Subtyping check failed; expected type Prims.eqtype; got type Type0 (see also prims.fst(27,22-27,29))
FStar.Monotonic.Heap.fsti(31,15-31,22): (Warning 252) (Hint-replay failed): Subtyping check failed; expected type Prims.eqtype; got type Type0 (see also prims.fst(27,22-27,29))
FStar.Monotonic.Heap.fsti(98,20-98,27): (Warning 252) (Hint-replay failed): Subtyping check failed; expected type Prims.eqtype; got type Type0 (see also prims.fst(27,22-27,29))
FStar.Monotonic.Heap.fsti(104,77-104,84): (Warning 252) (Hint-replay failed): Subtyping check failed; expected type Prims.eqtype; got type Type0 (see also prims.fst(27,22-27,29))
FStar.Monotonic.Heap.fsti(109,85-109,92): (Warning 252) (Hint-replay failed): Subtyping check failed; expected type Prims.eqtype; got type Type0 (see also prims.fst(27,22-27,29))
FStar.Monotonic.Heap.fsti(119,20-119,27): (Warning 252) (Hint-replay failed): Subtyping check failed; expected type Prims.eqtype; got type Type0 (see also prims.fst(27,22-27,29))
FStar.Monotonic.Heap.fsti(132,20-132,27): (Warning 252) (Hint-replay failed): Subtyping check failed; expected type Prims.eqtype; got type Type0 (see also prims.fst(27,22-27,29))
FStar.Monotonic.Heap.fsti(140,14-140,21): (Warning 252) (Hint-replay failed): Subtyping check failed; expected type Prims.eqtype; got type Type0 (see also prims.fst(27,22-27,29))
FStar.Monotonic.Heap.fsti(148,15-148,22): (Warning 252) (Hint-replay failed): Subtyping check failed; expected type Prims.eqtype; got type Type0 (see also prims.fst(27,22-27,29))
prims.fst(408,11-409,22): (Warning 252) (Hint-replay failed): Subtyping check failed; expected type Prims.eqtype; got type Type0 (see also prims.fst(27,22-27,29))
FStar.Monotonic.Heap.fsti(165,39-165,46): (Warning 252) (Hint-replay failed): Subtyping check failed; expected type Prims.eqtype; got type Type0 (see also prims.fst(27,22-27,29))
FStar.Monotonic.Heap.fsti(176,20-176,27): (Warning 252) (Hint-replay failed): Subtyping check failed; expected type Prims.eqtype; got type Type0 (see also prims.fst(27,22-27,29))
FStar.Monotonic.Heap.fsti(181,20-181,27): (Warning 252) (Hint-replay failed): Subtyping check failed; expected type Prims.eqtype; got type Type0 (see also prims.fst(27,22-27,29))
FStar.Monotonic.Heap.fsti(210,48-210,55): (Warning 252) (Hint-replay failed): Subtyping check failed; expected type Prims.eqtype; got type Type0 (see also prims.fst(27,22-27,29))
FStar.Monotonic.Heap.fsti(215,39-215,46): (Warning 252) (Hint-replay failed): Subtyping check failed; expected type Prims.eqtype; got type Type0 (see also prims.fst(27,22-27,29))
FStar.Monotonic.Heap.fsti(222,21-222,28): (Warning 252) (Hint-replay failed): Subtyping check failed; expected type Prims.eqtype; got type Type0 (see also prims.fst(27,22-27,29))
FStar.Monotonic.Heap.fsti(252,60-252,67): (Warning 252) (Hint-replay failed): Subtyping check failed; expected type Prims.eqtype; got type Type0 (see also prims.fst(27,22-27,29))
FStar.Monotonic.Heap.fsti(314,26-314,38): (Warning 252) (Hint-replay failed): Subtyping check failed; expected type Prims.eqtype; got type Type0 (see also prims.fst(27,22-27,29))
FStar.Relational.Comp.fst(48,34-48,68): (Warning 252) (Hint-replay failed): assertion failed (see also FStar.Pervasives.fst(36,2-36,33))
FStar.Seq.Properties.fst(478,2-481,29): (Warning 252) (Hint-replay failed): could not prove post-condition (see also FStar.Seq.Properties.fst(476,20-476,28))
FStar.Fin.fst(36,2-51,18): (Warning 252) (Hint-replay failed): could not prove post-condition (see also FStar.Fin.fst(33,41-33,68))
FStar.Fin.fst(36,2-51,18): (Warning 252) (Hint-replay failed): could not prove post-condition (see also FStar.Fin.fst(33,41-33,68))
FStar.Array.fst(161,2-161,10): (Warning 252) (Hint-replay failed): assertion failed (see also FStar.Array.fst(138,10-138,57))
FStar.Array.fst(238,2-238,6): (Warning 252) (Hint-replay failed): assertion failed (see also FStar.Array.fst(202,5-202,42))
FStar.Monotonic.HyperStack.fst(106,4-106,6): (Warning 252) (Hint-replay failed): could not prove post-condition (see also FStar.Monotonic.HyperStack.fst(105,12-105,46))
FStar.Monotonic.HyperStack.fst(113,4-113,6): (Warning 252) (Hint-replay failed): could not prove post-condition (see also FStar.Monotonic.HyperStack.fst(47,18-47,51))
FStar.Monotonic.HyperStack.fst(121,4-121,6): (Warning 252) (Hint-replay failed): could not prove post-condition (see also FStar.Monotonic.HyperStack.fst(119,19-119,41))
FStar.Monotonic.HyperStack.fst(134,4-134,6): (Warning 252) (Hint-replay failed): could not prove post-condition (see also FStar.Monotonic.HyperStack.fst(129,20-129,76))
FStar.Monotonic.HyperStack.fst(142,4-142,6): (Warning 252) (Hint-replay failed): could not prove post-condition (see also FStar.Monotonic.HyperStack.fst(141,9-141,59))
FStar.Monotonic.HyperStack.fst(154,4-154,6): (Warning 252) (Hint-replay failed): could not prove post-condition (see also FStar.Monotonic.HyperStack.fst(151,19-151,69))
FStar.Monotonic.HyperStack.fst(165,4-165,6): (Warning 252) (Hint-replay failed): could not prove post-condition (see also FStar.Monotonic.HyperStack.fst(164,106-164,142))
FStar.Monotonic.HyperStack.fst(181,4-181,25): (Warning 252) (Hint-replay failed): could not prove post-condition (see also FStar.Monotonic.HyperStack.fst(180,19-180,45))
FStar.Monotonic.HyperStack.fst(307,55-307,57): (Warning 252) (Hint-replay failed): could not prove post-condition (see also FStar.Monotonic.HyperStack.fst(306,17-306,31))
FStar.Monotonic.HyperStack.fst(373,4-373,33): (Warning 252) (Hint-replay failed): assertion failed (see also FStar.Monotonic.HyperStack.fst(38,12-41,66))
FStar.Monotonic.HyperStack.fst(235,10-392,87): (Warning 252) (Hint-replay failed): Subtyping check failed; expected type Prims.eqtype; got type Type0 (see also prims.fst(27,22-27,29))
FStar.Monotonic.HyperStack.fst(433,6-433,8): (Warning 252) (Hint-replay failed): could not prove post-condition (see also FStar.Monotonic.HyperStack.fst(432,13-432,48))
FStar.Monotonic.HyperStack.fst(517,5-517,7): (Warning 252) (Hint-replay failed): could not prove post-condition (see also FStar.Monotonic.HyperStack.fst(516,11-516,35))
FStar.Monotonic.HyperStack.fst(603,8-649,69): (Warning 252) (Hint-replay failed): Subtyping check failed; expected type Prims.eqtype; got type Type0 (see also prims.fst(27,22-27,29))
FStar.Monotonic.HyperStack.fst(373,4-373,33): (Warning 252) (Hint-replay failed): assertion failed (see also FStar.Monotonic.HyperStack.fst(38,12-41,66))
FStar.Monotonic.HyperStack.fst(235,10-392,87): (Warning 252) (Hint-replay failed): Subtyping check failed; expected type Prims.eqtype; got type Type0 (see also prims.fst(27,22-27,29))
FStar.Monotonic.HyperStack.fst(651,4-651,27): (Warning 252) (Hint-replay failed): Subtyping check failed; expected type Prims.eqtype; got type Type0 (see also prims.fst(27,22-27,29))
FStar.Monotonic.Heap.fst(11,76-11,77): (Warning 252) (Hint-replay failed): Subtyping check failed; expected type Prims.pos; got type Prims.nat (see also prims.fst(409,17-409,22))
FStar.Monotonic.Heap.fst(15,20-15,29): (Warning 252) (Hint-replay failed): Subtyping check failed; expected type Prims.eqtype; got type Type0 (see also prims.fst(27,22-27,29))
FStar.Monotonic.Heap.fst(18,30-18,32): (Warning 252) (Hint-replay failed): could not prove post-condition (see also FStar.Monotonic.Heap.fsti(16,34-16,61))
FStar.Monotonic.Heap.fsti(31,15-31,22): (Warning 252) (Hint-replay failed): Subtyping check failed; expected type Prims.eqtype; got type Type0 (see also prims.fst(27,22-27,29))
FStar.Monotonic.Heap.fst(61,36-61,40): (Warning 252) (Hint-replay failed): Subtyping check failed; expected type Prims.eqtype; got type Type0 (see also prims.fst(27,22-27,29))
FStar.Monotonic.Heap.fst(65,28-65,42): (Warning 252) (Hint-replay failed): Subtyping check failed; expected type FStar.Monotonic.Heap.heap; got type FStar.Monotonic.Heap.heap_rec (see also FStar.Monotonic.Heap.fst(11,60-11,78))
FStar.Monotonic.Heap.fst(69,7-69,21): (Warning 252) (Hint-replay failed): Subtyping check failed; expected type FStar.Monotonic.Heap.heap; got type FStar.Monotonic.Heap.heap_rec (see also FStar.Monotonic.Heap.fst(11,60-11,78))
prims.fst(408,11-409,22): (Warning 252) (Hint-replay failed): Subtyping check failed; expected type Prims.eqtype; got type Type0 (see also prims.fst(27,22-27,29))
FStar.Monotonic.Heap.fst(90,41-90,45): (Warning 252) (Hint-replay failed): Subtyping check failed; expected type Prims.eqtype; got type Type0 (see also prims.fst(27,22-27,29))
FStar.Monotonic.Heap.fst(99,76-99,83): (Warning 252) (Hint-replay failed): Subtyping check failed; expected type Prims.eqtype; got type Type0 (see also prims.fst(27,22-27,29))
FStar.Monotonic.Heap.fst(117,63-117,70): (Warning 252) (Hint-replay failed): Subtyping check failed; expected type Prims.eqtype; got type Type0 (see also prims.fst(27,22-27,29))
FStar.Monotonic.Heap.fst(130,62-130,69): (Warning 252) (Hint-replay failed): Subtyping check failed; expected type Prims.eqtype; got type Type0 (see also prims.fst(27,22-27,29))
FStar.Monotonic.Heap.fst(143,61-143,68): (Warning 252) (Hint-replay failed): Subtyping check failed; expected type Prims.eqtype; got type Type0 (see also prims.fst(27,22-27,29))
FStar.Monotonic.Heap.fst(151,54-151,61): (Warning 252) (Hint-replay failed): Subtyping check failed; expected type Prims.eqtype; got type Type0 (see also prims.fst(27,22-27,29))
FStar.Monotonic.Heap.fst(160,4-160,6): (Warning 252) (Hint-replay failed): could not prove post-condition (see also FStar.Monotonic.Heap.fst(159,10-159,23))
FStar.Monotonic.Heap.fsti(98,20-98,27): (Warning 252) (Hint-replay failed): Subtyping check failed; expected type Prims.eqtype; got type Type0 (see also prims.fst(27,22-27,29))
FStar.Monotonic.Heap.fsti(104,77-104,84): (Warning 252) (Hint-replay failed): Subtyping check failed; expected type Prims.eqtype; got type Type0 (see also prims.fst(27,22-27,29))
FStar.Monotonic.Heap.fsti(109,85-109,92): (Warning 252) (Hint-replay failed): Subtyping check failed; expected type Prims.eqtype; got type Type0 (see also prims.fst(27,22-27,29))
FStar.Monotonic.Heap.fsti(119,20-119,27): (Warning 252) (Hint-replay failed): Subtyping check failed; expected type Prims.eqtype; got type Type0 (see also prims.fst(27,22-27,29))
FStar.Monotonic.Heap.fst(171,2-171,8): (Warning 252) (Hint-replay failed): assertion failed (see also FStar.Monotonic.Heap.fst(171,9-171,23))
FStar.Monotonic.Heap.fsti(132,20-132,27): (Warning 252) (Hint-replay failed): Subtyping check failed; expected type Prims.eqtype; got type Type0 (see also prims.fst(27,22-27,29))
FStar.Monotonic.Heap.fst(172,51-172,53): (Warning 252) (Hint-replay failed): could not prove post-condition (see also FStar.Monotonic.Heap.fsti(132,49-132,84))
FStar.Monotonic.Heap.fsti(140,14-140,21): (Warning 252) (Hint-replay failed): Subtyping check failed; expected type Prims.eqtype; got type Type0 (see also prims.fst(27,22-27,29))
FStar.Monotonic.Heap.fst(173,56-173,58): (Warning 252) (Hint-replay failed): could not prove post-condition (see also FStar.Monotonic.Heap.fsti(140,13-140,81))
FStar.Monotonic.Heap.fsti(148,15-148,22): (Warning 252) (Hint-replay failed): Subtyping check failed; expected type Prims.eqtype; got type Type0 (see also prims.fst(27,22-27,29))
FStar.Monotonic.Heap.fst(174,54-174,56): (Warning 252) (Hint-replay failed): could not prove post-condition (see also FStar.Monotonic.Heap.fsti(148,43-148,60))
prims.fst(408,11-409,22): (Warning 252) (Hint-replay failed): Subtyping check failed; expected type Prims.eqtype; got type Type0 (see also prims.fst(27,22-27,29))
FStar.Monotonic.Heap.fst(175,46-175,48): (Warning 252) (Hint-replay failed): could not prove post-condition (see also FStar.Monotonic.Heap.fsti(158,11-158,33))
FStar.Monotonic.Heap.fsti(165,39-165,46): (Warning 252) (Hint-replay failed): Subtyping check failed; expected type Prims.eqtype; got type Type0 (see also prims.fst(27,22-27,29))
FStar.Monotonic.Heap.fsti(176,20-176,27): (Warning 252) (Hint-replay failed): Subtyping check failed; expected type Prims.eqtype; got type Type0 (see also prims.fst(27,22-27,29))
FStar.Monotonic.Heap.fst(177,39-177,41): (Warning 252) (Hint-replay failed): could not prove post-condition (see also FStar.Monotonic.Heap.fsti(177,19-177,45))
FStar.Monotonic.Heap.fsti(181,20-181,27): (Warning 252) (Hint-replay failed): Subtyping check failed; expected type Prims.eqtype; got type Type0 (see also prims.fst(27,22-27,29))
FStar.Monotonic.Heap.fst(178,49-178,51): (Warning 252) (Hint-replay failed): could not prove post-condition (see also FStar.Monotonic.Heap.fsti(182,19-182,52))
FStar.Monotonic.Heap.fst(180,33-180,35): (Warning 252) (Hint-replay failed): could not prove post-condition (see also FStar.Monotonic.Heap.fsti(190,19-190,38))
FStar.Monotonic.Heap.fst(181,39-181,41): (Warning 252) (Hint-replay failed): could not prove post-condition (see also FStar.Monotonic.Heap.fsti(195,19-195,45))
FStar.Monotonic.Heap.fst(182,64-182,66): (Warning 252) (Hint-replay failed): could not prove post-condition (see also FStar.Monotonic.Heap.fsti(202,13-202,50))
FStar.Monotonic.Heap.fsti(210,48-210,55): (Warning 252) (Hint-replay failed): Subtyping check failed; expected type Prims.eqtype; got type Type0 (see also prims.fst(27,22-27,29))
FStar.Monotonic.Heap.fst(183,60-183,62): (Warning 252) (Hint-replay failed): could not prove post-condition (see also FStar.Monotonic.Heap.fsti(209,35-209,51))
FStar.Monotonic.Heap.fsti(215,39-215,46): (Warning 252) (Hint-replay failed): Subtyping check failed; expected type Prims.eqtype; got type Type0 (see also prims.fst(27,22-27,29))
FStar.Monotonic.Heap.fst(184,68-184,70): (Warning 252) (Hint-replay failed): could not prove post-condition (see also FStar.Monotonic.Heap.fsti(216,19-216,47))
FStar.Monotonic.Heap.fsti(222,21-222,28): (Warning 252) (Hint-replay failed): Subtyping check failed; expected type Prims.eqtype; got type Type0 (see also prims.fst(27,22-27,29))
FStar.Monotonic.Heap.fst(185,51-185,53): (Warning 252) (Hint-replay failed): could not prove post-condition (see also FStar.Monotonic.Heap.fsti(222,19-222,100))
FStar.Monotonic.Heap.fst(186,48-186,50): (Warning 252) (Hint-replay failed): could not prove post-condition (see also FStar.Monotonic.Heap.fsti(227,19-227,69))
FStar.Monotonic.Heap.fst(187,46-187,48): (Warning 252) (Hint-replay failed): could not prove post-condition (see also FStar.Monotonic.Heap.fsti(232,19-232,71))
FStar.Monotonic.Heap.fst(191,67-191,69): (Warning 252) (Hint-replay failed): could not prove post-condition (see also FStar.Monotonic.Heap.fsti(248,19-248,41))
FStar.Monotonic.Heap.fsti(252,60-252,67): (Warning 252) (Hint-replay failed): Subtyping check failed; expected type Prims.eqtype; got type Type0 (see also prims.fst(27,22-27,29))
FStar.Monotonic.Heap.fst(194,9-194,42): (Warning 252) (Hint-replay failed): assertion failed
FStar.Monotonic.Heap.fst(199,2-199,8): (Warning 252) (Hint-replay failed): assertion failed (see also FStar.Monotonic.Heap.fst(199,9-199,22))
FStar.Monotonic.Heap.fst(204,2-204,8): (Warning 252) (Hint-replay failed): assertion failed (see also FStar.Monotonic.Heap.fst(204,9-204,21))
FStar.Monotonic.Heap.fst(209,2-209,8): (Warning 252) (Hint-replay failed): assertion failed (see also FStar.Monotonic.Heap.fst(209,9-209,22))
FStar.Monotonic.Heap.fst(243,36-243,38): (Warning 252) (Hint-replay failed): could not prove post-condition (see also FStar.Monotonic.Heap.fsti(310,90-310,139))
FStar.Monotonic.Heap.fsti(314,26-314,38): (Warning 252) (Hint-replay failed): Subtyping check failed; expected type Prims.eqtype; got type Type0 (see also prims.fst(27,22-27,29))
FStar.Util.fst(13,29-13,64): (Warning 252) (Hint-replay failed): Subtyping check failed; expected type Prims.eqtype; got type Type0 (see also prims.fst(27,22-27,29))
FStar.Util.fst(13,29-13,64): (Warning 252) (Hint-replay failed): Subtyping check failed; expected type Prims.eqtype; got type Type0 (see also prims.fst(27,22-27,29))
FStar.Util.fst(13,29-13,64): (Warning 252) (Hint-replay failed): Subtyping check failed; expected type a: Type0{Prims.hasEq a}; got type Type0 (see also FStar.Set.fst(22,30-22,37))
FStar.Integers.fst(440,5-454,43): (Warning 252) (Hint-replay failed): Patterns are incomplete
FStar.HyperStack.ST.fst(89,2-89,9): (Warning 252) (Hint-replay failed): Subtyping check failed; expected type FStar.Preorder.preorder FStar.Monotonic.HyperStack.mem; got type m1: FStar.Monotonic.HyperStack.mem -> m2: FStar.Monotonic.HyperStack.mem -> Prims.Tot Type0 (see also FStar.Preorder.fst(12,40-12,56))
FStar.HyperStack.ST.fst(222,46-222,48): (Warning 252) (Hint-replay failed): could not prove post-condition (see also FStar.HyperStack.ST.fst(221,72-221,104))
FStar.HyperStack.ST.fst(226,99-226,101): (Warning 252) (Hint-replay failed): could not prove post-condition (see also FStar.HyperStack.ST.fst(187,4-187,70))
FStar.HyperStack.ST.fst(229,49-229,51): (Warning 252) (Hint-replay failed): could not prove post-condition (see also FStar.HyperStack.ST.fst(228,78-228,112))
FStar.HyperStack.ST.fst(234,4-234,6): (Warning 252) (Hint-replay failed): could not prove post-condition (see also FStar.HyperStack.ST.fst(187,4-187,70))
FStar.HyperStack.ST.fst(238,57-238,59): (Warning 252) (Hint-replay failed): could not prove post-condition (see also FStar.HyperStack.ST.fst(237,79-237,115))
FStar.HyperStack.ST.fst(243,4-243,6): (Warning 252) (Hint-replay failed): could not prove post-condition (see also FStar.HyperStack.ST.fst(187,4-187,70))
FStar.HyperStack.ST.fst(247,63-247,65): (Warning 252) (Hint-replay failed): could not prove post-condition (see also FStar.HyperStack.ST.fst(246,85-246,127))
FStar.HyperStack.ST.fst(253,4-253,6): (Warning 252) (Hint-replay failed): could not prove post-condition (see also FStar.HyperStack.ST.fst(187,4-187,70))
FStar.HyperStack.ST.fst(395,4-395,11): (Warning 252) (Hint-replay failed): assertion failed (see also FStar.HyperStack.ST.fst(137,60-137,73))
FStar.HyperStack.ST.fst(405,4-405,11): (Warning 252) (Hint-replay failed): assertion failed (see also FStar.HyperStack.ST.fst(137,60-137,73))
FStar.HyperStack.ST.fst(423,4-423,11): (Warning 252) (Hint-replay failed): assertion failed (see also FStar.HyperStack.ST.fst(137,60-137,73))
FStar.HyperStack.ST.fst(459,4-459,11): (Warning 252) (Hint-replay failed): assertion failed (see also FStar.HyperStack.ST.fst(137,60-137,73))
FStar.HyperStack.ST.fst(478,4-478,11): (Warning 252) (Hint-replay failed): assertion failed (see also FStar.HyperStack.ST.fst(137,60-137,73))
FStar.HyperStack.ST.fst(500,4-500,11): (Warning 252) (Hint-replay failed): assertion failed (see also FStar.HyperStack.ST.fst(137,60-137,73))
FStar.HyperStack.ST.fst(520,4-520,11): (Warning 252) (Hint-replay failed): assertion failed (see also FStar.HyperStack.ST.fst(137,60-137,73))
FStar.HyperStack.ST.fst(563,4-563,11): (Warning 252) (Hint-replay failed): assertion failed (see also FStar.HyperStack.ST.fst(137,60-137,73))
FStar.HyperStack.ST.fst(579,27-579,28): (Warning 252) (Hint-replay failed): Subtyping check failed; expected type r: FStar.Monotonic.HyperStack.mreference a rel {FStar.Monotonic.HyperStack.contains m0 r}; got type FStar.HyperStack.ST.mreference a rel (see also FStar.Monotonic.HyperStack.fst(347,68-347,82))
FStar.HyperStack.ST.fst(599,92-599,105): (Warning 252) (Hint-replay failed): Subtyping check failed; expected type r:
FStar.Monotonic.Heap.mref a rel
{ FStar.Monotonic.Heap.contains (FStar.Map.sel (FStar.Monotonic.HyperStack.get_hmap m0)
(FStar.Monotonic.HyperStack.frameOf r))
r }; got type FStar.Monotonic.Heap.mref a rel (see also FStar.Monotonic.Heap.fsti(236,54-236,68))
FStar.HyperStack.ST.fst(620,4-621,52): (Warning 252) (Hint-replay failed): could not prove post-condition (see also FStar.HyperStack.ST.fst(619,51-619,66))
FStar.HyperStack.ST.fst(641,4-641,15): (Warning 252) (Hint-replay failed): assertion failed (see also FStar.HyperStack.ST.fst(139,76-139,80))
FStar.HyperStack.ST.fst(667,4-674,38): (Warning 252) (Hint-replay failed): could not prove post-condition (see also FStar.HyperStack.ST.fst(300,91-300,115))
FStar.HyperStack.ST.fst(694,4-694,14): (Warning 252) (Hint-replay failed): assertion failed (see also FStar.HyperStack.ST.fst(140,76-140,87))
FStar.HyperStack.ST.fst(702,52-702,54): (Warning 252) (Hint-replay failed): Subtyping check failed; expected type Prims.squash (forall (x: c). FStar.HyperStack.ST.witnessed (p' x)); got type Prims.unit (see also FStar.HyperStack.ST.fst(702,32-702,48))
(Warning 252) (Hint-replay failed): assertion failed
FStar.Tactics.Derived.fst(144,6-144,10): (Warning 252) (Hint-replay failed): assertion failed (see also FStar.Tactics.Effect.fst(33,65-33,79))
FStar.Tactics.Derived.fst(245,8-245,12): (Warning 252) (Hint-replay failed): assertion failed (see also FStar.Tactics.Effect.fst(33,65-33,79))
FStar.Tactics.Derived.fst(248,4-250,16): (Warning 252) Patterns are incomplete
(Warning 252) (Hint-replay failed): assertion failed
FStar.Tactics.Derived.fst(144,6-144,10): (Warning 252) (Hint-replay failed): assertion failed (see also FStar.Tactics.Effect.fst(33,65-33,79))
FStar.Tactics.Derived.fst(245,8-245,12): (Warning 252) (Hint-replay failed): assertion failed (see also FStar.Tactics.Effect.fst(33,65-33,79))
FStar.Tactics.Derived.fst(248,4-250,16): (Warning 252) Patterns are incomplete
FStar.Monotonic.DependentMap.fsti(135,24-135,35): (Warning 288) FStar.HyperStack.ST.stable_on_t is deprecated, use FStar.HyperStack.ST.stable_on instead
FStar.Monotonic.DependentMap.fsti(147,24-147,35): (Warning 288) FStar.HyperStack.ST.stable_on_t is deprecated, use FStar.HyperStack.ST.stable_on instead
FStar.Monotonic.DependentMap.fsti(135,24-135,35): (Warning 288) FStar.HyperStack.ST.stable_on_t is deprecated, use FStar.HyperStack.ST.stable_on instead
FStar.Monotonic.DependentMap.fsti(147,24-147,35): (Warning 288) FStar.HyperStack.ST.stable_on_t is deprecated, use FStar.HyperStack.ST.stable_on instead
FStar.Monotonic.Map.fst(65,20-65,31): (Warning 288) FStar.HyperStack.ST.stable_on_t is deprecated, use FStar.HyperStack.ST.stable_on instead
FStar.Monotonic.Map.fst(28,2-29,71): (Warning 252) (Hint-replay failed): assertion failed (see also FStar.Preorder.fst(12,40-12,56))
FStar.Monotonic.Map.fst(66,4-66,6): (Warning 252) (Hint-replay failed): could not prove post-condition (see also FStar.HyperStack.ST.fst(653,64-653,68))
FStar.Monotonic.Map.fst(82,6-82,8): (Warning 252) (Hint-replay failed): assertion failed (see also FStar.HyperStack.ST.fst(574,54-574,72))
FStar.Monotonic.Map.fst(105,8-105,18): (Warning 252) (Hint-replay failed): assertion failed (see also FStar.HyperStack.ST.fst(653,64-653,68))
(Warning 252) (Hint-replay failed): assertion failed
FStar.Printf.fst(179,21-179,98): (Warning 252) (Hint-replay failed): Subtyping check failed; expected type (match
let FStar.Pervasives.Native.Some v =
match FStar.String.list_of_string s with
| [] -> FStar.Pervasives.Native.Some []
| ['%'] -> FStar.Pervasives.Native.None
| '%' :: 'u' :: s' ->
(match s' with
| 'y' :: s'' ->
(match FStar.Printf.parse_format s'' FStar.Printf.no_extensions with
| FStar.Pervasives.Native.None  -> FStar.Pervasives.Native.None
| FStar.Pervasives.Native.Some ds ->
FStar.Pervasives.Native.Some (FStar.Printf.Arg (FStar.Printf.U8) :: ds))
<:
Prims.Tot (FStar.Pervasives.Native.option (Prims.list FStar.Printf.dir))
| 's' :: s'' ->
(match FStar.Printf.parse_format s'' FStar.Printf.no_extensions with
| FStar.Pervasives.Native.None  -> FStar.Pervasives.Native.None
| FStar.Pervasives.Native.Some ds ->
FStar.Pervasives.Native.Some (FStar.Printf.Arg (FStar.Printf.U16) :: ds))
<:
Prims.Tot (FStar.Pervasives.Native.option (Prims.list FStar.Printf.dir))
| 'l' :: s'' ->
(match FStar.Printf.parse_format s'' FStar.Printf.no_extensions with
| FStar.Pervasives.Native.None  -> FStar.Pervasives.Native.None
| FStar.Pervasives.Native.Some ds ->
FStar.Pervasives.Native.Some (FStar.Printf.Arg (FStar.Printf.U32) :: ds))
<:
Prims.Tot (FStar.Pervasives.Native.option (Prims.list FStar.Printf.dir))
| 'L' :: s'' ->
(match FStar.Printf.parse_format s'' FStar.Printf.no_extensions with
| FStar.Pervasives.Native.None  -> FStar.Pervasives.Native.None
| FStar.Pervasives.Native.Some ds ->
FStar.Pervasives.Native.Some (FStar.Printf.Arg (FStar.Printf.U64) :: ds))
<:
Prims.Tot (FStar.Pervasives.Native.option (Prims.list FStar.Printf.dir))
| _ -> FStar.Pervasives.Native.None)
<:
FStar.Pervasives.Native.option (Prims.list FStar.Printf.dir)
| '%' :: 'X' :: s' ->
(match FStar.Printf.no_extensions s' with
| FStar.Pervasives.Native.Some (ext, rest) ->
(match FStar.Printf.parse_format rest FStar.Printf.no_extensions with
| FStar.Pervasives.Native.None  -> FStar.Pervasives.Native.None
| FStar.Pervasives.Native.Some ds ->
FStar.Pervasives.Native.Some (FStar.Printf.Arg (FStar.Printf.Extension ext) :: ds))
<:
Prims.Tot (FStar.Pervasives.Native.option (Prims.list FStar.Printf.dir))
| _ -> FStar.Pervasives.Native.None)
<:
FStar.Pervasives.Native.option (Prims.list FStar.Printf.dir)
| '%' :: c :: s' ->
(match c with
| '%' ->
(match FStar.Printf.parse_format s' FStar.Printf.no_extensions with
| FStar.Pervasives.Native.None  -> FStar.Pervasives.Native.None
| FStar.Pervasives.Native.Some ds ->
FStar.Pervasives.Native.Some (FStar.Printf.Lit '%' :: ds))
<:
Prims.Tot (FStar.Pervasives.Native.option (Prims.list FStar.Printf.dir))
| 'b' ->
(match FStar.Printf.parse_format s' FStar.Printf.no_extensions with
| FStar.Pervasives.Native.None  -> FStar.Pervasives.Native.None
| FStar.Pervasives.Native.Some ds ->
FStar.Pervasives.Native.Some (FStar.Printf.Arg (FStar.Printf.Bool) :: ds))
<:
Prims.Tot (FStar.Pervasives.Native.option (Prims.list FStar.Printf.dir))
| 'd' ->
(match FStar.Printf.parse_format s' FStar.Printf.no_extensions with
| FStar.Pervasives.Native.None  -> FStar.Pervasives.Native.None
| FStar.Pervasives.Native.Some ds ->
FStar.Pervasives.Native.Some (FStar.Printf.Arg (FStar.Printf.Int) :: ds))
<:
Prims.Tot (FStar.Pervasives.Native.option (Prims.list FStar.Printf.dir))
| 'c' ->
(match FStar.Printf.parse_format s' FStar.Printf.no_extensions with
| FStar.Pervasives.Native.None  -> FStar.Pervasives.Native.None
| FStar.Pervasives.Native.Some ds ->
FStar.Pervasives.Native.Some (FStar.Printf.Arg (FStar.Printf.Char) :: ds))
<:
Prims.Tot (FStar.Pervasives.Native.option (Prims.list FStar.Printf.dir))
| 's' ->
(match FStar.Printf.parse_format s' FStar.Printf.no_extensions with
| FStar.Pervasives.Native.None  -> FStar.Pervasives.Native.None
| FStar.Pervasives.Native.Some ds ->
FStar.Pervasives.Native.Some (FStar.Printf.Arg (FStar.Printf.String) :: ds))
<:
Prims.Tot (FStar.Pervasives.Native.option (Prims.list FStar.Printf.dir))
| 'y' ->
(match FStar.Printf.parse_format s' FStar.Printf.no_extensions with
| FStar.Pervasives.Native.None  -> FStar.Pervasives.Native.None
| FStar.Pervasives.Native.Some ds ->
FStar.Pervasives.Native.Some (FStar.Printf.Arg (FStar.Printf.I8) :: ds))
<:
Prims.Tot (FStar.Pervasives.Native.option (Prims.list FStar.Printf.dir))
| 'i' ->
(match FStar.Printf.parse_format s' FStar.Printf.no_extensions with
| FStar.Pervasives.Native.None  -> FStar.Pervasives.Native.None
| FStar.Pervasives.Native.Some ds ->
FStar.Pervasives.Native.Some (FStar.Printf.Arg (FStar.Printf.I16) :: ds))
<:
Prims.Tot (FStar.Pervasives.Native.option (Prims.list FStar.Printf.dir))
| 'l' ->
(match FStar.Printf.parse_format s' FStar.Printf.no_extensions with
| FStar.Pervasives.Native.None  -> FStar.Pervasives.Native.None
| FStar.Pervasives.Native.Some ds ->
FStar.Pervasives.Native.Some (FStar.Printf.Arg (FStar.Printf.I32) :: ds))
<:
Prims.Tot (FStar.Pervasives.Native.option (Prims.list FStar.Printf.dir))
| 'L' ->
(match FStar.Printf.parse_format s' FStar.Printf.no_extensions with
| FStar.Pervasives.Native.None  -> FStar.Pervasives.Native.None
| FStar.Pervasives.Native.Some ds ->
FStar.Pervasives.Native.Some (FStar.Printf.Arg (FStar.Printf.I64) :: ds))
<:
Prims.Tot (FStar.Pervasives.Native.option (Prims.list FStar.Printf.dir))
| _ -> FStar.Pervasives.Native.None)
<:
FStar.Pervasives.Native.option (Prims.list FStar.Printf.dir)
| c :: s' ->
(match FStar.Printf.parse_format s' FStar.Printf.no_extensions with
| FStar.Pervasives.Native.None  -> FStar.Pervasives.Native.None
| FStar.Pervasives.Native.Some ds ->
FStar.Pervasives.Native.Some (FStar.Printf.Lit c :: ds))
<:
Prims.Tot (FStar.Pervasives.Native.option (Prims.list FStar.Printf.dir))
in
v
with
| [] -> Prims.string
| FStar.Printf.Lit _ :: ds' -> FStar.Printf.dir_type ds'
| FStar.Printf.Arg a :: ds' -> _: FStar.Printf.arg_type a -> Prims.Tot (FStar.Printf.dir_type ds')
)
<:
Type0; got type FStar.Printf.dir_type (Some?.v (FStar.Printf.parse_format_string s FStar.Printf.no_extensions))
FStar.Printf.fst(190,21-190,94): (Warning 252) (Hint-replay failed): Subtyping check failed; expected type (match
let FStar.Pervasives.Native.Some v =
match FStar.String.list_of_string s with
| [] -> FStar.Pervasives.Native.Some []
| ['%'] -> FStar.Pervasives.Native.None
| '%' :: 'u' :: s' ->
(match s' with
| 'y' :: s'' ->
(match FStar.Printf.parse_format s'' parse_ext with
| FStar.Pervasives.Native.None  -> FStar.Pervasives.Native.None
| FStar.Pervasives.Native.Some ds ->
FStar.Pervasives.Native.Some (FStar.Printf.Arg (FStar.Printf.U8) :: ds))
<:
Prims.Tot (FStar.Pervasives.Native.option (Prims.list FStar.Printf.dir))
| 's' :: s'' ->
(match FStar.Printf.parse_format s'' parse_ext with
| FStar.Pervasives.Native.None  -> FStar.Pervasives.Native.None
| FStar.Pervasives.Native.Some ds ->
FStar.Pervasives.Native.Some (FStar.Printf.Arg (FStar.Printf.U16) :: ds))
<:
Prims.Tot (FStar.Pervasives.Native.option (Prims.list FStar.Printf.dir))
| 'l' :: s'' ->
(match FStar.Printf.parse_format s'' parse_ext with
| FStar.Pervasives.Native.None  -> FStar.Pervasives.Native.None
| FStar.Pervasives.Native.Some ds ->
FStar.Pervasives.Native.Some (FStar.Printf.Arg (FStar.Printf.U32) :: ds))
<:
Prims.Tot (FStar.Pervasives.Native.option (Prims.list FStar.Printf.dir))
| 'L' :: s'' ->
(match FStar.Printf.parse_format s'' parse_ext with
| FStar.Pervasives.Native.None  -> FStar.Pervasives.Native.None
| FStar.Pervasives.Native.Some ds ->
FStar.Pervasives.Native.Some (FStar.Printf.Arg (FStar.Printf.U64) :: ds))
<:
Prims.Tot (FStar.Pervasives.Native.option (Prims.list FStar.Printf.dir))
| _ -> FStar.Pervasives.Native.None)
<:
FStar.Pervasives.Native.option (Prims.list FStar.Printf.dir)
| '%' :: 'X' :: s' ->
(match parse_ext s' with
| FStar.Pervasives.Native.Some (ext, rest) ->
(match FStar.Printf.parse_format rest parse_ext with
| FStar.Pervasives.Native.None  -> FStar.Pervasives.Native.None
| FStar.Pervasives.Native.Some ds ->
FStar.Pervasives.Native.Some (FStar.Printf.Arg (FStar.Printf.Extension ext) :: ds))
<:
Prims.Tot (FStar.Pervasives.Native.option (Prims.list FStar.Printf.dir))
| _ -> FStar.Pervasives.Native.None)
<:
FStar.Pervasives.Native.option (Prims.list FStar.Printf.dir)
| '%' :: c :: s' ->
(match c with
| '%' ->
(match FStar.Printf.parse_format s' parse_ext with
| FStar.Pervasives.Native.None  -> FStar.Pervasives.Native.None
| FStar.Pervasives.Native.Some ds ->
FStar.Pervasives.Native.Some (FStar.Printf.Lit '%' :: ds))
<:
Prims.Tot (FStar.Pervasives.Native.option (Prims.list FStar.Printf.dir))
| 'b' ->
(match FStar.Printf.parse_format s' parse_ext with
| FStar.Pervasives.Native.None  -> FStar.Pervasives.Native.None
| FStar.Pervasives.Native.Some ds ->
FStar.Pervasives.Native.Some (FStar.Printf.Arg (FStar.Printf.Bool) :: ds))
<:
Prims.Tot (FStar.Pervasives.Native.option (Prims.list FStar.Printf.dir))
| 'd' ->
(match FStar.Printf.parse_format s' parse_ext with
| FStar.Pervasives.Native.None  -> FStar.Pervasives.Native.None
| FStar.Pervasives.Native.Some ds ->
FStar.Pervasives.Native.Some (FStar.Printf.Arg (FStar.Printf.Int) :: ds))
<:
Prims.Tot (FStar.Pervasives.Native.option (Prims.list FStar.Printf.dir))
| 'c' ->
(match FStar.Printf.parse_format s' parse_ext with
| FStar.Pervasives.Native.None  -> FStar.Pervasives.Native.None
| FStar.Pervasives.Native.Some ds ->
FStar.Pervasives.Native.Some (FStar.Printf.Arg (FStar.Printf.Char) :: ds))
<:
Prims.Tot (FStar.Pervasives.Native.option (Prims.list FStar.Printf.dir))
| 's' ->
(match FStar.Printf.parse_format s' parse_ext with
| FStar.Pervasives.Native.None  -> FStar.Pervasives.Native.None
| FStar.Pervasives.Native.Some ds ->
FStar.Pervasives.Native.Some (FStar.Printf.Arg (FStar.Printf.String) :: ds))
<:
Prims.Tot (FStar.Pervasives.Native.option (Prims.list FStar.Printf.dir))
| 'y' ->
(match FStar.Printf.parse_format s' parse_ext with
| FStar.Pervasives.Native.None  -> FStar.Pervasives.Native.None
| FStar.Pervasives.Native.Some ds ->
FStar.Pervasives.Native.Some (FStar.Printf.Arg (FStar.Printf.I8) :: ds))
<:
Prims.Tot (FStar.Pervasives.Native.option (Prims.list FStar.Printf.dir))
| 'i' ->
(match FStar.Printf.parse_format s' parse_ext with
| FStar.Pervasives.Native.None  -> FStar.Pervasives.Native.None
| FStar.Pervasives.Native.Some ds ->
FStar.Pervasives.Native.Some (FStar.Printf.Arg (FStar.Printf.I16) :: ds))
<:
Prims.Tot (FStar.Pervasives.Native.option (Prims.list FStar.Printf.dir))
| 'l' ->
(match FStar.Printf.parse_format s' parse_ext with
| FStar.Pervasives.Native.None  -> FStar.Pervasives.Native.None
| FStar.Pervasives.Native.Some ds ->
FStar.Pervasives.Native.Some (FStar.Printf.Arg (FStar.Printf.I32) :: ds))
<:
Prims.Tot (FStar.Pervasives.Native.option (Prims.list FStar.Printf.dir))
| 'L' ->
(match FStar.Printf.parse_format s' parse_ext with
| FStar.Pervasives.Native.None  -> FStar.Pervasives.Native.None
| FStar.Pervasives.Native.Some ds ->
FStar.Pervasives.Native.Some (FStar.Printf.Arg (FStar.Printf.I64) :: ds))
<:
Prims.Tot (FStar.Pervasives.Native.option (Prims.list FStar.Printf.dir))
| _ -> FStar.Pervasives.Native.None)
<:
FStar.Pervasives.Native.option (Prims.list FStar.Printf.dir)
| c :: s' ->
(match FStar.Printf.parse_format s' parse_ext with
| FStar.Pervasives.Native.None  -> FStar.Pervasives.Native.None
| FStar.Pervasives.Native.Some ds ->
FStar.Pervasives.Native.Some (FStar.Printf.Lit c :: ds))
<:
Prims.Tot (FStar.Pervasives.Native.option (Prims.list FStar.Printf.dir))
in
v
with
| [] -> Prims.string
| FStar.Printf.Lit _ :: ds' -> FStar.Printf.dir_type ds'
| FStar.Printf.Arg a :: ds' -> _: FStar.Printf.arg_type a -> Prims.Tot (FStar.Printf.dir_type ds')
)
<:
Type0; got type FStar.Printf.dir_type (Some?.v (FStar.Printf.parse_format_string s parse_ext))
(Warning 252) (Hint-replay failed): assertion failed
FStar.Printf.fst(179,21-179,98): (Warning 252) (Hint-replay failed): Subtyping check failed; expected type (match
let FStar.Pervasives.Native.Some v =
match FStar.String.list_of_string s with
| [] -> FStar.Pervasives.Native.Some []
| ['%'] -> FStar.Pervasives.Native.None
| '%' :: 'u' :: s' ->
(match s' with
| 'y' :: s'' ->
(match FStar.Printf.parse_format s'' FStar.Printf.no_extensions with
| FStar.Pervasives.Native.None  -> FStar.Pervasives.Native.None
| FStar.Pervasives.Native.Some ds ->
FStar.Pervasives.Native.Some (FStar.Printf.Arg (FStar.Printf.U8) :: ds))
<:
Prims.Tot (FStar.Pervasives.Native.option (Prims.list FStar.Printf.dir))
| 's' :: s'' ->
(match FStar.Printf.parse_format s'' FStar.Printf.no_extensions with
| FStar.Pervasives.Native.None  -> FStar.Pervasives.Native.None
| FStar.Pervasives.Native.Some ds ->
FStar.Pervasives.Native.Some (FStar.Printf.Arg (FStar.Printf.U16) :: ds))
<:
Prims.Tot (FStar.Pervasives.Native.option (Prims.list FStar.Printf.dir))
| 'l' :: s'' ->
(match FStar.Printf.parse_format s'' FStar.Printf.no_extensions with
| FStar.Pervasives.Native.None  -> FStar.Pervasives.Native.None
| FStar.Pervasives.Native.Some ds ->
FStar.Pervasives.Native.Some (FStar.Printf.Arg (FStar.Printf.U32) :: ds))
<:
Prims.Tot (FStar.Pervasives.Native.option (Prims.list FStar.Printf.dir))
| 'L' :: s'' ->
(match FStar.Printf.parse_format s'' FStar.Printf.no_extensions with
| FStar.Pervasives.Native.None  -> FStar.Pervasives.Native.None
| FStar.Pervasives.Native.Some ds ->
FStar.Pervasives.Native.Some (FStar.Printf.Arg (FStar.Printf.U64) :: ds))
<:
Prims.Tot (FStar.Pervasives.Native.option (Prims.list FStar.Printf.dir))
| _ -> FStar.Pervasives.Native.None)
<:
FStar.Pervasives.Native.option (Prims.list FStar.Printf.dir)
| '%' :: 'X' :: s' ->
(match FStar.Printf.no_extensions s' with
| FStar.Pervasives.Native.Some (ext, rest) ->
(match FStar.Printf.parse_format rest FStar.Printf.no_extensions with
| FStar.Pervasives.Native.None  -> FStar.Pervasives.Native.None
| FStar.Pervasives.Native.Some ds ->
FStar.Pervasives.Native.Some (FStar.Printf.Arg (FStar.Printf.Extension ext) :: ds))
<:
Prims.Tot (FStar.Pervasives.Native.option (Prims.list FStar.Printf.dir))
| _ -> FStar.Pervasives.Native.None)
<:
FStar.Pervasives.Native.option (Prims.list FStar.Printf.dir)
| '%' :: c :: s' ->
(match c with
| '%' ->
(match FStar.Printf.parse_format s' FStar.Printf.no_extensions with
| FStar.Pervasives.Native.None  -> FStar.Pervasives.Native.None
| FStar.Pervasives.Native.Some ds ->
FStar.Pervasives.Native.Some (FStar.Printf.Lit '%' :: ds))
<:
Prims.Tot (FStar.Pervasives.Native.option (Prims.list FStar.Printf.dir))
| 'b' ->
(match FStar.Printf.parse_format s' FStar.Printf.no_extensions with
| FStar.Pervasives.Native.None  -> FStar.Pervasives.Native.None
| FStar.Pervasives.Native.Some ds ->
FStar.Pervasives.Native.Some (FStar.Printf.Arg (FStar.Printf.Bool) :: ds))
<:
Prims.Tot (FStar.Pervasives.Native.option (Prims.list FStar.Printf.dir))
| 'd' ->
(match FStar.Printf.parse_format s' FStar.Printf.no_extensions with
| FStar.Pervasives.Native.None  -> FStar.Pervasives.Native.None
| FStar.Pervasives.Native.Some ds ->
FStar.Pervasives.Native.Some (FStar.Printf.Arg (FStar.Printf.Int) :: ds))
<:
Prims.Tot (FStar.Pervasives.Native.option (Prims.list FStar.Printf.dir))
| 'c' ->
(match FStar.Printf.parse_format s' FStar.Printf.no_extensions with
| FStar.Pervasives.Native.None  -> FStar.Pervasives.Native.None
| FStar.Pervasives.Native.Some ds ->
FStar.Pervasives.Native.Some (FStar.Printf.Arg (FStar.Printf.Char) :: ds))
<:
Prims.Tot (FStar.Pervasives.Native.option (Prims.list FStar.Printf.dir))
| 's' ->
(match FStar.Printf.parse_format s' FStar.Printf.no_extensions with
| FStar.Pervasives.Native.None  -> FStar.Pervasives.Native.None
| FStar.Pervasives.Native.Some ds ->
FStar.Pervasives.Native.Some (FStar.Printf.Arg (FStar.Printf.String) :: ds))
<:
Prims.Tot (FStar.Pervasives.Native.option (Prims.list FStar.Printf.dir))
| 'y' ->
(match FStar.Printf.parse_format s' FStar.Printf.no_extensions with
| FStar.Pervasives.Native.None  -> FStar.Pervasives.Native.None
| FStar.Pervasives.Native.Some ds ->
FStar.Pervasives.Native.Some (FStar.Printf.Arg (FStar.Printf.I8) :: ds))
<:
Prims.Tot (FStar.Pervasives.Native.option (Prims.list FStar.Printf.dir))
| 'i' ->
(match FStar.Printf.parse_format s' FStar.Printf.no_extensions with
| FStar.Pervasives.Native.None  -> FStar.Pervasives.Native.None
| FStar.Pervasives.Native.Some ds ->
FStar.Pervasives.Native.Some (FStar.Printf.Arg (FStar.Printf.I16) :: ds))
<:
Prims.Tot (FStar.Pervasives.Native.option (Prims.list FStar.Printf.dir))
| 'l' ->
(match FStar.Printf.parse_format s' FStar.Printf.no_extensions with
| FStar.Pervasives.Native.None  -> FStar.Pervasives.Native.None
| FStar.Pervasives.Native.Some ds ->
FStar.Pervasives.Native.Some (FStar.Printf.Arg (FStar.Printf.I32) :: ds))
<:
Prims.Tot (FStar.Pervasives.Native.option (Prims.list FStar.Printf.dir))
| 'L' ->
(match FStar.Printf.parse_format s' FStar.Printf.no_extensions with
| FStar.Pervasives.Native.None  -> FStar.Pervasives.Native.None
| FStar.Pervasives.Native.Some ds ->
FStar.Pervasives.Native.Some (FStar.Printf.Arg (FStar.Printf.I64) :: ds))
<:
Prims.Tot (FStar.Pervasives.Native.option (Prims.list FStar.Printf.dir))
| _ -> FStar.Pervasives.Native.None)
<:
FStar.Pervasives.Native.option (Prims.list FStar.Printf.dir)
| c :: s' ->
(match FStar.Printf.parse_format s' FStar.Printf.no_extensions with
| FStar.Pervasives.Native.None  -> FStar.Pervasives.Native.None
| FStar.Pervasives.Native.Some ds ->
FStar.Pervasives.Native.Some (FStar.Printf.Lit c :: ds))
<:
Prims.Tot (FStar.Pervasives.Native.option (Prims.list FStar.Printf.dir))
in
v
with
| [] -> Prims.string
| FStar.Printf.Lit _ :: ds' -> FStar.Printf.dir_type ds'
| FStar.Printf.Arg a :: ds' -> _: FStar.Printf.arg_type a -> Prims.Tot (FStar.Printf.dir_type ds')
)
<:
Type0; got type FStar.Printf.dir_type (Some?.v (FStar.Printf.parse_format_string s FStar.Printf.no_extensions))
FStar.Printf.fst(190,21-190,94): (Warning 252) (Hint-replay failed): Subtyping check failed; expected type (match
let FStar.Pervasives.Native.Some v =
match FStar.String.list_of_string s with
| [] -> FStar.Pervasives.Native.Some []
| ['%'] -> FStar.Pervasives.Native.None
| '%' :: 'u' :: s' ->
(match s' with
| 'y' :: s'' ->
(match FStar.Printf.parse_format s'' parse_ext with
| FStar.Pervasives.Native.None  -> FStar.Pervasives.Native.None
| FStar.Pervasives.Native.Some ds ->
FStar.Pervasives.Native.Some (FStar.Printf.Arg (FStar.Printf.U8) :: ds))
<:
Prims.Tot (FStar.Pervasives.Native.option (Prims.list FStar.Printf.dir))
| 's' :: s'' ->
(match FStar.Printf.parse_format s'' parse_ext with
| FStar.Pervasives.Native.None  -> FStar.Pervasives.Native.None
| FStar.Pervasives.Native.Some ds ->
FStar.Pervasives.Native.Some (FStar.Printf.Arg (FStar.Printf.U16) :: ds))
<:
Prims.Tot (FStar.Pervasives.Native.option (Prims.list FStar.Printf.dir))
| 'l' :: s'' ->
(match FStar.Printf.parse_format s'' parse_ext with
| FStar.Pervasives.Native.None  -> FStar.Pervasives.Native.None
| FStar.Pervasives.Native.Some ds ->
FStar.Pervasives.Native.Some (FStar.Printf.Arg (FStar.Printf.U32) :: ds))
<:
Prims.Tot (FStar.Pervasives.Native.option (Prims.list FStar.Printf.dir))
| 'L' :: s'' ->
(match FStar.Printf.parse_format s'' parse_ext with
| FStar.Pervasives.Native.None  -> FStar.Pervasives.Native.None
| FStar.Pervasives.Native.Some ds ->
FStar.Pervasives.Native.Some (FStar.Printf.Arg (FStar.Printf.U64) :: ds))
<:
Prims.Tot (FStar.Pervasives.Native.option (Prims.list FStar.Printf.dir))
| _ -> FStar.Pervasives.Native.None)
<:
FStar.Pervasives.Native.option (Prims.list FStar.Printf.dir)
| '%' :: 'X' :: s' ->
(match parse_ext s' with
| FStar.Pervasives.Native.Some (ext, rest) ->
(match FStar.Printf.parse_format rest parse_ext with
| FStar.Pervasives.Native.None  -> FStar.Pervasives.Native.None
| FStar.Pervasives.Native.Some ds ->
FStar.Pervasives.Native.Some (FStar.Printf.Arg (FStar.Printf.Extension ext) :: ds))
<:
Prims.Tot (FStar.Pervasives.Native.option (Prims.list FStar.Printf.dir))
| _ -> FStar.Pervasives.Native.None)
<:
FStar.Pervasives.Native.option (Prims.list FStar.Printf.dir)
| '%' :: c :: s' ->
(match c with
| '%' ->
(match FStar.Printf.parse_format s' parse_ext with
| FStar.Pervasives.Native.None  -> FStar.Pervasives.Native.None
| FStar.Pervasives.Native.Some ds ->
FStar.Pervasives.Native.Some (FStar.Printf.Lit '%' :: ds))
<:
Prims.Tot (FStar.Pervasives.Native.option (Prims.list FStar.Printf.dir))
| 'b' ->
(match FStar.Printf.parse_format s' parse_ext with
| FStar.Pervasives.Native.None  -> FStar.Pervasives.Native.None
| FStar.Pervasives.Native.Some ds ->
FStar.Pervasives.Native.Some (FStar.Printf.Arg (FStar.Printf.Bool) :: ds))
<:
Prims.Tot (FStar.Pervasives.Native.option (Prims.list FStar.Printf.dir))
| 'd' ->
(match FStar.Printf.parse_format s' parse_ext with
| FStar.Pervasives.Native.None  -> FStar.Pervasives.Native.None
| FStar.Pervasives.Native.Some ds ->
FStar.Pervasives.Native.Some (FStar.Printf.Arg (FStar.Printf.Int) :: ds))
<:
Prims.Tot (FStar.Pervasives.Native.option (Prims.list FStar.Printf.dir))
| 'c' ->
(match FStar.Printf.parse_format s' parse_ext with
| FStar.Pervasives.Native.None  -> FStar.Pervasives.Native.None
| FStar.Pervasives.Native.Some ds ->
FStar.Pervasives.Native.Some (FStar.Printf.Arg (FStar.Printf.Char) :: ds))
<:
Prims.Tot (FStar.Pervasives.Native.option (Prims.list FStar.Printf.dir))
| 's' ->
(match FStar.Printf.parse_format s' parse_ext with
| FStar.Pervasives.Native.None  -> FStar.Pervasives.Native.None
| FStar.Pervasives.Native.Some ds ->
FStar.Pervasives.Native.Some (FStar.Printf.Arg (FStar.Printf.String) :: ds))
<:
Prims.Tot (FStar.Pervasives.Native.option (Prims.list FStar.Printf.dir))
| 'y' ->
(match FStar.Printf.parse_format s' parse_ext with
| FStar.Pervasives.Native.None  -> FStar.Pervasives.Native.None
| FStar.Pervasives.Native.Some ds ->
FStar.Pervasives.Native.Some (FStar.Printf.Arg (FStar.Printf.I8) :: ds))
<:
Prims.Tot (FStar.Pervasives.Native.option (Prims.list FStar.Printf.dir))
| 'i' ->
(match FStar.Printf.parse_format s' parse_ext with
| FStar.Pervasives.Native.None  -> FStar.Pervasives.Native.None
| FStar.Pervasives.Native.Some ds ->
FStar.Pervasives.Native.Some (FStar.Printf.Arg (FStar.Printf.I16) :: ds))
<:
Prims.Tot (FStar.Pervasives.Native.option (Prims.list FStar.Printf.dir))
| 'l' ->
(match FStar.Printf.parse_format s' parse_ext with
| FStar.Pervasives.Native.None  -> FStar.Pervasives.Native.None
| FStar.Pervasives.Native.Some ds ->
FStar.Pervasives.Native.Some (FStar.Printf.Arg (FStar.Printf.I32) :: ds))
<:
Prims.Tot (FStar.Pervasives.Native.option (Prims.list FStar.Printf.dir))
| 'L' ->
(match FStar.Printf.parse_format s' parse_ext with
| FStar.Pervasives.Native.None  -> FStar.Pervasives.Native.None
| FStar.Pervasives.Native.Some ds ->
FStar.Pervasives.Native.Some (FStar.Printf.Arg (FStar.Printf.I64) :: ds))
<:
Prims.Tot (FStar.Pervasives.Native.option (Prims.list FStar.Printf.dir))
| _ -> FStar.Pervasives.Native.None)
<:
FStar.Pervasives.Native.option (Prims.list FStar.Printf.dir)
| c :: s' ->
(match FStar.Printf.parse_format s' parse_ext with
| FStar.Pervasives.Native.None  -> FStar.Pervasives.Native.None
| FStar.Pervasives.Native.Some ds ->
FStar.Pervasives.Native.Some (FStar.Printf.Lit c :: ds))
<:
Prims.Tot (FStar.Pervasives.Native.option (Prims.list FStar.Printf.dir))
in
v
with
| [] -> Prims.string
| FStar.Printf.Lit _ :: ds' -> FStar.Printf.dir_type ds'
| FStar.Printf.Arg a :: ds' -> _: FStar.Printf.arg_type a -> Prims.Tot (FStar.Printf.dir_type ds')
)
<:
Type0; got type FStar.Printf.dir_type (Some?.v (FStar.Printf.parse_format_string s parse_ext))
(Warning 252) (Hint-replay failed): assertion failed
(Warning 252) (Hint-replay failed): assertion failed
FStar.Monotonic.Seq.fst(60,19-60,30): (Warning 288) FStar.HyperStack.ST.stable_on_t is deprecated, use FStar.HyperStack.ST.stable_on instead
FStar.Monotonic.Seq.fst(102,19-102,30): (Warning 288) FStar.HyperStack.ST.stable_on_t is deprecated, use FStar.HyperStack.ST.stable_on instead
FStar.Monotonic.Seq.fst(109,19-109,30): (Warning 288) FStar.HyperStack.ST.stable_on_t is deprecated, use FStar.HyperStack.ST.stable_on instead
FStar.Monotonic.Seq.fst(259,10-259,21): (Warning 288) FStar.HyperStack.ST.stable_on_t is deprecated, use FStar.HyperStack.ST.stable_on instead
FStar.Monotonic.Seq.fst(273,11-273,22): (Warning 288) FStar.HyperStack.ST.stable_on_t is deprecated, use FStar.HyperStack.ST.stable_on instead
FStar.Monotonic.Seq.fst(320,11-320,22): (Warning 288) FStar.HyperStack.ST.stable_on_t is deprecated, use FStar.HyperStack.ST.stable_on instead
FStar.Monotonic.Seq.fst(343,11-343,22): (Warning 288) FStar.HyperStack.ST.stable_on_t is deprecated, use FStar.HyperStack.ST.stable_on instead
FStar.Monotonic.Seq.fst(369,11-369,22): (Warning 288) FStar.HyperStack.ST.stable_on_t is deprecated, use FStar.HyperStack.ST.stable_on instead
FStar.Monotonic.Seq.fst(28,4-29,111): (Warning 252) (Hint-replay failed): assertion failed (see also FStar.Preorder.fst(12,40-12,56))
FStar.Monotonic.Seq.fst(41,4-41,6): (Warning 252) (Hint-replay failed): could not prove post-condition (see also FStar.Monotonic.Seq.fst(39,12-39,36))
FStar.Monotonic.Seq.fst(61,4-61,6): (Warning 252) (Hint-replay failed): could not prove post-condition (see also FStar.HyperStack.ST.fst(653,64-653,68))
FStar.Monotonic.Seq.fst(103,4-103,6): (Warning 252) (Hint-replay failed): could not prove post-condition (see also FStar.HyperStack.ST.fst(653,64-653,68))
FStar.Monotonic.Seq.fst(248,4-248,6): (Warning 252) (Hint-replay failed): could not prove post-condition (see also FStar.Monotonic.Seq.fst(247,8-247,35))
FStar.Monotonic.Seq.fst(260,4-260,6): (Warning 252) (Hint-replay failed): could not prove post-condition (see also FStar.HyperStack.ST.fst(653,64-653,68))
FStar.Monotonic.Seq.fst(274,4-274,6): (Warning 252) (Hint-replay failed): could not prove post-condition (see also FStar.HyperStack.ST.fst(653,64-653,68))
FStar.Monotonic.Seq.fst(303,38-303,44): (Warning 252) (Hint-replay failed): assertion failed (see also FStar.Monotonic.Seq.fst(303,45-303,62))
FStar.Monotonic.Seq.fst(344,4-344,46): (Warning 252) (Hint-replay failed): could not prove post-condition (see also FStar.HyperStack.ST.fst(653,64-653,68))
(Warning 252) (Hint-replay failed): assertion failed
(Warning 252) (Hint-replay failed): assertion failed
FStar.Pointer.Base.fsti(371,44-1746,62): (Warning 252) (Hint-replay failed): Subtyping check failed; expected type Prims.eqtype; got type Type0 (see also prims.fst(27,22-27,29))
FStar.Pointer.Base.fsti(371,44-1802,61): (Warning 252) (Hint-replay failed): Subtyping check failed; expected type Prims.eqtype; got type Type0 (see also prims.fst(27,22-27,29))
LowStar.Monotonic.Buffer.fsti(272,28-272,33): (Warning 252) (Hint-replay failed): assertion failed (see also LowStar.Monotonic.Buffer.fsti(240,11-241,60))
LowStar.Monotonic.Buffer.fsti(282,30-282,35): (Warning 252) (Hint-replay failed): assertion failed (see also LowStar.Monotonic.Buffer.fsti(240,11-241,60))
LowStar.Monotonic.Buffer.fsti(292,24-292,29): (Warning 252) (Hint-replay failed): assertion failed (see also LowStar.Monotonic.Buffer.fsti(240,11-241,60))
LowStar.Monotonic.Buffer.fsti(302,28-302,33): (Warning 252) (Hint-replay failed): assertion failed (see also LowStar.Monotonic.Buffer.fsti(240,11-241,60))
LowStar.Monotonic.Buffer.fsti(308,28-308,33): (Warning 252) (Hint-replay failed): assertion failed (see also LowStar.Monotonic.Buffer.fsti(240,11-241,60))
LowStar.Monotonic.Buffer.fsti(330,36-330,41): (Warning 252) (Hint-replay failed): assertion failed (see also LowStar.Monotonic.Buffer.fsti(240,11-241,60))
LowStar.Monotonic.Buffer.fsti(347,29-347,34): (Warning 252) (Hint-replay failed): assertion failed (see also LowStar.Monotonic.Buffer.fsti(240,11-241,60))
LowStar.Monotonic.Buffer.fsti(570,47-570,52): (Warning 252) (Hint-replay failed): assertion failed (see also LowStar.Monotonic.Buffer.fsti(240,11-241,60))
LowStar.Monotonic.Buffer.fsti(578,4-578,6): (Warning 252) (Hint-replay failed): assertion failed (see also LowStar.Monotonic.Buffer.fsti(240,11-241,60))
LowStar.Monotonic.Buffer.fsti(586,46-586,51): (Warning 252) (Hint-replay failed): assertion failed (see also LowStar.Monotonic.Buffer.fsti(240,11-241,60))
LowStar.Monotonic.Buffer.fsti(851,46-851,51): (Warning 252) (Hint-replay failed): assertion failed (see also LowStar.Monotonic.Buffer.fsti(240,11-241,60))
LowStar.Monotonic.Buffer.fsti(1017,2-1017,42): (Warning 252) (Hint-replay failed): assertion failed (see also LowStar.Monotonic.Buffer.fsti(996,48-996,82))
Unable to open hints file: C:\build\agent1\_work\41\s\ulib\LowStar.UninitializedBuffer.fst.hints; ran without hints
(Warning 252) (Hint-replay failed): assertion failed
FStar.Tactics.PatternMatching.fst(331,4-333,63): (Warning 252) Patterns are incomplete
(Warning 252) (Hint-replay failed): assertion failed
(Warning 252) (Hint-replay failed): assertion failed
FStar.Tactics.PatternMatching.fst(331,4-333,63): (Warning 252) Patterns are incomplete
(Warning 252) (Hint-replay failed): assertion failed
LowStar.BufferView.fst(79,31-79,33): (Warning 252) (Hint-replay failed): Subtyping check failed; expected type FStar.Seq.Properties.lseq (FStar.Pervasives.dfst vb)
(LowStar.Monotonic.Buffer.length (LowStar.BufferView.as_buffer vb)); got type FStar.Seq.Base.seq (FStar.Pervasives.dfst vb) (see also FStar.Seq.Properties.fst(24,19-24,36))
LowStar.BufferView.fst(84,4-98,24): (Warning 252) (Hint-replay failed): could not prove post-condition (see also LowStar.BufferView.fst(82,11-82,41))
LowStar.BufferView.fst(156,38-156,40): (Warning 252) (Hint-replay failed): Subtyping check failed; expected type FStar.Seq.Properties.lseq (FStar.Pervasives.dfst vb)
(LowStar.Monotonic.Buffer.length (LowStar.BufferView.as_buffer vb)); got type FStar.Seq.Base.seq (FStar.Pervasives.dfst vb) (see also FStar.Seq.Properties.fst(24,19-24,36))
FStar.Buffer.fst(268,3-268,5): (Warning 252) (Hint-replay failed): could not prove post-condition (see also FStar.Buffer.fst(266,13-266,43))
FStar.Buffer.fst(293,3-293,5): (Warning 252) (Hint-replay failed): could not prove post-condition (see also FStar.Buffer.fst(291,10-291,38))
FStar.Buffer.fst(299,3-299,5): (Warning 252) (Hint-replay failed): could not prove post-condition (see also FStar.Buffer.fst(297,10-297,38))
FStar.Buffer.fst(311,3-311,5): (Warning 252) (Hint-replay failed): could not prove post-condition (see also FStar.Buffer.fst(309,10-309,41))
FStar.Buffer.fst(317,3-317,5): (Warning 252) (Hint-replay failed): could not prove post-condition (see also FStar.Buffer.fst(315,10-315,41))
FStar.Buffer.fst(323,3-323,5): (Warning 252) (Hint-replay failed): could not prove post-condition (see also FStar.Buffer.fst(321,10-321,41))
FStar.Buffer.fst(329,3-329,5): (Warning 252) (Hint-replay failed): could not prove post-condition (see also FStar.Buffer.fst(327,10-327,41))
FStar.Buffer.fst(335,3-335,5): (Warning 252) (Hint-replay failed): could not prove post-condition (see also FStar.Buffer.fst(333,10-333,41))
FStar.Buffer.fst(341,3-341,5): (Warning 252) (Hint-replay failed): could not prove post-condition (see also FStar.Buffer.fst(339,10-339,41))
FStar.Buffer.fst(593,4-593,6): (Warning 252) (Hint-replay failed): could not prove post-condition (see also FStar.Buffer.fst(591,12-591,62))
FStar.Buffer.fst(599,4-599,6): (Warning 252) (Hint-replay failed): could not prove post-condition (see also FStar.Buffer.fst(597,12-597,66))
FStar.Buffer.fst(689,4-689,6): (Warning 252) (Hint-replay failed): could not prove post-condition (see also FStar.Buffer.fst(687,12-687,30))
FStar.Buffer.fst(707,4-707,6): (Warning 252) (Hint-replay failed): could not prove post-condition (see also FStar.Buffer.fst(705,12-705,34))
FStar.Buffer.fst(721,4-721,6): (Warning 252) (Hint-replay failed): could not prove post-condition (see also FStar.Buffer.fst(719,12-719,34))
FStar.Buffer.fst(747,4-747,6): (Warning 252) (Hint-replay failed): could not prove post-condition (see also FStar.Buffer.fst(745,12-745,34))
FStar.Buffer.fst(775,4-775,6): (Warning 252) (Hint-replay failed): could not prove post-condition (see also FStar.Buffer.fst(774,11-774,29))
FStar.Buffer.fst(1269,4-1269,6): (Warning 252) (Hint-replay failed): could not prove post-condition (see also FStar.Buffer.fst(1267,12-1267,34))
FStar.Buffer.fst(1301,4-1301,6): (Warning 252) (Hint-replay failed): could not prove post-condition (see also FStar.Buffer.fst(1299,13-1299,31))
FStar.Buffer.fst(65,4-65,10): (Warning 252) (Hint-replay failed): Subtyping check failed; expected type Prims.nat; got type FStar.UInt.uint_t FStar.UInt32.n (see also prims.fst(408,17-408,23))
FStar.Modifies.fst(323,18-323,20): (Warning 252) (Hint-replay failed): could not prove post-condition (see also FStar.ModifiesGen.fsti(548,34-548,59))
FStar.Modifies.fst(394,18-394,20): (Warning 252) (Hint-replay failed): could not prove post-condition (see also FStar.ModifiesGen.fsti(548,34-548,59))
LowStar.Monotonic.Buffer.fst(1011,24-1011,35): (Warning 288) FStar.HyperStack.ST.stable_on_t is deprecated, use FStar.HyperStack.ST.stable_on instead
LowStar.Monotonic.Buffer.fsti(272,28-272,33): (Warning 252) (Hint-replay failed): assertion failed (see also LowStar.Monotonic.Buffer.fsti(240,11-241,60))
LowStar.Monotonic.Buffer.fsti(282,30-282,35): (Warning 252) (Hint-replay failed): assertion failed (see also LowStar.Monotonic.Buffer.fsti(240,11-241,60))
LowStar.Monotonic.Buffer.fsti(292,24-292,29): (Warning 252) (Hint-replay failed): assertion failed (see also LowStar.Monotonic.Buffer.fsti(240,11-241,60))
LowStar.Monotonic.Buffer.fsti(302,28-302,33): (Warning 252) (Hint-replay failed): assertion failed (see also LowStar.Monotonic.Buffer.fsti(240,11-241,60))
LowStar.Monotonic.Buffer.fsti(308,28-308,33): (Warning 252) (Hint-replay failed): assertion failed (see also LowStar.Monotonic.Buffer.fsti(240,11-241,60))
LowStar.Monotonic.Buffer.fsti(330,36-330,41): (Warning 252) (Hint-replay failed): assertion failed (see also LowStar.Monotonic.Buffer.fsti(240,11-241,60))
LowStar.Monotonic.Buffer.fsti(347,29-347,34): (Warning 252) (Hint-replay failed): assertion failed (see also LowStar.Monotonic.Buffer.fsti(240,11-241,60))
LowStar.Monotonic.Buffer.fsti(570,47-570,52): (Warning 252) (Hint-replay failed): assertion failed (see also LowStar.Monotonic.Buffer.fsti(240,11-241,60))
LowStar.Monotonic.Buffer.fst(625,2-625,21): (Warning 252) (Hint-replay failed): assertion failed (see also LowStar.Monotonic.Buffer.fst(617,20-617,139))
LowStar.Monotonic.Buffer.fsti(578,4-578,6): (Warning 252) (Hint-replay failed): assertion failed (see also LowStar.Monotonic.Buffer.fsti(240,11-241,60))
LowStar.Monotonic.Buffer.fsti(586,46-586,51): (Warning 252) (Hint-replay failed): assertion failed (see also LowStar.Monotonic.Buffer.fsti(240,11-241,60))
LowStar.Monotonic.Buffer.fst(631,2-631,21): (Warning 252) (Hint-replay failed): assertion failed (see also LowStar.Monotonic.Buffer.fst(617,20-617,139))
LowStar.Monotonic.Buffer.fst(644,90-644,134): (Warning 252) (Hint-replay failed): Subtyping check failed; expected type j:
Prims.nat
{ Mkubuffer_?.b_offset us - Mkubuffer_?.b_offset ul <= j &&
j <= FStar.Seq.Base.length (LowStar.Monotonic.Buffer.as_seq h1 larger) }; got type Prims.int
LowStar.Monotonic.Buffer.fsti(851,46-851,51): (Warning 252) (Hint-replay failed): assertion failed (see also LowStar.Monotonic.Buffer.fsti(240,11-241,60))
LowStar.Monotonic.Buffer.fst(682,2-682,21): (Warning 252) (Hint-replay failed): assertion failed (see also LowStar.Monotonic.Buffer.fst(676,20-676,139))
LowStar.Monotonic.Buffer.fsti(1017,2-1017,42): (Warning 252) (Hint-replay failed): assertion failed (see also LowStar.Monotonic.Buffer.fsti(996,48-996,82))
LowStar.Monotonic.Buffer.fst(912,2-914,9): (Warning 252) (Hint-replay failed): could not prove post-condition (see also LowStar.Monotonic.Buffer.fsti(1583,18-1583,32))
LowStar.Monotonic.Buffer.fst(916,2-918,166): (Warning 252) (Hint-replay failed): could not prove post-condition (see also LowStar.Monotonic.Buffer.fsti(1592,19-1592,54))
LowStar.Monotonic.Buffer.fst(929,4-929,23): (Warning 252) (Hint-replay failed): assertion failed (see also LowStar.Monotonic.Buffer.fst(676,20-676,139))
LowStar.Monotonic.Buffer.fst(954,29-954,30): (Warning 252) (Hint-replay failed): Subtyping check failed; expected type _: LowStar.Monotonic.Buffer.mbuffer _ _ _ {Buffer? _}; got type LowStar.Monotonic.Buffer.mbuffer _ _ _ (see also LowStar.Monotonic.Buffer.fst(73,4-73,10))
LowStar.Monotonic.Buffer.fst(974,4-974,23): (Warning 252) (Hint-replay failed): assertion failed (see also LowStar.Monotonic.Buffer.fst(787,19-787,39))
LowStar.Monotonic.Buffer.fst(993,2-995,166): (Warning 252) (Hint-replay failed): could not prove post-condition (see also LowStar.Monotonic.Buffer.fsti(1751,18-1751,61))
LowStar.Monotonic.Buffer.fst(1046,2-1047,139): (Warning 252) (Hint-replay failed): could not prove post-condition (see also LowStar.Monotonic.Buffer.fsti(1815,18-1815,72))
FStar.ModifiesGen.fst(182,42-182,44): (Warning 252) (Hint-replay failed): could not prove post-condition (see also FStar.ModifiesGen.fsti(167,45-167,50))
FStar.ModifiesGen.fst(322,9-322,109): (Warning 252) (Hint-replay failed): assertion failed
FStar.ModifiesGen.fst(345,2-345,51): (Warning 252) (Hint-replay failed): could not prove post-condition (see also FStar.ModifiesGen.fsti(224,2-224,20))
FStar.ModifiesGen.fst(356,2-356,111): (Warning 252) (Hint-replay failed): could not prove post-condition (see also FStar.ModifiesGen.fsti(231,11-231,31))
FStar.ModifiesGen.fst(358,42-358,44): (Warning 252) (Hint-replay failed): could not prove post-condition (see also FStar.ModifiesGen.fsti(238,11-238,45))
FStar.ModifiesGen.fst(368,8-368,14): (Warning 252) (Hint-replay failed): assertion failed (see also FStar.ModifiesGen.fst(368,15-368,50))
FStar.ModifiesGen.fst(375,33-375,35): (Warning 252) (Hint-replay failed): could not prove post-condition (see also FStar.ModifiesGen.fsti(251,2-251,27))
FStar.ModifiesGen.fst(380,43-380,45): (Warning 252) (Hint-replay failed): could not prove post-condition (see also FStar.ModifiesGen.fsti(268,11-268,65))
FStar.ModifiesGen.fst(394,2-394,4): (Warning 252) (Hint-replay failed): could not prove post-condition (see also FStar.ModifiesGen.fst(392,2-392,104))
FStar.ModifiesGen.fst(396,68-396,70): (Warning 252) (Hint-replay failed): could not prove post-condition (see also FStar.ModifiesGen.fsti(289,11-289,85))
FStar.ModifiesGen.fst(398,66-398,68): (Warning 252) (Hint-replay failed): could not prove post-condition (see also FStar.ModifiesGen.fsti(300,11-300,81))
FStar.ModifiesGen.fst(400,87-400,89): (Warning 252) (Hint-replay failed): could not prove post-condition (see also FStar.ModifiesGen.fsti(310,11-310,105))
FStar.ModifiesGen.fst(402,84-402,86): (Warning 252) (Hint-replay failed): could not prove post-condition (see also FStar.ModifiesGen.fsti(318,11-318,103))
FStar.ModifiesGen.fst(411,91-411,93): (Warning 252) (Hint-replay failed): could not prove post-condition (see also FStar.ModifiesGen.fsti(336,11-336,111))
FStar.ModifiesGen.fst(501,35-501,37): (Warning 252) (Hint-replay failed): could not prove post-condition (see also FStar.ModifiesGen.fsti(357,11-357,36))
FStar.ModifiesGen.fst(526,2-535,30): (Warning 252) (Hint-replay failed): could not prove post-condition (see also FStar.ModifiesGen.fsti(371,11-371,33))
FStar.ModifiesGen.fst(545,2-545,173): (Warning 252) (Hint-replay failed): could not prove post-condition (see also FStar.ModifiesGen.fsti(404,11-404,113))
FStar.ModifiesGen.fst(547,91-547,93): (Warning 252) (Hint-replay failed): could not prove post-condition (see also FStar.ModifiesGen.fsti(415,11-415,67))
FStar.ModifiesGen.fst(551,78-551,80): (Warning 252) (Hint-replay failed): could not prove post-condition (see also FStar.ModifiesGen.fsti(439,24-439,42))
FStar.ModifiesGen.fst(555,2-555,165): (Warning 252) (Hint-replay failed): could not prove post-condition (see also FStar.ModifiesGen.fsti(447,11-447,105))
FStar.ModifiesGen.fst(568,73-568,75): (Warning 252) (Hint-replay failed): could not prove post-condition (see also FStar.ModifiesGen.fsti(455,2-455,70))
FStar.ModifiesGen.fst(570,73-570,75): (Warning 252) (Hint-replay failed): could not prove post-condition (see also FStar.ModifiesGen.fsti(458,2-458,79))
FStar.ModifiesGen.fst(580,92-580,94): (Warning 252) (Hint-replay failed): could not prove post-condition (see also FStar.ModifiesGen.fsti(463,2-463,91))
FStar.ModifiesGen.fst(582,72-582,74): (Warning 252) (Hint-replay failed): could not prove post-condition (see also FStar.ModifiesGen.fsti(468,2-468,78))
FStar.ModifiesGen.fst(584,94-584,96): (Warning 252) (Hint-replay failed): could not prove post-condition (see also FStar.ModifiesGen.fsti(473,2-473,95))
FStar.ModifiesGen.fst(586,78-586,80): (Warning 252) (Hint-replay failed): could not prove post-condition (see also FStar.ModifiesGen.fsti(478,2-478,73))
FStar.ModifiesGen.fst(855,4-855,10): (Warning 252) (Hint-replay failed): assertion failed (see also FStar.ModifiesGen.fst(855,12-855,47))
FStar.ModifiesGen.fst(855,4-855,10): (Warning 252) assertion failed (see also FStar.ModifiesGen.fst(855,12-855,47))
FStar.ModifiesGen.fst(855,4-855,10): (Warning 252) assertion failed (see also FStar.ModifiesGen.fst(855,12-855,47))
FStar.ModifiesGen.fst(907,20-907,25): (Warning 252) (Hint-replay failed): assertion failed (see also FStar.ModifiesGen.fsti(599,15-599,55))
FStar.ModifiesGen.fst(923,55-923,57): (Warning 252) (Hint-replay failed): could not prove post-condition (see also FStar.ModifiesGen.fsti(649,4-649,20))
FStar.ModifiesGen.fst(931,2-931,8): (Warning 252) (Hint-replay failed): assertion failed (see also FStar.ModifiesGen.fst(931,9-931,49))
FStar.ModifiesGen.fst(936,62-936,64): (Warning 252) (Hint-replay failed): could not prove post-condition (see also FStar.ModifiesGen.fsti(694,11-694,31))
FStar.ModifiesGen.fst(941,2-941,142): (Warning 252) (Hint-replay failed): could not prove post-condition (see also FStar.ModifiesGen.fsti(706,11-706,31))
FStar.ModifiesGen.fst(947,79-947,81): (Warning 252) (Hint-replay failed): could not prove post-condition (see also FStar.ModifiesGen.fsti(726,11-726,45))
FStar.ModifiesGen.fst(949,72-949,74): (Warning 252) (Hint-replay failed): could not prove post-condition (see also FStar.ModifiesGen.fsti(737,11-737,32))
FStar.ModifiesGen.fst(963,2-963,23): (Warning 252) (Hint-replay failed): assertion failed (see also FStar.ModifiesGen.fsti(682,33-682,51))
FStar.ModifiesGen.fst(991,2-991,8): (Warning 252) (Hint-replay failed): assertion failed (see also FStar.ModifiesGen.fst(991,9-991,48))
FStar.ModifiesGen.fst(1036,2-1036,8): (Warning 252) (Hint-replay failed): assertion failed (see also FStar.ModifiesGen.fst(1036,9-1036,121))
FStar.ModifiesGen.fst(1044,2-1044,55): (Warning 252) (Hint-replay failed): could not prove post-condition (see also FStar.ModifiesGen.fst(1043,2-1043,45))
FStar.ModifiesGen.fst(1060,2-1060,55): (Warning 252) (Hint-replay failed): could not prove post-condition (see also FStar.ModifiesGen.fst(1059,2-1059,66))
FStar.ModifiesGen.fst(1075,2-1075,23): (Warning 252) (Hint-replay failed): assertion failed (see also FStar.ModifiesGen.fsti(682,33-682,51))
FStar.ModifiesGen.fst(1165,4-1165,6): (Warning 252) (Hint-replay failed): could not prove post-condition (see also FStar.ModifiesGen.fst(659,14-659,30))
FStar.ModifiesGen.fst(1192,2-1192,35): (Warning 252) (Hint-replay failed): assertion failed (see also FStar.ModifiesGen.fst(1159,4-1159,58))
FStar.ModifiesGen.fst(1230,20-1230,22): (Warning 252) (Hint-replay failed): could not prove post-condition (see also FStar.ModifiesGen.fsti(503,34-503,59))
FStar.ModifiesGen.fst(1266,2-1266,8): (Warning 252) (Hint-replay failed): assertion failed (see also FStar.ModifiesGen.fst(1266,76-1266,95))
FStar.ModifiesGen.fst(1291,42-1291,44): (Warning 252) (Hint-replay failed): could not prove post-condition (see also FStar.ModifiesGen.fsti(963,11-963,69))
FStar.ModifiesGen.fst(1293,46-1293,48): (Warning 252) (Hint-replay failed): could not prove post-condition (see also FStar.ModifiesGen.fsti(967,11-967,73))
FStar.ModifiesGen.fst(1302,2-1302,8): (Warning 252) (Hint-replay failed): assertion failed (see also FStar.ModifiesGen.fst(1302,9-1302,35))
FStar.ModifiesGen.fst(1308,2-1308,64): (Warning 252) (Hint-replay failed): could not prove post-condition (see also FStar.ModifiesGen.fsti(987,12-987,71))
FStar.ModifiesGen.fst(1315,2-1315,8): (Warning 252) (Hint-replay failed): assertion failed (see also FStar.ModifiesGen.fst(1315,9-1315,48))
FStar.ModifiesGen.fst(1327,2-1327,20): (Warning 252) (Hint-replay failed): assertion failed (see also FStar.ModifiesGen.fsti(230,35-230,53))
FStar.ModifiesGen.fst(1559,2-1559,4): (Warning 252) (Hint-replay failed): could not prove post-condition (see also FStar.ModifiesGen.fst(1557,2-1557,73))
FStar.ModifiesGen.fst(1597,2-1597,8): (Warning 252) (Hint-replay failed): assertion failed (see also FStar.ModifiesGen.fst(1597,9-1597,39))
FStar.ModifiesGen.fst(1655,2-1655,8): (Warning 252) (Hint-replay failed): assertion failed (see also FStar.ModifiesGen.fst(1657,4-1657,37))
FStar.ModifiesGen.fst(1693,2-1693,8): (Warning 252) (Hint-replay failed): assertion failed (see also FStar.ModifiesGen.fst(1696,4-1696,53))
FStar.ModifiesGen.fst(1719,2-1727,39): (Warning 252) (Hint-replay failed): could not prove post-condition (see also FStar.ModifiesGen.fst(1718,11-1718,42))
FStar.ModifiesGen.fst(1764,4-1764,10): (Warning 252) (Hint-replay failed): assertion failed (see also FStar.ModifiesGen.fst(1764,11-1764,74))
FStar.ModifiesGen.fst(1786,4-1786,10): (Warning 252) (Hint-replay failed): assertion failed (see also FStar.ModifiesGen.fst(1786,11-1797,7))
FStar.ModifiesGen.fst(1829,4-1829,21): (Warning 252) (Hint-replay failed): Subtyping check failed; expected type aux:
FStar.Ghost.erased (FStar.GSet.set (FStar.ModifiesGen.aloc (c b)))
{ FStar.GSet.subset (FStar.ModifiesGen.aloc_domain (c b) regions live_addrs)
(FStar.Ghost.reveal aux) /\
FStar.GSet.subset (FStar.Ghost.reveal aux)
(FStar.ModifiesGen.aloc_domain (c b) regions (fun _ -> FStar.GSet.complement FStar.GSet.empty)
) }; got type FStar.Ghost.erased (FStar.GSet.set (FStar.ModifiesGen.aloc (c b))) (see also FStar.ModifiesGen.fst(30,8-30,71))
FStar.ModifiesGen.fst(1838,9-1838,119): (Warning 252) (Hint-replay failed): assertion failed
FStar.ModifiesGen.fst(1841,9-1841,121): (Warning 252) (Hint-replay failed): assertion failed
FStar.ModifiesGen.fst(1912,2-1918,167): (Warning 252) (Hint-replay failed): could not prove post-condition (see also FStar.ModifiesGen.fsti(1171,2-1171,78))
FStar.ModifiesGen.fst(1929,2-1929,8): (Warning 252) (Hint-replay failed): assertion failed (see also FStar.ModifiesGen.fst(1929,21-1929,70))
FStar.ModifiesGen.fst(1938,2-1938,8): (Warning 252) (Hint-replay failed): assertion failed (see also FStar.ModifiesGen.fst(1938,21-1938,68))
FStar.ModifiesGen.fst(855,4-855,10): (Error 19) assertion failed (see also FStar.ModifiesGen.fst(855,12-855,47))
Verified module: FStar.ModifiesGen (350281 milliseconds)
1 error was reported (see above)
make[3]: *** [gmake/Makefile.tmpl:29: FStar.ModifiesGen.fst.checked] Error 1
make[3]: Target 'verify-core' not remade because of errors.
make[2]: *** [Makefile:12: all] Error 2
make[1]: *** [Makefile:193: fstarlib] Error 2
make: *** [Makefile:176: utest-prelude] Error 2
Command exited with non-zero status 2
15.91user 54.09system 14:46.97elapsed 7%CPU (0avgtext+0avgdata 24300572maxresident)k
0inputs+0outputs (6365990major+0minor)pagefaults 0swaps
