dos2unix: converting file parser/parse.fsi to Unix format...
Warning: you are using the standard library and/or the %inline keyword. We
recommend switching on --infer in order to avoid obscure type error messages.
C:/build/agent2/_work/2/s/src/tests/FStar.Tests.Util.fs(57,48-57,56): (Error 72) Identifier not found: [Const.eq_const]
Module Const resolved into FStar.Parser.Const, definition eq_const not found
1 error was reported (see above)
make[2]: *** [Makefile.boot:65: .cache.boot/FStar.Tests.Util.fs.checked.lax] Error 1
C:/build/agent2/_work/2/s/src/typechecker/FStar.TypeChecker.Normalize.fsi(66,33-66,47): (Error 71) Expected a function; got an expression of type "Type0"
1 error was reported (see above)
make[2]: *** [Makefile.boot:65: .cache.boot/FStar.TypeChecker.Normalize.fsi.checked.lax] Error 1
C:/build/agent2/_work/2/s/src/typechecker/FStar.TypeChecker.Normalize.fs(1293,33-1293,40): (Error 72) Identifier not found: [printfn]
1 error was reported (see above)
make[2]: *** [Makefile.boot:65: .cache.boot/FStar.TypeChecker.Normalize.fs.checked.lax] Error 1
make[2]: Target 'all-ml' not remade because of errors.
make[1]: *** [Makefile:115: ocaml] Error 2
make[1]: Target 'fstar-ocaml' not remade because of errors.
make: *** [Makefile:163: utest-prelude] Error 2
Command exited with non-zero status 2
3.72user 13.95system 2:54.19elapsed 10%CPU (0avgtext+0avgdata 369270784maxresident)k
0inputs+0outputs (1529548major+0minor)pagefaults 0swaps
