make: *** [Makefile:78: extracted/Makefile.include] Error 1
make: *** Waiting for unfinished jobs....
make: *** [Makefile:84: uint128/Makefile.include] Error 1
dos2unix: converting file parser/parse.fsi to Unix format...
Warning: you are using the standard library and/or the %inline keyword. We
recommend switching on --infer in order to avoid obscure type error messages.
warning: CRLF will be replaced by LF in src/parser/parse.fsy.
The file will have its original line endings in your working directory.
cp: cannot stat './_build/src/ocaml-output/FStar_Tests_Pars.cmx': No such file or directory
Unexpected error; please file a bug report, ideally with a minimized version of the source program that triggered the error.
Failure("(FStar.IMST.fst(30,21-30,22)) bound Variable s#609 not found\n")
make[4]: *** [Makefile.extract:17: ml/extracted/FStar_Relational_State.ml] Error 1
FStar.Monotonic.Map.fst(65,20-65,31): (Warning 288) FStar.HyperStack.ST.stable_on_t is deprecated, use FStar.HyperStack.ST.stable_on instead
FStar.Monotonic.Map.fst(84,4-84,14): (Warning 288) FStar.HyperStack.ST.mr_witness is deprecated, use FStar.HyperStack.ST.witness_p instead
FStar.Monotonic.Map.fst(85,4-85,14): (Warning 288) FStar.HyperStack.ST.mr_witness is deprecated, use FStar.HyperStack.ST.witness_p instead
FStar.Monotonic.Map.fst(105,8-105,18): (Warning 288) FStar.HyperStack.ST.mr_witness is deprecated, use FStar.HyperStack.ST.witness_p instead
FStar.Monotonic.Map.fst(106,8-106,18): (Warning 288) FStar.HyperStack.ST.mr_witness is deprecated, use FStar.HyperStack.ST.witness_p instead
FStar.Monotonic.DependentMap.fsti(135,24-135,35): (Warning 288) FStar.HyperStack.ST.stable_on_t is deprecated, use FStar.HyperStack.ST.stable_on instead
FStar.Monotonic.DependentMap.fsti(147,24-147,35): (Warning 288) FStar.HyperStack.ST.stable_on_t is deprecated, use FStar.HyperStack.ST.stable_on instead
FStar.Monotonic.DependentMap.fst(53,4-53,14): (Warning 288) FStar.HyperStack.ST.mr_witness is deprecated, use FStar.HyperStack.ST.witness_p instead
FStar.Monotonic.DependentMap.fst(61,6-61,16): (Warning 288) FStar.HyperStack.ST.mr_witness is deprecated, use FStar.HyperStack.ST.witness_p instead
FStar.Monotonic.Seq.fst(60,19-60,30): (Warning 288) FStar.HyperStack.ST.stable_on_t is deprecated, use FStar.HyperStack.ST.stable_on instead
FStar.Monotonic.Seq.fst(80,4-80,14): (Warning 288) FStar.HyperStack.ST.mr_witness is deprecated, use FStar.HyperStack.ST.witness_p instead
FStar.Monotonic.Seq.fst(102,19-102,30): (Warning 288) FStar.HyperStack.ST.stable_on_t is deprecated, use FStar.HyperStack.ST.stable_on instead
FStar.Monotonic.Seq.fst(109,19-109,30): (Warning 288) FStar.HyperStack.ST.stable_on_t is deprecated, use FStar.HyperStack.ST.stable_on instead
FStar.Monotonic.Seq.fst(142,4-142,14): (Warning 288) FStar.HyperStack.ST.mr_witness is deprecated, use FStar.HyperStack.ST.witness_p instead
FStar.Monotonic.Seq.fst(160,2-160,12): (Warning 288) FStar.HyperStack.ST.mr_witness is deprecated, use FStar.HyperStack.ST.witness_p instead
FStar.Monotonic.Seq.fst(168,2-168,12): (Warning 288) FStar.HyperStack.ST.mr_witness is deprecated, use FStar.HyperStack.ST.witness_p instead
FStar.Monotonic.Seq.fst(259,10-259,21): (Warning 288) FStar.HyperStack.ST.stable_on_t is deprecated, use FStar.HyperStack.ST.stable_on instead
FStar.Monotonic.Seq.fst(273,11-273,22): (Warning 288) FStar.HyperStack.ST.stable_on_t is deprecated, use FStar.HyperStack.ST.stable_on instead
FStar.Monotonic.Seq.fst(320,11-320,22): (Warning 288) FStar.HyperStack.ST.stable_on_t is deprecated, use FStar.HyperStack.ST.stable_on instead
FStar.Monotonic.Seq.fst(343,11-343,22): (Warning 288) FStar.HyperStack.ST.stable_on_t is deprecated, use FStar.HyperStack.ST.stable_on instead
FStar.Monotonic.Seq.fst(369,11-369,22): (Warning 288) FStar.HyperStack.ST.stable_on_t is deprecated, use FStar.HyperStack.ST.stable_on instead
FStar.Monotonic.Seq.fst(386,4-386,14): (Warning 288) FStar.HyperStack.ST.mr_witness is deprecated, use FStar.HyperStack.ST.witness_p instead
FStar.Monotonic.Seq.fst(403,4-403,14): (Warning 288) FStar.HyperStack.ST.mr_witness is deprecated, use FStar.HyperStack.ST.witness_p instead
LowStar.Monotonic.Buffer.fsti(1585,51-1585,68): (Warning 288) FStar.Monotonic.HyperStack.is_eternal_region is deprecated, use FStar.HyperStack.ST.is_eternal_region instead
LowStar.Monotonic.Buffer.fsti(1585,51-1585,68): (Warning 288) FStar.Monotonic.HyperStack.is_eternal_region is deprecated, use FStar.HyperStack.ST.is_eternal_region instead
make[4]: Target 'all-ml' not remade because of errors.
make[3]: *** [Makefile:32: fstarlib.mgen] Error 2
make[3]: Target 'install-fstarlib' not remade because of errors.
make[2]: *** [Makefile:2: all] Error 2
make[1]: *** [Makefile:191: fstarlib] Error 2
make: *** [Makefile:176: utest-prelude] Error 2
Command exited with non-zero status 2
10.11user 36.83system 4:51.64elapsed 16%CPU (0avgtext+0avgdata 15854044maxresident)k
0inputs+0outputs (4169833major+0minor)pagefaults 0swaps
