From https://github.com/mitls/mitls-fstar
457352fa..fe09ad97  master                -> origin/master
* [new branch]        taramana_ci_test      -> origin/taramana_ci_test
f9818a70..fe09ad97  taramana_lowparse_low -> origin/taramana_lowparse_low
/bin/bash: krml: command not found
make: *** [Makefile:78: extracted/Makefile.include] Error 127
make: *** Waiting for unfinished jobs....
/bin/bash: krml: command not found
make: *** [Makefile:84: uint128/Makefile.include] Error 127
dos2unix: converting file parser/parse.fsi to Unix format...
Warning: you are using the standard library and/or the %inline keyword. We
recommend switching on --infer in order to avoid obscure type error messages.
warning: CRLF will be replaced by LF in src/parser/parse.fsy.
The file will have its original line endings in your working directory.
FStar.List.Tot.Properties.fst(858,2-858,37): (Warning 252) (Hint-replay failed): could not prove post-condition (see also FStar.List.Tot.Properties.fst(856,12-856,18))
FStar.List.Tot.Properties.fst(858,2-858,37): (Warning 252) could not prove post-condition (see also FStar.List.Tot.Properties.fst(856,12-856,18))
FStar.List.Tot.Properties.fst(887,2-888,24): (Warning 252) (Hint-replay failed): could not prove post-condition (see also FStar.List.Tot.Properties.fst(886,12-886,18))
FStar.OrdSet.fst(48,16-48,18): (Warning 252) (Hint-replay failed): Subtyping check failed; expected type Prims.eqtype; got type Type (see also prims.fst(27,21-27,28))
FStar.Monotonic.HyperStack.fst(202,2-202,25): (Warning 252) (Hint-replay failed): Subtyping check failed; expected type FStar.Monotonic.HyperStack.mem; got type FStar.Monotonic.HyperStack.mem' (see also FStar.Monotonic.HyperStack.fst(95,24-95,87))
FStar.Monotonic.HyperStack.fst(323,4-323,24): (Warning 252) (Hint-replay failed): Subtyping check failed; expected type FStar.Monotonic.HyperStack.mem; got type FStar.Monotonic.HyperStack.mem' (see also FStar.Monotonic.HyperStack.fst(95,24-95,87))
FStar.Monotonic.HyperStack.fst(334,26-334,46): (Warning 252) (Hint-replay failed): Subtyping check failed; expected type FStar.Monotonic.HyperStack.mem; got type FStar.Monotonic.HyperStack.mem' (see also FStar.Monotonic.HyperStack.fst(95,24-95,87))
FStar.Monotonic.HyperStack.fst(345,4-345,24): (Warning 252) (Hint-replay failed): Subtyping check failed; expected type FStar.Monotonic.HyperStack.mem; got type FStar.Monotonic.HyperStack.mem' (see also FStar.Monotonic.HyperStack.fst(95,24-95,87))
FStar.Monotonic.HyperStack.fst(356,4-356,24): (Warning 252) (Hint-replay failed): Subtyping check failed; expected type FStar.Monotonic.HyperStack.mem; got type FStar.Monotonic.HyperStack.mem' (see also FStar.Monotonic.HyperStack.fst(95,24-95,87))
FStar.Monotonic.HyperStack.fst(374,4-374,38): (Warning 252) (Hint-replay failed): Subtyping check failed; expected type m': FStar.Monotonic.HyperStack.mem{FStar.Monotonic.HyperStack.fresh_frame m m'}; got type FStar.Monotonic.HyperStack.mem' (see also FStar.Monotonic.HyperStack.fst(95,24-95,87))
FStar.Monotonic.HyperStack.fst(387,13-387,39): (Warning 252) (Hint-replay failed): Subtyping check failed; expected type FStar.Monotonic.HyperStack.mem; got type FStar.Monotonic.HyperStack.mem' (see also FStar.Monotonic.HyperStack.fst(95,24-95,87))
FStar.Monotonic.HyperStack.fst(202,2-202,25): (Warning 252) (Hint-replay failed): Subtyping check failed; expected type FStar.Monotonic.HyperStack.mem; got type FStar.Monotonic.HyperStack.mem' (see also FStar.Monotonic.HyperStack.fst(95,24-95,87))
FStar.Monotonic.HyperStack.fst(323,4-323,24): (Warning 252) (Hint-replay failed): Subtyping check failed; expected type FStar.Monotonic.HyperStack.mem; got type FStar.Monotonic.HyperStack.mem' (see also FStar.Monotonic.HyperStack.fst(95,24-95,87))
FStar.Monotonic.HyperStack.fst(334,26-334,46): (Warning 252) (Hint-replay failed): Subtyping check failed; expected type FStar.Monotonic.HyperStack.mem; got type FStar.Monotonic.HyperStack.mem' (see also FStar.Monotonic.HyperStack.fst(95,24-95,87))
FStar.Monotonic.HyperStack.fst(345,4-345,24): (Warning 252) (Hint-replay failed): Subtyping check failed; expected type FStar.Monotonic.HyperStack.mem; got type FStar.Monotonic.HyperStack.mem' (see also FStar.Monotonic.HyperStack.fst(95,24-95,87))
FStar.Monotonic.HyperStack.fst(356,4-356,24): (Warning 252) (Hint-replay failed): Subtyping check failed; expected type FStar.Monotonic.HyperStack.mem; got type FStar.Monotonic.HyperStack.mem' (see also FStar.Monotonic.HyperStack.fst(95,24-95,87))
FStar.Monotonic.HyperStack.fst(374,4-374,38): (Warning 252) (Hint-replay failed): Subtyping check failed; expected type m': FStar.Monotonic.HyperStack.mem{FStar.Monotonic.HyperStack.fresh_frame m m'}; got type FStar.Monotonic.HyperStack.mem' (see also FStar.Monotonic.HyperStack.fst(95,24-95,87))
FStar.Monotonic.HyperStack.fst(387,13-387,39): (Warning 252) (Hint-replay failed): Subtyping check failed; expected type FStar.Monotonic.HyperStack.mem; got type FStar.Monotonic.HyperStack.mem' (see also FStar.Monotonic.HyperStack.fst(95,24-95,87))
FStar.Monotonic.HyperStack.fst(524,36-524,37): (Warning 252) (Hint-replay failed): Subtyping check failed; expected type s:
FStar.Monotonic.HyperStack.mreference a rel
{ FStar.Monotonic.HyperStack.live_region (FStar.Monotonic.HyperStack.upd h r x)
(FStar.Monotonic.HyperStack.frameOf s) }; got type FStar.Monotonic.HyperStack.mreference a rel (see also FStar.Monotonic.HyperStack.fst(316,64-316,89))
FStar.Monotonic.HyperStack.fst(542,37-542,39): (Warning 252) (Hint-replay failed): Subtyping check failed; expected type s:
FStar.Monotonic.HyperStack.mreference b rel_b
{ FStar.Monotonic.HyperStack.live_region (FStar.Monotonic.HyperStack.upd h r1 x)
(FStar.Monotonic.HyperStack.frameOf s) }; got type FStar.Monotonic.HyperStack.mreference b rel_b (see also FStar.Monotonic.HyperStack.fst(316,64-316,89))
FStar.Seq.Properties.fst(474,2-477,29): (Warning 252) (Hint-replay failed): could not prove post-condition (see also FStar.Seq.Properties.fst(472,20-472,28))
FStar.Fin.fst(36,2-51,18): (Warning 252) (Hint-replay failed): could not prove post-condition (see also FStar.Fin.fst(33,41-33,68))
FStar.Fin.fst(36,2-51,18): (Warning 252) (Hint-replay failed): could not prove post-condition (see also FStar.Fin.fst(33,41-33,68))
FStar.HyperStack.ST.fst(356,4-356,11): (Warning 252) (Hint-replay failed): assertion failed (see also FStar.HyperStack.ST.fst(98,60-98,73))
FStar.HyperStack.ST.fst(366,4-366,11): (Warning 252) (Hint-replay failed): assertion failed (see also FStar.HyperStack.ST.fst(98,60-98,73))
FStar.HyperStack.ST.fst(383,4-383,11): (Warning 252) (Hint-replay failed): assertion failed (see also FStar.HyperStack.ST.fst(98,60-98,73))
FStar.HyperStack.ST.fst(415,4-415,10): (Warning 252) (Hint-replay failed): assertion failed (see also FStar.HyperStack.ST.fst(415,11-415,76))
FStar.HyperStack.ST.fst(434,4-434,11): (Warning 252) (Hint-replay failed): assertion failed (see also FStar.HyperStack.ST.fst(98,60-98,73))
FStar.HyperStack.ST.fst(454,4-454,11): (Warning 252) (Hint-replay failed): assertion failed (see also FStar.HyperStack.ST.fst(98,60-98,73))
FStar.HyperStack.ST.fst(473,4-473,11): (Warning 252) (Hint-replay failed): assertion failed (see also FStar.HyperStack.ST.fst(98,60-98,73))
FStar.HyperStack.ST.fst(512,4-512,10): (Warning 252) (Hint-replay failed): assertion failed (see also FStar.HyperStack.ST.fst(512,11-512,76))
FStar.HyperStack.ST.fst(535,4-535,11): (Warning 252) (Hint-replay failed): assertion failed (see also FStar.HyperStack.ST.fst(98,60-98,73))
FStar.Monotonic.Map.fst(84,4-84,14): (Warning 252) (Hint-replay failed): assertion failed (see also FStar.HyperStack.ST.fst(609,37-609,41))
FStar.Monotonic.DependentMap.fst(53,4-53,14): (Warning 252) (Hint-replay failed): assertion failed (see also FStar.HyperStack.ST.fst(609,37-609,41))
FStar.Monotonic.Seq.fst(50,4-50,17): (Warning 252) (Hint-replay failed): could not prove post-condition (see also FStar.Monotonic.Seq.fst(47,2-47,18))
FStar.Monotonic.Seq.fst(80,4-80,14): (Warning 252) (Hint-replay failed): assertion failed (see also FStar.HyperStack.ST.fst(609,37-609,41))
FStar.Monotonic.Seq.fst(142,4-142,14): (Warning 252) (Hint-replay failed): assertion failed (see also FStar.HyperStack.ST.fst(609,37-609,41))
FStar.Monotonic.Seq.fst(174,2-174,8): (Warning 252) (Hint-replay failed): assertion failed (see also FStar.Monotonic.Seq.fst(174,9-174,29))
FStar.Monotonic.Seq.fst(385,4-387,17): (Warning 252) (Hint-replay failed): could not prove post-condition (see also FStar.Monotonic.Seq.fst(380,5-380,25))
FStar.Monotonic.Seq.fst(401,4-404,10): (Warning 252) (Hint-replay failed): could not prove post-condition (see also FStar.Monotonic.Seq.fst(398,3-398,23))
LowStar.Modifies.fsti(641,2-641,42): (Warning 252) (Hint-replay failed): assertion failed (see also LowStar.Modifies.fsti(618,48-618,82))
LowStar.Modifies.fsti(651,2-651,38): (Warning 252) (Hint-replay failed): assertion failed (see also LowStar.Modifies.fsti(628,48-628,78))
LowStar.Modifies.fsti(690,2-690,38): (Warning 252) (Hint-replay failed): assertion failed (see also LowStar.Modifies.fsti(658,48-658,89))
LowStar.Modifies.fsti(701,2-701,49): (Warning 252) (Hint-replay failed): assertion failed (see also LowStar.Modifies.fsti(669,48-669,82))
LowStar.Modifies.fsti(711,2-711,45): (Warning 252) (Hint-replay failed): assertion failed (see also LowStar.Modifies.fsti(679,48-679,78))
LowStar.BufferView.fst(79,31-79,33): (Warning 252) (Hint-replay failed): Subtyping check failed; expected type FStar.Seq.Properties.lseq (FStar.Pervasives.dfst vb)
(LowStar.Buffer.length (LowStar.BufferView.as_buffer vb)); got type FStar.Seq.Base.seq (FStar.Pervasives.dfst vb) (see also FStar.Seq.Properties.fst(24,19-24,36))
LowStar.BufferView.fst(84,4-98,24): (Warning 252) (Hint-replay failed): could not prove post-condition (see also LowStar.BufferView.fst(82,11-82,41))
LowStar.BufferView.fst(156,38-156,40): (Warning 252) (Hint-replay failed): Subtyping check failed; expected type FStar.Seq.Properties.lseq (FStar.Pervasives.dfst vb)
(LowStar.Buffer.length (LowStar.BufferView.as_buffer vb)); got type FStar.Seq.Base.seq (FStar.Pervasives.dfst vb) (see also FStar.Seq.Properties.fst(24,19-24,36))
LowStar.BufferOps.fst(78,2-89,5): (Warning 252) (Hint-replay failed): could not prove post-condition (see also LowStar.BufferOps.fst(68,4-68,38))
LowStar.BufferOps.fst(102,2-121,71): (Warning 252) (Hint-replay failed): could not prove post-condition (see also LowStar.BufferOps.fst(99,7-99,36))
FStar.Tactics.PatternMatching.fst(79,2-79,18): (Error 228) user tactic failed: Failure("Unexpected application of tactic primitive FStar.Tactics.Builtins.cur_goal ")
1 error was reported (see above)
make[3]: *** [gmake/Makefile.tmpl:29: FStar.Tactics.PatternMatching.fst.checked] Error 1
FStar.Integers.fst(440,5-454,43): (Warning 252) (Hint-replay failed): Patterns are incomplete
LowStar.Buffer.fst(483,4-483,10): (Warning 252) (Hint-replay failed): assertion failed (see also LowStar.Buffer.fst(483,11-483,53))
LowStar.Buffer.fst(490,2-496,42): (Warning 252) (Hint-replay failed): could not prove post-condition (see also LowStar.Buffer.fsti(747,4-747,21))
LowStar.Buffer.fst(529,2-529,31): (Warning 252) (Hint-replay failed): could not prove post-condition (see also LowStar.Buffer.fsti(784,4-784,71))
LowStar.Buffer.fst(548,2-553,3): (Warning 252) (Hint-replay failed): could not prove post-condition (see also LowStar.Buffer.fsti(815,2-815,11))
LowStar.Buffer.fst(562,2-566,3): (Warning 252) (Hint-replay failed): could not prove post-condition (see also LowStar.Buffer.fsti(816,2-816,69))
LowStar.Buffer.fst(569,2-575,3): (Warning 252) (Hint-replay failed): could not prove post-condition (see also LowStar.Buffer.fsti(814,2-814,18))
LowStar.Buffer.fst(578,2-584,3): (Warning 252) (Hint-replay failed): could not prove post-condition (see also LowStar.Buffer.fsti(815,2-815,11))
FStar.Tactics.Typeclasses.fst(83,4-128,16): (Warning 252) (Hint-replay failed): Patterns are incomplete
FStar.Tactics.Typeclasses.fst(83,4-128,16): (Warning 252) (Hint-replay failed): Patterns are incomplete
LowStar.Modifies.fst(105,2-108,150): (Warning 252) (Hint-replay failed): could not prove post-condition (see also LowStar.Modifies.fsti(416,11-416,57))
LowStar.Modifies.fst(117,2-117,122): (Warning 252) (Hint-replay failed): could not prove post-condition (see also LowStar.Modifies.fsti(469,11-469,78))
LowStar.Modifies.fsti(641,2-641,42): (Warning 252) (Hint-replay failed): assertion failed (see also LowStar.Modifies.fsti(618,48-618,82))
LowStar.Modifies.fsti(651,2-651,38): (Warning 252) (Hint-replay failed): assertion failed (see also LowStar.Modifies.fsti(628,48-628,78))
LowStar.Modifies.fst(178,43-178,80): (Warning 252) (Hint-replay failed): Subtyping check failed; expected type 
l1: LowStar.Modifies.loc ->
l2: LowStar.Modifies.loc ->
h: FStar.Monotonic.HyperStack.mem ->
h': FStar.Monotonic.HyperStack.mem ->
x: FStar.Monotonic.HyperHeap.rid ->
Prims.Lemma Prims.unit; got type 
l1: FStar.ModifiesGen.loc LowStar.Modifies.cls ->
l2: FStar.ModifiesGen.loc LowStar.Modifies.cls ->
h: FStar.Monotonic.HyperStack.mem ->
h': FStar.Monotonic.HyperStack.mem ->
r: FStar.Monotonic.HyperHeap.rid ->
Prims.Lemma Prims.unit (see also FStar.ModifiesGen.fsti(689,104-689,145))
LowStar.Modifies.fst(180,54-180,101): (Warning 252) (Hint-replay failed): Subtyping check failed; expected type 
l1: LowStar.Modifies.loc ->
l2: LowStar.Modifies.loc ->
h: FStar.Monotonic.HyperStack.mem ->
h': FStar.Monotonic.HyperStack.mem ->
x: FStar.Monotonic.HyperStack.mreference t pre ->
Prims.Lemma Prims.unit; got type 
l1: FStar.ModifiesGen.loc LowStar.Modifies.cls ->
l2: FStar.ModifiesGen.loc LowStar.Modifies.cls ->
h: FStar.Monotonic.HyperStack.mem ->
h': FStar.Monotonic.HyperStack.mem ->
r: FStar.Monotonic.HyperStack.mreference t pre ->
Prims.Lemma Prims.unit (see also FStar.ModifiesGen.fsti(700,104-700,138))
LowStar.Modifies.fst(186,7-186,46): (Warning 252) (Hint-replay failed): assertion failed (see also FStar.ModifiesGen.fsti(711,104-711,135))
LowStar.Modifies.fsti(690,2-690,38): (Warning 252) (Hint-replay failed): assertion failed (see also LowStar.Modifies.fsti(658,48-658,89))
LowStar.Modifies.fsti(701,2-701,49): (Warning 252) (Hint-replay failed): assertion failed (see also LowStar.Modifies.fsti(669,48-669,82))
LowStar.Modifies.fsti(711,2-711,45): (Warning 252) (Hint-replay failed): assertion failed (see also LowStar.Modifies.fsti(679,48-679,78))
LowStar.Modifies.fst(267,2-267,23): (Warning 252) (Hint-replay failed): assertion failed (see also LowStar.Modifies.fsti(403,59-403,77))
LowStar.Modifies.fst(293,5-293,32): (Warning 252) (Hint-replay failed): assertion failed (see also FStar.ModifiesGen.fsti(942,40-942,76))
FStar.Pointer.Derived1.fst(118,2-118,8): (Warning 252) (Hint-replay failed): assertion failed (see also FStar.Pointer.Derived1.fst(118,9-118,104))
FStar.Pointer.Derived1.fst(168,2-168,8): (Warning 252) (Hint-replay failed): assertion failed (see also FStar.Pointer.Derived1.fst(168,9-168,91))
FStar.Pointer.Derived1.fst(171,2-171,23): (Warning 252) (Hint-replay failed): assertion failed (see also FStar.Pointer.Base.fsti(1493,5-1493,45))
FStar.Reflection.Arith.fst(116,30-116,32): (Warning 252) (Hint-replay failed): Subtyping check failed; expected type t: FStar.Reflection.Types.term{t << t}; got type FStar.Reflection.Types.term (see also FStar.Reflection.Arith.fst(110,4-153,14))
FStar.Reflection.Arith.fst(116,30-116,32): (Warning 252) Subtyping check failed; expected type t: FStar.Reflection.Types.term{t << t}; got type FStar.Reflection.Types.term (see also FStar.Reflection.Arith.fst(110,4-153,14))
FStar.Reflection.Arith.fst(116,30-116,32): (Warning 252) Subtyping check failed; expected type t: FStar.Reflection.Types.term{t << t}; got type FStar.Reflection.Types.term (see also FStar.Reflection.Arith.fst(110,4-153,14))
FStar.Buffer.fst(740,4-740,6): (Warning 252) (Hint-replay failed): could not prove post-condition (see also FStar.Buffer.fst(738,12-738,35))
FStar.Buffer.fst(765,4-765,6): (Warning 252) (Hint-replay failed): could not prove post-condition (see also FStar.Buffer.fst(763,12-763,37))
FStar.Buffer.fst(806,2-806,8): (Warning 252) (Hint-replay failed): assertion failed (see also FStar.Buffer.fst(806,9-806,43))
FStar.Buffer.fst(834,2-841,3): (Warning 252) (Hint-replay failed): could not prove post-condition (see also FStar.Buffer.fst(828,8-828,24))
FStar.Buffer.fst(848,4-850,56): (Warning 252) (Hint-replay failed): could not prove post-condition (see also FStar.Buffer.fst(847,12-847,80))
FStar.Buffer.fst(865,4-874,5): (Warning 252) (Hint-replay failed): could not prove post-condition (see also FStar.Buffer.fst(854,7-854,16))
FStar.Buffer.fst(960,4-961,44): (Warning 252) (Hint-replay failed): could not prove post-condition (see also FStar.Buffer.fst(959,7-959,35))
FStar.Buffer.fst(992,28-992,48): (Warning 252) (Hint-replay failed): could not prove post-condition (see also FStar.Buffer.fst(990,7-990,81))
FStar.Buffer.fst(1006,6-1006,20): (Warning 252) (Hint-replay failed): assertion failed (see also FStar.Seq.Base.fst(214,16-214,37))
FStar.Buffer.fst(1301,4-1301,6): (Warning 252) (Hint-replay failed): could not prove post-condition (see also FStar.Buffer.fst(1299,13-1299,31))
FStar.Buffer.fst(65,4-65,10): (Warning 252) (Hint-replay failed): Subtyping check failed; expected type Prims.nat; got type FStar.UInt.uint_t FStar.UInt32.n (see also prims.fst(408,17-408,23))
FStar.Modifies.fsti(466,2-466,42): (Warning 252) (Hint-replay failed): assertion failed (see also FStar.Modifies.fsti(439,48-439,82))
FStar.Modifies.fsti(480,2-480,38): (Warning 252) (Hint-replay failed): assertion failed (see also FStar.Modifies.fsti(449,48-449,78))
FStar.Modifies.fsti(523,2-523,38): (Warning 252) (Hint-replay failed): assertion failed (see also FStar.Modifies.fsti(487,48-487,89))
FStar.Modifies.fsti(538,2-538,49): (Warning 252) (Hint-replay failed): assertion failed (see also FStar.Modifies.fsti(498,48-498,82))
FStar.Modifies.fsti(552,2-552,45): (Warning 252) (Hint-replay failed): assertion failed (see also FStar.Modifies.fsti(508,48-508,78))
LowStar.ToFStarBuffer.fst(247,2-247,4): (Warning 252) (Hint-replay failed): could not prove post-condition (see also LowStar.ToFStarBuffer.fst(246,11-246,45))
LowStar.ToFStarBuffer.fst(256,2-256,4): (Warning 252) (Hint-replay failed): could not prove post-condition (see also LowStar.ToFStarBuffer.fst(255,11-255,51))
LowStar.ToFStarBuffer.fst(266,2-266,4): (Warning 252) (Hint-replay failed): could not prove post-condition (see also LowStar.ToFStarBuffer.fst(265,11-265,90))
LowStar.ToFStarBuffer.fst(285,2-286,19): (Warning 252) (Hint-replay failed): could not prove post-condition (see also LowStar.ToFStarBuffer.fst(281,13-281,49))
LowStar.ToFStarBuffer.fst(325,2-327,40): (Warning 252) (Hint-replay failed): could not prove post-condition (see also LowStar.ToFStarBuffer.fst(316,4-316,44))
LowStar.ToFStarBuffer.fst(341,2-342,19): (Warning 252) (Hint-replay failed): could not prove post-condition (see also LowStar.ToFStarBuffer.fst(337,4-337,42))
FStar.Modifies.fst(114,2-114,4): (Warning 252) (Hint-replay failed): could not prove post-condition (see also FStar.Modifies.fst(113,11-113,41))
FStar.Modifies.fsti(466,2-466,42): (Warning 252) (Hint-replay failed): assertion failed (see also FStar.Modifies.fsti(439,48-439,82))
FStar.Modifies.fsti(480,2-480,38): (Warning 252) (Hint-replay failed): assertion failed (see also FStar.Modifies.fsti(449,48-449,78))
FStar.Modifies.fst(285,43-285,80): (Warning 252) (Hint-replay failed): Subtyping check failed; expected type 
l1: FStar.Modifies.loc ->
l2: FStar.Modifies.loc ->
h: FStar.Monotonic.HyperStack.mem ->
h': FStar.Monotonic.HyperStack.mem ->
x: FStar.Monotonic.HyperHeap.rid ->
Prims.Lemma Prims.unit; got type 
l1: FStar.ModifiesGen.loc FStar.Modifies.cls ->
l2: FStar.ModifiesGen.loc FStar.Modifies.cls ->
h: FStar.Monotonic.HyperStack.mem ->
h': FStar.Monotonic.HyperStack.mem ->
r: FStar.Monotonic.HyperHeap.rid ->
Prims.Lemma Prims.unit (see also FStar.ModifiesGen.fsti(689,104-689,145))
FStar.Modifies.fst(287,54-287,101): (Warning 252) (Hint-replay failed): Subtyping check failed; expected type 
l1: FStar.Modifies.loc ->
l2: FStar.Modifies.loc ->
h: FStar.Monotonic.HyperStack.mem ->
h': FStar.Monotonic.HyperStack.mem ->
x: FStar.Monotonic.HyperStack.mreference t pre ->
Prims.Lemma Prims.unit; got type 
l1: FStar.ModifiesGen.loc FStar.Modifies.cls ->
l2: FStar.ModifiesGen.loc FStar.Modifies.cls ->
h: FStar.Monotonic.HyperStack.mem ->
h': FStar.Monotonic.HyperStack.mem ->
r: FStar.Monotonic.HyperStack.mreference t pre ->
Prims.Lemma Prims.unit (see also FStar.ModifiesGen.fsti(700,104-700,138))
FStar.Modifies.fst(290,5-290,44): (Warning 252) (Hint-replay failed): assertion failed (see also FStar.ModifiesGen.fsti(711,104-711,135))
FStar.Modifies.fsti(523,2-523,38): (Warning 252) (Hint-replay failed): assertion failed (see also FStar.Modifies.fsti(487,48-487,89))
FStar.Modifies.fsti(538,2-538,49): (Warning 252) (Hint-replay failed): assertion failed (see also FStar.Modifies.fsti(498,48-498,82))
FStar.Modifies.fsti(552,2-552,45): (Warning 252) (Hint-replay failed): assertion failed (see also FStar.Modifies.fsti(508,48-508,78))
FStar.ModifiesGen.fst(373,33-373,35): (Warning 252) (Hint-replay failed): could not prove post-condition (see also FStar.ModifiesGen.fsti(244,2-244,27))
FStar.ModifiesGen.fst(389,68-389,70): (Warning 252) (Hint-replay failed): could not prove post-condition (see also FStar.ModifiesGen.fsti(264,11-264,85))
FStar.ModifiesGen.fst(391,66-391,68): (Warning 252) (Hint-replay failed): could not prove post-condition (see also FStar.ModifiesGen.fsti(275,11-275,81))
FStar.ModifiesGen.fst(393,87-393,89): (Warning 252) (Hint-replay failed): could not prove post-condition (see also FStar.ModifiesGen.fsti(285,11-285,105))
FStar.ModifiesGen.fst(395,84-395,86): (Warning 252) (Hint-replay failed): could not prove post-condition (see also FStar.ModifiesGen.fsti(293,11-293,103))
FStar.ModifiesGen.fst(404,91-404,93): (Warning 252) (Hint-replay failed): could not prove post-condition (see also FStar.ModifiesGen.fsti(311,11-311,111))
FStar.ModifiesGen.fst(494,35-494,37): (Warning 252) (Hint-replay failed): could not prove post-condition (see also FStar.ModifiesGen.fsti(332,11-332,36))
FStar.ModifiesGen.fst(540,91-540,93): (Warning 252) (Hint-replay failed): could not prove post-condition (see also FStar.ModifiesGen.fsti(390,11-390,67))
FStar.ModifiesGen.fst(544,78-544,80): (Warning 252) (Hint-replay failed): could not prove post-condition (see also FStar.ModifiesGen.fsti(414,24-414,42))
FStar.ModifiesGen.fst(561,73-561,75): (Warning 252) (Hint-replay failed): could not prove post-condition (see also FStar.ModifiesGen.fsti(430,2-430,70))
FStar.ModifiesGen.fst(563,73-563,75): (Warning 252) (Hint-replay failed): could not prove post-condition (see also FStar.ModifiesGen.fsti(433,2-433,79))
FStar.ModifiesGen.fst(573,92-573,94): (Warning 252) (Hint-replay failed): could not prove post-condition (see also FStar.ModifiesGen.fsti(438,2-438,91))
FStar.ModifiesGen.fst(575,72-575,74): (Warning 252) (Hint-replay failed): could not prove post-condition (see also FStar.ModifiesGen.fsti(443,2-443,78))
FStar.ModifiesGen.fst(577,94-577,96): (Warning 252) (Hint-replay failed): could not prove post-condition (see also FStar.ModifiesGen.fsti(448,2-448,95))
FStar.ModifiesGen.fst(579,78-579,80): (Warning 252) (Hint-replay failed): could not prove post-condition (see also FStar.ModifiesGen.fsti(453,2-453,73))
FStar.ModifiesGen.fst(899,20-899,25): (Warning 252) (Hint-replay failed): assertion failed (see also FStar.ModifiesGen.fsti(574,15-574,55))
FStar.ModifiesGen.fst(915,55-915,57): (Warning 252) (Hint-replay failed): could not prove post-condition (see also FStar.ModifiesGen.fsti(624,4-624,20))
FStar.ModifiesGen.fst(917,47-917,49): (Warning 252) (Hint-replay failed): could not prove post-condition (see also FStar.ModifiesGen.fsti(640,11-642,3))
FStar.ModifiesGen.fst(933,2-933,8): (Warning 252) (Hint-replay failed): assertion failed (see also FStar.ModifiesGen.fst(933,57-933,141))
FStar.ModifiesGen.fst(939,79-939,81): (Warning 252) (Hint-replay failed): could not prove post-condition (see also FStar.ModifiesGen.fsti(701,11-701,45))
FStar.ModifiesGen.fst(941,72-941,74): (Warning 252) (Hint-replay failed): could not prove post-condition (see also FStar.ModifiesGen.fsti(712,11-712,32))
FStar.ModifiesGen.fst(955,2-955,23): (Warning 252) (Hint-replay failed): assertion failed (see also FStar.ModifiesGen.fsti(657,33-657,51))
FStar.ModifiesGen.fst(983,2-984,117): (Warning 252) (Hint-replay failed): could not prove post-condition (see also FStar.ModifiesGen.fst(982,11-982,28))
FStar.ModifiesGen.fst(1036,2-1036,55): (Warning 252) (Hint-replay failed): could not prove post-condition (see also FStar.ModifiesGen.fst(1035,2-1035,45))
FStar.ModifiesGen.fst(1052,2-1052,55): (Warning 252) (Hint-replay failed): could not prove post-condition (see also FStar.ModifiesGen.fst(1051,2-1051,66))
FStar.ModifiesGen.fst(1066,2-1066,20): (Warning 252) (Hint-replay failed): assertion failed (see also FStar.ModifiesGen.fsti(223,35-223,53))
FStar.ModifiesGen.fst(1182,68-1182,70): (Warning 252) (Hint-replay failed): could not prove post-condition (see also FStar.ModifiesGen.fsti(106,16-106,35))
FStar.ModifiesGen.fst(1189,68-1189,70): (Warning 252) (Hint-replay failed): could not prove post-condition (see also FStar.ModifiesGen.fsti(106,16-106,35))
FStar.ModifiesGen.fst(1197,80-1197,82): (Warning 252) (Hint-replay failed): could not prove post-condition (see also FStar.ModifiesGen.fsti(106,16-106,35))
FStar.ModifiesGen.fst(1211,14-1211,16): (Warning 252) (Hint-replay failed): could not prove post-condition (see also FStar.ModifiesGen.fsti(470,13-470,34))
FStar.ModifiesGen.fst(1231,47-1231,49): (Warning 252) (Hint-replay failed): could not prove post-condition (see also FStar.ModifiesGen.fsti(899,11-901,3))
FStar.ModifiesGen.fst(1297,9-1297,41): (Warning 252) (Hint-replay failed): Subtyping check failed; expected type y: FStar.GSet.set Prims.nat {FStar.GSet.subset (non_live_addrs' r') y}; got type FStar.GSet.set Prims.nat (see also FStar.ModifiesGen.fst(1295,83-1295,117))
FStar.ModifiesGen.fst(1408,12-1408,33): (Warning 252) (Hint-replay failed): assertion failed (see also FStar.ModifiesGen.fst(1286,13-1286,53))
FStar.ModifiesGen.fst(1435,4-1435,10): (Warning 252) (Hint-replay failed): assertion failed (see also FStar.ModifiesGen.fst(1435,11-1435,53))
FStar.ModifiesGen.fst(1466,42-1466,44): (Warning 252) (Hint-replay failed): could not prove post-condition (see also FStar.ModifiesGen.fsti(939,11-939,69))
FStar.ModifiesGen.fst(1468,46-1468,48): (Warning 252) (Hint-replay failed): could not prove post-condition (see also FStar.ModifiesGen.fsti(943,11-943,73))
FStar.ModifiesGen.fst(1471,2-1471,121): (Warning 252) (Hint-replay failed): could not prove post-condition (see also FStar.ModifiesGen.fsti(946,2-946,58))
FStar.ModifiesGen.fst(1476,2-1476,64): (Warning 252) (Hint-replay failed): could not prove post-condition (see also FStar.ModifiesGen.fsti(954,12-954,71))
FStar.ModifiesGen.fst(1484,2-1484,20): (Warning 252) (Hint-replay failed): assertion failed (see also FStar.ModifiesGen.fsti(223,35-223,53))
FStar.ModifiesGen.fst(1754,2-1754,8): (Warning 252) (Hint-replay failed): assertion failed (see also FStar.ModifiesGen.fst(1754,9-1754,39))
FStar.ModifiesGen.fst(1780,41-1780,60): (Warning 252) (Hint-replay failed): could not prove post-condition
FStar.ModifiesGen.fst(1876,2-1884,39): (Warning 252) (Hint-replay failed): could not prove post-condition (see also FStar.ModifiesGen.fst(1875,11-1875,42))
FStar.ModifiesGen.fst(1943,4-1943,10): (Warning 252) (Hint-replay failed): assertion failed (see also FStar.ModifiesGen.fst(1943,11-1954,7))
FStar.ModifiesGen.fst(1984,4-1984,21): (Warning 252) (Hint-replay failed): Subtyping check failed; expected type aux:
FStar.Ghost.erased (FStar.GSet.set (FStar.ModifiesGen.aloc (c b)))
{ FStar.GSet.subset (FStar.ModifiesGen.aloc_domain (c b) regions live_addrs)
(FStar.Ghost.reveal aux) /\
FStar.GSet.subset (FStar.Ghost.reveal aux)
(FStar.ModifiesGen.aloc_domain (c b) regions (fun _ -> FStar.GSet.complement FStar.GSet.empty)
) }; got type FStar.Ghost.erased (FStar.GSet.set (FStar.ModifiesGen.aloc (c b))) (see also FStar.ModifiesGen.fst(30,8-30,71))
FStar.ModifiesGen.fst(1993,9-1993,119): (Warning 252) (Hint-replay failed): assertion failed
FStar.ModifiesGen.fst(1996,9-1996,121): (Warning 252) (Hint-replay failed): assertion failed
FStar.ModifiesGen.fst(2067,2-2073,167): (Warning 252) (Hint-replay failed): could not prove post-condition (see also FStar.ModifiesGen.fsti(1109,2-1109,78))
make[3]: Target 'verify-core' not remade because of errors.
make[2]: *** [Makefile:12: all] Error 2
make[1]: *** [Makefile:188: fstarlib] Error 2
make: *** [Makefile:171: utest-prelude] Error 2
Command exited with non-zero status 2
11.06user 45.27system 11:53.30elapsed 7%CPU (0avgtext+0avgdata 1376797184maxresident)k
0inputs+0outputs (5634979major+0minor)pagefaults 0swaps
