From https://github.com/project-everest/vale
f0903cd..816441e  aes_bytes    -> origin/aes_bytes
2237554..be52eae  fstar        -> origin/fstar
0721a54..5d29476  interop_sems -> origin/interop_sems
From https://github.com/mitls/mitls-fstar
3a031283..e1b304fb  master     -> origin/master
* [new branch]        taramana_lowparse_low_incremental_tacs -> origin/taramana_lowparse_low_incremental_tacs
dos2unix: converting file parser/parse.fsi to Unix format...
Warning: you are using the standard library and/or the %inline keyword. We
recommend switching on --infer in order to avoid obscure type error messages.
C:/build/agent1/_work/1/s/src/tests/FStar.Tests.Util.fs(57,48-57,56): (Error 72) Identifier not found: [Const.eq_const]
Module Const resolved into FStar.Parser.Const, definition eq_const not found
1 error was reported (see above)
make[2]: *** [Makefile.boot:65: .cache.boot/FStar.Tests.Util.fs.checked.lax] Error 1
C:/build/agent1/_work/1/s/src/typechecker/FStar.TypeChecker.Normalize.fsi(66,33-66,47): (Error 71) Expected a function; got an expression of type "Type0"
1 error was reported (see above)
make[2]: *** [Makefile.boot:66: .cache.boot/FStar.TypeChecker.Normalize.fsi.checked.lax] Error 1
C:/build/agent1/_work/1/s/src/typechecker/FStar.TypeChecker.Normalize.fs(2862,40-2862,99): (Error 68) Field solver belongs to record type FStar.TypeChecker.Env.env, whereas field nbe does not
1 error was reported (see above)
make[2]: *** [Makefile.boot:65: .cache.boot/FStar.TypeChecker.Normalize.fs.checked.lax] Error 1
make[2]: Target 'all-ml' not remade because of errors.
make[1]: *** [Makefile:115: ocaml] Error 2
make[1]: Target 'fstar-ocaml' not remade because of errors.
make: *** [Makefile:163: utest-prelude] Error 2
Command exited with non-zero status 2
4.29user 14.88system 3:27.51elapsed 9%CPU (0avgtext+0avgdata 368871936maxresident)k
0inputs+0outputs (1528446major+0minor)pagefaults 0swaps
