From https://github.com/mitls/mitls-fstar
39e820fa..225e0d0c  master     -> origin/master
8bcc8ac7..9a1d0a10  adl_quic12 -> origin/adl_quic12
75d55db6..2e6f535c  quic_model -> origin/quic_model
From https://github.com/mitls/hacl-star
f2ce0669..b2976e3a  dev                -> origin/dev
5a5f7cc5..c931659a  mini_hackathon_nyc -> origin/mini_hackathon_nyc
From https://github.com/project-everest/vale
fd56d43..bc04b79  typechecker -> origin/typechecker
02d2eab8..79de0e9a  pqcrypto           -> origin/pqcrypto
* [new branch]        pqcrypto_lib       -> origin/pqcrypto_lib
make: *** [Makefile:78: extracted/Makefile.include] Error 1
make: *** Waiting for unfinished jobs....
make: *** [Makefile:84: uint128/Makefile.include] Error 1
dos2unix: converting file parser/parse.fsi to Unix format...
Warning: you are using the standard library and/or the %inline keyword. We
recommend switching on --infer in order to avoid obscure type error messages.
warning: CRLF will be replaced by LF in src/parser/parse.fsy.
The file will have its original line endings in your working directory.
cp: cannot stat './_build/src/ocaml-output/FStar_Tests_Util.cmx': No such file or directory
cp: cannot stat './_build/src/tests/ml/FStar_Tests_Main.cmx': No such file or directory
make[3]: *** [Makefile:99: _fstartaclib] Error 10
make[3]: Target 'install-fstar-tactics' not remade because of errors.
make[2]: *** [Makefile:3: all] Error 2
make[1]: *** [Makefile:191: fstarlib] Error 2
make: *** [Makefile:176: utest-prelude] Error 2
Command exited with non-zero status 2
8.83user 34.16system 5:19.38elapsed 13%CPU (0avgtext+0avgdata 1088946944maxresident)k
0inputs+0outputs (4480165major+0minor)pagefaults 0swaps
