From https://github.com/project-everest/vale
7870484..98233a6  interop_sems -> origin/interop_sems
/bin/bash: krml: command not found
make: *** [Makefile:78: extracted/Makefile.include] Error 127
make: *** Waiting for unfinished jobs....
/bin/bash: krml: command not found
make: *** [Makefile:84: uint128/Makefile.include] Error 127
dos2unix: converting file parser/parse.fsi to Unix format...
Warning: you are using the standard library and/or the %inline keyword. We
recommend switching on --infer in order to avoid obscure type error messages.
C:/build/agent1/_work/1/s/src/typechecker/FStar.TypeChecker.NBE.fs(551,46-551,47): (Error 189) Expected expression of type "FStar.TypeChecker.NBETerm.comp_typ"; got expression "c" of type "FStar.Syntax.Syntax.comp_typ" (see also C:/build/agent1/_work/1/s/src/typechecker/FStar.TypeChecker.NBE.fs(550,31-550,32))
1 error was reported (see above)
make[2]: *** [Makefile.boot:65: .cache.boot/FStar.TypeChecker.NBE.fs.checked.lax] Error 1
make[2]: Target 'all-ml' not remade because of errors.
make[1]: *** [Makefile:121: ocaml] Error 2
make[1]: Target 'fstar-ocaml' not remade because of errors.
make: *** [Makefile:169: utest-prelude] Error 2
Command exited with non-zero status 2
3.76user 15.03system 2:57.21elapsed 10%CPU (0avgtext+0avgdata 426073088maxresident)k
0inputs+0outputs (1759897major+0minor)pagefaults 0swaps
