From https://github.com/mitls/mitls-fstar
77a85ef9..697c8a56  barrybo_uint128 -> origin/barrybo_uint128
From https://github.com/mitls/hacl-star
* [new branch]        barrybo_uint128 -> origin/barrybo_uint128
dos2unix: converting file parser/parse.fsi to Unix format...
Warning: you are using the standard library and/or the %inline keyword. We
recommend switching on --infer in order to avoid obscure type error messages.
warning: CRLF will be replaced by LF in src/parser/parse.fsy.
The file will have its original line endings in your working directory.
FStar.List.Tot.Base.fst(265,10-265,12): (Warning 252) (Hint-replay failed): Subtyping check failed; expected type m:
Prims.list a
{ forall (u22513: FStar.Pervasives.Native.option (x: Prims.unit{Prims.hasEq a})).
FStar.List.Tot.Base.mem_filter_spec f m u22513 }; got type Prims.list a (see also FStar.List.Tot.Base.fst(263,86-263,107))
FStar.List.Tot.Base.fst(275,2-275,54): (Warning 252) (Hint-replay failed): could not prove post-condition (see also FStar.List.Tot.Base.fst(273,11-273,16))
FStar.Monotonic.Witnessed.fst(292,47-292,49): (Warning 252) (Hint-replay failed): could not prove post-condition (see also FStar.Monotonic.Witnessed.fsti(28,70-28,85))
FStar.Monotonic.Witnessed.fst(296,44-296,70): (Warning 252) (Hint-replay failed): could not prove post-condition (see also FStar.Monotonic.Witnessed.fsti(35,39-35,74))
FStar.Monotonic.Witnessed.fst(298,42-298,44): (Warning 252) (Hint-replay failed): could not prove post-condition (see also FStar.Monotonic.Witnessed.fsti(40,37-40,100))
FStar.Monotonic.Witnessed.fst(301,2-304,4): (Warning 252) (Hint-replay failed): could not prove post-condition (see also FStar.Monotonic.Witnessed.fst(302,30-302,67))
FStar.Monotonic.Witnessed.fst(307,40-307,42): (Warning 252) (Hint-replay failed): could not prove post-condition (see also FStar.Monotonic.Witnessed.fsti(52,75-52,110))
FStar.Monotonic.Witnessed.fst(310,2-313,4): (Warning 252) (Hint-replay failed): assertion failed (see also FStar.Monotonic.Witnessed.fst(106,50-106,55))
FStar.Monotonic.Witnessed.fst(317,2-320,4): (Warning 252) (Hint-replay failed): assertion failed (see also FStar.Monotonic.Witnessed.fst(211,63-211,83))
FStar.Monotonic.Witnessed.fst(323,45-323,47): (Warning 252) (Hint-replay failed): could not prove post-condition (see also FStar.Monotonic.Witnessed.fsti(70,74-70,114))
FStar.List.Tot.Properties.fst(851,2-855,2): (Warning 252) (Hint-replay failed): could not prove post-condition (see also FStar.List.Tot.Properties.fst(853,12-853,18))
FStar.List.Tot.Properties.fst(851,2-855,2): (Warning 252) could not prove post-condition (see also FStar.List.Tot.Properties.fst(853,12-853,18))
FStar.List.Tot.Properties.fst(881,2-884,2): (Warning 252) (Hint-replay failed): could not prove post-condition (see also FStar.List.Tot.Properties.fst(883,12-883,18))
FStar.OrdSet.fst(48,16-48,18): (Warning 252) (Hint-replay failed): Subtyping check failed; expected type a: Type{Prims.hasEq a}; got type Type (see also prims.fst(310,29-310,36))
FStar.Math.Lemmas.fst(485,2-498,5): (Error 16) Unknown assertion failed (SMT solver says: unknown because (resource limits reached) (fuel=0; ifuel=0; ); SMT solver says: unknown because (resource limits reached) (fuel=0; ifuel=0; with hint))
Verified module: FStar.Math.Lemmas (24306 milliseconds)
1 error was reported (see above)
make[3]: *** [gmake/Makefile.tmpl:29: FStar.Math.Lemmas.fst.checked] Error 1
FStar.Monotonic.HyperStack.fst(82,3-86,4): (Warning 252) (Hint-replay failed): could not prove post-condition (see also FStar.Monotonic.HyperStack.fst(85,12-85,46))
FStar.Monotonic.HyperStack.fst(89,3-93,4): (Warning 252) (Hint-replay failed): could not prove post-condition (see also FStar.Monotonic.HyperStack.fst(47,18-47,51))
FStar.Monotonic.HyperStack.fst(98,3-101,4): (Warning 252) (Hint-replay failed): could not prove post-condition (see also FStar.Monotonic.HyperStack.fst(99,19-99,34))
FStar.Monotonic.HyperStack.fst(109,3-115,4): (Warning 252) (Hint-replay failed): could not prove post-condition (see also FStar.Monotonic.HyperStack.fst(110,20-110,76))
FStar.Monotonic.HyperStack.fst(122,3-123,4): (Warning 252) (Hint-replay failed): could not prove post-condition (see also FStar.Monotonic.HyperStack.fst(122,9-122,48))
FStar.Monotonic.HyperStack.fst(131,3-135,4): (Warning 252) (Hint-replay failed): could not prove post-condition (see also FStar.Monotonic.HyperStack.fst(132,19-132,58))
FStar.Monotonic.HyperStack.fst(145,3-146,4): (Warning 252) (Hint-replay failed): could not prove post-condition (see also FStar.Monotonic.HyperStack.fst(145,92-145,124))
FStar.Monotonic.HyperStack.fst(159,4-161,4): (Warning 252) (Hint-replay failed): could not prove post-condition (see also FStar.Monotonic.HyperStack.fst(160,19-160,38))
FStar.Monotonic.HyperStack.fst(283,55-283,57): (Warning 252) (Hint-replay failed): could not prove post-condition (see also FStar.Monotonic.HyperStack.fst(282,17-282,31))
FStar.Monotonic.HyperStack.fst(339,27-340,4): (Warning 252) (Hint-replay failed): assertion failed (see also FStar.Monotonic.HyperStack.fst(38,12-41,66))
FStar.Monotonic.HyperStack.fst(496,5-497,5): (Warning 252) (Hint-replay failed): could not prove post-condition (see also FStar.Monotonic.HyperStack.fst(496,11-496,29))
FStar.Seq.Properties.fst(472,2-472,25): (Warning 252) (Hint-replay failed): could not prove post-condition (see also FStar.Seq.Properties.fst(470,20-470,28))
FStar.Fin.fst(31,4-36,2): (Warning 252) (Hint-replay failed): assertion failed (see also prims.fst(215,68-215,80))
FStar.Fin.fst(31,4-36,2): (Warning 252) (Hint-replay failed): could not prove post-condition (see also FStar.Fin.fst(33,41-33,68))
FStar.HyperStack.ST.fst(179,3-180,46): (Warning 252) (Hint-replay failed): could not prove post-condition (see also FStar.HyperStack.ST.fst(179,72-179,104))
FStar.HyperStack.ST.fst(182,3-184,98): (Warning 252) (Hint-replay failed): could not prove post-condition (see also FStar.HyperStack.ST.fst(145,4-145,52))
FStar.HyperStack.ST.fst(186,3-187,49): (Warning 252) (Hint-replay failed): could not prove post-condition (see also FStar.HyperStack.ST.fst(186,78-186,112))
FStar.HyperStack.ST.fst(189,3-192,4): (Warning 252) (Hint-replay failed): could not prove post-condition (see also FStar.HyperStack.ST.fst(145,4-145,52))
FStar.HyperStack.ST.fst(195,3-196,57): (Warning 252) (Hint-replay failed): could not prove post-condition (see also FStar.HyperStack.ST.fst(195,79-195,115))
FStar.HyperStack.ST.fst(198,3-201,4): (Warning 252) (Hint-replay failed): could not prove post-condition (see also FStar.HyperStack.ST.fst(145,4-145,52))
FStar.HyperStack.ST.fst(204,3-205,63): (Warning 252) (Hint-replay failed): could not prove post-condition (see also FStar.HyperStack.ST.fst(204,85-204,127))
FStar.HyperStack.ST.fst(207,3-211,4): (Warning 252) (Hint-replay failed): could not prove post-condition (see also FStar.HyperStack.ST.fst(145,4-145,52))
FStar.HyperStack.ST.fst(606,3-608,4): (Warning 252) (Hint-replay failed): could not prove post-condition (see also FStar.HyperStack.ST.fst(258,91-258,115))
FStar.HyperStack.ST.fst(632,3-634,4): (Warning 252) (Hint-replay failed): assertion failed (see also FStar.HyperStack.ST.fst(98,76-98,87))
FStar.HyperStack.ST.fst(643,52-643,54): (Warning 252) (Hint-replay failed): Subtyping check failed; expected type Prims.squash (forall (x: c). FStar.HyperStack.ST.witnessed (p' x)); got type Prims.unit (see also FStar.HyperStack.ST.fst(643,32-643,48))
FStar.Monotonic.Map.fst(26,31-27,2): (Warning 252) (Hint-replay failed): assertion failed (see also FStar.Preorder.fst(12,40-12,56))
FStar.Monotonic.Map.fst(65,4-66,4): (Warning 252) (Hint-replay failed): could not prove post-condition (see also FStar.HyperStack.ST.fst(602,56-602,60))
FStar.Monotonic.Map.fst(69,4-80,4): (Warning 252) (Hint-replay failed): assertion failed (see also FStar.HyperStack.ST.fst(523,54-523,72))
FStar.Monotonic.Map.fst(88,4-100,2): (Warning 252) (Hint-replay failed): assertion failed (see also FStar.HyperStack.ST.fst(602,56-602,60))
FStar.Monotonic.Seq.fst(26,30-27,4): (Warning 252) (Hint-replay failed): assertion failed (see also FStar.Preorder.fst(12,40-12,56))
FStar.Monotonic.Seq.fst(38,4-41,4): (Warning 252) (Hint-replay failed): could not prove post-condition (see also FStar.Monotonic.Seq.fst(39,12-39,36))
FStar.Monotonic.Seq.fst(60,4-61,4): (Warning 252) (Hint-replay failed): could not prove post-condition (see also FStar.HyperStack.ST.fst(602,56-602,60))
FStar.Monotonic.Seq.fst(102,4-103,4): (Warning 252) (Hint-replay failed): could not prove post-condition (see also FStar.HyperStack.ST.fst(602,56-602,60))
FStar.Monotonic.Seq.fst(246,4-248,4): (Warning 252) (Hint-replay failed): could not prove post-condition (see also FStar.Monotonic.Seq.fst(247,8-247,35))
FStar.Monotonic.Seq.fst(259,3-260,4): (Warning 252) (Hint-replay failed): could not prove post-condition (see also FStar.HyperStack.ST.fst(602,56-602,60))
FStar.Monotonic.Seq.fst(273,4-274,4): (Warning 252) (Hint-replay failed): could not prove post-condition (see also FStar.HyperStack.ST.fst(602,56-602,60))
FStar.Monotonic.Seq.fst(300,4-307,6): (Warning 252) (Hint-replay failed): assertion failed (see also FStar.Monotonic.Seq.fst(303,45-303,62))
FStar.Monotonic.Seq.fst(343,4-344,4): (Warning 252) (Hint-replay failed): could not prove post-condition (see also FStar.HyperStack.ST.fst(602,56-602,60))
make[3]: Target 'verify-core' not remade because of errors.
make[2]: *** [Makefile:12: all] Error 2
make[1]: *** [Makefile:175: fstarlib] Error 2
make: *** [Makefile:158: utest-prelude] Error 2
Command exited with non-zero status 2
10.29user 38.16system 6:43.09elapsed 12%CPU (0avgtext+0avgdata 1207741184maxresident)k
0inputs+0outputs (4950937major+0minor)pagefaults 0swaps
