From https://github.com/mitls/mitls-fstar
f257a750..56241ef7  master     -> origin/master
From https://github.com/mitls/hacl-star
4a2fc089..071d2c74  _sha3                 -> origin/_sha3
ab79ffe4..6f00a792  _vale_reduce_tcb      -> origin/_vale_reduce_tcb
6d495c93..f97c0381  frodo_sn              -> origin/frodo_sn
32c2d17f..8ba6ee01  fstar-master          -> origin/fstar-master
6d8a0fb9..f1096c5b  joonwonc_merkle_tree  -> origin/joonwonc_merkle_tree
a66fad0b..d50f3139  taramana_no_static_fp -> origin/taramana_no_static_fp
make: *** [Makefile:78: extracted/Makefile.include] Error 1
make: *** Waiting for unfinished jobs....
make: *** [Makefile:84: uint128/Makefile.include] Error 1
dos2unix: converting file parser/parse.fsi to Unix format...
Warning: you are using the standard library and/or the %inline keyword. We
recommend switching on --infer in order to avoid obscure type error messages.
warning: CRLF will be replaced by LF in src/parser/parse.fsy.
The file will have its original line endings in your working directory.
LowStar.BufVector.fst(6,13-6,19): (Warning 285) No modules in namespace LowStar.Vector and no file with that name either
LowStar.BufVector.fst(14,19-14,25): (Warning 285) module not found in search path: lowstar.vector

LowStar.BufVector.fst(6,13-6,19): (Warning 285) No modules in namespace LowStar.Vector and no file with that name either
LowStar.BufVector.fst(14,19-14,25): (Warning 285) module not found in search path: lowstar.vector

LowStar.BufVector.fst(6,13-6,19): (Error 134) Namespace LowStar.Vector cannot be found
1 error was reported (see above)
make[4]: *** [Makefile.extract:11: LowStar.BufVector.fst.checked.lax] Error 1
make[4]: Target 'all-ml' not remade because of errors.
make[3]: *** [Makefile:32: fstarlib.mgen] Error 2
make[3]: Target 'install-fstarlib' not remade because of errors.
make[2]: *** [Makefile:2: all] Error 2
make[1]: *** [Makefile:191: fstarlib] Error 2
make: *** [Makefile:176: utest-prelude] Error 2
Command exited with non-zero status 2
10.88user 41.37system 5:01.42elapsed 17%CPU (0avgtext+0avgdata 15949912maxresident)k
0inputs+0outputs (4196111major+0minor)pagefaults 0swaps
