From https://github.com/mitls/mitls-fstar
e2490b83..ea7d265d  master     -> origin/master
From https://github.com/mitls/hacl-star
3d6d2979..a2651849  fstar-master -> origin/fstar-master
/bin/bash: fstar.exe: command not found
make: *** [Makefile:51: .depend] Error 127
dos2unix: converting file parser/parse.fsi to Unix format...

Unhandled Exception: System.Exception: Not yet implemented
at FStar.TypeChecker.NBE.readback(cfg cfg, t x)
at FStar.TypeChecker.NBE.args@651-1.Invoke(Tuple`2 tupledArg)
at FStar.TypeChecker.NBE.aux@34-13[a,b](FSharpFunc`2 f, FSharpList`1 l, FSharpList`1 acc)
at FStar.TypeChecker.NBE.readback(cfg cfg, t x)
at FStar.TypeChecker.NBE.make_branches@514-1.Invoke(Tuple`3 tupledArg)
at Microsoft.FSharp.Primitives.Basics.List.mapToFreshConsTail[a,b](FSharpList`1 cons, FSharpFunc`2 f, FSharpList`1 x)
at Microsoft.FSharp.Primitives.Basics.List.map[T,TResult](FSharpFunc`2 mapping, FSharpList`1 x)
at FStar.TypeChecker.NBE.readback(cfg cfg, t x)
at FStar.TypeChecker.NBE.readback(cfg cfg, t x)
at FStar.Tests.Norm.run_either[a](Int32 i, a r, syntax`1 expected, FSharpFunc`2 normalizer)
at FStar.Tests.Norm.run_nbe(Int32 i, syntax`1 r, syntax`1 expected)
at FStar.Tests.Norm.nbe@250.Invoke(Unit unitVar0)
at FStar.Util.return_execution_time[a](FSharpFunc`2 f)
at FStar.Tests.Norm.run_nbe_with_time(Int32 i, syntax`1 r, syntax`1 expected)
at Microsoft.FSharp.Primitives.Basics.List.mapToFreshConsTail[a,b](FSharpList`1 cons, FSharpFunc`2 f, FSharpList`1 x)
at Microsoft.FSharp.Primitives.Basics.List.map[T,TResult](FSharpFunc`2 mapping, FSharpList`1 x)
at FStar.Tests.Norm.run_tests[a](FSharpFunc`2 run)
at FStar.Tests.Norm.run_all()
at FStar.Tests.Test.main(String[] argv)
make[1]: *** [Makefile:145: fsharp-unit-tests] Error 127
make: *** [Makefile:153: fsharp-build-and-test] Error 2
make: Target 'utest-prelude' not remade because of errors.
Command exited with non-zero status 2
0.10user 0.28system 0:40.93elapsed 0%CPU (0avgtext+0avgdata 8983296maxresident)k
0inputs+0outputs (36700major+0minor)pagefaults 0swaps
