dos2unix: converting file parser/parse.fsi to Unix format...
Warning: you are using the standard library and/or the %inline keyword. We
recommend switching on --infer in order to avoid obscure type error messages.
warning: CRLF will be replaced by LF in src/parser/parse.fsy.
The file will have its original line endings in your working directory.
FStar.List.Tot.Properties.fst(851,2-855,2): (Warning 252) (Hint-replay failed): could not prove post-condition (see also FStar.List.Tot.Properties.fst(853,12-853,18))
FStar.List.Tot.Properties.fst(851,2-855,2): (Warning 252) could not prove post-condition (see also FStar.List.Tot.Properties.fst(853,12-853,18))
FStar.List.Tot.Properties.fst(881,2-884,2): (Warning 252) (Hint-replay failed): could not prove post-condition (see also FStar.List.Tot.Properties.fst(883,12-883,18))
FStar.OrdSet.fst(48,16-48,18): (Warning 252) (Hint-replay failed): Subtyping check failed; expected type a: Type{Prims.hasEq a}; got type Type (see also prims.fst(310,29-310,36))
FStar.Monotonic.HyperStack.fst(339,27-340,4): (Warning 252) (Hint-replay failed): assertion failed (see also FStar.Monotonic.HyperStack.fst(38,12-41,66))
FStar.Monotonic.HyperStack.fst(339,27-340,4): (Warning 252) (Hint-replay failed): assertion failed (see also FStar.Monotonic.HyperStack.fst(38,12-41,66))
FStar.Math.Lemmas.fst(485,2-498,5): (Error 16) Unknown assertion failed (SMT solver says: unknown because (resource limits reached) (fuel=1; ifuel=1; ); SMT solver says: unknown because (resource limits reached) (fuel=0; ifuel=0; with hint))
Verified module: FStar.Math.Lemmas (18728 milliseconds)
1 error was reported (see above)
make[3]: *** [gmake/Makefile.tmpl:29: FStar.Math.Lemmas.fst.checked] Error 1
FStar.Seq.Properties.fst(472,2-472,25): (Warning 252) (Hint-replay failed): could not prove post-condition (see also FStar.Seq.Properties.fst(470,20-470,28))
FStar.Fin.fst(31,4-36,2): (Warning 252) (Hint-replay failed): assertion failed (see also prims.fst(215,68-215,80))
FStar.Fin.fst(31,4-36,2): (Warning 252) (Hint-replay failed): could not prove post-condition (see also FStar.Fin.fst(33,41-33,68))
FStar.Fin.fst(31,4-36,2): (Warning 252) (Hint-replay failed): assertion failed (see also prims.fst(215,68-215,80))
FStar.Fin.fst(31,4-36,2): (Warning 252) (Hint-replay failed): could not prove post-condition (see also FStar.Fin.fst(33,41-33,68))
make[3]: Target 'verify-core' not remade because of errors.
make[2]: *** [Makefile:12: all] Error 2
make[1]: *** [Makefile:175: fstarlib] Error 2
make: *** [Makefile:158: utest-prelude] Error 2
Command exited with non-zero status 2
10.20user 42.46system 6:39.59elapsed 13%CPU (0avgtext+0avgdata 1229857280maxresident)k
0inputs+0outputs (5041104major+0minor)pagefaults 0swaps
