dos2unix: converting file parser/parse.fsi to Unix format...
Warning: you are using the standard library and/or the %inline keyword. We
recommend switching on --infer in order to avoid obscure type error messages.
warning: CRLF will be replaced by LF in src/parser/parse.fsy.
The file will have its original line endings in your working directory.
cp: cannot stat './_build/src/ocaml-output/FStar_Tests_Pars.cmx': No such file or directory
prims.fst(0,0-0,0): (Warning 241) Absent cache file prims.fst.checked.lax; will recheck prims.fst and all subsequent files
FStar.Pervasives.Native.fst(0,0-0,0): (Warning 241) Absent cache file FStar.Pervasives.Native.fst.checked.lax; will recheck FStar.Pervasives.Native.fst and all subsequent files
FStar.Pervasives.fst(0,0-0,0): (Warning 241) Absent cache file FStar.Pervasives.fst.checked.lax; will recheck FStar.Pervasives.fst and all subsequent files
FStar.Squash.fsti(0,0-0,0): (Warning 241) Absent cache file FStar.Squash.fsti.checked.lax; will recheck FStar.Squash.fsti and all subsequent files
FStar.Classical.fsti(0,0-0,0): (Warning 241) Absent cache file FStar.Classical.fsti.checked.lax; will recheck FStar.Classical.fsti and all subsequent files
FStar.Ghost.fsti(0,0-0,0): (Warning 241) Absent cache file FStar.Ghost.fsti.checked.lax; will recheck FStar.Ghost.fsti and all subsequent files
FStar.StrongExcludedMiddle.fst(0,0-0,0): (Warning 241) Absent cache file FStar.StrongExcludedMiddle.fst.checked.lax; will recheck FStar.StrongExcludedMiddle.fst and all subsequent files
FStar.Mul.fst(0,0-0,0): (Warning 241) Absent cache file FStar.Mul.fst.checked.lax; will recheck FStar.Mul.fst and all subsequent files
FStar.Preorder.fst(0,0-0,0): (Warning 241) Absent cache file FStar.Preorder.fst.checked.lax; will recheck FStar.Preorder.fst and all subsequent files
FStar.FunctionalExtensionality.fst(0,0-0,0): (Warning 241) Absent cache file FStar.FunctionalExtensionality.fst.checked.lax; will recheck FStar.FunctionalExtensionality.fst and all subsequent files
FStar.PropositionalExtensionality.fst(0,0-0,0): (Warning 241) Absent cache file FStar.PropositionalExtensionality.fst.checked.lax; will recheck FStar.PropositionalExtensionality.fst and all subsequent files
FStar.Exn.fst(0,0-0,0): (Warning 241) Absent cache file FStar.Exn.fst.checked.lax; will recheck FStar.Exn.fst and all subsequent files
FStar.MarkovsPrinciple.fst(0,0-0,0): (Warning 241) Absent cache file FStar.MarkovsPrinciple.fst.checked.lax; will recheck FStar.MarkovsPrinciple.fst and all subsequent files
FStar.DependentMap.fst(0,0-0,0): (Warning 241) Absent cache file FStar.DependentMap.fst.checked.lax; will recheck FStar.DependentMap.fst and all subsequent files
FStar.Float.fsti(0,0-0,0): (Warning 241) Absent cache file FStar.Float.fsti.checked.lax; will recheck FStar.Float.fsti and all subsequent files
FStar.IndefiniteDescription.fst(0,0-0,0): (Warning 241) Absent cache file FStar.IndefiniteDescription.fst.checked.lax; will recheck FStar.IndefiniteDescription.fst and all subsequent files
FStar.WellFounded.fst(0,0-0,0): (Warning 241) Absent cache file FStar.WellFounded.fst.checked.lax; will recheck FStar.WellFounded.fst and all subsequent files
FStar.SquashEffect.fst(0,0-0,0): (Warning 241) Absent cache file FStar.SquashEffect.fst.checked.lax; will recheck FStar.SquashEffect.fst and all subsequent files
FStar.Constructive.fst(0,0-0,0): (Warning 241) Absent cache file FStar.Constructive.fst.checked.lax; will recheck FStar.Constructive.fst and all subsequent files
FStar.Squash.fst(0,0-0,0): (Warning 241) Absent cache file FStar.Squash.fst.checked.lax; will recheck FStar.Squash.fst and all subsequent files
FStar.Classical.fst(0,0-0,0): (Warning 241) Absent cache file FStar.Classical.fst.checked.lax; will recheck FStar.Classical.fst and all subsequent files
FStar.ErasedLogic.fst(0,0-0,0): (Warning 241) Absent cache file FStar.ErasedLogic.fst.checked.lax; will recheck FStar.ErasedLogic.fst and all subsequent files
FStar.Math.Lib.fst(0,0-0,0): (Warning 241) Absent cache file FStar.Math.Lib.fst.checked.lax; will recheck FStar.Math.Lib.fst and all subsequent files
FStar.List.Tot.Base.fst(0,0-0,0): (Warning 241) Absent cache file FStar.List.Tot.Base.fst.checked.lax; will recheck FStar.List.Tot.Base.fst and all subsequent files
FStar.Int.fst(0,0-0,0): (Warning 241) Absent cache file FStar.Int.fst.checked.lax; will recheck FStar.Int.fst and all subsequent files
FStar.PredicateExtensionality.fst(0,0-0,0): (Warning 241) Absent cache file FStar.PredicateExtensionality.fst.checked.lax; will recheck FStar.PredicateExtensionality.fst and all subsequent files
FStar.Set.fst(0,0-0,0): (Warning 241) Absent cache file FStar.Set.fst.checked.lax; will recheck FStar.Set.fst and all subsequent files
FStar.Monotonic.Witnessed.fsti(0,0-0,0): (Warning 241) Absent cache file FStar.Monotonic.Witnessed.fsti.checked.lax; will recheck FStar.Monotonic.Witnessed.fsti and all subsequent files
FStar.Algebra.CommMonoid.fst(0,0-0,0): (Warning 241) Absent cache file FStar.Algebra.CommMonoid.fst.checked.lax; will recheck FStar.Algebra.CommMonoid.fst and all subsequent files
FStar.Algebra.Monoid.fst(0,0-0,0): (Warning 241) Absent cache file FStar.Algebra.Monoid.fst.checked.lax; will recheck FStar.Algebra.Monoid.fst and all subsequent files
FStar.Universe.fst(0,0-0,0): (Warning 241) Absent cache file FStar.Universe.fst.checked.lax; will recheck FStar.Universe.fst and all subsequent files
FStar.List.Pure.Base.fst(0,0-0,0): (Warning 241) Absent cache file FStar.List.Pure.Base.fst.checked.lax; will recheck FStar.List.Pure.Base.fst and all subsequent files
FStar.TSet.fst(0,0-0,0): (Warning 241) Absent cache file FStar.TSet.fst.checked.lax; will recheck FStar.TSet.fst and all subsequent files
FStar.Map.fst(0,0-0,0): (Warning 241) Absent cache file FStar.Map.fst.checked.lax; will recheck FStar.Map.fst and all subsequent files
FStar.Monotonic.Witnessed.fst(0,0-0,0): (Warning 241) Absent cache file FStar.Monotonic.Witnessed.fst.checked.lax; will recheck FStar.Monotonic.Witnessed.fst and all subsequent files
FStar.Math.Lemmas.fst(0,0-0,0): (Warning 241) Absent cache file FStar.Math.Lemmas.fst.checked.lax; will recheck FStar.Math.Lemmas.fst and all subsequent files
FStar.List.Tot.Properties.fst(0,0-0,0): (Warning 241) Absent cache file FStar.List.Tot.Properties.fst.checked.lax; will recheck FStar.List.Tot.Properties.fst and all subsequent files
FStar.Monotonic.Heap.fsti(0,0-0,0): (Warning 241) Absent cache file FStar.Monotonic.Heap.fsti.checked.lax; will recheck FStar.Monotonic.Heap.fsti and all subsequent files
FStar.List.Tot.fst(0,0-0,0): (Warning 241) Absent cache file FStar.List.Tot.fst.checked.lax; will recheck FStar.List.Tot.fst and all subsequent files
FStar.List.Pure.Properties.fst(0,0-0,0): (Warning 241) Absent cache file FStar.List.Pure.Properties.fst.checked.lax; will recheck FStar.List.Pure.Properties.fst and all subsequent files
FStar.Heap.fst(0,0-0,0): (Warning 241) Absent cache file FStar.Heap.fst.checked.lax; will recheck FStar.Heap.fst and all subsequent files
FStar.List.Pure.fst(0,0-0,0): (Warning 241) Absent cache file FStar.List.Pure.fst.checked.lax; will recheck FStar.List.Pure.fst and all subsequent files
FStar.TwoLevelHeap.fst(0,0-0,0): (Warning 241) Absent cache file FStar.TwoLevelHeap.fst.checked.lax; will recheck FStar.TwoLevelHeap.fst and all subsequent files
FStar.Monotonic.HyperHeap.fst(0,0-0,0): (Warning 241) Absent cache file FStar.Monotonic.HyperHeap.fst.checked.lax; will recheck FStar.Monotonic.HyperHeap.fst and all subsequent files
FStar.Seq.Base.fst(0,0-0,0): (Warning 241) Absent cache file FStar.Seq.Base.fst.checked.lax; will recheck FStar.Seq.Base.fst and all subsequent files
FStar.ST.fst(0,0-0,0): (Warning 241) Absent cache file FStar.ST.fst.checked.lax; will recheck FStar.ST.fst and all subsequent files
FStar.Relational.Relational.fst(0,0-0,0): (Warning 241) Absent cache file FStar.Relational.Relational.fst.checked.lax; will recheck FStar.Relational.Relational.fst and all subsequent files
FStar.Axiomatic.Array.fst(0,0-0,0): (Warning 241) Absent cache file FStar.Axiomatic.Array.fst.checked.lax; will recheck FStar.Axiomatic.Array.fst and all subsequent files
FStar.OrdSet.fst(0,0-0,0): (Warning 241) Absent cache file FStar.OrdSet.fst.checked.lax; will recheck FStar.OrdSet.fst and all subsequent files
FStar.Reader.fst(0,0-0,0): (Warning 241) Absent cache file FStar.Reader.fst.checked.lax; will recheck FStar.Reader.fst and all subsequent files
FStar.All.fst(0,0-0,0): (Warning 241) Absent cache file FStar.All.fst.checked.lax; will recheck FStar.All.fst and all subsequent files
FStar.Ref.fst(0,0-0,0): (Warning 241) Absent cache file FStar.Ref.fst.checked.lax; will recheck FStar.Ref.fst and all subsequent files
FStar.MRef.fst(0,0-0,0): (Warning 241) Absent cache file FStar.MRef.fst.checked.lax; will recheck FStar.MRef.fst and all subsequent files
FStar.Monotonic.HyperStack.fst(0,0-0,0): (Warning 241) Absent cache file FStar.Monotonic.HyperStack.fst.checked.lax; will recheck FStar.Monotonic.HyperStack.fst and all subsequent files
FStar.OrdSetProps.fst(0,0-0,0): (Warning 241) Absent cache file FStar.OrdSetProps.fst.checked.lax; will recheck FStar.OrdSetProps.fst and all subsequent files
FStar.OrdMap.fst(0,0-0,0): (Warning 241) Absent cache file FStar.OrdMap.fst.checked.lax; will recheck FStar.OrdMap.fst and all subsequent files
FStar.Relational.Comp.fst(0,0-0,0): (Warning 241) Absent cache file FStar.Relational.Comp.fst.checked.lax; will recheck FStar.Relational.Comp.fst and all subsequent files
FStar.IO.fst(0,0-0,0): (Warning 241) Absent cache file FStar.IO.fst.checked.lax; will recheck FStar.IO.fst and all subsequent files
FStar.List.fst(0,0-0,0): (Warning 241) Absent cache file FStar.List.fst.checked.lax; will recheck FStar.List.fst and all subsequent files
FStar.HyperStack.fst(0,0-0,0): (Warning 241) Absent cache file FStar.HyperStack.fst.checked.lax; will recheck FStar.HyperStack.fst and all subsequent files
FStar.OrdMapProps.fst(0,0-0,0): (Warning 241) Absent cache file FStar.OrdMapProps.fst.checked.lax; will recheck FStar.OrdMapProps.fst and all subsequent files
FStar.Error.fst(0,0-0,0): (Warning 241) Absent cache file FStar.Error.fst.checked.lax; will recheck FStar.Error.fst and all subsequent files
FStar.Relational.State.fst(0,0-0,0): (Warning 241) Absent cache file FStar.Relational.State.fst.checked.lax; will recheck FStar.Relational.State.fst and all subsequent files
FStar.Seq.Properties.fst(0,0-0,0): (Warning 241) Absent cache file FStar.Seq.Properties.fst.checked.lax; will recheck FStar.Seq.Properties.fst and all subsequent files
FStar.HyperStack.ST.fst(0,0-0,0): (Warning 241) Absent cache file FStar.HyperStack.ST.fst.checked.lax; will recheck FStar.HyperStack.ST.fst and all subsequent files
FStar.Seq.fst(0,0-0,0): (Warning 241) Absent cache file FStar.Seq.fst.checked.lax; will recheck FStar.Seq.fst and all subsequent files
FStar.Monotonic.Map.fst(0,0-0,0): (Warning 241) Absent cache file FStar.Monotonic.Map.fst.checked.lax; will recheck FStar.Monotonic.Map.fst and all subsequent files
FStar.BitVector.fst(0,0-0,0): (Warning 241) Absent cache file FStar.BitVector.fst.checked.lax; will recheck FStar.BitVector.fst and all subsequent files
FStar.Monotonic.DependentMap.fst(0,0-0,0): (Warning 241) Absent cache file FStar.Monotonic.DependentMap.fst.checked.lax; will recheck FStar.Monotonic.DependentMap.fst and all subsequent files
FStar.Fin.fst(0,0-0,0): (Warning 241) Absent cache file FStar.Fin.fst.checked.lax; will recheck FStar.Fin.fst and all subsequent files
FStar.Seq.Sorted.fst(0,0-0,0): (Warning 241) Absent cache file FStar.Seq.Sorted.fst.checked.lax; will recheck FStar.Seq.Sorted.fst and all subsequent files
FStar.Array.fst(0,0-0,0): (Warning 241) Absent cache file FStar.Array.fst.checked.lax; will recheck FStar.Array.fst and all subsequent files
FStar.Monotonic.Seq.fst(0,0-0,0): (Warning 241) Absent cache file FStar.Monotonic.Seq.fst.checked.lax; will recheck FStar.Monotonic.Seq.fst and all subsequent files
FStar.UInt.fst(0,0-0,0): (Warning 241) Absent cache file FStar.UInt.fst.checked.lax; will recheck FStar.UInt.fst and all subsequent files
FStar.UInt32.fst(0,0-0,0): (Warning 241) Absent cache file FStar.UInt32.fst.checked.lax; will recheck FStar.UInt32.fst and all subsequent files
FStar.BV.fst(0,0-0,0): (Warning 241) Absent cache file FStar.BV.fst.checked.lax; will recheck FStar.BV.fst and all subsequent files
FStar.Int31.fst(0,0-0,0): (Warning 241) Absent cache file FStar.Int31.fst.checked.lax; will recheck FStar.Int31.fst and all subsequent files
FStar.Char.fsti(0,0-0,0): (Warning 241) Absent cache file FStar.Char.fsti.checked.lax; will recheck FStar.Char.fsti and all subsequent files
FStar.Int32.fst(0,0-0,0): (Warning 241) Absent cache file FStar.Int32.fst.checked.lax; will recheck FStar.Int32.fst and all subsequent files
FStar.Int64.fst(0,0-0,0): (Warning 241) Absent cache file FStar.Int64.fst.checked.lax; will recheck FStar.Int64.fst and all subsequent files
FStar.Int16.fst(0,0-0,0): (Warning 241) Absent cache file FStar.Int16.fst.checked.lax; will recheck FStar.Int16.fst and all subsequent files
FStar.Int8.fst(0,0-0,0): (Warning 241) Absent cache file FStar.Int8.fst.checked.lax; will recheck FStar.Int8.fst and all subsequent files
FStar.UInt64.fst(0,0-0,0): (Warning 241) Absent cache file FStar.UInt64.fst.checked.lax; will recheck FStar.UInt64.fst and all subsequent files
FStar.UInt16.fst(0,0-0,0): (Warning 241) Absent cache file FStar.UInt16.fst.checked.lax; will recheck FStar.UInt16.fst and all subsequent files
FStar.UInt8.fst(0,0-0,0): (Warning 241) Absent cache file FStar.UInt8.fst.checked.lax; will recheck FStar.UInt8.fst and all subsequent files
FStar.Int63.fst(0,0-0,0): (Warning 241) Absent cache file FStar.Int63.fst.checked.lax; will recheck FStar.Int63.fst and all subsequent files
FStar.UInt31.fst(0,0-0,0): (Warning 241) Absent cache file FStar.UInt31.fst.checked.lax; will recheck FStar.UInt31.fst and all subsequent files
FStar.UInt63.fst(0,0-0,0): (Warning 241) Absent cache file FStar.UInt63.fst.checked.lax; will recheck FStar.UInt63.fst and all subsequent files
FStar.Int128.fst(0,0-0,0): (Warning 241) Absent cache file FStar.Int128.fst.checked.lax; will recheck FStar.Int128.fst and all subsequent files
FStar.String.fsti(0,0-0,0): (Warning 241) Absent cache file FStar.String.fsti.checked.lax; will recheck FStar.String.fsti and all subsequent files
FStar.UInt128.fsti(0,0-0,0): (Warning 241) Absent cache file FStar.UInt128.fsti.checked.lax; will recheck FStar.UInt128.fsti and all subsequent files
FStar.Int.Cast.fst(0,0-0,0): (Warning 241) Absent cache file FStar.Int.Cast.fst.checked.lax; will recheck FStar.Int.Cast.fst and all subsequent files
FStar.Int.Cast.Full.fst(0,0-0,0): (Warning 241) Absent cache file FStar.Int.Cast.Full.fst.checked.lax; will recheck FStar.Int.Cast.Full.fst and all subsequent files
FStar.Integers.fst(0,0-0,0): (Warning 241) Absent cache file FStar.Integers.fst.checked.lax; will recheck FStar.Integers.fst and all subsequent files
FStar.Buffer.fst(0,0-0,0): (Warning 241) Absent cache file FStar.Buffer.fst.checked.lax; will recheck FStar.Buffer.fst and all subsequent files
FStar.Pointer.Base.fsti(0,0-0,0): (Warning 241) Absent cache file FStar.Pointer.Base.fsti.checked.lax; will recheck FStar.Pointer.Base.fsti and all subsequent files
FStar.UInt128.fst(0,0-0,0): (Warning 241) Absent cache file FStar.UInt128.fst.checked.lax; will recheck FStar.UInt128.fst and all subsequent files
FStar.Buffer.Quantifiers.fst(0,0-0,0): (Warning 241) Absent cache file FStar.Buffer.Quantifiers.fst.checked.lax; will recheck FStar.Buffer.Quantifiers.fst and all subsequent files
FStar.Pointer.Derived1.fsti(0,0-0,0): (Warning 241) Absent cache file FStar.Pointer.Derived1.fsti.checked.lax; will recheck FStar.Pointer.Derived1.fsti and all subsequent files
FStar.Modifies.fst(0,0-0,0): (Warning 241) Absent cache file FStar.Modifies.fst.checked.lax; will recheck FStar.Modifies.fst and all subsequent files
FStar.Pointer.Derived3.fsti(0,0-0,0): (Warning 241) Absent cache file FStar.Pointer.Derived3.fsti.checked.lax; will recheck FStar.Pointer.Derived3.fsti and all subsequent files
FStar.Pointer.Derived2.fsti(0,0-0,0): (Warning 241) Absent cache file FStar.Pointer.Derived2.fsti.checked.lax; will recheck FStar.Pointer.Derived2.fsti and all subsequent files
FStar.Pointer.fst(0,0-0,0): (Warning 241) Absent cache file FStar.Pointer.fst.checked.lax; will recheck FStar.Pointer.fst and all subsequent files
FStar.Pointer.Base.fst(0,0-0,0): (Warning 241) Absent cache file FStar.Pointer.Base.fst.checked.lax; will recheck FStar.Pointer.Base.fst and all subsequent files
FStar.Reflection.Const.fst(0,0-0,0): (Warning 241) Absent cache file FStar.Reflection.Const.fst.checked.lax; will recheck FStar.Reflection.Const.fst and all subsequent files
FStar.Order.fst(0,0-0,0): (Warning 241) Absent cache file FStar.Order.fst.checked.lax; will recheck FStar.Order.fst and all subsequent files
FStar.Reflection.Types.fsti(0,0-0,0): (Warning 241) Absent cache file FStar.Reflection.Types.fsti.checked.lax; will recheck FStar.Reflection.Types.fsti and all subsequent files
FStar.Range.fsti(0,0-0,0): (Warning 241) Absent cache file FStar.Range.fsti.checked.lax; will recheck FStar.Range.fsti and all subsequent files
FStar.Tactics.Types.fsti(0,0-0,0): (Warning 241) Absent cache file FStar.Tactics.Types.fsti.checked.lax; will recheck FStar.Tactics.Types.fsti and all subsequent files
FStar.Reflection.Data.fst(0,0-0,0): (Warning 241) Absent cache file FStar.Reflection.Data.fst.checked.lax; will recheck FStar.Reflection.Data.fst and all subsequent files
FStar.BV.fsti(0,0-0,0): (Warning 241) Absent cache file FStar.BV.fsti.checked.lax; will recheck FStar.BV.fsti and all subsequent files
FStar.Tactics.Result.fst(0,0-0,0): (Warning 241) Absent cache file FStar.Tactics.Result.fst.checked.lax; will recheck FStar.Tactics.Result.fst and all subsequent files
FStar.Reflection.Basic.fst(0,0-0,0): (Warning 241) Absent cache file FStar.Reflection.Basic.fst.checked.lax; will recheck FStar.Reflection.Basic.fst and all subsequent files
FStar.Tactics.Effect.fst(0,0-0,0): (Warning 241) Absent cache file FStar.Tactics.Effect.fst.checked.lax; will recheck FStar.Tactics.Effect.fst and all subsequent files
FStar.Tactics.Util.fst(0,0-0,0): (Warning 241) Absent cache file FStar.Tactics.Util.fst.checked.lax; will recheck FStar.Tactics.Util.fst and all subsequent files
FStar.Tactics.Builtins.fst(0,0-0,0): (Warning 241) Absent cache file FStar.Tactics.Builtins.fst.checked.lax; will recheck FStar.Tactics.Builtins.fst and all subsequent files
FStar.Reflection.Derived.fst(0,0-0,0): (Warning 241) Absent cache file FStar.Reflection.Derived.fst.checked.lax; will recheck FStar.Reflection.Derived.fst and all subsequent files
FStar.Reflection.Derived.Lemmas.fst(0,0-0,0): (Warning 241) Absent cache file FStar.Reflection.Derived.Lemmas.fst.checked.lax; will recheck FStar.Reflection.Derived.Lemmas.fst and all subsequent files
FStar.Reflection.Formula.fst(0,0-0,0): (Warning 241) Absent cache file FStar.Reflection.Formula.fst.checked.lax; will recheck FStar.Reflection.Formula.fst and all subsequent files
FStar.Reflection.fst(0,0-0,0): (Warning 241) Absent cache file FStar.Reflection.fst.checked.lax; will recheck FStar.Reflection.fst and all subsequent files
FStar.Tactics.Derived.fst(0,0-0,0): (Warning 241) Absent cache file FStar.Tactics.Derived.fst.checked.lax; will recheck FStar.Tactics.Derived.fst and all subsequent files
FStar.Tactics.Logic.fst(0,0-0,0): (Warning 241) Absent cache file FStar.Tactics.Logic.fst.checked.lax; will recheck FStar.Tactics.Logic.fst and all subsequent files
FStar.Tactics.fst(0,0-0,0): (Warning 241) Absent cache file FStar.Tactics.fst.checked.lax; will recheck FStar.Tactics.fst and all subsequent files
FStar.Tactics.Simplifier.fst(0,0-0,0): (Warning 241) Absent cache file FStar.Tactics.Simplifier.fst.checked.lax; will recheck FStar.Tactics.Simplifier.fst and all subsequent files
FStar.Reflection.Arith.fst(0,0-0,0): (Warning 241) Absent cache file FStar.Reflection.Arith.fst.checked.lax; will recheck FStar.Reflection.Arith.fst and all subsequent files
FStar.Tactics.PatternMatching.fst(0,0-0,0): (Warning 241) Absent cache file FStar.Tactics.PatternMatching.fst.checked.lax; will recheck FStar.Tactics.PatternMatching.fst and all subsequent files
FStar.Tactics.Arith.fst(0,0-0,0): (Warning 241) Absent cache file FStar.Tactics.Arith.fst.checked.lax; will recheck FStar.Tactics.Arith.fst and all subsequent files
FStar.Tactics.Canon.fst(0,0-0,0): (Warning 241) Absent cache file FStar.Tactics.Canon.fst.checked.lax; will recheck FStar.Tactics.Canon.fst and all subsequent files
FStar.Tactics.BV.fst(0,0-0,0): (Warning 241) Absent cache file FStar.Tactics.BV.fst.checked.lax; will recheck FStar.Tactics.BV.fst and all subsequent files
prims.fst(0,0-0,0): (Warning 241) Absent cache file prims.fst.checked; will recheck prims.fst and all subsequent files
FStar.Pervasives.Native.fst(0,0-0,0): (Warning 241) Absent cache file FStar.Pervasives.Native.fst.checked; will recheck FStar.Pervasives.Native.fst and all subsequent files
FStar.Pervasives.fst(0,0-0,0): (Warning 241) Absent cache file FStar.Pervasives.fst.checked; will recheck FStar.Pervasives.fst and all subsequent files
FStar.Squash.fsti(0,0-0,0): (Warning 241) Absent cache file FStar.Squash.fsti.checked; will recheck FStar.Squash.fsti and all subsequent files
FStar.Mul.fst(0,0-0,0): (Warning 241) Absent cache file FStar.Mul.fst.checked; will recheck FStar.Mul.fst and all subsequent files
FStar.StrongExcludedMiddle.fst(0,0-0,0): (Warning 241) Absent cache file FStar.StrongExcludedMiddle.fst.checked; will recheck FStar.StrongExcludedMiddle.fst and all subsequent files
FStar.Exn.fst(0,0-0,0): (Warning 241) Absent cache file FStar.Exn.fst.checked; will recheck FStar.Exn.fst and all subsequent files
FStar.FunctionalExtensionality.fst(0,0-0,0): (Warning 241) Absent cache file FStar.FunctionalExtensionality.fst.checked; will recheck FStar.FunctionalExtensionality.fst and all subsequent files
FStar.Preorder.fst(0,0-0,0): (Warning 241) Absent cache file FStar.Preorder.fst.checked; will recheck FStar.Preorder.fst and all subsequent files
FStar.Classical.fsti(0,0-0,0): (Warning 241) Absent cache file FStar.Classical.fsti.checked; will recheck FStar.Classical.fsti and all subsequent files
FStar.PropositionalExtensionality.fst(0,0-0,0): (Warning 241) Absent cache file FStar.PropositionalExtensionality.fst.checked; will recheck FStar.PropositionalExtensionality.fst and all subsequent files
FStar.Reflection.Types.fsti(0,0-0,0): (Warning 241) Absent cache file FStar.Reflection.Types.fsti.checked; will recheck FStar.Reflection.Types.fsti and all subsequent files
FStar.Range.fsti(0,0-0,0): (Warning 241) Absent cache file FStar.Range.fsti.checked; will recheck FStar.Range.fsti and all subsequent files
FStar.Float.fsti(0,0-0,0): (Warning 241) Absent cache file FStar.Float.fsti.checked; will recheck FStar.Float.fsti and all subsequent files
FStar.Reflection.Const.fst(0,0-0,0): (Warning 241) Absent cache file FStar.Reflection.Const.fst.checked; will recheck FStar.Reflection.Const.fst and all subsequent files
FStar.Ghost.fsti(0,0-0,0): (Warning 241) Absent cache file FStar.Ghost.fsti.checked; will recheck FStar.Ghost.fsti and all subsequent files
FStar.MarkovsPrinciple.fst(0,0-0,0): (Warning 241) Absent cache file FStar.MarkovsPrinciple.fst.checked; will recheck FStar.MarkovsPrinciple.fst and all subsequent files
FStar.SquashEffect.fst(0,0-0,0): (Warning 241) Absent cache file FStar.SquashEffect.fst.checked; will recheck FStar.SquashEffect.fst and all subsequent files
FStar.Date.fsti(0,0-0,0): (Warning 241) Absent cache file FStar.Date.fsti.checked; will recheck FStar.Date.fsti and all subsequent files
FStar.Universe.fsti(0,0-0,0): (Warning 241) Absent cache file FStar.Universe.fsti.checked; will recheck FStar.Universe.fsti and all subsequent files
FStar.WellFounded.fst(0,0-0,0): (Warning 241) Absent cache file FStar.WellFounded.fst.checked; will recheck FStar.WellFounded.fst and all subsequent files
FStar.Monotonic.Witnessed.fsti(0,0-0,0): (Warning 241) Absent cache file FStar.Monotonic.Witnessed.fsti.checked; will recheck FStar.Monotonic.Witnessed.fsti and all subsequent files
FStar.Tactics.Types.fsti(0,0-0,0): (Warning 241) Absent cache file FStar.Tactics.Types.fsti.checked; will recheck FStar.Tactics.Types.fsti and all subsequent files
FStar.PredicateExtensionality.fst(0,0-0,0): (Warning 241) Absent cache file FStar.PredicateExtensionality.fst.checked; will recheck FStar.PredicateExtensionality.fst and all subsequent files
FStar.Universe.fst(0,0-0,0): (Warning 241) Absent cache file FStar.Universe.fst.checked; will recheck FStar.Universe.fst and all subsequent files
FStar.ErasedLogic.fst(0,0-0,0): (Warning 241) Absent cache file FStar.ErasedLogic.fst.checked; will recheck FStar.ErasedLogic.fst and all subsequent files
FStar.Order.fst(0,0-0,0): (Warning 241) Absent cache file FStar.Order.fst.checked; will recheck FStar.Order.fst and all subsequent files
FStar.Squash.fst(0,0-0,0): (Warning 241) Absent cache file FStar.Squash.fst.checked; will recheck FStar.Squash.fst and all subsequent files
FStar.Algebra.CommMonoid.fst(0,0-0,0): (Warning 241) Absent cache file FStar.Algebra.CommMonoid.fst.checked; will recheck FStar.Algebra.CommMonoid.fst and all subsequent files
FStar.IndefiniteDescription.fst(0,0-0,0): (Warning 241) Absent cache file FStar.IndefiniteDescription.fst.checked; will recheck FStar.IndefiniteDescription.fst and all subsequent files
FStar.Constructive.fst(0,0-0,0): (Warning 241) Absent cache file FStar.Constructive.fst.checked; will recheck FStar.Constructive.fst and all subsequent files
FStar.Tactics.Result.fst(0,0-0,0): (Warning 241) Absent cache file FStar.Tactics.Result.fst.checked; will recheck FStar.Tactics.Result.fst and all subsequent files
FStar.Set.fst(0,0-0,0): (Warning 241) Absent cache file FStar.Set.fst.checked; will recheck FStar.Set.fst and all subsequent files
FStar.DependentMap.fst(0,0-0,0): (Warning 241) Absent cache file FStar.DependentMap.fst.checked; will recheck FStar.DependentMap.fst and all subsequent files
FStar.DependentMap.fst(149,14-149,19): (Warning 252) (Hint-replay failed): Subtyping check failed; expected type FStar.DependentMap.concat_value value1 value2 k; got type value1 k1
FStar.DependentMap.fst(149,14-149,19): (Warning 252) (Hint-replay failed): Subtyping check failed; expected type FStar.DependentMap.concat_value value1 value2 k; got type value1 k1
FStar.Tactics.Effect.fst(0,0-0,0): (Warning 241) Absent cache file FStar.Tactics.Effect.fst.checked; will recheck FStar.Tactics.Effect.fst and all subsequent files
FStar.Int.fst(0,0-0,0): (Warning 241) Absent cache file FStar.Int.fst.checked; will recheck FStar.Int.fst and all subsequent files
FStar.Classical.fst(0,0-0,0): (Warning 241) Absent cache file FStar.Classical.fst.checked; will recheck FStar.Classical.fst and all subsequent files
FStar.Classical.fst(14,26-14,61): (Warning 252) (Hint-replay failed): assertion failed (see also FStar.Classical.fst(9,54-9,67))
FStar.Classical.fst(16,22-16,75): (Warning 252) (Hint-replay failed): assertion failed (see also FStar.Classical.fst(9,54-9,67))
FStar.Map.fst(0,0-0,0): (Warning 241) Absent cache file FStar.Map.fst.checked; will recheck FStar.Map.fst and all subsequent files
FStar.SquashProperties.fst(0,0-0,0): (Warning 241) Absent cache file FStar.SquashProperties.fst.checked; will recheck FStar.SquashProperties.fst and all subsequent files
FStar.SquashProperties.fst(50,2-56,50): (Warning 252) (Hint-replay failed): Subtyping check failed; expected type p \/ ~p; got type Prims.squash (Prims.c_or p (Prims.squash (_: p -> Prims.Tot Prims.l_False))) (see also prims.fst(115,42-115,52))
FStar.SquashProperties.fst(50,2-56,50): (Warning 252) (Hint-replay failed): Subtyping check failed; expected type p \/ ~p; got type Prims.squash (Prims.c_or p (Prims.squash (_: p -> Prims.Tot Prims.l_False))) (see also prims.fst(115,42-115,52))
FStar.Math.Lib.fst(0,0-0,0): (Warning 241) Absent cache file FStar.Math.Lib.fst.checked; will recheck FStar.Math.Lib.fst and all subsequent files
FStar.Monotonic.Witnessed.fst(0,0-0,0): (Warning 241) Absent cache file FStar.Monotonic.Witnessed.fst.checked; will recheck FStar.Monotonic.Witnessed.fst and all subsequent files
FStar.Monotonic.Witnessed.fst(292,47-292,49): (Warning 252) (Hint-replay failed): could not prove post-condition (see also FStar.Monotonic.Witnessed.fsti(28,70-28,85))
FStar.Monotonic.Witnessed.fst(296,44-296,70): (Warning 252) (Hint-replay failed): could not prove post-condition (see also FStar.Monotonic.Witnessed.fsti(35,39-35,74))
FStar.Monotonic.Witnessed.fst(298,42-298,44): (Warning 252) (Hint-replay failed): could not prove post-condition (see also FStar.Monotonic.Witnessed.fsti(40,37-40,100))
FStar.Monotonic.Witnessed.fst(301,2-304,4): (Warning 252) (Hint-replay failed): could not prove post-condition (see also FStar.Monotonic.Witnessed.fst(302,30-302,67))
FStar.Monotonic.Witnessed.fst(307,40-307,42): (Warning 252) (Hint-replay failed): could not prove post-condition (see also FStar.Monotonic.Witnessed.fsti(52,75-52,110))
FStar.Monotonic.Witnessed.fst(310,2-313,4): (Warning 252) (Hint-replay failed): assertion failed (see also FStar.Monotonic.Witnessed.fst(106,50-106,55))
FStar.Monotonic.Witnessed.fst(317,2-320,4): (Warning 252) (Hint-replay failed): assertion failed (see also FStar.Monotonic.Witnessed.fst(211,63-211,83))
FStar.Monotonic.Witnessed.fst(323,45-323,47): (Warning 252) (Hint-replay failed): could not prove post-condition (see also FStar.Monotonic.Witnessed.fsti(70,74-70,114))
FStar.Reflection.Data.fst(0,0-0,0): (Warning 241) Absent cache file FStar.Reflection.Data.fst.checked; will recheck FStar.Reflection.Data.fst and all subsequent files
FStar.TSet.fst(0,0-0,0): (Warning 241) Absent cache file FStar.TSet.fst.checked; will recheck FStar.TSet.fst and all subsequent files
FStar.TSet.fst(44,31-44,37): (Warning 252) (Hint-replay failed): Subtyping check failed; expected type Prims.prop; got type Prims.logical (see also prims.fst(95,62-95,69))
FStar.TSet.fst(45,31-45,43): (Warning 252) (Hint-replay failed): Subtyping check failed; expected type Prims.prop; got type Prims.logical (see also prims.fst(95,62-95,69))
FStar.TSet.fst(46,31-46,43): (Warning 252) (Hint-replay failed): Subtyping check failed; expected type Prims.prop; got type Prims.logical (see also prims.fst(95,62-95,69))
FStar.TSet.fst(47,31-47,38): (Warning 252) (Hint-replay failed): Subtyping check failed; expected type Prims.prop; got type Prims.logical (see also prims.fst(95,62-95,69))
FStar.TSet.fst(149,15-149,25): (Warning 252) (Hint-replay failed): Subtyping check failed; expected type Prims.prop; got type Prims.logical (see also prims.fst(95,62-95,69))
FStar.TSet.fst(158,1-158,34): (Warning 252) (Hint-replay failed): Subtyping check failed; expected type Prims.prop; got type Prims.logical (see also prims.fst(95,62-95,69))
FStar.TSet.fst(158,1-158,34): (Warning 252) (Hint-replay failed): Subtyping check failed; expected type Prims.prop; got type Prims.logical (see also prims.fst(95,62-95,69))
FStar.Reflection.Basic.fst(0,0-0,0): (Warning 241) Absent cache file FStar.Reflection.Basic.fst.checked; will recheck FStar.Reflection.Basic.fst and all subsequent files
FStar.Tactics.Builtins.fst(0,0-0,0): (Warning 241) Absent cache file FStar.Tactics.Builtins.fst.checked; will recheck FStar.Tactics.Builtins.fst and all subsequent files
FStar.List.Tot.Base.fst(0,0-0,0): (Warning 241) Absent cache file FStar.List.Tot.Base.fst.checked; will recheck FStar.List.Tot.Base.fst and all subsequent files
FStar.List.Tot.Base.fst(265,10-265,12): (Warning 252) (Hint-replay failed): Subtyping check failed; expected type m:
Prims.list a
{ forall (u22515: FStar.Pervasives.Native.option (x: Prims.unit{Prims.hasEq a})).
FStar.List.Tot.Base.mem_filter_spec f m u22515 }; got type Prims.list a (see also FStar.List.Tot.Base.fst(263,86-263,107))
FStar.List.Tot.Base.fst(275,2-275,54): (Warning 252) (Hint-replay failed): could not prove post-condition (see also FStar.List.Tot.Base.fst(273,11-273,16))
FStar.List.Tot.Base.fst(265,10-265,12): (Warning 252) (Hint-replay failed): Subtyping check failed; expected type m:
Prims.list a
{ forall (u57982: FStar.Pervasives.Native.option (x: Prims.unit{Prims.hasEq a})).
FStar.List.Tot.Base.mem_filter_spec f m u57982 }; got type Prims.list a (see also FStar.List.Tot.Base.fst(263,86-263,107))
FStar.Algebra.Monoid.fst(0,0-0,0): (Warning 241) Absent cache file FStar.Algebra.Monoid.fst.checked; will recheck FStar.Algebra.Monoid.fst and all subsequent files
FStar.Algebra.Monoid.fst(55,27-55,31): (Warning 252) (Hint-replay failed): Subtyping check failed; expected type Prims.prop; got type Prims.logical (see also prims.fst(95,62-95,69))
FStar.Algebra.Monoid.fst(84,33-84,39): (Warning 252) (Hint-replay failed): Subtyping check failed; expected type Prims.prop; got type Prims.logical (see also prims.fst(95,62-95,69))
FStar.Algebra.Monoid.fst(153,26-153,28): (Warning 252) (Hint-replay failed): Subtyping check failed; expected type Prims.prop; got type Prims.logical (see also prims.fst(95,62-95,69))
FStar.Algebra.Monoid.fst(155,14-155,18): (Warning 252) (Hint-replay failed): Subtyping check failed; expected type Prims.prop; got type Prims.logical (see also prims.fst(95,62-95,69))
FStar.Algebra.Monoid.fst(166,28-166,32): (Warning 252) (Hint-replay failed): Subtyping check failed; expected type Prims.prop; got type Prims.logical (see also prims.fst(95,62-95,69))
FStar.Algebra.Monoid.fst(55,27-55,31): (Warning 252) (Hint-replay failed): Subtyping check failed; expected type Prims.prop; got type Prims.logical (see also prims.fst(95,62-95,69))
FStar.Algebra.Monoid.fst(84,33-84,39): (Warning 252) (Hint-replay failed): Subtyping check failed; expected type Prims.prop; got type Prims.logical (see also prims.fst(95,62-95,69))
FStar.Algebra.Monoid.fst(153,26-153,28): (Warning 252) (Hint-replay failed): Subtyping check failed; expected type Prims.prop; got type Prims.logical (see also prims.fst(95,62-95,69))
FStar.Algebra.Monoid.fst(155,14-155,18): (Warning 252) (Hint-replay failed): Subtyping check failed; expected type Prims.prop; got type Prims.logical (see also prims.fst(95,62-95,69))
FStar.Algebra.Monoid.fst(166,28-166,32): (Warning 252) (Hint-replay failed): Subtyping check failed; expected type Prims.prop; got type Prims.logical (see also prims.fst(95,62-95,69))
FStar.List.Pure.Base.fst(0,0-0,0): (Warning 241) Absent cache file FStar.List.Pure.Base.fst.checked; will recheck FStar.List.Pure.Base.fst and all subsequent files
FStar.Monotonic.Heap.fsti(0,0-0,0): (Warning 241) Absent cache file FStar.Monotonic.Heap.fsti.checked; will recheck FStar.Monotonic.Heap.fsti and all subsequent files
FStar.Heap.fst(0,0-0,0): (Warning 241) Absent cache file FStar.Heap.fst.checked; will recheck FStar.Heap.fst and all subsequent files
FStar.Axiomatic.Array.fst(0,0-0,0): (Warning 241) Absent cache file FStar.Axiomatic.Array.fst.checked; will recheck FStar.Axiomatic.Array.fst and all subsequent files
FStar.Relational.Relational.fst(0,0-0,0): (Warning 241) Absent cache file FStar.Relational.Relational.fst.checked; will recheck FStar.Relational.Relational.fst and all subsequent files
FStar.ST.fst(0,0-0,0): (Warning 241) Absent cache file FStar.ST.fst.checked; will recheck FStar.ST.fst and all subsequent files
FStar.TwoLevelHeap.fst(0,0-0,0): (Warning 241) Absent cache file FStar.TwoLevelHeap.fst.checked; will recheck FStar.TwoLevelHeap.fst and all subsequent files
FStar.All.fst(0,0-0,0): (Warning 241) Absent cache file FStar.All.fst.checked; will recheck FStar.All.fst and all subsequent files
FStar.Reader.fst(0,0-0,0): (Warning 241) Absent cache file FStar.Reader.fst.checked; will recheck FStar.Reader.fst and all subsequent files
FStar.Ref.fst(0,0-0,0): (Warning 241) Absent cache file FStar.Ref.fst.checked; will recheck FStar.Ref.fst and all subsequent files
FStar.MRef.fst(0,0-0,0): (Warning 241) Absent cache file FStar.MRef.fst.checked; will recheck FStar.MRef.fst and all subsequent files
FStar.IO.fst(0,0-0,0): (Warning 241) Absent cache file FStar.IO.fst.checked; will recheck FStar.IO.fst and all subsequent files
FStar.Dyn.fsti(0,0-0,0): (Warning 241) Absent cache file FStar.Dyn.fsti.checked; will recheck FStar.Dyn.fsti and all subsequent files
FStar.Relational.Comp.fst(0,0-0,0): (Warning 241) Absent cache file FStar.Relational.Comp.fst.checked; will recheck FStar.Relational.Comp.fst and all subsequent files
FStar.Option.fst(0,0-0,0): (Warning 241) Absent cache file FStar.Option.fst.checked; will recheck FStar.Option.fst and all subsequent files
FStar.Error.fst(0,0-0,0): (Warning 241) Absent cache file FStar.Error.fst.checked; will recheck FStar.Error.fst and all subsequent files
FStar.Monotonic.Heap.fst(0,0-0,0): (Warning 241) Absent cache file FStar.Monotonic.Heap.fst.checked; will recheck FStar.Monotonic.Heap.fst and all subsequent files
FStar.List.Tot.Properties.fst(0,0-0,0): (Warning 241) Absent cache file FStar.List.Tot.Properties.fst.checked; will recheck FStar.List.Tot.Properties.fst and all subsequent files
FStar.List.Tot.Properties.fst(851,2-855,2): (Warning 252) (Hint-replay failed): could not prove post-condition (see also FStar.List.Tot.Properties.fst(853,12-853,18))
FStar.List.Tot.Properties.fst(851,2-855,2): (Warning 252) could not prove post-condition (see also FStar.List.Tot.Properties.fst(853,12-853,18))
FStar.List.Tot.Properties.fst(881,2-884,2): (Warning 252) (Hint-replay failed): could not prove post-condition (see also FStar.List.Tot.Properties.fst(883,12-883,18))
FStar.List.Tot.fst(0,0-0,0): (Warning 241) Absent cache file FStar.List.Tot.fst.checked; will recheck FStar.List.Tot.fst and all subsequent files
FStar.List.Pure.Properties.fst(0,0-0,0): (Warning 241) Absent cache file FStar.List.Pure.Properties.fst.checked; will recheck FStar.List.Pure.Properties.fst and all subsequent files
FStar.List.Pure.fst(0,0-0,0): (Warning 241) Absent cache file FStar.List.Pure.fst.checked; will recheck FStar.List.Pure.fst and all subsequent files
FStar.Tactics.Util.fst(0,0-0,0): (Warning 241) Absent cache file FStar.Tactics.Util.fst.checked; will recheck FStar.Tactics.Util.fst and all subsequent files
FStar.List.fst(0,0-0,0): (Warning 241) Absent cache file FStar.List.fst.checked; will recheck FStar.List.fst and all subsequent files
FStar.Monotonic.HyperHeap.fst(0,0-0,0): (Warning 241) Absent cache file FStar.Monotonic.HyperHeap.fst.checked; will recheck FStar.Monotonic.HyperHeap.fst and all subsequent files
FStar.Seq.Base.fst(0,0-0,0): (Warning 241) Absent cache file FStar.Seq.Base.fst.checked; will recheck FStar.Seq.Base.fst and all subsequent files
FStar.OrdSet.fst(0,0-0,0): (Warning 241) Absent cache file FStar.OrdSet.fst.checked; will recheck FStar.OrdSet.fst and all subsequent files
FStar.OrdSet.fst(48,16-48,18): (Warning 252) (Hint-replay failed): Subtyping check failed; expected type a: Type{Prims.hasEq a}; got type Type (see also prims.fst(310,29-310,36))
FStar.OrdSetProps.fst(0,0-0,0): (Warning 241) Absent cache file FStar.OrdSetProps.fst.checked; will recheck FStar.OrdSetProps.fst and all subsequent files
FStar.OrdMap.fst(0,0-0,0): (Warning 241) Absent cache file FStar.OrdMap.fst.checked; will recheck FStar.OrdMap.fst and all subsequent files
FStar.OrdMapProps.fst(0,0-0,0): (Warning 241) Absent cache file FStar.OrdMapProps.fst.checked; will recheck FStar.OrdMapProps.fst and all subsequent files
FStar.Monotonic.HyperStack.fst(0,0-0,0): (Warning 241) Absent cache file FStar.Monotonic.HyperStack.fst.checked; will recheck FStar.Monotonic.HyperStack.fst and all subsequent files
FStar.Monotonic.HyperStack.fst(82,3-86,4): (Warning 252) (Hint-replay failed): could not prove post-condition (see also FStar.Monotonic.HyperStack.fst(85,12-85,46))
FStar.Monotonic.HyperStack.fst(89,3-93,4): (Warning 252) (Hint-replay failed): could not prove post-condition (see also FStar.Monotonic.HyperStack.fst(47,18-47,51))
FStar.Monotonic.HyperStack.fst(98,3-101,4): (Warning 252) (Hint-replay failed): could not prove post-condition (see also FStar.Monotonic.HyperStack.fst(99,19-99,34))
FStar.Monotonic.HyperStack.fst(109,3-115,4): (Warning 252) (Hint-replay failed): could not prove post-condition (see also FStar.Monotonic.HyperStack.fst(110,20-110,76))
FStar.Monotonic.HyperStack.fst(122,3-123,4): (Warning 252) (Hint-replay failed): could not prove post-condition (see also FStar.Monotonic.HyperStack.fst(122,9-122,48))
FStar.Monotonic.HyperStack.fst(131,3-135,4): (Warning 252) (Hint-replay failed): could not prove post-condition (see also FStar.Monotonic.HyperStack.fst(132,19-132,58))
FStar.Monotonic.HyperStack.fst(145,3-146,4): (Warning 252) (Hint-replay failed): could not prove post-condition (see also FStar.Monotonic.HyperStack.fst(145,92-145,124))
FStar.Monotonic.HyperStack.fst(159,4-161,4): (Warning 252) (Hint-replay failed): could not prove post-condition (see also FStar.Monotonic.HyperStack.fst(160,19-160,38))
FStar.Monotonic.HyperStack.fst(283,55-283,57): (Warning 252) (Hint-replay failed): could not prove post-condition (see also FStar.Monotonic.HyperStack.fst(282,17-282,31))
FStar.Monotonic.HyperStack.fst(339,27-340,4): (Warning 252) (Hint-replay failed): assertion failed (see also FStar.Monotonic.HyperStack.fst(38,12-41,66))
FStar.Monotonic.HyperStack.fst(410,6-413,6): (Warning 252) (Hint-replay failed): could not prove post-condition (see also FStar.Monotonic.HyperStack.fst(412,13-412,48))
FStar.Monotonic.HyperStack.fst(339,27-340,4): (Warning 252) (Hint-replay failed): assertion failed (see also FStar.Monotonic.HyperStack.fst(38,12-41,66))
FStar.HyperStack.fst(0,0-0,0): (Warning 241) Absent cache file FStar.HyperStack.fst.checked; will recheck FStar.HyperStack.fst and all subsequent files
FStar.Util.fst(0,0-0,0): (Warning 241) Absent cache file FStar.Util.fst.checked; will recheck FStar.Util.fst and all subsequent files
FStar.Seq.Properties.fst(0,0-0,0): (Warning 241) Absent cache file FStar.Seq.Properties.fst.checked; will recheck FStar.Seq.Properties.fst and all subsequent files
FStar.Seq.Properties.fst(472,2-472,25): (Warning 252) (Hint-replay failed): could not prove post-condition (see also FStar.Seq.Properties.fst(470,20-470,28))
FStar.Seq.fst(0,0-0,0): (Warning 241) Absent cache file FStar.Seq.fst.checked; will recheck FStar.Seq.fst and all subsequent files
FStar.Matrix2.fsti(0,0-0,0): (Warning 241) Absent cache file FStar.Matrix2.fsti.checked; will recheck FStar.Matrix2.fsti and all subsequent files
FStar.Math.Lemmas.fst(0,0-0,0): (Warning 241) Absent cache file FStar.Math.Lemmas.fst.checked; will recheck FStar.Math.Lemmas.fst and all subsequent files
FStar.Seq.Sorted.fst(0,0-0,0): (Warning 241) Absent cache file FStar.Seq.Sorted.fst.checked; will recheck FStar.Seq.Sorted.fst and all subsequent files
FStar.Fin.fst(0,0-0,0): (Warning 241) Absent cache file FStar.Fin.fst.checked; will recheck FStar.Fin.fst and all subsequent files
FStar.Fin.fst(31,4-36,2): (Warning 252) (Hint-replay failed): assertion failed (see also prims.fst(215,68-215,80))
FStar.Fin.fst(31,4-36,2): (Warning 252) (Hint-replay failed): could not prove post-condition (see also FStar.Fin.fst(33,41-33,68))
FStar.Fin.fst(31,4-36,2): (Warning 252) (Hint-replay failed): assertion failed (see also prims.fst(215,68-215,80))
FStar.Fin.fst(31,4-36,2): (Warning 252) (Hint-replay failed): could not prove post-condition (see also FStar.Fin.fst(33,41-33,68))
FStar.Array.fst(0,0-0,0): (Warning 241) Absent cache file FStar.Array.fst.checked; will recheck FStar.Array.fst and all subsequent files
FStar.BitVector.fst(0,0-0,0): (Warning 241) Absent cache file FStar.BitVector.fst.checked; will recheck FStar.BitVector.fst and all subsequent files
FStar.HyperStack.ST.fst(0,0-0,0): (Warning 241) Absent cache file FStar.HyperStack.ST.fst.checked; will recheck FStar.HyperStack.ST.fst and all subsequent files
FStar.HyperStack.ST.fst(179,3-180,46): (Warning 252) (Hint-replay failed): could not prove post-condition (see also FStar.HyperStack.ST.fst(179,72-179,104))
FStar.HyperStack.ST.fst(182,3-184,98): (Warning 252) (Hint-replay failed): could not prove post-condition (see also FStar.HyperStack.ST.fst(145,4-145,52))
FStar.HyperStack.ST.fst(186,3-187,49): (Warning 252) (Hint-replay failed): could not prove post-condition (see also FStar.HyperStack.ST.fst(186,78-186,112))
FStar.HyperStack.ST.fst(189,3-192,4): (Warning 252) (Hint-replay failed): could not prove post-condition (see also FStar.HyperStack.ST.fst(145,4-145,52))
FStar.HyperStack.ST.fst(195,3-196,57): (Warning 252) (Hint-replay failed): could not prove post-condition (see also FStar.HyperStack.ST.fst(195,79-195,115))
FStar.HyperStack.ST.fst(198,3-201,4): (Warning 252) (Hint-replay failed): could not prove post-condition (see also FStar.HyperStack.ST.fst(145,4-145,52))
FStar.HyperStack.ST.fst(204,3-205,63): (Warning 252) (Hint-replay failed): could not prove post-condition (see also FStar.HyperStack.ST.fst(204,85-204,127))
FStar.HyperStack.ST.fst(207,3-211,4): (Warning 252) (Hint-replay failed): could not prove post-condition (see also FStar.HyperStack.ST.fst(145,4-145,52))
FStar.HyperStack.ST.fst(606,3-608,4): (Warning 252) (Hint-replay failed): could not prove post-condition (see also FStar.HyperStack.ST.fst(258,91-258,115))
FStar.HyperStack.ST.fst(632,3-634,4): (Warning 252) (Hint-replay failed): assertion failed (see also FStar.HyperStack.ST.fst(98,76-98,87))
FStar.HyperStack.ST.fst(643,52-643,54): (Warning 252) (Hint-replay failed): Subtyping check failed; expected type Prims.squash (forall (x: c). FStar.HyperStack.ST.witnessed (p' x)); got type Prims.unit (see also FStar.HyperStack.ST.fst(643,32-643,48))
FStar.HyperStack.All.fst(0,0-0,0): (Warning 241) Absent cache file FStar.HyperStack.All.fst.checked; will recheck FStar.HyperStack.All.fst and all subsequent files
FStar.Monotonic.DependentMap.fsti(0,0-0,0): (Warning 241) Absent cache file FStar.Monotonic.DependentMap.fsti.checked; will recheck FStar.Monotonic.DependentMap.fsti and all subsequent files
FStar.HyperStack.IO.fst(0,0-0,0): (Warning 241) Absent cache file FStar.HyperStack.IO.fst.checked; will recheck FStar.HyperStack.IO.fst and all subsequent files
FStar.Monotonic.DependentMap.fst(0,0-0,0): (Warning 241) Absent cache file FStar.Monotonic.DependentMap.fst.checked; will recheck FStar.Monotonic.DependentMap.fst and all subsequent files
FStar.Monotonic.DependentMap.fst(23,4-26,41): (Warning 252) (Hint-replay failed): assertion failed (see also prims.fst(215,68-215,80))
FStar.Monotonic.DependentMap.fst(23,4-26,41): (Warning 252) (Hint-replay failed): could not prove post-condition (see also FStar.Monotonic.DependentMap.fsti(47,23-47,45))
FStar.Monotonic.DependentMap.fst(65,2-70,60): (Warning 252) (Hint-replay failed): assertion failed (see also FStar.Monotonic.DependentMap.fst(67,11-68,76))
FStar.Monotonic.Map.fst(0,0-0,0): (Warning 241) Absent cache file FStar.Monotonic.Map.fst.checked; will recheck FStar.Monotonic.Map.fst and all subsequent files
FStar.Monotonic.Map.fst(26,31-27,2): (Warning 252) (Hint-replay failed): assertion failed (see also FStar.Preorder.fst(12,40-12,56))
FStar.Monotonic.Map.fst(65,4-66,4): (Warning 252) (Hint-replay failed): could not prove post-condition (see also FStar.HyperStack.ST.fst(602,56-602,60))
FStar.Monotonic.Map.fst(69,4-80,4): (Warning 252) (Hint-replay failed): assertion failed (see also FStar.HyperStack.ST.fst(523,54-523,72))
FStar.Monotonic.Map.fst(88,4-100,2): (Warning 252) (Hint-replay failed): assertion failed (see also FStar.HyperStack.ST.fst(602,56-602,60))
FStar.Monotonic.Seq.fst(0,0-0,0): (Warning 241) Absent cache file FStar.Monotonic.Seq.fst.checked; will recheck FStar.Monotonic.Seq.fst and all subsequent files
FStar.Monotonic.Seq.fst(26,30-27,4): (Warning 252) (Hint-replay failed): assertion failed (see also FStar.Preorder.fst(12,40-12,56))
FStar.Monotonic.Seq.fst(38,4-41,4): (Warning 252) (Hint-replay failed): could not prove post-condition (see also FStar.Monotonic.Seq.fst(39,12-39,36))
FStar.Monotonic.Seq.fst(60,4-61,4): (Warning 252) (Hint-replay failed): could not prove post-condition (see also FStar.HyperStack.ST.fst(602,56-602,60))
FStar.Monotonic.Seq.fst(102,4-103,4): (Warning 252) (Hint-replay failed): could not prove post-condition (see also FStar.HyperStack.ST.fst(602,56-602,60))
FStar.Monotonic.Seq.fst(246,4-248,4): (Warning 252) (Hint-replay failed): could not prove post-condition (see also FStar.Monotonic.Seq.fst(247,8-247,35))
FStar.Monotonic.Seq.fst(259,3-260,4): (Warning 252) (Hint-replay failed): could not prove post-condition (see also FStar.HyperStack.ST.fst(602,56-602,60))
FStar.Monotonic.Seq.fst(273,4-274,4): (Warning 252) (Hint-replay failed): could not prove post-condition (see also FStar.HyperStack.ST.fst(602,56-602,60))
FStar.Monotonic.Seq.fst(300,4-307,6): (Warning 252) (Hint-replay failed): assertion failed (see also FStar.Monotonic.Seq.fst(303,45-303,62))
FStar.Monotonic.Seq.fst(343,4-344,4): (Warning 252) (Hint-replay failed): could not prove post-condition (see also FStar.HyperStack.ST.fst(602,56-602,60))
FStar.UInt.fst(0,0-0,0): (Warning 241) Absent cache file FStar.UInt.fst.checked; will recheck FStar.UInt.fst and all subsequent files
FStar.BV.fsti(0,0-0,0): (Warning 241) Absent cache file FStar.BV.fsti.checked; will recheck FStar.BV.fsti and all subsequent files
FStar.UInt32.fst(0,0-0,0): (Warning 241) Absent cache file FStar.UInt32.fst.checked; will recheck FStar.UInt32.fst and all subsequent files
FStar.Char.fsti(0,0-0,0): (Warning 241) Absent cache file FStar.Char.fsti.checked; will recheck FStar.Char.fsti and all subsequent files
FStar.String.fsti(0,0-0,0): (Warning 241) Absent cache file FStar.String.fsti.checked; will recheck FStar.String.fsti and all subsequent files
FStar.Vector.Base.fsti(0,0-0,0): (Warning 241) Absent cache file FStar.Vector.Base.fsti.checked; will recheck FStar.Vector.Base.fsti and all subsequent files
FStar.BV.fst(0,0-0,0): (Warning 241) Absent cache file FStar.BV.fst.checked; will recheck FStar.BV.fst and all subsequent files
FStar.Int8.fst(0,0-0,0): (Warning 241) Absent cache file FStar.Int8.fst.checked; will recheck FStar.Int8.fst and all subsequent files
FStar.Int64.fst(0,0-0,0): (Warning 241) Absent cache file FStar.Int64.fst.checked; will recheck FStar.Int64.fst and all subsequent files
FStar.Int32.fst(0,0-0,0): (Warning 241) Absent cache file FStar.Int32.fst.checked; will recheck FStar.Int32.fst and all subsequent files
FStar.Int63.fst(0,0-0,0): (Warning 241) Absent cache file FStar.Int63.fst.checked; will recheck FStar.Int63.fst and all subsequent files
FStar.Int16.fst(0,0-0,0): (Warning 241) Absent cache file FStar.Int16.fst.checked; will recheck FStar.Int16.fst and all subsequent files
FStar.Int31.fst(0,0-0,0): (Warning 241) Absent cache file FStar.Int31.fst.checked; will recheck FStar.Int31.fst and all subsequent files
FStar.Vector.Properties.fst(0,0-0,0): (Warning 241) Absent cache file FStar.Vector.Properties.fst.checked; will recheck FStar.Vector.Properties.fst and all subsequent files
FStar.Vector.Base.fst(0,0-0,0): (Warning 241) Absent cache file FStar.Vector.Base.fst.checked; will recheck FStar.Vector.Base.fst and all subsequent files
FStar.Vector.fst(0,0-0,0): (Warning 241) Absent cache file FStar.Vector.fst.checked; will recheck FStar.Vector.fst and all subsequent files
FStar.UInt8.fst(0,0-0,0): (Warning 241) Absent cache file FStar.UInt8.fst.checked; will recheck FStar.UInt8.fst and all subsequent files
FStar.UInt64.fst(0,0-0,0): (Warning 241) Absent cache file FStar.UInt64.fst.checked; will recheck FStar.UInt64.fst and all subsequent files
FStar.UInt63.fst(0,0-0,0): (Warning 241) Absent cache file FStar.UInt63.fst.checked; will recheck FStar.UInt63.fst and all subsequent files
FStar.UInt16.fst(0,0-0,0): (Warning 241) Absent cache file FStar.UInt16.fst.checked; will recheck FStar.UInt16.fst and all subsequent files
FStar.UInt31.fst(0,0-0,0): (Warning 241) Absent cache file FStar.UInt31.fst.checked; will recheck FStar.UInt31.fst and all subsequent files
FStar.Reflection.Derived.fst(0,0-0,0): (Warning 241) Absent cache file FStar.Reflection.Derived.fst.checked; will recheck FStar.Reflection.Derived.fst and all subsequent files
FStar.BaseTypes.fsti(0,0-0,0): (Warning 241) Absent cache file FStar.BaseTypes.fsti.checked; will recheck FStar.BaseTypes.fsti and all subsequent files
FStar.Int128.fst(0,0-0,0): (Warning 241) Absent cache file FStar.Int128.fst.checked; will recheck FStar.Int128.fst and all subsequent files
FStar.Reflection.Derived.Lemmas.fst(0,0-0,0): (Warning 241) Absent cache file FStar.Reflection.Derived.Lemmas.fst.checked; will recheck FStar.Reflection.Derived.Lemmas.fst and all subsequent files
FStar.UInt128.fsti(0,0-0,0): (Warning 241) Absent cache file FStar.UInt128.fsti.checked; will recheck FStar.UInt128.fsti and all subsequent files
FStar.Reflection.fst(0,0-0,0): (Warning 241) Absent cache file FStar.Reflection.fst.checked; will recheck FStar.Reflection.fst and all subsequent files
FStar.Bytes.fsti(0,0-0,0): (Warning 241) Absent cache file FStar.Bytes.fsti.checked; will recheck FStar.Bytes.fsti and all subsequent files
FStar.Udp.fsti(0,0-0,0): (Warning 241) Absent cache file FStar.Udp.fsti.checked; will recheck FStar.Udp.fsti and all subsequent files
FStar.Tcp.fsti(0,0-0,0): (Warning 241) Absent cache file FStar.Tcp.fsti.checked; will recheck FStar.Tcp.fsti and all subsequent files
FStar.Crypto.fst(0,0-0,0): (Warning 241) Absent cache file FStar.Crypto.fst.checked; will recheck FStar.Crypto.fst and all subsequent files
FStar.Reflection.Formula.fst(0,0-0,0): (Warning 241) Absent cache file FStar.Reflection.Formula.fst.checked; will recheck FStar.Reflection.Formula.fst and all subsequent files
FStar.Pointer.Base.fsti(0,0-0,0): (Warning 241) Absent cache file FStar.Pointer.Base.fsti.checked; will recheck FStar.Pointer.Base.fsti and all subsequent files
FStar.Tactics.Derived.fst(0,0-0,0): (Warning 241) Absent cache file FStar.Tactics.Derived.fst.checked; will recheck FStar.Tactics.Derived.fst and all subsequent files
FStar.Pointer.Derived1.fsti(0,0-0,0): (Warning 241) Absent cache file FStar.Pointer.Derived1.fsti.checked; will recheck FStar.Pointer.Derived1.fsti and all subsequent files
FStar.Int.Cast.fst(0,0-0,0): (Warning 241) Absent cache file FStar.Int.Cast.fst.checked; will recheck FStar.Int.Cast.fst and all subsequent files
FStar.Tactics.Logic.fst(0,0-0,0): (Warning 241) Absent cache file FStar.Tactics.Logic.fst.checked; will recheck FStar.Tactics.Logic.fst and all subsequent files
FStar.Pointer.Derived3.fsti(0,0-0,0): (Warning 241) Absent cache file FStar.Pointer.Derived3.fsti.checked; will recheck FStar.Pointer.Derived3.fsti and all subsequent files
FStar.Tactics.fst(0,0-0,0): (Warning 241) Absent cache file FStar.Tactics.fst.checked; will recheck FStar.Tactics.fst and all subsequent files
FStar.Pointer.Derived2.fsti(0,0-0,0): (Warning 241) Absent cache file FStar.Pointer.Derived2.fsti.checked; will recheck FStar.Pointer.Derived2.fsti and all subsequent files
FStar.Int.Cast.Full.fst(0,0-0,0): (Warning 241) Absent cache file FStar.Int.Cast.Full.fst.checked; will recheck FStar.Int.Cast.Full.fst and all subsequent files
FStar.Pointer.Derived2.fst(0,0-0,0): (Warning 241) Absent cache file FStar.Pointer.Derived2.fst.checked; will recheck FStar.Pointer.Derived2.fst and all subsequent files
FStar.Pointer.Derived3.fst(0,0-0,0): (Warning 241) Absent cache file FStar.Pointer.Derived3.fst.checked; will recheck FStar.Pointer.Derived3.fst and all subsequent files
FStar.Pointer.fst(0,0-0,0): (Warning 241) Absent cache file FStar.Pointer.fst.checked; will recheck FStar.Pointer.fst and all subsequent files
FStar.Tactics.Simplifier.fst(0,0-0,0): (Warning 241) Absent cache file FStar.Tactics.Simplifier.fst.checked; will recheck FStar.Tactics.Simplifier.fst and all subsequent files
FStar.TaggedUnion.fsti(0,0-0,0): (Warning 241) Absent cache file FStar.TaggedUnion.fsti.checked; will recheck FStar.TaggedUnion.fsti and all subsequent files
FStar.Integers.fst(0,0-0,0): (Warning 241) Absent cache file FStar.Integers.fst.checked; will recheck FStar.Integers.fst and all subsequent files
FStar.Pointer.Derived1.fst(0,0-0,0): (Warning 241) Absent cache file FStar.Pointer.Derived1.fst.checked; will recheck FStar.Pointer.Derived1.fst and all subsequent files
FStar.Pointer.Derived1.fst(118,2-118,104): (Warning 252) (Hint-replay failed): assertion failed (see also FStar.Pointer.Derived1.fst(118,9-118,104))
FStar.Pointer.Derived1.fst(168,2-168,91): (Warning 252) (Hint-replay failed): assertion failed (see also FStar.Pointer.Derived1.fst(168,9-168,91))
FStar.Pointer.Derived1.fst(171,2-171,47): (Warning 252) (Hint-replay failed): assertion failed (see also FStar.Pointer.Base.fsti(1493,5-1493,45))
FStar.TaggedUnion.fst(0,0-0,0): (Warning 241) Absent cache file FStar.TaggedUnion.fst.checked; will recheck FStar.TaggedUnion.fst and all subsequent files
FStar.BufferNG.fst(0,0-0,0): (Warning 241) Absent cache file FStar.BufferNG.fst.checked; will recheck FStar.BufferNG.fst and all subsequent files
FStar.Reflection.Arith.fst(0,0-0,0): (Warning 241) Absent cache file FStar.Reflection.Arith.fst.checked; will recheck FStar.Reflection.Arith.fst and all subsequent files
FStar.Tactics.Arith.fst(0,0-0,0): (Warning 241) Absent cache file FStar.Tactics.Arith.fst.checked; will recheck FStar.Tactics.Arith.fst and all subsequent files
FStar.Tactics.Canon.fst(0,0-0,0): (Warning 241) Absent cache file FStar.Tactics.Canon.fst.checked; will recheck FStar.Tactics.Canon.fst and all subsequent files
FStar.Buffer.fst(0,0-0,0): (Warning 241) Absent cache file FStar.Buffer.fst.checked; will recheck FStar.Buffer.fst and all subsequent files
FStar.Buffer.fst(735,86-739,4): (Warning 252) (Hint-replay failed): could not prove post-condition (see also FStar.Buffer.fst(737,12-737,35))
FStar.Buffer.fst(760,85-764,4): (Warning 252) (Hint-replay failed): could not prove post-condition (see also FStar.Buffer.fst(762,12-762,37))
FStar.Buffer.fst(1296,94-1300,4): (Warning 252) (Hint-replay failed): could not prove post-condition (see also FStar.Buffer.fst(1298,13-1298,31))
FStar.Tactics.PatternMatching.fst(0,0-0,0): (Warning 241) Absent cache file FStar.Tactics.PatternMatching.fst.checked; will recheck FStar.Tactics.PatternMatching.fst and all subsequent files
FStar.Tactics.BV.fst(0,0-0,0): (Warning 241) Absent cache file FStar.Tactics.BV.fst.checked; will recheck FStar.Tactics.BV.fst and all subsequent files
FStar.Modifies.fsti(0,0-0,0): (Warning 241) Absent cache file FStar.Modifies.fsti.checked; will recheck FStar.Modifies.fsti and all subsequent files
FStar.Buffer.Quantifiers.fst(0,0-0,0): (Warning 241) Absent cache file FStar.Buffer.Quantifiers.fst.checked; will recheck FStar.Buffer.Quantifiers.fst and all subsequent files
FStar.UInt128.fst(0,0-0,0): (Warning 241) Absent cache file FStar.UInt128.fst.checked; will recheck FStar.UInt128.fst and all subsequent files
FStar.Printf.fst(0,0-0,0): (Warning 241) Absent cache file FStar.Printf.fst.checked; will recheck FStar.Printf.fst and all subsequent files
<dummy>(0,0-0,0): (Warning 252) (Hint-replay failed): assertion failed
FStar.Printf.fst(178,6-179,6): (Warning 252) (Hint-replay failed): assertion failed (see also prims.fst(215,68-215,80))
FStar.Printf.fst(178,6-179,6): (Warning 252) (Hint-replay failed): could not prove post-condition (see also prims.fst(215,68-215,80))
FStar.Printf.fst(189,6-190,6): (Warning 252) (Hint-replay failed): assertion failed (see also prims.fst(215,68-215,80))
FStar.Printf.fst(189,6-190,6): (Warning 252) (Hint-replay failed): could not prove post-condition (see also prims.fst(215,68-215,80))
<dummy>(0,0-0,0): (Warning 252) (Hint-replay failed): assertion failed
FStar.Printf.fst(178,6-179,6): (Warning 252) (Hint-replay failed): assertion failed (see also prims.fst(215,68-215,80))
FStar.Printf.fst(178,6-179,6): (Warning 252) (Hint-replay failed): could not prove post-condition (see also prims.fst(215,68-215,80))
FStar.Printf.fst(189,6-190,6): (Warning 252) (Hint-replay failed): assertion failed (see also prims.fst(215,68-215,80))
FStar.Printf.fst(189,6-190,6): (Warning 252) (Hint-replay failed): could not prove post-condition (see also prims.fst(215,68-215,80))
FStar.Modifies.fst(0,0-0,0): (Warning 241) Absent cache file FStar.Modifies.fst.checked; will recheck FStar.Modifies.fst and all subsequent files
FStar.Modifies.fst(110,2-159,7): (Warning 252) (Hint-replay failed): assertion failed (see also prims.fst(215,68-215,80))
FStar.Modifies.fst(327,2-333,4): (Warning 252) (Hint-replay failed): could not prove post-condition (see also FStar.Modifies.fsti(66,2-66,20))
FStar.Modifies.fst(354,35-354,37): (Warning 252) (Hint-replay failed): could not prove post-condition (see also FStar.Modifies.fsti(79,11-79,45))
FStar.Modifies.fst(357,2-357,30): (Warning 252) (Hint-replay failed): assertion failed (see also FStar.Modifies.fsti(72,13-72,31))
FStar.Modifies.fst(372,26-372,28): (Warning 252) (Hint-replay failed): could not prove post-condition (see also FStar.Modifies.fsti(92,2-92,27))
FStar.Modifies.fst(374,35-374,37): (Warning 252) (Hint-replay failed): could not prove post-condition (see also FStar.Modifies.fsti(100,11-100,57))
FStar.Modifies.fst(381,45-381,47): (Warning 252) (Hint-replay failed): could not prove post-condition (see also FStar.Modifies.fsti(136,11-136,60))
FStar.Modifies.fst(383,40-383,42): (Warning 252) (Hint-replay failed): could not prove post-condition (see also FStar.Modifies.fsti(145,11-145,56))
FStar.Modifies.fst(385,42-385,44): (Warning 252) (Hint-replay failed): could not prove post-condition (see also FStar.Modifies.fsti(154,11-154,61))
FStar.Modifies.fst(387,39-387,41): (Warning 252) (Hint-replay failed): could not prove post-condition (see also FStar.Modifies.fsti(161,11-161,59))
FStar.Modifies.fst(391,42-391,44): (Warning 252) (Hint-replay failed): could not prove post-condition (see also FStar.Modifies.fsti(169,11-169,73))
FStar.Modifies.fst(516,2-520,2): (Warning 252) (Hint-replay failed): assertion failed (see also prims.fst(215,68-215,80))
FStar.Modifies.fst(516,2-520,2): (Warning 252) (Hint-replay failed): could not prove post-condition (see also FStar.Modifies.fst(518,11-518,41))
FStar.Modifies.fst(558,2-587,67): (Warning 252) (Hint-replay failed): assertion failed (see also FStar.Modifies.fst(53,3-53,26))
FStar.Modifies.fst(669,2-671,45): (Warning 252) (Hint-replay failed): assertion failed (see also FStar.Modifies.fst(669,9-669,49))
FStar.Modifies.fst(751,2-753,2): (Warning 252) (Hint-replay failed): could not prove post-condition (see also FStar.Modifies.fst(752,2-752,45))
FStar.Modifies.fst(760,2-762,2): (Warning 252) (Hint-replay failed): could not prove post-condition (see also FStar.Modifies.fst(761,2-761,101))
FStar.Modifies.fst(769,2-771,2): (Warning 252) (Hint-replay failed): could not prove post-condition (see also FStar.Modifies.fst(770,2-770,60))
FStar.Modifies.fst(911,2-914,2): (Warning 252) (Hint-replay failed): assertion failed (see also prims.fst(215,68-215,80))
FStar.Modifies.fst(959,2-962,2): (Warning 252) (Hint-replay failed): could not prove post-condition (see also FStar.Modifies.fst(961,11-961,58))
FStar.Modifies.fst(969,2-972,2): (Warning 252) (Hint-replay failed): could not prove post-condition (see also FStar.Modifies.fst(971,11-971,118))
FStar.Modifies.fst(986,2-986,54): (Warning 252) (Hint-replay failed): assertion failed (see also FStar.Modifies.fst(912,12-912,48))
FStar.Modifies.fst(986,2-986,54): (Error 19) assertion failed (see also FStar.Modifies.fst(912,12-912,48))
Verified module: FStar.Modifies (424524 milliseconds)
1 error was reported (see above)
make[3]: *** [gmake/Makefile.tmpl:29: FStar.Modifies.fst.checked] Error 1
make[3]: Target 'verify-core' not remade because of errors.
make[2]: *** [Makefile:12: all] Error 2
make[1]: *** [Makefile:175: fstarlib] Error 2
make: *** [Makefile:158: utest-prelude] Error 2
Command exited with non-zero status 2
10.95user 46.20system 17:28.69elapsed 5%CPU (0avgtext+0avgdata 1315848448maxresident)k
0inputs+0outputs (5390252major+0minor)pagefaults 0swaps
