From https://github.com/mitls/hacl-star
2cf3aada2..261b11f6b  lib_merge_new -> origin/lib_merge_new
make: *** [Makefile:83: extracted/Makefile.include] Error 1
make: *** Waiting for unfinished jobs....
make: *** [Makefile:93: dist/uint128/Makefile.include] Error 1
dos2unix: converting file parser/parse.fsi to Unix format...
Warning: you are using the standard library and/or the %inline keyword. We
recommend switching on --infer in order to avoid obscure type error messages.
warning: CRLF will be replaced by LF in src/parser/parse.fsy.
The file will have its original line endings in your working directory.
FStar.Monotonic.Map.fst(65,20-65,31): (Warning 288) FStar.HyperStack.ST.stable_on_t is deprecated, use FStar.HyperStack.ST.stable_on instead
FStar.Monotonic.Map.fst(84,4-84,14): (Warning 288) FStar.HyperStack.ST.mr_witness is deprecated, use FStar.HyperStack.ST.witness_p instead
FStar.Monotonic.Map.fst(85,4-85,14): (Warning 288) FStar.HyperStack.ST.mr_witness is deprecated, use FStar.HyperStack.ST.witness_p instead
FStar.Monotonic.Map.fst(105,8-105,18): (Warning 288) FStar.HyperStack.ST.mr_witness is deprecated, use FStar.HyperStack.ST.witness_p instead
FStar.Monotonic.Map.fst(106,8-106,18): (Warning 288) FStar.HyperStack.ST.mr_witness is deprecated, use FStar.HyperStack.ST.witness_p instead
FStar.Monotonic.DependentMap.fsti(135,24-135,35): (Warning 288) FStar.HyperStack.ST.stable_on_t is deprecated, use FStar.HyperStack.ST.stable_on instead
FStar.Monotonic.DependentMap.fsti(147,24-147,35): (Warning 288) FStar.HyperStack.ST.stable_on_t is deprecated, use FStar.HyperStack.ST.stable_on instead
FStar.Monotonic.DependentMap.fst(53,4-53,14): (Warning 288) FStar.HyperStack.ST.mr_witness is deprecated, use FStar.HyperStack.ST.witness_p instead
FStar.Monotonic.DependentMap.fst(61,6-61,16): (Warning 288) FStar.HyperStack.ST.mr_witness is deprecated, use FStar.HyperStack.ST.witness_p instead
FStar.Monotonic.Seq.fst(60,19-60,30): (Warning 288) FStar.HyperStack.ST.stable_on_t is deprecated, use FStar.HyperStack.ST.stable_on instead
FStar.Monotonic.Seq.fst(80,4-80,14): (Warning 288) FStar.HyperStack.ST.mr_witness is deprecated, use FStar.HyperStack.ST.witness_p instead
FStar.Monotonic.Seq.fst(102,19-102,30): (Warning 288) FStar.HyperStack.ST.stable_on_t is deprecated, use FStar.HyperStack.ST.stable_on instead
FStar.Monotonic.Seq.fst(109,19-109,30): (Warning 288) FStar.HyperStack.ST.stable_on_t is deprecated, use FStar.HyperStack.ST.stable_on instead
FStar.Monotonic.Seq.fst(142,4-142,14): (Warning 288) FStar.HyperStack.ST.mr_witness is deprecated, use FStar.HyperStack.ST.witness_p instead
FStar.Monotonic.Seq.fst(160,2-160,12): (Warning 288) FStar.HyperStack.ST.mr_witness is deprecated, use FStar.HyperStack.ST.witness_p instead
FStar.Monotonic.Seq.fst(168,2-168,12): (Warning 288) FStar.HyperStack.ST.mr_witness is deprecated, use FStar.HyperStack.ST.witness_p instead
FStar.Monotonic.Seq.fst(259,10-259,21): (Warning 288) FStar.HyperStack.ST.stable_on_t is deprecated, use FStar.HyperStack.ST.stable_on instead
FStar.Monotonic.Seq.fst(273,11-273,22): (Warning 288) FStar.HyperStack.ST.stable_on_t is deprecated, use FStar.HyperStack.ST.stable_on instead
FStar.Monotonic.Seq.fst(320,11-320,22): (Warning 288) FStar.HyperStack.ST.stable_on_t is deprecated, use FStar.HyperStack.ST.stable_on instead
FStar.Monotonic.Seq.fst(343,11-343,22): (Warning 288) FStar.HyperStack.ST.stable_on_t is deprecated, use FStar.HyperStack.ST.stable_on instead
FStar.Monotonic.Seq.fst(369,11-369,22): (Warning 288) FStar.HyperStack.ST.stable_on_t is deprecated, use FStar.HyperStack.ST.stable_on instead
FStar.Monotonic.Seq.fst(386,4-386,14): (Warning 288) FStar.HyperStack.ST.mr_witness is deprecated, use FStar.HyperStack.ST.witness_p instead
FStar.Monotonic.Seq.fst(403,4-403,14): (Warning 288) FStar.HyperStack.ST.mr_witness is deprecated, use FStar.HyperStack.ST.witness_p instead
LowStar.Monotonic.Buffer.fsti(1585,51-1585,68): (Warning 288) FStar.Monotonic.HyperStack.is_eternal_region is deprecated, use FStar.HyperStack.ST.is_eternal_region instead
LowStar.Monotonic.Buffer.fsti(1585,51-1585,68): (Warning 288) FStar.Monotonic.HyperStack.is_eternal_region is deprecated, use FStar.HyperStack.ST.is_eternal_region instead
FStar.Pervasives.fst(277,31-277,37): (Warning 252) (Hint-replay failed): Failed to prove that the type 'FStar.Pervasives.__internal_ocaml_attributes' supports decidable equality because of this argument; add either the 'noeq' or 'unopteq' qualifier (see also FStar.Pervasives.fst(274,0-311,19))
FStar.Pervasives.fst(277,31-277,37): (Warning 252) (Hint-replay failed): Failed to prove that the type 'FStar.Pervasives.__internal_ocaml_attributes' supports decidable equality because of this argument; add either the 'noeq' or 'unopteq' qualifier (see also FStar.Pervasives.fst(274,0-311,19))
FStar.Reflection.Types.fsti(12,21-12,32): (Warning 252) (Hint-replay failed): Subtyping check failed; expected type Prims.eqtype; got type Type0 (see also prims.fst(27,22-27,29))
FStar.Map.fst(66,45-66,47): (Warning 252) (Hint-replay failed): could not prove post-condition (see also FStar.Map.fsti(129,33-129,68))
FStar.Map.fst(73,42-73,44): (Warning 252) (Hint-replay failed): could not prove post-condition (see also FStar.Map.fsti(151,38-151,51))
FStar.Algebra.Monoid.fst(139,9-139,52): (Warning 252) (Hint-replay failed): Failed to prove that the type 'FStar.Algebra.Monoid.monoid_morphism' supports decidable equality because of this argument; add either the 'noeq' or 'unopteq' qualifier (see also FStar.Algebra.Monoid.fst(137,0-141,27))
FStar.Algebra.Monoid.fst(139,9-139,52): (Warning 252) (Hint-replay failed): Failed to prove that the type 'FStar.Algebra.Monoid.monoid_morphism' supports decidable equality because of this argument; add either the 'noeq' or 'unopteq' qualifier (see also FStar.Algebra.Monoid.fst(137,0-141,27))
FStar.GSet.fst(42,32-42,34): (Warning 252) (Hint-replay failed): could not prove post-condition (see also FStar.GSet.fsti(62,12-62,58))
FStar.GSet.fst(43,32-43,34): (Warning 252) (Hint-replay failed): could not prove post-condition (see also FStar.GSet.fsti(67,12-67,62))
FStar.GSet.fst(44,32-44,34): (Warning 252) (Hint-replay failed): could not prove post-condition (see also FStar.GSet.fsti(72,12-72,50))
FStar.GSet.fst(51,33-51,35): (Warning 252) (Hint-replay failed): could not prove post-condition (see also FStar.GSet.fsti(97,13-97,26))
FStar.Int.fst(106,17-106,32): (Warning 252) (Hint-replay failed): Subtyping check failed; expected type FStar.Int.int_t n; got type Prims.int (see also FStar.Int.fst(60,27-60,35))
FStar.Int.fst(115,47-115,48): (Warning 252) (Hint-replay failed): Subtyping check failed; expected type Prims.eqtype; got type Type0 (see also prims.fst(27,22-27,29))
FStar.Int.fst(115,47-115,48): (Warning 252) (Hint-replay failed): Subtyping check failed; expected type Prims.eqtype; got type Type0 (see also prims.fst(27,22-27,29))
FStar.Set.fst(40,32-40,34): (Warning 252) (Hint-replay failed): could not prove post-condition (see also FStar.Set.fsti(60,12-60,41))
FStar.Set.fst(41,32-41,34): (Warning 252) (Hint-replay failed): could not prove post-condition (see also FStar.Set.fsti(65,12-65,58))
FStar.Set.fst(42,32-42,34): (Warning 252) (Hint-replay failed): could not prove post-condition (see also FStar.Set.fsti(70,12-70,62))
FStar.Set.fst(43,32-43,34): (Warning 252) (Hint-replay failed): could not prove post-condition (see also FStar.Set.fsti(75,12-75,50))
FStar.Set.fst(48,33-48,35): (Warning 252) (Hint-replay failed): could not prove post-condition (see also FStar.Set.fsti(91,13-91,26))
FStar.Math.Lib.fst(51,27-51,28): (Warning 252) (Hint-replay failed): Subtyping check failed; expected type y: Prims.int{x >= 0 ==> (y = x) /\ x < 0 ==> (y = - x)}; got type Prims.int (see also FStar.Math.Lib.fst(50,63-50,69))
FStar.Math.Lib.fst(55,29-55,30): (Warning 252) (Hint-replay failed): Subtyping check failed; expected type z: Prims.int{x >= y ==> (z = x) /\ x < y ==> (z = y)}; got type Prims.int (see also FStar.Math.Lib.fst(54,72-54,77))
FStar.Math.Lib.fst(59,29-59,30): (Warning 252) (Hint-replay failed): Subtyping check failed; expected type z: Prims.int{x >= y ==> (z = y) /\ x < y ==> (z = x)}; got type Prims.int (see also FStar.Math.Lib.fst(58,72-58,77))
FStar.Math.Lib.fst(93,17-93,22): (Warning 252) (Hint-replay failed): Subtyping check failed; expected type res: Prims.int{res = v - FStar.Math.Lib.div_non_eucl v p * p}; got type Prims.int (see also FStar.Math.Lib.fst(91,51-91,85))
FStar.Math.Lib.fst(104,20-104,22): (Warning 252) (Hint-replay failed): could not prove post-condition (see also FStar.Math.Lib.fst(103,32-103,46))
Unexpected error; please file a bug report, ideally with a minimized version of the source program that triggered the error.
Failure("Bound term variable not found  x#20116 in environment: ...,abs, x#20735, n#20736, m#20740")
make[3]: *** [gmake/Makefile.tmpl:29: FStar.Math.Lib.fst.checked] Error 1
FStar.Reflection.Data.fst(95,19-95,22): (Warning 252) (Hint-replay failed): Subtyping check failed; expected type Prims.eqtype; got type Type0 (see also prims.fst(27,22-27,29))
FStar.Reflection.Data.fst(99,10-99,13): (Warning 252) (Hint-replay failed): Failed to prove that the type 'FStar.Reflection.Data.exp' supports decidable equality because of this argument; add either the 'noeq' or 'unopteq' qualifier (see also FStar.Reflection.Data.fst(97,0-100,28))
FStar.Reflection.Data.fst(95,19-95,22): (Warning 252) (Hint-replay failed): Subtyping check failed; expected type Prims.eqtype; got type Type0 (see also prims.fst(27,22-27,29))
FStar.Reflection.Data.fst(99,10-99,13): (Warning 252) (Hint-replay failed): Failed to prove that the type 'FStar.Reflection.Data.exp' supports decidable equality because of this argument; add either the 'noeq' or 'unopteq' qualifier (see also FStar.Reflection.Data.fst(97,0-100,28))
FStar.List.Tot.Base.fst(443,31-445,35): (Warning 252) (Hint-replay failed): could not prove post-condition (see also FStar.List.Tot.Base.fst(441,37-442,80))
FStar.List.Tot.Base.fst(488,88-488,89): (Warning 252) (Hint-replay failed): Subtyping check failed; expected type Prims.eqtype; got type Type0 (see also prims.fst(27,22-27,29))
FStar.List.Tot.Base.fst(267,10-267,12): (Warning 252) (Hint-replay failed): Subtyping check failed; expected type m:
Prims.list a
{ forall (u67877: FStar.Pervasives.Native.option (x: Prims.unit{Prims.hasEq a})).
FStar.List.Tot.Base.mem_filter_spec f m u67877 }; got type Prims.list a (see also FStar.List.Tot.Base.fst(265,86-265,107))
FStar.List.Tot.Properties.fst(26,32-26,38): (Warning 252) (Hint-replay failed): Subtyping check failed; expected type Prims.eqtype; got type Type0 (see also prims.fst(27,22-27,29))
FStar.List.Tot.Properties.fst(41,2-43,30): (Warning 252) (Hint-replay failed): could not prove post-condition (see also FStar.List.Tot.Properties.fst(39,16-39,76))
FStar.List.Tot.Properties.fst(60,31-62,43): (Warning 252) (Hint-replay failed): could not prove post-condition (see also FStar.List.Tot.Properties.fst(59,17-59,65))
FStar.List.Tot.Properties.fst(66,18-66,24): (Warning 252) (Hint-replay failed): Subtyping check failed; expected type Prims.eqtype; got type Type0 (see also prims.fst(27,22-27,29))
FStar.List.Tot.Properties.fst(119,30-121,33): (Warning 252) (Hint-replay failed): could not prove post-condition (see also FStar.List.Tot.Properties.fst(118,17-118,57))
FStar.List.Tot.Properties.fst(129,32-131,32): (Warning 252) (Hint-replay failed): could not prove post-condition (see also FStar.List.Tot.Properties.fst(127,32-127,72))
FStar.List.Tot.Properties.fst(137,37-139,37): (Warning 252) (Hint-replay failed): could not prove post-condition (see also FStar.List.Tot.Properties.fst(136,43-136,81))
FStar.List.Tot.Properties.fst(146,34-148,34): (Warning 252) (Hint-replay failed): could not prove post-condition (see also FStar.List.Tot.Properties.fst(145,32-145,77))
FStar.List.Tot.Properties.fst(155,39-157,39): (Warning 252) (Hint-replay failed): could not prove post-condition (see also FStar.List.Tot.Properties.fst(153,43-153,86))
FStar.List.Tot.Properties.fst(281,52-281,58): (Warning 252) (Hint-replay failed): Subtyping check failed; expected type Prims.eqtype; got type Type0 (see also prims.fst(27,22-27,29))
Unexpected error; please file a bug report, ideally with a minimized version of the source program that triggered the error.
Failure("Bound term variable not found  'a#41967 in environment: ...,arrow_to_impl, l#42353, f#42347, 'b#42346, 'a#42345")
make[3]: *** [gmake/Makefile.tmpl:29: FStar.List.Tot.Properties.fst.checked] Error 1
FStar.Monotonic.Heap.fsti(31,15-31,22): (Warning 252) (Hint-replay failed): Subtyping check failed; expected type Prims.eqtype; got type Type0 (see also prims.fst(27,22-27,29))
FStar.Monotonic.Heap.fsti(46,64-46,67): (Warning 252) (Hint-replay failed): Subtyping check failed; expected type Prims.eqtype; got type Type0 (see also prims.fst(27,22-27,29))
FStar.Monotonic.Heap.fsti(48,72-48,75): (Warning 252) (Hint-replay failed): Subtyping check failed; expected type Prims.eqtype; got type Type0 (see also prims.fst(27,22-27,29))
FStar.Monotonic.Heap.fsti(48,88-48,91): (Warning 252) (Hint-replay failed): Subtyping check failed; expected type Prims.eqtype; got type Type0 (see also prims.fst(27,22-27,29))
FStar.Monotonic.Heap.fsti(50,57-50,60): (Warning 252) (Hint-replay failed): Subtyping check failed; expected type Prims.eqtype; got type Type0 (see also prims.fst(27,22-27,29))
FStar.Monotonic.Heap.fsti(50,88-50,91): (Warning 252) (Hint-replay failed): Subtyping check failed; expected type Prims.eqtype; got type Type0 (see also prims.fst(27,22-27,29))
FStar.Monotonic.Heap.fsti(53,13-53,16): (Warning 252) (Hint-replay failed): Subtyping check failed; expected type Prims.eqtype; got type Type0 (see also prims.fst(27,22-27,29))
FStar.Monotonic.Heap.fsti(79,20-79,23): (Warning 252) (Hint-replay failed): Subtyping check failed; expected type Prims.eqtype; got type Type0 (see also prims.fst(27,22-27,29))
FStar.Monotonic.Heap.fsti(79,74-79,75): (Warning 252) (Hint-replay failed): Subtyping check failed; expected type Prims.eqtype; got type Type0 (see also prims.fst(27,22-27,29))
FStar.Monotonic.Heap.fsti(98,20-98,27): (Warning 252) (Hint-replay failed): Subtyping check failed; expected type Prims.eqtype; got type Type0 (see also prims.fst(27,22-27,29))
FStar.Monotonic.Heap.fsti(104,77-104,84): (Warning 252) (Hint-replay failed): Subtyping check failed; expected type Prims.eqtype; got type Type0 (see also prims.fst(27,22-27,29))
FStar.Monotonic.Heap.fsti(109,85-109,92): (Warning 252) (Hint-replay failed): Subtyping check failed; expected type Prims.eqtype; got type Type0 (see also prims.fst(27,22-27,29))
FStar.Monotonic.Heap.fsti(119,20-119,27): (Warning 252) (Hint-replay failed): Subtyping check failed; expected type Prims.eqtype; got type Type0 (see also prims.fst(27,22-27,29))
FStar.Monotonic.Heap.fsti(132,20-132,27): (Warning 252) (Hint-replay failed): Subtyping check failed; expected type Prims.eqtype; got type Type0 (see also prims.fst(27,22-27,29))
FStar.Monotonic.Heap.fsti(140,14-140,21): (Warning 252) (Hint-replay failed): Subtyping check failed; expected type Prims.eqtype; got type Type0 (see also prims.fst(27,22-27,29))
FStar.Monotonic.Heap.fsti(148,15-148,22): (Warning 252) (Hint-replay failed): Subtyping check failed; expected type Prims.eqtype; got type Type0 (see also prims.fst(27,22-27,29))
prims.fst(404,11-405,22): (Warning 252) (Hint-replay failed): Subtyping check failed; expected type Prims.eqtype; got type Type0 (see also prims.fst(27,22-27,29))
FStar.Monotonic.Heap.fsti(165,39-165,46): (Warning 252) (Hint-replay failed): Subtyping check failed; expected type Prims.eqtype; got type Type0 (see also prims.fst(27,22-27,29))
FStar.Monotonic.Heap.fsti(176,20-176,27): (Warning 252) (Hint-replay failed): Subtyping check failed; expected type Prims.eqtype; got type Type0 (see also prims.fst(27,22-27,29))
FStar.Monotonic.Heap.fsti(181,20-181,27): (Warning 252) (Hint-replay failed): Subtyping check failed; expected type Prims.eqtype; got type Type0 (see also prims.fst(27,22-27,29))
FStar.Monotonic.Heap.fsti(210,48-210,55): (Warning 252) (Hint-replay failed): Subtyping check failed; expected type Prims.eqtype; got type Type0 (see also prims.fst(27,22-27,29))
FStar.Monotonic.Heap.fsti(215,39-215,46): (Warning 252) (Hint-replay failed): Subtyping check failed; expected type Prims.eqtype; got type Type0 (see also prims.fst(27,22-27,29))
FStar.Monotonic.Heap.fsti(222,21-222,28): (Warning 252) (Hint-replay failed): Subtyping check failed; expected type Prims.eqtype; got type Type0 (see also prims.fst(27,22-27,29))
FStar.Monotonic.Heap.fsti(227,20-227,28): (Warning 252) (Hint-replay failed): Subtyping check failed; expected type Prims.eqtype; got type Type0 (see also prims.fst(27,22-27,29))
FStar.Monotonic.Heap.fsti(232,20-232,28): (Warning 252) (Hint-replay failed): Subtyping check failed; expected type Prims.eqtype; got type Type0 (see also prims.fst(27,22-27,29))
FStar.Monotonic.Heap.fsti(246,37-246,40): (Warning 252) (Hint-replay failed): Subtyping check failed; expected type Prims.eqtype; got type Type0 (see also prims.fst(27,22-27,29))
FStar.Monotonic.Heap.fsti(252,60-252,67): (Warning 252) (Hint-replay failed): Subtyping check failed; expected type Prims.eqtype; got type Type0 (see also prims.fst(27,22-27,29))
FStar.Monotonic.Heap.fsti(314,26-314,38): (Warning 252) (Hint-replay failed): Subtyping check failed; expected type Prims.eqtype; got type Type0 (see also prims.fst(27,22-27,29))
FStar.ST.fst(86,39-86,47): (Warning 252) (Hint-replay failed): Subtyping check failed; expected type Prims.eqtype; got type Type0 (see also prims.fst(27,22-27,29))
FStar.ST.fst(103,17-103,25): (Warning 252) (Hint-replay failed): Subtyping check failed; expected type Prims.eqtype; got type Type0 (see also prims.fst(27,22-27,29))
FStar.ST.fst(124,17-124,25): (Warning 252) (Hint-replay failed): Subtyping check failed; expected type Prims.eqtype; got type Type0 (see also prims.fst(27,22-27,29))
FStar.ST.fst(130,40-130,48): (Warning 252) (Hint-replay failed): Subtyping check failed; expected type Prims.eqtype; got type Type0 (see also prims.fst(27,22-27,29))
FStar.ST.fst(86,39-86,47): (Warning 252) (Hint-replay failed): Subtyping check failed; expected type Prims.eqtype; got type Type0 (see also prims.fst(27,22-27,29))
FStar.ST.fst(103,17-103,25): (Warning 252) (Hint-replay failed): Subtyping check failed; expected type Prims.eqtype; got type Type0 (see also prims.fst(27,22-27,29))
FStar.ST.fst(124,17-124,25): (Warning 252) (Hint-replay failed): Subtyping check failed; expected type Prims.eqtype; got type Type0 (see also prims.fst(27,22-27,29))
FStar.ST.fst(130,40-130,48): (Warning 252) (Hint-replay failed): Subtyping check failed; expected type Prims.eqtype; got type Type0 (see also prims.fst(27,22-27,29))
FStar.Ref.fst(35,45-35,48): (Warning 252) (Hint-replay failed): Subtyping check failed; expected type Prims.eqtype; got type Type0 (see also prims.fst(27,22-27,29))
FStar.Ref.fst(45,39-45,47): (Warning 252) (Hint-replay failed): Subtyping check failed; expected type Prims.eqtype; got type Type0 (see also prims.fst(27,22-27,29))
FStar.Ref.fst(35,45-35,48): (Warning 252) (Hint-replay failed): Subtyping check failed; expected type Prims.eqtype; got type Type0 (see also prims.fst(27,22-27,29))
FStar.Ref.fst(35,45-35,48): (Warning 252) (Hint-replay failed): Subtyping check failed; expected type Prims.eqtype; got type Type0 (see also prims.fst(27,22-27,29))
FStar.Ref.fst(45,39-45,47): (Warning 252) (Hint-replay failed): Subtyping check failed; expected type Prims.eqtype; got type Type0 (see also prims.fst(27,22-27,29))
FStar.Monotonic.Heap.fst(18,5-18,14): (Warning 252) (Hint-replay failed): Subtyping check failed; expected type Prims.eqtype; got type Type0 (see also prims.fst(27,22-27,29))
FStar.Monotonic.Heap.fsti(31,15-31,22): (Warning 252) (Hint-replay failed): Subtyping check failed; expected type Prims.eqtype; got type Type0 (see also prims.fst(27,22-27,29))
FStar.Monotonic.Heap.fsti(46,64-46,67): (Warning 252) (Hint-replay failed): Subtyping check failed; expected type Prims.eqtype; got type Type0 (see also prims.fst(27,22-27,29))
FStar.Monotonic.Heap.fsti(48,72-48,75): (Warning 252) (Hint-replay failed): Subtyping check failed; expected type Prims.eqtype; got type Type0 (see also prims.fst(27,22-27,29))
FStar.Monotonic.Heap.fsti(48,88-48,91): (Warning 252) (Hint-replay failed): Subtyping check failed; expected type Prims.eqtype; got type Type0 (see also prims.fst(27,22-27,29))
FStar.Monotonic.Heap.fsti(50,57-50,60): (Warning 252) (Hint-replay failed): Subtyping check failed; expected type Prims.eqtype; got type Type0 (see also prims.fst(27,22-27,29))
FStar.Monotonic.Heap.fsti(50,88-50,91): (Warning 252) (Hint-replay failed): Subtyping check failed; expected type Prims.eqtype; got type Type0 (see also prims.fst(27,22-27,29))
FStar.Monotonic.Heap.fsti(53,13-53,16): (Warning 252) (Hint-replay failed): Subtyping check failed; expected type Prims.eqtype; got type Type0 (see also prims.fst(27,22-27,29))
prims.fst(404,11-405,22): (Warning 252) (Hint-replay failed): Subtyping check failed; expected type Prims.eqtype; got type Type0 (see also prims.fst(27,22-27,29))
FStar.Monotonic.Heap.fst(77,54-77,58): (Warning 252) (Hint-replay failed): Subtyping check failed; expected type Prims.eqtype; got type Type0 (see also prims.fst(27,22-27,29))
FStar.Monotonic.Heap.fst(88,53-88,57): (Warning 252) (Hint-replay failed): Subtyping check failed; expected type Prims.eqtype; got type Type0 (see also prims.fst(27,22-27,29))
FStar.Monotonic.Heap.fst(93,54-93,58): (Warning 252) (Hint-replay failed): Subtyping check failed; expected type Prims.eqtype; got type Type0 (see also prims.fst(27,22-27,29))
FStar.Monotonic.Heap.fsti(79,20-79,23): (Warning 252) (Hint-replay failed): Subtyping check failed; expected type Prims.eqtype; got type Type0 (see also prims.fst(27,22-27,29))
FStar.Monotonic.Heap.fsti(79,74-79,75): (Warning 252) (Hint-replay failed): Subtyping check failed; expected type Prims.eqtype; got type Type0 (see also prims.fst(27,22-27,29))
FStar.Monotonic.Heap.fst(102,76-102,83): (Warning 252) (Hint-replay failed): Subtyping check failed; expected type Prims.eqtype; got type Type0 (see also prims.fst(27,22-27,29))
FStar.Monotonic.Heap.fst(120,63-120,70): (Warning 252) (Hint-replay failed): Subtyping check failed; expected type Prims.eqtype; got type Type0 (see also prims.fst(27,22-27,29))
FStar.Monotonic.Heap.fst(133,62-133,69): (Warning 252) (Hint-replay failed): Subtyping check failed; expected type Prims.eqtype; got type Type0 (see also prims.fst(27,22-27,29))
FStar.Monotonic.Heap.fst(146,61-146,68): (Warning 252) (Hint-replay failed): Subtyping check failed; expected type Prims.eqtype; got type Type0 (see also prims.fst(27,22-27,29))
FStar.Monotonic.Heap.fst(154,54-154,61): (Warning 252) (Hint-replay failed): Subtyping check failed; expected type Prims.eqtype; got type Type0 (see also prims.fst(27,22-27,29))
FStar.Monotonic.Heap.fst(162,27-162,35): (Warning 252) (Hint-replay failed): Subtyping check failed; expected type Prims.eqtype; got type Type0 (see also prims.fst(27,22-27,29))
FStar.Monotonic.Heap.fsti(98,20-98,27): (Warning 252) (Hint-replay failed): Subtyping check failed; expected type Prims.eqtype; got type Type0 (see also prims.fst(27,22-27,29))
FStar.Monotonic.Heap.fsti(104,77-104,84): (Warning 252) (Hint-replay failed): Subtyping check failed; expected type Prims.eqtype; got type Type0 (see also prims.fst(27,22-27,29))
FStar.Monotonic.Heap.fsti(109,85-109,92): (Warning 252) (Hint-replay failed): Subtyping check failed; expected type Prims.eqtype; got type Type0 (see also prims.fst(27,22-27,29))
FStar.Monotonic.Heap.fsti(119,20-119,27): (Warning 252) (Hint-replay failed): Subtyping check failed; expected type Prims.eqtype; got type Type0 (see also prims.fst(27,22-27,29))
FStar.Monotonic.Heap.fst(174,2-174,8): (Warning 252) (Hint-replay failed): assertion failed (see also FStar.Monotonic.Heap.fst(174,9-174,23))
FStar.Monotonic.Heap.fsti(132,20-132,27): (Warning 252) (Hint-replay failed): Subtyping check failed; expected type Prims.eqtype; got type Type0 (see also prims.fst(27,22-27,29))
FStar.Monotonic.Heap.fsti(140,14-140,21): (Warning 252) (Hint-replay failed): Subtyping check failed; expected type Prims.eqtype; got type Type0 (see also prims.fst(27,22-27,29))
FStar.Monotonic.Heap.fsti(148,15-148,22): (Warning 252) (Hint-replay failed): Subtyping check failed; expected type Prims.eqtype; got type Type0 (see also prims.fst(27,22-27,29))
prims.fst(404,11-405,22): (Warning 252) (Hint-replay failed): Subtyping check failed; expected type Prims.eqtype; got type Type0 (see also prims.fst(27,22-27,29))
FStar.Monotonic.Heap.fsti(165,39-165,46): (Warning 252) (Hint-replay failed): Subtyping check failed; expected type Prims.eqtype; got type Type0 (see also prims.fst(27,22-27,29))
FStar.Monotonic.Heap.fsti(176,20-176,27): (Warning 252) (Hint-replay failed): Subtyping check failed; expected type Prims.eqtype; got type Type0 (see also prims.fst(27,22-27,29))
FStar.Monotonic.Heap.fsti(181,20-181,27): (Warning 252) (Hint-replay failed): Subtyping check failed; expected type Prims.eqtype; got type Type0 (see also prims.fst(27,22-27,29))
FStar.Monotonic.Heap.fst(185,64-185,66): (Warning 252) (Hint-replay failed): could not prove post-condition (see also FStar.Monotonic.Heap.fsti(202,13-202,50))
FStar.Monotonic.Heap.fsti(210,48-210,55): (Warning 252) (Hint-replay failed): Subtyping check failed; expected type Prims.eqtype; got type Type0 (see also prims.fst(27,22-27,29))
FStar.Monotonic.Heap.fsti(215,39-215,46): (Warning 252) (Hint-replay failed): Subtyping check failed; expected type Prims.eqtype; got type Type0 (see also prims.fst(27,22-27,29))
FStar.Monotonic.Heap.fsti(222,21-222,28): (Warning 252) (Hint-replay failed): Subtyping check failed; expected type Prims.eqtype; got type Type0 (see also prims.fst(27,22-27,29))
FStar.Monotonic.Heap.fsti(227,20-227,28): (Warning 252) (Hint-replay failed): Subtyping check failed; expected type Prims.eqtype; got type Type0 (see also prims.fst(27,22-27,29))
FStar.Monotonic.Heap.fst(189,48-189,50): (Warning 252) (Hint-replay failed): could not prove post-condition (see also FStar.Monotonic.Heap.fsti(227,19-227,69))
FStar.Monotonic.Heap.fsti(232,20-232,28): (Warning 252) (Hint-replay failed): Subtyping check failed; expected type Prims.eqtype; got type Type0 (see also prims.fst(27,22-27,29))
FStar.Monotonic.Heap.fsti(246,37-246,40): (Warning 252) (Hint-replay failed): Subtyping check failed; expected type Prims.eqtype; got type Type0 (see also prims.fst(27,22-27,29))
FStar.Monotonic.Heap.fst(194,4-194,46): (Warning 252) (Hint-replay failed): Subtyping check failed; expected type Prims.eqtype; got type Type0 (see also prims.fst(27,22-27,29))
FStar.Monotonic.Heap.fst(194,67-194,69): (Warning 252) (Hint-replay failed): could not prove post-condition (see also FStar.Monotonic.Heap.fsti(248,19-248,41))
FStar.Monotonic.Heap.fsti(252,60-252,67): (Warning 252) (Hint-replay failed): Subtyping check failed; expected type Prims.eqtype; got type Type0 (see also prims.fst(27,22-27,29))
FStar.Monotonic.Heap.fst(207,2-207,8): (Warning 252) (Hint-replay failed): assertion failed (see also FStar.Monotonic.Heap.fst(207,9-207,21))
FStar.Monotonic.Heap.fst(224,11-232,44): (Warning 252) (Hint-replay failed): Subtyping check failed; expected type Prims.eqtype; got type Type0 (see also prims.fst(27,22-27,29))
FStar.Monotonic.Heap.fsti(314,26-314,38): (Warning 252) (Hint-replay failed): Subtyping check failed; expected type Prims.eqtype; got type Type0 (see also prims.fst(27,22-27,29))
make[3]: Target 'verify-core' not remade because of errors.
make[2]: *** [Makefile:12: all] Error 2
make[1]: *** [Makefile:193: fstarlib] Error 2
make: *** [Makefile:176: utest-prelude] Error 2
Command exited with non-zero status 2
13.24user 48.09system 7:17.63elapsed 14%CPU (0avgtext+0avgdata 21556164maxresident)k
0inputs+0outputs (5652061major+0minor)pagefaults 0swaps
