dos2unix: converting file parser/parse.fsi to Unix format...
Warning: you are using the standard library and/or the %inline keyword. We
recommend switching on --infer in order to avoid obscure type error messages.
warning: CRLF will be replaced by LF in src/parser/parse.fsy.
The file will have its original line endings in your working directory.
FStar.List.Tot.Properties.fst(855,2-855,37): (Warning 252) (Hint-replay failed): could not prove post-condition (see also FStar.List.Tot.Properties.fst(853,12-853,18))
FStar.List.Tot.Properties.fst(855,2-855,37): (Warning 252) could not prove post-condition (see also FStar.List.Tot.Properties.fst(853,12-853,18))
FStar.List.Tot.Properties.fst(884,2-885,24): (Warning 252) (Hint-replay failed): could not prove post-condition (see also FStar.List.Tot.Properties.fst(883,12-883,18))
FStar.OrdSet.fst(48,16-48,18): (Warning 252) (Hint-replay failed): Subtyping check failed; expected type Prims.eqtype; got type Type (see also prims.fst(27,21-27,28))
FStar.Monotonic.HyperStack.fst(202,2-202,25): (Warning 252) (Hint-replay failed): Subtyping check failed; expected type FStar.Monotonic.HyperStack.mem; got type FStar.Monotonic.HyperStack.mem' (see also FStar.Monotonic.HyperStack.fst(95,24-95,87))
FStar.Monotonic.HyperStack.fst(323,4-323,24): (Warning 252) (Hint-replay failed): Subtyping check failed; expected type FStar.Monotonic.HyperStack.mem; got type FStar.Monotonic.HyperStack.mem' (see also FStar.Monotonic.HyperStack.fst(95,24-95,87))
FStar.Monotonic.HyperStack.fst(334,26-334,46): (Warning 252) (Hint-replay failed): Subtyping check failed; expected type FStar.Monotonic.HyperStack.mem; got type FStar.Monotonic.HyperStack.mem' (see also FStar.Monotonic.HyperStack.fst(95,24-95,87))
FStar.Monotonic.HyperStack.fst(345,4-345,24): (Warning 252) (Hint-replay failed): Subtyping check failed; expected type FStar.Monotonic.HyperStack.mem; got type FStar.Monotonic.HyperStack.mem' (see also FStar.Monotonic.HyperStack.fst(95,24-95,87))
FStar.Monotonic.HyperStack.fst(356,4-356,24): (Warning 252) (Hint-replay failed): Subtyping check failed; expected type FStar.Monotonic.HyperStack.mem; got type FStar.Monotonic.HyperStack.mem' (see also FStar.Monotonic.HyperStack.fst(95,24-95,87))
FStar.Monotonic.HyperStack.fst(374,4-374,38): (Warning 252) (Hint-replay failed): Subtyping check failed; expected type m': FStar.Monotonic.HyperStack.mem{FStar.Monotonic.HyperStack.fresh_frame m m'}; got type FStar.Monotonic.HyperStack.mem' (see also FStar.Monotonic.HyperStack.fst(95,24-95,87))
FStar.Monotonic.HyperStack.fst(387,13-387,39): (Warning 252) (Hint-replay failed): Subtyping check failed; expected type FStar.Monotonic.HyperStack.mem; got type FStar.Monotonic.HyperStack.mem' (see also FStar.Monotonic.HyperStack.fst(95,24-95,87))
FStar.Monotonic.HyperStack.fst(202,2-202,25): (Warning 252) (Hint-replay failed): Subtyping check failed; expected type FStar.Monotonic.HyperStack.mem; got type FStar.Monotonic.HyperStack.mem' (see also FStar.Monotonic.HyperStack.fst(95,24-95,87))
FStar.Monotonic.HyperStack.fst(323,4-323,24): (Warning 252) (Hint-replay failed): Subtyping check failed; expected type FStar.Monotonic.HyperStack.mem; got type FStar.Monotonic.HyperStack.mem' (see also FStar.Monotonic.HyperStack.fst(95,24-95,87))
FStar.Monotonic.HyperStack.fst(334,26-334,46): (Warning 252) (Hint-replay failed): Subtyping check failed; expected type FStar.Monotonic.HyperStack.mem; got type FStar.Monotonic.HyperStack.mem' (see also FStar.Monotonic.HyperStack.fst(95,24-95,87))
FStar.Monotonic.HyperStack.fst(345,4-345,24): (Warning 252) (Hint-replay failed): Subtyping check failed; expected type FStar.Monotonic.HyperStack.mem; got type FStar.Monotonic.HyperStack.mem' (see also FStar.Monotonic.HyperStack.fst(95,24-95,87))
FStar.Monotonic.HyperStack.fst(356,4-356,24): (Warning 252) (Hint-replay failed): Subtyping check failed; expected type FStar.Monotonic.HyperStack.mem; got type FStar.Monotonic.HyperStack.mem' (see also FStar.Monotonic.HyperStack.fst(95,24-95,87))
FStar.Monotonic.HyperStack.fst(374,4-374,38): (Warning 252) (Hint-replay failed): Subtyping check failed; expected type m': FStar.Monotonic.HyperStack.mem{FStar.Monotonic.HyperStack.fresh_frame m m'}; got type FStar.Monotonic.HyperStack.mem' (see also FStar.Monotonic.HyperStack.fst(95,24-95,87))
FStar.Monotonic.HyperStack.fst(387,13-387,39): (Warning 252) (Hint-replay failed): Subtyping check failed; expected type FStar.Monotonic.HyperStack.mem; got type FStar.Monotonic.HyperStack.mem' (see also FStar.Monotonic.HyperStack.fst(95,24-95,87))
FStar.Monotonic.HyperStack.fst(524,36-524,37): (Warning 252) (Hint-replay failed): Subtyping check failed; expected type s:
FStar.Monotonic.HyperStack.mreference a rel
{ FStar.Monotonic.HyperStack.live_region (FStar.Monotonic.HyperStack.upd h r x)
(FStar.Monotonic.HyperStack.frameOf s) }; got type FStar.Monotonic.HyperStack.mreference a rel (see also FStar.Monotonic.HyperStack.fst(316,64-316,89))
FStar.Monotonic.HyperStack.fst(542,37-542,39): (Warning 252) (Hint-replay failed): Subtyping check failed; expected type s:
FStar.Monotonic.HyperStack.mreference b rel_b
{ FStar.Monotonic.HyperStack.live_region (FStar.Monotonic.HyperStack.upd h r1 x)
(FStar.Monotonic.HyperStack.frameOf s) }; got type FStar.Monotonic.HyperStack.mreference b rel_b (see also FStar.Monotonic.HyperStack.fst(316,64-316,89))
FStar.Seq.Properties.fst(471,2-474,29): (Warning 252) (Hint-replay failed): could not prove post-condition (see also FStar.Seq.Properties.fst(469,20-469,28))
FStar.Fin.fst(36,2-51,18): (Warning 252) (Hint-replay failed): could not prove post-condition (see also FStar.Fin.fst(33,41-33,68))
FStar.Fin.fst(36,2-51,18): (Warning 252) (Hint-replay failed): could not prove post-condition (see also FStar.Fin.fst(33,41-33,68))
FStar.HyperStack.ST.fst(356,4-356,11): (Warning 252) (Hint-replay failed): assertion failed (see also FStar.HyperStack.ST.fst(98,60-98,73))
FStar.HyperStack.ST.fst(366,4-366,11): (Warning 252) (Hint-replay failed): assertion failed (see also FStar.HyperStack.ST.fst(98,60-98,73))
FStar.HyperStack.ST.fst(383,4-383,11): (Warning 252) (Hint-replay failed): assertion failed (see also FStar.HyperStack.ST.fst(98,60-98,73))
FStar.HyperStack.ST.fst(415,4-415,10): (Warning 252) (Hint-replay failed): assertion failed (see also FStar.HyperStack.ST.fst(415,11-415,76))
FStar.HyperStack.ST.fst(434,4-434,11): (Warning 252) (Hint-replay failed): assertion failed (see also FStar.HyperStack.ST.fst(98,60-98,73))
FStar.HyperStack.ST.fst(454,4-454,11): (Warning 252) (Hint-replay failed): assertion failed (see also FStar.HyperStack.ST.fst(98,60-98,73))
FStar.HyperStack.ST.fst(473,4-473,11): (Warning 252) (Hint-replay failed): assertion failed (see also FStar.HyperStack.ST.fst(98,60-98,73))
FStar.HyperStack.ST.fst(512,4-512,10): (Warning 252) (Hint-replay failed): assertion failed (see also FStar.HyperStack.ST.fst(512,11-512,76))
FStar.HyperStack.ST.fst(535,4-535,11): (Warning 252) (Hint-replay failed): assertion failed (see also FStar.HyperStack.ST.fst(98,60-98,73))
FStar.Monotonic.Map.fst(84,4-84,14): (Warning 252) (Hint-replay failed): assertion failed (see also FStar.HyperStack.ST.fst(609,37-609,41))
FStar.Monotonic.DependentMap.fst(53,4-53,14): (Warning 252) (Hint-replay failed): assertion failed (see also FStar.HyperStack.ST.fst(609,37-609,41))
FStar.Monotonic.Seq.fst(50,4-50,17): (Warning 252) (Hint-replay failed): could not prove post-condition (see also FStar.Monotonic.Seq.fst(47,2-47,18))
FStar.Monotonic.Seq.fst(80,4-80,14): (Warning 252) (Hint-replay failed): assertion failed (see also FStar.HyperStack.ST.fst(609,37-609,41))
FStar.Monotonic.Seq.fst(142,4-142,14): (Warning 252) (Hint-replay failed): assertion failed (see also FStar.HyperStack.ST.fst(609,37-609,41))
FStar.Monotonic.Seq.fst(174,2-174,8): (Warning 252) (Hint-replay failed): assertion failed (see also FStar.Monotonic.Seq.fst(174,9-174,29))
FStar.Monotonic.Seq.fst(385,4-387,17): (Warning 252) (Hint-replay failed): could not prove post-condition (see also FStar.Monotonic.Seq.fst(380,5-380,25))
FStar.Monotonic.Seq.fst(401,4-404,10): (Warning 252) (Hint-replay failed): could not prove post-condition (see also FStar.Monotonic.Seq.fst(398,3-398,23))
FStar.Vector.Base.fst(88,30-88,32): (Warning 252) (Hint-replay failed): could not prove post-condition (see also FStar.Vector.Base.fsti(298,20-298,46))
LowStar.Modifies.fsti(611,2-611,42): (Warning 252) (Hint-replay failed): assertion failed (see also LowStar.Modifies.fsti(584,48-584,82))
LowStar.Modifies.fsti(625,2-625,38): (Warning 252) (Hint-replay failed): assertion failed (see also LowStar.Modifies.fsti(594,48-594,78))
LowStar.Modifies.fsti(668,2-668,38): (Warning 252) (Hint-replay failed): assertion failed (see also LowStar.Modifies.fsti(632,48-632,89))
LowStar.Modifies.fsti(683,2-683,49): (Warning 252) (Hint-replay failed): assertion failed (see also LowStar.Modifies.fsti(643,48-643,82))
LowStar.Modifies.fsti(697,2-697,45): (Warning 252) (Hint-replay failed): assertion failed (see also LowStar.Modifies.fsti(653,48-653,78))
LowStar.Buffer.fst(444,2-449,42): (Warning 252) (Hint-replay failed): could not prove post-condition (see also LowStar.Buffer.fsti(671,4-671,21))
LowStar.Buffer.fst(481,2-481,31): (Warning 252) (Hint-replay failed): could not prove post-condition (see also LowStar.Buffer.fsti(708,4-708,71))
LowStar.Buffer.fst(500,2-505,3): (Warning 252) (Hint-replay failed): could not prove post-condition (see also LowStar.Buffer.fst(494,4-494,43))
LowStar.Buffer.fst(514,2-518,3): (Warning 252) (Hint-replay failed): could not prove post-condition (see also LowStar.Buffer.fsti(797,4-797,55))
LowStar.Buffer.fst(521,2-528,3): (Warning 252) (Hint-replay failed): could not prove post-condition (see also LowStar.Buffer.fsti(821,4-821,47))
LowStar.Buffer.fst(531,2-538,3): (Warning 252) (Hint-replay failed): could not prove post-condition (see also LowStar.Buffer.fsti(839,4-839,34))
LowStar.Modifies.fsti(611,2-611,42): (Warning 252) (Hint-replay failed): assertion failed (see also LowStar.Modifies.fsti(584,48-584,82))
LowStar.Modifies.fsti(625,2-625,38): (Warning 252) (Hint-replay failed): assertion failed (see also LowStar.Modifies.fsti(594,48-594,78))
LowStar.Modifies.fst(157,43-157,80): (Warning 252) (Hint-replay failed): Subtyping check failed; expected type 
l1: LowStar.Modifies.loc ->
l2: LowStar.Modifies.loc ->
h: FStar.Monotonic.HyperStack.mem ->
h': FStar.Monotonic.HyperStack.mem ->
x: FStar.Monotonic.HyperHeap.rid ->
Prims.Lemma Prims.unit; got type 
l1: FStar.ModifiesGen.loc LowStar.Modifies.cls ->
l2: FStar.ModifiesGen.loc LowStar.Modifies.cls ->
h: FStar.Monotonic.HyperStack.mem ->
h': FStar.Monotonic.HyperStack.mem ->
r: FStar.Monotonic.HyperHeap.rid ->
Prims.Lemma Prims.unit (see also FStar.ModifiesGen.fsti(658,104-658,145))
LowStar.Modifies.fst(159,54-159,101): (Warning 252) (Hint-replay failed): Subtyping check failed; expected type 
l1: LowStar.Modifies.loc ->
l2: LowStar.Modifies.loc ->
h: FStar.Monotonic.HyperStack.mem ->
h': FStar.Monotonic.HyperStack.mem ->
x: FStar.Monotonic.HyperStack.mreference t pre ->
Prims.Lemma Prims.unit; got type 
l1: FStar.ModifiesGen.loc LowStar.Modifies.cls ->
l2: FStar.ModifiesGen.loc LowStar.Modifies.cls ->
h: FStar.Monotonic.HyperStack.mem ->
h': FStar.Monotonic.HyperStack.mem ->
r: FStar.Monotonic.HyperStack.mreference t pre ->
Prims.Lemma Prims.unit (see also FStar.ModifiesGen.fsti(669,104-669,138))
LowStar.Modifies.fst(162,5-162,44): (Warning 252) (Hint-replay failed): assertion failed (see also FStar.ModifiesGen.fsti(680,104-680,135))
LowStar.Modifies.fsti(668,2-668,38): (Warning 252) (Hint-replay failed): assertion failed (see also LowStar.Modifies.fsti(632,48-632,89))
LowStar.Modifies.fsti(683,2-683,49): (Warning 252) (Hint-replay failed): assertion failed (see also LowStar.Modifies.fsti(643,48-643,82))
LowStar.Modifies.fsti(697,2-697,45): (Warning 252) (Hint-replay failed): assertion failed (see also LowStar.Modifies.fsti(653,48-653,78))
LowStar.Modifies.fst(227,2-227,23): (Warning 252) (Hint-replay failed): assertion failed (see also LowStar.Modifies.fsti(353,59-353,77))
FStar.Pointer.Derived1.fst(118,2-118,8): (Warning 252) (Hint-replay failed): assertion failed (see also FStar.Pointer.Derived1.fst(118,9-118,104))
FStar.Pointer.Derived1.fst(168,2-168,8): (Warning 252) (Hint-replay failed): assertion failed (see also FStar.Pointer.Derived1.fst(168,9-168,91))
FStar.Pointer.Derived1.fst(171,2-171,23): (Warning 252) (Hint-replay failed): assertion failed (see also FStar.Pointer.Base.fsti(1493,5-1493,45))
FStar.TaggedUnion.fst(168,2-168,42): (Warning 252) (Hint-replay failed): Subtyping check failed; expected type p':
FStar.Pointer.Base.pointer (FStar.Pointer.Base.typ_of_struct_field l f)
{FStar.Pointer.Base.includes p p'}; got type FStar.Pointer.Base.pointer (FStar.Pointer.Base.typ_of_struct_field l f) (see also FStar.TaggedUnion.fst(167,52-167,67))
FStar.Buffer.fst(740,4-740,6): (Warning 252) (Hint-replay failed): could not prove post-condition (see also FStar.Buffer.fst(738,12-738,35))
FStar.Buffer.fst(765,4-765,6): (Warning 252) (Hint-replay failed): could not prove post-condition (see also FStar.Buffer.fst(763,12-763,37))
FStar.Buffer.fst(806,2-806,8): (Warning 252) (Hint-replay failed): assertion failed (see also FStar.Buffer.fst(806,9-806,43))
FStar.Buffer.fst(841,2-841,8): (Warning 252) (Hint-replay failed): assertion failed (see also FStar.Buffer.fst(841,9-841,43))
FStar.Buffer.fst(848,4-850,56): (Warning 252) (Hint-replay failed): could not prove post-condition (see also FStar.Buffer.fst(847,12-847,80))
FStar.Buffer.fst(865,4-874,5): (Warning 252) (Hint-replay failed): could not prove post-condition (see also FStar.Buffer.fst(854,7-854,16))
FStar.Buffer.fst(960,4-961,44): (Warning 252) (Hint-replay failed): could not prove post-condition (see also FStar.Buffer.fst(959,7-959,35))
FStar.Buffer.fst(992,28-992,48): (Warning 252) (Hint-replay failed): could not prove post-condition (see also FStar.Buffer.fst(990,7-990,81))
FStar.Buffer.fst(1006,6-1006,20): (Warning 252) (Hint-replay failed): assertion failed (see also FStar.Seq.Base.fst(214,16-214,37))
FStar.Buffer.fst(1301,4-1301,6): (Warning 252) (Hint-replay failed): could not prove post-condition (see also FStar.Buffer.fst(1299,13-1299,31))
FStar.Modifies.fsti(470,2-470,42): (Warning 252) (Hint-replay failed): assertion failed (see also FStar.Modifies.fsti(443,48-443,82))
FStar.Modifies.fsti(484,2-484,38): (Warning 252) (Hint-replay failed): assertion failed (see also FStar.Modifies.fsti(453,48-453,78))
FStar.Modifies.fsti(527,2-527,38): (Warning 252) (Hint-replay failed): assertion failed (see also FStar.Modifies.fsti(491,48-491,89))
FStar.Modifies.fsti(542,2-542,49): (Warning 252) (Hint-replay failed): assertion failed (see also FStar.Modifies.fsti(502,48-502,82))
FStar.Modifies.fsti(556,2-556,45): (Warning 252) (Hint-replay failed): assertion failed (see also FStar.Modifies.fsti(512,48-512,78))
FStar.Modifies.fst(114,2-114,4): (Warning 252) (Hint-replay failed): could not prove post-condition (see also FStar.Modifies.fst(113,11-113,41))
FStar.Modifies.fsti(470,2-470,42): (Warning 252) (Hint-replay failed): assertion failed (see also FStar.Modifies.fsti(443,48-443,82))
FStar.Modifies.fsti(484,2-484,38): (Warning 252) (Hint-replay failed): assertion failed (see also FStar.Modifies.fsti(453,48-453,78))
FStar.Modifies.fst(285,43-285,80): (Warning 252) (Hint-replay failed): Subtyping check failed; expected type 
l1: FStar.Modifies.loc ->
l2: FStar.Modifies.loc ->
h: FStar.Monotonic.HyperStack.mem ->
h': FStar.Monotonic.HyperStack.mem ->
x: FStar.Monotonic.HyperHeap.rid ->
Prims.Lemma Prims.unit; got type 
l1: FStar.ModifiesGen.loc FStar.Modifies.cls ->
l2: FStar.ModifiesGen.loc FStar.Modifies.cls ->
h: FStar.Monotonic.HyperStack.mem ->
h': FStar.Monotonic.HyperStack.mem ->
r: FStar.Monotonic.HyperHeap.rid ->
Prims.Lemma Prims.unit (see also FStar.ModifiesGen.fsti(658,104-658,145))
FStar.Modifies.fst(287,54-287,101): (Warning 252) (Hint-replay failed): Subtyping check failed; expected type 
l1: FStar.Modifies.loc ->
l2: FStar.Modifies.loc ->
h: FStar.Monotonic.HyperStack.mem ->
h': FStar.Monotonic.HyperStack.mem ->
x: FStar.Monotonic.HyperStack.mreference t pre ->
Prims.Lemma Prims.unit; got type 
l1: FStar.ModifiesGen.loc FStar.Modifies.cls ->
l2: FStar.ModifiesGen.loc FStar.Modifies.cls ->
h: FStar.Monotonic.HyperStack.mem ->
h': FStar.Monotonic.HyperStack.mem ->
r: FStar.Monotonic.HyperStack.mreference t pre ->
Prims.Lemma Prims.unit (see also FStar.ModifiesGen.fsti(669,104-669,138))
FStar.Modifies.fst(290,5-290,44): (Warning 252) (Hint-replay failed): assertion failed (see also FStar.ModifiesGen.fsti(680,104-680,135))
FStar.Modifies.fsti(527,2-527,38): (Warning 252) (Hint-replay failed): assertion failed (see also FStar.Modifies.fsti(491,48-491,89))
FStar.Modifies.fsti(542,2-542,49): (Warning 252) (Hint-replay failed): assertion failed (see also FStar.Modifies.fsti(502,48-502,82))
FStar.Modifies.fsti(556,2-556,45): (Warning 252) (Hint-replay failed): assertion failed (see also FStar.Modifies.fsti(512,48-512,78))
FStar.ModifiesGen.fst(373,33-373,35): (Warning 252) (Hint-replay failed): could not prove post-condition (see also FStar.ModifiesGen.fsti(244,2-244,27))
FStar.ModifiesGen.fst(389,68-389,70): (Warning 252) (Hint-replay failed): could not prove post-condition (see also FStar.ModifiesGen.fsti(264,11-264,85))
FStar.ModifiesGen.fst(391,66-391,68): (Warning 252) (Hint-replay failed): could not prove post-condition (see also FStar.ModifiesGen.fsti(275,11-275,81))
FStar.ModifiesGen.fst(393,87-393,89): (Warning 252) (Hint-replay failed): could not prove post-condition (see also FStar.ModifiesGen.fsti(285,11-285,105))
FStar.ModifiesGen.fst(395,84-395,86): (Warning 252) (Hint-replay failed): could not prove post-condition (see also FStar.ModifiesGen.fsti(293,11-293,103))
FStar.ModifiesGen.fst(404,91-404,93): (Warning 252) (Hint-replay failed): could not prove post-condition (see also FStar.ModifiesGen.fsti(311,11-311,111))
FStar.ModifiesGen.fst(494,35-494,37): (Warning 252) (Hint-replay failed): could not prove post-condition (see also FStar.ModifiesGen.fsti(332,11-332,36))
FStar.ModifiesGen.fst(538,2-538,173): (Warning 252) (Hint-replay failed): could not prove post-condition (see also FStar.ModifiesGen.fsti(379,11-379,113))
FStar.ModifiesGen.fst(540,91-540,93): (Warning 252) (Hint-replay failed): could not prove post-condition (see also FStar.ModifiesGen.fsti(390,11-390,67))
FStar.ModifiesGen.fst(544,78-544,80): (Warning 252) (Hint-replay failed): could not prove post-condition (see also FStar.ModifiesGen.fsti(414,24-414,42))
FStar.ModifiesGen.fst(561,73-561,75): (Warning 252) (Hint-replay failed): could not prove post-condition (see also FStar.ModifiesGen.fsti(430,2-430,70))
FStar.ModifiesGen.fst(563,73-563,75): (Warning 252) (Hint-replay failed): could not prove post-condition (see also FStar.ModifiesGen.fsti(433,2-433,79))
FStar.ModifiesGen.fst(573,92-573,94): (Warning 252) (Hint-replay failed): could not prove post-condition (see also FStar.ModifiesGen.fsti(438,2-438,91))
FStar.ModifiesGen.fst(575,72-575,74): (Warning 252) (Hint-replay failed): could not prove post-condition (see also FStar.ModifiesGen.fsti(443,2-443,78))
FStar.ModifiesGen.fst(577,94-577,96): (Warning 252) (Hint-replay failed): could not prove post-condition (see also FStar.ModifiesGen.fsti(448,2-448,95))
FStar.ModifiesGen.fst(579,78-579,80): (Warning 252) (Hint-replay failed): could not prove post-condition (see also FStar.ModifiesGen.fsti(453,2-453,73))
FStar.ModifiesGen.fst(789,20-789,25): (Warning 252) (Hint-replay failed): assertion failed (see also FStar.ModifiesGen.fsti(550,15-550,55))
FStar.ModifiesGen.fst(804,55-804,57): (Warning 252) (Hint-replay failed): could not prove post-condition (see also FStar.ModifiesGen.fsti(593,4-593,20))
FStar.ModifiesGen.fst(806,47-806,49): (Warning 252) (Hint-replay failed): could not prove post-condition (see also FStar.ModifiesGen.fsti(609,11-611,3))
FStar.ModifiesGen.fst(828,79-828,81): (Warning 252) (Hint-replay failed): could not prove post-condition (see also FStar.ModifiesGen.fsti(670,11-670,45))
FStar.ModifiesGen.fst(844,2-844,23): (Warning 252) (Hint-replay failed): assertion failed (see also FStar.ModifiesGen.fsti(626,33-626,51))
FStar.ModifiesGen.fst(924,2-924,55): (Warning 252) (Hint-replay failed): could not prove post-condition (see also FStar.ModifiesGen.fst(923,2-923,45))
FStar.ModifiesGen.fst(940,2-940,55): (Warning 252) (Hint-replay failed): could not prove post-condition (see also FStar.ModifiesGen.fst(939,2-939,66))
FStar.ModifiesGen.fst(954,2-954,20): (Warning 252) (Hint-replay failed): assertion failed (see also FStar.ModifiesGen.fsti(223,35-223,53))
FStar.ModifiesGen.fst(1051,68-1051,70): (Warning 252) (Hint-replay failed): could not prove post-condition (see also FStar.ModifiesGen.fsti(106,16-106,35))
FStar.ModifiesGen.fst(1058,68-1058,70): (Warning 252) (Hint-replay failed): could not prove post-condition (see also FStar.ModifiesGen.fsti(106,16-106,35))
FStar.ModifiesGen.fst(1066,80-1066,82): (Warning 252) (Hint-replay failed): could not prove post-condition (see also FStar.ModifiesGen.fsti(106,16-106,35))
FStar.ModifiesGen.fst(1089,47-1089,49): (Warning 252) (Hint-replay failed): could not prove post-condition (see also FStar.ModifiesGen.fsti(845,11-847,3))
FStar.ModifiesGen.fst(1104,9-1104,85): (Warning 252) (Hint-replay failed): assertion failed
FStar.ModifiesGen.fst(1153,9-1153,40): (Warning 252) (Hint-replay failed): Subtyping check failed; expected type y: FStar.Set.set Prims.nat {FStar.Set.subset (non_live_addrs' r') y}; got type FStar.Set.set Prims.nat (see also FStar.ModifiesGen.fst(1151,82-1151,115))
FStar.ModifiesGen.fst(1263,12-1263,33): (Warning 252) (Hint-replay failed): assertion failed (see also FStar.ModifiesGen.fst(1142,13-1142,53))
FStar.ModifiesGen.fst(1290,4-1290,10): (Warning 252) (Hint-replay failed): assertion failed (see also FStar.ModifiesGen.fst(1290,11-1290,53))
FStar.ModifiesGen.fst(1538,2-1538,8): (Warning 252) (Hint-replay failed): assertion failed (see also FStar.ModifiesGen.fst(1538,9-1538,39))
FStar.ModifiesGen.fst(1600,2-1600,8): (Warning 252) (Hint-replay failed): assertion failed (see also FStar.ModifiesGen.fst(1600,9-1600,40))
FStar.ModifiesGen.fst(1660,2-1668,39): (Warning 252) (Hint-replay failed): could not prove post-condition (see also FStar.ModifiesGen.fst(1659,11-1659,42))
FStar.ModifiesGen.fst(1738,4-1738,10): (Warning 252) (Hint-replay failed): assertion failed (see also FStar.ModifiesGen.fst(1747,8-1747,36))
FStar.ModifiesGen.fst(1824,2-1830,167): (Warning 252) (Hint-replay failed): could not prove post-condition (see also FStar.ModifiesGen.fsti(961,2-961,78))
FStar.ModifiesGen.fst(1600,2-1600,8): (Error 19) assertion failed (see also FStar.ModifiesGen.fst(1600,9-1600,40))
Verified module: FStar.ModifiesGen (146007 milliseconds)
1 error was reported (see above)
make[3]: *** [gmake/Makefile.tmpl:29: FStar.ModifiesGen.fst.checked] Error 1
make[3]: Target 'verify-core' not remade because of errors.
make[2]: *** [Makefile:12: all] Error 2
make[1]: *** [Makefile:175: fstarlib] Error 2
make: *** [Makefile:158: utest-prelude] Error 2
Command exited with non-zero status 2
12.35user 49.21system 10:09.83elapsed 10%CPU (0avgtext+0avgdata 1316101632maxresident)k
0inputs+0outputs (5392638major+0minor)pagefaults 0swaps
