From https://github.com/mitls/mitls-fstar
a31918d6..d9f507dc  taramana_lowparse_low -> origin/taramana_lowparse_low
From https://github.com/project-everest/vale
c2d90fe..2bb6078  interop_mem_src -> origin/interop_mem_src
827effb..2bb6078  interop_sems    -> origin/interop_sems
* [new branch]      low256          -> origin/low256
From https://github.com/mitls/hacl-star
01a603b0..be18d548  master         -> origin/master
9bddddbd..9950dc8e  dev            -> origin/dev
06392ed2..38e84395  fstar-master   -> origin/fstar-master
+ 481ef164...d6bd53e7 gugavaro_newci -> origin/gugavaro_newci  (forced update)
make: *** [Makefile:78: extracted/Makefile.include] Error 1
make: *** Waiting for unfinished jobs....
make: *** [Makefile:84: uint128/Makefile.include] Error 1
make[1]: *** [Makefile:18: fstar-in-fsharp] Error 1
make: *** [Makefile:161: fsharp-build-and-test] Error 2
make: Target 'utest-prelude' not remade because of errors.
Command exited with non-zero status 2
0.01user 0.30system 0:24.98elapsed 1%CPU (0avgtext+0avgdata 6341632maxresident)k
0inputs+0outputs (25890major+0minor)pagefaults 0swaps
