From https://github.com/mitls/hacl-star
8ac252d6..f2ce0669  dev        -> origin/dev
make: *** [Makefile:78: extracted/Makefile.include] Error 1
make: *** Waiting for unfinished jobs....
make: *** [Makefile:84: uint128/Makefile.include] Error 1
dos2unix: converting file parser/parse.fsi to Unix format...
Warning: you are using the standard library and/or the %inline keyword. We
recommend switching on --infer in order to avoid obscure type error messages.
warning: CRLF will be replaced by LF in src/parser/parse.fsy.
The file will have its original line endings in your working directory.
FStar.List.Tot.Properties.fst(858,2-858,37): (Warning 252) (Hint-replay failed): could not prove post-condition (see also FStar.List.Tot.Properties.fst(856,12-856,18))
FStar.List.Tot.Properties.fst(858,2-858,37): (Warning 252) could not prove post-condition (see also FStar.List.Tot.Properties.fst(856,12-856,18))
FStar.List.Tot.Properties.fst(887,2-888,24): (Warning 252) (Hint-replay failed): could not prove post-condition (see also FStar.List.Tot.Properties.fst(886,12-886,18))
FStar.OrdSet.fst(48,16-48,18): (Warning 252) (Hint-replay failed): Subtyping check failed; expected type Prims.eqtype; got type Type (see also prims.fst(27,21-27,28))
FStar.Monotonic.HyperStack.fst(373,4-373,33): (Warning 252) (Hint-replay failed): assertion failed (see also FStar.Monotonic.HyperStack.fst(38,12-41,66))
FStar.Monotonic.HyperStack.fst(373,4-373,33): (Warning 252) (Hint-replay failed): assertion failed (see also FStar.Monotonic.HyperStack.fst(38,12-41,66))
FStar.ModifiesGen.fsti(26,13-26,14): (Error 92) Inconsistent implicit qualifier;  vs #
for bvar uu___#28379 and term r (see also FStar.ModifiesGen.fsti(24,6-24,7))
1 error was reported (see above)
make[3]: *** [gmake/Makefile.tmpl:34: FStar.ModifiesGen.fsti.checked] Error 1
FStar.ModifiesGen.fsti(26,13-26,14): (Error 92) Inconsistent implicit qualifier;  vs #
for bvar uu___#31085 and term r (see also FStar.ModifiesGen.fsti(24,6-24,7))
1 error was reported (see above)
make[3]: *** [gmake/Makefile.tmpl:29: FStar.ModifiesGen.fst.checked] Error 1
FStar.Seq.Properties.fst(474,2-477,29): (Warning 252) (Hint-replay failed): could not prove post-condition (see also FStar.Seq.Properties.fst(472,20-472,28))
FStar.Fin.fst(36,2-51,18): (Warning 252) (Hint-replay failed): could not prove post-condition (see also FStar.Fin.fst(33,41-33,68))
FStar.Fin.fst(36,2-51,18): (Warning 252) (Hint-replay failed): could not prove post-condition (see also FStar.Fin.fst(33,41-33,68))
LowStar.BufferView.fsti(32,11-32,12): (Warning 252) (Hint-replay failed): Subtyping check failed; expected type Prims.pos; got type Prims.nat (see also prims.fst(409,17-409,22))
FStar.Integers.fst(440,5-454,43): (Warning 252) (Hint-replay failed): Patterns are incomplete
LowStar.BufferView.fsti(32,11-32,12): (Warning 252) (Hint-replay failed): Subtyping check failed; expected type Prims.pos; got type Prims.nat (see also prims.fst(409,17-409,22))
LowStar.BufferView.fst(79,31-79,33): (Warning 252) (Hint-replay failed): Subtyping check failed; expected type FStar.Seq.Properties.lseq (FStar.Pervasives.dfst vb)
(LowStar.Buffer.length (LowStar.BufferView.as_buffer vb)); got type FStar.Seq.Base.seq (FStar.Pervasives.dfst vb) (see also FStar.Seq.Properties.fst(24,19-24,36))
LowStar.BufferView.fst(84,4-98,24): (Warning 252) (Hint-replay failed): could not prove post-condition (see also LowStar.BufferView.fst(82,11-82,41))
LowStar.BufferView.fst(156,38-156,40): (Warning 252) (Hint-replay failed): Subtyping check failed; expected type FStar.Seq.Properties.lseq (FStar.Pervasives.dfst vb)
(LowStar.Buffer.length (LowStar.BufferView.as_buffer vb)); got type FStar.Seq.Base.seq (FStar.Pervasives.dfst vb) (see also FStar.Seq.Properties.fst(24,19-24,36))
FStar.Tactics.Typeclasses.fst(79,4-124,16): (Warning 252) (Hint-replay failed): Patterns are incomplete
FStar.Tactics.Typeclasses.fst(79,4-124,16): (Warning 252) (Hint-replay failed): Patterns are incomplete
FStar.Buffer.fst(65,4-65,10): (Warning 252) (Hint-replay failed): Subtyping check failed; expected type Prims.nat; got type FStar.UInt.uint_t FStar.UInt32.n (see also prims.fst(408,17-408,23))
FStar.Reflection.Arith.fst(116,30-116,32): (Warning 252) (Hint-replay failed): Subtyping check failed; expected type t: FStar.Reflection.Types.term{t << t}; got type FStar.Reflection.Types.term (see also FStar.Reflection.Arith.fst(110,4-153,14))
FStar.Reflection.Arith.fst(116,30-116,32): (Warning 252) Subtyping check failed; expected type t: FStar.Reflection.Types.term{t << t}; got type FStar.Reflection.Types.term (see also FStar.Reflection.Arith.fst(110,4-153,14))
FStar.Reflection.Arith.fst(116,30-116,32): (Warning 252) Subtyping check failed; expected type t: FStar.Reflection.Types.term{t << t}; got type FStar.Reflection.Types.term (see also FStar.Reflection.Arith.fst(110,4-153,14))
LowStar.Buffer.fst(11,4-11,9): (Warning 252) (Hint-replay failed): Subtyping check failed; expected type Prims.nat; got type Prims.int (see also prims.fst(408,17-408,23))
LowStar.Buffer.fst(11,4-11,9): (Warning 252) (Hint-replay failed): Subtyping check failed; expected type Prims.nat; got type Prims.int (see also prims.fst(408,17-408,23))
LowStar.Buffer.fst(11,4-11,9): (Warning 252) (Hint-replay failed): Subtyping check failed; expected type Prims.nat; got type Prims.int (see also prims.fst(408,17-408,23))
LowStar.Buffer.fst(16,2-16,8): (Warning 252) (Hint-replay failed): Subtyping check failed; expected type Prims.nat; got type FStar.UInt.uint_t FStar.UInt32.n (see also prims.fst(408,17-408,23))
LowStar.Buffer.fst(16,2-16,8): (Warning 252) (Hint-replay failed): Subtyping check failed; expected type Prims.nat; got type FStar.UInt.uint_t FStar.UInt32.n (see also prims.fst(408,17-408,23))
LowStar.Buffer.fst(16,2-16,8): (Warning 252) (Hint-replay failed): Subtyping check failed; expected type Prims.nat; got type FStar.UInt.uint_t FStar.UInt32.n (see also prims.fst(408,17-408,23))
LowStar.Buffer.fst(16,2-16,8): (Warning 252) (Hint-replay failed): Subtyping check failed; expected type Prims.nat; got type FStar.UInt.uint_t FStar.UInt32.n (see also prims.fst(408,17-408,23))
LowStar.Buffer.fst(38,4-38,10): (Warning 252) (Hint-replay failed): Subtyping check failed; expected type Prims.nat; got type FStar.UInt.uint_t FStar.UInt32.n (see also prims.fst(408,17-408,23))
LowStar.Buffer.fst(43,4-43,10): (Warning 252) (Hint-replay failed): Subtyping check failed; expected type Prims.nat; got type FStar.UInt.uint_t FStar.UInt32.n (see also prims.fst(408,17-408,23))
LowStar.Buffer.fst(65,4-65,10): (Warning 252) (Hint-replay failed): Subtyping check failed; expected type Prims.nat; got type FStar.UInt.uint_t FStar.UInt32.n (see also prims.fst(408,17-408,23))
LowStar.Buffer.fst(122,4-122,10): (Warning 252) (Hint-replay failed): Subtyping check failed; expected type Prims.nat; got type FStar.UInt.uint_t FStar.UInt32.n (see also prims.fst(408,17-408,23))
LowStar.Buffer.fst(150,11-150,18): (Warning 252) (Hint-replay failed): Subtyping check failed; expected type max_length: FStar.UInt32.t{FStar.UInt32.v max_length > 0}; got type FStar.UInt32.t (see also LowStar.Buffer.fst(17,23-17,43))
LowStar.Buffer.fst(172,4-172,10): (Warning 252) (Hint-replay failed): Subtyping check failed; expected type Prims.nat; got type FStar.UInt.uint_t FStar.UInt32.n (see also prims.fst(408,17-408,23))
LowStar.Buffer.fst(314,30-314,56): (Warning 252) (Hint-replay failed): Subtyping check failed; expected type FStar.UInt.uint_t FStar.UInt32.n; got type Prims.nat (see also FStar.UInt.fst(52,28-52,36))
LowStar.Buffer.fst(321,47-321,49): (Warning 252) (Hint-replay failed): could not prove post-condition (see also LowStar.Buffer.fsti(502,4-502,81))
LowStar.Buffer.fst(335,43-335,45): (Warning 252) (Hint-replay failed): could not prove post-condition (see also LowStar.Buffer.fsti(519,4-519,72))
LowStar.Buffer.fst(454,11-454,18): (Warning 252) (Hint-replay failed): Subtyping check failed; expected type max_length: FStar.UInt32.t{FStar.UInt32.v max_length > 0}; got type FStar.UInt32.t (see also LowStar.Buffer.fst(17,23-17,43))
LowStar.Buffer.fst(460,11-460,18): (Warning 252) (Hint-replay failed): Subtyping check failed; expected type max_length: FStar.UInt32.t{FStar.UInt32.v max_length > 0}; got type FStar.UInt32.t (see also LowStar.Buffer.fst(17,23-17,43))
LowStar.Buffer.fst(482,4-486,44): (Warning 252) (Hint-replay failed): could not prove post-condition (see also LowStar.Buffer.fsti(721,11-721,28))
LowStar.Buffer.fst(490,2-496,42): (Warning 252) (Hint-replay failed): could not prove post-condition (see also LowStar.Buffer.fsti(747,4-747,21))
LowStar.Buffer.fst(578,2-584,3): (Warning 252) (Hint-replay failed): could not prove post-condition (see also LowStar.Buffer.fsti(918,4-918,35))
make[3]: Target 'verify-core' not remade because of errors.
make[2]: *** [Makefile:12: all] Error 2
make[1]: *** [Makefile:188: fstarlib] Error 2
make: *** [Makefile:171: utest-prelude] Error 2
Command exited with non-zero status 2
11.15user 43.73system 7:35.57elapsed 12%CPU (0avgtext+0avgdata 1340128768maxresident)k
0inputs+0outputs (5486707major+0minor)pagefaults 0swaps
