dos2unix: converting file parser/parse.fsi to Unix format...
Warning: you are using the standard library and/or the %inline keyword. We
recommend switching on --infer in order to avoid obscure type error messages.
C:/build/agent1/_work/1/s/ulib/FStar.Seq.Base.fst(250,19-250,30): (Warning 288) FStar.Seq.Base.createEmpty is deprecated, use Seq.empty instead
C:/build/agent1/_work/1/s/ulib/FStar.Seq.Base.fst(257,21-257,32): (Warning 288) FStar.Seq.Base.createEmpty is deprecated, use Seq.empty instead
C:/build/agent1/_work/1/s/ulib/FStar.Seq.Properties.fst(628,10-628,21): (Warning 288) FStar.Seq.Base.createEmpty is deprecated, use Seq.empty instead
C:/build/agent1/_work/1/s/ulib/FStar.Seq.Properties.fst(699,74-699,85): (Warning 288) FStar.Seq.Base.createEmpty is deprecated, use Seq.empty instead
C:/build/agent1/_work/1/s/ulib/FStar.Seq.Properties.fst(875,27-875,38): (Warning 288) FStar.Seq.Base.createEmpty is deprecated, use Seq.empty instead
C:/build/agent1/_work/1/s/ulib/FStar.Seq.Properties.fst(877,30-877,41): (Warning 288) FStar.Seq.Base.createEmpty is deprecated, use Seq.empty instead
C:/build/agent1/_work/1/s/ulib/FStar.UInt.fst(216,20-216,31): (Warning 288) FStar.Seq.Base.createEmpty is deprecated, use Seq.empty instead
warning: CRLF will be replaced by LF in src/parser/parse.fsy.
The file will have its original line endings in your working directory.
FStar.Seq.Base.fst(250,19-250,30): (Warning 288) FStar.Seq.Base.createEmpty is deprecated, use Seq.empty instead
FStar.Seq.Base.fst(257,21-257,32): (Warning 288) FStar.Seq.Base.createEmpty is deprecated, use Seq.empty instead
FStar.Seq.Properties.fst(628,10-628,21): (Warning 288) FStar.Seq.Base.createEmpty is deprecated, use Seq.empty instead
FStar.Seq.Properties.fst(699,74-699,85): (Warning 288) FStar.Seq.Base.createEmpty is deprecated, use Seq.empty instead
FStar.Seq.Properties.fst(875,27-875,38): (Warning 288) FStar.Seq.Base.createEmpty is deprecated, use Seq.empty instead
FStar.Seq.Properties.fst(877,30-877,41): (Warning 288) FStar.Seq.Base.createEmpty is deprecated, use Seq.empty instead
FStar.Monotonic.Seq.fst(187,31-187,42): (Warning 288) FStar.Seq.Base.createEmpty is deprecated, use Seq.empty instead
FStar.Monotonic.Seq.fst(285,31-285,42): (Warning 288) FStar.Seq.Base.createEmpty is deprecated, use Seq.empty instead
FStar.UInt.fst(216,20-216,31): (Warning 288) FStar.Seq.Base.createEmpty is deprecated, use Seq.empty instead
LowStar.Buffer.fst(73,11-73,22): (Warning 288) FStar.Seq.Base.createEmpty is deprecated, use Seq.empty instead
LowStar.Buffer.fst(111,16-111,27): (Warning 288) FStar.Seq.Base.createEmpty is deprecated, use Seq.empty instead
LowStar.BufferView.fst(163,13-163,24): (Warning 288) FStar.Seq.Base.createEmpty is deprecated, use Seq.empty instead
FStar.ST.fst(56,58-56,66): (Warning 252) (Hint-replay failed): Subtyping check failed; expected type FStar.Preorder.preorder FStar.Monotonic.Heap.heap; got type h1: FStar.Monotonic.Heap.heap -> h2: FStar.Monotonic.Heap.heap -> Prims.Tot Prims.logical (see also FStar.Preorder.fst(12,40-12,56))
FStar.List.Tot.Properties.fst(702,88-702,89): (Warning 252) (Hint-replay failed): Subtyping check failed; expected type i: Prims.nat{i < FStar.List.Tot.Base.length l2}; got type i: Prims.nat{i < FStar.List.Tot.Base.length l1} (see also FStar.List.Tot.Base.fst(87,40-87,52))
FStar.List.Tot.Properties.fst(707,50-707,51): (Warning 252) (Hint-replay failed): Subtyping check failed; expected type i: Prims.nat{i < FStar.List.Tot.Base.length l1}; got type Prims.int (see also FStar.List.Tot.Properties.fst(702,25-702,38))
FStar.List.Tot.Properties.fst(858,2-858,37): (Warning 252) (Hint-replay failed): could not prove post-condition (see also FStar.List.Tot.Properties.fst(856,12-856,18))
FStar.List.Tot.Properties.fst(858,2-858,37): (Warning 252) could not prove post-condition (see also FStar.List.Tot.Properties.fst(856,12-856,18))
FStar.List.Tot.Properties.fst(887,2-888,24): (Warning 252) (Hint-replay failed): could not prove post-condition (see also FStar.List.Tot.Properties.fst(886,12-886,18))
FStar.OrdSet.fst(48,16-48,18): (Warning 252) (Hint-replay failed): Subtyping check failed; expected type Prims.eqtype; got type Type (see also prims.fst(27,21-27,28))
FStar.Seq.Base.fst(250,19-250,30): (Warning 288) FStar.Seq.Base.createEmpty is deprecated, use Seq.empty instead
FStar.Seq.Base.fst(257,21-257,32): (Warning 288) FStar.Seq.Base.createEmpty is deprecated, use Seq.empty instead
FStar.Seq.Base.fst(156,38-162,59): (Warning 252) (Hint-replay failed): could not prove post-condition (see also FStar.Seq.Base.fst(154,11-154,45))
FStar.OrdMap.fst(46,11-46,12): (Warning 252) (Hint-replay failed): Subtyping check failed; expected type FStar.OrdMap.map_t k v f d; got type _: k -> Prims.Tot (FStar.Pervasives.Native.option v) (see also FStar.OrdMap.fst(15,36-15,58))
FStar.OrdMap.fst(283,55-283,57): (Warning 252) (Hint-replay failed): could not prove post-condition (see also FStar.OrdMap.fst(185,36-185,73))
FStar.OrdMap.fst(285,53-285,55): (Warning 252) (Hint-replay failed): could not prove post-condition (see also FStar.OrdMap.fst(191,52-191,77))
FStar.Monotonic.HyperStack.fst(202,2-202,25): (Warning 252) (Hint-replay failed): Subtyping check failed; expected type FStar.Monotonic.HyperStack.mem; got type FStar.Monotonic.HyperStack.mem' (see also FStar.Monotonic.HyperStack.fst(95,24-95,87))
FStar.Monotonic.HyperStack.fst(323,4-323,24): (Warning 252) (Hint-replay failed): Subtyping check failed; expected type FStar.Monotonic.HyperStack.mem; got type FStar.Monotonic.HyperStack.mem' (see also FStar.Monotonic.HyperStack.fst(95,24-95,87))
FStar.Monotonic.HyperStack.fst(334,26-334,46): (Warning 252) (Hint-replay failed): Subtyping check failed; expected type FStar.Monotonic.HyperStack.mem; got type FStar.Monotonic.HyperStack.mem' (see also FStar.Monotonic.HyperStack.fst(95,24-95,87))
FStar.Monotonic.HyperStack.fst(345,4-345,24): (Warning 252) (Hint-replay failed): Subtyping check failed; expected type FStar.Monotonic.HyperStack.mem; got type FStar.Monotonic.HyperStack.mem' (see also FStar.Monotonic.HyperStack.fst(95,24-95,87))
FStar.Monotonic.HyperStack.fst(356,4-356,24): (Warning 252) (Hint-replay failed): Subtyping check failed; expected type FStar.Monotonic.HyperStack.mem; got type FStar.Monotonic.HyperStack.mem' (see also FStar.Monotonic.HyperStack.fst(95,24-95,87))
FStar.Monotonic.HyperStack.fst(374,4-374,38): (Warning 252) (Hint-replay failed): Subtyping check failed; expected type m': FStar.Monotonic.HyperStack.mem{FStar.Monotonic.HyperStack.fresh_frame m m'}; got type FStar.Monotonic.HyperStack.mem' (see also FStar.Monotonic.HyperStack.fst(95,24-95,87))
FStar.Monotonic.HyperStack.fst(387,13-387,39): (Warning 252) (Hint-replay failed): Subtyping check failed; expected type FStar.Monotonic.HyperStack.mem; got type FStar.Monotonic.HyperStack.mem' (see also FStar.Monotonic.HyperStack.fst(95,24-95,87))
FStar.Monotonic.HyperStack.fst(202,2-202,25): (Warning 252) (Hint-replay failed): Subtyping check failed; expected type FStar.Monotonic.HyperStack.mem; got type FStar.Monotonic.HyperStack.mem' (see also FStar.Monotonic.HyperStack.fst(95,24-95,87))
FStar.Monotonic.HyperStack.fst(323,4-323,24): (Warning 252) (Hint-replay failed): Subtyping check failed; expected type FStar.Monotonic.HyperStack.mem; got type FStar.Monotonic.HyperStack.mem' (see also FStar.Monotonic.HyperStack.fst(95,24-95,87))
FStar.Monotonic.HyperStack.fst(334,26-334,46): (Warning 252) (Hint-replay failed): Subtyping check failed; expected type FStar.Monotonic.HyperStack.mem; got type FStar.Monotonic.HyperStack.mem' (see also FStar.Monotonic.HyperStack.fst(95,24-95,87))
FStar.Monotonic.HyperStack.fst(345,4-345,24): (Warning 252) (Hint-replay failed): Subtyping check failed; expected type FStar.Monotonic.HyperStack.mem; got type FStar.Monotonic.HyperStack.mem' (see also FStar.Monotonic.HyperStack.fst(95,24-95,87))
FStar.Monotonic.HyperStack.fst(356,4-356,24): (Warning 252) (Hint-replay failed): Subtyping check failed; expected type FStar.Monotonic.HyperStack.mem; got type FStar.Monotonic.HyperStack.mem' (see also FStar.Monotonic.HyperStack.fst(95,24-95,87))
FStar.Monotonic.HyperStack.fst(374,4-374,38): (Warning 252) (Hint-replay failed): Subtyping check failed; expected type m': FStar.Monotonic.HyperStack.mem{FStar.Monotonic.HyperStack.fresh_frame m m'}; got type FStar.Monotonic.HyperStack.mem' (see also FStar.Monotonic.HyperStack.fst(95,24-95,87))
FStar.Monotonic.HyperStack.fst(524,36-524,37): (Warning 252) (Hint-replay failed): Subtyping check failed; expected type s:
FStar.Monotonic.HyperStack.mreference a rel
{ FStar.Monotonic.HyperStack.live_region (FStar.Monotonic.HyperStack.upd h r x)
(FStar.Monotonic.HyperStack.frameOf s) }; got type FStar.Monotonic.HyperStack.mreference a rel (see also FStar.Monotonic.HyperStack.fst(316,64-316,89))
FStar.Monotonic.HyperStack.fst(542,37-542,39): (Warning 252) (Hint-replay failed): Subtyping check failed; expected type s:
FStar.Monotonic.HyperStack.mreference b rel_b
{ FStar.Monotonic.HyperStack.live_region (FStar.Monotonic.HyperStack.upd h r1 x)
(FStar.Monotonic.HyperStack.frameOf s) }; got type FStar.Monotonic.HyperStack.mreference b rel_b (see also FStar.Monotonic.HyperStack.fst(316,64-316,89))
FStar.HyperStack.ST.fst(356,4-356,11): (Warning 252) (Hint-replay failed): assertion failed (see also FStar.HyperStack.ST.fst(98,60-98,73))
FStar.HyperStack.ST.fst(366,4-366,11): (Warning 252) (Hint-replay failed): assertion failed (see also FStar.HyperStack.ST.fst(98,60-98,73))
FStar.HyperStack.ST.fst(383,4-383,11): (Warning 252) (Hint-replay failed): assertion failed (see also FStar.HyperStack.ST.fst(98,60-98,73))
FStar.HyperStack.ST.fst(415,4-415,10): (Warning 252) (Hint-replay failed): assertion failed (see also FStar.HyperStack.ST.fst(415,11-415,76))
FStar.HyperStack.ST.fst(434,4-434,11): (Warning 252) (Hint-replay failed): assertion failed (see also FStar.HyperStack.ST.fst(98,60-98,73))
FStar.HyperStack.ST.fst(454,4-454,11): (Warning 252) (Hint-replay failed): assertion failed (see also FStar.HyperStack.ST.fst(98,60-98,73))
FStar.HyperStack.ST.fst(473,4-473,11): (Warning 252) (Hint-replay failed): assertion failed (see also FStar.HyperStack.ST.fst(98,60-98,73))
FStar.HyperStack.ST.fst(512,4-512,10): (Warning 252) (Hint-replay failed): assertion failed (see also FStar.HyperStack.ST.fst(512,11-512,76))
FStar.HyperStack.ST.fst(535,4-535,11): (Warning 252) (Hint-replay failed): assertion failed (see also FStar.HyperStack.ST.fst(98,60-98,73))
FStar.Monotonic.Map.fst(84,4-84,14): (Warning 252) (Hint-replay failed): assertion failed (see also FStar.HyperStack.ST.fst(609,37-609,41))
FStar.Monotonic.DependentMap.fst(53,4-53,14): (Warning 252) (Hint-replay failed): assertion failed (see also FStar.HyperStack.ST.fst(609,37-609,41))
FStar.Seq.Properties.fst(628,10-628,21): (Warning 288) FStar.Seq.Base.createEmpty is deprecated, use Seq.empty instead
FStar.Seq.Properties.fst(699,74-699,85): (Warning 288) FStar.Seq.Base.createEmpty is deprecated, use Seq.empty instead
FStar.Seq.Properties.fst(875,27-875,38): (Warning 288) FStar.Seq.Base.createEmpty is deprecated, use Seq.empty instead
FStar.Seq.Properties.fst(877,30-877,41): (Warning 288) FStar.Seq.Base.createEmpty is deprecated, use Seq.empty instead
FStar.Seq.Properties.fst(31,46-31,47): (Warning 252) (Hint-replay failed): Subtyping check failed; expected type i: Prims.nat{i < FStar.Seq.Base.length (FStar.Seq.Base.append s1 s2)}; got type i: Prims.nat{i < FStar.Seq.Base.length s1} (see also FStar.Seq.Base.fst(30,49-30,61))
FStar.Seq.Properties.fst(37,46-37,61): (Warning 252) (Hint-replay failed): Subtyping check failed; expected type i: Prims.nat{i < FStar.Seq.Base.length (FStar.Seq.Base.append s1 s2)}; got type Prims.int (see also prims.fst(408,17-408,23))
FStar.Seq.Properties.fst(43,2-43,5): (Warning 252) (Hint-replay failed): assertion failed (see also FStar.Seq.Properties.fst(43,6-43,54))
FStar.Seq.Properties.fst(50,2-52,124): (Warning 252) (Hint-replay failed): could not prove post-condition (see also FStar.Seq.Properties.fst(48,21-48,32))
FStar.Seq.Properties.fst(388,2-388,5): (Warning 252) (Hint-replay failed): assertion failed (see also FStar.Seq.Properties.fst(388,6-388,43))
FStar.Seq.Properties.fst(395,2-395,5): (Warning 252) (Hint-replay failed): assertion failed (see also FStar.Seq.Properties.fst(395,6-395,43))
FStar.Seq.Properties.fst(409,46-409,49): (Warning 252) (Hint-replay failed): assertion failed (see also FStar.Seq.Properties.fst(409,50-409,79))
FStar.Seq.Properties.fst(415,45-415,48): (Warning 252) (Hint-replay failed): assertion failed (see also FStar.Seq.Properties.fst(415,49-415,78))
FStar.Seq.Properties.fst(421,40-421,43): (Warning 252) (Hint-replay failed): assertion failed (see also FStar.Seq.Properties.fst(421,44-421,73))
FStar.Seq.Properties.fst(428,2-428,5): (Warning 252) (Hint-replay failed): assertion failed (see also FStar.Seq.Properties.fst(428,6-429,49))
FStar.Seq.Properties.fst(440,2-440,5): (Warning 252) (Hint-replay failed): assertion failed (see also FStar.Seq.Properties.fst(440,6-441,49))
FStar.Seq.Properties.fst(452,39-452,41): (Warning 252) (Hint-replay failed): could not prove post-condition (see also FStar.Seq.Properties.fst(451,11-451,56))
FStar.Seq.Properties.fst(474,2-477,29): (Warning 252) (Hint-replay failed): could not prove post-condition (see also FStar.Seq.Properties.fst(472,20-472,28))
FStar.Fin.fst(36,2-51,18): (Warning 252) (Hint-replay failed): could not prove post-condition (see also FStar.Fin.fst(33,41-33,68))
FStar.Fin.fst(36,2-51,18): (Warning 252) (Hint-replay failed): could not prove post-condition (see also FStar.Fin.fst(33,41-33,68))
FStar.Monotonic.Seq.fst(187,31-187,42): (Warning 288) FStar.Seq.Base.createEmpty is deprecated, use Seq.empty instead
FStar.Monotonic.Seq.fst(285,31-285,42): (Warning 288) FStar.Seq.Base.createEmpty is deprecated, use Seq.empty instead
FStar.Monotonic.Seq.fst(50,4-50,17): (Warning 252) (Hint-replay failed): could not prove post-condition (see also FStar.Monotonic.Seq.fst(47,2-47,18))
FStar.Monotonic.Seq.fst(80,4-80,14): (Warning 252) (Hint-replay failed): assertion failed (see also FStar.HyperStack.ST.fst(609,37-609,41))
FStar.Monotonic.Seq.fst(142,4-142,14): (Warning 252) (Hint-replay failed): assertion failed (see also FStar.HyperStack.ST.fst(609,37-609,41))
FStar.Monotonic.Seq.fst(174,2-174,8): (Warning 252) (Hint-replay failed): assertion failed (see also FStar.Monotonic.Seq.fst(174,9-174,29))
FStar.Monotonic.Seq.fst(385,4-387,17): (Warning 252) (Hint-replay failed): could not prove post-condition (see also FStar.Monotonic.Seq.fst(380,5-380,25))
FStar.Monotonic.Seq.fst(401,4-404,10): (Warning 252) (Hint-replay failed): could not prove post-condition (see also FStar.Monotonic.Seq.fst(398,3-398,23))
prims.fst(408,13-408,16): (Warning 252) (Hint-replay failed): Subtyping check failed; expected type Prims.eqtype; got type Type0 (see also prims.fst(27,21-27,28))
prims.fst(408,13-408,16): (Warning 252) (Hint-replay failed): Subtyping check failed; expected type Prims.eqtype; got type Type0 (see also prims.fst(27,21-27,28))
prims.fst(408,13-408,16): (Warning 252) (Hint-replay failed): Subtyping check failed; expected type Prims.eqtype; got type Type0 (see also prims.fst(27,21-27,28))
prims.fst(408,13-408,16): (Warning 252) (Hint-replay failed): Subtyping check failed; expected type Prims.eqtype; got type Type0 (see also prims.fst(27,21-27,28))
FStar.BitVector.fst(76,32-76,34): (Warning 252) (Hint-replay failed): could not prove post-condition (see also FStar.BitVector.fst(75,57-75,101))
FStar.BitVector.fst(92,40-92,42): (Warning 252) (Hint-replay failed): could not prove post-condition (see also FStar.BitVector.fst(91,44-91,92))
FStar.BitVector.fst(98,42-98,44): (Warning 252) (Hint-replay failed): could not prove post-condition (see also FStar.BitVector.fst(97,44-97,94))
FStar.BitVector.fst(119,38-119,40): (Warning 252) (Hint-replay failed): could not prove post-condition (see also FStar.BitVector.fst(117,17-117,56))
FStar.BitVector.fst(125,38-125,40): (Warning 252) (Hint-replay failed): could not prove post-condition (see also FStar.BitVector.fst(123,17-123,66))
FStar.BitVector.fst(131,39-131,41): (Warning 252) (Hint-replay failed): could not prove post-condition (see also FStar.BitVector.fst(129,17-129,57))
FStar.BitVector.fst(137,39-137,41): (Warning 252) (Hint-replay failed): could not prove post-condition (see also FStar.BitVector.fst(135,17-135,67))
FStar.UInt.fst(216,20-216,31): (Warning 288) FStar.Seq.Base.createEmpty is deprecated, use Seq.empty instead
FStar.UInt.fst(177,25-177,30): (Warning 252) (Hint-replay failed): Subtyping check failed; expected type FStar.UInt.uint_t n; got type Prims.int (see also FStar.UInt.fst(52,28-52,36))
FStar.UInt.fst(182,34-182,35): (Warning 252) (Hint-replay failed): Subtyping check failed; expected type Prims.nat; got type FStar.UInt.uint_t n (see also prims.fst(408,17-408,23))
FStar.UInt.fst(290,2-299,5): (Warning 252) (Hint-replay failed): could not prove post-condition (see also FStar.UInt.fst(287,17-287,106))
FStar.UInt.fst(306,39-306,40): (Warning 252) (Hint-replay failed): Subtyping check failed; expected type j: Prims.nat{0 <= j && j <= FStar.Seq.Base.length (FStar.Seq.Base.append a b)}; got type Prims.pos (see also FStar.UInt.fst(305,18-305,19))
FStar.UInt.fst(315,26-315,59): (Warning 252) (Hint-replay failed): Subtyping check failed; expected type Prims.nat; got type FStar.UInt.uint_t (n - s) (see also prims.fst(408,17-408,23))
FStar.UInt.fst(323,24-323,57): (Warning 252) (Hint-replay failed): Subtyping check failed; expected type Prims.nat; got type FStar.UInt.uint_t s (see also prims.fst(408,17-408,23))
FStar.UInt.fst(384,52-384,53): (Warning 252) (Hint-replay failed): Subtyping check failed; expected type i: Prims.nat{i < FStar.Seq.Base.length (FStar.UInt.to_vec a)}; got type i: Prims.nat{i < n} (see also FStar.Seq.Base.fst(30,49-30,61))
FStar.UInt.fst(427,33-427,35): (Warning 252) (Hint-replay failed): could not prove post-condition (see also FStar.UInt.fst(425,10-425,53))
FStar.UInt.fst(432,33-432,35): (Warning 252) (Hint-replay failed): could not prove post-condition (see also FStar.UInt.fst(430,10-430,53))
FStar.UInt.fst(437,32-437,34): (Warning 252) (Hint-replay failed): could not prove post-condition (see also FStar.UInt.fst(435,10-435,52))
FStar.UInt.fst(442,31-442,33): (Warning 252) (Hint-replay failed): could not prove post-condition (see also FStar.UInt.fst(440,10-440,43))
FStar.UInt.fst(449,32-449,41): (Warning 252) (Hint-replay failed): assertion failed (see also FStar.UInt.fst(381,41-381,58))
FStar.UInt.fst(454,34-454,43): (Warning 252) (Hint-replay failed): assertion failed (see also FStar.UInt.fst(381,41-381,58))
FStar.UInt.fst(458,23-458,32): (Warning 252) (Hint-replay failed): assertion failed (see also FStar.UInt.fst(381,41-381,58))
FStar.UInt.fst(462,26-462,35): (Warning 252) (Hint-replay failed): assertion failed (see also FStar.UInt.fst(381,41-381,58))
FStar.UInt.fst(466,26-466,35): (Warning 252) (Hint-replay failed): assertion failed (see also FStar.UInt.fst(381,41-381,58))
FStar.UInt.fst(471,37-474,70): (Warning 252) (Hint-replay failed): could not prove post-condition (see also FStar.UInt.fst(470,49-470,77))
FStar.UInt.fst(484,2-484,21): (Warning 252) (Hint-replay failed): assertion failed (see also FStar.UInt.fst(470,18-470,38))
FStar.UInt.fst(490,32-490,41): (Warning 252) (Hint-replay failed): assertion failed (see also FStar.UInt.fst(381,41-381,58))
FStar.UInt.fst(494,34-494,43): (Warning 252) (Hint-replay failed): assertion failed (see also FStar.UInt.fst(381,41-381,58))
FStar.UInt.fst(498,23-498,32): (Warning 252) (Hint-replay failed): assertion failed (see also FStar.UInt.fst(381,41-381,58))
FStar.UInt.fst(502,26-502,35): (Warning 252) (Hint-replay failed): assertion failed (see also FStar.UInt.fst(381,41-381,58))
FStar.UInt.fst(506,26-506,35): (Warning 252) (Hint-replay failed): assertion failed (see also FStar.UInt.fst(381,41-381,58))
FStar.UInt.fst(524,32-524,37): (Warning 252) (Hint-replay failed): Subtyping check failed; expected type Prims.eqtype; got type Type0 (see also prims.fst(27,21-27,28))
FStar.UInt.fst(536,31-536,40): (Warning 252) (Hint-replay failed): assertion failed (see also FStar.UInt.fst(381,41-381,58))
FStar.UInt.fst(541,33-541,42): (Warning 252) (Hint-replay failed): assertion failed (see also FStar.UInt.fst(381,41-381,58))
FStar.UInt.fst(545,22-545,31): (Warning 252) (Hint-replay failed): assertion failed (see also FStar.UInt.fst(381,41-381,58))
FStar.UInt.fst(549,25-549,34): (Warning 252) (Hint-replay failed): assertion failed (see also FStar.UInt.fst(381,41-381,58))
FStar.UInt.fst(553,25-553,34): (Warning 252) (Hint-replay failed): assertion failed (see also FStar.UInt.fst(381,41-381,58))
FStar.UInt.fst(561,39-564,72): (Warning 252) (Hint-replay failed): could not prove post-condition (see also FStar.UInt.fst(560,17-560,45))
FStar.UInt.fst(574,2-574,23): (Warning 252) (Hint-replay failed): assertion failed (see also FStar.UInt.fst(559,18-559,40))
FStar.UInt.fst(580,23-580,32): (Warning 252) (Hint-replay failed): assertion failed (see also FStar.UInt.fst(381,41-381,58))
FStar.UInt.fst(646,21-646,22): (Warning 252) (Hint-replay failed): Subtyping check failed; expected type i: Prims.nat{i < FStar.Seq.Base.length (FStar.UInt.to_vec a)}; got type i: Prims.nat{n - m <= i /\ i < n} (see also FStar.Seq.Base.fst(30,49-30,61))
FStar.UInt.fst(666,64-666,71): (Warning 252) (Hint-replay failed): Subtyping check failed; expected type i:
Prims.nat
{ 0 <= i /\
i <=
FStar.Seq.Base.length (FStar.BitVector.logand_vec (FStar.UInt.to_vec a)
(FStar.UInt.to_vec (Prims.pow2 m - 1))) }; got type Prims.int (see also FStar.Seq.Properties.fst(86,57-86,70))
FStar.UInt.fst(688,34-688,36): (Warning 252) (Hint-replay failed): could not prove post-condition (see also FStar.UInt.fst(686,10-686,45))
FStar.UInt.fst(693,34-693,36): (Warning 252) (Hint-replay failed): could not prove post-condition (see also FStar.UInt.fst(691,17-691,63))
FStar.UInt.fst(698,35-698,37): (Warning 252) (Hint-replay failed): could not prove post-condition (see also FStar.UInt.fst(696,10-696,46))
FStar.UInt.fst(703,35-703,37): (Warning 252) (Hint-replay failed): could not prove post-condition (see also FStar.UInt.fst(701,17-701,64))
FStar.UInt.fst(709,39-709,48): (Warning 252) (Hint-replay failed): assertion failed (see also FStar.UInt.fst(381,41-381,58))
FStar.UInt.fst(714,40-714,49): (Warning 252) (Hint-replay failed): assertion failed (see also FStar.UInt.fst(381,41-381,58))
FStar.UInt.fst(719,39-719,48): (Warning 252) (Hint-replay failed): assertion failed (see also FStar.UInt.fst(381,41-381,58))
FStar.UInt.fst(724,40-724,49): (Warning 252) (Hint-replay failed): assertion failed (see also FStar.UInt.fst(381,41-381,58))
FStar.UInt.fst(729,38-729,47): (Warning 252) (Hint-replay failed): assertion failed (see also FStar.UInt.fst(381,41-381,58))
FStar.UInt.fst(734,39-734,48): (Warning 252) (Hint-replay failed): assertion failed (see also FStar.UInt.fst(381,41-381,58))
FStar.UInt.fst(741,71-741,72): (Warning 252) (Hint-replay failed): Subtyping check failed; expected type Prims.nat; got type FStar.UInt.uint_t n (see also prims.fst(408,17-408,23))
prims.fst(48,31-48,40): (Warning 252) (Hint-replay failed): assertion failed
FStar.UInt.fst(754,16-754,23): (Warning 252) (Hint-replay failed): Subtyping check failed; expected type Prims.pos; got type Prims.int (see also prims.fst(409,17-409,22))
FStar.UInt.fst(763,45-763,46): (Warning 252) (Hint-replay failed): Subtyping check failed; expected type s: Prims.nat{s >= n}; got type Prims.nat (see also FStar.UInt.fst(738,58-738,64))
FStar.UInt.fst(771,2-771,16): (Warning 252) (Hint-replay failed): assertion failed (see also FStar.Math.Lemmas.fst(156,12-156,20))
FStar.UInt.fst(777,35-777,60): (Warning 252) (Hint-replay failed): could not prove post-condition (see also FStar.UInt.fst(776,17-776,48))
FStar.UInt.fst(783,19-783,26): (Warning 252) (Hint-replay failed): Subtyping check failed; expected type Prims.pos; got type Prims.int (see also prims.fst(409,17-409,22))
FStar.UInt.fst(791,46-791,47): (Warning 252) (Hint-replay failed): Subtyping check failed; expected type s: Prims.nat{s >= n}; got type Prims.nat (see also FStar.UInt.fst(767,59-767,65))
FStar.UInt32.fst(111,27-111,30): (Warning 252) (Hint-replay failed): Subtyping check failed; expected type Prims.nonzero; got type FStar.UInt.uint_t FStar.UInt32.n (see also prims.fst(410,21-410,25))
FStar.UInt32.fst(118,42-118,47): (Warning 252) (Hint-replay failed): Subtyping check failed; expected type b: FStar.UInt.uint_t FStar.UInt32.n {b <> 0}; got type FStar.UInt.uint_t FStar.UInt32.n (see also FStar.UInt.fst(193,44-193,50))
FStar.Int16.fst(61,25-61,28): (Warning 252) (Hint-replay failed): Subtyping check failed; expected type b: Prims.int{b <> 0}; got type FStar.Int.int_t FStar.Int16.n (see also FStar.Int.fst(36,28-36,34))
FStar.Int16.fst(69,41-69,46): (Warning 252) (Hint-replay failed): Subtyping check failed; expected type b: FStar.Int.int_t FStar.Int16.n {b <> 0}; got type FStar.Int.int_t FStar.Int16.n (see also FStar.Int.fst(105,42-105,48))
FStar.Int32.fst(61,25-61,28): (Warning 252) (Hint-replay failed): Subtyping check failed; expected type b: Prims.int{b <> 0}; got type FStar.Int.int_t FStar.Int32.n (see also FStar.Int.fst(36,28-36,34))
FStar.Int32.fst(69,41-69,46): (Warning 252) (Hint-replay failed): Subtyping check failed; expected type b: FStar.Int.int_t FStar.Int32.n {b <> 0}; got type FStar.Int.int_t FStar.Int32.n (see also FStar.Int.fst(105,42-105,48))
FStar.Int64.fst(61,25-61,28): (Warning 252) (Hint-replay failed): Subtyping check failed; expected type b: Prims.int{b <> 0}; got type FStar.Int.int_t FStar.Int64.n (see also FStar.Int.fst(36,28-36,34))
FStar.Int64.fst(69,41-69,46): (Warning 252) (Hint-replay failed): Subtyping check failed; expected type b: FStar.Int.int_t FStar.Int64.n {b <> 0}; got type FStar.Int.int_t FStar.Int64.n (see also FStar.Int.fst(105,42-105,48))
FStar.Int31.fst(61,25-61,28): (Warning 252) (Hint-replay failed): Subtyping check failed; expected type b: Prims.int{b <> 0}; got type FStar.Int.int_t FStar.Int31.n (see also FStar.Int.fst(36,28-36,34))
FStar.Int31.fst(69,41-69,46): (Warning 252) (Hint-replay failed): Subtyping check failed; expected type b: FStar.Int.int_t FStar.Int31.n {b <> 0}; got type FStar.Int.int_t FStar.Int31.n (see also FStar.Int.fst(105,42-105,48))
FStar.Int8.fst(61,25-61,28): (Warning 252) (Hint-replay failed): Subtyping check failed; expected type b: Prims.int{b <> 0}; got type FStar.Int.int_t FStar.Int8.n (see also FStar.Int.fst(36,28-36,34))
FStar.Int8.fst(69,41-69,46): (Warning 252) (Hint-replay failed): Subtyping check failed; expected type b: FStar.Int.int_t FStar.Int8.n {b <> 0}; got type FStar.Int.int_t FStar.Int8.n (see also FStar.Int.fst(105,42-105,48))
FStar.Int63.fst(61,25-61,28): (Warning 252) (Hint-replay failed): Subtyping check failed; expected type b: Prims.int{b <> 0}; got type FStar.Int.int_t FStar.Int63.n (see also FStar.Int.fst(36,28-36,34))
FStar.Int63.fst(69,41-69,46): (Warning 252) (Hint-replay failed): Subtyping check failed; expected type b: FStar.Int.int_t FStar.Int63.n {b <> 0}; got type FStar.Int.int_t FStar.Int63.n (see also FStar.Int.fst(105,42-105,48))
FStar.Vector.Properties.fst(88,4-88,6): (Warning 252) (Hint-replay failed): could not prove post-condition (see also FStar.Vector.Properties.fst(87,13-87,39))
FStar.Vector.Properties.fst(98,26-98,37): (Warning 252) (Hint-replay failed): Subtyping check failed; expected type s1: FStar.Seq.Base.seq a {FStar.Seq.Base.length s1 > 0}; got type s: FStar.Seq.Base.seq a {FStar.Seq.Base.length s = FStar.Vector.Base.raw_length v1} (see also FStar.Seq.Properties.fst(64,43-64,56))
LowStar.BufferCompat.fst(47,2-48,3): (Warning 252) (Hint-replay failed): could not prove post-condition (see also LowStar.BufferCompat.fst(45,4-45,16))
FStar.UInt64.fst(111,27-111,30): (Warning 252) (Hint-replay failed): Subtyping check failed; expected type Prims.nonzero; got type FStar.UInt.uint_t FStar.UInt64.n (see also prims.fst(410,21-410,25))
FStar.UInt64.fst(118,42-118,47): (Warning 252) (Hint-replay failed): Subtyping check failed; expected type b: FStar.UInt.uint_t FStar.UInt64.n {b <> 0}; got type FStar.UInt.uint_t FStar.UInt64.n (see also FStar.UInt.fst(193,44-193,50))
FStar.UInt63.fst(111,27-111,30): (Warning 252) (Hint-replay failed): Subtyping check failed; expected type Prims.nonzero; got type FStar.UInt.uint_t FStar.UInt63.n (see also prims.fst(410,21-410,25))
FStar.UInt63.fst(118,42-118,47): (Warning 252) (Hint-replay failed): Subtyping check failed; expected type b: FStar.UInt.uint_t FStar.UInt63.n {b <> 0}; got type FStar.UInt.uint_t FStar.UInt63.n (see also FStar.UInt.fst(193,44-193,50))
FStar.UInt8.fst(111,27-111,30): (Warning 252) (Hint-replay failed): Subtyping check failed; expected type Prims.nonzero; got type FStar.UInt.uint_t FStar.UInt8.n (see also prims.fst(410,21-410,25))
FStar.UInt8.fst(118,42-118,47): (Warning 252) (Hint-replay failed): Subtyping check failed; expected type b: FStar.UInt.uint_t FStar.UInt8.n {b <> 0}; got type FStar.UInt.uint_t FStar.UInt8.n (see also FStar.UInt.fst(193,44-193,50))
FStar.UInt16.fst(111,27-111,30): (Warning 252) (Hint-replay failed): Subtyping check failed; expected type Prims.nonzero; got type FStar.UInt.uint_t FStar.UInt16.n (see also prims.fst(410,21-410,25))
FStar.UInt16.fst(118,42-118,47): (Warning 252) (Hint-replay failed): Subtyping check failed; expected type b: FStar.UInt.uint_t FStar.UInt16.n {b <> 0}; got type FStar.UInt.uint_t FStar.UInt16.n (see also FStar.UInt.fst(193,44-193,50))
FStar.UInt31.fst(111,27-111,30): (Warning 252) (Hint-replay failed): Subtyping check failed; expected type Prims.nonzero; got type FStar.UInt.uint_t FStar.UInt31.n (see also prims.fst(410,21-410,25))
FStar.UInt31.fst(118,42-118,47): (Warning 252) (Hint-replay failed): Subtyping check failed; expected type b: FStar.UInt.uint_t FStar.UInt31.n {b <> 0}; got type FStar.UInt.uint_t FStar.UInt31.n (see also FStar.UInt.fst(193,44-193,50))
LowStar.BufferView.fsti(158,13-159,32): (Warning 252) (Hint-replay failed): Subtyping check failed; expected type Prims.eqtype; got type Type0 (see also prims.fst(27,21-27,28))
FStar.Int128.fst(61,25-61,28): (Warning 252) (Hint-replay failed): Subtyping check failed; expected type b: Prims.int{b <> 0}; got type FStar.Int.int_t FStar.Int128.n (see also FStar.Int.fst(36,28-36,34))
FStar.Int128.fst(69,41-69,46): (Warning 252) (Hint-replay failed): Subtyping check failed; expected type b: FStar.Int.int_t FStar.Int128.n {b <> 0}; got type FStar.Int.int_t FStar.Int128.n (see also FStar.Int.fst(105,42-105,48))
LowStar.Modifies.fsti(641,2-641,42): (Warning 252) (Hint-replay failed): assertion failed (see also LowStar.Modifies.fsti(618,48-618,82))
LowStar.Modifies.fsti(651,2-651,38): (Warning 252) (Hint-replay failed): assertion failed (see also LowStar.Modifies.fsti(628,48-628,78))
LowStar.Modifies.fsti(690,2-690,38): (Warning 252) (Hint-replay failed): assertion failed (see also LowStar.Modifies.fsti(658,48-658,89))
LowStar.Modifies.fsti(701,2-701,49): (Warning 252) (Hint-replay failed): assertion failed (see also LowStar.Modifies.fsti(669,48-669,82))
LowStar.Modifies.fsti(711,2-711,45): (Warning 252) (Hint-replay failed): assertion failed (see also LowStar.Modifies.fsti(679,48-679,78))
LowStar.BufferOps.fst(58,2-75,44): (Warning 252) (Hint-replay failed): could not prove post-condition (see also LowStar.BufferOps.fst(55,7-55,36))
LowStar.BufferOps.fst(58,2-75,44): (Warning 252) could not prove post-condition (see also LowStar.BufferOps.fst(55,7-55,36))
LowStar.BufferOps.fst(58,2-75,44): (Warning 252) could not prove post-condition (see also LowStar.BufferOps.fst(55,7-55,36))
LowStar.BufferOps.fst(58,2-75,44): (Warning 252) could not prove post-condition (see also LowStar.BufferOps.fst(55,7-55,36))
LowStar.BufferOps.fst(58,2-75,44): (Warning 252) could not prove post-condition (see also LowStar.BufferOps.fst(55,7-55,36))
LowStar.BufferOps.fst(58,2-75,44): (Error 19) could not prove post-condition (see also LowStar.BufferOps.fst(55,7-55,36))
Verified module: LowStar.BufferOps (2766 milliseconds)
1 error was reported (see above)
make[3]: *** [gmake/Makefile.tmpl:29: LowStar.BufferOps.fst.checked] Error 1
LowStar.BufferView.fst(163,13-163,24): (Warning 288) FStar.Seq.Base.createEmpty is deprecated, use Seq.empty instead
LowStar.BufferView.fst(79,31-79,33): (Warning 252) (Hint-replay failed): Subtyping check failed; expected type FStar.Seq.Properties.lseq (FStar.Pervasives.dfst vb)
(LowStar.Buffer.length (LowStar.BufferView.as_buffer vb)); got type FStar.Seq.Base.seq (FStar.Pervasives.dfst vb) (see also FStar.Seq.Properties.fst(24,19-24,36))
LowStar.BufferView.fst(84,4-98,24): (Warning 252) (Hint-replay failed): could not prove post-condition (see also LowStar.BufferView.fst(82,11-82,41))
LowStar.BufferView.fsti(158,13-159,32): (Warning 252) (Hint-replay failed): Subtyping check failed; expected type Prims.eqtype; got type Type0 (see also prims.fst(27,21-27,28))
LowStar.BufferView.fst(144,13-145,32): (Warning 252) (Hint-replay failed): Subtyping check failed; expected type Prims.eqtype; got type Type0 (see also prims.fst(27,21-27,28))
LowStar.BufferView.fst(156,38-156,40): (Warning 252) (Hint-replay failed): Subtyping check failed; expected type FStar.Seq.Properties.lseq (FStar.Pervasives.dfst vb)
(LowStar.Buffer.length (LowStar.BufferView.as_buffer vb)); got type FStar.Seq.Base.seq (FStar.Pervasives.dfst vb) (see also FStar.Seq.Properties.fst(24,19-24,36))
Unable to open hints file: C:\build\agent1\_work\1\s\ulib\FStar.Tactics.Typeclasses.fst.hints; ran without hints
LowStar.Buffer.fst(73,11-73,22): (Warning 288) FStar.Seq.Base.createEmpty is deprecated, use Seq.empty instead
LowStar.Buffer.fst(111,16-111,27): (Warning 288) FStar.Seq.Base.createEmpty is deprecated, use Seq.empty instead
LowStar.Buffer.fst(456,4-456,10): (Warning 252) (Hint-replay failed): assertion failed (see also LowStar.Buffer.fst(456,11-456,53))
LowStar.Buffer.fst(463,2-469,42): (Warning 252) (Hint-replay failed): could not prove post-condition (see also LowStar.Buffer.fsti(705,4-705,21))
LowStar.Buffer.fst(502,2-502,31): (Warning 252) (Hint-replay failed): could not prove post-condition (see also LowStar.Buffer.fsti(742,4-742,71))
LowStar.Buffer.fst(521,2-526,3): (Warning 252) (Hint-replay failed): could not prove post-condition (see also LowStar.Buffer.fsti(773,2-773,11))
LowStar.Buffer.fst(535,2-539,3): (Warning 252) (Hint-replay failed): could not prove post-condition (see also LowStar.Buffer.fsti(774,2-774,69))
LowStar.Buffer.fst(542,2-548,3): (Warning 252) (Hint-replay failed): could not prove post-condition (see also LowStar.Buffer.fsti(772,2-772,18))
LowStar.Buffer.fst(551,2-557,3): (Warning 252) (Hint-replay failed): could not prove post-condition (see also LowStar.Buffer.fsti(773,2-773,11))
FStar.Pointer.Derived1.fst(118,2-118,8): (Warning 252) (Hint-replay failed): assertion failed (see also FStar.Pointer.Derived1.fst(118,9-118,104))
FStar.Pointer.Derived1.fst(168,2-168,8): (Warning 252) (Hint-replay failed): assertion failed (see also FStar.Pointer.Derived1.fst(168,9-168,91))
FStar.Pointer.Derived1.fst(171,2-171,23): (Warning 252) (Hint-replay failed): assertion failed (see also FStar.Pointer.Base.fsti(1493,5-1493,45))
FStar.Integers.fst(414,5-428,43): (Warning 252) (Hint-replay failed): Patterns are incomplete
LowStar.Modifies.fst(63,2-68,118): (Warning 252) (Hint-replay failed): could not prove post-condition (see also LowStar.Modifies.fsti(209,11-209,57))
LowStar.Modifies.fst(84,2-84,111): (Warning 252) (Hint-replay failed): could not prove post-condition (see also LowStar.Modifies.fsti(270,11-270,74))
LowStar.Modifies.fst(105,2-108,150): (Warning 252) (Hint-replay failed): could not prove post-condition (see also LowStar.Modifies.fsti(416,11-416,57))
LowStar.Modifies.fst(136,4-136,10): (Warning 252) (Hint-replay failed): assertion failed (see also LowStar.Modifies.fst(136,11-136,51))
LowStar.Modifies.fst(151,2-151,118): (Warning 252) (Hint-replay failed): could not prove post-condition (see also LowStar.Modifies.fsti(589,2-589,67))
LowStar.Modifies.fst(157,2-157,123): (Warning 252) (Hint-replay failed): could not prove post-condition (see also LowStar.Modifies.fsti(597,2-597,66))
LowStar.Modifies.fst(171,2-176,5): (Warning 252) (Hint-replay failed): could not prove post-condition (see also LowStar.Modifies.fsti(629,11-629,24))
LowStar.Modifies.fsti(641,2-641,42): (Warning 252) (Hint-replay failed): assertion failed (see also LowStar.Modifies.fsti(618,48-618,82))
LowStar.Modifies.fsti(651,2-651,38): (Warning 252) (Hint-replay failed): assertion failed (see also LowStar.Modifies.fsti(628,48-628,78))
LowStar.Modifies.fst(178,43-178,80): (Warning 252) (Hint-replay failed): Subtyping check failed; expected type 
l1: LowStar.Modifies.loc ->
l2: LowStar.Modifies.loc ->
h: FStar.Monotonic.HyperStack.mem ->
h': FStar.Monotonic.HyperStack.mem ->
x: FStar.Monotonic.HyperHeap.rid ->
Prims.Lemma Prims.unit; got type 
l1: FStar.ModifiesGen.loc LowStar.Modifies.cls ->
l2: FStar.ModifiesGen.loc LowStar.Modifies.cls ->
h: FStar.Monotonic.HyperStack.mem ->
h': FStar.Monotonic.HyperStack.mem ->
r: FStar.Monotonic.HyperHeap.rid ->
Prims.Lemma Prims.unit (see also FStar.ModifiesGen.fsti(658,104-658,145))
LowStar.Modifies.fst(180,54-180,101): (Warning 252) (Hint-replay failed): Subtyping check failed; expected type 
l1: LowStar.Modifies.loc ->
l2: LowStar.Modifies.loc ->
h: FStar.Monotonic.HyperStack.mem ->
h': FStar.Monotonic.HyperStack.mem ->
x: FStar.Monotonic.HyperStack.mreference t pre ->
Prims.Lemma Prims.unit; got type 
l1: FStar.ModifiesGen.loc LowStar.Modifies.cls ->
l2: FStar.ModifiesGen.loc LowStar.Modifies.cls ->
h: FStar.Monotonic.HyperStack.mem ->
h': FStar.Monotonic.HyperStack.mem ->
r: FStar.Monotonic.HyperStack.mreference t pre ->
Prims.Lemma Prims.unit (see also FStar.ModifiesGen.fsti(669,104-669,138))
LowStar.Modifies.fst(183,2-186,111): (Warning 252) (Hint-replay failed): could not prove post-condition (see also LowStar.Modifies.fsti(680,11-680,44))
LowStar.Modifies.fsti(690,2-690,38): (Warning 252) (Hint-replay failed): assertion failed (see also LowStar.Modifies.fsti(658,48-658,89))
LowStar.Modifies.fsti(701,2-701,49): (Warning 252) (Hint-replay failed): assertion failed (see also LowStar.Modifies.fsti(669,48-669,82))
LowStar.Modifies.fsti(711,2-711,45): (Warning 252) (Hint-replay failed): assertion failed (see also LowStar.Modifies.fsti(679,48-679,78))
LowStar.Modifies.fst(218,2-242,5): (Warning 252) (Hint-replay failed): could not prove post-condition (see also LowStar.Modifies.fsti(863,11-863,42))
LowStar.Modifies.fst(258,2-258,23): (Warning 252) (Hint-replay failed): assertion failed (see also LowStar.Modifies.fsti(403,59-403,77))
FStar.Buffer.fst(740,4-740,6): (Warning 252) (Hint-replay failed): could not prove post-condition (see also FStar.Buffer.fst(738,12-738,35))
FStar.Buffer.fst(765,4-765,6): (Warning 252) (Hint-replay failed): could not prove post-condition (see also FStar.Buffer.fst(763,12-763,37))
FStar.Buffer.fst(806,2-806,8): (Warning 252) (Hint-replay failed): assertion failed (see also FStar.Buffer.fst(806,9-806,43))
FStar.Buffer.fst(834,2-841,3): (Warning 252) (Hint-replay failed): could not prove post-condition (see also FStar.Buffer.fst(828,8-828,24))
FStar.Buffer.fst(848,4-850,56): (Warning 252) (Hint-replay failed): could not prove post-condition (see also FStar.Buffer.fst(847,12-847,80))
FStar.Buffer.fst(865,4-874,5): (Warning 252) (Hint-replay failed): could not prove post-condition (see also FStar.Buffer.fst(854,7-854,16))
FStar.Buffer.fst(960,4-961,44): (Warning 252) (Hint-replay failed): could not prove post-condition (see also FStar.Buffer.fst(959,7-959,35))
FStar.Buffer.fst(992,28-992,48): (Warning 252) (Hint-replay failed): could not prove post-condition (see also FStar.Buffer.fst(990,7-990,81))
FStar.Buffer.fst(1006,6-1006,20): (Warning 252) (Hint-replay failed): assertion failed (see also FStar.Seq.Base.fst(214,16-214,37))
FStar.Buffer.fst(1301,4-1301,6): (Warning 252) (Hint-replay failed): could not prove post-condition (see also FStar.Buffer.fst(1299,13-1299,31))
FStar.Buffer.fst(1455,6-1455,12): (Warning 252) (Hint-replay failed): assertion failed (see also FStar.Buffer.fst(1455,13-1455,42))
FStar.Tactics.BV.fst(22,40-22,42): (Warning 252) (Hint-replay failed): could not prove post-condition (see also FStar.Tactics.BV.fst(21,25-21,49))
FStar.Tactics.BV.fst(28,39-28,41): (Warning 252) (Hint-replay failed): could not prove post-condition (see also FStar.Tactics.BV.fst(27,25-27,47))
FStar.Tactics.BV.fst(33,32-33,34): (Warning 252) (Hint-replay failed): could not prove post-condition (see also FStar.Tactics.BV.fst(32,23-32,47))
FStar.Tactics.BV.fst(38,32-38,34): (Warning 252) (Hint-replay failed): could not prove post-condition (see also FStar.Tactics.BV.fst(37,21-37,51))
FStar.Tactics.BV.fst(43,32-43,34): (Warning 252) (Hint-replay failed): could not prove post-condition (see also FStar.Tactics.BV.fst(42,21-42,51))
FStar.Tactics.BV.fst(48,32-48,34): (Warning 252) (Hint-replay failed): could not prove post-condition (see also FStar.Tactics.BV.fst(47,21-47,51))
FStar.Tactics.BV.fst(59,40-59,42): (Warning 252) (Hint-replay failed): could not prove post-condition (see also FStar.Tactics.BV.fst(58,20-58,44))
FStar.Tactics.BV.fst(65,40-65,42): (Warning 252) (Hint-replay failed): could not prove post-condition (see also FStar.Tactics.BV.fst(64,20-64,44))
FStar.Tactics.BV.fst(74,27-74,45): (Warning 252) (Hint-replay failed): assertion failed (see also FStar.BV.fsti(63,18-63,56))
FStar.Tactics.BV.fst(83,39-83,41): (Warning 252) (Hint-replay failed): could not prove post-condition (see also FStar.Tactics.BV.fst(82,16-82,24))
FStar.Tactics.BV.fst(88,42-88,44): (Warning 252) (Hint-replay failed): could not prove post-condition (see also FStar.Tactics.BV.fst(87,16-87,30))
FStar.Tactics.BV.fst(93,43-93,61): (Warning 252) (Hint-replay failed): assertion failed (see also FStar.BV.fsti(63,18-63,56))
FStar.Modifies.fsti(466,2-466,42): (Warning 252) (Hint-replay failed): assertion failed (see also FStar.Modifies.fsti(439,48-439,82))
FStar.Modifies.fsti(480,2-480,38): (Warning 252) (Hint-replay failed): assertion failed (see also FStar.Modifies.fsti(449,48-449,78))
FStar.Modifies.fsti(523,2-523,38): (Warning 252) (Hint-replay failed): assertion failed (see also FStar.Modifies.fsti(487,48-487,89))
FStar.Modifies.fsti(538,2-538,49): (Warning 252) (Hint-replay failed): assertion failed (see also FStar.Modifies.fsti(498,48-498,82))
FStar.Modifies.fsti(552,2-552,45): (Warning 252) (Hint-replay failed): assertion failed (see also FStar.Modifies.fsti(508,48-508,78))
FStar.ModifiesGen.fst(373,33-373,35): (Warning 252) (Hint-replay failed): could not prove post-condition (see also FStar.ModifiesGen.fsti(244,2-244,27))
FStar.ModifiesGen.fst(391,66-391,68): (Warning 252) (Hint-replay failed): could not prove post-condition (see also FStar.ModifiesGen.fsti(275,11-275,81))
FStar.ModifiesGen.fst(395,84-395,86): (Warning 252) (Hint-replay failed): could not prove post-condition (see also FStar.ModifiesGen.fsti(293,11-293,103))
FStar.ModifiesGen.fst(494,35-494,37): (Warning 252) (Hint-replay failed): could not prove post-condition (see also FStar.ModifiesGen.fsti(332,11-332,36))
FStar.ModifiesGen.fst(561,73-561,75): (Warning 252) (Hint-replay failed): could not prove post-condition (see also FStar.ModifiesGen.fsti(430,2-430,70))
FStar.ModifiesGen.fst(573,92-573,94): (Warning 252) (Hint-replay failed): could not prove post-condition (see also FStar.ModifiesGen.fsti(438,2-438,91))
FStar.ModifiesGen.fst(575,72-575,74): (Warning 252) (Hint-replay failed): could not prove post-condition (see also FStar.ModifiesGen.fsti(443,2-443,78))
FStar.ModifiesGen.fst(579,78-579,80): (Warning 252) (Hint-replay failed): could not prove post-condition (see also FStar.ModifiesGen.fsti(453,2-453,73))
FStar.ModifiesGen.fst(753,4-753,9): (Warning 252) assertion failed (see also FStar.ModifiesGen.fsti(477,15-477,50))
FStar.ModifiesGen.fst(753,4-753,9): (Warning 252) assertion failed (see also FStar.ModifiesGen.fsti(477,15-477,50))
FStar.ModifiesGen.fst(753,4-753,9): (Warning 252) assertion failed (see also FStar.ModifiesGen.fsti(477,15-477,50))
FStar.ModifiesGen.fst(804,55-804,57): (Warning 252) (Hint-replay failed): could not prove post-condition (see also FStar.ModifiesGen.fsti(593,4-593,20))
FStar.ModifiesGen.fst(806,47-806,49): (Warning 252) (Hint-replay failed): could not prove post-condition (see also FStar.ModifiesGen.fsti(609,11-611,3))
FStar.ModifiesGen.fst(828,79-828,81): (Warning 252) (Hint-replay failed): could not prove post-condition (see also FStar.ModifiesGen.fsti(670,11-670,45))
FStar.ModifiesGen.fst(844,2-844,23): (Warning 252) (Hint-replay failed): assertion failed (see also FStar.ModifiesGen.fsti(626,33-626,51))
FStar.ModifiesGen.fst(924,2-924,55): (Warning 252) (Hint-replay failed): could not prove post-condition (see also FStar.ModifiesGen.fst(923,2-923,45))
FStar.ModifiesGen.fst(940,2-940,55): (Warning 252) (Hint-replay failed): could not prove post-condition (see also FStar.ModifiesGen.fst(939,2-939,66))
FStar.ModifiesGen.fst(954,2-954,20): (Warning 252) (Hint-replay failed): assertion failed (see also FStar.ModifiesGen.fsti(223,35-223,53))
FStar.ModifiesGen.fst(1066,68-1066,70): (Warning 252) (Hint-replay failed): could not prove post-condition (see also FStar.ModifiesGen.fsti(106,16-106,35))
FStar.ModifiesGen.fst(1073,68-1073,70): (Warning 252) (Hint-replay failed): could not prove post-condition (see also FStar.ModifiesGen.fsti(106,16-106,35))
FStar.ModifiesGen.fst(1081,80-1081,82): (Warning 252) (Hint-replay failed): could not prove post-condition (see also FStar.ModifiesGen.fsti(106,16-106,35))
FStar.ModifiesGen.fst(1104,47-1104,49): (Warning 252) (Hint-replay failed): could not prove post-condition (see also FStar.ModifiesGen.fsti(851,11-853,3))
FStar.ModifiesGen.fst(1119,9-1119,85): (Warning 252) (Hint-replay failed): assertion failed
FStar.ModifiesGen.fst(1574,2-1574,8): (Warning 252) (Hint-replay failed): assertion failed (see also FStar.ModifiesGen.fst(1574,9-1574,39))
FStar.ModifiesGen.fst(1636,2-1636,8): (Warning 252) (Hint-replay failed): assertion failed (see also FStar.ModifiesGen.fst(1636,9-1636,40))
FStar.ModifiesGen.fst(1696,2-1704,39): (Warning 252) (Hint-replay failed): could not prove post-condition (see also FStar.ModifiesGen.fst(1695,11-1695,42))
FStar.ModifiesGen.fst(1774,4-1774,10): (Warning 252) (Hint-replay failed): assertion failed (see also FStar.ModifiesGen.fst(1783,8-1783,36))
FStar.ModifiesGen.fst(1802,4-1802,21): (Warning 252) (Hint-replay failed): Subtyping check failed; expected type aux:
FStar.Ghost.erased (FStar.GSet.set (FStar.ModifiesGen.aloc (c b)))
{ FStar.GSet.subset (FStar.ModifiesGen.aloc_domain (c b) regions live_addrs)
(FStar.Ghost.reveal aux) /\
FStar.GSet.subset (FStar.Ghost.reveal aux)
(FStar.ModifiesGen.aloc_domain (c b) regions (fun _ -> FStar.Set.complement FStar.Set.empty))
}; got type FStar.Ghost.erased (FStar.GSet.set (FStar.ModifiesGen.aloc (c b))) (see also FStar.ModifiesGen.fst(30,8-30,71))
FStar.ModifiesGen.fst(1811,9-1811,119): (Warning 252) (Hint-replay failed): assertion failed
FStar.ModifiesGen.fst(1817,9-1817,113): (Warning 252) (Hint-replay failed): assertion failed
FStar.ModifiesGen.fst(1885,2-1891,167): (Warning 252) (Hint-replay failed): could not prove post-condition (see also FStar.ModifiesGen.fsti(1014,2-1014,78))
FStar.Modifies.fst(114,2-114,4): (Warning 252) (Hint-replay failed): could not prove post-condition (see also FStar.Modifies.fst(113,11-113,41))
FStar.Modifies.fsti(466,2-466,42): (Warning 252) (Hint-replay failed): assertion failed (see also FStar.Modifies.fsti(439,48-439,82))
FStar.Modifies.fsti(480,2-480,38): (Warning 252) (Hint-replay failed): assertion failed (see also FStar.Modifies.fsti(449,48-449,78))
FStar.Modifies.fst(285,43-285,80): (Warning 252) (Hint-replay failed): Subtyping check failed; expected type 
l1: FStar.Modifies.loc ->
l2: FStar.Modifies.loc ->
h: FStar.Monotonic.HyperStack.mem ->
h': FStar.Monotonic.HyperStack.mem ->
x: FStar.Monotonic.HyperHeap.rid ->
Prims.Lemma Prims.unit; got type 
l1: FStar.ModifiesGen.loc FStar.Modifies.cls ->
l2: FStar.ModifiesGen.loc FStar.Modifies.cls ->
h: FStar.Monotonic.HyperStack.mem ->
h': FStar.Monotonic.HyperStack.mem ->
r: FStar.Monotonic.HyperHeap.rid ->
Prims.Lemma Prims.unit (see also FStar.ModifiesGen.fsti(658,104-658,145))
FStar.Modifies.fst(287,54-287,101): (Warning 252) (Hint-replay failed): Subtyping check failed; expected type 
l1: FStar.Modifies.loc ->
l2: FStar.Modifies.loc ->
h: FStar.Monotonic.HyperStack.mem ->
h': FStar.Monotonic.HyperStack.mem ->
x: FStar.Monotonic.HyperStack.mreference t pre ->
Prims.Lemma Prims.unit; got type 
l1: FStar.ModifiesGen.loc FStar.Modifies.cls ->
l2: FStar.ModifiesGen.loc FStar.Modifies.cls ->
h: FStar.Monotonic.HyperStack.mem ->
h': FStar.Monotonic.HyperStack.mem ->
r: FStar.Monotonic.HyperStack.mreference t pre ->
Prims.Lemma Prims.unit (see also FStar.ModifiesGen.fsti(669,104-669,138))
FStar.Modifies.fst(290,5-290,44): (Warning 252) (Hint-replay failed): assertion failed (see also FStar.ModifiesGen.fsti(680,104-680,135))
FStar.Modifies.fsti(523,2-523,38): (Warning 252) (Hint-replay failed): assertion failed (see also FStar.Modifies.fsti(487,48-487,89))
FStar.Modifies.fsti(538,2-538,49): (Warning 252) (Hint-replay failed): assertion failed (see also FStar.Modifies.fsti(498,48-498,82))
FStar.Modifies.fsti(552,2-552,45): (Warning 252) (Hint-replay failed): assertion failed (see also FStar.Modifies.fsti(508,48-508,78))
LowStar.ToFStarBuffer.fst(164,2-165,73): (Warning 252) (Hint-replay failed): could not prove post-condition (see also LowStar.ToFStarBuffer.fst(162,2-162,104))
LowStar.ToFStarBuffer.fst(170,2-172,72): (Warning 252) (Hint-replay failed): could not prove post-condition (see also LowStar.ToFStarBuffer.fst(168,2-168,104))
LowStar.ToFStarBuffer.fst(221,2-224,66): (Warning 252) (Hint-replay failed): could not prove post-condition (see also LowStar.ToFStarBuffer.fst(219,2-219,104))
LowStar.ToFStarBuffer.fst(247,2-247,4): (Warning 252) (Hint-replay failed): could not prove post-condition (see also LowStar.ToFStarBuffer.fst(246,11-246,45))
LowStar.ToFStarBuffer.fst(256,2-256,4): (Warning 252) (Hint-replay failed): could not prove post-condition (see also LowStar.ToFStarBuffer.fst(255,11-255,51))
LowStar.ToFStarBuffer.fst(266,2-266,4): (Warning 252) (Hint-replay failed): could not prove post-condition (see also LowStar.ToFStarBuffer.fst(265,11-265,90))
LowStar.ToFStarBuffer.fst(286,6-286,9): (Warning 252) (Hint-replay failed): assertion failed (see also FStar.Buffer.fst(995,22-995,30))
LowStar.ToFStarBuffer.fst(300,18-300,21): (Warning 252) (Hint-replay failed): Subtyping check failed; expected type len:
FStar.UInt32.t
{FStar.UInt32.v len <= FStar.Buffer.length b1' /\ FStar.UInt32.v len <= FStar.Buffer.length b2'}; got type FStar.UInt32.t (see also FStar.Buffer.fst(1102,18-1102,36))
LowStar.ToFStarBuffer.fst(327,16-327,23): (Warning 252) (Hint-replay failed): Subtyping check failed; expected type idx_a: FStar.UInt32.t{FStar.UInt32.v idx_a <= FStar.Buffer.length src'}; got type FStar.UInt32.t (see also FStar.Buffer.fst(1146,20-1146,39))
LowStar.ToFStarBuffer.fst(342,16-342,19): (Warning 252) (Hint-replay failed): Subtyping check failed; expected type len: FStar.UInt32.t{FStar.UInt32.v len <= FStar.Buffer.length b'}; got type FStar.UInt32.t (see also FStar.Buffer.fst(1178,18-1178,35))
make[3]: Target 'verify-core' not remade because of errors.
make[2]: *** [Makefile:12: all] Error 2
make[1]: *** [Makefile:175: fstarlib] Error 2
make: *** [Makefile:158: utest-prelude] Error 2
Command exited with non-zero status 2
10.98user 42.22system 10:48.79elapsed 8%CPU (0avgtext+0avgdata 1357781248maxresident)k
0inputs+0outputs (5557302major+0minor)pagefaults 0swaps
