From https://github.com/mitls/mitls-fstar
e8787b1d..25b9b7a6  master     -> origin/master
From https://github.com/mitls/hacl-star
071d2c74..bd2d7784  _sha3                -> origin/_sha3
60afb14a..b1b7dc2a  _vale_sha            -> origin/_vale_sha
e78b9241..da6f65be  fstar-master         -> origin/fstar-master
63d1dca4..1925cb83  joonwonc_merkle_tree -> origin/joonwonc_merkle_tree
From https://github.com/project-everest/vale
1a6a6aa..53ee23b  _vale      -> origin/_vale
* [new branch]      vale       -> origin/vale
make: *** [Makefile:78: extracted/Makefile.include] Error 1
make: *** Waiting for unfinished jobs....
make: *** [Makefile:84: uint128/Makefile.include] Error 1
dos2unix: converting file parser/parse.fsi to Unix format...
Warning: you are using the standard library and/or the %inline keyword. We
recommend switching on --infer in order to avoid obscure type error messages.
warning: CRLF will be replaced by LF in src/parser/parse.fsy.
The file will have its original line endings in your working directory.
cp: cannot stat './_build/src/ocaml-output/FStar_Tests_Unif.cmx': No such file or directory
FStar.HyperStack.ST.fst(642,7-642,41): (Warning 239) Adding an implicit 'assume new' qualifier on stable_on_t_common
FStar.HyperStack.ST.fst(642,7-642,41): (Error 162) The qualifier list "[assume new unfold]" is not permissible for this element: ill-formed combination
1 error was reported (see above)
make[4]: *** [Makefile.extract:11: FStar.HyperStack.ST.fst.checked.lax] Error 1
make[4]: Target 'all-ml' not remade because of errors.
make[3]: *** [Makefile:32: fstarlib.mgen] Error 2
make[3]: Target 'install-fstarlib' not remade because of errors.
make[2]: *** [Makefile:2: all] Error 2
make[1]: *** [Makefile:191: fstarlib] Error 2
make: *** [Makefile:176: utest-prelude] Error 2
Command exited with non-zero status 2
9.82user 32.92system 4:17.86elapsed 16%CPU (0avgtext+0avgdata 14831672maxresident)k
0inputs+0outputs (3900609major+0minor)pagefaults 0swaps
