From https://github.com/project-everest/vale
a44ba35..ff5b04a  master     -> origin/master
0f03024..ff5b04a  _vale      -> origin/_vale
From https://github.com/mitls/mitls-fstar
d783dca7..178dc34c  master                -> origin/master
* [new branch]        adl_extract_pkg       -> origin/adl_extract_pkg
* [new branch]        taramana_lowparse     -> origin/taramana_lowparse
* [new branch]        taramana_lowparse_sum -> origin/taramana_lowparse_sum
From https://github.com/mitls/hacl-star
5b719f44..8b6fd197  _rsapss      -> origin/_rsapss
195f4bb8..d83ef66b  _vale        -> origin/_vale
7f1d58ba..0cd35296  _vale_cpuid  -> origin/_vale_cpuid
a32ba8b8..d83ef66b  fstar-master -> origin/fstar-master
ce48d625..7b8ff286  fstar_feq    -> origin/fstar_feq
make: *** [Makefile:83: extracted/Makefile.include] Error 1
make: *** Waiting for unfinished jobs....
make: *** [Makefile:93: dist/uint128/Makefile.include] Error 1
dos2unix: converting file parser/parse.fsi to Unix format...
Warning: you are using the standard library and/or the %inline keyword. We
recommend switching on --infer in order to avoid obscure type error messages.
warning: CRLF will be replaced by LF in src/parser/parse.fsy.
The file will have its original line endings in your working directory.
FStar.Monotonic.Map.fst(65,20-65,31): (Warning 288) FStar.HyperStack.ST.stable_on_t is deprecated, use FStar.HyperStack.ST.stable_on instead
FStar.Monotonic.Map.fst(84,4-84,14): (Warning 288) FStar.HyperStack.ST.mr_witness is deprecated, use FStar.HyperStack.ST.witness_p instead
FStar.Monotonic.Map.fst(85,4-85,14): (Warning 288) FStar.HyperStack.ST.mr_witness is deprecated, use FStar.HyperStack.ST.witness_p instead
FStar.Monotonic.Map.fst(105,8-105,18): (Warning 288) FStar.HyperStack.ST.mr_witness is deprecated, use FStar.HyperStack.ST.witness_p instead
FStar.Monotonic.Map.fst(106,8-106,18): (Warning 288) FStar.HyperStack.ST.mr_witness is deprecated, use FStar.HyperStack.ST.witness_p instead
FStar.Monotonic.DependentMap.fsti(135,24-135,35): (Warning 288) FStar.HyperStack.ST.stable_on_t is deprecated, use FStar.HyperStack.ST.stable_on instead
FStar.Monotonic.DependentMap.fsti(147,24-147,35): (Warning 288) FStar.HyperStack.ST.stable_on_t is deprecated, use FStar.HyperStack.ST.stable_on instead
FStar.Monotonic.DependentMap.fst(53,4-53,14): (Warning 288) FStar.HyperStack.ST.mr_witness is deprecated, use FStar.HyperStack.ST.witness_p instead
FStar.Monotonic.DependentMap.fst(61,6-61,16): (Warning 288) FStar.HyperStack.ST.mr_witness is deprecated, use FStar.HyperStack.ST.witness_p instead
FStar.Monotonic.Seq.fst(60,19-60,30): (Warning 288) FStar.HyperStack.ST.stable_on_t is deprecated, use FStar.HyperStack.ST.stable_on instead
FStar.Monotonic.Seq.fst(80,4-80,14): (Warning 288) FStar.HyperStack.ST.mr_witness is deprecated, use FStar.HyperStack.ST.witness_p instead
FStar.Monotonic.Seq.fst(102,19-102,30): (Warning 288) FStar.HyperStack.ST.stable_on_t is deprecated, use FStar.HyperStack.ST.stable_on instead
FStar.Monotonic.Seq.fst(109,19-109,30): (Warning 288) FStar.HyperStack.ST.stable_on_t is deprecated, use FStar.HyperStack.ST.stable_on instead
FStar.Monotonic.Seq.fst(142,4-142,14): (Warning 288) FStar.HyperStack.ST.mr_witness is deprecated, use FStar.HyperStack.ST.witness_p instead
FStar.Monotonic.Seq.fst(160,2-160,12): (Warning 288) FStar.HyperStack.ST.mr_witness is deprecated, use FStar.HyperStack.ST.witness_p instead
FStar.Monotonic.Seq.fst(168,2-168,12): (Warning 288) FStar.HyperStack.ST.mr_witness is deprecated, use FStar.HyperStack.ST.witness_p instead
FStar.Monotonic.Seq.fst(259,10-259,21): (Warning 288) FStar.HyperStack.ST.stable_on_t is deprecated, use FStar.HyperStack.ST.stable_on instead
FStar.Monotonic.Seq.fst(273,11-273,22): (Warning 288) FStar.HyperStack.ST.stable_on_t is deprecated, use FStar.HyperStack.ST.stable_on instead
FStar.Monotonic.Seq.fst(320,11-320,22): (Warning 288) FStar.HyperStack.ST.stable_on_t is deprecated, use FStar.HyperStack.ST.stable_on instead
FStar.Monotonic.Seq.fst(343,11-343,22): (Warning 288) FStar.HyperStack.ST.stable_on_t is deprecated, use FStar.HyperStack.ST.stable_on instead
FStar.Monotonic.Seq.fst(369,11-369,22): (Warning 288) FStar.HyperStack.ST.stable_on_t is deprecated, use FStar.HyperStack.ST.stable_on instead
FStar.Monotonic.Seq.fst(386,4-386,14): (Warning 288) FStar.HyperStack.ST.mr_witness is deprecated, use FStar.HyperStack.ST.witness_p instead
FStar.Monotonic.Seq.fst(403,4-403,14): (Warning 288) FStar.HyperStack.ST.mr_witness is deprecated, use FStar.HyperStack.ST.witness_p instead
LowStar.Monotonic.Buffer.fsti(1585,51-1585,68): (Warning 288) FStar.Monotonic.HyperStack.is_eternal_region is deprecated, use FStar.HyperStack.ST.is_eternal_region instead
LowStar.Monotonic.Buffer.fsti(1585,51-1585,68): (Warning 288) FStar.Monotonic.HyperStack.is_eternal_region is deprecated, use FStar.HyperStack.ST.is_eternal_region instead
FStar.Monotonic.Heap.fst(185,64-185,66): (Warning 252) (Hint-replay failed): could not prove post-condition (see also FStar.Monotonic.Heap.fsti(202,13-202,50))
FStar.Monotonic.Heap.fst(207,2-207,8): (Warning 252) (Hint-replay failed): assertion failed (see also FStar.Monotonic.Heap.fst(207,9-207,21))
FStar.List.Tot.Properties.fst(858,2-858,37): (Warning 252) (Hint-replay failed): could not prove post-condition (see also FStar.List.Tot.Properties.fst(856,12-856,18))
FStar.List.Tot.Properties.fst(858,2-858,37): (Warning 252) could not prove post-condition (see also FStar.List.Tot.Properties.fst(856,12-856,18))
FStar.List.Tot.Properties.fst(887,2-888,24): (Warning 252) (Hint-replay failed): could not prove post-condition (see also FStar.List.Tot.Properties.fst(886,12-886,18))
FStar.Monotonic.HyperStack.fsti(350,4-350,33): (Warning 252) (Hint-replay failed): assertion failed (see also FStar.Monotonic.HyperStack.fsti(54,12-57,66))
FStar.OrdSet.fst(48,16-48,18): (Warning 252) (Hint-replay failed): Subtyping check failed; expected type Prims.eqtype; got type Type0 (see also prims.fst(27,22-27,29))
FStar.Monotonic.HyperStack.fsti(350,4-350,33): (Warning 252) (Hint-replay failed): assertion failed (see also FStar.Monotonic.HyperStack.fsti(54,12-57,66))
FStar.Monotonic.DependentMap.fsti(135,24-135,35): (Warning 288) FStar.HyperStack.ST.stable_on_t is deprecated, use FStar.HyperStack.ST.stable_on instead
FStar.Monotonic.DependentMap.fsti(147,24-147,35): (Warning 288) FStar.HyperStack.ST.stable_on_t is deprecated, use FStar.HyperStack.ST.stable_on instead
FStar.Monotonic.Map.fst(65,20-65,31): (Warning 288) FStar.HyperStack.ST.stable_on_t is deprecated, use FStar.HyperStack.ST.stable_on instead
FStar.Monotonic.Map.fst(84,4-84,14): (Warning 288) FStar.HyperStack.ST.mr_witness is deprecated, use FStar.HyperStack.ST.witness_p instead
FStar.Monotonic.Map.fst(85,4-85,14): (Warning 288) FStar.HyperStack.ST.mr_witness is deprecated, use FStar.HyperStack.ST.witness_p instead
FStar.Monotonic.Map.fst(105,8-105,18): (Warning 288) FStar.HyperStack.ST.mr_witness is deprecated, use FStar.HyperStack.ST.witness_p instead
FStar.Monotonic.Map.fst(106,8-106,18): (Warning 288) FStar.HyperStack.ST.mr_witness is deprecated, use FStar.HyperStack.ST.witness_p instead
FStar.Monotonic.DependentMap.fsti(135,24-135,35): (Warning 288) FStar.HyperStack.ST.stable_on_t is deprecated, use FStar.HyperStack.ST.stable_on instead
FStar.Monotonic.DependentMap.fsti(147,24-147,35): (Warning 288) FStar.HyperStack.ST.stable_on_t is deprecated, use FStar.HyperStack.ST.stable_on instead
FStar.Monotonic.DependentMap.fst(53,4-53,14): (Warning 288) FStar.HyperStack.ST.mr_witness is deprecated, use FStar.HyperStack.ST.witness_p instead
FStar.Monotonic.DependentMap.fst(61,6-61,16): (Warning 288) FStar.HyperStack.ST.mr_witness is deprecated, use FStar.HyperStack.ST.witness_p instead
FStar.Seq.Properties.fst(535,2-538,29): (Warning 252) (Hint-replay failed): could not prove post-condition (see also FStar.Seq.Properties.fst(533,20-533,28))
FStar.Fin.fst(36,2-51,18): (Warning 252) (Hint-replay failed): could not prove post-condition (see also FStar.Fin.fst(33,41-33,68))
FStar.Fin.fst(36,2-51,18): (Warning 252) (Hint-replay failed): could not prove post-condition (see also FStar.Fin.fst(33,41-33,68))
FStar.Monotonic.Seq.fst(60,19-60,30): (Warning 288) FStar.HyperStack.ST.stable_on_t is deprecated, use FStar.HyperStack.ST.stable_on instead
FStar.Monotonic.Seq.fst(80,4-80,14): (Warning 288) FStar.HyperStack.ST.mr_witness is deprecated, use FStar.HyperStack.ST.witness_p instead
FStar.Monotonic.Seq.fst(102,19-102,30): (Warning 288) FStar.HyperStack.ST.stable_on_t is deprecated, use FStar.HyperStack.ST.stable_on instead
FStar.Monotonic.Seq.fst(109,19-109,30): (Warning 288) FStar.HyperStack.ST.stable_on_t is deprecated, use FStar.HyperStack.ST.stable_on instead
FStar.Monotonic.Seq.fst(142,4-142,14): (Warning 288) FStar.HyperStack.ST.mr_witness is deprecated, use FStar.HyperStack.ST.witness_p instead
FStar.Monotonic.Seq.fst(160,2-160,12): (Warning 288) FStar.HyperStack.ST.mr_witness is deprecated, use FStar.HyperStack.ST.witness_p instead
FStar.Monotonic.Seq.fst(168,2-168,12): (Warning 288) FStar.HyperStack.ST.mr_witness is deprecated, use FStar.HyperStack.ST.witness_p instead
FStar.Monotonic.Seq.fst(259,10-259,21): (Warning 288) FStar.HyperStack.ST.stable_on_t is deprecated, use FStar.HyperStack.ST.stable_on instead
FStar.Monotonic.Seq.fst(273,11-273,22): (Warning 288) FStar.HyperStack.ST.stable_on_t is deprecated, use FStar.HyperStack.ST.stable_on instead
FStar.Monotonic.Seq.fst(320,11-320,22): (Warning 288) FStar.HyperStack.ST.stable_on_t is deprecated, use FStar.HyperStack.ST.stable_on instead
FStar.Monotonic.Seq.fst(343,11-343,22): (Warning 288) FStar.HyperStack.ST.stable_on_t is deprecated, use FStar.HyperStack.ST.stable_on instead
FStar.Monotonic.Seq.fst(369,11-369,22): (Warning 288) FStar.HyperStack.ST.stable_on_t is deprecated, use FStar.HyperStack.ST.stable_on instead
FStar.Monotonic.Seq.fst(386,4-386,14): (Warning 288) FStar.HyperStack.ST.mr_witness is deprecated, use FStar.HyperStack.ST.witness_p instead
FStar.Monotonic.Seq.fst(403,4-403,14): (Warning 288) FStar.HyperStack.ST.mr_witness is deprecated, use FStar.HyperStack.ST.witness_p instead
LowStar.Monotonic.Buffer.fsti(1585,51-1585,68): (Warning 288) FStar.Monotonic.HyperStack.is_eternal_region is deprecated, use FStar.HyperStack.ST.is_eternal_region instead
FStar.UInt.Minus.fst(202,2-217,5): (Error 16) Unknown assertion failed (SMT solver says: unknown because (resource limits reached) (fuel=1; ifuel=1; ); SMT solver says: unknown because (resource limits reached) (fuel=1; ifuel=1; with hint))
Verified module: FStar.UInt.Minus (34420 milliseconds)
1 error was reported (see above)
make[3]: *** [gmake/Makefile.tmpl:29: FStar.UInt.Minus.fst.checked] Error 1
FStar.Integers.fst(440,5-454,43): (Warning 252) (Hint-replay failed): Patterns are incomplete
LowStar.BufferView.fst(79,31-79,33): (Warning 252) (Hint-replay failed): Subtyping check failed; expected type FStar.Seq.Properties.lseq (FStar.Pervasives.dfst vb)
(LowStar.Monotonic.Buffer.length (LowStar.BufferView.as_buffer vb)); got type FStar.Seq.Base.seq (FStar.Pervasives.dfst vb) (see also FStar.Seq.Properties.fst(24,19-24,36))
LowStar.BufferView.fst(84,4-98,24): (Warning 252) (Hint-replay failed): could not prove post-condition (see also LowStar.BufferView.fst(82,11-82,41))
LowStar.BufferView.fst(164,38-164,40): (Warning 252) (Hint-replay failed): Subtyping check failed; expected type FStar.Seq.Properties.lseq (FStar.Pervasives.dfst vb)
(LowStar.Monotonic.Buffer.length (LowStar.BufferView.as_buffer vb)); got type FStar.Seq.Base.seq (FStar.Pervasives.dfst vb) (see also FStar.Seq.Properties.fst(24,19-24,36))
FStar.Tactics.Typeclasses.fst(88,4-134,16): (Warning 252) (Hint-replay failed): Patterns are incomplete
FStar.Tactics.Typeclasses.fst(88,4-134,16): (Warning 252) (Hint-replay failed): Patterns are incomplete
FStar.Buffer.fst(65,4-65,10): (Warning 252) (Hint-replay failed): Subtyping check failed; expected type Prims.nat; got type FStar.UInt.uint_t FStar.UInt32.n (see also prims.fst(410,17-410,23))
FStar.ModifiesGen.fst(210,9-210,54): (Warning 252) (Hint-replay failed): assertion failed
FStar.ModifiesGen.fst(213,9-213,84): (Warning 252) (Hint-replay failed): assertion failed
FStar.ModifiesGen.fst(231,42-231,44): (Warning 252) (Hint-replay failed): could not prove post-condition (see also FStar.ModifiesGen.fsti(167,45-167,50))
FStar.ModifiesGen.fst(408,42-408,44): (Warning 252) (Hint-replay failed): could not prove post-condition (see also FStar.ModifiesGen.fsti(238,11-238,45))
FStar.ModifiesGen.fst(418,8-418,14): (Warning 252) (Hint-replay failed): assertion failed (see also FStar.ModifiesGen.fst(418,15-418,50))
FStar.ModifiesGen.fst(430,43-430,45): (Warning 252) (Hint-replay failed): could not prove post-condition (see also FStar.ModifiesGen.fsti(268,11-268,65))
FStar.ModifiesGen.fst(448,66-448,68): (Warning 252) (Hint-replay failed): could not prove post-condition (see also FStar.ModifiesGen.fsti(300,11-300,81))
FStar.ModifiesGen.fst(450,87-450,89): (Warning 252) (Hint-replay failed): could not prove post-condition (see also FStar.ModifiesGen.fsti(310,11-310,105))
FStar.ModifiesGen.fst(452,84-452,86): (Warning 252) (Hint-replay failed): could not prove post-condition (see also FStar.ModifiesGen.fsti(318,11-318,103))
FStar.ModifiesGen.fst(455,2-455,8): (Warning 252) (Hint-replay failed): assertion failed (see also FStar.ModifiesGen.fst(455,9-455,202))
FStar.ModifiesGen.fst(461,91-461,93): (Warning 252) (Hint-replay failed): could not prove post-condition (see also FStar.ModifiesGen.fsti(336,11-336,111))
FStar.ModifiesGen.fst(551,35-551,37): (Warning 252) (Hint-replay failed): could not prove post-condition (see also FStar.ModifiesGen.fsti(357,11-357,36))
FStar.ModifiesGen.fst(597,91-597,93): (Warning 252) (Hint-replay failed): could not prove post-condition (see also FStar.ModifiesGen.fsti(415,11-415,67))
FStar.ModifiesGen.fst(601,78-601,80): (Warning 252) (Hint-replay failed): could not prove post-condition (see also FStar.ModifiesGen.fsti(439,24-439,42))
FStar.ModifiesGen.fst(618,73-618,75): (Warning 252) (Hint-replay failed): could not prove post-condition (see also FStar.ModifiesGen.fsti(455,2-455,70))
FStar.ModifiesGen.fst(620,73-620,75): (Warning 252) (Hint-replay failed): could not prove post-condition (see also FStar.ModifiesGen.fsti(458,2-458,79))
FStar.ModifiesGen.fst(630,92-630,94): (Warning 252) (Hint-replay failed): could not prove post-condition (see also FStar.ModifiesGen.fsti(463,2-463,91))
FStar.ModifiesGen.fst(632,72-632,74): (Warning 252) (Hint-replay failed): could not prove post-condition (see also FStar.ModifiesGen.fsti(468,2-468,78))
FStar.ModifiesGen.fst(634,94-634,96): (Warning 252) (Hint-replay failed): could not prove post-condition (see also FStar.ModifiesGen.fsti(473,2-473,95))
FStar.ModifiesGen.fst(636,78-636,80): (Warning 252) (Hint-replay failed): could not prove post-condition (see also FStar.ModifiesGen.fsti(478,2-478,73))
FStar.ModifiesGen.fst(977,20-977,25): (Warning 252) (Hint-replay failed): assertion failed (see also FStar.ModifiesGen.fsti(599,15-599,55))
FStar.ModifiesGen.fst(993,55-993,57): (Warning 252) (Hint-replay failed): could not prove post-condition (see also FStar.ModifiesGen.fsti(649,4-649,20))
FStar.ModifiesGen.fst(1009,2-1030,13): (Warning 252) (Hint-replay failed): could not prove post-condition (see also FStar.ModifiesGen.fsti(706,11-706,31))
FStar.ModifiesGen.fst(1034,79-1034,81): (Warning 252) (Hint-replay failed): could not prove post-condition (see also FStar.ModifiesGen.fsti(726,11-726,45))
FStar.ModifiesGen.fst(1057,2-1057,23): (Warning 252) (Hint-replay failed): assertion failed (see also FStar.ModifiesGen.fsti(682,33-682,51))
FStar.ModifiesGen.fst(1085,2-1086,117): (Warning 252) (Hint-replay failed): could not prove post-condition (see also FStar.ModifiesGen.fst(1084,11-1084,28))
FStar.ModifiesGen.fst(1139,2-1139,55): (Warning 252) (Hint-replay failed): could not prove post-condition (see also FStar.ModifiesGen.fst(1138,2-1138,45))
FStar.ModifiesGen.fst(1147,2-1147,4): (Warning 252) (Hint-replay failed): could not prove post-condition (see also FStar.ModifiesGen.fst(1146,2-1146,98))
FStar.ModifiesGen.fst(1155,2-1155,55): (Warning 252) (Hint-replay failed): could not prove post-condition (see also FStar.ModifiesGen.fst(1154,2-1154,66))
FStar.ModifiesGen.fst(1307,2-1312,105): (Warning 252) (Hint-replay failed): could not prove post-condition (see also FStar.ModifiesGen.fsti(868,2-868,59))
FStar.ModifiesGen.fst(1325,20-1325,22): (Warning 252) (Hint-replay failed): could not prove post-condition (see also FStar.ModifiesGen.fsti(503,34-503,59))
FStar.ModifiesGen.fst(1361,2-1361,8): (Warning 252) (Hint-replay failed): assertion failed (see also FStar.ModifiesGen.fst(1361,76-1361,95))
FStar.ModifiesGen.fst(1386,42-1386,44): (Warning 252) (Hint-replay failed): could not prove post-condition (see also FStar.ModifiesGen.fsti(963,11-963,69))
FStar.ModifiesGen.fst(1388,46-1388,48): (Warning 252) (Hint-replay failed): could not prove post-condition (see also FStar.ModifiesGen.fsti(967,11-967,73))
FStar.ModifiesGen.fst(1433,2-1433,20): (Warning 252) (Hint-replay failed): assertion failed (see also FStar.ModifiesGen.fsti(230,35-230,53))
FStar.ModifiesGen.fst(1675,9-1675,171): (Warning 252) (Hint-replay failed): assertion failed
FStar.ModifiesGen.fst(1695,2-1705,39): (Warning 252) (Hint-replay failed): could not prove post-condition (see also FStar.ModifiesGen.fst(1694,11-1694,84))
FStar.ModifiesGen.fst(1731,41-1731,60): (Warning 252) (Hint-replay failed): could not prove post-condition
FStar.ModifiesGen.fst(1827,2-1835,39): (Warning 252) (Hint-replay failed): could not prove post-condition (see also FStar.ModifiesGen.fst(1826,11-1826,42))
FStar.ModifiesGen.fst(1894,4-1894,10): (Warning 252) (Hint-replay failed): assertion failed (see also FStar.ModifiesGen.fst(1894,11-1905,7))
FStar.ModifiesGen.fst(1937,4-1937,21): (Warning 252) (Hint-replay failed): Subtyping check failed; expected type aux:
FStar.Ghost.erased (FStar.GSet.set (FStar.ModifiesGen.aloc (c b)))
{ FStar.GSet.subset (FStar.ModifiesGen.aloc_domain (c b) regions live_addrs)
(FStar.Ghost.reveal aux) /\
FStar.GSet.subset (FStar.Ghost.reveal aux)
(FStar.ModifiesGen.aloc_domain (c b) regions (fun _ -> FStar.GSet.complement FStar.GSet.empty)
) }; got type FStar.Ghost.erased (FStar.GSet.set (FStar.ModifiesGen.aloc (c b))) (see also FStar.ModifiesGen.fst(54,8-54,71))
FStar.ModifiesGen.fst(1940,9-1940,68): (Warning 252) (Hint-replay failed): assertion failed
FStar.ModifiesGen.fst(1946,9-1946,119): (Warning 252) (Hint-replay failed): assertion failed
FStar.ModifiesGen.fst(1949,9-1949,121): (Warning 252) (Hint-replay failed): assertion failed
FStar.ModifiesGen.fst(1952,9-1952,113): (Warning 252) (Hint-replay failed): assertion failed
FStar.ModifiesGen.fst(2009,9-2009,98): (Warning 252) (Hint-replay failed): assertion failed
FStar.ModifiesGen.fst(2020,2-2026,167): (Warning 252) (Hint-replay failed): could not prove post-condition (see also FStar.ModifiesGen.fsti(1171,2-1171,78))
FStar.ModifiesGen.fst(2043,2-2055,81): (Warning 252) (Hint-replay failed): could not prove post-condition (see also FStar.ModifiesGen.fsti(1177,2-1177,62))
FStar.ModifiesGen.fst(2075,9-2075,56): (Warning 252) (Hint-replay failed): assertion failed
FStar.ModifiesGen.fst(2078,9-2078,48): (Warning 252) (Hint-replay failed): assertion failed
FStar.ModifiesGen.fst(2084,9-2084,98): (Warning 252) (Hint-replay failed): assertion failed
LowStar.Monotonic.Buffer.fsti(1585,51-1585,68): (Warning 288) FStar.Monotonic.HyperStack.is_eternal_region is deprecated, use FStar.HyperStack.ST.is_eternal_region instead
LowStar.Monotonic.Buffer.fst(631,2-631,21): (Warning 252) (Hint-replay failed): assertion failed (see also LowStar.Monotonic.Buffer.fst(617,20-617,139))
LowStar.Monotonic.Buffer.fst(954,29-954,30): (Warning 252) (Hint-replay failed): Subtyping check failed; expected type _: LowStar.Monotonic.Buffer.mbuffer _ _ _ {Buffer? _}; got type LowStar.Monotonic.Buffer.mbuffer _ _ _ (see also LowStar.Monotonic.Buffer.fst(73,4-73,10))
LowStar.Monotonic.Buffer.fst(965,2-971,61): (Warning 252) (Hint-replay failed): could not prove post-condition (see also LowStar.Monotonic.Buffer.fsti(1713,40-1713,73))
make[3]: Target 'verify-core' not remade because of errors.
make[2]: *** [Makefile:12: all] Error 2
make[1]: *** [Makefile:193: fstarlib] Error 2
make: *** [Makefile:176: utest-prelude] Error 2
Command exited with non-zero status 2
15.28user 55.11system 9:24.79elapsed 12%CPU (0avgtext+0avgdata 24969044maxresident)k
0inputs+0outputs (6537653major+0minor)pagefaults 0swaps
