From https://github.com/mitls/mitls-fstar
747438d4..573f15c9  cleanup-kremlib-2 -> origin/cleanup-kremlib-2
dos2unix: converting file parser/parse.fsi to Unix format...
Warning: you are using the standard library and/or the %inline keyword. We
recommend switching on --infer in order to avoid obscure type error messages.
warning: CRLF will be replaced by LF in src/parser/parse.fsy.
The file will have its original line endings in your working directory.
FStar.Ghost.fsti(0,0-0,0): (Warning 241) Absent cache file FStar.Ghost.fsti.checked.lax; will recheck FStar.Ghost.fsti and all subsequent files
FStar.List.Pure.Base.fst(0,0-0,0): (Warning 241) Absent cache file FStar.List.Pure.Base.fst.checked.lax; will recheck FStar.List.Pure.Base.fst and all subsequent files
FStar.Int31.fst(0,0-0,0): (Warning 241) Absent cache file FStar.Int31.fst.checked.lax; will recheck FStar.Int31.fst and all subsequent files
FStar.Map.fst(0,0-0,0): (Warning 241) Absent cache file FStar.Map.fst.checked.lax; will recheck FStar.Map.fst and all subsequent files
FStar.Algebra.CommMonoid.fst(0,0-0,0): (Warning 241) Absent cache file FStar.Algebra.CommMonoid.fst.checked.lax; will recheck FStar.Algebra.CommMonoid.fst and all subsequent files
FStar.Reader.fst(0,0-0,0): (Warning 241) Absent cache file FStar.Reader.fst.checked.lax; will recheck FStar.Reader.fst and all subsequent files
FStar.MarkovsPrinciple.fst(0,0-0,0): (Warning 241) Absent cache file FStar.MarkovsPrinciple.fst.checked.lax; will recheck FStar.MarkovsPrinciple.fst and all subsequent files
FStar.DependentMap.fst(0,0-0,0): (Warning 241) Absent cache file FStar.DependentMap.fst.checked.lax; will recheck FStar.DependentMap.fst and all subsequent files
FStar.Seq.Sorted.fst(0,0-0,0): (Warning 241) Absent cache file FStar.Seq.Sorted.fst.checked.lax; will recheck FStar.Seq.Sorted.fst and all subsequent files
FStar.Algebra.Monoid.fst(0,0-0,0): (Warning 241) Absent cache file FStar.Algebra.Monoid.fst.checked.lax; will recheck FStar.Algebra.Monoid.fst and all subsequent files
FStar.Ref.fst(0,0-0,0): (Warning 241) Absent cache file FStar.Ref.fst.checked.lax; will recheck FStar.Ref.fst and all subsequent files
FStar.Int128.fst(0,0-0,0): (Warning 241) Absent cache file FStar.Int128.fst.checked.lax; will recheck FStar.Int128.fst and all subsequent files
FStar.UInt31.fst(0,0-0,0): (Warning 241) Absent cache file FStar.UInt31.fst.checked.lax; will recheck FStar.UInt31.fst and all subsequent files
FStar.List.fst(0,0-0,0): (Warning 241) Absent cache file FStar.List.fst.checked.lax; will recheck FStar.List.fst and all subsequent files
FStar.IO.fst(0,0-0,0): (Warning 241) Absent cache file FStar.IO.fst.checked.lax; will recheck FStar.IO.fst and all subsequent files
FStar.IndefiniteDescription.fst(0,0-0,0): (Warning 241) Absent cache file FStar.IndefiniteDescription.fst.checked.lax; will recheck FStar.IndefiniteDescription.fst and all subsequent files
FStar.Relational.Relational.fst(0,0-0,0): (Warning 241) Absent cache file FStar.Relational.Relational.fst.checked.lax; will recheck FStar.Relational.Relational.fst and all subsequent files
FStar.Int63.fst(0,0-0,0): (Warning 241) Absent cache file FStar.Int63.fst.checked.lax; will recheck FStar.Int63.fst and all subsequent files
FStar.WellFounded.fst(0,0-0,0): (Warning 241) Absent cache file FStar.WellFounded.fst.checked.lax; will recheck FStar.WellFounded.fst and all subsequent files
FStar.UInt63.fst(0,0-0,0): (Warning 241) Absent cache file FStar.UInt63.fst.checked.lax; will recheck FStar.UInt63.fst and all subsequent files
FStar.SquashEffect.fst(0,0-0,0): (Warning 241) Absent cache file FStar.SquashEffect.fst.checked.lax; will recheck FStar.SquashEffect.fst and all subsequent files
FStar.UInt128.fsti(0,0-0,0): (Warning 241) Absent cache file FStar.UInt128.fsti.checked.lax; will recheck FStar.UInt128.fsti and all subsequent files
FStar.Axiomatic.Array.fst(0,0-0,0): (Warning 241) Absent cache file FStar.Axiomatic.Array.fst.checked.lax; will recheck FStar.Axiomatic.Array.fst and all subsequent files
FStar.Constructive.fst(0,0-0,0): (Warning 241) Absent cache file FStar.Constructive.fst.checked.lax; will recheck FStar.Constructive.fst and all subsequent files
FStar.OrdSet.fst(0,0-0,0): (Warning 241) Absent cache file FStar.OrdSet.fst.checked.lax; will recheck FStar.OrdSet.fst and all subsequent files
FStar.MRef.fst(0,0-0,0): (Warning 241) Absent cache file FStar.MRef.fst.checked.lax; will recheck FStar.MRef.fst and all subsequent files
FStar.TwoLevelHeap.fst(0,0-0,0): (Warning 241) Absent cache file FStar.TwoLevelHeap.fst.checked.lax; will recheck FStar.TwoLevelHeap.fst and all subsequent files
FStar.Fin.fst(0,0-0,0): (Warning 241) Absent cache file FStar.Fin.fst.checked.lax; will recheck FStar.Fin.fst and all subsequent files
FStar.Squash.fst(0,0-0,0): (Warning 241) Absent cache file FStar.Squash.fst.checked.lax; will recheck FStar.Squash.fst and all subsequent files
FStar.Classical.fst(0,0-0,0): (Warning 241) Absent cache file FStar.Classical.fst.checked.lax; will recheck FStar.Classical.fst and all subsequent files
FStar.ErasedLogic.fst(0,0-0,0): (Warning 241) Absent cache file FStar.ErasedLogic.fst.checked.lax; will recheck FStar.ErasedLogic.fst and all subsequent files
FStar.Array.fst(0,0-0,0): (Warning 241) Absent cache file FStar.Array.fst.checked.lax; will recheck FStar.Array.fst and all subsequent files
FStar.List.Pure.Properties.fst(0,0-0,0): (Warning 241) Absent cache file FStar.List.Pure.Properties.fst.checked.lax; will recheck FStar.List.Pure.Properties.fst and all subsequent files
FStar.Monotonic.Witnessed.fst(0,0-0,0): (Warning 241) Absent cache file FStar.Monotonic.Witnessed.fst.checked.lax; will recheck FStar.Monotonic.Witnessed.fst and all subsequent files
FStar.Monotonic.HyperHeap.fst(0,0-0,0): (Warning 241) Absent cache file FStar.Monotonic.HyperHeap.fst.checked.lax; will recheck FStar.Monotonic.HyperHeap.fst and all subsequent files
FStar.OrdSetProps.fst(0,0-0,0): (Warning 241) Absent cache file FStar.OrdSetProps.fst.checked.lax; will recheck FStar.OrdSetProps.fst and all subsequent files
FStar.OrdMap.fst(0,0-0,0): (Warning 241) Absent cache file FStar.OrdMap.fst.checked.lax; will recheck FStar.OrdMap.fst and all subsequent files
FStar.String.fsti(0,0-0,0): (Warning 241) Absent cache file FStar.String.fsti.checked.lax; will recheck FStar.String.fsti and all subsequent files
FStar.Relational.Comp.fst(0,0-0,0): (Warning 241) Absent cache file FStar.Relational.Comp.fst.checked.lax; will recheck FStar.Relational.Comp.fst and all subsequent files
FStar.Error.fst(0,0-0,0): (Warning 241) Absent cache file FStar.Error.fst.checked.lax; will recheck FStar.Error.fst and all subsequent files
FStar.Int.Cast.fst(0,0-0,0): (Warning 241) Absent cache file FStar.Int.Cast.fst.checked.lax; will recheck FStar.Int.Cast.fst and all subsequent files
FStar.List.Pure.fst(0,0-0,0): (Warning 241) Absent cache file FStar.List.Pure.fst.checked.lax; will recheck FStar.List.Pure.fst and all subsequent files
FStar.BV.fst(0,0-0,0): (Warning 241) Absent cache file FStar.BV.fst.checked.lax; will recheck FStar.BV.fst and all subsequent files
FStar.SquashProperties.fst(0,0-0,0): (Warning 241) Absent cache file FStar.SquashProperties.fst.checked.lax; will recheck FStar.SquashProperties.fst and all subsequent files
FStar.Universe.fst(0,0-0,0): (Warning 241) Absent cache file FStar.Universe.fst.checked.lax; will recheck FStar.Universe.fst and all subsequent files
FStar.OrdMapProps.fst(0,0-0,0): (Warning 241) Absent cache file FStar.OrdMapProps.fst.checked.lax; will recheck FStar.OrdMapProps.fst and all subsequent files
FStar.Integers.fst(0,0-0,0): (Warning 241) Absent cache file FStar.Integers.fst.checked.lax; will recheck FStar.Integers.fst and all subsequent files
FStar.Relational.State.fst(0,0-0,0): (Warning 241) Absent cache file FStar.Relational.State.fst.checked.lax; will recheck FStar.Relational.State.fst and all subsequent files
FStar.Monotonic.HyperStack.fst(0,0-0,0): (Warning 241) Absent cache file FStar.Monotonic.HyperStack.fst.checked.lax; will recheck FStar.Monotonic.HyperStack.fst and all subsequent files
FStar.Int.Cast.Full.fst(0,0-0,0): (Warning 241) Absent cache file FStar.Int.Cast.Full.fst.checked.lax; will recheck FStar.Int.Cast.Full.fst and all subsequent files
FStar.HyperStack.fst(0,0-0,0): (Warning 241) Absent cache file FStar.HyperStack.fst.checked.lax; will recheck FStar.HyperStack.fst and all subsequent files
FStar.UInt128.fst(0,0-0,0): (Warning 241) Absent cache file FStar.UInt128.fst.checked.lax; will recheck FStar.UInt128.fst and all subsequent files
FStar.HyperStack.ST.fst(0,0-0,0): (Warning 241) Absent cache file FStar.HyperStack.ST.fst.checked.lax; will recheck FStar.HyperStack.ST.fst and all subsequent files
FStar.Monotonic.Map.fst(0,0-0,0): (Warning 241) Absent cache file FStar.Monotonic.Map.fst.checked.lax; will recheck FStar.Monotonic.Map.fst and all subsequent files
FStar.Monotonic.Seq.fst(0,0-0,0): (Warning 241) Absent cache file FStar.Monotonic.Seq.fst.checked.lax; will recheck FStar.Monotonic.Seq.fst and all subsequent files
FStar.Monotonic.DependentMap.fst(0,0-0,0): (Warning 241) Absent cache file FStar.Monotonic.DependentMap.fst.checked.lax; will recheck FStar.Monotonic.DependentMap.fst and all subsequent files
FStar.Pointer.Base.fsti(0,0-0,0): (Warning 241) Absent cache file FStar.Pointer.Base.fsti.checked.lax; will recheck FStar.Pointer.Base.fsti and all subsequent files
FStar.Buffer.fst(0,0-0,0): (Warning 241) Absent cache file FStar.Buffer.fst.checked.lax; will recheck FStar.Buffer.fst and all subsequent files
FStar.Pointer.Derived1.fsti(0,0-0,0): (Warning 241) Absent cache file FStar.Pointer.Derived1.fsti.checked.lax; will recheck FStar.Pointer.Derived1.fsti and all subsequent files
FStar.Buffer.Quantifiers.fst(0,0-0,0): (Warning 241) Absent cache file FStar.Buffer.Quantifiers.fst.checked.lax; will recheck FStar.Buffer.Quantifiers.fst and all subsequent files
FStar.Pointer.Derived3.fsti(0,0-0,0): (Warning 241) Absent cache file FStar.Pointer.Derived3.fsti.checked.lax; will recheck FStar.Pointer.Derived3.fsti and all subsequent files
FStar.Pointer.Derived2.fsti(0,0-0,0): (Warning 241) Absent cache file FStar.Pointer.Derived2.fsti.checked.lax; will recheck FStar.Pointer.Derived2.fsti and all subsequent files
FStar.Modifies.fst(0,0-0,0): (Warning 241) Absent cache file FStar.Modifies.fst.checked.lax; will recheck FStar.Modifies.fst and all subsequent files
FStar.Pointer.fst(0,0-0,0): (Warning 241) Absent cache file FStar.Pointer.fst.checked.lax; will recheck FStar.Pointer.fst and all subsequent files
FStar.Pointer.Base.fst(0,0-0,0): (Warning 241) Absent cache file FStar.Pointer.Base.fst.checked.lax; will recheck FStar.Pointer.Base.fst and all subsequent files
FStar.Reflection.Const.fst(0,0-0,0): (Warning 241) Absent cache file FStar.Reflection.Const.fst.checked.lax; will recheck FStar.Reflection.Const.fst and all subsequent files
FStar.Reflection.Types.fsti(0,0-0,0): (Warning 241) Absent cache file FStar.Reflection.Types.fsti.checked.lax; will recheck FStar.Reflection.Types.fsti and all subsequent files
FStar.Order.fst(0,0-0,0): (Warning 241) Absent cache file FStar.Order.fst.checked.lax; will recheck FStar.Order.fst and all subsequent files
FStar.Range.fsti(0,0-0,0): (Warning 241) Absent cache file FStar.Range.fsti.checked.lax; will recheck FStar.Range.fsti and all subsequent files
FStar.Tactics.Types.fsti(0,0-0,0): (Warning 241) Absent cache file FStar.Tactics.Types.fsti.checked.lax; will recheck FStar.Tactics.Types.fsti and all subsequent files
FStar.BV.fsti(0,0-0,0): (Warning 241) Absent cache file FStar.BV.fsti.checked.lax; will recheck FStar.BV.fsti and all subsequent files
FStar.Reflection.Data.fst(0,0-0,0): (Warning 241) Absent cache file FStar.Reflection.Data.fst.checked.lax; will recheck FStar.Reflection.Data.fst and all subsequent files
FStar.Tactics.Result.fst(0,0-0,0): (Warning 241) Absent cache file FStar.Tactics.Result.fst.checked.lax; will recheck FStar.Tactics.Result.fst and all subsequent files
FStar.Reflection.Basic.fst(0,0-0,0): (Warning 241) Absent cache file FStar.Reflection.Basic.fst.checked.lax; will recheck FStar.Reflection.Basic.fst and all subsequent files
FStar.Tactics.Effect.fst(0,0-0,0): (Warning 241) Absent cache file FStar.Tactics.Effect.fst.checked.lax; will recheck FStar.Tactics.Effect.fst and all subsequent files
FStar.Tactics.Util.fst(0,0-0,0): (Warning 241) Absent cache file FStar.Tactics.Util.fst.checked.lax; will recheck FStar.Tactics.Util.fst and all subsequent files
FStar.Tactics.Builtins.fst(0,0-0,0): (Warning 241) Absent cache file FStar.Tactics.Builtins.fst.checked.lax; will recheck FStar.Tactics.Builtins.fst and all subsequent files
FStar.Reflection.Derived.fst(0,0-0,0): (Warning 241) Absent cache file FStar.Reflection.Derived.fst.checked.lax; will recheck FStar.Reflection.Derived.fst and all subsequent files
FStar.Reflection.Derived.Lemmas.fst(0,0-0,0): (Warning 241) Absent cache file FStar.Reflection.Derived.Lemmas.fst.checked.lax; will recheck FStar.Reflection.Derived.Lemmas.fst and all subsequent files
FStar.Reflection.Formula.fst(0,0-0,0): (Warning 241) Absent cache file FStar.Reflection.Formula.fst.checked.lax; will recheck FStar.Reflection.Formula.fst and all subsequent files
FStar.Reflection.fst(0,0-0,0): (Warning 241) Absent cache file FStar.Reflection.fst.checked.lax; will recheck FStar.Reflection.fst and all subsequent files
FStar.Tactics.Derived.fst(0,0-0,0): (Warning 241) Absent cache file FStar.Tactics.Derived.fst.checked.lax; will recheck FStar.Tactics.Derived.fst and all subsequent files
FStar.Tactics.Logic.fst(0,0-0,0): (Warning 241) Absent cache file FStar.Tactics.Logic.fst.checked.lax; will recheck FStar.Tactics.Logic.fst and all subsequent files
FStar.Tactics.fst(0,0-0,0): (Warning 241) Absent cache file FStar.Tactics.fst.checked.lax; will recheck FStar.Tactics.fst and all subsequent files
FStar.Tactics.Simplifier.fst(0,0-0,0): (Warning 241) Absent cache file FStar.Tactics.Simplifier.fst.checked.lax; will recheck FStar.Tactics.Simplifier.fst and all subsequent files
FStar.Reflection.Arith.fst(0,0-0,0): (Warning 241) Absent cache file FStar.Reflection.Arith.fst.checked.lax; will recheck FStar.Reflection.Arith.fst and all subsequent files
FStar.Tactics.Arith.fst(0,0-0,0): (Warning 241) Absent cache file FStar.Tactics.Arith.fst.checked.lax; will recheck FStar.Tactics.Arith.fst and all subsequent files
FStar.Tactics.PatternMatching.fst(0,0-0,0): (Warning 241) Absent cache file FStar.Tactics.PatternMatching.fst.checked.lax; will recheck FStar.Tactics.PatternMatching.fst and all subsequent files
FStar.Tactics.Canon.fst(0,0-0,0): (Warning 241) Absent cache file FStar.Tactics.Canon.fst.checked.lax; will recheck FStar.Tactics.Canon.fst and all subsequent files
FStar.Tactics.BV.fst(0,0-0,0): (Warning 241) Absent cache file FStar.Tactics.BV.fst.checked.lax; will recheck FStar.Tactics.BV.fst and all subsequent files
/bin/sh: fstar.exe: command not found
make[3]: *** [gmake/Makefile.tmpl:79: .depend] Error 127
make[3]: Failed to remake makefile '.depend'.
make[3]: fstar.exe: Command not found
make[3]: *** [gmake/Makefile.tmpl:29: FStar.Vector.Properties.fst.checked] Error 127
make[3]: fstar.exe: Command not found
make[3]: *** [gmake/Makefile.tmpl:29: FStar.Printf.fst.checked] Error 127
make[3]: fstar.exe: Command not found
make[3]: *** [gmake/Makefile.tmpl:29: FStar.Integers.fst.checked] Error 127
make[3]: fstar.exe: Command not found
make[3]: *** [gmake/Makefile.tmpl:29: FStar.Reader.fst.checked] Error 127
make[3]: fstar.exe: Command not found
make[3]: *** [gmake/Makefile.tmpl:29: FStar.TwoLevelHeap.fst.checked] Error 127
make[3]: fstar.exe: Command not found
make[3]: *** [gmake/Makefile.tmpl:29: FStar.Tactics.Logic.fst.checked] Error 127
make[3]: fstar.exe: Command not found
make[3]: *** [gmake/Makefile.tmpl:29: FStar.Crypto.fst.checked] Error 127
make[3]: fstar.exe: Command not found
make[3]: *** [gmake/Makefile.tmpl:29: FStar.UInt.fst.checked] Error 127
make[3]: fstar.exe: Command not found
make[3]: *** [gmake/Makefile.tmpl:29: FStar.IO.fst.checked] Error 127
make[3]: fstar.exe: Command not found
make[3]: *** [gmake/Makefile.tmpl:29: FStar.TSet.fst.checked] Error 127
make[3]: fstar.exe: Command not found
make[3]: *** [gmake/Makefile.tmpl:29: FStar.Int16.fst.checked] Error 127
make[3]: fstar.exe: Command not found
make[3]: *** [gmake/Makefile.tmpl:29: FStar.Pervasives.Native.fst.checked] Error 127
make[3]: fstar.exe: Command not found
make[3]: *** [gmake/Makefile.tmpl:29: FStar.Buffer.fst.checked] Error 127
make[3]: fstar.exe: Command not found
make[3]: *** [gmake/Makefile.tmpl:29: FStar.Option.fst.checked] Error 127
make[3]: fstar.exe: Command not found
make[3]: *** [gmake/Makefile.tmpl:29: FStar.Seq.fst.checked] Error 127
make[3]: fstar.exe: Command not found
make[3]: *** [gmake/Makefile.tmpl:29: FStar.FunctionalExtensionality.fst.checked] Error 127
make[3]: fstar.exe: Command not found
make[3]: *** [gmake/Makefile.tmpl:29: FStar.BitVector.fst.checked] Error 127
make[3]: fstar.exe: Command not found
make[3]: *** [gmake/Makefile.tmpl:29: FStar.PropositionalExtensionality.fst.checked] Error 127
make[3]: fstar.exe: Command not found
make[3]: *** [gmake/Makefile.tmpl:29: FStar.Set.fst.checked] Error 127
make[3]: fstar.exe: Command not found
make[3]: *** [gmake/Makefile.tmpl:29: FStar.Tactics.Builtins.fst.checked] Error 127
make[3]: fstar.exe: Command not found
make[3]: *** [gmake/Makefile.tmpl:29: FStar.Reflection.Data.fst.checked] Error 127
make[3]: fstar.exe: Command not found
make[3]: *** [gmake/Makefile.tmpl:29: FStar.Heap.fst.checked] Error 127
make[3]: fstar.exe: Command not found
make[3]: *** [gmake/Makefile.tmpl:29: FStar.Util.fst.checked] Error 127
make[3]: fstar.exe: Command not found
make[3]: *** [gmake/Makefile.tmpl:29: FStar.Reflection.Basic.fst.checked] Error 127
make[3]: fstar.exe: Command not found
make[3]: *** [gmake/Makefile.tmpl:29: FStar.IndefiniteDescription.fst.checked] Error 127
make[3]: fstar.exe: Command not found
make[3]: *** [gmake/Makefile.tmpl:29: FStar.Seq.Base.fst.checked] Error 127
make[3]: fstar.exe: Command not found
make[3]: *** [gmake/Makefile.tmpl:29: FStar.ErasedLogic.fst.checked] Error 127
make[3]: fstar.exe: Command not found
make[3]: *** [gmake/Makefile.tmpl:29: FStar.SquashProperties.fst.checked] Error 127
make[3]: fstar.exe: Command not found
make[3]: *** [gmake/Makefile.tmpl:29: FStar.List.Tot.fst.checked] Error 127
make[3]: fstar.exe: Command not found
make[3]: *** [gmake/Makefile.tmpl:29: FStar.UInt128.fst.checked] Error 127
make[3]: fstar.exe: Command not found
make[3]: *** [gmake/Makefile.tmpl:29: FStar.Tactics.Derived.fst.checked] Error 127
make[3]: fstar.exe: Command not found
make[3]: *** [gmake/Makefile.tmpl:29: FStar.All.fst.checked] Error 127
make[3]: fstar.exe: Command not found
make[3]: *** [gmake/Makefile.tmpl:29: FStar.Pervasives.fst.checked] Error 127
make[3]: fstar.exe: Command not found
make[3]: *** [gmake/Makefile.tmpl:29: FStar.Seq.Properties.fst.checked] Error 127
make[3]: fstar.exe: Command not found
make[3]: *** [gmake/Makefile.tmpl:29: FStar.Monotonic.DependentMap.fst.checked] Error 127
make[3]: fstar.exe: Command not found
make[3]: *** [gmake/Makefile.tmpl:29: FStar.Order.fst.checked] Error 127
make[3]: fstar.exe: Command not found
make[3]: *** [gmake/Makefile.tmpl:29: FStar.List.fst.checked] Error 127
make[3]: fstar.exe: Command not found
make[3]: *** [gmake/Makefile.tmpl:29: FStar.Pointer.fst.checked] Error 127
make[3]: fstar.exe: Command not found
make[3]: *** [gmake/Makefile.tmpl:29: FStar.Pointer.Derived3.fst.checked] Error 127
make[3]: fstar.exe: Command not found
make[3]: *** [gmake/Makefile.tmpl:29: FStar.Int128.fst.checked] Error 127
make[3]: fstar.exe: Command not found
make[3]: *** [gmake/Makefile.tmpl:29: FStar.BV.fst.checked] Error 127
make[3]: fstar.exe: Command not found
make[3]: *** [gmake/Makefile.tmpl:29: FStar.WellFounded.fst.checked] Error 127
make[3]: fstar.exe: Command not found
make[3]: *** [gmake/Makefile.tmpl:29: FStar.Relational.Comp.fst.checked] Error 127
make[3]: fstar.exe: Command not found
make[3]: *** [gmake/Makefile.tmpl:29: FStar.MarkovsPrinciple.fst.checked] Error 127
make[3]: fstar.exe: Command not found
make[3]: *** [gmake/Makefile.tmpl:29: FStar.ST.fst.checked] Error 127
make[3]: fstar.exe: Command not found
make[3]: *** [gmake/Makefile.tmpl:29: FStar.Relational.Relational.fst.checked] Error 127
make[3]: fstar.exe: Command not found
make[3]: *** [gmake/Makefile.tmpl:29: FStar.UInt31.fst.checked] Error 127
make[3]: fstar.exe: Command not found
make[3]: *** [gmake/Makefile.tmpl:29: FStar.Tactics.Util.fst.checked] Error 127
make[3]: fstar.exe: Command not found
make[3]: *** [gmake/Makefile.tmpl:29: FStar.Vector.fst.checked] Error 127
make[3]: fstar.exe: Command not found
make[3]: *** [gmake/Makefile.tmpl:29: FStar.MRef.fst.checked] Error 127
make[3]: fstar.exe: Command not found
make[3]: *** [gmake/Makefile.tmpl:29: FStar.Reflection.Derived.Lemmas.fst.checked] Error 127
make[3]: fstar.exe: Command not found
make[3]: *** [gmake/Makefile.tmpl:29: FStar.List.Pure.fst.checked] Error 127
make[3]: fstar.exe: Command not found
make[3]: *** [gmake/Makefile.tmpl:29: FStar.HyperStack.fst.checked] Error 127
make[3]: fstar.exe: Command not found
make[3]: *** [gmake/Makefile.tmpl:29: FStar.Exn.fst.checked] Error 127
make[3]: fstar.exe: Command not found
make[3]: *** [gmake/Makefile.tmpl:29: FStar.Reflection.Formula.fst.checked] Error 127
make[3]: fstar.exe: Command not found
make[3]: *** [gmake/Makefile.tmpl:29: FStar.Universe.fst.checked] Error 127
make[3]: fstar.exe: Command not found
make[3]: *** [gmake/Makefile.tmpl:29: FStar.OrdMap.fst.checked] Error 127
make[3]: fstar.exe: Command not found
make[3]: *** [gmake/Makefile.tmpl:29: FStar.Monotonic.Seq.fst.checked] Error 127
make[3]: fstar.exe: Command not found
make[3]: *** [gmake/Makefile.tmpl:29: FStar.Buffer.Quantifiers.fst.checked] Error 127
make[3]: fstar.exe: Command not found
make[3]: *** [gmake/Makefile.tmpl:29: FStar.UInt16.fst.checked] Error 127
make[3]: fstar.exe: Command not found
make[3]: *** [gmake/Makefile.tmpl:29: FStar.Tactics.BV.fst.checked] Error 127
make[3]: fstar.exe: Command not found
make[3]: *** [gmake/Makefile.tmpl:29: FStar.Int.fst.checked] Error 127
make[3]: fstar.exe: Command not found
make[3]: *** [gmake/Makefile.tmpl:29: FStar.Int31.fst.checked] Error 127
make[3]: fstar.exe: Command not found
make[3]: *** [gmake/Makefile.tmpl:29: FStar.Ref.fst.checked] Error 127
make[3]: fstar.exe: Command not found
make[3]: *** [gmake/Makefile.tmpl:29: FStar.List.Tot.Base.fst.checked] Error 127
make[3]: fstar.exe: Command not found
make[3]: *** [gmake/Makefile.tmpl:29: FStar.Monotonic.HyperStack.fst.checked] Error 127
make[3]: fstar.exe: Command not found
make[3]: *** [gmake/Makefile.tmpl:29: FStar.Classical.fst.checked] Error 127
make[3]: fstar.exe: Command not found
make[3]: *** [gmake/Makefile.tmpl:29: FStar.Constructive.fst.checked] Error 127
make[3]: fstar.exe: Command not found
make[3]: *** [gmake/Makefile.tmpl:29: FStar.OrdSet.fst.checked] Error 127
make[3]: fstar.exe: Command not found
make[3]: *** [gmake/Makefile.tmpl:29: FStar.Map.fst.checked] Error 127
make[3]: fstar.exe: Command not found
make[3]: *** [gmake/Makefile.tmpl:29: FStar.DependentMap.fst.checked] Error 127
make[3]: fstar.exe: Command not found
make[3]: *** [gmake/Makefile.tmpl:29: FStar.Reflection.Arith.fst.checked] Error 127
make[3]: fstar.exe: Command not found
make[3]: *** [gmake/Makefile.tmpl:29: FStar.BufferNG.fst.checked] Error 127
make[3]: fstar.exe: Command not found
make[3]: *** [gmake/Makefile.tmpl:29: FStar.Monotonic.HyperHeap.fst.checked] Error 127
make[3]: fstar.exe: Command not found
make[3]: *** [gmake/Makefile.tmpl:29: FStar.Int.Cast.fst.checked] Error 127
make[3]: fstar.exe: Command not found
make[3]: *** [gmake/Makefile.tmpl:29: FStar.SquashEffect.fst.checked] Error 127
make[3]: fstar.exe: Command not found
make[3]: *** [gmake/Makefile.tmpl:29: FStar.Tactics.Canon.fst.checked] Error 127
make[3]: fstar.exe: Command not found
make[3]: *** [gmake/Makefile.tmpl:29: FStar.PredicateExtensionality.fst.checked] Error 127
make[3]: fstar.exe: Command not found
make[3]: *** [gmake/Makefile.tmpl:29: FStar.Reflection.Const.fst.checked] Error 127
make[3]: fstar.exe: Command not found
make[3]: *** [gmake/Makefile.tmpl:29: FStar.List.Tot.Properties.fst.checked] Error 127
make[3]: fstar.exe: Command not found
make[3]: *** [gmake/Makefile.tmpl:29: FStar.Monotonic.Map.fst.checked] Error 127
make[3]: fstar.exe: Command not found
make[3]: *** [gmake/Makefile.tmpl:29: FStar.Tactics.Arith.fst.checked] Error 127
make[3]: fstar.exe: Command not found
make[3]: *** [gmake/Makefile.tmpl:29: FStar.Squash.fst.checked] Error 127
make[3]: fstar.exe: Command not found
make[3]: *** [gmake/Makefile.tmpl:29: FStar.TaggedUnion.fst.checked] Error 127
make[3]: fstar.exe: Command not found
make[3]: *** [gmake/Makefile.tmpl:29: FStar.UInt64.fst.checked] Error 127
make[3]: fstar.exe: Command not found
make[3]: *** [gmake/Makefile.tmpl:29: FStar.Vector.Base.fst.checked] Error 127
make[3]: fstar.exe: Command not found
make[3]: *** [gmake/Makefile.tmpl:29: FStar.HyperStack.All.fst.checked] Error 127
make[3]: fstar.exe: Command not found
make[3]: *** [gmake/Makefile.tmpl:29: FStar.Algebra.CommMonoid.fst.checked] Error 127
make[3]: fstar.exe: Command not found
make[3]: *** [gmake/Makefile.tmpl:29: FStar.Int64.fst.checked] Error 127
make[3]: fstar.exe: Command not found
make[3]: *** [gmake/Makefile.tmpl:29: FStar.Error.fst.checked] Error 127
make[3]: fstar.exe: Command not found
make[3]: *** [gmake/Makefile.tmpl:29: FStar.Int32.fst.checked] Error 127
make[3]: fstar.exe: Command not found
make[3]: *** [gmake/Makefile.tmpl:29: FStar.Int.Cast.Full.fst.checked] Error 127
make[3]: fstar.exe: Command not found
make[3]: *** [gmake/Makefile.tmpl:29: FStar.Reflection.Derived.fst.checked] Error 127
make[3]: fstar.exe: Command not found
make[3]: *** [gmake/Makefile.tmpl:29: FStar.Tactics.Result.fst.checked] Error 127
make[3]: fstar.exe: Command not found
make[3]: *** [gmake/Makefile.tmpl:29: FStar.Tactics.Simplifier.fst.checked] Error 127
make[3]: fstar.exe: Command not found
make[3]: *** [gmake/Makefile.tmpl:29: FStar.Preorder.fst.checked] Error 127
make[3]: fstar.exe: Command not found
make[3]: *** [gmake/Makefile.tmpl:29: FStar.HyperStack.ST.fst.checked] Error 127
make[3]: fstar.exe: Command not found
make[3]: *** [gmake/Makefile.tmpl:29: FStar.List.Pure.Base.fst.checked] Error 127
make[3]: fstar.exe: Command not found
make[3]: *** [gmake/Makefile.tmpl:29: FStar.Algebra.Monoid.fst.checked] Error 127
make[3]: fstar.exe: Command not found
make[3]: *** [gmake/Makefile.tmpl:29: FStar.UInt32.fst.checked] Error 127
make[3]: fstar.exe: Command not found
make[3]: *** [gmake/Makefile.tmpl:29: FStar.Math.Lib.fst.checked] Error 127
make[3]: fstar.exe: Command not found
make[3]: *** [gmake/Makefile.tmpl:29: FStar.Array.fst.checked] Error 127
make[3]: fstar.exe: Command not found
make[3]: *** [gmake/Makefile.tmpl:29: FStar.StrongExcludedMiddle.fst.checked] Error 127
make[3]: fstar.exe: Command not found
make[3]: *** [gmake/Makefile.tmpl:29: FStar.Int8.fst.checked] Error 127
make[3]: fstar.exe: Command not found
make[3]: *** [gmake/Makefile.tmpl:29: FStar.Modifies.fst.checked] Error 127
make[3]: fstar.exe: Command not found
make[3]: *** [gmake/Makefile.tmpl:29: FStar.Monotonic.Heap.fst.checked] Error 127
make[3]: fstar.exe: Command not found
make[3]: *** [gmake/Makefile.tmpl:29: FStar.Fin.fst.checked] Error 127
make[3]: fstar.exe: Command not found
make[3]: *** [gmake/Makefile.tmpl:29: FStar.Math.Lemmas.fst.checked] Error 127
make[3]: fstar.exe: Command not found
make[3]: *** [gmake/Makefile.tmpl:29: FStar.Pointer.Derived2.fst.checked] Error 127
make[3]: fstar.exe: Command not found
make[3]: *** [gmake/Makefile.tmpl:29: FStar.Int63.fst.checked] Error 127
make[3]: fstar.exe: Command not found
make[3]: *** [gmake/Makefile.tmpl:29: FStar.List.Pure.Properties.fst.checked] Error 127
make[3]: fstar.exe: Command not found
make[3]: *** [gmake/Makefile.tmpl:29: FStar.Pointer.Derived1.fst.checked] Error 127
make[3]: fstar.exe: Command not found
make[3]: *** [gmake/Makefile.tmpl:29: FStar.Tactics.fst.checked] Error 127
make[3]: fstar.exe: Command not found
make[3]: *** [gmake/Makefile.tmpl:29: FStar.Axiomatic.Array.fst.checked] Error 127
make[3]: fstar.exe: Command not found
make[3]: *** [gmake/Makefile.tmpl:29: FStar.Monotonic.Witnessed.fst.checked] Error 127
make[3]: fstar.exe: Command not found
make[3]: *** [gmake/Makefile.tmpl:29: FStar.Mul.fst.checked] Error 127
make[3]: fstar.exe: Command not found
make[3]: *** [gmake/Makefile.tmpl:29: FStar.Tactics.PatternMatching.fst.checked] Error 127
make[3]: fstar.exe: Command not found
make[3]: *** [gmake/Makefile.tmpl:29: FStar.Seq.Sorted.fst.checked] Error 127
make[3]: fstar.exe: Command not found
make[3]: *** [gmake/Makefile.tmpl:29: FStar.Tactics.Effect.fst.checked] Error 127
make[3]: fstar.exe: Command not found
make[3]: *** [gmake/Makefile.tmpl:29: FStar.UInt63.fst.checked] Error 127
make[3]: fstar.exe: Command not found
make[3]: *** [gmake/Makefile.tmpl:29: FStar.Relational.State.fst.checked] Error 127
make[3]: fstar.exe: Command not found
make[3]: *** [gmake/Makefile.tmpl:29: FStar.Reflection.fst.checked] Error 127
make[3]: fstar.exe: Command not found
make[3]: *** [gmake/Makefile.tmpl:29: FStar.OrdMapProps.fst.checked] Error 127
make[3]: fstar.exe: Command not found
make[3]: *** [gmake/Makefile.tmpl:29: FStar.OrdSetProps.fst.checked] Error 127
make[3]: fstar.exe: Command not found
make[3]: *** [gmake/Makefile.tmpl:29: FStar.HyperStack.IO.fst.checked] Error 127
make[3]: fstar.exe: Command not found
make[3]: *** [gmake/Makefile.tmpl:29: FStar.UInt8.fst.checked] Error 127
make[3]: fstar.exe: Command not found
make[3]: *** [gmake/Makefile.tmpl:34: FStar.Bytes.fsti.checked] Error 127
make[3]: fstar.exe: Command not found
make[3]: *** [gmake/Makefile.tmpl:34: FStar.Date.fsti.checked] Error 127
make[3]: fstar.exe: Command not found
make[3]: *** [gmake/Makefile.tmpl:34: FStar.TaggedUnion.fsti.checked] Error 127
make[3]: fstar.exe: Command not found
make[3]: *** [gmake/Makefile.tmpl:34: FStar.Pointer.Base.fsti.checked] Error 127
make[3]: fstar.exe: Command not found
make[3]: *** [gmake/Makefile.tmpl:34: FStar.Pointer.Derived1.fsti.checked] Error 127
make[3]: fstar.exe: Command not found
make[3]: *** [gmake/Makefile.tmpl:34: FStar.Universe.fsti.checked] Error 127
make[3]: fstar.exe: Command not found
make[3]: *** [gmake/Makefile.tmpl:34: FStar.Monotonic.Heap.fsti.checked] Error 127
make[3]: fstar.exe: Command not found
make[3]: *** [gmake/Makefile.tmpl:34: FStar.Udp.fsti.checked] Error 127
make[3]: fstar.exe: Command not found
make[3]: *** [gmake/Makefile.tmpl:34: FStar.Pointer.Derived2.fsti.checked] Error 127
make[3]: fstar.exe: Command not found
make[3]: *** [gmake/Makefile.tmpl:34: FStar.Float.fsti.checked] Error 127
make[3]: fstar.exe: Command not found
make[3]: *** [gmake/Makefile.tmpl:34: FStar.Monotonic.Witnessed.fsti.checked] Error 127
make[3]: fstar.exe: Command not found
make[3]: *** [gmake/Makefile.tmpl:34: FStar.Tactics.Types.fsti.checked] Error 127
make[3]: fstar.exe: Command not found
make[3]: *** [gmake/Makefile.tmpl:34: FStar.Reflection.Types.fsti.checked] Error 127
make[3]: fstar.exe: Command not found
make[3]: *** [gmake/Makefile.tmpl:34: FStar.BaseTypes.fsti.checked] Error 127
make[3]: fstar.exe: Command not found
make[3]: *** [gmake/Makefile.tmpl:34: FStar.Ghost.fsti.checked] Error 127
make[3]: fstar.exe: Command not found
make[3]: *** [gmake/Makefile.tmpl:34: FStar.Char.fsti.checked] Error 127
make[3]: fstar.exe: Command not found
make[3]: *** [gmake/Makefile.tmpl:34: FStar.Vector.Base.fsti.checked] Error 127
make[3]: fstar.exe: Command not found
make[3]: *** [gmake/Makefile.tmpl:34: FStar.Dyn.fsti.checked] Error 127
make[3]: fstar.exe: Command not found
make[3]: *** [gmake/Makefile.tmpl:34: FStar.Classical.fsti.checked] Error 127
make[3]: fstar.exe: Command not found
make[3]: *** [gmake/Makefile.tmpl:34: FStar.String.fsti.checked] Error 127
make[3]: fstar.exe: Command not found
make[3]: *** [gmake/Makefile.tmpl:34: FStar.UInt128.fsti.checked] Error 127
make[3]: fstar.exe: Command not found
make[3]: *** [gmake/Makefile.tmpl:34: FStar.BV.fsti.checked] Error 127
make[3]: fstar.exe: Command not found
make[3]: *** [gmake/Makefile.tmpl:34: FStar.Range.fsti.checked] Error 127
make[3]: fstar.exe: Command not found
make[3]: *** [gmake/Makefile.tmpl:34: FStar.Squash.fsti.checked] Error 127
make[3]: fstar.exe: Command not found
make[3]: *** [gmake/Makefile.tmpl:34: FStar.Monotonic.DependentMap.fsti.checked] Error 127
make[3]: fstar.exe: Command not found
make[3]: *** [gmake/Makefile.tmpl:34: FStar.Matrix2.fsti.checked] Error 127
make[3]: fstar.exe: Command not found
make[3]: *** [gmake/Makefile.tmpl:34: FStar.Modifies.fsti.checked] Error 127
make[3]: fstar.exe: Command not found
make[3]: *** [gmake/Makefile.tmpl:34: FStar.Tcp.fsti.checked] Error 127
make[3]: fstar.exe: Command not found
make[3]: *** [gmake/Makefile.tmpl:34: FStar.Pointer.Derived3.fsti.checked] Error 127
make[3]: Target 'verify-core' not remade because of errors.
make[2]: *** [Makefile:12: all] Error 2
make[1]: *** [Makefile:167: fstarlib] Error 2
make: *** [Makefile:150: utest-prelude] Error 2
Command exited with non-zero status 2
8.83user 35.97system 6:50.31elapsed 10%CPU (0avgtext+0avgdata 1043639296maxresident)k
0inputs+0outputs (4280559major+0minor)pagefaults 0swaps
