From https://github.com/mitls/mitls-fstar
d4a4ae16..298b5fbe  taramana_lowparse_low -> origin/taramana_lowparse_low
From https://github.com/project-everest/vale
de7c5f4..7c04632  aes_bytes   -> origin/aes_bytes
fb94d94..b1b0763  fast_mul    -> origin/fast_mul
b32a318..dfed329  typechecker -> origin/typechecker
From https://github.com/mitls/hacl-star
6bcc205a..a3cae416  dev          -> origin/dev
6c58c506..85600ced  fstar-master -> origin/fstar-master
8f2c0152..e9345d66  polubelova_rsa_benchmark -> origin/polubelova_rsa_benchmark
dos2unix: converting file parser/parse.fsi to Unix format...
Warning: you are using the standard library and/or the %inline keyword. We
recommend switching on --infer in order to avoid obscure type error messages.
warning: CRLF will be replaced by LF in src/parser/parse.fsy.
The file will have its original line endings in your working directory.
cp: cannot stat './_build/src/ocaml-output/FStar_Tests_Pars.cmx': No such file or directory
cp: cannot stat './_build/src/ocaml-output/FStar_Tests_Util.cmx': No such file or directory
make[3]: *** [Makefile:97: _fstarlib] Error 10
make[3]: Target 'install-fstarlib' not remade because of errors.
make[2]: *** [Makefile:2: all] Error 2
make[1]: *** [Makefile:173: fstarlib] Error 2
make: *** [Makefile:158: utest-prelude] Error 2
Command exited with non-zero status 2
8.06user 31.52system 5:08.81elapsed 12%CPU (0avgtext+0avgdata 944859392maxresident)k
0inputs+0outputs (3882347major+0minor)pagefaults 0swaps
