From https://github.com/project-everest/vale
e3c7211..6d30377  fstar      -> origin/fstar
e3c7211..6d30377  fstar_ci   -> origin/fstar_ci
dos2unix: converting file parser/parse.fsi to Unix format...
Warning: you are using the standard library and/or the %inline keyword. We
recommend switching on --infer in order to avoid obscure type error messages.
C:/build/agent1/_work/1/s/src/typechecker/FStar.TypeChecker.TcInductive.fs(73,26-73,47): (Error 72) Identifier not found: [Util.close_guard_implicits]
Module Util resolved into FStar.Syntax.Util, definition close_guard_implicits not found
1 error was reported (see above)
make[2]: *** [Makefile.boot:64: ../cache_fsharp/FStar.TypeChecker.TcInductive.fs.checked.lax] Error 1
C:/build/agent1/_work/1/s/src/typechecker/FStar.TypeChecker.TcTerm.fs(1393,17-1393,24): (Error 72) Identifier not found: [printfn]
1 error was reported (see above)
make[2]: *** [Makefile.boot:63: ../cache_fsharp/FStar.TypeChecker.TcTerm.fs.checked.lax] Error 1
make[2]: Target 'all-ml' not remade because of errors.
make[1]: *** [Makefile:108: ocaml] Error 2
make[1]: Target 'fstar-ocaml' not remade because of errors.
make: *** [Makefile:156: utest-prelude] Error 2
Command exited with non-zero status 2
4.31user 16.05system 3:07.64elapsed 10%CPU (0avgtext+0avgdata 442902016maxresident)k
0inputs+0outputs (1826709major+0minor)pagefaults 0swaps
