dos2unix: converting file parser/parse.fsi to Unix format...
Warning: you are using the standard library and/or the %inline keyword. We
recommend switching on --infer in order to avoid obscure type error messages.
warning: CRLF will be replaced by LF in src/parser/parse.fsy.
The file will have its original line endings in your working directory.
FStar.List.Tot.Properties.fst(858,2-858,37): (Warning 252) (Hint-replay failed): could not prove post-condition (see also FStar.List.Tot.Properties.fst(856,12-856,18))
FStar.List.Tot.Properties.fst(858,2-858,37): (Warning 252) could not prove post-condition (see also FStar.List.Tot.Properties.fst(856,12-856,18))
FStar.List.Tot.Properties.fst(887,2-888,24): (Warning 252) (Hint-replay failed): could not prove post-condition (see also FStar.List.Tot.Properties.fst(886,12-886,18))
FStar.OrdSet.fst(48,16-48,18): (Warning 252) (Hint-replay failed): Subtyping check failed; expected type Prims.eqtype; got type Type (see also prims.fst(27,21-27,28))
FStar.Math.Lemmas.fst(327,2-335,36): (Error 16) Unknown assertion failed (SMT solver says: unknown because (resource limits reached) (fuel=8; ifuel=2; ); SMT solver says: unknown because (resource limits reached) (fuel=4; ifuel=2; ); SMT solver says: unknown because canceled (fuel=2; ifuel=2; ); SMT solver says: unknown because (resource limits reached) (fuel=2; ifuel=1; ); SMT solver says: unknown because (resource limits reached) (fuel=2; ifuel=2; with hint))
FStar.Math.Lemmas.fst(501,2-514,5): (Error 16) Unknown assertion failed (SMT solver says: unknown because (resource limits reached) (fuel=0; ifuel=0; ); SMT solver says: unknown because (resource limits reached) (fuel=1; ifuel=1; with hint))
Verified module: FStar.Math.Lemmas (15790 milliseconds)
2 errors were reported (see above)
make[3]: *** [gmake/Makefile.tmpl:29: FStar.Math.Lemmas.fst.checked] Error 1
FStar.Monotonic.HyperStack.fst(202,2-202,25): (Warning 252) (Hint-replay failed): Subtyping check failed; expected type FStar.Monotonic.HyperStack.mem; got type FStar.Monotonic.HyperStack.mem' (see also FStar.Monotonic.HyperStack.fst(95,24-95,87))
FStar.Monotonic.HyperStack.fst(323,4-323,24): (Warning 252) (Hint-replay failed): Subtyping check failed; expected type FStar.Monotonic.HyperStack.mem; got type FStar.Monotonic.HyperStack.mem' (see also FStar.Monotonic.HyperStack.fst(95,24-95,87))
FStar.Monotonic.HyperStack.fst(334,26-334,46): (Warning 252) (Hint-replay failed): Subtyping check failed; expected type FStar.Monotonic.HyperStack.mem; got type FStar.Monotonic.HyperStack.mem' (see also FStar.Monotonic.HyperStack.fst(95,24-95,87))
FStar.Monotonic.HyperStack.fst(345,4-345,24): (Warning 252) (Hint-replay failed): Subtyping check failed; expected type FStar.Monotonic.HyperStack.mem; got type FStar.Monotonic.HyperStack.mem' (see also FStar.Monotonic.HyperStack.fst(95,24-95,87))
FStar.Monotonic.HyperStack.fst(356,4-356,24): (Warning 252) (Hint-replay failed): Subtyping check failed; expected type FStar.Monotonic.HyperStack.mem; got type FStar.Monotonic.HyperStack.mem' (see also FStar.Monotonic.HyperStack.fst(95,24-95,87))
FStar.Monotonic.HyperStack.fst(374,4-374,38): (Warning 252) (Hint-replay failed): Subtyping check failed; expected type m': FStar.Monotonic.HyperStack.mem{FStar.Monotonic.HyperStack.fresh_frame m m'}; got type FStar.Monotonic.HyperStack.mem' (see also FStar.Monotonic.HyperStack.fst(95,24-95,87))
FStar.Monotonic.HyperStack.fst(387,13-387,39): (Warning 252) (Hint-replay failed): Subtyping check failed; expected type FStar.Monotonic.HyperStack.mem; got type FStar.Monotonic.HyperStack.mem' (see also FStar.Monotonic.HyperStack.fst(95,24-95,87))
FStar.Monotonic.HyperStack.fst(202,2-202,25): (Warning 252) (Hint-replay failed): Subtyping check failed; expected type FStar.Monotonic.HyperStack.mem; got type FStar.Monotonic.HyperStack.mem' (see also FStar.Monotonic.HyperStack.fst(95,24-95,87))
FStar.Monotonic.HyperStack.fst(323,4-323,24): (Warning 252) (Hint-replay failed): Subtyping check failed; expected type FStar.Monotonic.HyperStack.mem; got type FStar.Monotonic.HyperStack.mem' (see also FStar.Monotonic.HyperStack.fst(95,24-95,87))
FStar.Monotonic.HyperStack.fst(334,26-334,46): (Warning 252) (Hint-replay failed): Subtyping check failed; expected type FStar.Monotonic.HyperStack.mem; got type FStar.Monotonic.HyperStack.mem' (see also FStar.Monotonic.HyperStack.fst(95,24-95,87))
FStar.Monotonic.HyperStack.fst(345,4-345,24): (Warning 252) (Hint-replay failed): Subtyping check failed; expected type FStar.Monotonic.HyperStack.mem; got type FStar.Monotonic.HyperStack.mem' (see also FStar.Monotonic.HyperStack.fst(95,24-95,87))
FStar.Monotonic.HyperStack.fst(356,4-356,24): (Warning 252) (Hint-replay failed): Subtyping check failed; expected type FStar.Monotonic.HyperStack.mem; got type FStar.Monotonic.HyperStack.mem' (see also FStar.Monotonic.HyperStack.fst(95,24-95,87))
FStar.Monotonic.HyperStack.fst(374,4-374,38): (Warning 252) (Hint-replay failed): Subtyping check failed; expected type m': FStar.Monotonic.HyperStack.mem{FStar.Monotonic.HyperStack.fresh_frame m m'}; got type FStar.Monotonic.HyperStack.mem' (see also FStar.Monotonic.HyperStack.fst(95,24-95,87))
FStar.Monotonic.HyperStack.fst(387,13-387,39): (Warning 252) (Hint-replay failed): Subtyping check failed; expected type FStar.Monotonic.HyperStack.mem; got type FStar.Monotonic.HyperStack.mem' (see also FStar.Monotonic.HyperStack.fst(95,24-95,87))
FStar.Monotonic.HyperStack.fst(524,36-524,37): (Warning 252) (Hint-replay failed): Subtyping check failed; expected type s:
FStar.Monotonic.HyperStack.mreference a rel
{ FStar.Monotonic.HyperStack.live_region (FStar.Monotonic.HyperStack.upd h r x)
(FStar.Monotonic.HyperStack.frameOf s) }; got type FStar.Monotonic.HyperStack.mreference a rel (see also FStar.Monotonic.HyperStack.fst(316,64-316,89))
FStar.Monotonic.HyperStack.fst(542,37-542,39): (Warning 252) (Hint-replay failed): Subtyping check failed; expected type s:
FStar.Monotonic.HyperStack.mreference b rel_b
{ FStar.Monotonic.HyperStack.live_region (FStar.Monotonic.HyperStack.upd h r1 x)
(FStar.Monotonic.HyperStack.frameOf s) }; got type FStar.Monotonic.HyperStack.mreference b rel_b (see also FStar.Monotonic.HyperStack.fst(316,64-316,89))
FStar.Seq.Properties.fst(474,2-477,29): (Warning 252) (Hint-replay failed): could not prove post-condition (see also FStar.Seq.Properties.fst(472,20-472,28))
FStar.HyperStack.ST.fst(356,4-356,11): (Warning 252) (Hint-replay failed): assertion failed (see also FStar.HyperStack.ST.fst(98,60-98,73))
FStar.HyperStack.ST.fst(366,4-366,11): (Warning 252) (Hint-replay failed): assertion failed (see also FStar.HyperStack.ST.fst(98,60-98,73))
FStar.HyperStack.ST.fst(383,4-383,11): (Warning 252) (Hint-replay failed): assertion failed (see also FStar.HyperStack.ST.fst(98,60-98,73))
FStar.HyperStack.ST.fst(415,4-415,10): (Warning 252) (Hint-replay failed): assertion failed (see also FStar.HyperStack.ST.fst(415,11-415,76))
FStar.HyperStack.ST.fst(434,4-434,11): (Warning 252) (Hint-replay failed): assertion failed (see also FStar.HyperStack.ST.fst(98,60-98,73))
FStar.HyperStack.ST.fst(454,4-454,11): (Warning 252) (Hint-replay failed): assertion failed (see also FStar.HyperStack.ST.fst(98,60-98,73))
FStar.HyperStack.ST.fst(473,4-473,11): (Warning 252) (Hint-replay failed): assertion failed (see also FStar.HyperStack.ST.fst(98,60-98,73))
FStar.HyperStack.ST.fst(512,4-512,10): (Warning 252) (Hint-replay failed): assertion failed (see also FStar.HyperStack.ST.fst(512,11-512,76))
FStar.HyperStack.ST.fst(535,4-535,11): (Warning 252) (Hint-replay failed): assertion failed (see also FStar.HyperStack.ST.fst(98,60-98,73))
FStar.Fin.fst(36,2-51,18): (Warning 252) (Hint-replay failed): could not prove post-condition (see also FStar.Fin.fst(33,41-33,68))
FStar.Fin.fst(36,2-51,18): (Warning 252) (Hint-replay failed): could not prove post-condition (see also FStar.Fin.fst(33,41-33,68))
FStar.Monotonic.Map.fst(84,4-84,14): (Warning 252) (Hint-replay failed): assertion failed (see also FStar.HyperStack.ST.fst(609,37-609,41))
FStar.Monotonic.DependentMap.fst(53,4-53,14): (Warning 252) (Hint-replay failed): assertion failed (see also FStar.HyperStack.ST.fst(609,37-609,41))
FStar.Monotonic.Seq.fst(50,4-50,17): (Warning 252) (Hint-replay failed): could not prove post-condition (see also FStar.Monotonic.Seq.fst(47,2-47,18))
FStar.Monotonic.Seq.fst(80,4-80,14): (Warning 252) (Hint-replay failed): assertion failed (see also FStar.HyperStack.ST.fst(609,37-609,41))
FStar.Monotonic.Seq.fst(142,4-142,14): (Warning 252) (Hint-replay failed): assertion failed (see also FStar.HyperStack.ST.fst(609,37-609,41))
FStar.Monotonic.Seq.fst(174,2-174,8): (Warning 252) (Hint-replay failed): assertion failed (see also FStar.Monotonic.Seq.fst(174,9-174,29))
FStar.Monotonic.Seq.fst(385,4-387,17): (Warning 252) (Hint-replay failed): could not prove post-condition (see also FStar.Monotonic.Seq.fst(380,5-380,25))
FStar.Monotonic.Seq.fst(401,4-404,10): (Warning 252) (Hint-replay failed): could not prove post-condition (see also FStar.Monotonic.Seq.fst(398,3-398,23))
FStar.ModifiesGen.fst(373,33-373,35): (Warning 252) (Hint-replay failed): could not prove post-condition (see also FStar.ModifiesGen.fsti(244,2-244,27))
FStar.ModifiesGen.fst(389,68-389,70): (Warning 252) (Hint-replay failed): could not prove post-condition (see also FStar.ModifiesGen.fsti(264,11-264,85))
FStar.ModifiesGen.fst(391,66-391,68): (Warning 252) (Hint-replay failed): could not prove post-condition (see also FStar.ModifiesGen.fsti(275,11-275,81))
FStar.ModifiesGen.fst(393,87-393,89): (Warning 252) (Hint-replay failed): could not prove post-condition (see also FStar.ModifiesGen.fsti(285,11-285,105))
FStar.ModifiesGen.fst(395,84-395,86): (Warning 252) (Hint-replay failed): could not prove post-condition (see also FStar.ModifiesGen.fsti(293,11-293,103))
FStar.ModifiesGen.fst(404,91-404,93): (Warning 252) (Hint-replay failed): could not prove post-condition (see also FStar.ModifiesGen.fsti(311,11-311,111))
FStar.ModifiesGen.fst(494,35-494,37): (Warning 252) (Hint-replay failed): could not prove post-condition (see also FStar.ModifiesGen.fsti(332,11-332,36))
FStar.ModifiesGen.fst(540,91-540,93): (Warning 252) (Hint-replay failed): could not prove post-condition (see also FStar.ModifiesGen.fsti(390,11-390,67))
FStar.ModifiesGen.fst(544,78-544,80): (Warning 252) (Hint-replay failed): could not prove post-condition (see also FStar.ModifiesGen.fsti(414,24-414,42))
FStar.ModifiesGen.fst(561,73-561,75): (Warning 252) (Hint-replay failed): could not prove post-condition (see also FStar.ModifiesGen.fsti(430,2-430,70))
FStar.ModifiesGen.fst(563,73-563,75): (Warning 252) (Hint-replay failed): could not prove post-condition (see also FStar.ModifiesGen.fsti(433,2-433,79))
FStar.ModifiesGen.fst(573,92-573,94): (Warning 252) (Hint-replay failed): could not prove post-condition (see also FStar.ModifiesGen.fsti(438,2-438,91))
FStar.ModifiesGen.fst(575,72-575,74): (Warning 252) (Hint-replay failed): could not prove post-condition (see also FStar.ModifiesGen.fsti(443,2-443,78))
FStar.ModifiesGen.fst(577,94-577,96): (Warning 252) (Hint-replay failed): could not prove post-condition (see also FStar.ModifiesGen.fsti(448,2-448,95))
FStar.ModifiesGen.fst(579,78-579,80): (Warning 252) (Hint-replay failed): could not prove post-condition (see also FStar.ModifiesGen.fsti(453,2-453,73))
FStar.ModifiesGen.fst(899,20-899,25): (Warning 252) (Hint-replay failed): assertion failed (see also FStar.ModifiesGen.fsti(574,15-574,55))
FStar.ModifiesGen.fst(915,55-915,57): (Warning 252) (Hint-replay failed): could not prove post-condition (see also FStar.ModifiesGen.fsti(624,4-624,20))
FStar.ModifiesGen.fst(917,47-917,49): (Warning 252) (Hint-replay failed): could not prove post-condition (see also FStar.ModifiesGen.fsti(640,11-642,3))
FStar.ModifiesGen.fst(933,2-933,8): (Warning 252) (Hint-replay failed): assertion failed (see also FStar.ModifiesGen.fst(933,57-933,141))
FStar.ModifiesGen.fst(939,79-939,81): (Warning 252) (Hint-replay failed): could not prove post-condition (see also FStar.ModifiesGen.fsti(701,11-701,45))
FStar.ModifiesGen.fst(941,72-941,74): (Warning 252) (Hint-replay failed): could not prove post-condition (see also FStar.ModifiesGen.fsti(712,11-712,32))
FStar.ModifiesGen.fst(955,2-955,23): (Warning 252) (Hint-replay failed): assertion failed (see also FStar.ModifiesGen.fsti(657,33-657,51))
FStar.ModifiesGen.fst(983,2-984,117): (Warning 252) (Hint-replay failed): could not prove post-condition (see also FStar.ModifiesGen.fst(982,11-982,28))
FStar.ModifiesGen.fst(1036,2-1036,55): (Warning 252) (Hint-replay failed): could not prove post-condition (see also FStar.ModifiesGen.fst(1035,2-1035,45))
FStar.ModifiesGen.fst(1052,2-1052,55): (Warning 252) (Hint-replay failed): could not prove post-condition (see also FStar.ModifiesGen.fst(1051,2-1051,66))
FStar.ModifiesGen.fst(1066,2-1066,20): (Warning 252) (Hint-replay failed): assertion failed (see also FStar.ModifiesGen.fsti(223,35-223,53))
FStar.ModifiesGen.fst(1182,68-1182,70): (Warning 252) (Hint-replay failed): could not prove post-condition (see also FStar.ModifiesGen.fsti(106,16-106,35))
FStar.ModifiesGen.fst(1189,68-1189,70): (Warning 252) (Hint-replay failed): could not prove post-condition (see also FStar.ModifiesGen.fsti(106,16-106,35))
FStar.ModifiesGen.fst(1197,80-1197,82): (Warning 252) (Hint-replay failed): could not prove post-condition (see also FStar.ModifiesGen.fsti(106,16-106,35))
FStar.ModifiesGen.fst(1211,14-1211,16): (Warning 252) (Hint-replay failed): could not prove post-condition (see also FStar.ModifiesGen.fsti(470,13-470,34))
FStar.ModifiesGen.fst(1231,47-1231,49): (Warning 252) (Hint-replay failed): could not prove post-condition (see also FStar.ModifiesGen.fsti(899,11-901,3))
FStar.ModifiesGen.fst(1297,9-1297,41): (Warning 252) (Hint-replay failed): Subtyping check failed; expected type y: FStar.GSet.set Prims.nat {FStar.GSet.subset (non_live_addrs' r') y}; got type FStar.GSet.set Prims.nat (see also FStar.ModifiesGen.fst(1295,83-1295,117))
FStar.ModifiesGen.fst(1408,12-1408,33): (Warning 252) (Hint-replay failed): assertion failed (see also FStar.ModifiesGen.fst(1286,13-1286,53))
FStar.ModifiesGen.fst(1435,4-1435,10): (Warning 252) (Hint-replay failed): assertion failed (see also FStar.ModifiesGen.fst(1435,11-1435,53))
FStar.ModifiesGen.fst(1466,42-1466,44): (Warning 252) (Hint-replay failed): could not prove post-condition (see also FStar.ModifiesGen.fsti(939,11-939,69))
FStar.ModifiesGen.fst(1468,46-1468,48): (Warning 252) (Hint-replay failed): could not prove post-condition (see also FStar.ModifiesGen.fsti(943,11-943,73))
FStar.ModifiesGen.fst(1476,2-1476,64): (Warning 252) (Hint-replay failed): could not prove post-condition (see also FStar.ModifiesGen.fsti(954,12-954,71))
FStar.ModifiesGen.fst(1484,2-1484,20): (Warning 252) (Hint-replay failed): assertion failed (see also FStar.ModifiesGen.fsti(223,35-223,53))
FStar.ModifiesGen.fst(1754,2-1754,8): (Warning 252) (Hint-replay failed): assertion failed (see also FStar.ModifiesGen.fst(1754,9-1754,39))
FStar.ModifiesGen.fst(1780,41-1780,60): (Warning 252) (Hint-replay failed): could not prove post-condition
FStar.ModifiesGen.fst(1876,2-1884,39): (Warning 252) (Hint-replay failed): could not prove post-condition (see also FStar.ModifiesGen.fst(1875,11-1875,42))
FStar.ModifiesGen.fst(1956,4-1956,10): (Warning 252) (Hint-replay failed): assertion failed (see also FStar.ModifiesGen.fst(1965,8-1965,36))
FStar.ModifiesGen.fst(1956,4-1956,10): (Warning 252) assertion failed (see also FStar.ModifiesGen.fst(1965,8-1965,36))
FStar.ModifiesGen.fst(1956,4-1956,10): (Warning 252) assertion failed (see also FStar.ModifiesGen.fst(1965,8-1965,36))
FStar.ModifiesGen.fst(1984,4-1984,21): (Warning 252) (Hint-replay failed): Subtyping check failed; expected type aux:
FStar.Ghost.erased (FStar.GSet.set (FStar.ModifiesGen.aloc (c b)))
{ FStar.GSet.subset (FStar.ModifiesGen.aloc_domain (c b) regions live_addrs)
(FStar.Ghost.reveal aux) /\
FStar.GSet.subset (FStar.Ghost.reveal aux)
(FStar.ModifiesGen.aloc_domain (c b) regions (fun _ -> FStar.GSet.complement FStar.GSet.empty)
) }; got type FStar.Ghost.erased (FStar.GSet.set (FStar.ModifiesGen.aloc (c b))) (see also FStar.ModifiesGen.fst(30,8-30,71))
FStar.ModifiesGen.fst(1993,9-1993,119): (Warning 252) (Hint-replay failed): assertion failed
FStar.ModifiesGen.fst(1996,9-1996,121): (Warning 252) (Hint-replay failed): assertion failed
FStar.ModifiesGen.fst(2067,2-2073,167): (Warning 252) (Hint-replay failed): could not prove post-condition (see also FStar.ModifiesGen.fsti(1109,2-1109,78))
make[3]: Target 'verify-core' not remade because of errors.
make[2]: *** [Makefile:12: all] Error 2
make[1]: *** [Makefile:175: fstarlib] Error 2
make: *** [Makefile:158: utest-prelude] Error 2
Command exited with non-zero status 2
10.15user 40.51system 9:42.12elapsed 8%CPU (0avgtext+0avgdata 1227199488maxresident)k
0inputs+0outputs (5028181major+0minor)pagefaults 0swaps
