dos2unix: converting file parser/parse.fsi to Unix format...
Warning: you are using the standard library and/or the %inline keyword. We
recommend switching on --infer in order to avoid obscure type error messages.
warning: CRLF will be replaced by LF in src/parser/parse.fsy.
The file will have its original line endings in your working directory.
Unable to open hints file: C:\build\agent1\_work\1\s\ulib\FStar.IFC.fst.hints; ran without hints
FStar.Monotonic.Witnessed.fst(292,47-292,49): (Warning 252) (Hint-replay failed): could not prove post-condition (see also FStar.Monotonic.Witnessed.fsti(28,70-28,85))
FStar.Monotonic.Witnessed.fst(296,44-296,70): (Warning 252) (Hint-replay failed): could not prove post-condition (see also FStar.Monotonic.Witnessed.fsti(35,39-35,74))
FStar.Monotonic.Witnessed.fst(298,42-298,44): (Warning 252) (Hint-replay failed): could not prove post-condition (see also FStar.Monotonic.Witnessed.fsti(40,37-40,100))
FStar.Monotonic.Witnessed.fst(303,6-303,95): (Warning 252) (Hint-replay failed): could not prove post-condition (see also FStar.Monotonic.Witnessed.fst(302,30-302,67))
FStar.Monotonic.Witnessed.fst(307,40-307,42): (Warning 252) (Hint-replay failed): could not prove post-condition (see also FStar.Monotonic.Witnessed.fsti(52,75-52,110))
FStar.Monotonic.Witnessed.fst(312,6-312,15): (Warning 252) (Hint-replay failed): assertion failed (see also FStar.Monotonic.Witnessed.fst(106,50-106,55))
FStar.Monotonic.Witnessed.fst(319,6-319,18): (Warning 252) (Hint-replay failed): assertion failed (see also FStar.Monotonic.Witnessed.fst(211,63-211,83))
FStar.Monotonic.Witnessed.fst(323,45-323,47): (Warning 252) (Hint-replay failed): could not prove post-condition (see also FStar.Monotonic.Witnessed.fsti(70,74-70,114))
FStar.List.Tot.Base.fst(265,10-265,12): (Warning 252) (Hint-replay failed): Subtyping check failed; expected type m:
Prims.list a
{ forall (u22332: FStar.Pervasives.Native.option (x: Prims.unit{Prims.hasEq a})).
FStar.List.Tot.Base.mem_filter_spec f m u22332 }; got type Prims.list a (see also FStar.List.Tot.Base.fst(263,86-263,107))
FStar.List.Tot.Base.fst(275,2-277,4): (Warning 252) (Hint-replay failed): could not prove post-condition (see also FStar.List.Tot.Base.fst(273,11-273,16))
FStar.List.Tot.Properties.fst(855,2-855,37): (Warning 252) (Hint-replay failed): could not prove post-condition (see also FStar.List.Tot.Properties.fst(853,12-853,18))
FStar.List.Tot.Properties.fst(855,2-855,37): (Warning 252) could not prove post-condition (see also FStar.List.Tot.Properties.fst(853,12-853,18))
FStar.List.Tot.Properties.fst(884,2-885,24): (Warning 252) (Hint-replay failed): could not prove post-condition (see also FStar.List.Tot.Properties.fst(883,12-883,18))
FStar.OrdSet.fst(48,16-48,18): (Warning 252) (Hint-replay failed): Subtyping check failed; expected type Prims.eqtype; got type Type (see also prims.fst(27,21-27,28))
FStar.Monotonic.HyperStack.fst(86,4-86,6): (Warning 252) (Hint-replay failed): could not prove post-condition (see also FStar.Monotonic.HyperStack.fst(85,12-85,46))
FStar.Monotonic.HyperStack.fst(93,4-93,6): (Warning 252) (Hint-replay failed): could not prove post-condition (see also FStar.Monotonic.HyperStack.fst(47,18-47,51))
FStar.Monotonic.HyperStack.fst(101,4-101,6): (Warning 252) (Hint-replay failed): could not prove post-condition (see also FStar.Monotonic.HyperStack.fst(99,19-99,34))
FStar.Monotonic.HyperStack.fst(115,4-115,6): (Warning 252) (Hint-replay failed): could not prove post-condition (see also FStar.Monotonic.HyperStack.fst(110,20-110,76))
FStar.Monotonic.HyperStack.fst(123,4-123,6): (Warning 252) (Hint-replay failed): could not prove post-condition (see also FStar.Monotonic.HyperStack.fst(122,9-122,48))
FStar.Monotonic.HyperStack.fst(135,4-135,6): (Warning 252) (Hint-replay failed): could not prove post-condition (see also FStar.Monotonic.HyperStack.fst(132,19-132,58))
FStar.Monotonic.HyperStack.fst(146,4-146,6): (Warning 252) (Hint-replay failed): could not prove post-condition (see also FStar.Monotonic.HyperStack.fst(145,92-145,124))
FStar.Monotonic.HyperStack.fst(161,4-161,25): (Warning 252) (Hint-replay failed): could not prove post-condition (see also FStar.Monotonic.HyperStack.fst(160,19-160,38))
FStar.Monotonic.HyperStack.fst(283,55-283,57): (Warning 252) (Hint-replay failed): could not prove post-condition (see also FStar.Monotonic.HyperStack.fst(282,17-282,31))
FStar.Monotonic.HyperStack.fst(344,4-344,33): (Warning 252) (Hint-replay failed): assertion failed (see also FStar.Monotonic.HyperStack.fst(38,12-41,66))
FStar.Monotonic.HyperStack.fst(413,6-413,8): (Warning 252) (Hint-replay failed): could not prove post-condition (see also FStar.Monotonic.HyperStack.fst(412,13-412,48))
FStar.Monotonic.HyperStack.fst(497,5-497,7): (Warning 252) (Hint-replay failed): could not prove post-condition (see also FStar.Monotonic.HyperStack.fst(496,11-496,29))
FStar.Seq.Properties.fst(474,2-477,29): (Warning 252) (Hint-replay failed): could not prove post-condition (see also FStar.Seq.Properties.fst(472,20-472,28))
FStar.Matrix2.fsti(74,53-74,54): (Warning 252) (Hint-replay failed): Subtyping check failed; expected type i: Prims.nat{i < FStar.Seq.Base.length s}; got type j: Prims.nat{j < n} (see also FStar.Seq.Base.fst(30,49-30,61))
FStar.Matrix2.fsti(85,53-85,54): (Warning 252) (Hint-replay failed): Subtyping check failed; expected type i: Prims.nat{i < FStar.Seq.Base.length s}; got type i: Prims.nat{i < m} (see also FStar.Seq.Base.fst(30,49-30,61))
FStar.Fin.fst(36,2-51,18): (Warning 252) (Hint-replay failed): could not prove post-condition (see also FStar.Fin.fst(33,41-33,68))
FStar.HyperStack.ST.fst(180,46-180,48): (Warning 252) (Hint-replay failed): could not prove post-condition (see also FStar.HyperStack.ST.fst(179,72-179,104))
FStar.HyperStack.ST.fst(184,98-184,100): (Warning 252) (Hint-replay failed): could not prove post-condition (see also FStar.HyperStack.ST.fst(145,4-145,52))
FStar.HyperStack.ST.fst(187,49-187,51): (Warning 252) (Hint-replay failed): could not prove post-condition (see also FStar.HyperStack.ST.fst(186,78-186,112))
FStar.HyperStack.ST.fst(192,4-192,6): (Warning 252) (Hint-replay failed): could not prove post-condition (see also FStar.HyperStack.ST.fst(145,4-145,52))
FStar.HyperStack.ST.fst(196,57-196,59): (Warning 252) (Hint-replay failed): could not prove post-condition (see also FStar.HyperStack.ST.fst(195,79-195,115))
FStar.HyperStack.ST.fst(201,4-201,6): (Warning 252) (Hint-replay failed): could not prove post-condition (see also FStar.HyperStack.ST.fst(145,4-145,52))
FStar.HyperStack.ST.fst(205,63-205,65): (Warning 252) (Hint-replay failed): could not prove post-condition (see also FStar.HyperStack.ST.fst(204,85-204,127))
FStar.HyperStack.ST.fst(211,4-211,6): (Warning 252) (Hint-replay failed): could not prove post-condition (see also FStar.HyperStack.ST.fst(145,4-145,52))
FStar.HyperStack.ST.fst(608,4-615,38): (Warning 252) (Hint-replay failed): could not prove post-condition (see also FStar.HyperStack.ST.fst(258,91-258,115))
FStar.HyperStack.ST.fst(635,4-635,14): (Warning 252) (Hint-replay failed): assertion failed (see also FStar.HyperStack.ST.fst(98,76-98,87))
FStar.HyperStack.ST.fst(643,52-643,54): (Warning 252) (Hint-replay failed): Subtyping check failed; expected type Prims.squash (forall (x: c). FStar.HyperStack.ST.witnessed (p' x)); got type Prims.unit (see also FStar.HyperStack.ST.fst(643,32-643,48))
FStar.Monotonic.Map.fst(28,2-29,71): (Warning 252) (Hint-replay failed): assertion failed (see also FStar.Preorder.fst(12,40-12,56))
FStar.Monotonic.Map.fst(66,4-66,6): (Warning 252) (Hint-replay failed): could not prove post-condition (see also FStar.HyperStack.ST.fst(602,56-602,60))
FStar.Monotonic.Map.fst(82,6-82,8): (Warning 252) (Hint-replay failed): assertion failed (see also FStar.HyperStack.ST.fst(523,54-523,72))
FStar.Monotonic.Map.fst(105,8-105,18): (Warning 252) (Hint-replay failed): assertion failed (see also FStar.HyperStack.ST.fst(602,56-602,60))
FStar.BitVector.fst(20,34-20,35): (Warning 252) (Hint-replay failed): Subtyping check failed; expected type i: Prims.nat{i < FStar.Seq.Base.length a}; got type Prims.int (see also FStar.Seq.Base.fst(30,49-30,61))
FStar.BitVector.fst(25,34-25,35): (Warning 252) (Hint-replay failed): Subtyping check failed; expected type i: Prims.nat{i < FStar.Seq.Base.length a}; got type Prims.int (see also FStar.Seq.Base.fst(30,49-30,61))
FStar.BitVector.fst(30,34-30,35): (Warning 252) (Hint-replay failed): Subtyping check failed; expected type i: Prims.nat{i < FStar.Seq.Base.length a}; got type Prims.int (see also FStar.Seq.Base.fst(30,49-30,61))
FStar.BitVector.fst(35,39-35,40): (Warning 252) (Hint-replay failed): Subtyping check failed; expected type i: Prims.nat{i < FStar.Seq.Base.length a}; got type Prims.int (see also FStar.Seq.Base.fst(30,49-30,61))
FStar.BitVector.fst(41,43-41,44): (Warning 252) (Hint-replay failed): Subtyping check failed; expected type i: Prims.nat{i < FStar.Seq.Base.length (FStar.BitVector.logand_vec a b)}; got type i: Prims.nat{i < n} (see also FStar.Seq.Base.fst(30,49-30,61))
FStar.BitVector.fst(44,2-45,73): (Warning 252) (Hint-replay failed): could not prove post-condition (see also FStar.BitVector.fst(41,17-41,71))
FStar.BitVector.fst(49,43-49,44): (Warning 252) (Hint-replay failed): Subtyping check failed; expected type i: Prims.nat{i < FStar.Seq.Base.length (FStar.BitVector.logxor_vec a b)}; got type i: Prims.nat{i < n} (see also FStar.Seq.Base.fst(30,49-30,61))
FStar.BitVector.fst(52,2-53,73): (Warning 252) (Hint-replay failed): could not prove post-condition (see also FStar.BitVector.fst(49,17-49,71))
FStar.BitVector.fst(57,42-57,43): (Warning 252) (Hint-replay failed): Subtyping check failed; expected type i: Prims.nat{i < FStar.Seq.Base.length (FStar.BitVector.logor_vec a b)}; got type i: Prims.nat{i < n} (see also FStar.Seq.Base.fst(30,49-30,61))
FStar.BitVector.fst(60,2-61,72): (Warning 252) (Hint-replay failed): could not prove post-condition (see also FStar.BitVector.fst(57,17-57,70))
FStar.BitVector.fst(65,41-65,42): (Warning 252) (Hint-replay failed): Subtyping check failed; expected type i: Prims.nat{i < FStar.Seq.Base.length (FStar.BitVector.lognot_vec a)}; got type i: Prims.nat{i < n} (see also FStar.Seq.Base.fst(30,49-30,61))
FStar.BitVector.fst(68,2-69,59): (Warning 252) (Hint-replay failed): could not prove post-condition (see also FStar.BitVector.fst(65,17-65,60))
FStar.BitVector.fst(74,70-74,77): (Warning 252) (Hint-replay failed): Subtyping check failed; expected type i: Prims.nat{i < FStar.Seq.Base.length x}; got type Prims.int (see also FStar.Seq.Base.fst(30,49-30,61))
FStar.BitVector.fst(81,36-81,37): (Warning 252) (Hint-replay failed): Subtyping check failed; expected type i: Prims.nat{i < FStar.Seq.Base.length b}; got type Prims.nat (see also FStar.Seq.Base.fst(30,49-30,61))
FStar.BitVector.fst(86,36-86,37): (Warning 252) (Hint-replay failed): Subtyping check failed; expected type i: Prims.nat{i < FStar.Seq.Base.length b}; got type Prims.nat (see also FStar.Seq.Base.fst(30,49-30,61))
FStar.BitVector.fst(91,76-91,77): (Warning 252) (Hint-replay failed): Subtyping check failed; expected type j: Prims.nat{i <= j && j <= FStar.Seq.Base.length a}; got type j: Prims.nat{i < j && j <= n} (see also FStar.BitVector.fst(89,71-89,72))
FStar.BitVector.fst(92,40-92,42): (Warning 252) (Hint-replay failed): could not prove post-condition (see also FStar.BitVector.fst(91,44-91,92))
FStar.BitVector.fst(97,78-97,79): (Warning 252) (Hint-replay failed): Subtyping check failed; expected type j: Prims.nat{i <= j && j <= FStar.Seq.Base.length a}; got type j: Prims.nat{i < j && j <= n} (see also FStar.BitVector.fst(95,73-95,74))
FStar.BitVector.fst(98,42-98,44): (Warning 252) (Hint-replay failed): could not prove post-condition (see also FStar.BitVector.fst(97,44-97,94))
FStar.BitVector.fst(106,25-106,26): (Warning 252) (Hint-replay failed): Subtyping check failed; expected type j: Prims.nat{s <= j && j <= FStar.Seq.Base.length a}; got type Prims.pos (see also FStar.BitVector.fst(103,20-103,21))
FStar.BitVector.fst(112,39-112,46): (Warning 252) (Hint-replay failed): Subtyping check failed; expected type j: Prims.nat{0 <= j && j <= FStar.Seq.Base.length a}; got type Prims.int
FStar.BitVector.fst(117,47-117,48): (Warning 252) (Hint-replay failed): Subtyping check failed; expected type i: Prims.nat{i < FStar.Seq.Base.length (FStar.BitVector.shift_left_vec a s)}; got type i: Prims.nat{i < n && i >= n - s} (see also FStar.Seq.Base.fst(30,49-30,61))
FStar.BitVector.fst(119,38-119,40): (Warning 252) (Hint-replay failed): could not prove post-condition (see also FStar.BitVector.fst(117,17-117,56))
FStar.BitVector.fst(123,47-123,48): (Warning 252) (Hint-replay failed): Subtyping check failed; expected type i: Prims.nat{i < FStar.Seq.Base.length (FStar.BitVector.shift_left_vec a s)}; got type i: Prims.nat{i < n && i < n - s} (see also FStar.Seq.Base.fst(30,49-30,61))
FStar.BitVector.fst(125,38-125,40): (Warning 252) (Hint-replay failed): could not prove post-condition (see also FStar.BitVector.fst(123,17-123,66))
FStar.BitVector.fst(129,48-129,49): (Warning 252) (Hint-replay failed): Subtyping check failed; expected type i: Prims.nat{i < FStar.Seq.Base.length (FStar.BitVector.shift_right_vec a s)}; got type i: Prims.nat{i < n && i < s} (see also FStar.Seq.Base.fst(30,49-30,61))
FStar.BitVector.fst(131,39-131,41): (Warning 252) (Hint-replay failed): could not prove post-condition (see also FStar.BitVector.fst(129,17-129,57))
FStar.BitVector.fst(135,48-135,49): (Warning 252) (Hint-replay failed): Subtyping check failed; expected type i: Prims.nat{i < FStar.Seq.Base.length (FStar.BitVector.shift_right_vec a s)}; got type i: Prims.nat{i < n && i >= s} (see also FStar.Seq.Base.fst(30,49-30,61))
FStar.BitVector.fst(137,39-137,41): (Warning 252) (Hint-replay failed): could not prove post-condition (see also FStar.BitVector.fst(135,17-135,67))
FStar.Monotonic.Seq.fst(28,4-29,111): (Warning 252) (Hint-replay failed): assertion failed (see also FStar.Preorder.fst(12,40-12,56))
FStar.Monotonic.Seq.fst(41,4-41,6): (Warning 252) (Hint-replay failed): could not prove post-condition (see also FStar.Monotonic.Seq.fst(39,12-39,36))
FStar.Monotonic.Seq.fst(61,4-61,6): (Warning 252) (Hint-replay failed): could not prove post-condition (see also FStar.HyperStack.ST.fst(602,56-602,60))
FStar.Monotonic.Seq.fst(103,4-103,6): (Warning 252) (Hint-replay failed): could not prove post-condition (see also FStar.HyperStack.ST.fst(602,56-602,60))
FStar.Monotonic.Seq.fst(248,4-248,6): (Warning 252) (Hint-replay failed): could not prove post-condition (see also FStar.Monotonic.Seq.fst(247,8-247,35))
FStar.Monotonic.Seq.fst(260,4-260,6): (Warning 252) (Hint-replay failed): could not prove post-condition (see also FStar.HyperStack.ST.fst(602,56-602,60))
FStar.Monotonic.Seq.fst(274,4-274,6): (Warning 252) (Hint-replay failed): could not prove post-condition (see also FStar.HyperStack.ST.fst(602,56-602,60))
FStar.Monotonic.Seq.fst(303,38-303,44): (Warning 252) (Hint-replay failed): assertion failed (see also FStar.Monotonic.Seq.fst(303,45-303,62))
FStar.Monotonic.Seq.fst(344,4-344,46): (Warning 252) (Hint-replay failed): could not prove post-condition (see also FStar.HyperStack.ST.fst(602,56-602,60))
FStar.UInt.fst(217,7-217,74): (Warning 252) (Hint-replay failed): Subtyping check failed; expected type FStar.BitVector.bv_t n; got type FStar.Seq.Base.seq Prims.bool (see also FStar.BitVector.fst(7,33-7,47))
FStar.UInt.fst(222,42-222,49): (Warning 252) (Hint-replay failed): Subtyping check failed; expected type j: Prims.nat{0 <= j && j <= FStar.Seq.Base.length vec}; got type Prims.int
FStar.UInt.fst(226,28-226,30): (Warning 252) (Hint-replay failed): could not prove post-condition (see also FStar.UInt.fst(225,34-225,61))
FStar.UInt.fst(232,37-232,44): (Warning 252) (Hint-replay failed): Subtyping check failed; expected type j: Prims.nat{0 <= j && j <= FStar.Seq.Base.length (FStar.UInt.to_vec b)}; got type Prims.int
FStar.UInt.fst(241,43-241,44): (Warning 252) (Hint-replay failed): Subtyping check failed; expected type i: Prims.nat{i < FStar.Seq.Base.length vec}; got type i: Prims.nat{i < n} (see also FStar.Seq.Base.fst(30,49-30,61))
FStar.UInt.fst(244,62-244,69): (Warning 252) (Hint-replay failed): Subtyping check failed; expected type i: Prims.nat{i < FStar.Seq.Base.length vec}; got type Prims.int (see also FStar.Seq.Base.fst(30,49-30,61))
FStar.UInt.fst(249,31-249,33): (Warning 252) (Hint-replay failed): could not prove post-condition (see also FStar.UInt.fst(247,33-247,66))
FStar.UInt.fst(258,30-258,32): (Warning 252) (Hint-replay failed): could not prove post-condition (see also FStar.UInt.fst(257,38-257,61))
FStar.UInt.fst(262,30-262,70): (Warning 252) (Hint-replay failed): could not prove post-condition (see also FStar.UInt.fst(261,52-261,61))
FStar.UInt.fst(271,42-271,44): (Warning 252) (Hint-replay failed): Subtyping check failed; expected type j: Prims.nat{0 <= j && j <= FStar.Seq.Base.length a}; got type s2: Prims.nat{s2 < s1} (see also FStar.UInt.fst(269,58-269,60))
FStar.UInt.fst(273,42-273,44): (Warning 252) (Hint-replay failed): Subtyping check failed; expected type j: Prims.nat{0 <= j && j <= FStar.Seq.Base.length a}; got type s2: Prims.nat{s2 < s1} (see also FStar.UInt.fst(272,25-272,27))
FStar.UInt.fst(280,34-280,36): (Warning 252) (Hint-replay failed): Subtyping check failed; expected type j: Prims.nat{s1 <= j && j <= FStar.Seq.Base.length a}; got type t1: Prims.nat{t1 >= s1 && t1 <= n} (see also FStar.UInt.fst(279,61-279,63))
FStar.UInt.fst(281,39-281,41): (Warning 252) (Hint-replay failed): could not prove post-condition (see also FStar.UInt.fst(280,8-280,75))
FStar.UInt.fst(287,54-287,55): (Warning 252) (Hint-replay failed): Subtyping check failed; expected type j: Prims.nat{0 <= j && j <= FStar.Seq.Base.length a}; got type s: Prims.nat{s < n} (see also FStar.UInt.fst(285,46-285,47))
FStar.UInt.fst(290,2-299,5): (Warning 252) (Hint-replay failed): could not prove post-condition (see also FStar.UInt.fst(287,17-287,106))
FStar.UInt.fst(304,27-304,39): (Warning 252) (Hint-replay failed): Subtyping check failed; expected type FStar.BitVector.bv_t (n + m); got type FStar.Seq.Base.seq Prims.bool (see also FStar.BitVector.fst(7,33-7,47))
FStar.UInt.fst(306,39-306,40): (Warning 252) (Hint-replay failed): Subtyping check failed; expected type j: Prims.nat{0 <= j && j <= FStar.Seq.Base.length (FStar.Seq.Base.append a b)}; got type Prims.pos (see also FStar.UInt.fst(305,18-305,19))
FStar.UInt.fst(312,40-312,41): (Warning 252) (Hint-replay failed): Subtyping check failed; expected type j: Prims.nat{0 <= j && j <= FStar.Seq.Base.length a}; got type s: Prims.pos{s < n} (see also FStar.UInt.fst(310,44-310,45))
FStar.UInt.fst(315,56-315,57): (Warning 252) (Hint-replay failed): Subtyping check failed; expected type j: Prims.nat{s <= j && j <= FStar.Seq.Base.length a}; got type Prims.pos (see also FStar.UInt.fst(313,22-313,23))
FStar.UInt.fst(320,46-320,47): (Warning 252) (Hint-replay failed): Subtyping check failed; expected type j: Prims.nat{n - s <= j && j <= FStar.Seq.Base.length a}; got type Prims.pos (see also FStar.UInt.fst(318,24-318,25))
FStar.UInt.fst(323,54-323,55): (Warning 252) (Hint-replay failed): Subtyping check failed; expected type j: Prims.nat{n - s <= j && j <= FStar.Seq.Base.length a}; got type Prims.pos (see also FStar.UInt.fst(321,23-321,24))
FStar.UInt.fst(330,57-330,58): (Warning 252) (Hint-replay failed): Subtyping check failed; expected type i: Prims.nat{i < FStar.Seq.Base.length (FStar.UInt.to_vec (FStar.UInt.zero n))}; got type i: Prims.nat{i < n} (see also FStar.Seq.Base.fst(30,49-30,61))
FStar.UInt.fst(333,2-333,56): (Warning 252) (Hint-replay failed): could not prove post-condition (see also FStar.UInt.fst(330,33-330,82))
FStar.UInt.fst(338,29-338,43): (Warning 252) (Hint-replay failed): assertion failed (see also FStar.UInt.fst(229,18-229,45))
FStar.UInt.fst(342,40-342,41): (Warning 252) (Hint-replay failed): Subtyping check failed; expected type i: Prims.nat{i < FStar.Seq.Base.length (FStar.UInt.to_vec (FStar.UInt.one n))}; got type i: Prims.nat{i < n} (see also FStar.Seq.Base.fst(30,49-30,61))
FStar.UInt.fst(345,2-345,50): (Warning 252) (Hint-replay failed): could not prove post-condition (see also FStar.UInt.fst(342,17-342,73))
FStar.UInt.fst(349,46-349,47): (Warning 252) (Hint-replay failed): Subtyping check failed; expected type i: Prims.nat{i < FStar.Seq.Base.length (FStar.UInt.to_vec (FStar.UInt.pow2_n p))}; got type i: Prims.nat{i < n} (see also FStar.Seq.Base.fst(30,49-30,61))
FStar.UInt.fst(352,2-354,43): (Warning 252) (Hint-replay failed): could not prove post-condition (see also FStar.UInt.fst(349,17-349,83))
FStar.UInt.fst(360,2-360,16): (Warning 252) (Hint-replay failed): assertion failed (see also FStar.UInt.fst(229,18-229,45))
FStar.UInt.fst(364,41-364,42): (Warning 252) (Hint-replay failed): Subtyping check failed; expected type i: Prims.nat{i < FStar.Seq.Base.length (FStar.UInt.to_vec (FStar.UInt.ones n))}; got type i: Prims.nat{i < n} (see also FStar.Seq.Base.fst(30,49-30,61))
FStar.UInt.fst(367,2-367,56): (Warning 252) (Hint-replay failed): could not prove post-condition (see also FStar.UInt.fst(364,17-364,66))
FStar.UInt.fst(373,2-373,16): (Warning 252) (Hint-replay failed): assertion failed (see also FStar.UInt.fst(229,18-229,45))
FStar.UInt.fst(378,37-378,38): (Warning 252) (Hint-replay failed): Subtyping check failed; expected type i: Prims.nat{i < FStar.Seq.Base.length (FStar.UInt.to_vec a)}; got type i: Prims.nat{i < n} (see also FStar.Seq.Base.fst(30,49-30,61))
FStar.UInt.fst(384,52-384,53): (Warning 252) (Hint-replay failed): Subtyping check failed; expected type i: Prims.nat{i < FStar.Seq.Base.length (FStar.UInt.to_vec a)}; got type i: Prims.nat{i < n} (see also FStar.Seq.Base.fst(30,49-30,61))
FStar.UInt.fst(471,37-474,70): (Warning 252) (Hint-replay failed): could not prove post-condition (see also FStar.UInt.fst(470,49-470,77))
FStar.UInt.fst(484,2-484,21): (Warning 252) (Hint-replay failed): assertion failed (see also FStar.UInt.fst(470,18-470,38))
FStar.UInt.fst(524,60-524,61): (Warning 252) (Hint-replay failed): Subtyping check failed; expected type i: Prims.nat{i < FStar.Seq.Base.length (FStar.BitVector.logxor_vec va vb)}; got type Prims.nat (see also FStar.Seq.Base.fst(30,49-30,61))
FStar.UInt.fst(561,39-564,72): (Warning 252) (Hint-replay failed): could not prove post-condition (see also FStar.UInt.fst(560,17-560,45))
FStar.UInt.fst(574,2-574,23): (Warning 252) (Hint-replay failed): assertion failed (see also FStar.UInt.fst(559,18-559,40))
FStar.UInt.fst(589,36-589,37): (Warning 252) (Hint-replay failed): Subtyping check failed; expected type i: Prims.nat{i < FStar.Seq.Base.length (FStar.UInt.to_vec a)}; got type i: Prims.nat{n - m <= i /\ i < n} (see also FStar.Seq.Base.fst(30,49-30,61))
FStar.UInt.fst(594,74-594,75): (Warning 252) (Hint-replay failed): Subtyping check failed; expected type i:
Prims.nat
{ i <
FStar.Seq.Base.length (FStar.UInt.to_vec (a / 2)) +
FStar.Seq.Base.length (FStar.Seq.Base.create 1 (a % 2 = 1)) /\
FStar.Seq.Base.length (FStar.UInt.to_vec (a / 2)) <= i }; got type i: Prims.nat{n - m <= i /\ i < n} (see also FStar.Seq.Base.fst(173,72-173,97))
FStar.UInt.fst(608,36-608,37): (Warning 252) (Hint-replay failed): Subtyping check failed; expected type i: Prims.nat{i < FStar.Seq.Base.length (FStar.UInt.to_vec a)}; got type i: Prims.nat{i < n - m} (see also FStar.Seq.Base.fst(30,49-30,61))
FStar.UInt.fst(617,76-617,77): (Warning 252) (Hint-replay failed): Subtyping check failed; expected type i: Prims.nat{i < FStar.Seq.Base.length (FStar.UInt.to_vec (a / 2))}; got type i: Prims.nat{i < n - m} (see also FStar.Seq.Base.fst(164,72-164,85))
FStar.UInt.fst(627,56-627,57): (Warning 252) (Hint-replay failed): Subtyping check failed; expected type i: Prims.nat{i < FStar.Seq.Base.length (FStar.UInt.to_vec (Prims.pow2 m - 1))}; got type i: Prims.nat{i < n} (see also FStar.Seq.Base.fst(30,49-30,61))
FStar.UInt.fst(631,3-636,44): (Warning 252) (Hint-replay failed): could not prove post-condition (see also FStar.UInt.fst(627,25-627,66))
FStar.UInt.fst(631,3-636,44): (Warning 252) could not prove post-condition (see also FStar.UInt.fst(627,25-627,66))
FStar.UInt.fst(631,3-636,44): (Warning 252) could not prove post-condition (see also FStar.UInt.fst(627,25-627,66))
FStar.UInt.fst(646,21-646,22): (Warning 252) (Hint-replay failed): Subtyping check failed; expected type i: Prims.nat{i < FStar.Seq.Base.length (FStar.UInt.to_vec a)}; got type i: Prims.nat{n - m <= i /\ i < n} (see also FStar.Seq.Base.fst(30,49-30,61))
FStar.UInt.fst(666,64-666,71): (Warning 252) (Hint-replay failed): Subtyping check failed; expected type i:
Prims.nat
{ 0 <= i /\
i <=
FStar.Seq.Base.length (FStar.BitVector.logand_vec (FStar.UInt.to_vec a)
(FStar.UInt.to_vec (Prims.pow2 m - 1))) }; got type Prims.int (see also FStar.Seq.Properties.fst(86,57-86,70))
FStar.UInt.fst(688,34-688,36): (Warning 252) (Hint-replay failed): could not prove post-condition (see also FStar.UInt.fst(686,10-686,45))
FStar.UInt.fst(693,34-693,36): (Warning 252) (Hint-replay failed): could not prove post-condition (see also FStar.UInt.fst(691,17-691,63))
FStar.UInt.fst(698,35-698,37): (Warning 252) (Hint-replay failed): could not prove post-condition (see also FStar.UInt.fst(696,10-696,46))
FStar.UInt.fst(703,35-703,37): (Warning 252) (Hint-replay failed): could not prove post-condition (see also FStar.UInt.fst(701,17-701,64))
FStar.UInt.fst(754,47-754,48): (Warning 252) (Hint-replay failed): Subtyping check failed; expected type j: Prims.nat{s <= j && j <= FStar.Seq.Base.length (FStar.UInt.to_vec a)}; got type Prims.pos (see also FStar.UInt.fst(753,28-753,29))
FStar.UInt.fst(783,61-783,68): (Warning 252) (Hint-replay failed): Subtyping check failed; expected type j: Prims.nat{0 <= j && j <= FStar.Seq.Base.length (FStar.UInt.to_vec a)}; got type Prims.int
FStar.BV.fst(6,21-6,29): (Warning 252) (Hint-replay failed): Subtyping check failed; expected type t: Type0{Prims.hasEq t}; got type Type0 (see also FStar.BV.fsti(4,31-4,38))
FStar.BV.fst(9,2-9,35): (Warning 252) (Hint-replay failed): Subtyping check failed; expected type vec:
FStar.Seq.Base.seq Prims.bool {x: Prims.unit{Prims.equals (FStar.Seq.Base.length vec = i + n) true}}; got type FStar.Seq.Base.seq Prims.bool (see also prims.fst(48,31-48,40))
FStar.BV.fst(25,21-25,37): (Warning 252) (Hint-replay failed): Subtyping check failed; expected type a23604: FStar.UInt.uint_t n23603 -> b23605: FStar.UInt.uint_t n23603 -> Prims.Lemma Prims.unit; got type a23597: FStar.UInt.uint_t n23596 -> b23598: FStar.UInt.uint_t n23596 -> Prims.Lemma Prims.unit (see also FStar.UInt.fst(229,18-229,45))
FStar.BV.fst(40,24-40,43): (Warning 252) (Hint-replay failed): Subtyping check failed; expected type vec: FStar.BV.bv_t n -> Prims.Lemma Prims.unit; got type vec: FStar.BitVector.bv_t n -> Prims.Lemma Prims.unit (see also prims.fst(238,92-238,105))
Unable to open hints file: C:\build\agent1\_work\1\s\ulib\LowStar.BufferView.fsti.hints; ran without hints
LowStar.Modifies.fsti(611,2-611,42): (Warning 252) (Hint-replay failed): assertion failed (see also LowStar.Modifies.fsti(584,48-584,82))
LowStar.Modifies.fsti(625,2-625,38): (Warning 252) (Hint-replay failed): assertion failed (see also LowStar.Modifies.fsti(594,48-594,78))
LowStar.Modifies.fsti(668,2-668,38): (Warning 252) (Hint-replay failed): assertion failed (see also LowStar.Modifies.fsti(632,48-632,89))
LowStar.Modifies.fsti(683,2-683,49): (Warning 252) (Hint-replay failed): assertion failed (see also LowStar.Modifies.fsti(643,48-643,82))
LowStar.Modifies.fsti(697,2-697,45): (Warning 252) (Hint-replay failed): assertion failed (see also LowStar.Modifies.fsti(653,48-653,78))
Unable to open hints file: C:\build\agent1\_work\1\s\ulib\LowStar.BufferView.fst.hints; ran without hints
LowStar.BufferView.fst(106,4-139,7): (Error 16) Unknown assertion failed (SMT solver says: unknown because canceled (fuel=0; ifuel=1; ))
Verified module: LowStar.BufferView (17371 milliseconds)
1 error was reported (see above)
make[3]: *** [gmake/Makefile.tmpl:29: LowStar.BufferView.fst.checked] Error 1
LowStar.Modifies.fsti(611,2-611,42): (Warning 252) (Hint-replay failed): assertion failed (see also LowStar.Modifies.fsti(584,48-584,82))
LowStar.Modifies.fsti(625,2-625,38): (Warning 252) (Hint-replay failed): assertion failed (see also LowStar.Modifies.fsti(594,48-594,78))
LowStar.Modifies.fst(157,43-157,80): (Warning 252) (Hint-replay failed): Subtyping check failed; expected type 
l1: LowStar.Modifies.loc ->
l2: LowStar.Modifies.loc ->
h: FStar.Monotonic.HyperStack.mem ->
h': FStar.Monotonic.HyperStack.mem ->
x: FStar.Monotonic.HyperHeap.rid ->
Prims.Lemma Prims.unit; got type 
l1: FStar.ModifiesGen.loc LowStar.Modifies.cls ->
l2: FStar.ModifiesGen.loc LowStar.Modifies.cls ->
h: FStar.Monotonic.HyperStack.mem ->
h': FStar.Monotonic.HyperStack.mem ->
r: FStar.Monotonic.HyperHeap.rid ->
Prims.Lemma Prims.unit (see also FStar.ModifiesGen.fsti(658,104-658,145))
LowStar.Modifies.fst(159,54-159,101): (Warning 252) (Hint-replay failed): Subtyping check failed; expected type 
l1: LowStar.Modifies.loc ->
l2: LowStar.Modifies.loc ->
h: FStar.Monotonic.HyperStack.mem ->
h': FStar.Monotonic.HyperStack.mem ->
x: FStar.Monotonic.HyperStack.mreference t pre ->
Prims.Lemma Prims.unit; got type 
l1: FStar.ModifiesGen.loc LowStar.Modifies.cls ->
l2: FStar.ModifiesGen.loc LowStar.Modifies.cls ->
h: FStar.Monotonic.HyperStack.mem ->
h': FStar.Monotonic.HyperStack.mem ->
r: FStar.Monotonic.HyperStack.mreference t pre ->
Prims.Lemma Prims.unit (see also FStar.ModifiesGen.fsti(669,104-669,138))
LowStar.Modifies.fst(162,5-162,44): (Warning 252) (Hint-replay failed): assertion failed (see also FStar.ModifiesGen.fsti(680,104-680,135))
LowStar.Modifies.fsti(668,2-668,38): (Warning 252) (Hint-replay failed): assertion failed (see also LowStar.Modifies.fsti(632,48-632,89))
LowStar.Modifies.fsti(683,2-683,49): (Warning 252) (Hint-replay failed): assertion failed (see also LowStar.Modifies.fsti(643,48-643,82))
LowStar.Modifies.fsti(697,2-697,45): (Warning 252) (Hint-replay failed): assertion failed (see also LowStar.Modifies.fsti(653,48-653,78))
LowStar.Modifies.fst(227,2-227,23): (Warning 252) (Hint-replay failed): assertion failed (see also LowStar.Modifies.fsti(353,59-353,77))
FStar.Pointer.Derived1.fst(118,2-118,8): (Warning 252) (Hint-replay failed): assertion failed (see also FStar.Pointer.Derived1.fst(118,9-118,104))
FStar.Pointer.Derived1.fst(168,2-168,8): (Warning 252) (Hint-replay failed): assertion failed (see also FStar.Pointer.Derived1.fst(168,9-168,91))
FStar.Pointer.Derived1.fst(171,2-171,23): (Warning 252) (Hint-replay failed): assertion failed (see also FStar.Pointer.Base.fsti(1493,5-1493,45))
FStar.Integers.fst(187,4-195,37): (Warning 252) (Hint-replay failed): Patterns are incomplete
FStar.Integers.fst(227,4-235,37): (Warning 252) (Hint-replay failed): Patterns are incomplete
FStar.Integers.fst(244,4-252,37): (Warning 252) (Hint-replay failed): Patterns are incomplete
FStar.Integers.fst(263,30-263,31): (Warning 252) (Hint-replay failed): Subtyping check failed; expected type FStar.Int8.t; got type x: FStar.Integers.int_t sw {FStar.Integers.within_bounds sw (0 - FStar.Integers.v x)} (see also FStar.Integers.fst(258,10-258,11))
FStar.Integers.fst(301,4-307,35): (Warning 252) (Hint-replay failed): Patterns are incomplete
FStar.Integers.fst(316,4-322,35): (Warning 252) (Hint-replay failed): Patterns are incomplete
FStar.BufferNG.fst(26,30-26,31): (Warning 252) Subtyping check failed; expected type t: FStar.Pointer.Base.typ{t << l}; got type FStar.Pointer.Base.typ (see also FStar.BufferNG.fst(24,2-26,58))
LowStar.Buffer.fst(74,7-74,65): (Warning 252) (Hint-replay failed): Subtyping check failed; expected type LowStar.Buffer.lseq a n; got type FStar.Seq.Base.seq a (see also FStar.Seq.Properties.fst(24,19-24,36))
LowStar.Buffer.fst(79,23-79,24): (Warning 252) (Hint-replay failed): Subtyping check failed; expected type s: FStar.Seq.Base.seq a {FStar.Seq.Base.length s > 0}; got type LowStar.Buffer.lseq a n (see also FStar.Seq.Properties.fst(54,29-54,41))
LowStar.Buffer.fst(87,2-93,5): (Warning 252) (Hint-replay failed): could not prove post-condition (see also LowStar.Buffer.fst(83,11-83,54))
LowStar.Buffer.fst(104,23-104,38): (Warning 252) (Hint-replay failed): Subtyping check failed; expected type s: FStar.Seq.Base.seq a {FStar.Seq.Base.length s > 0}; got type LowStar.Buffer.lseq a n (see also FStar.Seq.Properties.fst(777,13-777,25))
LowStar.Buffer.fst(113,59-113,82): (Warning 252) (Hint-replay failed): Subtyping check failed; expected type j:
Prims.nat
{ FStar.UInt32.v idx <= j &&
j <=
FStar.Seq.Base.length (LowStar.Buffer.lseq_of_vec (FStar.Monotonic.HyperStack.sel h content)) }; got type Prims.int
LowStar.Buffer.fst(115,27-115,29): (Warning 252) (Hint-replay failed): could not prove post-condition (see also LowStar.Buffer.fsti(186,2-186,39))
LowStar.Buffer.fst(134,70-134,97): (Warning 252) (Hint-replay failed): Subtyping check failed; expected type j1:
Prims.nat
{ FStar.UInt32.v idx_l <= j1 /\
j1 <=
FStar.Seq.Base.length (LowStar.Buffer.lseq_of_vec (FStar.Monotonic.HyperStack.sel h1 content_l))
}; got type Prims.int (see also FStar.Seq.Properties.fst(892,24-892,38))
LowStar.Buffer.fst(166,65-166,89): (Warning 252) (Hint-replay failed): Subtyping check failed; expected type j1:
Prims.nat
{ FStar.UInt32.v idx <= j1 /\
j1 <=
FStar.Seq.Base.length (LowStar.Buffer.lseq_of_vec (FStar.Monotonic.HyperStack.sel h content)) }; got type Prims.int (see also FStar.Seq.Properties.fst(892,24-892,38))
LowStar.Buffer.fst(312,30-312,56): (Warning 252) (Hint-replay failed): Subtyping check failed; expected type FStar.UInt.uint_t FStar.UInt32.n; got type Prims.nat (see also FStar.UInt.fst(52,28-52,36))
LowStar.Buffer.fst(319,47-319,49): (Warning 252) (Hint-replay failed): could not prove post-condition (see also LowStar.Buffer.fsti(496,4-496,81))
LowStar.Buffer.fst(333,43-333,45): (Warning 252) (Hint-replay failed): could not prove post-condition (see also LowStar.Buffer.fsti(513,4-513,72))
LowStar.Buffer.fst(436,28-436,61): (Warning 252) (Hint-replay failed): Subtyping check failed; expected type i: Prims.nat{i < FStar.Seq.Base.length (LowStar.Buffer.lseq_of_vec s)}; got type Prims.int (see also FStar.Seq.Base.fst(30,49-30,61))
LowStar.Buffer.fst(460,21-460,54): (Warning 252) (Hint-replay failed): Subtyping check failed; expected type n: Prims.nat{n < FStar.Seq.Base.length s0}; got type Prims.int (see also FStar.Seq.Base.fst(78,46-78,58))
LowStar.Buffer.fst(515,2-520,3): (Warning 252) (Hint-replay failed): could not prove post-condition (see also LowStar.Buffer.fst(510,4-510,46))
LowStar.Buffer.fst(529,2-533,3): (Warning 252) (Hint-replay failed): could not prove post-condition (see also LowStar.Buffer.fsti(824,4-824,46))
LowStar.Buffer.fst(536,2-543,3): (Warning 252) (Hint-replay failed): could not prove post-condition (see also LowStar.Buffer.fsti(848,4-848,35))
LowStar.Buffer.fst(546,2-553,3): (Warning 252) (Hint-replay failed): could not prove post-condition (see also LowStar.Buffer.fsti(866,4-866,35))
Unable to open hints file: C:\build\agent1\_work\1\s\ulib\FStar.ConstantTime.Integers.fsti.hints; ran without hints
Unable to open hints file: C:\build\agent1\_work\1\s\ulib\FStar.ConstantTime.Integers.fst.hints; ran without hints
FStar.Reflection.Arith.fst(116,30-116,32): (Warning 252) Subtyping check failed; expected type t: FStar.Reflection.Types.term{t << t}; got type FStar.Reflection.Types.term (see also FStar.Reflection.Arith.fst(110,4-153,14))
FStar.Reflection.Arith.fst(116,30-116,32): (Warning 252) Subtyping check failed; expected type t: FStar.Reflection.Types.term{t << t}; got type FStar.Reflection.Types.term (see also FStar.Reflection.Arith.fst(110,4-153,14))
(Warning 252) (Hint-replay failed): assertion failed
FStar.Printf.fst(179,21-179,98): (Warning 252) (Hint-replay failed): Subtyping check failed; expected type (match
let FStar.Pervasives.Native.Some v =
match FStar.String.list_of_string s with
| [] -> FStar.Pervasives.Native.Some []
| ['%'] -> FStar.Pervasives.Native.None
| '%' :: 'u' :: s' ->
(match s' with
| 'y' :: s'' ->
(match FStar.Printf.parse_format s'' FStar.Printf.no_extensions with
| FStar.Pervasives.Native.None  -> FStar.Pervasives.Native.None
| FStar.Pervasives.Native.Some ds ->
FStar.Pervasives.Native.Some (FStar.Printf.Arg (FStar.Printf.U8) :: ds))
<:
Prims.Tot (FStar.Pervasives.Native.option (Prims.list FStar.Printf.dir))
| 's' :: s'' ->
(match FStar.Printf.parse_format s'' FStar.Printf.no_extensions with
| FStar.Pervasives.Native.None  -> FStar.Pervasives.Native.None
| FStar.Pervasives.Native.Some ds ->
FStar.Pervasives.Native.Some (FStar.Printf.Arg (FStar.Printf.U16) :: ds))
<:
Prims.Tot (FStar.Pervasives.Native.option (Prims.list FStar.Printf.dir))
| 'l' :: s'' ->
(match FStar.Printf.parse_format s'' FStar.Printf.no_extensions with
| FStar.Pervasives.Native.None  -> FStar.Pervasives.Native.None
| FStar.Pervasives.Native.Some ds ->
FStar.Pervasives.Native.Some (FStar.Printf.Arg (FStar.Printf.U32) :: ds))
<:
Prims.Tot (FStar.Pervasives.Native.option (Prims.list FStar.Printf.dir))
| 'L' :: s'' ->
(match FStar.Printf.parse_format s'' FStar.Printf.no_extensions with
| FStar.Pervasives.Native.None  -> FStar.Pervasives.Native.None
| FStar.Pervasives.Native.Some ds ->
FStar.Pervasives.Native.Some (FStar.Printf.Arg (FStar.Printf.U64) :: ds))
<:
Prims.Tot (FStar.Pervasives.Native.option (Prims.list FStar.Printf.dir))
| _ -> FStar.Pervasives.Native.None)
<:
FStar.Pervasives.Native.option (Prims.list FStar.Printf.dir)
| '%' :: 'X' :: s' ->
(match FStar.Printf.no_extensions s' with
| FStar.Pervasives.Native.Some (ext, rest) ->
(match FStar.Printf.parse_format rest FStar.Printf.no_extensions with
| FStar.Pervasives.Native.None  -> FStar.Pervasives.Native.None
| FStar.Pervasives.Native.Some ds ->
FStar.Pervasives.Native.Some (FStar.Printf.Arg (FStar.Printf.Extension ext) :: ds))
<:
Prims.Tot (FStar.Pervasives.Native.option (Prims.list FStar.Printf.dir))
| _ -> FStar.Pervasives.Native.None)
<:
FStar.Pervasives.Native.option (Prims.list FStar.Printf.dir)
| '%' :: c :: s' ->
(match c with
| '%' ->
(match FStar.Printf.parse_format s' FStar.Printf.no_extensions with
| FStar.Pervasives.Native.None  -> FStar.Pervasives.Native.None
| FStar.Pervasives.Native.Some ds ->
FStar.Pervasives.Native.Some (FStar.Printf.Lit '%' :: ds))
<:
Prims.Tot (FStar.Pervasives.Native.option (Prims.list FStar.Printf.dir))
| 'b' ->
(match FStar.Printf.parse_format s' FStar.Printf.no_extensions with
| FStar.Pervasives.Native.None  -> FStar.Pervasives.Native.None
| FStar.Pervasives.Native.Some ds ->
FStar.Pervasives.Native.Some (FStar.Printf.Arg (FStar.Printf.Bool) :: ds))
<:
Prims.Tot (FStar.Pervasives.Native.option (Prims.list FStar.Printf.dir))
| 'd' ->
(match FStar.Printf.parse_format s' FStar.Printf.no_extensions with
| FStar.Pervasives.Native.None  -> FStar.Pervasives.Native.None
| FStar.Pervasives.Native.Some ds ->
FStar.Pervasives.Native.Some (FStar.Printf.Arg (FStar.Printf.Int) :: ds))
<:
Prims.Tot (FStar.Pervasives.Native.option (Prims.list FStar.Printf.dir))
| 'c' ->
(match FStar.Printf.parse_format s' FStar.Printf.no_extensions with
| FStar.Pervasives.Native.None  -> FStar.Pervasives.Native.None
| FStar.Pervasives.Native.Some ds ->
FStar.Pervasives.Native.Some (FStar.Printf.Arg (FStar.Printf.Char) :: ds))
<:
Prims.Tot (FStar.Pervasives.Native.option (Prims.list FStar.Printf.dir))
| 's' ->
(match FStar.Printf.parse_format s' FStar.Printf.no_extensions with
| FStar.Pervasives.Native.None  -> FStar.Pervasives.Native.None
| FStar.Pervasives.Native.Some ds ->
FStar.Pervasives.Native.Some (FStar.Printf.Arg (FStar.Printf.String) :: ds))
<:
Prims.Tot (FStar.Pervasives.Native.option (Prims.list FStar.Printf.dir))
| 'y' ->
(match FStar.Printf.parse_format s' FStar.Printf.no_extensions with
| FStar.Pervasives.Native.None  -> FStar.Pervasives.Native.None
| FStar.Pervasives.Native.Some ds ->
FStar.Pervasives.Native.Some (FStar.Printf.Arg (FStar.Printf.I8) :: ds))
<:
Prims.Tot (FStar.Pervasives.Native.option (Prims.list FStar.Printf.dir))
| 'i' ->
(match FStar.Printf.parse_format s' FStar.Printf.no_extensions with
| FStar.Pervasives.Native.None  -> FStar.Pervasives.Native.None
| FStar.Pervasives.Native.Some ds ->
FStar.Pervasives.Native.Some (FStar.Printf.Arg (FStar.Printf.I16) :: ds))
<:
Prims.Tot (FStar.Pervasives.Native.option (Prims.list FStar.Printf.dir))
| 'l' ->
(match FStar.Printf.parse_format s' FStar.Printf.no_extensions with
| FStar.Pervasives.Native.None  -> FStar.Pervasives.Native.None
| FStar.Pervasives.Native.Some ds ->
FStar.Pervasives.Native.Some (FStar.Printf.Arg (FStar.Printf.I32) :: ds))
<:
Prims.Tot (FStar.Pervasives.Native.option (Prims.list FStar.Printf.dir))
| 'L' ->
(match FStar.Printf.parse_format s' FStar.Printf.no_extensions with
| FStar.Pervasives.Native.None  -> FStar.Pervasives.Native.None
| FStar.Pervasives.Native.Some ds ->
FStar.Pervasives.Native.Some (FStar.Printf.Arg (FStar.Printf.I64) :: ds))
<:
Prims.Tot (FStar.Pervasives.Native.option (Prims.list FStar.Printf.dir))
| _ -> FStar.Pervasives.Native.None)
<:
FStar.Pervasives.Native.option (Prims.list FStar.Printf.dir)
| c :: s' ->
(match FStar.Printf.parse_format s' FStar.Printf.no_extensions with
| FStar.Pervasives.Native.None  -> FStar.Pervasives.Native.None
| FStar.Pervasives.Native.Some ds ->
FStar.Pervasives.Native.Some (FStar.Printf.Lit c :: ds))
<:
Prims.Tot (FStar.Pervasives.Native.option (Prims.list FStar.Printf.dir))
in
v
with
| [] -> Prims.string
| FStar.Printf.Lit _ :: ds' -> FStar.Printf.dir_type ds'
| FStar.Printf.Arg a :: ds' -> _: FStar.Printf.arg_type a -> Prims.Tot (FStar.Printf.dir_type ds')
)
<:
Type0; got type FStar.Printf.dir_type (Some?.v (FStar.Printf.parse_format_string s FStar.Printf.no_extensions))
FStar.Printf.fst(190,21-190,94): (Warning 252) (Hint-replay failed): Subtyping check failed; expected type (match
let FStar.Pervasives.Native.Some v =
match FStar.String.list_of_string s with
| [] -> FStar.Pervasives.Native.Some []
| ['%'] -> FStar.Pervasives.Native.None
| '%' :: 'u' :: s' ->
(match s' with
| 'y' :: s'' ->
(match FStar.Printf.parse_format s'' parse_ext with
| FStar.Pervasives.Native.None  -> FStar.Pervasives.Native.None
| FStar.Pervasives.Native.Some ds ->
FStar.Pervasives.Native.Some (FStar.Printf.Arg (FStar.Printf.U8) :: ds))
<:
Prims.Tot (FStar.Pervasives.Native.option (Prims.list FStar.Printf.dir))
| 's' :: s'' ->
(match FStar.Printf.parse_format s'' parse_ext with
| FStar.Pervasives.Native.None  -> FStar.Pervasives.Native.None
| FStar.Pervasives.Native.Some ds ->
FStar.Pervasives.Native.Some (FStar.Printf.Arg (FStar.Printf.U16) :: ds))
<:
Prims.Tot (FStar.Pervasives.Native.option (Prims.list FStar.Printf.dir))
| 'l' :: s'' ->
(match FStar.Printf.parse_format s'' parse_ext with
| FStar.Pervasives.Native.None  -> FStar.Pervasives.Native.None
| FStar.Pervasives.Native.Some ds ->
FStar.Pervasives.Native.Some (FStar.Printf.Arg (FStar.Printf.U32) :: ds))
<:
Prims.Tot (FStar.Pervasives.Native.option (Prims.list FStar.Printf.dir))
| 'L' :: s'' ->
(match FStar.Printf.parse_format s'' parse_ext with
| FStar.Pervasives.Native.None  -> FStar.Pervasives.Native.None
| FStar.Pervasives.Native.Some ds ->
FStar.Pervasives.Native.Some (FStar.Printf.Arg (FStar.Printf.U64) :: ds))
<:
Prims.Tot (FStar.Pervasives.Native.option (Prims.list FStar.Printf.dir))
| _ -> FStar.Pervasives.Native.None)
<:
FStar.Pervasives.Native.option (Prims.list FStar.Printf.dir)
| '%' :: 'X' :: s' ->
(match parse_ext s' with
| FStar.Pervasives.Native.Some (ext, rest) ->
(match FStar.Printf.parse_format rest parse_ext with
| FStar.Pervasives.Native.None  -> FStar.Pervasives.Native.None
| FStar.Pervasives.Native.Some ds ->
FStar.Pervasives.Native.Some (FStar.Printf.Arg (FStar.Printf.Extension ext) :: ds))
<:
Prims.Tot (FStar.Pervasives.Native.option (Prims.list FStar.Printf.dir))
| _ -> FStar.Pervasives.Native.None)
<:
FStar.Pervasives.Native.option (Prims.list FStar.Printf.dir)
| '%' :: c :: s' ->
(match c with
| '%' ->
(match FStar.Printf.parse_format s' parse_ext with
| FStar.Pervasives.Native.None  -> FStar.Pervasives.Native.None
| FStar.Pervasives.Native.Some ds ->
FStar.Pervasives.Native.Some (FStar.Printf.Lit '%' :: ds))
<:
Prims.Tot (FStar.Pervasives.Native.option (Prims.list FStar.Printf.dir))
| 'b' ->
(match FStar.Printf.parse_format s' parse_ext with
| FStar.Pervasives.Native.None  -> FStar.Pervasives.Native.None
| FStar.Pervasives.Native.Some ds ->
FStar.Pervasives.Native.Some (FStar.Printf.Arg (FStar.Printf.Bool) :: ds))
<:
Prims.Tot (FStar.Pervasives.Native.option (Prims.list FStar.Printf.dir))
| 'd' ->
(match FStar.Printf.parse_format s' parse_ext with
| FStar.Pervasives.Native.None  -> FStar.Pervasives.Native.None
| FStar.Pervasives.Native.Some ds ->
FStar.Pervasives.Native.Some (FStar.Printf.Arg (FStar.Printf.Int) :: ds))
<:
Prims.Tot (FStar.Pervasives.Native.option (Prims.list FStar.Printf.dir))
| 'c' ->
(match FStar.Printf.parse_format s' parse_ext with
| FStar.Pervasives.Native.None  -> FStar.Pervasives.Native.None
| FStar.Pervasives.Native.Some ds ->
FStar.Pervasives.Native.Some (FStar.Printf.Arg (FStar.Printf.Char) :: ds))
<:
Prims.Tot (FStar.Pervasives.Native.option (Prims.list FStar.Printf.dir))
| 's' ->
(match FStar.Printf.parse_format s' parse_ext with
| FStar.Pervasives.Native.None  -> FStar.Pervasives.Native.None
| FStar.Pervasives.Native.Some ds ->
FStar.Pervasives.Native.Some (FStar.Printf.Arg (FStar.Printf.String) :: ds))
<:
Prims.Tot (FStar.Pervasives.Native.option (Prims.list FStar.Printf.dir))
| 'y' ->
(match FStar.Printf.parse_format s' parse_ext with
| FStar.Pervasives.Native.None  -> FStar.Pervasives.Native.None
| FStar.Pervasives.Native.Some ds ->
FStar.Pervasives.Native.Some (FStar.Printf.Arg (FStar.Printf.I8) :: ds))
<:
Prims.Tot (FStar.Pervasives.Native.option (Prims.list FStar.Printf.dir))
| 'i' ->
(match FStar.Printf.parse_format s' parse_ext with
| FStar.Pervasives.Native.None  -> FStar.Pervasives.Native.None
| FStar.Pervasives.Native.Some ds ->
FStar.Pervasives.Native.Some (FStar.Printf.Arg (FStar.Printf.I16) :: ds))
<:
Prims.Tot (FStar.Pervasives.Native.option (Prims.list FStar.Printf.dir))
| 'l' ->
(match FStar.Printf.parse_format s' parse_ext with
| FStar.Pervasives.Native.None  -> FStar.Pervasives.Native.None
| FStar.Pervasives.Native.Some ds ->
FStar.Pervasives.Native.Some (FStar.Printf.Arg (FStar.Printf.I32) :: ds))
<:
Prims.Tot (FStar.Pervasives.Native.option (Prims.list FStar.Printf.dir))
| 'L' ->
(match FStar.Printf.parse_format s' parse_ext with
| FStar.Pervasives.Native.None  -> FStar.Pervasives.Native.None
| FStar.Pervasives.Native.Some ds ->
FStar.Pervasives.Native.Some (FStar.Printf.Arg (FStar.Printf.I64) :: ds))
<:
Prims.Tot (FStar.Pervasives.Native.option (Prims.list FStar.Printf.dir))
| _ -> FStar.Pervasives.Native.None)
<:
FStar.Pervasives.Native.option (Prims.list FStar.Printf.dir)
| c :: s' ->
(match FStar.Printf.parse_format s' parse_ext with
| FStar.Pervasives.Native.None  -> FStar.Pervasives.Native.None
| FStar.Pervasives.Native.Some ds ->
FStar.Pervasives.Native.Some (FStar.Printf.Lit c :: ds))
<:
Prims.Tot (FStar.Pervasives.Native.option (Prims.list FStar.Printf.dir))
in
v
with
| [] -> Prims.string
| FStar.Printf.Lit _ :: ds' -> FStar.Printf.dir_type ds'
| FStar.Printf.Arg a :: ds' -> _: FStar.Printf.arg_type a -> Prims.Tot (FStar.Printf.dir_type ds')
)
<:
Type0; got type FStar.Printf.dir_type (Some?.v (FStar.Printf.parse_format_string s parse_ext))
FStar.Tactics.Canon.fst(214,14-216,27): (Warning 252) Patterns are incomplete
FStar.Tactics.PatternMatching.fst(199,2-214,30): (Warning 252) Patterns are incomplete
FStar.Tactics.PatternMatching.fst(331,4-333,63): (Warning 252) Patterns are incomplete
FStar.Tactics.PatternMatching.fst(443,9-448,73): (Warning 252) Patterns are incomplete
FStar.Tactics.PatternMatching.fst(479,6-481,64): (Warning 252) Patterns are incomplete
FStar.Tactics.PatternMatching.fst(533,4-535,63): (Warning 252) Patterns are incomplete
FStar.Tactics.PatternMatching.fst(596,4-599,34): (Warning 252) Patterns are incomplete
FStar.Tactics.BV.fst(151,11-157,52): (Warning 252) Patterns are incomplete
FStar.UInt128.fst(269,2-269,57): (Warning 252) (Hint-replay failed): could not prove post-condition (see also FStar.UInt128.fst(267,8-267,97))
FStar.UInt128.fst(280,34-280,52): (Warning 252) (Hint-replay failed): Subtyping check failed; expected type FStar.BitVector.bv_t (n1 + n2); got type FStar.Seq.Base.seq Prims.bool (see also FStar.BitVector.fst(7,33-7,47))
FStar.UInt128.fst(283,47-283,65): (Warning 252) (Hint-replay failed): Subtyping check failed; expected type FStar.BitVector.bv_t (n1 + n2); got type FStar.Seq.Base.seq Prims.bool (see also FStar.BitVector.fst(7,33-7,47))
FStar.UInt128.fst(296,2-296,8): (Warning 252) (Hint-replay failed): assertion failed (see also FStar.UInt128.fst(296,9-296,58))
FStar.UInt128.fst(301,34-301,52): (Warning 252) (Hint-replay failed): Subtyping check failed; expected type FStar.BitVector.bv_t (n1 + n2); got type FStar.Seq.Base.seq Prims.bool (see also FStar.BitVector.fst(7,33-7,47))
FStar.UInt128.fst(304,47-304,65): (Warning 252) (Hint-replay failed): Subtyping check failed; expected type FStar.BitVector.bv_t (n1 + n2); got type FStar.Seq.Base.seq Prims.bool (see also FStar.BitVector.fst(7,33-7,47))
FStar.UInt128.fst(317,2-317,8): (Warning 252) (Hint-replay failed): assertion failed (see also FStar.UInt128.fst(317,9-317,58))
FStar.UInt128.fst(322,32-322,50): (Warning 252) (Hint-replay failed): Subtyping check failed; expected type FStar.BitVector.bv_t (n1 + n2); got type FStar.Seq.Base.seq Prims.bool (see also FStar.BitVector.fst(7,33-7,47))
FStar.UInt128.fst(325,46-325,64): (Warning 252) (Hint-replay failed): Subtyping check failed; expected type FStar.BitVector.bv_t (n1 + n2); got type FStar.Seq.Base.seq Prims.bool (see also FStar.BitVector.fst(7,33-7,47))
FStar.UInt128.fst(338,2-338,8): (Warning 252) (Hint-replay failed): assertion failed (see also FStar.UInt128.fst(338,9-338,57))
FStar.UInt128.fst(343,33-343,51): (Warning 252) (Hint-replay failed): Subtyping check failed; expected type FStar.BitVector.bv_t (n1 + n2); got type FStar.Seq.Base.seq Prims.bool (see also FStar.BitVector.fst(7,33-7,47))
FStar.UInt128.fst(346,48-346,66): (Warning 252) (Hint-replay failed): Subtyping check failed; expected type FStar.BitVector.bv_t (n1 + n2); got type FStar.Seq.Base.seq Prims.bool (see also FStar.BitVector.fst(7,33-7,47))
FStar.UInt128.fst(357,2-357,8): (Warning 252) (Hint-replay failed): assertion failed (see also FStar.UInt128.fst(357,9-357,47))
FStar.Buffer.fst(69,30-69,48): (Warning 252) (Hint-replay failed): Subtyping check failed; expected type j: Prims.nat{FStar.Buffer.idx b <= j && j <= FStar.Seq.Base.length (FStar.Buffer.sel h b)}; got type Prims.int
FStar.Buffer.fst(96,37-96,55): (Warning 252) (Hint-replay failed): Subtyping check failed; expected type j1: Prims.nat{FStar.Buffer.idx x <= j1 /\ j1 <= FStar.Seq.Base.length (FStar.Buffer.sel h1 x)}; got type Prims.int (see also FStar.Seq.Properties.fst(892,24-892,38))
FStar.Buffer.fst(740,4-740,6): (Warning 252) (Hint-replay failed): could not prove post-condition (see also FStar.Buffer.fst(738,12-738,35))
FStar.Buffer.fst(765,4-765,6): (Warning 252) (Hint-replay failed): could not prove post-condition (see also FStar.Buffer.fst(763,12-763,37))
FStar.Buffer.fst(872,4-872,10): (Warning 252) (Hint-replay failed): assertion failed (see also FStar.Buffer.fst(872,11-872,47))
FStar.Buffer.fst(931,16-931,25): (Warning 252) (Hint-replay failed): Subtyping check failed; expected type j: Prims.nat{i <= j && j <= FStar.Seq.Base.length s}; got type Prims.int
FStar.Buffer.fst(942,16-942,32): (Warning 252) (Hint-replay failed): Subtyping check failed; expected type j: Prims.nat{i <= j && j <= FStar.Seq.Base.length s}; got type Prims.int
FStar.Buffer.fst(950,14-950,29): (Warning 252) (Hint-replay failed): Subtyping check failed; expected type i: Prims.nat{i < FStar.Seq.Base.length s}; got type Prims.int (see also FStar.Seq.Base.fst(30,49-30,61))
FStar.Buffer.fst(958,63-958,76): (Warning 252) (Hint-replay failed): Subtyping check failed; expected type n: Prims.nat{n < FStar.Seq.Base.length (FStar.Buffer.sel h0 b)}; got type Prims.int (see also FStar.Seq.Base.fst(78,46-78,58))
FStar.Buffer.fst(969,75-969,88): (Warning 252) (Hint-replay failed): Subtyping check failed; expected type n: Prims.nat{n < FStar.Seq.Base.length (FStar.Buffer.sel h0 b)}; got type Prims.int (see also FStar.Seq.Base.fst(78,46-78,58))
FStar.Buffer.fst(981,85-981,98): (Warning 252) (Hint-replay failed): Subtyping check failed; expected type n: Prims.nat{n < FStar.Seq.Base.length (FStar.Buffer.sel h0 b)}; got type Prims.int (see also FStar.Seq.Base.fst(78,46-78,58))
FStar.Buffer.fst(990,64-990,77): (Warning 252) (Hint-replay failed): Subtyping check failed; expected type n: Prims.nat{n < FStar.Seq.Base.length (FStar.Buffer.sel h0 b)}; got type Prims.int (see also FStar.Seq.Base.fst(78,46-78,58))
FStar.Buffer.fst(992,28-992,48): (Warning 252) (Hint-replay failed): could not prove post-condition (see also FStar.Buffer.fst(990,7-990,81))
FStar.Buffer.fst(1002,21-1002,36): (Warning 252) (Hint-replay failed): Subtyping check failed; expected type n: Prims.nat{n < FStar.Seq.Base.length s0}; got type Prims.int (see also FStar.Seq.Base.fst(78,46-78,58))
FStar.Buffer.fst(1040,71-1040,84): (Warning 252) (Hint-replay failed): Subtyping check failed; expected type j: Prims.nat{FStar.UInt32.v i <= j && j <= FStar.Seq.Base.length (FStar.Buffer.as_seq h b)}; got type Prims.int
FStar.Buffer.fst(1064,70-1064,80): (Warning 252) (Hint-replay failed): Subtyping check failed; expected type j: Prims.nat{FStar.UInt32.v i <= j && j <= FStar.Seq.Base.length (FStar.Buffer.as_seq h b)}; got type Prims.nat
FStar.Buffer.fst(1080,6-1080,20): (Warning 252) (Hint-replay failed): assertion failed (see also FStar.Seq.Base.fst(215,87-215,113))
FStar.Buffer.fst(1097,2-1097,5): (Warning 252) (Hint-replay failed): assertion failed (see also FStar.Buffer.fst(1097,37-1097,65))
FStar.Buffer.fst(1301,4-1301,6): (Warning 252) (Hint-replay failed): could not prove post-condition (see also FStar.Buffer.fst(1299,13-1299,31))
FStar.Modifies.fsti(470,2-470,42): (Warning 252) (Hint-replay failed): assertion failed (see also FStar.Modifies.fsti(443,48-443,82))
FStar.Modifies.fsti(484,2-484,38): (Warning 252) (Hint-replay failed): assertion failed (see also FStar.Modifies.fsti(453,48-453,78))
FStar.Modifies.fsti(527,2-527,38): (Warning 252) (Hint-replay failed): assertion failed (see also FStar.Modifies.fsti(491,48-491,89))
FStar.Modifies.fsti(542,2-542,49): (Warning 252) (Hint-replay failed): assertion failed (see also FStar.Modifies.fsti(502,48-502,82))
FStar.Modifies.fsti(556,2-556,45): (Warning 252) (Hint-replay failed): assertion failed (see also FStar.Modifies.fsti(512,48-512,78))
FStar.ModifiesGen.fst(320,9-320,109): (Warning 252) (Hint-replay failed): assertion failed
FStar.ModifiesGen.fst(343,2-343,51): (Warning 252) (Hint-replay failed): could not prove post-condition (see also FStar.ModifiesGen.fsti(217,2-217,20))
FStar.ModifiesGen.fst(354,2-354,111): (Warning 252) (Hint-replay failed): could not prove post-condition (see also FStar.ModifiesGen.fsti(224,11-224,31))
FStar.ModifiesGen.fst(356,42-356,44): (Warning 252) (Hint-replay failed): could not prove post-condition (see also FStar.ModifiesGen.fsti(231,11-231,45))
FStar.ModifiesGen.fst(366,8-366,14): (Warning 252) (Hint-replay failed): assertion failed (see also FStar.ModifiesGen.fst(366,15-366,50))
FStar.ModifiesGen.fst(373,33-373,35): (Warning 252) (Hint-replay failed): could not prove post-condition (see also FStar.ModifiesGen.fsti(244,2-244,27))
FStar.ModifiesGen.fst(375,43-375,45): (Warning 252) (Hint-replay failed): could not prove post-condition (see also FStar.ModifiesGen.fsti(253,11-253,65))
FStar.ModifiesGen.fst(387,2-387,4): (Warning 252) (Hint-replay failed): could not prove post-condition (see also FStar.ModifiesGen.fst(385,2-385,104))
FStar.ModifiesGen.fst(389,68-389,70): (Warning 252) (Hint-replay failed): could not prove post-condition (see also FStar.ModifiesGen.fsti(264,11-264,85))
FStar.ModifiesGen.fst(391,66-391,68): (Warning 252) (Hint-replay failed): could not prove post-condition (see also FStar.ModifiesGen.fsti(275,11-275,81))
FStar.ModifiesGen.fst(393,87-393,89): (Warning 252) (Hint-replay failed): could not prove post-condition (see also FStar.ModifiesGen.fsti(285,11-285,105))
FStar.ModifiesGen.fst(395,84-395,86): (Warning 252) (Hint-replay failed): could not prove post-condition (see also FStar.ModifiesGen.fsti(293,11-293,103))
FStar.ModifiesGen.fst(404,91-404,93): (Warning 252) (Hint-replay failed): could not prove post-condition (see also FStar.ModifiesGen.fsti(311,11-311,111))
FStar.ModifiesGen.fst(494,35-494,37): (Warning 252) (Hint-replay failed): could not prove post-condition (see also FStar.ModifiesGen.fsti(332,11-332,36))
FStar.ModifiesGen.fst(519,2-528,30): (Warning 252) (Hint-replay failed): could not prove post-condition (see also FStar.ModifiesGen.fsti(346,11-346,33))
FStar.ModifiesGen.fst(538,2-538,173): (Warning 252) (Hint-replay failed): could not prove post-condition (see also FStar.ModifiesGen.fsti(379,11-379,113))
FStar.ModifiesGen.fst(540,91-540,93): (Warning 252) (Hint-replay failed): could not prove post-condition (see also FStar.ModifiesGen.fsti(390,11-390,67))
FStar.ModifiesGen.fst(544,78-544,80): (Warning 252) (Hint-replay failed): could not prove post-condition (see also FStar.ModifiesGen.fsti(414,24-414,42))
FStar.ModifiesGen.fst(548,2-548,165): (Warning 252) (Hint-replay failed): could not prove post-condition (see also FStar.ModifiesGen.fsti(422,11-422,105))
FStar.ModifiesGen.fst(561,73-561,75): (Warning 252) (Hint-replay failed): could not prove post-condition (see also FStar.ModifiesGen.fsti(430,2-430,70))
FStar.ModifiesGen.fst(563,73-563,75): (Warning 252) (Hint-replay failed): could not prove post-condition (see also FStar.ModifiesGen.fsti(433,2-433,79))
FStar.ModifiesGen.fst(573,92-573,94): (Warning 252) (Hint-replay failed): could not prove post-condition (see also FStar.ModifiesGen.fsti(438,2-438,91))
FStar.ModifiesGen.fst(575,72-575,74): (Warning 252) (Hint-replay failed): could not prove post-condition (see also FStar.ModifiesGen.fsti(443,2-443,78))
FStar.ModifiesGen.fst(577,94-577,96): (Warning 252) (Hint-replay failed): could not prove post-condition (see also FStar.ModifiesGen.fsti(448,2-448,95))
FStar.ModifiesGen.fst(579,78-579,80): (Warning 252) (Hint-replay failed): could not prove post-condition (see also FStar.ModifiesGen.fsti(453,2-453,73))
FStar.ModifiesGen.fst(753,4-753,9): (Warning 252) (Hint-replay failed): assertion failed (see also FStar.ModifiesGen.fsti(477,15-477,50))
FStar.ModifiesGen.fst(789,20-789,25): (Warning 252) (Hint-replay failed): assertion failed (see also FStar.ModifiesGen.fsti(550,15-550,55))
FStar.ModifiesGen.fst(804,55-804,57): (Warning 252) (Hint-replay failed): could not prove post-condition (see also FStar.ModifiesGen.fsti(593,4-593,20))
FStar.ModifiesGen.fst(806,47-806,49): (Warning 252) (Hint-replay failed): could not prove post-condition (see also FStar.ModifiesGen.fsti(609,11-611,3))
FStar.ModifiesGen.fst(812,2-812,8): (Warning 252) (Hint-replay failed): assertion failed (see also FStar.ModifiesGen.fst(812,9-812,49))
FStar.ModifiesGen.fst(817,62-817,64): (Warning 252) (Hint-replay failed): could not prove post-condition (see also FStar.ModifiesGen.fsti(638,11-638,31))
FStar.ModifiesGen.fst(822,2-822,141): (Warning 252) (Hint-replay failed): could not prove post-condition (see also FStar.ModifiesGen.fsti(650,11-650,31))
FStar.ModifiesGen.fst(828,79-828,81): (Warning 252) (Hint-replay failed): could not prove post-condition (see also FStar.ModifiesGen.fsti(670,11-670,45))
FStar.ModifiesGen.fst(844,2-844,23): (Warning 252) (Hint-replay failed): assertion failed (see also FStar.ModifiesGen.fsti(626,33-626,51))
FStar.ModifiesGen.fst(872,2-872,117): (Warning 252) (Hint-replay failed): could not prove post-condition (see also FStar.ModifiesGen.fst(871,11-871,28))
FStar.ModifiesGen.fst(916,2-916,8): (Warning 252) (Hint-replay failed): assertion failed (see also FStar.ModifiesGen.fst(916,9-916,121))
FStar.ModifiesGen.fst(924,2-924,55): (Warning 252) (Hint-replay failed): could not prove post-condition (see also FStar.ModifiesGen.fst(923,2-923,45))
FStar.ModifiesGen.fst(940,2-940,55): (Warning 252) (Hint-replay failed): could not prove post-condition (see also FStar.ModifiesGen.fst(939,2-939,66))
FStar.ModifiesGen.fst(954,2-954,20): (Warning 252) (Hint-replay failed): assertion failed (see also FStar.ModifiesGen.fsti(223,35-223,53))
FStar.ModifiesGen.fst(1019,4-1019,6): (Warning 252) (Hint-replay failed): could not prove post-condition (see also FStar.ModifiesGen.fst(652,34-652,60))
FStar.ModifiesGen.fst(1043,2-1043,35): (Warning 252) (Hint-replay failed): assertion failed (see also FStar.ModifiesGen.fst(1013,4-1013,58))
FStar.ModifiesGen.fst(1063,2-1068,99): (Warning 252) (Hint-replay failed): could not prove post-condition (see also FStar.ModifiesGen.fsti(793,2-793,59))
FStar.ModifiesGen.fst(1104,9-1104,85): (Warning 252) (Hint-replay failed): assertion failed
FStar.ModifiesGen.fst(1123,9-1123,43): (Warning 252) (Hint-replay failed): assertion failed (see also FStar.ModifiesGen.fst(1100,16-1100,95))
FStar.ModifiesGen.fst(1153,9-1153,40): (Warning 252) (Hint-replay failed): Subtyping check failed; expected type y: FStar.Set.set Prims.nat {FStar.Set.subset (non_live_addrs' r') y}; got type FStar.Set.set Prims.nat (see also FStar.ModifiesGen.fst(1151,82-1151,115))
FStar.ModifiesGen.fst(1196,2-1196,8): (Warning 252) (Hint-replay failed): assertion failed (see also FStar.ModifiesGen.fst(1196,9-1196,120))
FStar.ModifiesGen.fst(1207,2-1207,104): (Warning 252) (Hint-replay failed): could not prove post-condition (see also FStar.ModifiesGen.fst(1206,11-1206,58))
FStar.ModifiesGen.fst(1231,2-1231,104): (Warning 252) (Hint-replay failed): could not prove post-condition (see also FStar.ModifiesGen.fst(1230,11-1230,83))
FStar.ModifiesGen.fst(1241,2-1241,36): (Warning 252) (Hint-replay failed): assertion failed (see also FStar.ModifiesGen.fst(1100,16-1100,95))
FStar.ModifiesGen.fst(1263,12-1263,33): (Warning 252) (Hint-replay failed): assertion failed (see also FStar.ModifiesGen.fst(1142,13-1142,53))
FStar.ModifiesGen.fst(1290,4-1290,10): (Warning 252) (Hint-replay failed): assertion failed (see also FStar.ModifiesGen.fst(1290,11-1290,53))
FStar.ModifiesGen.fst(1500,2-1500,4): (Warning 252) (Hint-replay failed): could not prove post-condition (see also FStar.ModifiesGen.fst(1498,2-1498,73))
FStar.ModifiesGen.fst(1538,2-1538,8): (Warning 252) (Hint-replay failed): assertion failed (see also FStar.ModifiesGen.fst(1538,9-1538,39))
FStar.ModifiesGen.fst(1596,2-1596,8): (Warning 252) (Hint-replay failed): assertion failed (see also FStar.ModifiesGen.fst(1598,4-1598,37))
FStar.ModifiesGen.fst(1634,2-1634,8): (Warning 252) (Hint-replay failed): assertion failed (see also FStar.ModifiesGen.fst(1637,4-1637,53))
FStar.ModifiesGen.fst(1660,2-1668,39): (Warning 252) (Hint-replay failed): could not prove post-condition (see also FStar.ModifiesGen.fst(1659,11-1659,42))
FStar.ModifiesGen.fst(1705,4-1705,10): (Warning 252) (Hint-replay failed): assertion failed (see also FStar.ModifiesGen.fst(1705,11-1705,74))
FStar.ModifiesGen.fst(1725,4-1725,10): (Warning 252) (Hint-replay failed): assertion failed (see also FStar.ModifiesGen.fst(1725,11-1736,7))
FStar.ModifiesGen.fst(1824,2-1830,167): (Warning 252) (Hint-replay failed): could not prove post-condition (see also FStar.ModifiesGen.fsti(961,2-961,78))
FStar.ModifiesGen.fst(1841,2-1841,8): (Warning 252) (Hint-replay failed): assertion failed (see also FStar.ModifiesGen.fst(1841,21-1841,70))
FStar.ModifiesGen.fst(1850,2-1850,8): (Warning 252) (Hint-replay failed): assertion failed (see also FStar.ModifiesGen.fst(1850,21-1850,68))
FStar.Modifies.fst(114,2-114,4): (Warning 252) (Hint-replay failed): could not prove post-condition (see also FStar.Modifies.fst(113,11-113,41))
FStar.Modifies.fsti(470,2-470,42): (Warning 252) (Hint-replay failed): assertion failed (see also FStar.Modifies.fsti(443,48-443,82))
FStar.Modifies.fsti(484,2-484,38): (Warning 252) (Hint-replay failed): assertion failed (see also FStar.Modifies.fsti(453,48-453,78))
FStar.Modifies.fst(285,43-285,80): (Warning 252) (Hint-replay failed): Subtyping check failed; expected type 
l1: FStar.Modifies.loc ->
l2: FStar.Modifies.loc ->
h: FStar.Monotonic.HyperStack.mem ->
h': FStar.Monotonic.HyperStack.mem ->
x: FStar.Monotonic.HyperHeap.rid ->
Prims.Lemma Prims.unit; got type 
l1: FStar.ModifiesGen.loc FStar.Modifies.cls ->
l2: FStar.ModifiesGen.loc FStar.Modifies.cls ->
h: FStar.Monotonic.HyperStack.mem ->
h': FStar.Monotonic.HyperStack.mem ->
r: FStar.Monotonic.HyperHeap.rid ->
Prims.Lemma Prims.unit (see also FStar.ModifiesGen.fsti(658,104-658,145))
FStar.Modifies.fst(287,54-287,101): (Warning 252) (Hint-replay failed): Subtyping check failed; expected type 
l1: FStar.Modifies.loc ->
l2: FStar.Modifies.loc ->
h: FStar.Monotonic.HyperStack.mem ->
h': FStar.Monotonic.HyperStack.mem ->
x: FStar.Monotonic.HyperStack.mreference t pre ->
Prims.Lemma Prims.unit; got type 
l1: FStar.ModifiesGen.loc FStar.Modifies.cls ->
l2: FStar.ModifiesGen.loc FStar.Modifies.cls ->
h: FStar.Monotonic.HyperStack.mem ->
h': FStar.Monotonic.HyperStack.mem ->
r: FStar.Monotonic.HyperStack.mreference t pre ->
Prims.Lemma Prims.unit (see also FStar.ModifiesGen.fsti(669,104-669,138))
FStar.Modifies.fst(290,5-290,44): (Warning 252) (Hint-replay failed): assertion failed (see also FStar.ModifiesGen.fsti(680,104-680,135))
FStar.Modifies.fsti(527,2-527,38): (Warning 252) (Hint-replay failed): assertion failed (see also FStar.Modifies.fsti(491,48-491,89))
FStar.Modifies.fsti(542,2-542,49): (Warning 252) (Hint-replay failed): assertion failed (see also FStar.Modifies.fsti(502,48-502,82))
FStar.Modifies.fsti(556,2-556,45): (Warning 252) (Hint-replay failed): assertion failed (see also FStar.Modifies.fsti(512,48-512,78))
make[3]: Target 'verify-core' not remade because of errors.
make[2]: *** [Makefile:12: all] Error 2
make[1]: *** [Makefile:175: fstarlib] Error 2
make: *** [Makefile:158: utest-prelude] Error 2
Command exited with non-zero status 2
11.31user 42.68system 12:19.08elapsed 7%CPU (0avgtext+0avgdata 1337364224maxresident)k
0inputs+0outputs (5478402major+0minor)pagefaults 0swaps
