From https://github.com/mitls/mitls-fstar
b2cae2bb..bda0de05  gugavaro_buildpoc_sn -> origin/gugavaro_buildpoc_sn
dos2unix: converting file parser/parse.fsi to Unix format...
Warning: you are using the standard library and/or the %inline keyword. We
recommend switching on --infer in order to avoid obscure type error messages.
warning: CRLF will be replaced by LF in src/parser/parse.fsy.
The file will have its original line endings in your working directory.
FStar.Monotonic.Witnessed.fst(292,47-292,49): (Warning 252) (Hint-replay failed): could not prove post-condition (see also FStar.Monotonic.Witnessed.fsti(28,70-28,85))
FStar.Monotonic.Witnessed.fst(296,44-296,70): (Warning 252) (Hint-replay failed): could not prove post-condition (see also FStar.Monotonic.Witnessed.fsti(35,39-35,74))
FStar.Monotonic.Witnessed.fst(298,42-298,44): (Warning 252) (Hint-replay failed): could not prove post-condition (see also FStar.Monotonic.Witnessed.fsti(40,37-40,100))
FStar.Monotonic.Witnessed.fst(303,6-303,95): (Warning 252) (Hint-replay failed): could not prove post-condition (see also FStar.Monotonic.Witnessed.fst(302,30-302,67))
FStar.Monotonic.Witnessed.fst(307,40-307,42): (Warning 252) (Hint-replay failed): could not prove post-condition (see also FStar.Monotonic.Witnessed.fsti(52,75-52,110))
FStar.Monotonic.Witnessed.fst(312,6-312,15): (Warning 252) (Hint-replay failed): assertion failed (see also FStar.Monotonic.Witnessed.fst(106,50-106,55))
FStar.Monotonic.Witnessed.fst(319,6-319,18): (Warning 252) (Hint-replay failed): assertion failed (see also FStar.Monotonic.Witnessed.fst(211,63-211,83))
FStar.Monotonic.Witnessed.fst(323,45-323,47): (Warning 252) (Hint-replay failed): could not prove post-condition (see also FStar.Monotonic.Witnessed.fsti(70,74-70,114))
FStar.List.Tot.Base.fst(265,10-265,12): (Warning 252) (Hint-replay failed): Subtyping check failed; expected type m:
Prims.list a
{ forall (u22434: FStar.Pervasives.Native.option (x: Prims.unit{Prims.hasEq a})).
FStar.List.Tot.Base.mem_filter_spec f m u22434 }; got type Prims.list a (see also FStar.List.Tot.Base.fst(263,86-263,107))
FStar.List.Tot.Base.fst(275,2-277,4): (Warning 252) (Hint-replay failed): could not prove post-condition (see also FStar.List.Tot.Base.fst(273,11-273,16))
FStar.List.Tot.Base.fst(265,10-265,12): (Warning 252) (Hint-replay failed): Subtyping check failed; expected type m:
Prims.list a
{ forall (u57905: FStar.Pervasives.Native.option (x: Prims.unit{Prims.hasEq a})).
FStar.List.Tot.Base.mem_filter_spec f m u57905 }; got type Prims.list a (see also FStar.List.Tot.Base.fst(263,86-263,107))
FStar.List.Tot.Properties.fst(855,2-855,37): (Warning 252) (Hint-replay failed): could not prove post-condition (see also FStar.List.Tot.Properties.fst(853,12-853,18))
FStar.List.Tot.Properties.fst(855,2-855,37): (Warning 252) could not prove post-condition (see also FStar.List.Tot.Properties.fst(853,12-853,18))
FStar.List.Tot.Properties.fst(884,2-885,24): (Warning 252) (Hint-replay failed): could not prove post-condition (see also FStar.List.Tot.Properties.fst(883,12-883,18))
FStar.OrdSet.fst(48,16-48,18): (Warning 252) (Hint-replay failed): Subtyping check failed; expected type a: Type{Prims.hasEq a}; got type Type (see also prims.fst(310,29-310,36))
FStar.Monotonic.HyperStack.fst(86,4-86,6): (Warning 252) (Hint-replay failed): could not prove post-condition (see also FStar.Monotonic.HyperStack.fst(85,12-85,46))
FStar.Monotonic.HyperStack.fst(93,4-93,6): (Warning 252) (Hint-replay failed): could not prove post-condition (see also FStar.Monotonic.HyperStack.fst(47,18-47,51))
FStar.Monotonic.HyperStack.fst(101,4-101,6): (Warning 252) (Hint-replay failed): could not prove post-condition (see also FStar.Monotonic.HyperStack.fst(99,19-99,34))
FStar.Monotonic.HyperStack.fst(115,4-115,6): (Warning 252) (Hint-replay failed): could not prove post-condition (see also FStar.Monotonic.HyperStack.fst(110,20-110,76))
FStar.Monotonic.HyperStack.fst(123,4-123,6): (Warning 252) (Hint-replay failed): could not prove post-condition (see also FStar.Monotonic.HyperStack.fst(122,9-122,48))
FStar.Monotonic.HyperStack.fst(135,4-135,6): (Warning 252) (Hint-replay failed): could not prove post-condition (see also FStar.Monotonic.HyperStack.fst(132,19-132,58))
FStar.Monotonic.HyperStack.fst(146,4-146,6): (Warning 252) (Hint-replay failed): could not prove post-condition (see also FStar.Monotonic.HyperStack.fst(145,92-145,124))
FStar.Monotonic.HyperStack.fst(161,4-161,25): (Warning 252) (Hint-replay failed): could not prove post-condition (see also FStar.Monotonic.HyperStack.fst(160,19-160,38))
FStar.Monotonic.HyperStack.fst(283,55-283,57): (Warning 252) (Hint-replay failed): could not prove post-condition (see also FStar.Monotonic.HyperStack.fst(282,17-282,31))
FStar.Monotonic.HyperStack.fst(344,4-344,33): (Warning 252) (Hint-replay failed): assertion failed (see also FStar.Monotonic.HyperStack.fst(38,12-41,66))
FStar.Monotonic.HyperStack.fst(497,5-497,7): (Warning 252) (Hint-replay failed): could not prove post-condition (see also FStar.Monotonic.HyperStack.fst(496,11-496,29))
FStar.Monotonic.HyperStack.fst(344,4-344,33): (Warning 252) (Hint-replay failed): assertion failed (see also FStar.Monotonic.HyperStack.fst(38,12-41,66))
FStar.Seq.Properties.fst(471,2-474,29): (Warning 252) (Hint-replay failed): could not prove post-condition (see also FStar.Seq.Properties.fst(469,20-469,28))
FStar.Fin.fst(36,2-51,18): (Warning 252) (Hint-replay failed): could not prove post-condition (see also FStar.Fin.fst(33,41-33,68))
FStar.Fin.fst(36,2-51,18): (Warning 252) (Hint-replay failed): could not prove post-condition (see also FStar.Fin.fst(33,41-33,68))
FStar.HyperStack.ST.fst(180,46-180,48): (Warning 252) (Hint-replay failed): could not prove post-condition (see also FStar.HyperStack.ST.fst(179,72-179,104))
FStar.HyperStack.ST.fst(184,98-184,100): (Warning 252) (Hint-replay failed): could not prove post-condition (see also FStar.HyperStack.ST.fst(145,4-145,52))
FStar.HyperStack.ST.fst(187,49-187,51): (Warning 252) (Hint-replay failed): could not prove post-condition (see also FStar.HyperStack.ST.fst(186,78-186,112))
FStar.HyperStack.ST.fst(192,4-192,6): (Warning 252) (Hint-replay failed): could not prove post-condition (see also FStar.HyperStack.ST.fst(145,4-145,52))
FStar.HyperStack.ST.fst(196,57-196,59): (Warning 252) (Hint-replay failed): could not prove post-condition (see also FStar.HyperStack.ST.fst(195,79-195,115))
FStar.HyperStack.ST.fst(201,4-201,6): (Warning 252) (Hint-replay failed): could not prove post-condition (see also FStar.HyperStack.ST.fst(145,4-145,52))
FStar.HyperStack.ST.fst(205,63-205,65): (Warning 252) (Hint-replay failed): could not prove post-condition (see also FStar.HyperStack.ST.fst(204,85-204,127))
FStar.HyperStack.ST.fst(211,4-211,6): (Warning 252) (Hint-replay failed): could not prove post-condition (see also FStar.HyperStack.ST.fst(145,4-145,52))
FStar.HyperStack.ST.fst(608,4-615,38): (Warning 252) (Hint-replay failed): could not prove post-condition (see also FStar.HyperStack.ST.fst(258,91-258,115))
FStar.HyperStack.ST.fst(635,4-635,14): (Warning 252) (Hint-replay failed): assertion failed (see also FStar.HyperStack.ST.fst(98,76-98,87))
FStar.HyperStack.ST.fst(643,52-643,54): (Warning 252) (Hint-replay failed): Subtyping check failed; expected type Prims.squash (forall (x: c). FStar.HyperStack.ST.witnessed (p' x)); got type Prims.unit (see also FStar.HyperStack.ST.fst(643,32-643,48))
FStar.Monotonic.Map.fst(28,2-29,71): (Warning 252) (Hint-replay failed): assertion failed (see also FStar.Preorder.fst(12,40-12,56))
FStar.Monotonic.Map.fst(66,4-66,6): (Warning 252) (Hint-replay failed): could not prove post-condition (see also FStar.HyperStack.ST.fst(602,56-602,60))
FStar.Monotonic.Map.fst(82,6-82,8): (Warning 252) (Hint-replay failed): assertion failed (see also FStar.HyperStack.ST.fst(523,54-523,72))
FStar.Monotonic.Map.fst(105,8-105,18): (Warning 252) (Hint-replay failed): assertion failed (see also FStar.HyperStack.ST.fst(602,56-602,60))
FStar.Math.Lemmas.fst(485,2-498,5): (Error 16) Unknown assertion failed (SMT solver says: unknown because (resource limits reached) (fuel=1; ifuel=1; ); SMT solver says: unknown because (resource limits reached) (fuel=1; ifuel=1; with hint))
Verified module: FStar.Math.Lemmas (86233 milliseconds)
1 error was reported (see above)
make[3]: *** [gmake/Makefile.tmpl:29: FStar.Math.Lemmas.fst.checked] Error 1
FStar.Monotonic.Seq.fst(28,4-29,111): (Warning 252) (Hint-replay failed): assertion failed (see also FStar.Preorder.fst(12,40-12,56))
FStar.Monotonic.Seq.fst(41,4-41,6): (Warning 252) (Hint-replay failed): could not prove post-condition (see also FStar.Monotonic.Seq.fst(39,12-39,36))
FStar.Monotonic.Seq.fst(61,4-61,6): (Warning 252) (Hint-replay failed): could not prove post-condition (see also FStar.HyperStack.ST.fst(602,56-602,60))
FStar.Monotonic.Seq.fst(103,4-103,6): (Warning 252) (Hint-replay failed): could not prove post-condition (see also FStar.HyperStack.ST.fst(602,56-602,60))
FStar.Monotonic.Seq.fst(248,4-248,6): (Warning 252) (Hint-replay failed): could not prove post-condition (see also FStar.Monotonic.Seq.fst(247,8-247,35))
FStar.Monotonic.Seq.fst(260,4-260,6): (Warning 252) (Hint-replay failed): could not prove post-condition (see also FStar.HyperStack.ST.fst(602,56-602,60))
FStar.Monotonic.Seq.fst(274,4-274,6): (Warning 252) (Hint-replay failed): could not prove post-condition (see also FStar.HyperStack.ST.fst(602,56-602,60))
FStar.Monotonic.Seq.fst(303,38-303,44): (Warning 252) (Hint-replay failed): assertion failed (see also FStar.Monotonic.Seq.fst(303,45-303,62))
FStar.Monotonic.Seq.fst(344,4-344,46): (Warning 252) (Hint-replay failed): could not prove post-condition (see also FStar.HyperStack.ST.fst(602,56-602,60))
FStar.ModifiesGen.fst(320,9-320,109): (Warning 252) (Hint-replay failed): assertion failed
FStar.ModifiesGen.fst(343,2-343,51): (Warning 252) (Hint-replay failed): could not prove post-condition (see also FStar.ModifiesGen.fsti(217,2-217,20))
FStar.ModifiesGen.fst(354,2-354,111): (Warning 252) (Hint-replay failed): could not prove post-condition (see also FStar.ModifiesGen.fsti(224,11-224,31))
FStar.ModifiesGen.fst(356,42-356,44): (Warning 252) (Hint-replay failed): could not prove post-condition (see also FStar.ModifiesGen.fsti(231,11-231,45))
FStar.ModifiesGen.fst(366,8-366,14): (Warning 252) (Hint-replay failed): assertion failed (see also FStar.ModifiesGen.fst(366,15-366,50))
FStar.ModifiesGen.fst(373,33-373,35): (Warning 252) (Hint-replay failed): could not prove post-condition (see also FStar.ModifiesGen.fsti(244,2-244,27))
FStar.ModifiesGen.fst(375,43-375,45): (Warning 252) (Hint-replay failed): could not prove post-condition (see also FStar.ModifiesGen.fsti(253,11-253,65))
FStar.ModifiesGen.fst(387,2-387,4): (Warning 252) (Hint-replay failed): could not prove post-condition (see also FStar.ModifiesGen.fst(385,2-385,104))
FStar.ModifiesGen.fst(389,68-389,70): (Warning 252) (Hint-replay failed): could not prove post-condition (see also FStar.ModifiesGen.fsti(264,11-264,85))
FStar.ModifiesGen.fst(391,66-391,68): (Warning 252) (Hint-replay failed): could not prove post-condition (see also FStar.ModifiesGen.fsti(275,11-275,81))
FStar.ModifiesGen.fst(393,87-393,89): (Warning 252) (Hint-replay failed): could not prove post-condition (see also FStar.ModifiesGen.fsti(285,11-285,105))
FStar.ModifiesGen.fst(395,84-395,86): (Warning 252) (Hint-replay failed): could not prove post-condition (see also FStar.ModifiesGen.fsti(293,11-293,103))
FStar.ModifiesGen.fst(404,91-404,93): (Warning 252) (Hint-replay failed): could not prove post-condition (see also FStar.ModifiesGen.fsti(311,11-311,111))
FStar.ModifiesGen.fst(494,35-494,37): (Warning 252) (Hint-replay failed): could not prove post-condition (see also FStar.ModifiesGen.fsti(332,11-332,36))
FStar.ModifiesGen.fst(519,2-528,30): (Warning 252) (Hint-replay failed): could not prove post-condition (see also FStar.ModifiesGen.fsti(346,11-346,33))
FStar.ModifiesGen.fst(538,2-538,173): (Warning 252) (Hint-replay failed): could not prove post-condition (see also FStar.ModifiesGen.fsti(379,11-379,113))
FStar.ModifiesGen.fst(540,91-540,93): (Warning 252) (Hint-replay failed): could not prove post-condition (see also FStar.ModifiesGen.fsti(390,11-390,67))
FStar.ModifiesGen.fst(544,78-544,80): (Warning 252) (Hint-replay failed): could not prove post-condition (see also FStar.ModifiesGen.fsti(414,24-414,42))
FStar.ModifiesGen.fst(548,2-548,165): (Warning 252) (Hint-replay failed): could not prove post-condition (see also FStar.ModifiesGen.fsti(422,11-422,105))
FStar.ModifiesGen.fst(561,73-561,75): (Warning 252) (Hint-replay failed): could not prove post-condition (see also FStar.ModifiesGen.fsti(430,2-430,70))
FStar.ModifiesGen.fst(563,73-563,75): (Warning 252) (Hint-replay failed): could not prove post-condition (see also FStar.ModifiesGen.fsti(433,2-433,79))
FStar.ModifiesGen.fst(573,92-573,94): (Warning 252) (Hint-replay failed): could not prove post-condition (see also FStar.ModifiesGen.fsti(438,2-438,91))
FStar.ModifiesGen.fst(575,72-575,74): (Warning 252) (Hint-replay failed): could not prove post-condition (see also FStar.ModifiesGen.fsti(443,2-443,78))
FStar.ModifiesGen.fst(577,94-577,96): (Warning 252) (Hint-replay failed): could not prove post-condition (see also FStar.ModifiesGen.fsti(448,2-448,95))
FStar.ModifiesGen.fst(579,78-579,80): (Warning 252) (Hint-replay failed): could not prove post-condition (see also FStar.ModifiesGen.fsti(453,2-453,73))
FStar.ModifiesGen.fst(753,4-753,9): (Warning 252) (Hint-replay failed): assertion failed (see also FStar.ModifiesGen.fsti(477,15-477,50))
FStar.ModifiesGen.fst(789,20-789,25): (Warning 252) (Hint-replay failed): assertion failed (see also FStar.ModifiesGen.fsti(550,15-550,55))
FStar.ModifiesGen.fst(804,55-804,57): (Warning 252) (Hint-replay failed): could not prove post-condition (see also FStar.ModifiesGen.fsti(593,4-593,20))
FStar.ModifiesGen.fst(806,47-806,49): (Warning 252) (Hint-replay failed): could not prove post-condition (see also FStar.ModifiesGen.fsti(609,11-611,3))
FStar.ModifiesGen.fst(812,2-812,8): (Warning 252) (Hint-replay failed): assertion failed (see also FStar.ModifiesGen.fst(812,9-812,49))
FStar.ModifiesGen.fst(817,62-817,64): (Warning 252) (Hint-replay failed): could not prove post-condition (see also FStar.ModifiesGen.fsti(638,11-638,31))
FStar.ModifiesGen.fst(822,2-822,141): (Warning 252) (Hint-replay failed): could not prove post-condition (see also FStar.ModifiesGen.fsti(650,11-650,31))
FStar.ModifiesGen.fst(828,79-828,81): (Warning 252) (Hint-replay failed): could not prove post-condition (see also FStar.ModifiesGen.fsti(670,11-670,45))
FStar.ModifiesGen.fst(844,2-844,23): (Warning 252) (Hint-replay failed): assertion failed (see also FStar.ModifiesGen.fsti(626,33-626,51))
FStar.ModifiesGen.fst(872,2-872,117): (Warning 252) (Hint-replay failed): could not prove post-condition (see also FStar.ModifiesGen.fst(871,11-871,28))
FStar.ModifiesGen.fst(916,2-916,8): (Warning 252) (Hint-replay failed): assertion failed (see also FStar.ModifiesGen.fst(916,9-916,121))
FStar.ModifiesGen.fst(924,2-924,55): (Warning 252) (Hint-replay failed): could not prove post-condition (see also FStar.ModifiesGen.fst(923,2-923,45))
FStar.ModifiesGen.fst(940,2-940,55): (Warning 252) (Hint-replay failed): could not prove post-condition (see also FStar.ModifiesGen.fst(939,2-939,66))
FStar.ModifiesGen.fst(954,2-954,20): (Warning 252) (Hint-replay failed): assertion failed (see also FStar.ModifiesGen.fsti(223,35-223,53))
FStar.ModifiesGen.fst(1019,4-1019,6): (Warning 252) (Hint-replay failed): could not prove post-condition (see also FStar.ModifiesGen.fst(652,14-652,30))
FStar.ModifiesGen.fst(1043,2-1043,35): (Warning 252) (Hint-replay failed): assertion failed (see also FStar.ModifiesGen.fst(1013,4-1013,58))
FStar.ModifiesGen.fst(1063,2-1068,99): (Warning 252) (Hint-replay failed): could not prove post-condition (see also FStar.ModifiesGen.fsti(793,2-793,59))
FStar.ModifiesGen.fst(1104,9-1104,85): (Warning 252) (Hint-replay failed): assertion failed
FStar.ModifiesGen.fst(1123,9-1123,43): (Warning 252) (Hint-replay failed): assertion failed (see also FStar.ModifiesGen.fst(1100,16-1100,95))
FStar.ModifiesGen.fst(1153,9-1153,40): (Warning 252) (Hint-replay failed): Subtyping check failed; expected type y: FStar.Set.set Prims.nat {FStar.Set.subset (non_live_addrs' r') y}; got type FStar.Set.set Prims.nat (see also FStar.ModifiesGen.fst(1151,82-1151,115))
FStar.ModifiesGen.fst(1196,2-1196,8): (Warning 252) (Hint-replay failed): assertion failed (see also FStar.ModifiesGen.fst(1196,9-1196,120))
FStar.ModifiesGen.fst(1207,2-1207,104): (Warning 252) (Hint-replay failed): could not prove post-condition (see also FStar.ModifiesGen.fst(1206,11-1206,58))
FStar.ModifiesGen.fst(1231,2-1231,104): (Warning 252) (Hint-replay failed): could not prove post-condition (see also FStar.ModifiesGen.fst(1230,11-1230,83))
FStar.ModifiesGen.fst(1241,2-1241,36): (Warning 252) (Hint-replay failed): assertion failed (see also FStar.ModifiesGen.fst(1100,16-1100,95))
FStar.ModifiesGen.fst(1263,12-1263,33): (Warning 252) (Hint-replay failed): assertion failed (see also FStar.ModifiesGen.fst(1142,13-1142,53))
FStar.ModifiesGen.fst(1290,4-1290,10): (Warning 252) (Hint-replay failed): assertion failed (see also FStar.ModifiesGen.fst(1290,11-1290,53))
FStar.ModifiesGen.fst(1500,2-1500,4): (Warning 252) (Hint-replay failed): could not prove post-condition (see also FStar.ModifiesGen.fst(1498,2-1498,73))
FStar.ModifiesGen.fst(1538,2-1538,8): (Warning 252) (Hint-replay failed): assertion failed (see also FStar.ModifiesGen.fst(1538,9-1538,39))
FStar.ModifiesGen.fst(1596,2-1596,8): (Warning 252) (Hint-replay failed): assertion failed (see also FStar.ModifiesGen.fst(1598,4-1598,37))
FStar.ModifiesGen.fst(1634,2-1634,8): (Warning 252) (Hint-replay failed): assertion failed (see also FStar.ModifiesGen.fst(1637,4-1637,53))
FStar.ModifiesGen.fst(1660,2-1668,39): (Warning 252) (Hint-replay failed): could not prove post-condition (see also FStar.ModifiesGen.fst(1659,11-1659,42))
FStar.ModifiesGen.fst(1705,4-1705,10): (Warning 252) (Hint-replay failed): assertion failed (see also FStar.ModifiesGen.fst(1705,11-1705,74))
FStar.ModifiesGen.fst(1725,4-1725,10): (Warning 252) (Hint-replay failed): assertion failed (see also FStar.ModifiesGen.fst(1725,11-1736,7))
FStar.ModifiesGen.fst(1824,2-1830,167): (Warning 252) (Hint-replay failed): could not prove post-condition (see also FStar.ModifiesGen.fsti(961,2-961,78))
FStar.ModifiesGen.fst(1841,2-1841,8): (Warning 252) (Hint-replay failed): assertion failed (see also FStar.ModifiesGen.fst(1841,21-1841,70))
FStar.ModifiesGen.fst(1850,2-1850,8): (Warning 252) (Hint-replay failed): assertion failed (see also FStar.ModifiesGen.fst(1850,21-1850,68))
make[3]: Target 'verify-core' not remade because of errors.
make[2]: *** [Makefile:12: all] Error 2
make[1]: *** [Makefile:175: fstarlib] Error 2
make: *** [Makefile:158: utest-prelude] Error 2
Command exited with non-zero status 2
10.94user 42.53system 14:22.26elapsed 6%CPU (0avgtext+0avgdata 1198497536maxresident)k
0inputs+0outputs (4915833major+0minor)pagefaults 0swaps
