dos2unix: converting file parser/parse.fsi to Unix format...
Warning: you are using the standard library and/or the %inline keyword. We
recommend switching on --infer in order to avoid obscure type error messages.
C:/build/agent1/_work/1/s/ulib/FStar.Seq.Base.fst(250,19-250,30): (Warning 288) FStar.Seq.Base.createEmpty is deprecated, use Seq.empty instead
C:/build/agent1/_work/1/s/ulib/FStar.Seq.Base.fst(257,21-257,32): (Warning 288) FStar.Seq.Base.createEmpty is deprecated, use Seq.empty instead
C:/build/agent1/_work/1/s/ulib/FStar.Seq.Properties.fst(628,10-628,21): (Warning 288) FStar.Seq.Base.createEmpty is deprecated, use Seq.empty instead
C:/build/agent1/_work/1/s/ulib/FStar.Seq.Properties.fst(699,74-699,85): (Warning 288) FStar.Seq.Base.createEmpty is deprecated, use Seq.empty instead
C:/build/agent1/_work/1/s/ulib/FStar.Seq.Properties.fst(875,27-875,38): (Warning 288) FStar.Seq.Base.createEmpty is deprecated, use Seq.empty instead
C:/build/agent1/_work/1/s/ulib/FStar.Seq.Properties.fst(877,30-877,41): (Warning 288) FStar.Seq.Base.createEmpty is deprecated, use Seq.empty instead
C:/build/agent1/_work/1/s/ulib/FStar.UInt.fst(216,20-216,31): (Warning 288) FStar.Seq.Base.createEmpty is deprecated, use Seq.empty instead
warning: CRLF will be replaced by LF in src/parser/parse.fsy.
The file will have its original line endings in your working directory.
FStar.Seq.Base.fst(250,19-250,30): (Warning 288) FStar.Seq.Base.createEmpty is deprecated, use Seq.empty instead
FStar.Seq.Base.fst(257,21-257,32): (Warning 288) FStar.Seq.Base.createEmpty is deprecated, use Seq.empty instead
FStar.Seq.Properties.fst(628,10-628,21): (Warning 288) FStar.Seq.Base.createEmpty is deprecated, use Seq.empty instead
FStar.Seq.Properties.fst(699,74-699,85): (Warning 288) FStar.Seq.Base.createEmpty is deprecated, use Seq.empty instead
FStar.Seq.Properties.fst(875,27-875,38): (Warning 288) FStar.Seq.Base.createEmpty is deprecated, use Seq.empty instead
FStar.Seq.Properties.fst(877,30-877,41): (Warning 288) FStar.Seq.Base.createEmpty is deprecated, use Seq.empty instead
FStar.Monotonic.Seq.fst(187,31-187,42): (Warning 288) FStar.Seq.Base.createEmpty is deprecated, use Seq.empty instead
FStar.Monotonic.Seq.fst(285,31-285,42): (Warning 288) FStar.Seq.Base.createEmpty is deprecated, use Seq.empty instead
FStar.UInt.fst(216,20-216,31): (Warning 288) FStar.Seq.Base.createEmpty is deprecated, use Seq.empty instead
LowStar.Buffer.fst(73,11-73,22): (Warning 288) FStar.Seq.Base.createEmpty is deprecated, use Seq.empty instead
LowStar.Buffer.fst(111,16-111,27): (Warning 288) FStar.Seq.Base.createEmpty is deprecated, use Seq.empty instead
LowStar.Buffer.fst(542,27-542,28): (Error 189) Expected expression of type "Prims.list (*?u8*) _"; got expression "s" of type "FStar.Seq.Base.seq a" (see also LowStar.Buffer.fst(541,6-541,7))
1 error was reported (see above)
make[4]: *** [Makefile.extract:11: LowStar.Buffer.fst.checked.lax] Error 1
LowStar.BufferView.fst(163,13-163,24): (Warning 288) FStar.Seq.Base.createEmpty is deprecated, use Seq.empty instead
make[4]: Target 'all-ml' not remade because of errors.
make[3]: *** [Makefile:32: fstarlib.mgen] Error 2
make[3]: Target 'install-fstarlib' not remade because of errors.
make[2]: *** [Makefile:2: all] Error 2
make[1]: *** [Makefile:173: fstarlib] Error 2
make: *** [Makefile:158: utest-prelude] Error 2
Command exited with non-zero status 2
7.22user 29.22system 4:19.42elapsed 14%CPU (0avgtext+0avgdata 866240768maxresident)k
0inputs+0outputs (3559989major+0minor)pagefaults 0swaps
