From https://github.com/mitls/hacl-star
491f5f49..ca1bdc68  _sha3        -> origin/_sha3
eaf4672b..a6a3b033  fstar-master -> origin/fstar-master
make: *** [Makefile:78: extracted/Makefile.include] Error 1
make: *** Waiting for unfinished jobs....
make: *** [Makefile:84: uint128/Makefile.include] Error 1
dos2unix: converting file parser/parse.fsi to Unix format...
Warning: you are using the standard library and/or the %inline keyword. We
recommend switching on --infer in order to avoid obscure type error messages.
warning: CRLF will be replaced by LF in src/parser/parse.fsy.
The file will have its original line endings in your working directory.
LowStar.BufferCompat.fst(17,2-17,19): (Error 72) Identifier not found: [alloc_post_common]
1 error was reported (see above)
make[4]: *** [Makefile.extract:11: LowStar.BufferCompat.fst.checked.lax] Error 1
LowStar.Monotonic.Buffer.fst(1047,35-1047,64): (Error 12) Expected type "Prims.logical"; but "LowStar.Monotonic.Buffer.alloc_post_mem_common b h0 h1" has type "s: FStar.Seq.Base.seq a -> Prims.Tot Prims.logical"
1 error was reported (see above)
make[4]: *** [Makefile.extract:11: LowStar.Monotonic.Buffer.fst.checked.lax] Error 1
make[4]: Target 'all-ml' not remade because of errors.
make[3]: *** [Makefile:32: fstarlib.mgen] Error 2
make[3]: Target 'install-fstarlib' not remade because of errors.
make[2]: *** [Makefile:2: all] Error 2
make[1]: *** [Makefile:191: fstarlib] Error 2
make: *** [Makefile:176: utest-prelude] Error 2
Command exited with non-zero status 2
11.55user 42.78system 5:23.00elapsed 16%CPU (0avgtext+0avgdata 16001692maxresident)k
0inputs+0outputs (4213566major+0minor)pagefaults 0swaps
