From https://github.com/mitls/hacl-star
e1b27e0d..1632c66b  mini_hackathon_nyc -> origin/mini_hackathon_nyc
From https://github.com/mitls/mitls-fstar
e578b0c2..b91bc7ed  protz_uint128 -> origin/protz_uint128
dos2unix: converting file parser/parse.fsi to Unix format...
Warning: you are using the standard library and/or the %inline keyword. We
recommend switching on --infer in order to avoid obscure type error messages.
C:/build/agent1/_work/1/s/src/smtencoding/FStar.SMTEncoding.Z3.fs(396,9-396,11): (Error 189) Expected expression of type "Prims.unit"; got expression "'a" of type "Type"
1 error was reported (see above)
make[2]: *** [Makefile.boot:65: .cache.boot/FStar.SMTEncoding.Z3.fs.checked.lax] Error 1
C:/build/agent1/_work/1/s/src/typechecker/FStar.TypeChecker.DMFF.fsi(25,0-33,1): (Error 234) The type of env is FStar.TypeChecker.Env.env, but since this is the result type of a constructor its type should be Type
1 error was reported (see above)
make[2]: *** [Makefile.boot:65: .cache.boot/FStar.TypeChecker.DMFF.fsi.checked.lax] Error 1
C:/build/agent1/_work/1/s/src/typechecker/FStar.TypeChecker.DMFF.fs(44,0-52,1): (Error 234) The type of env is FStar.TypeChecker.Env.env, but since this is the result type of a constructor its type should be Type
1 error was reported (see above)
make[2]: *** [Makefile.boot:65: .cache.boot/FStar.TypeChecker.DMFF.fs.checked.lax] Error 1
make[2]: Target 'all-ml' not remade because of errors.
make[1]: *** [Makefile:108: ocaml] Error 2
make[1]: Target 'fstar-ocaml' not remade because of errors.
make: *** [Makefile:156: utest-prelude] Error 2
Command exited with non-zero status 2
4.12user 14.88system 3:26.25elapsed 9%CPU (0avgtext+0avgdata 418627072maxresident)k
0inputs+0outputs (1729282major+0minor)pagefaults 0swaps
