From https://github.com/mitls/mitls-fstar
804a0c87..abfdbdad  taramana_lowparse_20180525 -> origin/taramana_lowparse_20180525
dos2unix: converting file parser/parse.fsi to Unix format...
Warning: you are using the standard library and/or the %inline keyword. We
recommend switching on --infer in order to avoid obscure type error messages.
warning: CRLF will be replaced by LF in src/parser/parse.fsy.
The file will have its original line endings in your working directory.
FStar.List.Tot.Properties.fst(855,2-855,37): (Warning 252) (Hint-replay failed): could not prove post-condition (see also FStar.List.Tot.Properties.fst(853,12-853,18))
FStar.List.Tot.Properties.fst(855,2-855,37): (Warning 252) could not prove post-condition (see also FStar.List.Tot.Properties.fst(853,12-853,18))
FStar.List.Tot.Properties.fst(884,2-885,24): (Warning 252) (Hint-replay failed): could not prove post-condition (see also FStar.List.Tot.Properties.fst(883,12-883,18))
FStar.OrdSet.fst(48,16-48,18): (Warning 252) (Hint-replay failed): Subtyping check failed; expected type a: Type{Prims.hasEq a}; got type Type (see also prims.fst(310,29-310,36))
FStar.Monotonic.HyperStack.fst(344,4-344,33): (Warning 252) (Hint-replay failed): assertion failed (see also FStar.Monotonic.HyperStack.fst(38,12-41,66))
FStar.Monotonic.HyperStack.fst(344,4-344,33): (Warning 252) (Hint-replay failed): assertion failed (see also FStar.Monotonic.HyperStack.fst(38,12-41,66))
FStar.Seq.Properties.fst(472,2-475,29): (Warning 252) (Hint-replay failed): could not prove post-condition (see also FStar.Seq.Properties.fst(470,20-470,28))
FStar.Fin.fst(36,2-51,18): (Warning 252) (Hint-replay failed): assertion failed (see also prims.fst(215,68-215,80))
FStar.Fin.fst(36,2-51,18): (Warning 252) (Hint-replay failed): could not prove post-condition (see also FStar.Fin.fst(33,41-33,68))
FStar.Fin.fst(36,2-51,18): (Warning 252) (Hint-replay failed): assertion failed (see also prims.fst(215,68-215,80))
FStar.Fin.fst(36,2-51,18): (Warning 252) (Hint-replay failed): could not prove post-condition (see also FStar.Fin.fst(33,41-33,68))
LowStar.Buffer.fst(480,2-484,3): (Warning 252) (Hint-replay failed): could not prove post-condition (see also LowStar.Buffer.fsti(753,4-753,46))
LowStar.Modifies.fst(118,4-118,7): (Warning 252) (Hint-replay failed): Subtyping check failed; expected type aux:
FStar.Ghost.erased (FStar.GSet.set LowStar.Modifies.abuffer)
{ FStar.GSet.subset (LowStar.Modifies.abuffer_domain (FStar.Ghost.hide regions) addrs)
(FStar.Ghost.reveal aux) /\
FStar.GSet.subset (FStar.Ghost.reveal aux)
(FStar.GSet.union (LowStar.Modifies.abuffer_domain (FStar.Ghost.hide regions) addrs)
(LowStar.Modifies.abuffer_domain (FStar.Ghost.hide regions) aux_addrs)) }; got type FStar.Ghost.erased (FStar.GSet.set LowStar.Modifies.abuffer) (see also LowStar.Modifies.fst(33,8-33,67))
LowStar.Modifies.fst(331,26-331,28): (Warning 252) (Hint-replay failed): could not prove post-condition (see also LowStar.Modifies.fsti(159,2-159,27))
LowStar.Modifies.fst(347,45-347,47): (Warning 252) (Hint-replay failed): could not prove post-condition (see also LowStar.Modifies.fsti(218,11-218,60))
LowStar.Modifies.fst(349,40-349,42): (Warning 252) (Hint-replay failed): could not prove post-condition (see also LowStar.Modifies.fsti(231,11-231,56))
LowStar.Modifies.fst(351,42-351,44): (Warning 252) (Hint-replay failed): could not prove post-condition (see also LowStar.Modifies.fsti(250,11-250,61))
LowStar.Modifies.fst(354,39-354,41): (Warning 252) (Hint-replay failed): could not prove post-condition (see also LowStar.Modifies.fsti(261,11-261,59))
LowStar.Modifies.fst(358,42-358,44): (Warning 252) (Hint-replay failed): could not prove post-condition (see also LowStar.Modifies.fsti(272,11-272,73))
LowStar.Modifies.fst(635,48-635,50): (Warning 252) (Hint-replay failed): could not prove post-condition (see also LowStar.Modifies.fsti(435,4-435,20))
LowStar.Modifies.fst(727,2-727,48): (Warning 252) (Hint-replay failed): could not prove post-condition (see also LowStar.Modifies.fst(726,2-726,45))
LowStar.Modifies.fst(828,2-828,35): (Warning 252) (Hint-replay failed): assertion failed (see also LowStar.Modifies.fst(811,4-811,38))
LowStar.Modifies.fst(951,2-969,165): (Warning 252) (Hint-replay failed): assertion failed (see also prims.fst(215,68-215,80))
LowStar.Modifies.fst(1040,12-1040,33): (Warning 252) (Hint-replay failed): assertion failed (see also LowStar.Modifies.fst(949,12-949,48))
FStar.Pointer.Derived1.fst(118,2-118,8): (Warning 252) (Hint-replay failed): assertion failed (see also FStar.Pointer.Derived1.fst(118,9-118,104))
FStar.Pointer.Derived1.fst(168,2-168,8): (Warning 252) (Hint-replay failed): assertion failed (see also FStar.Pointer.Derived1.fst(168,9-168,91))
FStar.Pointer.Derived1.fst(171,2-171,23): (Warning 252) (Hint-replay failed): assertion failed (see also FStar.Pointer.Base.fsti(1493,5-1493,45))
FStar.Buffer.fst(740,4-740,6): (Warning 252) (Hint-replay failed): could not prove post-condition (see also FStar.Buffer.fst(738,12-738,35))
FStar.Buffer.fst(765,4-765,6): (Warning 252) (Hint-replay failed): could not prove post-condition (see also FStar.Buffer.fst(763,12-763,37))
FStar.Buffer.fst(1301,4-1301,6): (Warning 252) (Hint-replay failed): could not prove post-condition (see also FStar.Buffer.fst(1299,13-1299,31))
FStar.Modifies.fst(140,4-153,22): (Warning 252) (Hint-replay failed): assertion failed (see also prims.fst(215,68-215,80))
FStar.Modifies.fst(385,42-385,44): (Warning 252) (Hint-replay failed): could not prove post-condition (see also FStar.Modifies.fsti(154,11-154,61))
FStar.Modifies.fst(901,2-901,48): (Warning 252) (Hint-replay failed): could not prove post-condition (see also FStar.Modifies.fst(900,11-900,28))
FStar.Modifies.fst(914,2-920,26): (Warning 252) (Hint-replay failed): assertion failed (see also prims.fst(215,68-215,80))
11.98user 49.10system 9:08.60elapsed 11%CPU (0avgtext+0avgdata 1352059136maxresident)k
0inputs+0outputs (5538179major+0minor)pagefaults 0swaps

tools\Vale\src\emit_vale_text.fs(61,11): warning FS0025: Incomplete pattern matches on this expression. For example, the value 'EOp (Uop (UCall (_)), [_])' may indicate a case not covered by the pattern(s).

tools\Vale\src\emit_dafny_text.fs(60,11): warning FS0025: Incomplete pattern matches on this expression. For example, the value 'EOp (Uop (UCall (_)), [_])' may indicate a case not covered by the pattern(s).

tools\Vale\src\emit_dafny_direct.fs(229,11): warning FS0025: Incomplete pattern matches on this expression. For example, the value 'EOp (Uop (UCall (_)), [_])' may indicate a case not covered by the pattern(s).

tools\Vale\src\emit_fstar_text.fs(85,11): warning FS0025: Incomplete pattern matches on this expression. For example, the value 'EOp (Uop (UCall (CallInline)), [_])' may indicate a case not covered by the pattern(s).
Ex01a.fst(70,0-70,48): (Warning 272) Top-level let-bindings must be total; this term may have effects
Ex01a.fst(70,0-70,48): (Warning 272) Top-level let-bindings must be total; this term may have effects
Ex04g.fst(5,4-5,6): (Warning 240) Admitting Ex04g.tl without a definition
Ex04g.fst(4,4-4,6): (Warning 240) Admitting Ex04g.hd without a definition
Effects.Def.fst(165,2-165,22): (Warning 252) (Hint-replay failed): assertion failed (see also Effects.Def.fst(44,11-44,91))
Ex01a.fst(60,0-60,48): (Warning 272) Top-level let-bindings must be total; this term may have effects
Ex01a.fst(60,0-60,48): (Warning 272) Top-level let-bindings must be total; this term may have effects
Ex05a.fst(28,4-28,13): (Warning 240) Admitting Ex05a.rev_is_ok without a definition
Ex06a.fst(5,4-5,13): (Warning 240) Admitting Ex06a.partition without a definition
Ex06e.fst(18,4-18,8): (Warning 240) Admitting Ex06e.sort without a definition
Encrypt_SymEnc.fst(30,0-30,27): (Warning 272) Top-level let-bindings must be total; this term may have effects
Encrypt_SymEnc.fst(30,0-30,27): (Warning 272) Top-level let-bindings must be total; this term may have effects
Encrypt_SymEnc.fst(30,0-30,27): (Warning 272) Top-level let-bindings must be total; this term may have effects
Ex07a.fst(228,4-228,14): (Warning 240) Admitting Ex07a.typed_step without a definition
MAC.fst(45,0-45,53): (Warning 272) Top-level let-bindings must be total; this term may have effects
MAC.fst(45,0-45,53): (Warning 272) Top-level let-bindings must be total; this term may have effects
StlcStrongDbParSubst.fst(203,27-203,29): (Warning 252) (Hint-replay failed): Subtyping check failed; expected type StlcStrongDbParSubst.typing g
(StlcStrongDbParSubst.sub_beta v y)
(Some?.v (StlcStrongDbParSubst.extend t_x g y)); got type StlcStrongDbParSubst.typing g v t_x (see also StlcStrongDbParSubst.fst(170,46-201,36))
StlcStrongDbParSubst.fst(203,27-203,29): (Warning 252) (Hint-replay failed): Subtyping check failed; expected type StlcStrongDbParSubst.typing g
(StlcStrongDbParSubst.sub_beta v y)
(Some?.v (StlcStrongDbParSubst.extend t_x g y)); got type StlcStrongDbParSubst.typing g v t_x (see also StlcStrongDbParSubst.fst(170,46-201,36))
Ex07d.fst(225,4-225,8): (Warning 240) Admitting Ex07d.eval without a definition
Ex10a.fst(24,0-24,22): (Warning 272) Top-level let-bindings must be total; this term may have effects
Ex10a.fst(24,0-24,22): (Warning 272) Top-level let-bindings must be total; this term may have effects
Ex10a.fst(24,0-24,22): (Warning 272) Top-level let-bindings must be total; this term may have effects
Ex10a.fst(24,0-24,22): (Warning 272) Top-level let-bindings must be total; this term may have effects
MonotonicArray.fst(40,61-40,72): (Warning 252) (Hint-replay failed): Subtyping check failed; expected type FStar.Preorder.preorder (MonotonicArray.repr a n); got type FStar.Preorder.relation (MonotonicArray.repr a n) (see also C:\build\agent1\_work\1\s\ulib\FStar.Preorder.fst(12,40-12,56))
MonotonicArray.fst(40,61-40,72): (Warning 252) (Hint-replay failed): Subtyping check failed; expected type FStar.Preorder.preorder (MonotonicArray.repr a n); got type FStar.Preorder.relation (MonotonicArray.repr a n) (see also C:\build\agent1\_work\1\s\ulib\FStar.Preorder.fst(12,40-12,56))
MAC.fst(45,0-45,53): (Warning 272) Top-level let-bindings must be total; this term may have effects
Slice.fst(95,4-95,26): (Warning 252) (Hint-replay failed): assertion failed (see also FStar.Buffer.fst(434,28-434,54))
Slice.fst(105,4-105,26): (Warning 252) (Hint-replay failed): assertion failed (see also FStar.Buffer.fst(434,28-434,54))
MAC.fst(45,0-45,53): (Warning 272) Top-level let-bindings must be total; this term may have effects
RPC.fst(9,0-9,53): (Warning 272) Top-level let-bindings must be total; this term may have effects
RPC.fst(9,0-9,53): (Warning 272) Top-level let-bindings must be total; this term may have effects
RPC.fst(23,0-23,39): (Warning 272) Top-level let-bindings must be total; this term may have effects
RPC.fst(23,0-23,39): (Warning 272) Top-level let-bindings must be total; this term may have effects
RPC.fst(48,0-49,16): (Warning 272) Top-level let-bindings must be total; this term may have effects
RPC.fst(48,0-49,16): (Warning 272) Top-level let-bindings must be total; this term may have effects
RPC.fst(116,0-116,17): (Warning 272) Top-level let-bindings must be total; this term may have effects
RPC.fst(116,0-116,17): (Warning 272) Top-level let-bindings must be total; this term may have effects
StlcCbvDbParSubst.fst(197,19-197,25): (Warning 252) (Hint-replay failed): assertion failed (see also StlcCbvDbParSubst.fst(197,25-197,68))
NatHeap.fst(68,12-69,30): (Warning 252) (Hint-replay failed): Subtyping check failed; expected type NatHeap.heap; got type Prims.nat * (_: Prims.nat -> Prims.Tot (FStar.Pervasives.Native.option (a: Type0 & a))) (see also NatHeap.fst(12,42-12,72))
bug185.fst(33,15-33,21): (Warning 252) (Hint-replay failed): assertion failed (see also bug185.fst(33,22-33,48))
BinaryTreesEnumeration.fst(301,4-344,18): (Warning 252) (Hint-replay failed): assertion failed (see also prims.fst(215,68-215,80))
BinaryTreesEnumeration.fst(301,4-344,18): (Warning 252) (Hint-replay failed): could not prove post-condition (see also BinaryTreesEnumeration.fst(300,8-300,50))
BinaryTreesEnumeration.fst(310,19-310,21): (Warning 252) Subtyping check failed; expected type bt0: BinaryTreesEnumeration.bin_tree{bt0 << bt0}; got type BinaryTreesEnumeration.bin_tree (see also BinaryTreesEnumeration.fst(301,4-344,18))
SepLogic.Heap.fst(59,26-62,30): (Warning 252) (Hint-replay failed): Patterns are incomplete
SepLogic.Heap.fst(78,38-81,62): (Warning 252) (Hint-replay failed): Patterns are incomplete
SepLogic.Heap.fst(196,12-196,18): (Warning 252) (Hint-replay failed): assertion failed (see also SepLogic.Heap.fst(196,19-196,77))
SepLogic.Heap.fst(303,4-303,6): (Warning 252) (Hint-replay failed): could not prove post-condition (see also SepLogic.Heap.fst(302,21-302,58))
MAC.fst(45,0-45,53): (Warning 272) Top-level let-bindings must be total; this term may have effects
CntProtocol.fst(12,0-12,53): (Warning 272) Top-level let-bindings must be total; this term may have effects
CntProtocol.fst(12,0-12,53): (Warning 272) Top-level let-bindings must be total; this term may have effects
CntProtocol.fst(27,0-27,26): (Warning 272) Top-level let-bindings must be total; this term may have effects
CntProtocol.fst(27,0-27,26): (Warning 272) Top-level let-bindings must be total; this term may have effects
CntProtocol.fst(30,0-30,54): (Warning 272) Top-level let-bindings must be total; this term may have effects
CntProtocol.fst(30,0-30,54): (Warning 272) Top-level let-bindings must be total; this term may have effects
CntProtocol.fst(33,0-33,54): (Warning 272) Top-level let-bindings must be total; this term may have effects
CntProtocol.fst(33,0-33,54): (Warning 272) Top-level let-bindings must be total; this term may have effects
CntProtocol.fst(97,0-97,39): (Warning 272) Top-level let-bindings must be total; this term may have effects
CntProtocol.fst(97,0-97,39): (Warning 272) Top-level let-bindings must be total; this term may have effects
CntProtocol.fst(124,0-124,18): (Warning 272) Top-level let-bindings must be total; this term may have effects
CntProtocol.fst(124,0-124,18): (Warning 272) Top-level let-bindings must be total; this term may have effects
CntProtocol.fst(168,0-184,5): (Warning 272) Top-level let-bindings must be total; this term may have effects
CntProtocol.fst(168,0-184,5): (Warning 272) Top-level let-bindings must be total; this term may have effects
Huffman.fst(182,53-182,54): (Warning 252) (Hint-replay failed): Subtyping check failed; expected type s:
Huffman.symbol
{%[ bs; if Leaf? t' && Cons? bs then 1 else 0 ] << %[ bs; if Leaf? t && Cons? bs then 1 else 0 ]}; got type Huffman.symbol (see also Huffman.fst(180,2-184,60))
nested.pos\Test.fst(32,18-32,22): (Warning 252) (Hint-replay failed): assertion failed (see also FStar.Pointer.Base.fsti(2146,22-2146,34))
nested.pos\Test.fst(15,13-18,5): (Warning 252) Subtyping check failed; expected type l:
Prims.list (Prims.string * FStar.Pointer.Base.typ)
{Cons? l /\ FStar.List.Tot.Base.noRepeats (FStar.List.Tot.Base.map FStar.Pervasives.Native.fst l)}; got type Prims.list (Prims.string * FStar.Pointer.Base.typ) (see also FStar.Pointer.Base.fsti(55,2-55,41))
MRefHeap.fst(60,11-61,26): (Warning 252) (Hint-replay failed): Subtyping check failed; expected type MRefHeap.heap; got type Prims.nat * (_: Prims.nat -> Prims.Tot (FStar.Pervasives.Native.option MRefHeap.heap_cell)) (see also MRefHeap.fst(13,42-13,72))
Ex10a.fst(26,0-26,22): (Warning 272) Top-level let-bindings must be total; this term may have effects
Ex10a.fst(26,0-26,22): (Warning 272) Top-level let-bindings must be total; this term may have effects
Ex10a.fst(26,0-26,22): (Warning 272) Top-level let-bindings must be total; this term may have effects
Ex10a.fst(26,0-26,22): (Warning 272) Top-level let-bindings must be total; this term may have effects
TestMRef.fst(8,0-8,15): (Warning 272) Top-level let-bindings must be total; this term may have effects
TestMRef.fst(8,0-8,15): (Warning 272) Top-level let-bindings must be total; this term may have effects
TestMRef.fst(8,0-8,15): (Warning 272) Top-level let-bindings must be total; this term may have effects
TestMRef.fst(8,0-8,15): (Warning 272) Top-level let-bindings must be total; this term may have effects
hello.fst(5,0-5,37): (Warning 272) Top-level let-bindings must be total; this term may have effects
hello.fst(5,0-5,37): (Warning 272) Top-level let-bindings must be total; this term may have effects
Ex12.MAC.fst(41,0-41,41): (Warning 272) Top-level let-bindings must be total; this term may have effects
Ex12.MAC.fst(41,0-41,41): (Warning 272) Top-level let-bindings must be total; this term may have effects
Ex12a.ACLs.fst(59,0-59,48): (Warning 272) Top-level let-bindings must be total; this term may have effects
Ex12a1.Cap.fst(23,0-23,26): (Warning 272) Top-level let-bindings must be total; this term may have effects
Ex12a1.Cap.fst(23,0-23,26): (Warning 272) Top-level let-bindings must be total; this term may have effects
Ex12a1.Cap.fst(23,0-23,26): (Warning 272) Top-level let-bindings must be total; this term may have effects
Ex12a1.Cap.fst(23,0-23,26): (Warning 272) Top-level let-bindings must be total; this term may have effects
Mac.fst(70,0-70,53): (Warning 272) Top-level let-bindings must be total; this term may have effects
Mac.fst(70,0-70,53): (Warning 272) Top-level let-bindings must be total; this term may have effects
Mac.fst(70,0-70,53): (Warning 272) Top-level let-bindings must be total; this term may have effects
Mac.fst(70,0-70,53): (Warning 272) Top-level let-bindings must be total; this term may have effects
Ex12b1.Format.fst(97,4-97,18): (Warning 240) Admitting Ex12b1.Format.resp_injective without a definition
Ex12b1.Format.fst(91,4-91,17): (Warning 240) Admitting Ex12b1.Format.req_injective without a definition
Ex12b1.Format.fst(85,4-85,21): (Warning 240) Admitting Ex12b1.Format.req_resp_distinct without a definition
testseq.fst(12,0-14,15): (Warning 272) Top-level let-bindings must be total; this term may have effects
testseq.fst(12,0-14,15): (Warning 272) Top-level let-bindings must be total; this term may have effects
Benton2004.RHL.fst(258,2-258,4): (Warning 252) (Hint-replay failed): could not prove post-condition (see also Benton2004.RHL.fst(254,2-257,3))
Benton2004.RHL.fst(459,4-459,19): (Warning 252) (Hint-replay failed): assertion failed (see also Benton2004.RHL.fst(443,4-443,84))
Benton2004.RHL.fst(500,63-500,152): (Warning 252) (Hint-replay failed): assertion failed
SL.Heap.fst(65,26-68,30): (Warning 252) (Hint-replay failed): Patterns are incomplete
SL.Heap.fst(85,38-88,62): (Warning 252) (Hint-replay failed): Patterns are incomplete
SL.Heap.fst(169,12-169,18): (Warning 252) (Hint-replay failed): assertion failed (see also SL.Heap.fst(169,19-169,77))
Eta_expand.fst(22,0-26,35): (Warning 272) Top-level let-bindings must be total; this term may have effects
Eta_expand.fst(22,0-26,35): (Warning 272) Top-level let-bindings must be total; this term may have effects
File "out/Eta_expand.ml", line 19, characters 37-41:
Warning 20: this argument will not be used by the function.
File "out/Eta_expand.ml", line 19, characters 42-46:
Warning 20: this argument will not be used by the function.
Unable to open hints file: C:\build\agent1\_work\1\s\kremlin\kremlib\Spec.Loops.fst.hints; ran without hints
Ex12.MAC.fst(60,0-63,4): (Warning 272) Top-level let-bindings must be total; this term may have effects
Ex12.MAC.fst(60,0-63,4): (Warning 272) Top-level let-bindings must be total; this term may have effects
Ex12.MAC.fst(199,0-199,33): (Warning 272) Top-level let-bindings must be total; this term may have effects
Ex12.MAC.fst(199,0-199,33): (Warning 272) Top-level let-bindings must be total; this term may have effects
Ex12.MAC.fst(221,12-221,14): (Warning 252) (Hint-replay failed): assertion failed (see also C:\build\agent1\_work\1\s\ulib\FStar.ST.fst(122,14-122,29))
Ex12.MAC.fst(60,0-63,4): (Warning 272) Top-level let-bindings must be total; this term may have effects
Ex12.MAC.fst(60,0-63,4): (Warning 272) Top-level let-bindings must be total; this term may have effects
Ex12.MAC.fst(199,0-199,33): (Warning 272) Top-level let-bindings must be total; this term may have effects
Ex12.MAC.fst(199,0-199,33): (Warning 272) Top-level let-bindings must be total; this term may have effects
Ex12.MAC.fst(60,0-63,4): (Warning 272) Top-level let-bindings must be total; this term may have effects
Ex12.MAC.fst(199,0-199,33): (Warning 272) Top-level let-bindings must be total; this term may have effects
Ex12.MAC.fst(60,0-63,4): (Warning 272) Top-level let-bindings must be total; this term may have effects
Ex12.MAC.fst(199,0-199,33): (Warning 272) Top-level let-bindings must be total; this term may have effects
Ex12a.ACLs.fst(59,0-59,48): (Warning 272) Top-level let-bindings must be total; this term may have effects
Ex12a1.Cap.fst(21,0-21,26): (Warning 272) Top-level let-bindings must be total; this term may have effects
Ex12a1.Cap.fst(21,0-21,26): (Warning 272) Top-level let-bindings must be total; this term may have effects
Ex12a1.Cap.fst(21,0-21,26): (Warning 272) Top-level let-bindings must be total; this term may have effects
Ex12a1.Cap.fst(21,0-21,26): (Warning 272) Top-level let-bindings must be total; this term may have effects
Ex12.MAC.fst(60,0-63,4): (Warning 272) Top-level let-bindings must be total; this term may have effects
Ex12.MAC.fst(199,0-199,33): (Warning 272) Top-level let-bindings must be total; this term may have effects
Ex12.MAC.fst(60,0-63,4): (Warning 272) Top-level let-bindings must be total; this term may have effects
Ex12.MAC.fst(199,0-199,33): (Warning 272) Top-level let-bindings must be total; this term may have effects
Ex12a.ACLs.fst(59,0-59,48): (Warning 272) Top-level let-bindings must be total; this term may have effects
Ex12a2.Cap.fst(21,0-21,31): (Warning 272) Top-level let-bindings must be total; this term may have effects
Ex12a2.Cap.fst(21,0-21,31): (Warning 272) Top-level let-bindings must be total; this term may have effects
Ex12a2.Cap.fst(43,0-43,33): (Warning 272) Top-level let-bindings must be total; this term may have effects
Ex12a2.Cap.fst(43,0-43,33): (Warning 272) Top-level let-bindings must be total; this term may have effects
Ex12a2.Cap.fst(21,0-21,31): (Warning 272) Top-level let-bindings must be total; this term may have effects
Ex12a2.Cap.fst(21,0-21,31): (Warning 272) Top-level let-bindings must be total; this term may have effects
Ex12a2.Cap.fst(43,0-43,33): (Warning 272) Top-level let-bindings must be total; this term may have effects
Ex12a2.Cap.fst(43,0-43,33): (Warning 272) Top-level let-bindings must be total; this term may have effects
Serializing.fst(139,2-170,16): (Warning 252) (Hint-replay failed): assertion failed (see also Serializing.fst(94,23-94,59))
Serializing.fst(139,2-170,16): (Warning 252) (Hint-replay failed): assertion failed (see also Serializing.fst(94,23-94,59))
Ex12f.TMAC.fst(26,4-26,10): (Warning 240) Admitting Ex12f.TMAC.verify without a definition
Ex12f.TMAC.fst(25,4-25,7): (Warning 240) Admitting Ex12f.TMAC.mac without a definition
Ex12f.TMAC.fst(24,4-24,10): (Warning 240) Admitting Ex12f.TMAC.keygen without a definition
Ex12b1.Format.fst(95,4-95,18): (Warning 240) Admitting Ex12b1.Format.resp_injective without a definition
Ex12b1.Format.fst(89,4-89,17): (Warning 240) Admitting Ex12b1.Format.req_injective without a definition
Ex12b1.Format.fst(83,4-83,21): (Warning 240) Admitting Ex12b1.Format.req_resp_distinct without a definition
LowParse.Spec.Combinators.fst(181,2-181,12): (Warning 252) (Hint-replay failed): assertion failed (see also LowParse.Spec.Base.fst(472,12-472,34))
LowParse.Spec.Combinators.fst(534,2-534,8): (Warning 252) (Hint-replay failed): assertion failed (see also LowParse.Spec.Combinators.fst(534,9-534,72))
LowParse.Spec.Combinators.fst(181,2-181,12): (Warning 252) (Hint-replay failed): assertion failed (see also LowParse.Spec.Base.fst(472,12-472,34))
Ex12g.TMAC2.fst(30,4-30,10): (Warning 240) Admitting Ex12g.TMAC2.verify without a definition
Ex12g.TMAC2.fst(29,4-29,7): (Warning 240) Admitting Ex12g.TMAC2.mac without a definition
Ex12.MAC.fst(60,0-63,4): (Warning 272) Top-level let-bindings must be total; this term may have effects
Ex12.MAC.fst(199,0-199,33): (Warning 272) Top-level let-bindings must be total; this term may have effects
Ex12.MAC.fst(60,0-63,4): (Warning 272) Top-level let-bindings must be total; this term may have effects
Ex12.MAC.fst(199,0-199,33): (Warning 272) Top-level let-bindings must be total; this term may have effects
Ex12b.RPC.fst(15,0-15,53): (Warning 272) Top-level let-bindings must be total; this term may have effects
Ex12b.RPC.fst(15,0-15,53): (Warning 272) Top-level let-bindings must be total; this term may have effects
Ex12b.RPC.fst(27,0-27,36): (Warning 272) Top-level let-bindings must be total; this term may have effects
Ex12b.RPC.fst(27,0-27,36): (Warning 272) Top-level let-bindings must be total; this term may have effects
Ex12b.RPC.fst(56,8-56,57): (Warning 272) Top-level let-bindings must be total; this term may have effects
Ex12b.RPC.fst(56,8-56,57): (Warning 272) Top-level let-bindings must be total; this term may have effects
Ex12b.RPC.fst(85,0-86,16): (Warning 272) Top-level let-bindings must be total; this term may have effects
Ex12b.RPC.fst(85,0-86,16): (Warning 272) Top-level let-bindings must be total; this term may have effects
Ex12b.RPC.fst(166,0-166,17): (Warning 272) Top-level let-bindings must be total; this term may have effects
Ex12b.RPC.fst(166,0-166,17): (Warning 272) Top-level let-bindings must be total; this term may have effects
Ex12b.RPC.fst(27,0-27,36): (Warning 272) Top-level let-bindings must be total; this term may have effects
Ex12b.RPC.fst(27,0-27,36): (Warning 272) Top-level let-bindings must be total; this term may have effects
Ex12b.RPC.fst(56,8-56,57): (Warning 272) Top-level let-bindings must be total; this term may have effects
Ex12b.RPC.fst(56,8-56,57): (Warning 272) Top-level let-bindings must be total; this term may have effects
Ex12b.RPC.fst(85,0-86,16): (Warning 272) Top-level let-bindings must be total; this term may have effects
Ex12b.RPC.fst(85,0-86,16): (Warning 272) Top-level let-bindings must be total; this term may have effects
Test.HyperStack.fst(253,27-253,36): (Warning 288) FStar.HyperStack.ST.salloc_mm is deprecated, use use salloc instead instead
Test.HyperStack.fst(262,10-262,15): (Warning 288) FStar.HyperStack.ST.sfree is deprecated, use use salloc instead instead
Test.HyperStack.fst(272,27-272,36): (Warning 288) FStar.HyperStack.ST.salloc_mm is deprecated, use use salloc instead instead
WPExtensionality.fst(103,3-103,34): (Warning 252) assertion failed (see also prims.fst(215,68-215,80))
WPExtensionality.fst(103,3-103,34): (Warning 252) assertion failed (see also prims.fst(215,68-215,80))
WPExtensionality.fst(103,3-103,34): (Warning 252) assertion failed (see also prims.fst(215,68-215,80))
WPExtensionality.fst(103,3-103,34): (Warning 252) assertion failed (see also prims.fst(215,68-215,80))
X64.Poly1305.Math_i.fst(153,53-153,59): (Warning 296) Tactics admitted goal <(n: Prims.int), (p: Prims.pos), (h: Prims.nat), (h2: Prims.nat), (h10: Prims.int), (c: Prims.int), (hh: Prims.int), (p: Prims.pure_post Prims.unit), (_:
Prims.squash (n * n > 0 /\ h2 >= 0 /\ 4 * (n * n) == p + 5 /\ h2 == h / (n * n) /\
h10 == h % (n * n) /\ c == h2 / 4 + (h2 / 4) * 4 /\ hh == h10 + c + (h2 % 4) * (n * n) /\
(forall (pure_result: Prims.unit). h % p == hh % p ==> p pure_result))), (return_val: Prims.pos), (_: Prims.squash (return_val == n * n)), (pure_result: Prims.unit), (_: Prims.squash (h = (n * n) * (h / (n * n)) + h % (n * n))), (pure_result: Prims.unit), (_: Prims.squash (h == (n * n) * h2 + h10)), (return_val: Prims.pos), (_: Prims.squash (return_val == n * n)), (pure_result: Prims.unit), (_:
Prims.squash ((n * n) * h2 + h10 =
(n * n) * (((n * n) * h2 + h10) / (n * n)) + ((n * n) * h2 + h10) % (n * n))), (any_result: (_: Prims.unit -> Prims.Tot Prims.unit)), (_:
Prims.squash (Calc.using (FStar.Math.Lemmas.lemma_div_mod ((n * n) * h2 + h10) (n * n)) ==
any_result)), (return_val: (_: Prims.unit -> Prims.Lemma Prims.unit)), (_: Prims.squash (return_val == Calc.using (FStar.Math.Lemmas.lemma_div_mod h (n * n)))), (_:
Prims.squash (Calc.using (FStar.Math.Lemmas.lemma_div_mod ((n * n) * h2 + h10) (n * n)) ==
Calc.using (FStar.Math.Lemmas.lemma_div_mod h (n * n)))), (any_result:
x:
Prims.int
{ (n * n) * h2 + h10 == (n * n) * h2 + h10 /\
(x == (n * n) * h2 + h10) /\ ((n * n) * h2 + h10 == (n * n) * h2 + h10) }), (_:
Prims.squash (((n * n) * h2 + h10 &= (n * n) * h2 + h10 &|
Calc.using (FStar.Math.Lemmas.lemma_div_mod ((n * n) * h2 + h10) (n * n))) ==
any_result)), (any_result: (_: Prims.unit -> Prims.Pure Prims.int)), (_:
Prims.squash (((n * n) * h2 + h10 &= (n * n) * h2 + h10 &|
Calc.using (FStar.Math.Lemmas.lemma_div_mod ((n * n) * h2 + h10) (n * n)) &=
(n * n) * ((h2 / 4) * 4 + h2 % 4) + h10) ==
any_result)), (return_val: (_: Prims.unit -> Prims.Lemma Prims.unit)), (_: Prims.squash (return_val == Calc.using Calc.z3)), (any_result:
x:
Prims.int
{ (n * n) * h2 + h10 == (n * n) * ((h2 / 4) * 4 + h2 % 4) + h10 /\
(x == (n * n) * ((h2 / 4) * 4 + h2 % 4) + h10) /\
((n * n) * h2 + h10 == (n * n) * ((h2 / 4) * 4 + h2 % 4) + h10) }), (_:
Prims.squash (((n * n) * h2 + h10 &= (n * n) * h2 + h10 &|
Calc.using (FStar.Math.Lemmas.lemma_div_mod ((n * n) * h2 + h10) (n * n)) &=
(n * n) * ((h2 / 4) * 4 + h2 % 4) + h10 &|
Calc.using Calc.z3) ==
any_result)), (any_result: (_: Prims.unit -> Prims.Pure Prims.int)), (_:
Prims.squash (((n * n) * h2 + h10 &= (n * n) * h2 + h10 &|
Calc.using (FStar.Math.Lemmas.lemma_div_mod ((n * n) * h2 + h10) (n * n)) &=
(n * n) * ((h2 / 4) * 4 + h2 % 4) + h10 &|
Calc.using Calc.z3 &=
h10 + (h2 % 4) * (n * n) + (h2 / 4) * (p + 5)) ==
any_result)) |- _ : Prims.squash ((n * n) * ((h2 / 4) * 4 + h2 % 4) + h10 ==
h10 + (h2 % 4) * (n * n) + (h2 / 4) * (p + 5))>

(see also Calc.fst(27,62-27,74))
MAC.fst(45,0-45,53): (Warning 272) Top-level let-bindings must be total; this term may have effects
RPC.fst(9,0-9,53): (Warning 272) Top-level let-bindings must be total; this term may have effects
RPC.fst(23,0-23,39): (Warning 272) Top-level let-bindings must be total; this term may have effects
RPC.fst(48,0-49,16): (Warning 272) Top-level let-bindings must be total; this term may have effects
RPC.fst(116,0-116,17): (Warning 272) Top-level let-bindings must be total; this term may have effects
NegativeTests.BST.fst(22,38-22,42): (Warning 252) Subtyping check failed; expected type right:
FStar.Pervasives.Native.option (NegativeTests.BST.tree 2)
{ 0 <= 1 /\ 1 <= 2 /\ None? right <==> (1 = 2) /\
None? (FStar.Pervasives.Native.None) <==> (1 = 0) }; got type FStar.Pervasives.Native.option (NegativeTests.BST.tree 2) (see also NegativeTests.BST.fst(12,37-12,48))
NegativeTests.BST.fst(22,38-22,42): (Warning 252) Subtyping check failed; expected type right:
FStar.Pervasives.Native.option (NegativeTests.BST.tree 2)
{ 0 <= 1 /\ 1 <= 2 /\ None? right <==> (1 = 2) /\
None? (FStar.Pervasives.Native.None) <==> (1 = 0) }; got type FStar.Pervasives.Native.option (NegativeTests.BST.tree 2) (see also NegativeTests.BST.fst(12,37-12,48))
NegativeTests.BST.fst(22,38-22,42): (Warning 252) Subtyping check failed; expected type right:
FStar.Pervasives.Native.option (NegativeTests.BST.tree 2)
{ 0 <= 1 /\ 1 <= 2 /\ None? right <==> (1 = 2) /\
None? (FStar.Pervasives.Native.None) <==> (1 = 0) }; got type FStar.Pervasives.Native.option (NegativeTests.BST.tree 2) (see also NegativeTests.BST.fst(12,37-12,48))
NegativeTests.BST.fst(22,38-22,42): (Warning 252) Subtyping check failed; expected type right:
FStar.Pervasives.Native.option (NegativeTests.BST.tree 2)
{ 0 <= 1 /\ 1 <= 2 /\ None? right <==> (1 = 2) /\
None? (FStar.Pervasives.Native.None) <==> (1 = 0) }; got type FStar.Pervasives.Native.option (NegativeTests.BST.tree 2) (see also NegativeTests.BST.fst(12,37-12,48))
NegativeTests.BST.fst(25,61-25,65): (Warning 252) Subtyping check failed; expected type right:
FStar.Pervasives.Native.option (NegativeTests.BST.tree (l + 1))
{ l <= l /\ l <= l + 1 /\ None? right <==> (l = l + 1) /\
None? (FStar.Pervasives.Native.Some t) <==> (l = l) }; got type FStar.Pervasives.Native.option (NegativeTests.BST.tree (l + 1)) (see also NegativeTests.BST.fst(12,36-12,58))
NegativeTests.BST.fst(25,61-25,65): (Warning 252) Subtyping check failed; expected type right:
FStar.Pervasives.Native.option (NegativeTests.BST.tree (l + 1))
{ l <= l /\ l <= l + 1 /\ None? right <==> (l = l + 1) /\
None? (FStar.Pervasives.Native.Some t) <==> (l = l) }; got type FStar.Pervasives.Native.option (NegativeTests.BST.tree (l + 1)) (see also NegativeTests.BST.fst(12,36-12,58))
NegativeTests.BST.fst(25,61-25,65): (Warning 252) Subtyping check failed; expected type right:
FStar.Pervasives.Native.option (NegativeTests.BST.tree (l + 1))
{ l <= l /\ l <= l + 1 /\ None? right <==> (l = l + 1) /\
None? (FStar.Pervasives.Native.Some t) <==> (l = l) }; got type FStar.Pervasives.Native.option (NegativeTests.BST.tree (l + 1)) (see also NegativeTests.BST.fst(12,36-12,58))
NegativeTests.BST.fst(25,61-25,65): (Warning 252) Subtyping check failed; expected type right:
FStar.Pervasives.Native.option (NegativeTests.BST.tree (l + 1))
{ l <= l /\ l <= l + 1 /\ None? right <==> (l = l + 1) /\
None? (FStar.Pervasives.Native.Some t) <==> (l = l) }; got type FStar.Pervasives.Native.option (NegativeTests.BST.tree (l + 1)) (see also NegativeTests.BST.fst(12,36-12,58))
NegativeTests.BST.fst(28,78-28,87): (Warning 252) Subtyping check failed; expected type right:
FStar.Pervasives.Native.option (NegativeTests.BST.tree (l + 1))
{ l <= l + 1 /\ l + 1 <= l + 1 /\ None? right <==> (l + 1 = l + 1) /\
None? (FStar.Pervasives.Native.Some t1) <==> (l + 1 = l) }; got type FStar.Pervasives.Native.option (NegativeTests.BST.tree (l + 1)) (see also NegativeTests.BST.fst(12,37-12,48))
NegativeTests.BST.fst(28,78-28,87): (Warning 252) Subtyping check failed; expected type right:
FStar.Pervasives.Native.option (NegativeTests.BST.tree (l + 1))
{ l <= l + 1 /\ l + 1 <= l + 1 /\ None? right <==> (l + 1 = l + 1) /\
None? (FStar.Pervasives.Native.Some t1) <==> (l + 1 = l) }; got type FStar.Pervasives.Native.option (NegativeTests.BST.tree (l + 1)) (see also NegativeTests.BST.fst(12,37-12,48))
NegativeTests.BST.fst(28,78-28,87): (Warning 252) Subtyping check failed; expected type right:
FStar.Pervasives.Native.option (NegativeTests.BST.tree (l + 1))
{ l <= l + 1 /\ l + 1 <= l + 1 /\ None? right <==> (l + 1 = l + 1) /\
None? (FStar.Pervasives.Native.Some t1) <==> (l + 1 = l) }; got type FStar.Pervasives.Native.option (NegativeTests.BST.tree (l + 1)) (see also NegativeTests.BST.fst(12,37-12,48))
NegativeTests.BST.fst(28,78-28,87): (Warning 252) Subtyping check failed; expected type right:
FStar.Pervasives.Native.option (NegativeTests.BST.tree (l + 1))
{ l <= l + 1 /\ l + 1 <= l + 1 /\ None? right <==> (l + 1 = l + 1) /\
None? (FStar.Pervasives.Native.Some t1) <==> (l + 1 = l) }; got type FStar.Pervasives.Native.option (NegativeTests.BST.tree (l + 1)) (see also NegativeTests.BST.fst(12,37-12,48))
Protocol.fst(23,0-23,9): (Warning 239) Adding an implicit 'assume new' qualifier on byte
Protocol.fst(341,4-341,25): (Warning 252) (Hint-replay failed): could not prove post-condition (see also Protocol.fst(340,7-340,35))
NegativeTests.ShortCircuiting.fst(6,16-6,33): (Warning 252) Subtyping check failed; expected type b: Prims.bool{NegativeTests.ShortCircuiting.bad_p b}; got type Prims.bool (see also NegativeTests.ShortCircuiting.fst(4,31-4,38))
NegativeTests.ShortCircuiting.fst(6,16-6,33): (Warning 252) Subtyping check failed; expected type b: Prims.bool{NegativeTests.ShortCircuiting.bad_p b}; got type Prims.bool (see also NegativeTests.ShortCircuiting.fst(4,31-4,38))
NegativeTests.ShortCircuiting.fst(6,16-6,33): (Warning 252) Subtyping check failed; expected type b: Prims.bool{NegativeTests.ShortCircuiting.bad_p b}; got type Prims.bool (see also NegativeTests.ShortCircuiting.fst(4,31-4,38))
NegativeTests.ShortCircuiting.fst(6,16-6,33): (Warning 252) Subtyping check failed; expected type b: Prims.bool{NegativeTests.ShortCircuiting.bad_p b}; got type Prims.bool (see also NegativeTests.ShortCircuiting.fst(4,31-4,38))
prims.fst(243,30-243,42): (Warning 252) assertion failed (see also prims.fst(215,68-215,80))
prims.fst(243,30-243,42): (Warning 252) assertion failed (see also prims.fst(215,68-215,80))
prims.fst(243,30-243,42): (Warning 252) assertion failed (see also prims.fst(215,68-215,80))
prims.fst(243,30-243,42): (Warning 252) assertion failed (see also prims.fst(215,68-215,80))
MAC.fst(45,0-45,53): (Warning 272) Top-level let-bindings must be total; this term may have effects
CntProtocol.fst(12,0-12,53): (Warning 272) Top-level let-bindings must be total; this term may have effects
CntProtocol.fst(27,0-27,26): (Warning 272) Top-level let-bindings must be total; this term may have effects
CntProtocol.fst(30,0-30,54): (Warning 272) Top-level let-bindings must be total; this term may have effects
CntProtocol.fst(33,0-33,54): (Warning 272) Top-level let-bindings must be total; this term may have effects
CntProtocol.fst(97,0-97,39): (Warning 272) Top-level let-bindings must be total; this term may have effects
CntProtocol.fst(124,0-124,18): (Warning 272) Top-level let-bindings must be total; this term may have effects
CntProtocol.fst(168,0-184,5): (Warning 272) Top-level let-bindings must be total; this term may have effects
NegativeTests.Bug260.fst(11,12-11,19): (Warning 252) Subtyping check failed; expected type NegativeTests.Bug260.validity (NegativeTests.Bug260.S (NegativeTests.Bug260.S t)); got type NegativeTests.Bug260.validity (NegativeTests.Bug260.S t) (see also NegativeTests.Bug260.fst(8,37-11,9))
NegativeTests.Bug260.fst(11,12-11,19): (Warning 252) Subtyping check failed; expected type NegativeTests.Bug260.validity (NegativeTests.Bug260.S (NegativeTests.Bug260.S t)); got type NegativeTests.Bug260.validity (NegativeTests.Bug260.S t) (see also NegativeTests.Bug260.fst(8,37-11,9))
NegativeTests.Bug260.fst(11,12-11,19): (Warning 252) Subtyping check failed; expected type NegativeTests.Bug260.validity (NegativeTests.Bug260.S (NegativeTests.Bug260.S t)); got type NegativeTests.Bug260.validity (NegativeTests.Bug260.S t) (see also NegativeTests.Bug260.fst(8,37-11,9))
NegativeTests.Bug260.fst(11,12-11,19): (Warning 252) Subtyping check failed; expected type NegativeTests.Bug260.validity (NegativeTests.Bug260.S (NegativeTests.Bug260.S t)); got type NegativeTests.Bug260.validity (NegativeTests.Bug260.S t) (see also NegativeTests.Bug260.fst(8,37-11,9))
NegativeTests.Heap.fst(11,14-11,20): (Warning 252) assertion failed (see also NegativeTests.Heap.fst(11,21-11,54))
NegativeTests.Heap.fst(11,14-11,20): (Warning 252) assertion failed (see also NegativeTests.Heap.fst(11,21-11,54))
NegativeTests.Heap.fst(11,14-11,20): (Warning 252) assertion failed (see also NegativeTests.Heap.fst(11,21-11,54))
NegativeTests.Heap.fst(11,14-11,20): (Warning 252) assertion failed (see also NegativeTests.Heap.fst(11,21-11,54))
Evens.fst(11,29-11,38): (Warning 238) Plugin Evens.nat2unary will not run natively because Embedding not defined for type Evens.unary_nat.

NegativeTests.Neg.fst(5,8-5,10): (Warning 252) Subtyping check failed; expected type Prims.nat; got type Prims.int (see also prims.fst(408,17-408,23))
NegativeTests.Neg.fst(5,8-5,10): (Warning 252) Subtyping check failed; expected type Prims.nat; got type Prims.int (see also prims.fst(408,17-408,23))
NegativeTests.Neg.fst(5,8-5,10): (Warning 252) Subtyping check failed; expected type Prims.nat; got type Prims.int (see also prims.fst(408,17-408,23))
NegativeTests.Neg.fst(5,8-5,10): (Warning 252) Subtyping check failed; expected type Prims.nat; got type Prims.int (see also prims.fst(408,17-408,23))
NegativeTests.Neg.fst(8,8-8,10): (Warning 252) Subtyping check failed; expected type Prims.nat; got type Prims.int (see also prims.fst(408,17-408,23))
NegativeTests.Neg.fst(8,8-8,10): (Warning 252) Subtyping check failed; expected type Prims.nat; got type Prims.int (see also prims.fst(408,17-408,23))
NegativeTests.Neg.fst(8,8-8,10): (Warning 252) Subtyping check failed; expected type Prims.nat; got type Prims.int (see also prims.fst(408,17-408,23))
NegativeTests.Neg.fst(8,8-8,10): (Warning 252) Subtyping check failed; expected type Prims.nat; got type Prims.int (see also prims.fst(408,17-408,23))
NegativeTests.Neg.fst(11,23-11,29): (Warning 252) assertion failed (see also NegativeTests.Neg.fst(11,30-11,35))
NegativeTests.Neg.fst(11,23-11,29): (Warning 252) assertion failed (see also NegativeTests.Neg.fst(11,30-11,35))
NegativeTests.Neg.fst(11,23-11,29): (Warning 252) assertion failed (see also NegativeTests.Neg.fst(11,30-11,35))
NegativeTests.Neg.fst(11,23-11,29): (Warning 252) assertion failed (see also NegativeTests.Neg.fst(11,30-11,35))
NegativeTests.Neg.fst(14,28-15,15): (Warning 252) Patterns are incomplete
NegativeTests.Neg.fst(14,28-15,15): (Warning 252) Patterns are incomplete
NegativeTests.Neg.fst(14,28-15,15): (Warning 252) Patterns are incomplete
NegativeTests.Neg.fst(14,28-15,15): (Warning 252) Patterns are incomplete
NegativeTests.Neg.fst(22,32-22,42): (Warning 252) assertion failed (see also NegativeTests.Neg.fst(17,44-17,57))
NegativeTests.Neg.fst(22,32-22,42): (Warning 252) assertion failed (see also NegativeTests.Neg.fst(17,44-17,57))
NegativeTests.Neg.fst(22,32-22,42): (Warning 252) assertion failed (see also NegativeTests.Neg.fst(17,44-17,57))
NegativeTests.Neg.fst(22,32-22,42): (Warning 252) assertion failed (see also NegativeTests.Neg.fst(17,44-17,57))
NegativeTests.Neg.fst(26,33-26,34): (Warning 252) could not prove post-condition (see also NegativeTests.Neg.fst(24,83-24,88))
NegativeTests.Neg.fst(26,33-26,34): (Warning 252) could not prove post-condition (see also NegativeTests.Neg.fst(24,83-24,88))
NegativeTests.Neg.fst(26,33-26,34): (Warning 252) could not prove post-condition (see also NegativeTests.Neg.fst(24,83-24,88))
NegativeTests.Neg.fst(26,33-26,34): (Warning 252) could not prove post-condition (see also NegativeTests.Neg.fst(24,83-24,88))
NegativeTests.Neg.fst(30,30-30,31): (Warning 252) Subtyping check failed; expected type _: FStar.Pervasives.Native.option 'a {Some? _}; got type FStar.Pervasives.Native.option 'a (see also FStar.Pervasives.Native.fst(6,4-6,8))
NegativeTests.Neg.fst(30,30-30,31): (Warning 252) Subtyping check failed; expected type _: FStar.Pervasives.Native.option 'a {Some? _}; got type FStar.Pervasives.Native.option 'a (see also FStar.Pervasives.Native.fst(6,4-6,8))
NegativeTests.Neg.fst(30,30-30,31): (Warning 252) Subtyping check failed; expected type _: FStar.Pervasives.Native.option 'a {Some? _}; got type FStar.Pervasives.Native.option 'a (see also FStar.Pervasives.Native.fst(6,4-6,8))
NegativeTests.Neg.fst(30,30-30,31): (Warning 252) Subtyping check failed; expected type _: FStar.Pervasives.Native.option 'a {Some? _}; got type FStar.Pervasives.Native.option 'a (see also FStar.Pervasives.Native.fst(6,4-6,8))
NegativeTests.Neg.fst(34,45-34,47): (Warning 252) Subtyping check failed; expected type _: FStar.Pervasives.result Prims.int {V? _}; got type FStar.Pervasives.result Prims.int (see also FStar.Pervasives.fst(88,4-88,5))
NegativeTests.Neg.fst(34,45-34,47): (Warning 252) Subtyping check failed; expected type _: FStar.Pervasives.result Prims.int {V? _}; got type FStar.Pervasives.result Prims.int (see also FStar.Pervasives.fst(88,4-88,5))
NegativeTests.Neg.fst(34,45-34,47): (Warning 252) Subtyping check failed; expected type _: FStar.Pervasives.result Prims.int {V? _}; got type FStar.Pervasives.result Prims.int (see also FStar.Pervasives.fst(88,4-88,5))
NegativeTests.Neg.fst(34,45-34,47): (Warning 252) Subtyping check failed; expected type _: FStar.Pervasives.result Prims.int {V? _}; got type FStar.Pervasives.result Prims.int (see also FStar.Pervasives.fst(88,4-88,5))
NegativeTests.Neg.fst(39,25-39,26): (Warning 252) Subtyping check failed; expected type Prims.nat; got type Prims.int (see also prims.fst(408,17-408,23))
NegativeTests.Neg.fst(39,25-39,26): (Warning 252) Subtyping check failed; expected type Prims.nat; got type Prims.int (see also prims.fst(408,17-408,23))
NegativeTests.Neg.fst(39,25-39,26): (Warning 252) Subtyping check failed; expected type Prims.nat; got type Prims.int (see also prims.fst(408,17-408,23))
NegativeTests.Neg.fst(39,25-39,26): (Warning 252) Subtyping check failed; expected type Prims.nat; got type Prims.int (see also prims.fst(408,17-408,23))
Ex01a.fst(60,0-60,48): (Warning 272) Top-level let-bindings must be total; this term may have effects
Ex01a.fst(60,0-60,48): (Warning 272) Top-level let-bindings must be total; this term may have effects
make[2]: [Makefile:67: Ex01a-ocaml] Error 2 (ignored)
LowParse.SLow.Base.fst(113,2-113,4): (Warning 252) (Hint-replay failed): could not prove post-condition (see also LowParse.SLow.Base.fst(112,2-112,56))
LowParse.SLow.Base.fst(113,2-113,4): (Warning 252) could not prove post-condition (see also LowParse.SLow.Base.fst(112,2-112,56))
LowParse.SLow.Base.fst(130,2-130,41): (Warning 252) (Hint-replay failed): could not prove post-condition (see also LowParse.SLow.Base.fst(127,4-127,38))
LowParse.SLow.Base.fst(130,2-130,41): (Warning 252) could not prove post-condition (see also LowParse.SLow.Base.fst(128,4-128,44))
LowParse.SLow.Base.fst(180,2-180,8): (Warning 252) (Hint-replay failed): assertion failed (see also LowParse.SLow.Base.fst(180,9-180,70))
LowParse.SLow.Base.fst(180,2-181,71): (Warning 252) could not prove post-condition (see also LowParse.SLow.Base.fst(175,4-175,26))
Embeddings.fst(34,36-34,45): (Warning 238) Plugin Embeddings.norm_step_tac will not run natively because Embedding not defined for type FStar.Pervasives.Native.norm_step.

NegativeTests.False.fst(8,13-8,33): (Warning 252) assertion failed (see also prims.fst(209,69-209,78))
NegativeTests.False.fst(8,13-8,33): (Warning 252) assertion failed (see also prims.fst(209,69-209,78))
NegativeTests.False.fst(8,13-8,33): (Warning 252) assertion failed (see also prims.fst(209,69-209,78))
NegativeTests.False.fst(8,13-8,33): (Warning 252) assertion failed (see also prims.fst(209,69-209,78))
X64.Vale.StateLemmas_i.fst(38,2-38,8): (Warning 252) (Hint-replay failed): assertion failed (see also X64.Vale.StateLemmas_i.fst(38,9-38,49))
NegativeTests.Termination.fst(6,26-6,27): (Warning 252) Subtyping check failed; expected type m: Prims.int{m << %[ m; l ]}; got type Prims.int (see also NegativeTests.Termination.fst(6,20-6,29))
NegativeTests.Termination.fst(6,26-6,27): (Warning 252) Subtyping check failed; expected type m: Prims.int{m << %[ m; l ]}; got type Prims.int (see also NegativeTests.Termination.fst(6,20-6,29))
NegativeTests.Termination.fst(6,26-6,27): (Warning 252) Subtyping check failed; expected type m: Prims.int{m << %[ m; l ]}; got type Prims.int (see also NegativeTests.Termination.fst(6,20-6,29))
NegativeTests.Termination.fst(6,26-6,27): (Warning 252) Subtyping check failed; expected type m: Prims.int{m << %[ m; l ]}; got type Prims.int (see also NegativeTests.Termination.fst(6,20-6,29))
NegativeTests.Termination.fst(13,26-13,35): (Warning 252) Subtyping check failed; expected type _: Prims.int{%[ n; _ ] << %[ n; count ]}; got type Prims.int (see also NegativeTests.Termination.fst(11,2-13,35))
NegativeTests.Termination.fst(13,26-13,35): (Warning 252) Subtyping check failed; expected type _: Prims.int{%[ n; _ ] << %[ n; count ]}; got type Prims.int (see also NegativeTests.Termination.fst(11,2-13,35))
NegativeTests.Termination.fst(13,26-13,35): (Warning 252) Subtyping check failed; expected type _: Prims.int{%[ n; _ ] << %[ n; count ]}; got type Prims.int (see also NegativeTests.Termination.fst(11,2-13,35))
NegativeTests.Termination.fst(13,26-13,35): (Warning 252) Subtyping check failed; expected type _: Prims.int{%[ n; _ ] << %[ n; count ]}; got type Prims.int (see also NegativeTests.Termination.fst(11,2-13,35))
NegativeTests.Termination.fst(20,43-20,44): (Warning 252) Subtyping check failed; expected type n: Prims.int{%[ m - 1; n ] << %[ m; n ]}; got type Prims.int (see also NegativeTests.Termination.fst(19,2-21,54))
NegativeTests.Termination.fst(20,43-20,44): (Warning 252) Subtyping check failed; expected type n: Prims.int{%[ m - 1; n ] << %[ m; n ]}; got type Prims.int (see also NegativeTests.Termination.fst(19,2-21,54))
NegativeTests.Termination.fst(20,43-20,44): (Warning 252) Subtyping check failed; expected type n: Prims.int{%[ m - 1; n ] << %[ m; n ]}; got type Prims.int (see also NegativeTests.Termination.fst(19,2-21,54))
NegativeTests.Termination.fst(20,43-20,44): (Warning 252) Subtyping check failed; expected type n: Prims.int{%[ m - 1; n ] << %[ m; n ]}; got type Prims.int (see also NegativeTests.Termination.fst(19,2-21,54))
NegativeTests.Termination.fst(27,28-27,29): (Warning 252) Subtyping check failed; expected type _: Prims.list 'a {_ << l}; got type Prims.list 'a (see also NegativeTests.Termination.fst(25,23-27,29))
NegativeTests.Termination.fst(27,28-27,29): (Warning 252) Subtyping check failed; expected type _: Prims.list 'a {_ << l}; got type Prims.list 'a (see also NegativeTests.Termination.fst(25,23-27,29))
NegativeTests.Termination.fst(27,28-27,29): (Warning 252) Subtyping check failed; expected type _: Prims.list 'a {_ << l}; got type Prims.list 'a (see also NegativeTests.Termination.fst(25,23-27,29))
NegativeTests.Termination.fst(27,28-27,29): (Warning 252) Subtyping check failed; expected type _: Prims.list 'a {_ << l}; got type Prims.list 'a (see also NegativeTests.Termination.fst(25,23-27,29))
NegativeTests.Termination.fst(40,15-40,29): (Warning 252) Subtyping check failed; expected type x: Prims.nat{x <= v} -> Prims.Tot Prims.nat; got type _: _: Prims.nat{_ << v} -> Prims.Tot Prims.nat (see also NegativeTests.Termination.fst(38,2-40,29))
NegativeTests.Termination.fst(40,15-40,29): (Warning 252) Subtyping check failed; expected type x: Prims.nat{x <= v} -> Prims.Tot Prims.nat; got type _: _: Prims.nat{_ << v} -> Prims.Tot Prims.nat (see also NegativeTests.Termination.fst(38,2-40,29))
NegativeTests.Termination.fst(40,15-40,29): (Warning 252) Subtyping check failed; expected type x: Prims.nat{x <= v} -> Prims.Tot Prims.nat; got type _: _: Prims.nat{_ << v} -> Prims.Tot Prims.nat (see also NegativeTests.Termination.fst(38,2-40,29))
NegativeTests.Termination.fst(40,15-40,29): (Warning 252) Subtyping check failed; expected type x: Prims.nat{x <= v} -> Prims.Tot Prims.nat; got type _: _: Prims.nat{_ << v} -> Prims.Tot Prims.nat (see also NegativeTests.Termination.fst(38,2-40,29))
NegativeTests.Termination.fst(52,19-52,29): (Warning 252) Subtyping check failed; expected type _: NegativeTests.Termination.snat{_ << n}; got type NegativeTests.Termination.snat (see also NegativeTests.Termination.fst(49,2-52,29))
NegativeTests.Termination.fst(52,19-52,29): (Warning 252) Subtyping check failed; expected type _: NegativeTests.Termination.snat{_ << n}; got type NegativeTests.Termination.snat (see also NegativeTests.Termination.fst(49,2-52,29))
NegativeTests.Termination.fst(52,19-52,29): (Warning 252) Subtyping check failed; expected type _: NegativeTests.Termination.snat{_ << n}; got type NegativeTests.Termination.snat (see also NegativeTests.Termination.fst(49,2-52,29))
NegativeTests.Termination.fst(52,19-52,29): (Warning 252) Subtyping check failed; expected type _: NegativeTests.Termination.snat{_ << n}; got type NegativeTests.Termination.snat (see also NegativeTests.Termination.fst(49,2-52,29))
NegativeTests.Termination.fst(60,34-60,35): (Warning 252) Subtyping check failed; expected type _:
NegativeTests.Termination.snat
{%[ NegativeTests.Termination.S (NegativeTests.Termination.S n'); _ ] << %[ n; m ]}; got type NegativeTests.Termination.snat (see also NegativeTests.Termination.fst(57,2-60,35))
NegativeTests.Termination.fst(60,34-60,35): (Warning 252) Subtyping check failed; expected type _:
NegativeTests.Termination.snat
{%[ NegativeTests.Termination.S (NegativeTests.Termination.S n'); _ ] << %[ n; m ]}; got type NegativeTests.Termination.snat (see also NegativeTests.Termination.fst(57,2-60,35))
NegativeTests.Termination.fst(60,34-60,35): (Warning 252) Subtyping check failed; expected type _:
NegativeTests.Termination.snat
{%[ NegativeTests.Termination.S (NegativeTests.Termination.S n'); _ ] << %[ n; m ]}; got type NegativeTests.Termination.snat (see also NegativeTests.Termination.fst(57,2-60,35))
NegativeTests.Termination.fst(60,34-60,35): (Warning 252) Subtyping check failed; expected type _:
NegativeTests.Termination.snat
{%[ NegativeTests.Termination.S (NegativeTests.Termination.S n'); _ ] << %[ n; m ]}; got type NegativeTests.Termination.snat (see also NegativeTests.Termination.fst(57,2-60,35))
NegativeTests.Termination.fst(65,2-67,14): (Warning 252) Patterns are incomplete
NegativeTests.Termination.fst(65,2-67,14): (Warning 252) Patterns are incomplete
NegativeTests.Termination.fst(65,2-67,14): (Warning 252) Patterns are incomplete
NegativeTests.Termination.fst(65,2-67,14): (Warning 252) Patterns are incomplete
NegativeTests.Termination.fst(74,29-74,31): (Warning 252) Subtyping check failed; expected type _: NegativeTests.Termination.snat{%[ NegativeTests.Termination.S n'; _ ] << %[ n; m ]}; got type NegativeTests.Termination.snat (see also NegativeTests.Termination.fst(72,2-74,31))
NegativeTests.Termination.fst(74,29-74,31): (Warning 252) Subtyping check failed; expected type _: NegativeTests.Termination.snat{%[ NegativeTests.Termination.S n'; _ ] << %[ n; m ]}; got type NegativeTests.Termination.snat (see also NegativeTests.Termination.fst(72,2-74,31))
NegativeTests.Termination.fst(74,29-74,31): (Warning 252) Subtyping check failed; expected type _: NegativeTests.Termination.snat{%[ NegativeTests.Termination.S n'; _ ] << %[ n; m ]}; got type NegativeTests.Termination.snat (see also NegativeTests.Termination.fst(72,2-74,31))
NegativeTests.Termination.fst(74,29-74,31): (Warning 252) Subtyping check failed; expected type _: NegativeTests.Termination.snat{%[ NegativeTests.Termination.S n'; _ ] << %[ n; m ]}; got type NegativeTests.Termination.snat (see also NegativeTests.Termination.fst(72,2-74,31))
NegativeTests.Termination.fst(81,20-81,26): (Warning 252) Subtyping check failed; expected type _: NegativeTests.Termination.snat{_ << n}; got type NegativeTests.Termination.snat (see also NegativeTests.Termination.fst(79,2-81,26))
NegativeTests.Termination.fst(81,20-81,26): (Warning 252) Subtyping check failed; expected type _: NegativeTests.Termination.snat{_ << n}; got type NegativeTests.Termination.snat (see also NegativeTests.Termination.fst(79,2-81,26))
NegativeTests.Termination.fst(81,20-81,26): (Warning 252) Subtyping check failed; expected type _: NegativeTests.Termination.snat{_ << n}; got type NegativeTests.Termination.snat (see also NegativeTests.Termination.fst(79,2-81,26))
NegativeTests.Termination.fst(81,20-81,26): (Warning 252) Subtyping check failed; expected type _: NegativeTests.Termination.snat{_ << n}; got type NegativeTests.Termination.snat (see also NegativeTests.Termination.fst(79,2-81,26))
NegativeTests.Set.fst(13,9-13,30): (Warning 252) assertion failed
NegativeTests.Set.fst(13,9-13,30): (Warning 252) assertion failed
NegativeTests.Set.fst(13,9-13,30): (Warning 252) assertion failed
NegativeTests.Set.fst(13,9-13,30): (Warning 252) assertion failed
NegativeTests.Set.fst(18,9-18,67): (Warning 252) assertion failed
NegativeTests.Set.fst(18,9-18,67): (Warning 252) assertion failed
NegativeTests.Set.fst(18,9-18,67): (Warning 252) assertion failed
NegativeTests.Set.fst(18,9-18,67): (Warning 252) assertion failed
NegativeTests.Set.fst(23,9-23,52): (Warning 252) assertion failed
NegativeTests.Set.fst(23,9-23,52): (Warning 252) assertion failed
NegativeTests.Set.fst(23,9-23,52): (Warning 252) assertion failed
NegativeTests.Set.fst(23,9-23,52): (Warning 252) assertion failed
Plugins.fst(33,35-33,44): (Warning 238) Plugin Plugins.norm_step_plugin will not run natively because Embedding not defined for type FStar.Pervasives.Native.norm_step.

FStar.Pointer.Base.fst(258,2-258,12): (Warning 252) (Hint-replay failed): Subtyping check failed; expected type FStar.Pointer.Base.type_of_struct_field l f; got type FStar.Pointer.Base.type_of_struct_field' l (fun x -> FStar.Pointer.Base.type_of_typ' x) f (see also FStar.Pointer.Base.fsti(259,50-259,63))
FStar.Pointer.Base.fst(261,13-261,14): (Warning 252) (Hint-replay failed): Subtyping check failed; expected type FStar.Pointer.Base.type_of_struct_field' l (fun x -> FStar.Pointer.Base.type_of_typ' x) f; got type FStar.Pointer.Base.type_of_struct_field l f (see also FStar.Pointer.Base.fst(238,59-238,73))
FStar.Pointer.Base.fst(264,83-264,84): (Warning 252) (Hint-replay failed): Subtyping check failed; expected type k: FStar.Pointer.Base.struct_field l ->
Prims.Tot
(FStar.Pointer.Base.type_of_struct_field' l (fun x -> FStar.Pointer.Base.type_of_typ' x) k); got type fd: FStar.Pointer.Base.struct_field l -> Prims.Tot (FStar.Pointer.Base.type_of_struct_field l fd) (see also FStar.Pointer.Base.fst(264,66-264,80))
FStar.Pointer.Base.fst(266,42-266,44): (Warning 252) (Hint-replay failed): could not prove post-condition (see also FStar.Pointer.Base.fsti(333,2-333,49))
FStar.Pointer.Base.fst(270,30-270,51): (Warning 252) (Hint-replay failed): Subtyping check failed; expected type FStar.Pointer.Base.type_of_struct_field l fd; got type FStar.Pointer.Base.type_of_struct_field' l (fun x -> FStar.Pointer.Base.type_of_typ' x) fd (see also FStar.Pointer.Base.fsti(259,50-259,63))
FStar.Pointer.Base.fst(272,43-272,44): (Warning 252) (Hint-replay failed): Subtyping check failed; expected type FStar.Pointer.Base.type_of_struct_field' l (fun x -> FStar.Pointer.Base.type_of_typ' x) fd; got type FStar.Pointer.Base.type_of_struct_field l fd (see also FStar.Pointer.Base.fst(240,61-240,75))
FStar.Pointer.Base.fst(777,7-777,17): (Warning 252) (Hint-replay failed): assertion failed (see also FStar.DependentMap.fst(105,12-105,25))
FStar.Pointer.Base.fst(992,23-992,24): (Warning 252) (Hint-replay failed): Subtyping check failed; expected type FStar.Pointer.Base.otype_of_struct_field l fd; got type FStar.Pointer.Base.otype_of_typ to (see also FStar.Pointer.Base.fst(945,3-945,4))
FStar.Pointer.Base.fst(4071,2-4071,4): (Warning 252) (Hint-replay failed): could not prove post-condition (see also FStar.Pointer.Base.fst(4070,11-4070,63))
FStar.Pointer.Base.fst(4992,61-4992,63): (Warning 252) (Hint-replay failed): could not prove post-condition (see also FStar.Pointer.Base.fsti(2335,11-2335,58))
HyE.CCA2.fst(46,2-46,14): (Warning 271) Pattern ((ite (= (BoundV 0) (BoxBool (true ))) (BoundV 3) (HyE.PlainPKE.repr (BoundV 4)))) contains illegal symbols; dropping it (see also C:\build\agent1\_work\1\s\ulib\FStar.Monotonic.Seq.fst(72,20-72,61))
LowParse.SLow.Combinators.fst(32,21-32,26): (Warning 252) (Hint-replay failed): Subtyping check failed; expected type j: Prims.nat{FStar.UInt32.v l <= j && j <= FStar.Seq.Base.length (FStar.Bytes.reveal input)}; got type FStar.UInt.uint_t FStar.UInt32.n (see also FStar.Bytes.fsti(146,56-146,65))
LowParse.SLow.Combinators.fst(55,21-55,26): (Warning 252) (Hint-replay failed): Subtyping check failed; expected type j: Prims.nat{FStar.UInt32.v l <= j && j <= FStar.Seq.Base.length (FStar.Bytes.reveal input)}; got type FStar.UInt.uint_t FStar.UInt32.n (see also FStar.Bytes.fsti(146,56-146,65))
LowParse.SLow.Combinators.fst(109,36-109,52): (Warning 252) (Hint-replay failed): Subtyping check failed; expected type LowParse.Spec.Base.consumed_length (FStar.Bytes.reveal xbytes); got type FStar.UInt.uint_t FStar.UInt32.n (see also LowParse.Spec.Base.fst(22,55-22,72))
LowParse.SLow.Combinators.fst(32,21-32,26): (Warning 252) (Hint-replay failed): Subtyping check failed; expected type j: Prims.nat{FStar.UInt32.v l <= j && j <= FStar.Seq.Base.length (FStar.Bytes.reveal input)}; got type FStar.UInt.uint_t FStar.UInt32.n (see also FStar.Bytes.fsti(146,56-146,65))
LowParse.SLow.Combinators.fst(55,21-55,26): (Warning 252) (Hint-replay failed): Subtyping check failed; expected type j: Prims.nat{FStar.UInt32.v l <= j && j <= FStar.Seq.Base.length (FStar.Bytes.reveal input)}; got type FStar.UInt.uint_t FStar.UInt32.n (see also FStar.Bytes.fsti(146,56-146,65))
LowParse.SLow.Combinators.fst(109,36-109,52): (Warning 252) (Hint-replay failed): Subtyping check failed; expected type LowParse.Spec.Base.consumed_length (FStar.Bytes.reveal xbytes); got type FStar.UInt.uint_t FStar.UInt32.n (see also LowParse.Spec.Base.fst(22,55-22,72))
FStar.Tactics.Effect.fst(87,47-87,53): (Warning 296) Tactics admitted goal <(_:
Prims.squash (CanonDeep.x * (CanonDeep.y * CanonDeep.z) == CanonDeep.x * (CanonDeep.y * CanonDeep.z)
)), (_:
Prims.squash ((CanonDeep.x * CanonDeep.y) * CanonDeep.z == (CanonDeep.x * CanonDeep.y) * CanonDeep.z
)) |- _ : Prims.squash (CanonDeep.x * (CanonDeep.y * CanonDeep.z) == (CanonDeep.x * CanonDeep.y) * CanonDeep.z
)>

(see also FStar.Tactics.Effect.fst(87,46-87,56))
CanonDeep.fst(190,12-190,28): (Warning 296) Tactics admitted goal <(_:
Prims.squash (CanonDeep.x * (CanonDeep.y * CanonDeep.z) == CanonDeep.x * (CanonDeep.y * CanonDeep.z)
)) |- _ : Prims.squash ((CanonDeep.x * CanonDeep.y) * CanonDeep.z == (CanonDeep.x * CanonDeep.y) * CanonDeep.z
)>

(see also CanonDeep.fst(190,45-190,56))
CanonDeep.fst(190,12-190,28): (Warning 296) Tactics admitted goal < |- _ : Prims.squash (CanonDeep.x * (CanonDeep.y * CanonDeep.z) == CanonDeep.x * (CanonDeep.y * CanonDeep.z)
)>

(see also CanonDeep.fst(190,30-190,41))
Hacl.Impl.SHA2_256.fst(1012,11-1012,25): (Warning 271) Pattern FStar.Seq.Base.index (if FStar.UInt32.lt len (FStar.UInt32.uint_to_t 56)
then
FStar.Seq.Base.create (FStar.UInt32.v Hacl.Impl.SHA2_256.size_block) (FStar.UInt8.uint_to_t 0)
else
FStar.Seq.Base.create (FStar.UInt32.v Hacl.Impl.SHA2_256.size_block +
FStar.UInt32.v Hacl.Impl.SHA2_256.size_block)
(FStar.UInt8.uint_to_t 0))
i contains illegal sub-term ((ite (= (BoundV 0) (BoxBool (true ))) (FStar.Seq.Base.create (FreeV FStar.UInt8.t) (FStar.UInt32.v (FreeV Hacl.Impl.SHA2_256.size_block)) (FStar.UInt8.uint_to_t (BoxInt (Integer 0)))) (FStar.Seq.Base.create (FreeV FStar.UInt8.t) (Prims.op_Addition (FStar.UInt32.v (FreeV Hacl.Impl.SHA2_256.size_block)) (FStar.UInt32.v (FreeV Hacl.Impl.SHA2_256.size_block))) (FStar.UInt8.uint_to_t (BoxInt (Integer 0)))))); dropping it (see also FStar.Seq.Base.fst(215,73-215,85))
Hacl.Impl.SHA2_256.fst(1016,11-1016,25): (Warning 271) Pattern FStar.Seq.Base.index (FStar.Seq.Base.create (FStar.UInt32.v (if
FStar.UInt32.lt len (FStar.UInt32.uint_to_t 56)
then FStar.UInt32.uint_to_t 1 <: Prims.Tot FStar.UInt32.t
else FStar.UInt32.uint_to_t 2 <: Prims.Tot FStar.UInt32.t) *
FStar.UInt32.v Hacl.Impl.SHA2_256.size_block)
(FStar.UInt8.uint_to_t 0))
i contains illegal sub-term ((ite (= (BoundV 0) (BoxBool (true ))) (FStar.UInt32.uint_to_t (BoxInt (Integer 1))) (FStar.UInt32.uint_to_t (BoxInt (Integer 2))))); dropping it (see also FStar.Seq.Base.fst(215,73-215,85))
Hacl.Impl.SHA2_256.fst(1052,11-1052,25): (Warning 271) Pattern FStar.Seq.Base.index (FStar.Seq.Base.slice (FStar.Buffer.as_seq a return_val)
(FStar.UInt32.v len)
(FStar.UInt32.v (if FStar.UInt32.lt len (FStar.UInt32.uint_to_t 56)
then FStar.UInt32.uint_to_t 1 <: Prims.Tot FStar.UInt32.t
else FStar.UInt32.uint_to_t 2 <: Prims.Tot FStar.UInt32.t) *
FStar.UInt32.v Hacl.Impl.SHA2_256.size_block))
i contains illegal sub-term ((ite (= (BoundV 0) (BoxBool (true ))) (FStar.UInt32.uint_to_t (BoxInt (Integer 1))) (FStar.UInt32.uint_to_t (BoxInt (Integer 2))))); dropping it (see also FStar.Seq.Base.fst(215,73-215,85))
Hacl.Impl.SHA2_256.fst(1053,11-1053,25): (Warning 271) Pattern FStar.Seq.Base.index (FStar.Seq.Base.slice (FStar.Buffer.as_seq a return_val)
(FStar.UInt32.v len)
(FStar.UInt32.v (if FStar.UInt32.lt len (FStar.UInt32.uint_to_t 56)
then FStar.UInt32.uint_to_t 1 <: Prims.Tot FStar.UInt32.t
else FStar.UInt32.uint_to_t 2 <: Prims.Tot FStar.UInt32.t) *
FStar.UInt32.v Hacl.Impl.SHA2_256.size_block))
i contains illegal sub-term ((ite (= (BoundV 0) (BoxBool (true ))) (FStar.UInt32.uint_to_t (BoxInt (Integer 1))) (FStar.UInt32.uint_to_t (BoxInt (Integer 2))))); dropping it (see also FStar.Seq.Base.fst(215,73-215,85))
<dummy>(0,0-0,0): (Warning 252) (Hint-replay failed): Could not prove goal #6 (see also SL.Examples.fst(18,14-18,33))
<dummy>(0,0-0,0): (Warning 252) (Hint-replay failed): Could not prove goal #5 (see also SL.Examples.fst(308,20-308,29))
<dummy>(0,0-0,0): (Warning 252) (Hint-replay failed): Could not prove goal #3 (see also SL.Examples.fst(18,14-18,33))
<dummy>(0,0-0,0): (Warning 252) (Hint-replay failed): Could not prove goal #12 (see also SL.Examples.fst(18,14-18,33))
<dummy>(0,0-0,0): (Warning 252) (Hint-replay failed): Could not prove goal #11 (see also SL.Examples.fst(308,20-308,29))
<dummy>(0,0-0,0): (Warning 252) (Hint-replay failed): Could not prove goal #10 (see also SL.Examples.fst(18,14-18,33))
<dummy>(0,0-0,0): (Warning 252) (Hint-replay failed): Could not prove goal #9 (see also SL.Examples.fst(18,14-18,33))
<dummy>(0,0-0,0): (Warning 252) (Hint-replay failed): Could not prove goal #8 (see also SL.Examples.fst(18,14-18,33))
<dummy>(0,0-0,0): (Warning 252) (Hint-replay failed): Could not prove goal #7 (see also SL.Examples.fst(308,20-308,29))
<dummy>(0,0-0,0): (Warning 252) (Hint-replay failed): Could not prove goal #6 (see also SL.Examples.fst(18,14-18,33))
<dummy>(0,0-0,0): (Warning 252) (Hint-replay failed): Could not prove goal #5 (see also SL.Examples.fst(18,14-18,33))
<dummy>(0,0-0,0): (Warning 252) (Hint-replay failed): Could not prove goal #4 (see also SL.Examples.fst(308,20-308,29))
<dummy>(0,0-0,0): (Warning 252) (Hint-replay failed): Could not prove goal #3 (see also SL.Examples.fst(18,14-18,33))
<dummy>(0,0-0,0): (Warning 252) (Hint-replay failed): Could not prove goal #1 (see also SL.Examples.fst(18,37-18,52))
bug1091.fst(17,50-17,66): (Warning 252) Subtyping check failed; expected type FStar.UInt.uint_t (*?u21*) _; got type n: Prims.nat{n < Prims.pow2 128} (see also FStar.UInt.fst(52,28-52,36))
bug1091.fst(23,91-23,92): (Warning 252) could not prove post-condition (see also bug1091.fst(23,21-23,86))
bug1091.fst(81,26-81,40): (Warning 252) Failed to verify implicit argument: (*?u26*) _ (Introduced at bug1091.fst(81,26-81,40) for Instantiating implicit argument in application resolved at bug1091.fst(80,0-81,77)) :: Subtyping check failed; expected type Prims.eqtype; got type Type (see also prims.fst(27,21-27,28))
bug1091.fst(81,51-81,65): (Warning 252) Failed to verify implicit argument: (*?u26*) _ (Introduced at bug1091.fst(81,51-81,65) for Instantiating implicit argument in application resolved at bug1091.fst(80,0-81,77)) :: Subtyping check failed; expected type Prims.eqtype; got type Type (see also prims.fst(27,21-27,28))
bug1091.fst(81,26-81,40): (Warning 252) Failed to verify implicit argument: (*?u26*) _ (Introduced at bug1091.fst(81,26-81,40) for flex-flex quasi:	lhs=Instantiating implicit argument in application	rhs=Instantiating implicit argument in application resolved at bug1091.fst(80,0-81,77)) :: Subtyping check failed; expected type Prims.eqtype; got type Type (see also prims.fst(27,21-27,28))
bug1091.fst(92,55-92,56): (Warning 252) Subtyping check failed; expected type n: Prims.int{%[ m - 1; n ] << %[ m; n ]}; got type Prims.int (see also bug1091.fst(91,2-93,78))
Unable to open hints file: C:\build\agent1\_work\1\s\kremlin\kremlib\C.Loops.fst.hints; ran without hints
ProgramEquivalence.fst(105,4-108,38): (Warning 252) (Hint-replay failed): assertion failed (see also C:\build\agent1\_work\1\s\examples\dm4free\FStar.DM4F.Heap.ST.fst(20,93-20,101))
ProgramEquivalence.fst(105,4-108,38): (Warning 252) assertion failed (see also C:\build\agent1\_work\1\s\examples\dm4free\FStar.DM4F.Heap.ST.fst(20,93-20,101))
ProgramEquivalence.fst(105,4-108,38): (Warning 252) assertion failed (see also C:\build\agent1\_work\1\s\examples\dm4free\FStar.DM4F.Heap.ST.fst(20,93-20,101))
ProgramEquivalence.fst(144,5-144,31): (Warning 252) (Hint-replay failed): assertion failed (see also ProgramEquivalence.fst(134,20-134,80))
ProgramEquivalence.fst(144,5-144,31): (Warning 252) assertion failed (see also ProgramEquivalence.fst(134,20-134,80))
ProgramEquivalence.fst(144,5-144,31): (Warning 252) assertion failed (see also ProgramEquivalence.fst(134,20-134,80))
ProgramEquivalence.fst(105,4-108,38): (Warning 252) (Hint-replay failed): assertion failed (see also C:\build\agent1\_work\1\s\examples\dm4free\FStar.DM4F.Heap.ST.fst(20,93-20,101))
ProgramEquivalence.fst(105,4-108,38): (Warning 252) assertion failed (see also C:\build\agent1\_work\1\s\examples\dm4free\FStar.DM4F.Heap.ST.fst(20,93-20,101))
ProgramEquivalence.fst(105,4-108,38): (Warning 252) assertion failed (see also C:\build\agent1\_work\1\s\examples\dm4free\FStar.DM4F.Heap.ST.fst(20,93-20,101))
SimpleTactic.Test.fst(5,2-5,18): (Warning 296) Tactics admitted goal <(_: Prims.unit) |- _ : Prims.squash (FStar.Pervasives.id 1000 = 1000)>

(see also FStar.Tactics.Effect.fst(87,46-87,56))
NatNeg.fst(6,14-6,60): (Warning 252) Subtyping check failed; expected type Prims.nat; got type Prims.int (see also prims.fst(408,17-408,23))
NatNeg.fst(6,14-6,60): (Warning 252) Subtyping check failed; expected type Prims.nat; got type Prims.int (see also prims.fst(408,17-408,23))
NatNeg.fst(6,14-6,60): (Warning 252) Subtyping check failed; expected type Prims.nat; got type Prims.int (see also prims.fst(408,17-408,23))
NatNeg.fst(6,14-6,60): (Warning 252) Subtyping check failed; expected type Prims.nat; got type Prims.int (see also prims.fst(408,17-408,23))
File "./Evens.ml", line 10, characters 20-54:
Warning 8: this pattern-matching is not exhaustive.
Here is an example of a case that is not matched:
U0
File "./Evens.ml", line 26, characters 22-67:
Warning 8: this pattern-matching is not exhaustive.
Here is an example of a case that is not matched:
Even0
File "./Evens.ml", line 30, characters 22-67:
Warning 8: this pattern-matching is not exhaustive.
Here is an example of a case that is not matched:
Even0
LemmaArgs.fst(16,20-16,21): (Warning 252) Subtyping check failed; expected type b: Prims.int{b <> 5}; got type Prims.int (see also LemmaArgs.fst(5,34-5,40))
LemmaArgs.fst(16,20-16,21): (Warning 252) Subtyping check failed; expected type b: Prims.int{b <> 5}; got type Prims.int (see also LemmaArgs.fst(5,34-5,40))
LemmaArgs.fst(16,20-16,21): (Warning 252) Subtyping check failed; expected type b: Prims.int{b <> 5}; got type Prims.int (see also LemmaArgs.fst(5,34-5,40))
LemmaArgs.fst(16,20-16,21): (Warning 252) Subtyping check failed; expected type b: Prims.int{b <> 5}; got type Prims.int (see also LemmaArgs.fst(5,34-5,40))
Admit.fst(6,12-6,22): (Warning 296) Tactics admitted goal <(x: Prims.int), (y: Prims.int) |- _ : Prims.squash (x + y == x + x)>

(see also Admit.fst(5,26-5,49))
Admit.fst(9,13-9,23): (Warning 296) Tactics admitted goal <(x: Prims.int), (y: Prims.int), (p: Prims.pure_post Prims.unit), (_: Prims.squash (forall (pure_result: Prims.unit). x + y == x + x ==> p pure_result)) |- _ : Prims.unit>

(see also Admit.fst(8,27-8,49))
Admit.fst(6,12-6,22): (Warning 296) Tactics admitted goal <(x: Prims.int), (y: Prims.int) |- _ : Prims.squash (x + y == x + x)>

(see also Admit.fst(5,26-5,49))
EnumParsing.fst(303,29-303,37): (Warning 252) (Hint-replay failed): could not prove post-condition (see also Serializing.fst(102,8-102,39))
Trace.fst(46,10-46,24): (Warning 266) Not an embedded list: Trace.tick_last ["Trace"; "fall"]
Trace.fst(46,10-46,24): (Warning 266) Not an embedded list: Trace.tick_last ["Trace"; "fact_aux"]
Trace.fst(46,10-46,24): (Warning 266) Not an embedded list: Trace.tick_last ["Trace"; "fact"]
CanonCommMonoid.fst(308,25-308,39): (Warning 296) Tactics admitted goal <(a: Prims.int), (b: Prims.int), (c: Prims.int), (d: Prims.int) |- _ : Prims.squash (CM?.mult FStar.Algebra.CommMonoid.int_plus_cm
a
(CM?.mult FStar.Algebra.CommMonoid.int_plus_cm
b
(CM?.mult FStar.Algebra.CommMonoid.int_plus_cm
2
(CM?.mult FStar.Algebra.CommMonoid.int_plus_cm
d
(CM?.mult FStar.Algebra.CommMonoid.int_plus_cm c 1)))) ==
CM?.mult FStar.Algebra.CommMonoid.int_plus_cm
a
(CM?.mult FStar.Algebra.CommMonoid.int_plus_cm
b
(CM?.mult FStar.Algebra.CommMonoid.int_plus_cm
1
(CM?.mult FStar.Algebra.CommMonoid.int_plus_cm
c
(CM?.mult FStar.Algebra.CommMonoid.int_plus_cm d 2)))))>

(see also CanonCommMonoid.fst(226,9-227,47))
Point.fst(68,4-70,48): (Warning 252) (Hint-replay failed): assertion failed (see also C:\build\agent1\_work\1\s\examples\dm4free\FStar.DM4F.Heap.ST.fst(20,93-20,101))
Point.fst(68,4-70,48): (Warning 252) assertion failed (see also C:\build\agent1\_work\1\s\examples\dm4free\FStar.DM4F.Heap.ST.fst(20,93-20,101))
Point.fst(68,4-70,48): (Warning 252) assertion failed (see also C:\build\agent1\_work\1\s\examples\dm4free\FStar.DM4F.Heap.ST.fst(20,93-20,101))
Point.fst(94,4-97,79): (Warning 252) (Hint-replay failed): assertion failed (see also C:\build\agent1\_work\1\s\examples\dm4free\FStar.DM4F.Heap.ST.fst(20,93-20,101))
Point.fst(94,4-97,79): (Warning 252) assertion failed (see also C:\build\agent1\_work\1\s\examples\dm4free\FStar.DM4F.Heap.ST.fst(20,93-20,101))
Point.fst(94,4-97,79): (Warning 252) assertion failed (see also C:\build\agent1\_work\1\s\examples\dm4free\FStar.DM4F.Heap.ST.fst(20,93-20,101))
Point.fst(117,2-117,8): (Warning 252) (Hint-replay failed): assertion failed (see also Point.fst(117,9-117,68))
Point.fst(68,4-70,48): (Warning 252) (Hint-replay failed): assertion failed (see also C:\build\agent1\_work\1\s\examples\dm4free\FStar.DM4F.Heap.ST.fst(20,93-20,101))
Point.fst(68,4-70,48): (Warning 252) assertion failed (see also C:\build\agent1\_work\1\s\examples\dm4free\FStar.DM4F.Heap.ST.fst(20,93-20,101))
Point.fst(68,4-70,48): (Warning 252) assertion failed (see also C:\build\agent1\_work\1\s\examples\dm4free\FStar.DM4F.Heap.ST.fst(20,93-20,101))
Point.fst(94,4-97,79): (Warning 252) (Hint-replay failed): assertion failed (see also C:\build\agent1\_work\1\s\examples\dm4free\FStar.DM4F.Heap.ST.fst(20,93-20,101))
Point.fst(94,4-97,79): (Warning 252) assertion failed (see also C:\build\agent1\_work\1\s\examples\dm4free\FStar.DM4F.Heap.ST.fst(20,93-20,101))
Point.fst(94,4-97,79): (Warning 252) assertion failed (see also C:\build\agent1\_work\1\s\examples\dm4free\FStar.DM4F.Heap.ST.fst(20,93-20,101))
StringPrinter.RecC.fst(70,2-83,24): (Warning 252) (Hint-replay failed): could not prove post-condition (see also StringPrinter.RecC.fst(65,4-65,81))
StringPrinter.RecC.fst(70,2-83,24): (Warning 252) could not prove post-condition (see also StringPrinter.RecC.fst(67,9-67,91))
StringPrinter.RecC.fst(70,2-83,24): (Warning 252) (Hint-replay failed): could not prove post-condition (see also StringPrinter.RecC.fst(65,4-65,81))
StringPrinter.RecC.fst(70,2-83,24): (Warning 252) could not prove post-condition (see also StringPrinter.RecC.fst(67,9-67,91))
C:\build\agent1\_work\1\s\hacl-star\secure_api\aead\Crypto.AEAD.BufferUtils.fst(86,7-86,24): (Warning 288) FStar.Monotonic.HyperStack.is_eternal_region is deprecated, use FStar.HyperStack.ST.is_eternal_region instead
C:\build\agent1\_work\1\s\hacl-star\secure_api\aead\Crypto.AEAD.BufferUtils.fst(87,7-87,24): (Warning 288) FStar.Monotonic.HyperStack.is_eternal_region is deprecated, use FStar.HyperStack.ST.is_eternal_region instead
C:\build\agent1\_work\1\s\hacl-star\secure_api\aead\Crypto.AEAD.BufferUtils.fst(126,7-126,24): (Warning 288) FStar.Monotonic.HyperStack.is_eternal_region is deprecated, use FStar.HyperStack.ST.is_eternal_region instead
C:\build\agent1\_work\1\s\hacl-star\secure_api\aead\Crypto.AEAD.BufferUtils.fst(127,7-127,24): (Warning 288) FStar.Monotonic.HyperStack.is_eternal_region is deprecated, use FStar.HyperStack.ST.is_eternal_region instead
FStar.Tactics.Simplifier.fst(277,18-277,23): (Warning 296) Tactics admitted goal <(r: FStar.ST.ref Prims.int) |- _ : Prims.squash (forall (x: FStar.Pervasives.st_post_h FStar.Monotonic.Heap.heap Prims.unit)
(x: FStar.Monotonic.Heap.heap).
(forall (x: Prims.unit) (x: FStar.Monotonic.Heap.heap). Prims.auto_squash (x x x)) ==>
FStar.Heap.trivial_preorder Prims.int (FStar.Monotonic.Heap.sel x r) 0 /\
(forall (x: Prims.unit)
(x:
_:
FStar.Monotonic.Heap.heap
{FStar.Heap.trivial_preorder Prims.int (FStar.Monotonic.Heap.sel x r) 0}).
FStar.Heap.trivial_preorder Prims.int (FStar.Monotonic.Heap.sel x r) 0 /\
FStar.Monotonic.Heap.contains x r /\
FStar.Monotonic.Heap.modifies (FStar.Set.singleton (FStar.Monotonic.Heap.addr_of r)) x x /\
FStar.Monotonic.Heap.equal_dom x x /\ FStar.Monotonic.Heap.sel x r == 0 ==>
FStar.Heap.trivial_preorder Prims.int (FStar.Monotonic.Heap.sel x r) 1 /\
(forall (x: Prims.unit)
(x:
_:
FStar.Monotonic.Heap.heap
{FStar.Heap.trivial_preorder Prims.int (FStar.Monotonic.Heap.sel x r) 1}).
FStar.Heap.trivial_preorder Prims.int (FStar.Monotonic.Heap.sel x r) 1 /\
FStar.Monotonic.Heap.contains x r /\
FStar.Monotonic.Heap.modifies (FStar.Set.singleton (FStar.Monotonic.Heap.addr_of r))
x
x /\ FStar.Monotonic.Heap.equal_dom x x /\ FStar.Monotonic.Heap.sel x r == 1 ==>
FStar.Heap.trivial_preorder Prims.int (FStar.Monotonic.Heap.sel x r) 2 /\
(forall (x: Prims.unit)
(x:
_:
FStar.Monotonic.Heap.heap
{FStar.Heap.trivial_preorder Prims.int (FStar.Monotonic.Heap.sel x r) 2}).
FStar.Heap.trivial_preorder Prims.int (FStar.Monotonic.Heap.sel x r) 2 /\
FStar.Monotonic.Heap.contains x r /\
FStar.Monotonic.Heap.modifies (FStar.Set.singleton (FStar.Monotonic.Heap.addr_of r
))
x
x /\ FStar.Monotonic.Heap.equal_dom x x /\ FStar.Monotonic.Heap.sel x r == 2 ==>
FStar.Heap.trivial_preorder Prims.int (FStar.Monotonic.Heap.sel x r) 3 /\
(forall (x: Prims.unit)
(x:
_:
FStar.Monotonic.Heap.heap
{FStar.Heap.trivial_preorder Prims.int (FStar.Monotonic.Heap.sel x r) 3}).
FStar.Heap.trivial_preorder Prims.int (FStar.Monotonic.Heap.sel x r) 3 /\
FStar.Monotonic.Heap.contains x r /\
FStar.Monotonic.Heap.modifies (FStar.Set.singleton (FStar.Monotonic.Heap.addr_of 
r))
x
x /\ FStar.Monotonic.Heap.equal_dom x x /\ FStar.Monotonic.Heap.sel x r == 3 ==>
x x x)))))>

(see also FStar.Tactics.Simplifier.fst(273,55-273,63))
FStar.Tactics.Simplifier.fst(277,18-277,23): (Warning 296) Tactics admitted goal <(r: FStar.ST.ref Prims.int) |- _ : Prims.squash (forall (x: FStar.Pervasives.st_post_h FStar.Monotonic.Heap.heap Prims.unit)
(x: FStar.Monotonic.Heap.heap).
(forall (x: Prims.unit) (x: FStar.Monotonic.Heap.heap). Prims.auto_squash (x x x)) ==>
FStar.Heap.trivial_preorder Prims.int (FStar.Monotonic.Heap.sel x r) 0 /\
(forall (x: Prims.unit)
(x:
_:
FStar.Monotonic.Heap.heap
{FStar.Heap.trivial_preorder Prims.int (FStar.Monotonic.Heap.sel x r) 0}).
FStar.Heap.trivial_preorder Prims.int (FStar.Monotonic.Heap.sel x r) 0 /\
FStar.Monotonic.Heap.contains x r /\
FStar.Monotonic.Heap.modifies (FStar.Set.singleton (FStar.Monotonic.Heap.addr_of r)) x x /\
FStar.Monotonic.Heap.equal_dom x x /\ FStar.Monotonic.Heap.sel x r == 0 ==>
FStar.Heap.trivial_preorder Prims.int (FStar.Monotonic.Heap.sel x r) 1 /\
(forall (x: Prims.unit)
(x:
_:
FStar.Monotonic.Heap.heap
{FStar.Heap.trivial_preorder Prims.int (FStar.Monotonic.Heap.sel x r) 1}).
FStar.Heap.trivial_preorder Prims.int (FStar.Monotonic.Heap.sel x r) 1 /\
FStar.Monotonic.Heap.contains x r /\
FStar.Monotonic.Heap.modifies (FStar.Set.singleton (FStar.Monotonic.Heap.addr_of r))
x
x /\ FStar.Monotonic.Heap.equal_dom x x /\ FStar.Monotonic.Heap.sel x r == 1 ==>
FStar.Heap.trivial_preorder Prims.int (FStar.Monotonic.Heap.sel x r) 2 /\
(forall (x: Prims.unit)
(x:
_:
FStar.Monotonic.Heap.heap
{FStar.Heap.trivial_preorder Prims.int (FStar.Monotonic.Heap.sel x r) 2}).
FStar.Heap.trivial_preorder Prims.int (FStar.Monotonic.Heap.sel x r) 2 /\
FStar.Monotonic.Heap.contains x r /\
FStar.Monotonic.Heap.modifies (FStar.Set.singleton (FStar.Monotonic.Heap.addr_of r
))
x
x /\ FStar.Monotonic.Heap.equal_dom x x /\ FStar.Monotonic.Heap.sel x r == 2 ==>
FStar.Heap.trivial_preorder Prims.int (FStar.Monotonic.Heap.sel x r) 3 /\
(forall (x: Prims.unit)
(x:
_:
FStar.Monotonic.Heap.heap
{FStar.Heap.trivial_preorder Prims.int (FStar.Monotonic.Heap.sel x r) 3}).
FStar.Heap.trivial_preorder Prims.int (FStar.Monotonic.Heap.sel x r) 3 /\
FStar.Monotonic.Heap.contains x r /\
FStar.Monotonic.Heap.modifies (FStar.Set.singleton (FStar.Monotonic.Heap.addr_of 
r))
x
x /\ FStar.Monotonic.Heap.equal_dom x x /\ FStar.Monotonic.Heap.sel x r == 3 ==>
FStar.Heap.trivial_preorder Prims.int (FStar.Monotonic.Heap.sel x r) 4 /\
(forall (x: Prims.unit)
(x:
_:
FStar.Monotonic.Heap.heap
{FStar.Heap.trivial_preorder Prims.int (FStar.Monotonic.Heap.sel x r) 4})
.
FStar.Heap.trivial_preorder Prims.int (FStar.Monotonic.Heap.sel x r) 4 /\
FStar.Monotonic.Heap.contains x r /\
FStar.Monotonic.Heap.modifies (FStar.Set.singleton (FStar.Monotonic.Heap.addr_of 
r))
x
x /\ FStar.Monotonic.Heap.equal_dom x x /\
FStar.Monotonic.Heap.sel x r == 4 ==>
FStar.Heap.trivial_preorder Prims.int (FStar.Monotonic.Heap.sel x r) 5 /\
(forall (x: Prims.unit)
(x:
_:
FStar.Monotonic.Heap.heap
{ FStar.Heap.trivial_preorder Prims.int
(FStar.Monotonic.Heap.sel x r)
5 }).
FStar.Heap.trivial_preorder Prims.int (FStar.Monotonic.Heap.sel x r) 5 /\
FStar.Monotonic.Heap.contains x r /\
FStar.Monotonic.Heap.modifies (FStar.Set.singleton (FStar.Monotonic.Heap.addr_of 
r))
x
x /\ FStar.Monotonic.Heap.equal_dom x x /\
FStar.Monotonic.Heap.sel x r == 5 ==>
FStar.Heap.trivial_preorder Prims.int (FStar.Monotonic.Heap.sel x r) 6 /\
(forall (x: Prims.unit)
(x:
_:
FStar.Monotonic.Heap.heap
{ FStar.Heap.trivial_preorder Prims.int
(FStar.Monotonic.Heap.sel x r)
6 }).
FStar.Heap.trivial_preorder Prims.int
(FStar.Monotonic.Heap.sel x r)
6 /\ FStar.Monotonic.Heap.contains x r /\
FStar.Monotonic.Heap.modifies (FStar.Set.singleton (FStar.Monotonic.Heap.addr_of 
r))
x
x /\ FStar.Monotonic.Heap.equal_dom x x /\
FStar.Monotonic.Heap.sel x r == 6 ==>
FStar.Heap.trivial_preorder Prims.int
(FStar.Monotonic.Heap.sel x r)
7 /\
(forall (x: Prims.unit)
(x:
_:
FStar.Monotonic.Heap.heap
{ FStar.Heap.trivial_preorder Prims.int
(FStar.Monotonic.Heap.sel x r)
7 }).
FStar.Heap.trivial_preorder Prims.int
(FStar.Monotonic.Heap.sel x r)
7 /\ FStar.Monotonic.Heap.contains x r /\
FStar.Monotonic.Heap.modifies (FStar.Set.singleton (FStar.Monotonic.Heap.addr_of 
r))
x
x /\ FStar.Monotonic.Heap.equal_dom x x /\
FStar.Monotonic.Heap.sel x r == 7 ==>
FStar.Heap.trivial_preorder Prims.int
(FStar.Monotonic.Heap.sel x r)
8 /\
(forall (x: Prims.unit)
(x:
_:
FStar.Monotonic.Heap.heap
{ FStar.Heap.trivial_preorder Prims.int
(FStar.Monotonic.Heap.sel x r)
8 }).
FStar.Heap.trivial_preorder Prims.int
(FStar.Monotonic.Heap.sel x r)
8 /\ FStar.Monotonic.Heap.contains x r /\
FStar.Monotonic.Heap.modifies (FStar.Set.singleton (FStar.Monotonic.Heap.addr_of 
r))
x
x /\ FStar.Monotonic.Heap.equal_dom x x /\
FStar.Monotonic.Heap.sel x r == 8 ==>
FStar.Heap.trivial_preorder Prims.int
(FStar.Monotonic.Heap.sel x r)
9 /\
(forall (x: Prims.unit)
(x:
_:
FStar.Monotonic.Heap.heap
{ FStar.Heap.trivial_preorder Prims.int
(FStar.Monotonic.Heap.sel x r)
9 }).
FStar.Heap.trivial_preorder Prims.int
(FStar.Monotonic.Heap.sel x r)
9 /\ FStar.Monotonic.Heap.contains x r /\
FStar.Monotonic.Heap.modifies (FStar.Set.singleton (FStar.Monotonic.Heap.addr_of 
r))
x
x /\ FStar.Monotonic.Heap.equal_dom x x /\
FStar.Monotonic.Heap.sel x r == 9 ==>
FStar.Heap.trivial_preorder Prims.int
(FStar.Monotonic.Heap.sel x r)
10 /\
(forall (x: Prims.unit)
(x:
_:
FStar.Monotonic.Heap.heap
{ FStar.Heap.trivial_preorder Prims.int
(FStar.Monotonic.Heap.sel x r)
10 }).
FStar.Heap.trivial_preorder Prims.int
(FStar.Monotonic.Heap.sel x r)
10 /\ FStar.Monotonic.Heap.contains x r /\
FStar.Monotonic.Heap.modifies (FStar.Set.singleton 
(FStar.Monotonic.Heap.addr_of r))
x
x /\ FStar.Monotonic.Heap.equal_dom x x /\
FStar.Monotonic.Heap.sel x r == 10 ==>
x x x))))))))))))>

(see also FStar.Tactics.Simplifier.fst(273,55-273,63))
StringPrinterTest.Aux.fst(19,2-19,52): (Warning 252) (Hint-replay failed): assertion failed (see also StringPrinter.Rec.fst(117,12-117,57))
StringPrinterTest.Aux.fst(19,2-19,52): (Warning 252) (Hint-replay failed): assertion failed (see also StringPrinter.Rec.fst(117,12-117,57))
10.77user 45.11system 4:19.11elapsed 21%CPU (0avgtext+0avgdata 980051456maxresident)k
0inputs+0outputs (3990608major+0minor)pagefaults 0swaps
