From https://github.com/mitls/mitls-fstar
2a7be85a..3514764b  master     -> origin/master
From https://github.com/project-everest/vale
7d731e0..6d603c4  master     -> origin/master
3b78fbb..1a6a6aa  _vale      -> origin/_vale
From https://github.com/mitls/hacl-star
0c71ec25..49bcbaba  _sha3                 -> origin/_sha3
* [new branch]        _vale_reduce_tcb      -> origin/_vale_reduce_tcb
4cdc9822..52578a9b  _vale_sha             -> origin/_vale_sha
58510f8c..62334841  dev                   -> origin/dev
ebec3ec1..f02049d3  fstar-master          -> origin/fstar-master
36773ea7..c319d013  joonwonc_merkle_tree  -> origin/joonwonc_merkle_tree
* [new branch]        lib_merge             -> origin/lib_merge
* [new branch]        protz_puzzled         -> origin/protz_puzzled
* [new branch]        taramana_no_static_fp -> origin/taramana_no_static_fp
make: *** [Makefile:84: uint128/Makefile.include] Error 1
make: *** Waiting for unfinished jobs....
make: *** [Makefile:78: extracted/Makefile.include] Error 1
make[1]: *** [Makefile:18: fstar-in-fsharp] Error 1
make: *** [Makefile:161: fsharp-build-and-test] Error 2
make: Target 'utest-prelude' not remade because of errors.
Command exited with non-zero status 2
0.07user 0.28system 0:22.83elapsed 1%CPU (0avgtext+0avgdata 111124maxresident)k
0inputs+0outputs (28983major+0minor)pagefaults 0swaps
