From https://github.com/mitls/hacl-star
436f9303..acbbf769  master         -> origin/master
* [new branch]        gugavaro_newci -> origin/gugavaro_newci
make: *** [Makefile:78: extracted/Makefile.include] Error 1
make: *** Waiting for unfinished jobs....
make: *** [Makefile:84: uint128/Makefile.include] Error 1
dos2unix: converting file parser/parse.fsi to Unix format...
Warning: you are using the standard library and/or the %inline keyword. We
recommend switching on --infer in order to avoid obscure type error messages.
warning: CRLF will be replaced by LF in src/parser/parse.fsy.
The file will have its original line endings in your working directory.
FStar.List.Tot.Properties.fst(858,2-858,37): (Warning 252) (Hint-replay failed): could not prove post-condition (see also FStar.List.Tot.Properties.fst(856,12-856,18))
FStar.List.Tot.Properties.fst(858,2-858,37): (Warning 252) could not prove post-condition (see also FStar.List.Tot.Properties.fst(856,12-856,18))
FStar.List.Tot.Properties.fst(887,2-888,24): (Warning 252) (Hint-replay failed): could not prove post-condition (see also FStar.List.Tot.Properties.fst(886,12-886,18))
FStar.OrdSet.fst(48,16-48,18): (Warning 252) (Hint-replay failed): Subtyping check failed; expected type Prims.eqtype; got type Type (see also prims.fst(27,21-27,28))
FStar.Monotonic.HyperStack.fst(373,4-373,33): (Warning 252) (Hint-replay failed): assertion failed (see also FStar.Monotonic.HyperStack.fst(38,12-41,66))
FStar.Monotonic.HyperStack.fst(373,4-373,33): (Warning 252) (Hint-replay failed): assertion failed (see also FStar.Monotonic.HyperStack.fst(38,12-41,66))
FStar.Seq.Properties.fst(474,2-477,29): (Warning 252) (Hint-replay failed): could not prove post-condition (see also FStar.Seq.Properties.fst(472,20-472,28))
FStar.Fin.fst(36,2-51,18): (Warning 252) (Hint-replay failed): could not prove post-condition (see also FStar.Fin.fst(33,41-33,68))
FStar.Fin.fst(36,2-51,18): (Warning 252) (Hint-replay failed): could not prove post-condition (see also FStar.Fin.fst(33,41-33,68))
FStar.Integers.fst(440,5-454,43): (Warning 252) (Hint-replay failed): Patterns are incomplete
FStar.TaggedUnion.fsti(39,2-45,3): (Error 62) Expected a trivial pre-condition
1 error was reported (see above)
make[3]: *** [gmake/Makefile.tmpl:34: FStar.TaggedUnion.fsti.checked] Error 1
FStar.TaggedUnion.fsti(39,2-45,3): (Error 62) Expected a trivial pre-condition
1 error was reported (see above)
make[3]: *** [gmake/Makefile.tmpl:30: FStar.TaggedUnion.fst.checked] Error 1
FStar.Tactics.Typeclasses.fst(79,4-124,16): (Warning 252) (Hint-replay failed): Patterns are incomplete
FStar.Tactics.Typeclasses.fst(79,4-124,16): (Warning 252) (Hint-replay failed): Patterns are incomplete
LowStar.BufferView.fst(51,15-53,61): (Error 62) Expected a trivial pre-condition
1 error was reported (see above)
make[3]: *** [gmake/Makefile.tmpl:29: LowStar.BufferView.fst.checked] Error 1
FStar.Reflection.Arith.fst(116,30-116,32): (Warning 252) (Hint-replay failed): Subtyping check failed; expected type t: FStar.Reflection.Types.term{t << t}; got type FStar.Reflection.Types.term (see also FStar.Reflection.Arith.fst(110,4-153,14))
FStar.Reflection.Arith.fst(116,30-116,32): (Warning 252) Subtyping check failed; expected type t: FStar.Reflection.Types.term{t << t}; got type FStar.Reflection.Types.term (see also FStar.Reflection.Arith.fst(110,4-153,14))
FStar.Reflection.Arith.fst(116,30-116,32): (Warning 252) Subtyping check failed; expected type t: FStar.Reflection.Types.term{t << t}; got type FStar.Reflection.Types.term (see also FStar.Reflection.Arith.fst(110,4-153,14))
FStar.Buffer.fst(65,4-65,10): (Warning 252) (Hint-replay failed): Subtyping check failed; expected type Prims.nat; got type FStar.UInt.uint_t FStar.UInt32.n (see also prims.fst(408,17-408,23))
FStar.Modifies.fst(158,4-165,34): (Error 62) Expected a trivial pre-condition
1 error was reported (see above)
make[3]: *** [gmake/Makefile.tmpl:29: FStar.Modifies.fst.checked] Error 1
LowStar.Buffer.fst(323,30-323,56): (Warning 252) (Hint-replay failed): Subtyping check failed; expected type FStar.UInt.uint_t FStar.UInt32.n; got type Prims.nat (see also FStar.UInt.fst(52,28-52,36))
LowStar.Buffer.fst(650,2-654,110): (Warning 252) (Hint-replay failed): could not prove post-condition (see also LowStar.Buffer.fst(647,11-647,57))
LowStar.Buffer.fst(658,2-658,21): (Warning 252) (Hint-replay failed): assertion failed (see also LowStar.Buffer.fst(646,69-646,159))
LowStar.Buffer.fst(664,2-664,21): (Warning 252) (Hint-replay failed): assertion failed (see also LowStar.Buffer.fst(646,69-646,159))
LowStar.Buffer.fst(675,90-675,134): (Warning 252) (Hint-replay failed): Subtyping check failed; expected type j:
Prims.nat
{ Mkubuffer_?.b_offset us - Mkubuffer_?.b_offset ul <= j &&
j <= FStar.Seq.Base.length (LowStar.Buffer.as_seq h1 larger) }; got type Prims.int
LowStar.Buffer.fst(715,2-715,21): (Warning 252) (Hint-replay failed): assertion failed (see also LowStar.Buffer.fst(708,72-708,162))
LowStar.Buffer.fst(951,2-954,9): (Warning 252) (Hint-replay failed): could not prove post-condition (see also LowStar.Buffer.fsti(1526,11-1526,25))
LowStar.Buffer.fst(957,2-960,166): (Warning 252) (Hint-replay failed): could not prove post-condition (see also LowStar.Buffer.fsti(1533,11-1533,46))
LowStar.Buffer.fst(979,4-979,23): (Warning 252) (Hint-replay failed): assertion failed (see also LowStar.Buffer.fst(708,72-708,162))
LowStar.Buffer.fst(1037,2-1037,21): (Warning 252) (Hint-replay failed): assertion failed (see also LowStar.Buffer.fst(825,12-825,32))
LowStar.Buffer.fst(1049,83-1049,85): (Warning 252) (Hint-replay failed): Subtyping check failed; expected type h:
(h:
FStar.Monotonic.HyperStack.mem
{ LowStar.Buffer.live h
(LowStar.Buffer.gsub b
(FStar.UInt32.__uint_to_t 1)
(FStar.UInt32.sub (LowStar.Buffer.len b) (FStar.UInt32.__uint_to_t 1))) })
{ %[ FStar.Seq.Base.length (FStar.Seq.Base.slice s 1 (FStar.Seq.Base.length s)) ] <<
%[ FStar.Seq.Base.length s ] }; got type FStar.Monotonic.HyperStack.mem (see also LowStar.Buffer.fst(1044,24-1044,32))
LowStar.Buffer.fst(1090,2-1090,21): (Warning 252) (Hint-replay failed): assertion failed (see also LowStar.Buffer.fst(825,12-825,32))
LowStar.Buffer.fst(1105,2-1108,166): (Warning 252) (Hint-replay failed): could not prove post-condition (see also LowStar.Buffer.fsti(1673,11-1673,54))
LowStar.Buffer.fst(1168,2-1174,3): (Warning 252) (Hint-replay failed): could not prove post-condition (see also LowStar.Buffer.fsti(1815,4-1815,39))
LowStar.Buffer.fst(1177,2-1183,3): (Warning 252) (Hint-replay failed): could not prove post-condition (see also LowStar.Buffer.fsti(1833,4-1833,39))
FStar.ModifiesGen.fst(182,42-182,44): (Warning 252) (Hint-replay failed): could not prove post-condition (see also FStar.ModifiesGen.fsti(167,45-167,50))
FStar.ModifiesGen.fst(322,9-322,109): (Warning 252) (Hint-replay failed): assertion failed
FStar.ModifiesGen.fst(345,2-345,51): (Warning 252) (Hint-replay failed): could not prove post-condition (see also FStar.ModifiesGen.fsti(224,2-224,20))
FStar.ModifiesGen.fst(356,2-356,111): (Warning 252) (Hint-replay failed): could not prove post-condition (see also FStar.ModifiesGen.fsti(231,11-231,31))
FStar.ModifiesGen.fst(358,42-358,44): (Warning 252) (Hint-replay failed): could not prove post-condition (see also FStar.ModifiesGen.fsti(238,11-238,45))
FStar.ModifiesGen.fst(368,8-368,14): (Warning 252) (Hint-replay failed): assertion failed (see also FStar.ModifiesGen.fst(368,15-368,50))
FStar.ModifiesGen.fst(375,33-375,35): (Warning 252) (Hint-replay failed): could not prove post-condition (see also FStar.ModifiesGen.fsti(251,2-251,27))
FStar.ModifiesGen.fst(380,43-380,45): (Warning 252) (Hint-replay failed): could not prove post-condition (see also FStar.ModifiesGen.fsti(268,11-268,65))
FStar.ModifiesGen.fst(394,2-394,4): (Warning 252) (Hint-replay failed): could not prove post-condition (see also FStar.ModifiesGen.fst(392,2-392,104))
FStar.ModifiesGen.fst(396,68-396,70): (Warning 252) (Hint-replay failed): could not prove post-condition (see also FStar.ModifiesGen.fsti(289,11-289,85))
FStar.ModifiesGen.fst(398,66-398,68): (Warning 252) (Hint-replay failed): could not prove post-condition (see also FStar.ModifiesGen.fsti(300,11-300,81))
FStar.ModifiesGen.fst(400,87-400,89): (Warning 252) (Hint-replay failed): could not prove post-condition (see also FStar.ModifiesGen.fsti(310,11-310,105))
FStar.ModifiesGen.fst(402,84-402,86): (Warning 252) (Hint-replay failed): could not prove post-condition (see also FStar.ModifiesGen.fsti(318,11-318,103))
FStar.ModifiesGen.fst(411,91-411,93): (Warning 252) (Hint-replay failed): could not prove post-condition (see also FStar.ModifiesGen.fsti(336,11-336,111))
FStar.ModifiesGen.fst(501,35-501,37): (Warning 252) (Hint-replay failed): could not prove post-condition (see also FStar.ModifiesGen.fsti(357,11-357,36))
FStar.ModifiesGen.fst(526,2-535,30): (Warning 252) (Hint-replay failed): could not prove post-condition (see also FStar.ModifiesGen.fsti(371,11-371,33))
FStar.ModifiesGen.fst(545,2-545,173): (Warning 252) (Hint-replay failed): could not prove post-condition (see also FStar.ModifiesGen.fsti(404,11-404,113))
FStar.ModifiesGen.fst(547,91-547,93): (Warning 252) (Hint-replay failed): could not prove post-condition (see also FStar.ModifiesGen.fsti(415,11-415,67))
FStar.ModifiesGen.fst(551,78-551,80): (Warning 252) (Hint-replay failed): could not prove post-condition (see also FStar.ModifiesGen.fsti(439,24-439,42))
FStar.ModifiesGen.fst(555,2-555,165): (Warning 252) (Hint-replay failed): could not prove post-condition (see also FStar.ModifiesGen.fsti(447,11-447,105))
FStar.ModifiesGen.fst(568,73-568,75): (Warning 252) (Hint-replay failed): could not prove post-condition (see also FStar.ModifiesGen.fsti(455,2-455,70))
FStar.ModifiesGen.fst(570,73-570,75): (Warning 252) (Hint-replay failed): could not prove post-condition (see also FStar.ModifiesGen.fsti(458,2-458,79))
FStar.ModifiesGen.fst(580,92-580,94): (Warning 252) (Hint-replay failed): could not prove post-condition (see also FStar.ModifiesGen.fsti(463,2-463,91))
FStar.ModifiesGen.fst(582,72-582,74): (Warning 252) (Hint-replay failed): could not prove post-condition (see also FStar.ModifiesGen.fsti(468,2-468,78))
FStar.ModifiesGen.fst(584,94-584,96): (Warning 252) (Hint-replay failed): could not prove post-condition (see also FStar.ModifiesGen.fsti(473,2-473,95))
FStar.ModifiesGen.fst(586,78-586,80): (Warning 252) (Hint-replay failed): could not prove post-condition (see also FStar.ModifiesGen.fsti(478,2-478,73))
FStar.ModifiesGen.fst(855,4-855,9): (Warning 252) (Hint-replay failed): assertion failed (see also FStar.ModifiesGen.fst(812,15-812,50))
FStar.ModifiesGen.fst(906,20-906,25): (Warning 252) (Hint-replay failed): assertion failed (see also FStar.ModifiesGen.fsti(599,15-599,55))
FStar.ModifiesGen.fst(922,55-922,57): (Warning 252) (Hint-replay failed): could not prove post-condition (see also FStar.ModifiesGen.fsti(649,4-649,20))
FStar.ModifiesGen.fst(930,2-930,8): (Warning 252) (Hint-replay failed): assertion failed (see also FStar.ModifiesGen.fst(930,9-930,49))
FStar.ModifiesGen.fst(935,62-935,64): (Warning 252) (Hint-replay failed): could not prove post-condition (see also FStar.ModifiesGen.fsti(694,11-694,31))
FStar.ModifiesGen.fst(940,2-940,142): (Warning 252) (Hint-replay failed): could not prove post-condition (see also FStar.ModifiesGen.fsti(706,11-706,31))
FStar.ModifiesGen.fst(946,79-946,81): (Warning 252) (Hint-replay failed): could not prove post-condition (see also FStar.ModifiesGen.fsti(726,11-726,45))
FStar.ModifiesGen.fst(948,72-948,74): (Warning 252) (Hint-replay failed): could not prove post-condition (see also FStar.ModifiesGen.fsti(737,11-737,32))
FStar.ModifiesGen.fst(962,2-962,23): (Warning 252) (Hint-replay failed): assertion failed (see also FStar.ModifiesGen.fsti(682,33-682,51))
FStar.ModifiesGen.fst(990,2-990,8): (Warning 252) (Hint-replay failed): assertion failed (see also FStar.ModifiesGen.fst(990,9-990,48))
FStar.ModifiesGen.fst(1035,2-1035,8): (Warning 252) (Hint-replay failed): assertion failed (see also FStar.ModifiesGen.fst(1035,9-1035,121))
FStar.ModifiesGen.fst(1043,2-1043,55): (Warning 252) (Hint-replay failed): could not prove post-condition (see also FStar.ModifiesGen.fst(1042,2-1042,45))
FStar.ModifiesGen.fst(1059,2-1059,55): (Warning 252) (Hint-replay failed): could not prove post-condition (see also FStar.ModifiesGen.fst(1058,2-1058,66))
FStar.ModifiesGen.fst(1074,2-1074,23): (Warning 252) (Hint-replay failed): assertion failed (see also FStar.ModifiesGen.fsti(682,33-682,51))
FStar.ModifiesGen.fst(1154,4-1154,6): (Warning 252) (Hint-replay failed): could not prove post-condition (see also FStar.ModifiesGen.fst(659,34-659,60))
FStar.ModifiesGen.fst(1181,2-1181,35): (Warning 252) (Hint-replay failed): assertion failed (see also FStar.ModifiesGen.fst(1148,4-1148,58))
FStar.ModifiesGen.fst(1219,20-1219,22): (Warning 252) (Hint-replay failed): could not prove post-condition (see also FStar.ModifiesGen.fsti(503,34-503,59))
FStar.ModifiesGen.fst(1255,2-1255,8): (Warning 252) (Hint-replay failed): assertion failed (see also FStar.ModifiesGen.fst(1255,76-1255,95))
FStar.ModifiesGen.fst(1274,9-1274,43): (Warning 252) (Hint-replay failed): assertion failed (see also FStar.ModifiesGen.fst(1249,16-1249,95))
FStar.ModifiesGen.fst(1304,9-1304,41): (Warning 252) (Hint-replay failed): Subtyping check failed; expected type y: FStar.GSet.set Prims.nat {FStar.GSet.subset (non_live_addrs' r') y}; got type FStar.GSet.set Prims.nat (see also FStar.ModifiesGen.fst(1302,83-1302,117))
FStar.ModifiesGen.fst(1347,2-1347,8): (Warning 252) (Hint-replay failed): assertion failed (see also FStar.ModifiesGen.fst(1347,9-1347,106))
FStar.ModifiesGen.fst(1358,2-1358,104): (Warning 252) (Hint-replay failed): could not prove post-condition (see also FStar.ModifiesGen.fst(1357,11-1357,58))
FStar.ModifiesGen.fst(1382,2-1382,104): (Warning 252) (Hint-replay failed): could not prove post-condition (see also FStar.ModifiesGen.fst(1381,11-1381,97))
FStar.ModifiesGen.fst(1392,2-1392,36): (Warning 252) (Hint-replay failed): assertion failed (see also FStar.ModifiesGen.fst(1249,16-1249,95))
FStar.ModifiesGen.fst(1415,12-1415,33): (Warning 252) (Hint-replay failed): assertion failed (see also FStar.ModifiesGen.fst(1293,13-1293,53))
FStar.ModifiesGen.fst(1442,4-1442,10): (Warning 252) (Hint-replay failed): assertion failed (see also FStar.ModifiesGen.fst(1442,11-1442,53))
FStar.ModifiesGen.fst(1473,42-1473,44): (Warning 252) (Hint-replay failed): could not prove post-condition (see also FStar.ModifiesGen.fsti(964,11-964,69))
FStar.ModifiesGen.fst(1475,46-1475,48): (Warning 252) (Hint-replay failed): could not prove post-condition (see also FStar.ModifiesGen.fsti(968,11-968,73))
FStar.ModifiesGen.fst(1483,2-1483,64): (Warning 252) (Hint-replay failed): could not prove post-condition (see also FStar.ModifiesGen.fsti(979,12-979,71))
FStar.ModifiesGen.fst(1491,2-1491,20): (Warning 252) (Hint-replay failed): assertion failed (see also FStar.ModifiesGen.fsti(230,35-230,53))
FStar.ModifiesGen.fst(1723,2-1723,4): (Warning 252) (Hint-replay failed): could not prove post-condition (see also FStar.ModifiesGen.fst(1721,2-1721,73))
FStar.ModifiesGen.fst(1761,2-1761,8): (Warning 252) (Hint-replay failed): assertion failed (see also FStar.ModifiesGen.fst(1761,9-1761,39))
FStar.ModifiesGen.fst(1819,2-1819,8): (Warning 252) (Hint-replay failed): assertion failed (see also FStar.ModifiesGen.fst(1821,4-1821,37))
FStar.ModifiesGen.fst(1857,2-1857,8): (Warning 252) (Hint-replay failed): assertion failed (see also FStar.ModifiesGen.fst(1860,4-1860,53))
FStar.ModifiesGen.fst(1883,2-1891,39): (Warning 252) (Hint-replay failed): could not prove post-condition (see also FStar.ModifiesGen.fst(1882,11-1882,42))
FStar.ModifiesGen.fst(1928,4-1928,10): (Warning 252) (Hint-replay failed): assertion failed (see also FStar.ModifiesGen.fst(1928,11-1928,74))
FStar.ModifiesGen.fst(1950,4-1950,10): (Warning 252) (Hint-replay failed): assertion failed (see also FStar.ModifiesGen.fst(1950,11-1961,7))
FStar.ModifiesGen.fst(1993,4-1993,21): (Warning 252) (Hint-replay failed): Subtyping check failed; expected type aux:
FStar.Ghost.erased (FStar.GSet.set (FStar.ModifiesGen.aloc (c b)))
{ FStar.GSet.subset (FStar.ModifiesGen.aloc_domain (c b) regions live_addrs)
(FStar.Ghost.reveal aux) /\
FStar.GSet.subset (FStar.Ghost.reveal aux)
(FStar.ModifiesGen.aloc_domain (c b) regions (fun _ -> FStar.GSet.complement FStar.GSet.empty)
) }; got type FStar.Ghost.erased (FStar.GSet.set (FStar.ModifiesGen.aloc (c b))) (see also FStar.ModifiesGen.fst(30,8-30,71))
FStar.ModifiesGen.fst(2002,9-2002,119): (Warning 252) (Hint-replay failed): assertion failed
FStar.ModifiesGen.fst(2005,9-2005,121): (Warning 252) (Hint-replay failed): assertion failed
FStar.ModifiesGen.fst(2076,2-2082,167): (Warning 252) (Hint-replay failed): could not prove post-condition (see also FStar.ModifiesGen.fsti(1134,2-1134,78))
FStar.ModifiesGen.fst(2093,2-2093,8): (Warning 252) (Hint-replay failed): assertion failed (see also FStar.ModifiesGen.fst(2093,21-2093,70))
FStar.ModifiesGen.fst(2102,2-2102,8): (Warning 252) (Hint-replay failed): assertion failed (see also FStar.ModifiesGen.fst(2102,21-2102,68))
make[3]: Target 'verify-core' not remade because of errors.
make[2]: *** [Makefile:12: all] Error 2
make[1]: *** [Makefile:188: fstarlib] Error 2
make: *** [Makefile:171: utest-prelude] Error 2
Command exited with non-zero status 2
11.62user 45.82system 12:05.77elapsed 7%CPU (0avgtext+0avgdata 1372986368maxresident)k
0inputs+0outputs (5624356major+0minor)pagefaults 0swaps
