From https://github.com/FStarLang/FStar
63375979f..528714f63  master                  -> origin/master
+ 8c04e27fa...bfca3e2e5 buildpoc_gugavaro       -> origin/buildpoc_gugavaro  (forced update)
63375979f..37af4f341  buildpoc_gugavaro_sn    -> origin/buildpoc_gugavaro_sn
29aae7ba3..55fd27a88  c_tactics-dev_nbe       -> origin/c_tactics-dev_nbe
09bc18412..d24346e0e  guido_misc              -> origin/guido_misc
cd4fd4b87..21ff53e3c  guido_tactics           -> origin/guido_tactics
d9babd40c..63acc84d8  nik_dep                 -> origin/nik_dep
* [new branch]          nik_error_reporting     -> origin/nik_error_reporting
94fbddff8..2ff69a300  nik_integer_overloading -> origin/nik_integer_overloading
b2f1645ae..4d3b8e08d  nik_rel                 -> origin/nik_rel
* [new branch]          santiago_date           -> origin/santiago_date
b4a9051db..4aebe5855  taramana_empty_buffers  -> origin/taramana_empty_buffers
* [new branch]          taramana_liveness_preservation -> origin/taramana_liveness_preservation
* [new branch]          vdum_extraction         -> origin/vdum_extraction
e90f3f0da..955630180  vdum_nbe                -> origin/vdum_nbe
55fd27a88..f555a1377  zoe_nbe                 -> origin/zoe_nbe
From https://github.com/FStarLang/kremlin
8f52140..fdc1bd8  master            -> origin/master
* [new branch]      protz_uint128     -> origin/protz_uint128
a0e7eeb..76fa8e5  taramana_bufferv2 -> origin/taramana_bufferv2
Warning 10: : -drop is deprecated
use a combination of -bundle and -d reachability to make sure the functions are eliminated as you wish
Warning 10: : -drop is deprecated
use a combination of -bundle and -d reachability to make sure the functions are eliminated as you wish
Warning 10: : -drop is deprecated
use a combination of -bundle and -d reachability to make sure the functions are eliminated as you wish
Warning 10: : -drop is deprecated
use a combination of -bundle and -d reachability to make sure the functions are eliminated as you wish
Fatal error: exception Sys_error("chacha-c/out.krml: No such file or directory")
Raised by primitive operation at file "pervasives.ml", line 385, characters 28-54
Called from file "pervasives.ml" (inlined), line 393, characters 2-47
Called from file "lib/Utils.ml", line 12, characters 10-31
Called from file "src/InputAst.ml", line 163, characters 6-32
Called from file "list.ml", line 67, characters 20-23
Called from file "lib/KList.ml" (inlined), line 40, characters 15-29
Called from file "src/InputAst.ml" (inlined), line 170, characters 17-44
Called from file "src/Kremlin.ml", line 399, characters 14-43
make[6]: *** [chacha-c/Hacl_Chacha20.c] Error 2
Warning 10: : -drop is deprecated
use a combination of -bundle and -d reachability to make sure the functions are eliminated as you wish
Fatal error: exception Sys_error("salsa-c/out.krml: No such file or directory")
Raised by primitive operation at file "pervasives.ml", line 385, characters 28-54
Called from file "pervasives.ml" (inlined), line 393, characters 2-47
Called from file "lib/Utils.ml", line 12, characters 10-31
Called from file "src/InputAst.ml", line 163, characters 6-32
Called from file "list.ml", line 67, characters 20-23
Called from file "lib/KList.ml" (inlined), line 40, characters 15-29
Called from file "src/InputAst.ml" (inlined), line 170, characters 17-44
Called from file "src/Kremlin.ml", line 399, characters 14-43
make[6]: *** [salsa-c/Hacl_Salsa20.c] Error 2
Warning 10: : -drop is deprecated
use a combination of -bundle and -d reachability to make sure the functions are eliminated as you wish
Fatal error: exception Sys_error("chacha-vec128-c/out.krml: No such file or directory")
Raised by primitive operation at file "pervasives.ml", line 385, characters 28-54
Called from file "pervasives.ml" (inlined), line 393, characters 2-47
Called from file "lib/Utils.ml", line 12, characters 10-31
Called from file "src/InputAst.ml", line 163, characters 6-32
Called from file "list.ml", line 67, characters 20-23
Called from file "lib/KList.ml" (inlined), line 40, characters 15-29
Called from file "src/InputAst.ml" (inlined), line 170, characters 17-44
Called from file "src/Kremlin.ml", line 399, characters 14-43
make[6]: *** [chacha-vec128-c/Hacl_Chacha20_Vec128.c] Error 2
make[6]: Target 'extract-c' not remade because of errors.
make[5]: *** [salsa-family-c] Error 2
Warning 10: : -drop is deprecated
use a combination of -bundle and -d reachability to make sure the functions are eliminated as you wish
Warning 10: : -drop is deprecated
use a combination of -bundle and -d reachability to make sure the functions are eliminated as you wish
Fatal error: exception Sys_error("poly-c/out.krml: No such file or directory")
Raised by primitive operation at file "pervasives.ml", line 385, characters 28-54
Called from file "pervasives.ml" (inlined), line 393, characters 2-47
Called from file "lib/Utils.ml", line 12, characters 10-31
Called from file "src/InputAst.ml", line 163, characters 6-32
Called from file "list.ml", line 67, characters 20-23
Called from file "lib/KList.ml" (inlined), line 40, characters 15-29
Called from file "src/InputAst.ml" (inlined), line 170, characters 17-44
Called from file "src/Kremlin.ml", line 399, characters 14-43
make[6]: *** [poly-c/Hacl_Poly1305_64.c] Error 2
Warning 10: : -drop is deprecated
use a combination of -bundle and -d reachability to make sure the functions are eliminated as you wish
Fatal error: exception Sys_error("poly-c/out.krml: No such file or directory")
Raised by primitive operation at file "pervasives.ml", line 385, characters 28-54
Called from file "pervasives.ml" (inlined), line 393, characters 2-47
Called from file "lib/Utils.ml", line 12, characters 10-31
Called from file "src/InputAst.ml", line 163, characters 6-32
Called from file "list.ml", line 67, characters 20-23
Called from file "lib/KList.ml" (inlined), line 40, characters 15-29
Called from file "src/InputAst.ml" (inlined), line 170, characters 17-44
Called from file "src/Kremlin.ml", line 399, characters 14-43
make[6]: *** [poly-c/AEAD_Poly1305_64.c] Error 2
make[6]: Target 'extract-c' not remade because of errors.
make[5]: *** [poly1305-c] Error 2
Warning 10: : -drop is deprecated
use a combination of -bundle and -d reachability to make sure the functions are eliminated as you wish
Warning 10: : -drop is deprecated
use a combination of -bundle and -d reachability to make sure the functions are eliminated as you wish
Fatal error: exception Sys_error("poly-c/out.krml: No such file or directory")
Raised by primitive operation at file "pervasives.ml", line 385, characters 28-54
Called from file "pervasives.ml" (inlined), line 393, characters 2-47
Called from file "lib/Utils.ml", line 12, characters 10-31
Called from file "src/InputAst.ml", line 163, characters 6-32
Called from file "list.ml", line 67, characters 20-23
Called from file "lib/KList.ml" (inlined), line 40, characters 15-29
Called from file "src/InputAst.ml" (inlined), line 170, characters 17-44
Called from file "src/Kremlin.ml", line 399, characters 14-43
make[6]: *** [poly-c/Hacl_Poly1305_32.c] Error 2
make[6]: Target 'extract-c' not remade because of errors.
make[5]: *** [poly1305_32-c] Error 2
Warning 10: : -drop is deprecated
use a combination of -bundle and -d reachability to make sure the functions are eliminated as you wish
Warning 10: : -drop is deprecated
use a combination of -bundle and -d reachability to make sure the functions are eliminated as you wish
Fatal error: exception Sys_error("x25519-c/out.krml: No such file or directory")
Raised by primitive operation at file "pervasives.ml", line 385, characters 28-54
Called from file "pervasives.ml" (inlined), line 393, characters 2-47
Called from file "lib/Utils.ml", line 12, characters 10-31
Called from file "src/InputAst.ml", line 163, characters 6-32
Called from file "list.ml", line 67, characters 20-23
Called from file "lib/KList.ml" (inlined), line 40, characters 15-29
Called from file "src/InputAst.ml" (inlined), line 170, characters 17-44
Called from file "src/Kremlin.ml", line 399, characters 14-43
make[6]: *** [x25519-c/Hacl_Curve25519.c] Error 2
Warning 10: : -drop is deprecated
use a combination of -bundle and -d reachability to make sure the functions are eliminated as you wish
Fatal error: exception Sys_error("x25519-c/out.krml: No such file or directory")
Raised by primitive operation at file "pervasives.ml", line 385, characters 28-54
Called from file "pervasives.ml" (inlined), line 393, characters 2-47
Called from file "lib/Utils.ml", line 12, characters 10-31
Called from file "src/InputAst.ml", line 163, characters 6-32
Called from file "list.ml", line 67, characters 20-23
Called from file "lib/KList.ml" (inlined), line 40, characters 15-29
Called from file "src/InputAst.ml" (inlined), line 170, characters 17-44
Called from file "src/Kremlin.ml", line 399, characters 14-43
make[6]: *** [x25519-c/Hacl_Test_X25519.c] Error 2
make[6]: Target 'extract-c' not remade because of errors.
make[5]: *** [curve25519-c] Error 2
Warning 10: : -drop is deprecated
use a combination of -bundle and -d reachability to make sure the functions are eliminated as you wish
Fatal error: exception Sys_error("aead-c/out.krml: No such file or directory")
Raised by primitive operation at file "pervasives.ml", line 385, characters 28-54
Called from file "pervasives.ml" (inlined), line 393, characters 2-47
Called from file "lib/Utils.ml", line 12, characters 10-31
Called from file "src/InputAst.ml", line 163, characters 6-32
Called from file "list.ml", line 67, characters 20-23
Called from file "lib/KList.ml" (inlined), line 40, characters 15-29
Called from file "src/InputAst.ml" (inlined), line 170, characters 17-44
Called from file "src/Kremlin.ml", line 399, characters 14-43
make[6]: *** [aead-c/Hacl_Chacha20Poly1305.c] Error 2
Warning 10: : -drop is deprecated
use a combination of -bundle and -d reachability to make sure the functions are eliminated as you wish
Fatal error: exception Sys_error("box-c/out.krml: No such file or directory")
Raised by primitive operation at file "pervasives.ml", line 385, characters 28-54
Called from file "pervasives.ml" (inlined), line 393, characters 2-47
Called from file "lib/Utils.ml", line 12, characters 10-31
Called from file "src/InputAst.ml", line 163, characters 6-32
Called from file "list.ml", line 67, characters 20-23
Called from file "lib/KList.ml" (inlined), line 40, characters 15-29
Called from file "src/InputAst.ml" (inlined), line 170, characters 17-44
Called from file "src/Kremlin.ml", line 399, characters 14-43
make[6]: *** [box-c/NaCl.c] Error 2
Warning 10: : -drop is deprecated
use a combination of -bundle and -d reachability to make sure the functions are eliminated as you wish
Fatal error: exception Sys_error("policies-c/out.krml: No such file or directory")
Raised by primitive operation at file "pervasives.ml", line 385, characters 28-54
Called from file "pervasives.ml" (inlined), line 393, characters 2-47
Called from file "lib/Utils.ml", line 12, characters 10-31
Called from file "src/InputAst.ml", line 163, characters 6-32
Called from file "list.ml", line 67, characters 20-23
Called from file "lib/KList.ml" (inlined), line 40, characters 15-29
Called from file "src/InputAst.ml" (inlined), line 170, characters 17-44
Called from file "src/Kremlin.ml", line 399, characters 14-43
make[6]: *** [policies-c/Hacl_Policies.c] Error 2
make[6]: Target 'extract-c' not remade because of errors.
make[5]: *** [api-c] Error 2
Warning 10: : -drop is deprecated
use a combination of -bundle and -d reachability to make sure the functions are eliminated as you wish
Warning 10: : -drop is deprecated
use a combination of -bundle and -d reachability to make sure the functions are eliminated as you wish
Fatal error: exception Sys_error("hmac-c/out.krml: No such file or directory")
Raised by primitive operation at file "pervasives.ml", line 385, characters 28-54
Called from file "pervasives.ml" (inlined), line 393, characters 2-47
Called from file "lib/Utils.ml", line 12, characters 10-31
Called from file "src/InputAst.ml", line 163, characters 6-32
Called from file "list.ml", line 67, characters 20-23
Called from file "lib/KList.ml" (inlined), line 40, characters 15-29
Called from file "src/InputAst.ml" (inlined), line 170, characters 17-44
Called from file "src/Kremlin.ml", line 399, characters 14-43
make[6]: *** [hmac-c/Hacl_HMAC_SHA2_256.c] Error 2
make[6]: Target 'extract-c' not remade because of errors.
make[5]: *** [hmac-c] Error 2
Warning 10: : -drop is deprecated
use a combination of -bundle and -d reachability to make sure the functions are eliminated as you wish
Warning 10: : -drop is deprecated
use a combination of -bundle and -d reachability to make sure the functions are eliminated as you wish
Fatal error: exception Sys_error("ed25519-c/out.krml: No such file or directory")
Raised by primitive operation at file "pervasives.ml", line 385, characters 28-54
Called from file "pervasives.ml" (inlined), line 393, characters 2-47
Called from file "lib/Utils.ml", line 12, characters 10-31
Called from file "src/InputAst.ml", line 163, characters 6-32
Called from file "list.ml", line 67, characters 20-23
Called from file "lib/KList.ml" (inlined), line 40, characters 15-29
Called from file "src/InputAst.ml" (inlined), line 170, characters 17-44
Called from file "src/Kremlin.ml", line 399, characters 14-43
make[6]: *** [ed25519-c/Hacl_Ed25519.c] Error 2
make[6]: Target 'extract-c' not remade because of errors.
make[5]: *** [ed25519-c] Error 2
Warning 10: : -drop is deprecated
use a combination of -bundle and -d reachability to make sure the functions are eliminated as you wish
Warning 10: : -drop is deprecated
use a combination of -bundle and -d reachability to make sure the functions are eliminated as you wish
Fatal error: exception Sys_error("sha2-c/out.krml: No such file or directory")
Raised by primitive operation at file "pervasives.ml", line 385, characters 28-54
Called from file "pervasives.ml" (inlined), line 393, characters 2-47
Called from file "lib/Utils.ml", line 12, characters 10-31
Called from file "src/InputAst.ml", line 163, characters 6-32
Called from file "list.ml", line 67, characters 20-23
Called from file "lib/KList.ml" (inlined), line 40, characters 15-29
Called from file "src/InputAst.ml" (inlined), line 170, characters 17-44
Called from file "src/Kremlin.ml", line 399, characters 14-43
make[6]: *** [sha2-c/Hacl_SHA2_256.c] Error 2
Warning 10: : -drop is deprecated
use a combination of -bundle and -d reachability to make sure the functions are eliminated as you wish
Fatal error: exception Sys_error("sha2-c/out.krml: No such file or directory")
Raised by primitive operation at file "pervasives.ml", line 385, characters 28-54
Called from file "pervasives.ml" (inlined), line 393, characters 2-47
Called from file "lib/Utils.ml", line 12, characters 10-31
Called from file "src/InputAst.ml", line 163, characters 6-32
Called from file "list.ml", line 67, characters 20-23
Called from file "lib/KList.ml" (inlined), line 40, characters 15-29
Called from file "src/InputAst.ml" (inlined), line 170, characters 17-44
Called from file "src/Kremlin.ml", line 399, characters 14-43
make[6]: *** [sha2-c/Hacl_Test_SHA2_256.c] Error 2
Warning 10: : -drop is deprecated
use a combination of -bundle and -d reachability to make sure the functions are eliminated as you wish
Fatal error: exception Sys_error("sha2-c/out.krml: No such file or directory")
Raised by primitive operation at file "pervasives.ml", line 385, characters 28-54
Called from file "pervasives.ml" (inlined), line 393, characters 2-47
Called from file "lib/Utils.ml", line 12, characters 10-31
Called from file "src/InputAst.ml", line 163, characters 6-32
Called from file "list.ml", line 67, characters 20-23
Called from file "lib/KList.ml" (inlined), line 40, characters 15-29
Called from file "src/InputAst.ml" (inlined), line 170, characters 17-44
Called from file "src/Kremlin.ml", line 399, characters 14-43
make[6]: *** [sha2-c/Hacl_SHA2_384.c] Error 2
Warning 10: : -drop is deprecated
use a combination of -bundle and -d reachability to make sure the functions are eliminated as you wish
Fatal error: exception Sys_error("sha2-c/out.krml: No such file or directory")
Raised by primitive operation at file "pervasives.ml", line 385, characters 28-54
Called from file "pervasives.ml" (inlined), line 393, characters 2-47
Called from file "lib/Utils.ml", line 12, characters 10-31
Called from file "src/InputAst.ml", line 163, characters 6-32
Called from file "list.ml", line 67, characters 20-23
Called from file "lib/KList.ml" (inlined), line 40, characters 15-29
Called from file "src/InputAst.ml" (inlined), line 170, characters 17-44
Called from file "src/Kremlin.ml", line 399, characters 14-43
make[6]: *** [sha2-c/Hacl_Test_SHA2_384.c] Error 2
Warning 10: : -drop is deprecated
use a combination of -bundle and -d reachability to make sure the functions are eliminated as you wish
Fatal error: exception Sys_error("sha2-c/out.krml: No such file or directory")
Raised by primitive operation at file "pervasives.ml", line 385, characters 28-54
Called from file "pervasives.ml" (inlined), line 393, characters 2-47
Called from file "lib/Utils.ml", line 12, characters 10-31
Called from file "src/InputAst.ml", line 163, characters 6-32
Called from file "list.ml", line 67, characters 20-23
Called from file "lib/KList.ml" (inlined), line 40, characters 15-29
Called from file "src/InputAst.ml" (inlined), line 170, characters 17-44
Called from file "src/Kremlin.ml", line 399, characters 14-43
make[6]: *** [sha2-c/Hacl_SHA2_512.c] Error 2
Warning 10: : -drop is deprecated
use a combination of -bundle and -d reachability to make sure the functions are eliminated as you wish
Fatal error: exception Sys_error("sha2-c/out.krml: No such file or directory")
Raised by primitive operation at file "pervasives.ml", line 385, characters 28-54
Called from file "pervasives.ml" (inlined), line 393, characters 2-47
Called from file "lib/Utils.ml", line 12, characters 10-31
Called from file "src/InputAst.ml", line 163, characters 6-32
Called from file "list.ml", line 67, characters 20-23
Called from file "lib/KList.ml" (inlined), line 40, characters 15-29
Called from file "src/InputAst.ml" (inlined), line 170, characters 17-44
Called from file "src/Kremlin.ml", line 399, characters 14-43
make[6]: *** [sha2-c/Hacl_Test_SHA2_512.c] Error 2
make[6]: Target 'extract-c' not remade because of errors.
make[5]: *** [hash-c] Error 2
Warning 10: : -drop is deprecated
use a combination of -bundle and -d reachability to make sure the functions are eliminated as you wish
Fatal error: exception Sys_error("ccomp-c/out.krml: No such file or directory")
Raised by primitive operation at file "pervasives.ml", line 385, characters 28-54
Called from file "pervasives.ml" (inlined), line 393, characters 2-47
Called from file "lib/Utils.ml", line 12, characters 10-31
Called from file "src/InputAst.ml", line 163, characters 6-32
Called from file "list.ml", line 67, characters 20-23
Called from file "lib/KList.ml" (inlined), line 40, characters 15-29
Called from file "src/InputAst.ml" (inlined), line 170, characters 17-44
Called from file "src/Kremlin.ml", line 399, characters 14-43
make[6]: *** [ccomp-c/FStar.h] Error 2
Warning 10: : -drop is deprecated
use a combination of -bundle and -d reachability to make sure the functions are eliminated as you wish
Fatal error: exception Sys_error("lib-c/out.krml: No such file or directory")
Raised by primitive operation at file "pervasives.ml", line 385, characters 28-54
Called from file "pervasives.ml" (inlined), line 393, characters 2-47
Called from file "lib/Utils.ml", line 12, characters 10-31
Called from file "src/InputAst.ml", line 163, characters 6-32
Called from file "list.ml", line 67, characters 20-23
Called from file "lib/KList.ml" (inlined), line 40, characters 15-29
Called from file "src/InputAst.ml" (inlined), line 170, characters 17-44
Called from file "src/Kremlin.ml", line 399, characters 14-43
make[6]: *** [lib-c/Hacl_Policies.c] Error 2
make[6]: Target 'extract-c' not remade because of errors.
make[5]: *** [lib/kremlin-c] Error 2
make[5]: Target 'extract-c' not remade because of errors.
make[4]: *** [extract-c-code] Error 2
make[3]: *** [snapshots/snapshot-gcc] Error 2
make[2]: *** [snapshots-intermediates] Error 2
make[1]: *** [extract-all] Error 2
WARNING: (27789,15): '=' cannot be used in patterns.
WARNING: (27789,15): 'if' cannot be used in patterns.
WARNING: (27998,15): '=' cannot be used in patterns.
WARNING: (27998,15): 'if' cannot be used in patterns.
Warning: Malformed JSON hints file: /home/everest/vsts-agent/_work/4/s/code/poly1305_32/Hacl.Bignum.Parameters.fst.hints; ran without hints
./Hacl.Bignum.Parameters.fst(205,2-205,8): (Error) assertion failed (see also ./Hacl.Bignum.Parameters.fst(205,8-205,29))
Verified module: Hacl.Bignum.Parameters (662921 milliseconds)
1 error was reported (see above)
make[3]: *** [Hacl.Bignum.Parameters.fst-verify] Error 1
WARNING: (25108,15): '=' cannot be used in patterns.
WARNING: (25108,15): 'if' cannot be used in patterns.
WARNING: (25317,15): '=' cannot be used in patterns.
WARNING: (25317,15): 'if' cannot be used in patterns.
WARNING: (32113,16): '=' cannot be used in patterns.
WARNING: (32113,16): 'if' cannot be used in patterns.
WARNING: (32264,16): '=' cannot be used in patterns.
WARNING: (32264,16): 'if' cannot be used in patterns.
WARNING: (29525,16): '=' cannot be used in patterns.
WARNING: (29525,16): 'if' cannot be used in patterns.
WARNING: (29676,16): '=' cannot be used in patterns.
WARNING: (29676,16): 'if' cannot be used in patterns.
WARNING: (27617,15): '=' cannot be used in patterns.
WARNING: (27617,15): 'if' cannot be used in patterns.
WARNING: (24720,15): '=' cannot be used in patterns.
WARNING: (24720,15): 'if' cannot be used in patterns.
WARNING: (28017,15): '=' cannot be used in patterns.
WARNING: (28017,15): 'if' cannot be used in patterns.
make[3]: Target 'all-ver' not remade because of errors.
make[2]: *** [poly1305_32-ver] Error 2
make[2]: Target 'verify' not remade because of errors.
make[1]: *** [code.dir-verify] Error 2
make[1]: Target 'verify' not remade because of errors.
make: *** [ci] Error 2
