From https://github.com/FStarLang/FStar
86c688950..b8a3522c1  master                  -> origin/master
a6e37b5c1..976f1d32d  _aseem_abstract_hs_mem  -> origin/_aseem_abstract_hs_mem
1bdf4074b..d20cda10d  _aseem_sort_out_rid     -> origin/_aseem_sort_out_rid
36dfb5843..f66b0bfe1  aseem_misc              -> origin/aseem_misc
* [new branch]          buffer_fixes            -> origin/buffer_fixes
61664c698..44908062a  guido_tactics           -> origin/guido_tactics
* [new branch]          guido_tactics_next      -> origin/guido_tactics_next
* [new branch]          nik_castable_buffers    -> origin/nik_castable_buffers
63acc84d8..675965aab  nik_dep                 -> origin/nik_dep
d65d9c1f5..afddc37cb  nik_integer_overloading -> origin/nik_integer_overloading
08d0fdf9b..31ad7bbbe  protz_uint128           -> origin/protz_uint128
* [new branch]          taramana_buffer_fixes_no_patterns_2 -> origin/taramana_buffer_fixes_no_patterns_2
* [new branch]          taramana_new_to_old_buffers -> origin/taramana_new_to_old_buffers
20c07760f..26384b7ef  vdum_canon_native       -> origin/vdum_canon_native
4ba65e5f0..c0695fcce  zoe_nbe                 -> origin/zoe_nbe
From https://github.com/FStarLang/kremlin
d2a0d29..9dd53ad  master           -> origin/master
f6f985a..2598a7c  protz_uint128    -> origin/protz_uint128
* [new branch]      size_one_buffers -> origin/size_one_buffers
* [new branch]      taramana_new_to_old_buffers -> origin/taramana_new_to_old_buffers
.depend:1: *** missing separator.  Stop.
Warning 10: : -drop is deprecated
use a combination of -bundle and -d reachability to make sure the functions are eliminated as you wish
Warning 10: : -drop is deprecated
use a combination of -bundle and -d reachability to make sure the functions are eliminated as you wish
Warning 10: : -drop is deprecated
use a combination of -bundle and -d reachability to make sure the functions are eliminated as you wish
Warning 10: : -drop is deprecated
use a combination of -bundle and -d reachability to make sure the functions are eliminated as you wish
Fatal error: exception Sys_error("chacha-c/out.krml: No such file or directory")
Raised by primitive operation at file "pervasives.ml", line 385, characters 28-54
Called from file "pervasives.ml" (inlined), line 393, characters 2-47
Called from file "lib/Utils.ml", line 12, characters 10-31
Called from file "src/InputAst.ml", line 163, characters 6-32
Called from file "list.ml", line 67, characters 20-23
Called from file "lib/KList.ml" (inlined), line 40, characters 15-29
Called from file "src/InputAst.ml" (inlined), line 170, characters 17-44
Called from file "src/Kremlin.ml", line 401, characters 14-43
make[6]: *** [chacha-c/Hacl_Chacha20.c] Error 2
Warning 10: : -drop is deprecated
use a combination of -bundle and -d reachability to make sure the functions are eliminated as you wish
Fatal error: exception Sys_error("salsa-c/out.krml: No such file or directory")
Raised by primitive operation at file "pervasives.ml", line 385, characters 28-54
Called from file "pervasives.ml" (inlined), line 393, characters 2-47
Called from file "lib/Utils.ml", line 12, characters 10-31
Called from file "src/InputAst.ml", line 163, characters 6-32
Called from file "list.ml", line 67, characters 20-23
Called from file "lib/KList.ml" (inlined), line 40, characters 15-29
Called from file "src/InputAst.ml" (inlined), line 170, characters 17-44
Called from file "src/Kremlin.ml", line 401, characters 14-43
make[6]: *** [salsa-c/Hacl_Salsa20.c] Error 2
Warning 10: : -drop is deprecated
use a combination of -bundle and -d reachability to make sure the functions are eliminated as you wish
Fatal error: exception Sys_error("chacha-vec128-c/out.krml: No such file or directory")
Raised by primitive operation at file "pervasives.ml", line 385, characters 28-54
Called from file "pervasives.ml" (inlined), line 393, characters 2-47
Called from file "lib/Utils.ml", line 12, characters 10-31
Called from file "src/InputAst.ml", line 163, characters 6-32
Called from file "list.ml", line 67, characters 20-23
Called from file "lib/KList.ml" (inlined), line 40, characters 15-29
Called from file "src/InputAst.ml" (inlined), line 170, characters 17-44
Called from file "src/Kremlin.ml", line 401, characters 14-43
make[6]: *** [chacha-vec128-c/Hacl_Chacha20_Vec128.c] Error 2
make[6]: Target 'extract-c' not remade because of errors.
make[5]: *** [salsa-family-c] Error 2
Warning 10: : -drop is deprecated
use a combination of -bundle and -d reachability to make sure the functions are eliminated as you wish
Warning 10: : -drop is deprecated
use a combination of -bundle and -d reachability to make sure the functions are eliminated as you wish
Fatal error: exception Sys_error("poly-c/out.krml: No such file or directory")
Raised by primitive operation at file "pervasives.ml", line 385, characters 28-54
Called from file "pervasives.ml" (inlined), line 393, characters 2-47
Called from file "lib/Utils.ml", line 12, characters 10-31
Called from file "src/InputAst.ml", line 163, characters 6-32
Called from file "list.ml", line 67, characters 20-23
Called from file "lib/KList.ml" (inlined), line 40, characters 15-29
Called from file "src/InputAst.ml" (inlined), line 170, characters 17-44
Called from file "src/Kremlin.ml", line 401, characters 14-43
make[6]: *** [poly-c/Hacl_Poly1305_64.c] Error 2
Warning 10: : -drop is deprecated
use a combination of -bundle and -d reachability to make sure the functions are eliminated as you wish
Fatal error: exception Sys_error("poly-c/out.krml: No such file or directory")
Raised by primitive operation at file "pervasives.ml", line 385, characters 28-54
Called from file "pervasives.ml" (inlined), line 393, characters 2-47
Called from file "lib/Utils.ml", line 12, characters 10-31
Called from file "src/InputAst.ml", line 163, characters 6-32
Called from file "list.ml", line 67, characters 20-23
Called from file "lib/KList.ml" (inlined), line 40, characters 15-29
Called from file "src/InputAst.ml" (inlined), line 170, characters 17-44
Called from file "src/Kremlin.ml", line 401, characters 14-43
make[6]: *** [poly-c/AEAD_Poly1305_64.c] Error 2
make[6]: Target 'extract-c' not remade because of errors.
make[5]: *** [poly1305-c] Error 2
Warning 10: : -drop is deprecated
use a combination of -bundle and -d reachability to make sure the functions are eliminated as you wish
Warning 10: : -drop is deprecated
use a combination of -bundle and -d reachability to make sure the functions are eliminated as you wish
Fatal error: exception Sys_error("poly-c/out.krml: No such file or directory")
Raised by primitive operation at file "pervasives.ml", line 385, characters 28-54
Called from file "pervasives.ml" (inlined), line 393, characters 2-47
Called from file "lib/Utils.ml", line 12, characters 10-31
Called from file "src/InputAst.ml", line 163, characters 6-32
Called from file "list.ml", line 67, characters 20-23
Called from file "lib/KList.ml" (inlined), line 40, characters 15-29
Called from file "src/InputAst.ml" (inlined), line 170, characters 17-44
Called from file "src/Kremlin.ml", line 401, characters 14-43
make[6]: *** [poly-c/Hacl_Poly1305_32.c] Error 2
make[6]: Target 'extract-c' not remade because of errors.
make[5]: *** [poly1305_32-c] Error 2
Warning 10: : -drop is deprecated
use a combination of -bundle and -d reachability to make sure the functions are eliminated as you wish
Warning 10: : -drop is deprecated
use a combination of -bundle and -d reachability to make sure the functions are eliminated as you wish
Fatal error: exception Sys_error("x25519-c/out.krml: No such file or directory")
Raised by primitive operation at file "pervasives.ml", line 385, characters 28-54
Called from file "pervasives.ml" (inlined), line 393, characters 2-47
Called from file "lib/Utils.ml", line 12, characters 10-31
Called from file "src/InputAst.ml", line 163, characters 6-32
Called from file "list.ml", line 67, characters 20-23
Called from file "lib/KList.ml" (inlined), line 40, characters 15-29
Called from file "src/InputAst.ml" (inlined), line 170, characters 17-44
Called from file "src/Kremlin.ml", line 401, characters 14-43
make[6]: *** [x25519-c/Hacl_Curve25519.c] Error 2
Warning 10: : -drop is deprecated
use a combination of -bundle and -d reachability to make sure the functions are eliminated as you wish
Fatal error: exception Sys_error("x25519-c/out.krml: No such file or directory")
Raised by primitive operation at file "pervasives.ml", line 385, characters 28-54
Called from file "pervasives.ml" (inlined), line 393, characters 2-47
Called from file "lib/Utils.ml", line 12, characters 10-31
Called from file "src/InputAst.ml", line 163, characters 6-32
Called from file "list.ml", line 67, characters 20-23
Called from file "lib/KList.ml" (inlined), line 40, characters 15-29
Called from file "src/InputAst.ml" (inlined), line 170, characters 17-44
Called from file "src/Kremlin.ml", line 401, characters 14-43
make[6]: *** [x25519-c/Hacl_Test_X25519.c] Error 2
make[6]: Target 'extract-c' not remade because of errors.
make[5]: *** [curve25519-c] Error 2
Warning 10: : -drop is deprecated
use a combination of -bundle and -d reachability to make sure the functions are eliminated as you wish
Fatal error: exception Sys_error("aead-c/out.krml: No such file or directory")
Raised by primitive operation at file "pervasives.ml", line 385, characters 28-54
Called from file "pervasives.ml" (inlined), line 393, characters 2-47
Called from file "lib/Utils.ml", line 12, characters 10-31
Called from file "src/InputAst.ml", line 163, characters 6-32
Called from file "list.ml", line 67, characters 20-23
Called from file "lib/KList.ml" (inlined), line 40, characters 15-29
Called from file "src/InputAst.ml" (inlined), line 170, characters 17-44
Called from file "src/Kremlin.ml", line 401, characters 14-43
make[6]: *** [aead-c/Hacl_Chacha20Poly1305.c] Error 2
Warning 10: : -drop is deprecated
use a combination of -bundle and -d reachability to make sure the functions are eliminated as you wish
Fatal error: exception Sys_error("box-c/out.krml: No such file or directory")
Raised by primitive operation at file "pervasives.ml", line 385, characters 28-54
Called from file "pervasives.ml" (inlined), line 393, characters 2-47
Called from file "lib/Utils.ml", line 12, characters 10-31
Called from file "src/InputAst.ml", line 163, characters 6-32
Called from file "list.ml", line 67, characters 20-23
Called from file "lib/KList.ml" (inlined), line 40, characters 15-29
Called from file "src/InputAst.ml" (inlined), line 170, characters 17-44
Called from file "src/Kremlin.ml", line 401, characters 14-43
make[6]: *** [box-c/NaCl.c] Error 2
Warning 10: : -drop is deprecated
use a combination of -bundle and -d reachability to make sure the functions are eliminated as you wish
Fatal error: exception Sys_error("policies-c/out.krml: No such file or directory")
Raised by primitive operation at file "pervasives.ml", line 385, characters 28-54
Called from file "pervasives.ml" (inlined), line 393, characters 2-47
Called from file "lib/Utils.ml", line 12, characters 10-31
Called from file "src/InputAst.ml", line 163, characters 6-32
Called from file "list.ml", line 67, characters 20-23
Called from file "lib/KList.ml" (inlined), line 40, characters 15-29
Called from file "src/InputAst.ml" (inlined), line 170, characters 17-44
Called from file "src/Kremlin.ml", line 401, characters 14-43
make[6]: *** [policies-c/Hacl_Policies.c] Error 2
make[6]: Target 'extract-c' not remade because of errors.
make[5]: *** [api-c] Error 2
Warning 10: : -drop is deprecated
use a combination of -bundle and -d reachability to make sure the functions are eliminated as you wish
Warning 10: : -drop is deprecated
use a combination of -bundle and -d reachability to make sure the functions are eliminated as you wish
Fatal error: exception Sys_error("hmac-c/out.krml: No such file or directory")
Raised by primitive operation at file "pervasives.ml", line 385, characters 28-54
Called from file "pervasives.ml" (inlined), line 393, characters 2-47
Called from file "lib/Utils.ml", line 12, characters 10-31
Called from file "src/InputAst.ml", line 163, characters 6-32
Called from file "list.ml", line 67, characters 20-23
Called from file "lib/KList.ml" (inlined), line 40, characters 15-29
Called from file "src/InputAst.ml" (inlined), line 170, characters 17-44
Called from file "src/Kremlin.ml", line 401, characters 14-43
make[6]: *** [hmac-c/Hacl_HMAC_SHA2_256.c] Error 2
make[6]: Target 'extract-c' not remade because of errors.
make[5]: *** [hmac-c] Error 2
Warning 10: : -drop is deprecated
use a combination of -bundle and -d reachability to make sure the functions are eliminated as you wish
Warning 10: : -drop is deprecated
use a combination of -bundle and -d reachability to make sure the functions are eliminated as you wish
Fatal error: exception Sys_error("ed25519-c/out.krml: No such file or directory")
Raised by primitive operation at file "pervasives.ml", line 385, characters 28-54
Called from file "pervasives.ml" (inlined), line 393, characters 2-47
Called from file "lib/Utils.ml", line 12, characters 10-31
Called from file "src/InputAst.ml", line 163, characters 6-32
Called from file "list.ml", line 67, characters 20-23
Called from file "lib/KList.ml" (inlined), line 40, characters 15-29
Called from file "src/InputAst.ml" (inlined), line 170, characters 17-44
Called from file "src/Kremlin.ml", line 401, characters 14-43
make[6]: *** [ed25519-c/Hacl_Ed25519.c] Error 2
make[6]: Target 'extract-c' not remade because of errors.
make[5]: *** [ed25519-c] Error 2
Warning 10: : -drop is deprecated
use a combination of -bundle and -d reachability to make sure the functions are eliminated as you wish
Warning 10: : -drop is deprecated
use a combination of -bundle and -d reachability to make sure the functions are eliminated as you wish
Fatal error: exception Sys_error("sha2-c/out.krml: No such file or directory")
Raised by primitive operation at file "pervasives.ml", line 385, characters 28-54
Called from file "pervasives.ml" (inlined), line 393, characters 2-47
Called from file "lib/Utils.ml", line 12, characters 10-31
Called from file "src/InputAst.ml", line 163, characters 6-32
Called from file "list.ml", line 67, characters 20-23
Called from file "lib/KList.ml" (inlined), line 40, characters 15-29
Called from file "src/InputAst.ml" (inlined), line 170, characters 17-44
Called from file "src/Kremlin.ml", line 401, characters 14-43
make[6]: *** [sha2-c/Hacl_SHA2_256.c] Error 2
Warning 10: : -drop is deprecated
use a combination of -bundle and -d reachability to make sure the functions are eliminated as you wish
Fatal error: exception Sys_error("sha2-c/out.krml: No such file or directory")
Raised by primitive operation at file "pervasives.ml", line 385, characters 28-54
Called from file "pervasives.ml" (inlined), line 393, characters 2-47
Called from file "lib/Utils.ml", line 12, characters 10-31
Called from file "src/InputAst.ml", line 163, characters 6-32
Called from file "list.ml", line 67, characters 20-23
Called from file "lib/KList.ml" (inlined), line 40, characters 15-29
Called from file "src/InputAst.ml" (inlined), line 170, characters 17-44
Called from file "src/Kremlin.ml", line 401, characters 14-43
make[6]: *** [sha2-c/Hacl_Test_SHA2_256.c] Error 2
Warning 10: : -drop is deprecated
use a combination of -bundle and -d reachability to make sure the functions are eliminated as you wish
Fatal error: exception Sys_error("sha2-c/out.krml: No such file or directory")
Raised by primitive operation at file "pervasives.ml", line 385, characters 28-54
Called from file "pervasives.ml" (inlined), line 393, characters 2-47
Called from file "lib/Utils.ml", line 12, characters 10-31
Called from file "src/InputAst.ml", line 163, characters 6-32
Called from file "list.ml", line 67, characters 20-23
Called from file "lib/KList.ml" (inlined), line 40, characters 15-29
Called from file "src/InputAst.ml" (inlined), line 170, characters 17-44
Called from file "src/Kremlin.ml", line 401, characters 14-43
make[6]: *** [sha2-c/Hacl_SHA2_384.c] Error 2
Warning 10: : -drop is deprecated
use a combination of -bundle and -d reachability to make sure the functions are eliminated as you wish
Fatal error: exception Sys_error("sha2-c/out.krml: No such file or directory")
Raised by primitive operation at file "pervasives.ml", line 385, characters 28-54
Called from file "pervasives.ml" (inlined), line 393, characters 2-47
Called from file "lib/Utils.ml", line 12, characters 10-31
Called from file "src/InputAst.ml", line 163, characters 6-32
Called from file "list.ml", line 67, characters 20-23
Called from file "lib/KList.ml" (inlined), line 40, characters 15-29
Called from file "src/InputAst.ml" (inlined), line 170, characters 17-44
Called from file "src/Kremlin.ml", line 401, characters 14-43
make[6]: *** [sha2-c/Hacl_Test_SHA2_384.c] Error 2
Warning 10: : -drop is deprecated
use a combination of -bundle and -d reachability to make sure the functions are eliminated as you wish
Fatal error: exception Sys_error("sha2-c/out.krml: No such file or directory")
Raised by primitive operation at file "pervasives.ml", line 385, characters 28-54
Called from file "pervasives.ml" (inlined), line 393, characters 2-47
Called from file "lib/Utils.ml", line 12, characters 10-31
Called from file "src/InputAst.ml", line 163, characters 6-32
Called from file "list.ml", line 67, characters 20-23
Called from file "lib/KList.ml" (inlined), line 40, characters 15-29
Called from file "src/InputAst.ml" (inlined), line 170, characters 17-44
Called from file "src/Kremlin.ml", line 401, characters 14-43
make[6]: *** [sha2-c/Hacl_SHA2_512.c] Error 2
Warning 10: : -drop is deprecated
use a combination of -bundle and -d reachability to make sure the functions are eliminated as you wish
Fatal error: exception Sys_error("sha2-c/out.krml: No such file or directory")
Raised by primitive operation at file "pervasives.ml", line 385, characters 28-54
Called from file "pervasives.ml" (inlined), line 393, characters 2-47
Called from file "lib/Utils.ml", line 12, characters 10-31
Called from file "src/InputAst.ml", line 163, characters 6-32
Called from file "list.ml", line 67, characters 20-23
Called from file "lib/KList.ml" (inlined), line 40, characters 15-29
Called from file "src/InputAst.ml" (inlined), line 170, characters 17-44
Called from file "src/Kremlin.ml", line 401, characters 14-43
make[6]: *** [sha2-c/Hacl_Test_SHA2_512.c] Error 2
make[6]: Target 'extract-c' not remade because of errors.
make[5]: *** [hash-c] Error 2
Warning 10: : -drop is deprecated
use a combination of -bundle and -d reachability to make sure the functions are eliminated as you wish
Fatal error: exception Sys_error("ccomp-c/out.krml: No such file or directory")
Raised by primitive operation at file "pervasives.ml", line 385, characters 28-54
Called from file "pervasives.ml" (inlined), line 393, characters 2-47
Called from file "lib/Utils.ml", line 12, characters 10-31
Called from file "src/InputAst.ml", line 163, characters 6-32
Called from file "list.ml", line 67, characters 20-23
Called from file "lib/KList.ml" (inlined), line 40, characters 15-29
Called from file "src/InputAst.ml" (inlined), line 170, characters 17-44
Called from file "src/Kremlin.ml", line 401, characters 14-43
make[6]: *** [ccomp-c/FStar.h] Error 2
Warning 10: : -drop is deprecated
use a combination of -bundle and -d reachability to make sure the functions are eliminated as you wish
Fatal error: exception Sys_error("lib-c/out.krml: No such file or directory")
Raised by primitive operation at file "pervasives.ml", line 385, characters 28-54
Called from file "pervasives.ml" (inlined), line 393, characters 2-47
Called from file "lib/Utils.ml", line 12, characters 10-31
Called from file "src/InputAst.ml", line 163, characters 6-32
Called from file "list.ml", line 67, characters 20-23
Called from file "lib/KList.ml" (inlined), line 40, characters 15-29
Called from file "src/InputAst.ml" (inlined), line 170, characters 17-44
Called from file "src/Kremlin.ml", line 401, characters 14-43
make[6]: *** [lib-c/Hacl_Policies.c] Error 2
make[6]: Target 'extract-c' not remade because of errors.
make[5]: *** [lib/kremlin-c] Error 2
make[5]: Target 'extract-c' not remade because of errors.
make[4]: *** [extract-c-code] Error 2
make[3]: *** [snapshots/snapshot-gcc] Error 2
make[2]: *** [snapshots-intermediates] Error 2
make[1]: *** [extract-all] Error 2
WARNING: (27789,15): '=' cannot be used in patterns.
WARNING: (27789,15): 'if' cannot be used in patterns.
WARNING: (27998,15): '=' cannot be used in patterns.
WARNING: (27998,15): 'if' cannot be used in patterns.
WARNING: (27617,15): '=' cannot be used in patterns.
WARNING: (27617,15): 'if' cannot be used in patterns.
WARNING: (28017,15): '=' cannot be used in patterns.
WARNING: (28017,15): 'if' cannot be used in patterns.
Warning: Malformed JSON hints file: /home/everest/vsts-agent/_work/4/s/code/poly1305_32/Hacl.Bignum.Parameters.fst.hints; ran without hints
./Hacl.Bignum.Parameters.fst(205,2-205,8): (Error) assertion failed (see also ./Hacl.Bignum.Parameters.fst(205,8-205,29))
Verified module: Hacl.Bignum.Parameters (566453 milliseconds)
1 error was reported (see above)
make[3]: *** [Hacl.Bignum.Parameters.fst-verify] Error 1
WARNING: (25108,15): '=' cannot be used in patterns.
WARNING: (25108,15): 'if' cannot be used in patterns.
WARNING: (25317,15): '=' cannot be used in patterns.
WARNING: (25317,15): 'if' cannot be used in patterns.
WARNING: (32113,16): '=' cannot be used in patterns.
WARNING: (32113,16): 'if' cannot be used in patterns.
WARNING: (32264,16): '=' cannot be used in patterns.
WARNING: (32264,16): 'if' cannot be used in patterns.
WARNING: (29525,16): '=' cannot be used in patterns.
WARNING: (29525,16): 'if' cannot be used in patterns.
WARNING: (29676,16): '=' cannot be used in patterns.
WARNING: (29676,16): 'if' cannot be used in patterns.
make[3]: Target 'all-ver' not remade because of errors.
make[2]: *** [poly1305_32-ver] Error 2
WARNING: (24720,15): '=' cannot be used in patterns.
WARNING: (24720,15): 'if' cannot be used in patterns.
make[2]: Target 'verify' not remade because of errors.
make[1]: *** [code.dir-verify] Error 2
make[1]: Target 'verify' not remade because of errors.
make: *** [ci] Error 2
