From https://github.com/FStarLang/FStar
0be9a7a93..c611a6534  master             -> origin/master
* [new branch]          c_delta-equational -> origin/c_delta-equational
49016426d..12128c61f  c_prop-dev         -> origin/c_prop-dev
a50fb3734..f5ed64068  guido_tactics      -> origin/guido_tactics
74d6b3c33..ad93ad3dd  nik_rel            -> origin/nik_rel
From https://github.com/FStarLang/kremlin
9d328e0..2739d4f  cleanup-kremlib-2 -> origin/cleanup-kremlib-2
a3d914d..2739d4f  fstar-master      -> origin/fstar-master
From https://github.com/mitls/hacl-star
95f62556..bada504f  dev_providers -> origin/dev_providers
70f9797d..bc3e49ce  fstar-master  -> origin/fstar-master
a13ea5c8..b69319a0  stable        -> origin/stable
Warning 10: : -drop is deprecated
use a combination of -bundle and -d reachability to make sure the functions are eliminated as you wish
Warning 10: : -drop is deprecated
use a combination of -bundle and -d reachability to make sure the functions are eliminated as you wish
Warning 2: in the definition of b0', after the definition of b4', in top-level declaration Hacl.Bignum.Modulo.carry_top_wide, in file Hacl_Curve25519: Reference to FStar.UInt128.mul_wide has no corresponding implementation; please provide a C implementation
Warning 2: after the definition of yi, in the definition of f', in the last element of the sequence, after the definition of h0, in top-level declaration Hacl.Bignum.Fproduct.sum_scalar_multiplication_, in file Hacl_Curve25519: Reference to FStar.UInt128.mul_wide has no corresponding implementation; please provide a C implementation
Warning 2: after the definition of xi, in the definition of f', in the last element of the sequence, after the definition of h0, in top-level declaration Hacl.Bignum.Fscalar.fscalar, in file Hacl_Curve25519: Reference to FStar.UInt128.mul_wide has no corresponding implementation; please provide a C implementation
Warning 2: in the definition of s0, after the definition of d4, in top-level declaration Hacl.Bignum.Fsquare.fsquare__, in file Hacl_Curve25519: Reference to FStar.UInt128.mul_wide has no corresponding implementation; please provide a C implementation
Warning 2: in the definition of s0, after the definition of d4, in top-level declaration Hacl.Bignum.Fsquare.fsquare__, in file Hacl_Curve25519: Reference to FStar.UInt128.mul_wide has no corresponding implementation; please provide a C implementation
Warning 2: in the definition of s0, after the definition of d4, in top-level declaration Hacl.Bignum.Fsquare.fsquare__, in file Hacl_Curve25519: Reference to FStar.UInt128.mul_wide has no corresponding implementation; please provide a C implementation
Warning 2: in the definition of s1, after the definition of s0, in top-level declaration Hacl.Bignum.Fsquare.fsquare__, in file Hacl_Curve25519: Reference to FStar.UInt128.mul_wide has no corresponding implementation; please provide a C implementation
Warning 2: in the definition of s1, after the definition of s0, in top-level declaration Hacl.Bignum.Fsquare.fsquare__, in file Hacl_Curve25519: Reference to FStar.UInt128.mul_wide has no corresponding implementation; please provide a C implementation
Warning 2: in the definition of s1, after the definition of s0, in top-level declaration Hacl.Bignum.Fsquare.fsquare__, in file Hacl_Curve25519: Reference to FStar.UInt128.mul_wide has no corresponding implementation; please provide a C implementation
Warning 2: in the definition of s2, after the definition of s1, in top-level declaration Hacl.Bignum.Fsquare.fsquare__, in file Hacl_Curve25519: Reference to FStar.UInt128.mul_wide has no corresponding implementation; please provide a C implementation
Warning 2: in the definition of s2, after the definition of s1, in top-level declaration Hacl.Bignum.Fsquare.fsquare__, in file Hacl_Curve25519: Reference to FStar.UInt128.mul_wide has no corresponding implementation; please provide a C implementation
Warning 2: in the definition of s2, after the definition of s1, in top-level declaration Hacl.Bignum.Fsquare.fsquare__, in file Hacl_Curve25519: Reference to FStar.UInt128.mul_wide has no corresponding implementation; please provide a C implementation
Warning 2: in the definition of s3, after the definition of s2, in top-level declaration Hacl.Bignum.Fsquare.fsquare__, in file Hacl_Curve25519: Reference to FStar.UInt128.mul_wide has no corresponding implementation; please provide a C implementation
Warning 2: in the definition of s3, after the definition of s2, in top-level declaration Hacl.Bignum.Fsquare.fsquare__, in file Hacl_Curve25519: Reference to FStar.UInt128.mul_wide has no corresponding implementation; please provide a C implementation
Warning 2: in the definition of s3, after the definition of s2, in top-level declaration Hacl.Bignum.Fsquare.fsquare__, in file Hacl_Curve25519: Reference to FStar.UInt128.mul_wide has no corresponding implementation; please provide a C implementation
Warning 2: in the definition of s4, after the definition of s3, in top-level declaration Hacl.Bignum.Fsquare.fsquare__, in file Hacl_Curve25519: Reference to FStar.UInt128.mul_wide has no corresponding implementation; please provide a C implementation
Warning 2: in the definition of s4, after the definition of s3, in top-level declaration Hacl.Bignum.Fsquare.fsquare__, in file Hacl_Curve25519: Reference to FStar.UInt128.mul_wide has no corresponding implementation; please provide a C implementation
Warning 2: in the definition of s4, after the definition of s3, in top-level declaration Hacl.Bignum.Fsquare.fsquare__, in file Hacl_Curve25519: Reference to FStar.UInt128.mul_wide has no corresponding implementation; please provide a C implementation
Warning 13: : C.exit_code, a monomorphic instance, is first used, and therefore inserted, in file C which is about to be dropped; you may get a C compiler error about C_exit_code if any other module uses this definition
Warning 13: : Hacl.UInt128.t, a monomorphic instance, is first used, and therefore inserted, in file Hacl_UInt128 which is about to be dropped; you may get a C compiler error about Hacl_UInt128_t if any other module uses this definition
Warning 7: : After inlining, Hacl.Bignum.Fproduct.copy_from_wide_ (going into Hacl_Curve25519) calls FStar.UInt128.uint128_to_uint64 (going into FStar) -- removing the static qualifier from FStar.UInt128.uint128_to_uint64
Warning 7: : After inlining, Hacl.Bignum.Fproduct.sum_scalar_multiplication_ (going into Hacl_Curve25519) calls FStar.UInt128.add_mod (going into FStar) -- removing the static qualifier from FStar.UInt128.add_mod
Warning 7: : After inlining, Hacl.Bignum.Fproduct.carry_wide_ (going into Hacl_Curve25519) calls FStar.UInt128.shift_right (going into FStar) -- removing the static qualifier from FStar.UInt128.shift_right
Warning 7: : After inlining, Hacl.Bignum.Fproduct.carry_wide_ (going into Hacl_Curve25519) calls FStar.UInt128.uint64_to_uint128 (going into FStar) -- removing the static qualifier from FStar.UInt128.uint64_to_uint128
Warning 7: : After inlining, Hacl.Bignum.Fproduct.carry_wide_ (going into Hacl_Curve25519) calls FStar.UInt128.add (going into FStar) -- removing the static qualifier from FStar.UInt128.add
Warning 7: : After inlining, Hacl.Bignum.Fmul.fmul (going into Hacl_Curve25519) calls FStar.UInt128.logand (going into FStar) -- removing the static qualifier from FStar.UInt128.logand
Warning 7: : After inlining, Hacl.EC.Format.fcontract_trim (going into Hacl_Curve25519) calls FStar.UInt64.gte_mask (going into FStar) -- removing the static qualifier from FStar.UInt64.gte_mask
Warning 7: : After inlining, Hacl.EC.Format.fcontract_trim (going into Hacl_Curve25519) calls FStar.UInt64.eq_mask (going into FStar) -- removing the static qualifier from FStar.UInt64.eq_mask
Warning 7: : After inlining, Hacl.Test.X25519.main (going into Hacl_Test_X25519) calls Hacl.EC.crypto_scalarmult (going into Hacl_Curve25519) -- removing the static qualifier from Hacl.EC.crypto_scalarmult
make[2]: *** No rule to make target 'C:/build/agent1/_work/2/s/hacl-star/code/hash/Hacl.Hash.SHA2_384.Lemmas.fst', needed by '../secure_api/out/runtime_switch/cache/Hacl.Hash.SHA2_384.Lemmas.fst.checked.lax'.  Stop.
make[2]: *** Waiting for unfinished jobs....
make[2]: *** No rule to make target 'C:/build/agent1/_work/2/s/hacl-star/code/hash/Hacl.Hash.SHA2_384.Lemmas.fst', needed by '../secure_api/out/vale_aes_abstract_id/cache/Hacl.Hash.SHA2_384.Lemmas.fst.checked.lax'.  Stop.
make[2]: *** Waiting for unfinished jobs....
make[2]: *** No rule to make target 'C:/build/agent1/_work/2/s/hacl-star/code/hash/Hacl.Hash.SHA2_384.Lemmas.fst', needed by '../secure_api/out/hacl_aes_abstract_id/cache/Hacl.Hash.SHA2_384.Lemmas.fst.checked.lax'.  Stop.
make[2]: *** Waiting for unfinished jobs....
C:/build/agent1/_work/2/s/hacl-star/code/lib/kremlin/Hacl.UInt128.fst(0,0-0,0): (Warning 241) Stale cache file ..\secure_api\out\vale_aes_abstract_id\cache\Hacl.UInt128.fst.checked.lax; will recheck C:/build/agent1/_work/2/s/hacl-star/code/lib/kremlin/Hacl.UInt128.fst and all subsequent files
C:/build/agent1/_work/2/s/hacl-star/code/lib/kremlin/Hacl.UInt128.fst(0,0-0,0): (Warning 241) Stale cache file ..\secure_api\out\hacl_aes_abstract_id\cache\Hacl.UInt128.fst.checked.lax; will recheck C:/build/agent1/_work/2/s/hacl-star/code/lib/kremlin/Hacl.UInt128.fst and all subsequent files
C:/build/agent1/_work/2/s/hacl-star/code/lib/kremlin/Hacl.UInt128.fst(0,0-0,0): (Warning 241) Stale cache file ..\secure_api\out\runtime_switch\cache\Hacl.UInt128.fst.checked.lax; will recheck C:/build/agent1/_work/2/s/hacl-star/code/lib/kremlin/Hacl.UInt128.fst and all subsequent files
C:\build\agent1\_work\2\s\kremlin\kremlib\C.Endianness.fst(0,0-0,0): (Warning 241) Stale cache file ..\secure_api\out\vale_aes_abstract_id\cache\C.Endianness.fst.checked.lax; will recheck C:\build\agent1\_work\2\s\kremlin\kremlib\C.Endianness.fst and all subsequent files
make[1]: *** [Makefile:26: vale_aes_abstract_id] Error 2
make[1]: *** Waiting for unfinished jobs....
C:\build\agent1\_work\2\s\kremlin\kremlib\C.Endianness.fst(0,0-0,0): (Warning 241) Stale cache file ..\secure_api\out\runtime_switch\cache\C.Endianness.fst.checked.lax; will recheck C:\build\agent1\_work\2\s\kremlin\kremlib\C.Endianness.fst and all subsequent files
make[1]: *** [Makefile:17: runtime_switch] Error 2
C:\build\agent1\_work\2\s\kremlin\kremlib\C.Endianness.fst(0,0-0,0): (Warning 241) Stale cache file ..\secure_api\out\hacl_aes_abstract_id\cache\C.Endianness.fst.checked.lax; will recheck C:\build\agent1\_work\2\s\kremlin\kremlib\C.Endianness.fst and all subsequent files
make[1]: *** [Makefile:29: hacl_aes_abstract_id] Error 2
make: *** [Makefile:5: all] Error 2
