From https://github.com/FStarLang/FStar
9bf364628..3f89bed75  master        -> origin/master
074a061e8..211dd6c59  _nik_friends  -> origin/_nik_friends
50eca30a2..8e8e06490  _refine       -> origin/_refine
e3afb6bfe..757ee7ddf  guido_sl      -> origin/guido_sl
88ff44550..fb507b5c0  guido_tactics -> origin/guido_tactics
FStar.All.fst(0,0-0,0): (Warning 241) Stale cache file FStar.All.fst.checked.lax; will recheck FStar.All.fst and all subsequent files
FStar.Relational.Comp.fst(0,0-0,0): (Warning 241) Stale cache file FStar.Relational.Comp.fst.checked.lax; will recheck FStar.Relational.Comp.fst and all subsequent files
FStar.List.fst(0,0-0,0): (Warning 241) Stale cache file FStar.List.fst.checked.lax; will recheck FStar.List.fst and all subsequent files
FStar.IO.fst(0,0-0,0): (Warning 241) Stale cache file FStar.IO.fst.checked.lax; will recheck FStar.IO.fst and all subsequent files
FStar.Array.fst(0,0-0,0): (Warning 241) Stale cache file FStar.Array.fst.checked.lax; will recheck FStar.Array.fst and all subsequent files
FStar.Relational.State.fst(0,0-0,0): (Warning 241) Stale cache file FStar.Relational.State.fst.checked.lax; will recheck FStar.Relational.State.fst and all subsequent files
FStar.String.fsti(0,0-0,0): (Warning 241) Stale cache file FStar.String.fsti.checked.lax; will recheck FStar.String.fsti and all subsequent files
FStar.Error.fst(0,0-0,0): (Warning 241) Stale cache file FStar.Error.fst.checked.lax; will recheck FStar.Error.fst and all subsequent files
FStar.Pointer.Base.fsti(0,0-0,0): (Warning 241) Stale cache file FStar.Pointer.Base.fsti.checked.lax; will recheck FStar.Pointer.Base.fsti and all subsequent files
FStar.Pointer.Derived1.fsti(0,0-0,0): (Warning 241) Stale cache file FStar.Pointer.Derived1.fsti.checked.lax; will recheck FStar.Pointer.Derived1.fsti and all subsequent files
FStar.Pointer.Derived2.fsti(0,0-0,0): (Warning 241) Stale cache file FStar.Pointer.Derived2.fsti.checked.lax; will recheck FStar.Pointer.Derived2.fsti and all subsequent files
FStar.Pointer.Derived3.fsti(0,0-0,0): (Warning 241) Stale cache file FStar.Pointer.Derived3.fsti.checked.lax; will recheck FStar.Pointer.Derived3.fsti and all subsequent files
FStar.Pointer.fst(0,0-0,0): (Warning 241) Stale cache file FStar.Pointer.fst.checked.lax; will recheck FStar.Pointer.fst and all subsequent files
FStar.Reflection.Derived.fst(0,0-0,0): (Warning 241) Stale cache file FStar.Reflection.Derived.fst.checked.lax; will recheck FStar.Reflection.Derived.fst and all subsequent files
FStar.Reflection.Derived.Lemmas.fst(0,0-0,0): (Warning 241) Stale cache file FStar.Reflection.Derived.Lemmas.fst.checked.lax; will recheck FStar.Reflection.Derived.Lemmas.fst and all subsequent files
FStar.Reflection.Formula.fst(0,0-0,0): (Warning 241) Stale cache file FStar.Reflection.Formula.fst.checked.lax; will recheck FStar.Reflection.Formula.fst and all subsequent files
FStar.Reflection.fst(0,0-0,0): (Warning 241) Stale cache file FStar.Reflection.fst.checked.lax; will recheck FStar.Reflection.fst and all subsequent files
FStar.Tactics.Derived.fst(0,0-0,0): (Warning 241) Stale cache file FStar.Tactics.Derived.fst.checked.lax; will recheck FStar.Tactics.Derived.fst and all subsequent files
FStar.Tactics.Logic.fst(0,0-0,0): (Warning 241) Stale cache file FStar.Tactics.Logic.fst.checked.lax; will recheck FStar.Tactics.Logic.fst and all subsequent files
FStar.Tactics.fst(0,0-0,0): (Warning 241) Stale cache file FStar.Tactics.fst.checked.lax; will recheck FStar.Tactics.fst and all subsequent files
FStar.Tactics.Typeclasses.fst(0,0-0,0): (Warning 241) Stale cache file FStar.Tactics.Typeclasses.fst.checked.lax; will recheck FStar.Tactics.Typeclasses.fst and all subsequent files
FStar.Tactics.Simplifier.fst(0,0-0,0): (Warning 241) Stale cache file FStar.Tactics.Simplifier.fst.checked.lax; will recheck FStar.Tactics.Simplifier.fst and all subsequent files
FStar.Reflection.Arith.fst(0,0-0,0): (Warning 241) Stale cache file FStar.Reflection.Arith.fst.checked.lax; will recheck FStar.Reflection.Arith.fst and all subsequent files
FStar.Tactics.PatternMatching.fst(0,0-0,0): (Warning 241) Stale cache file FStar.Tactics.PatternMatching.fst.checked.lax; will recheck FStar.Tactics.PatternMatching.fst and all subsequent files
FStar.Tactics.Arith.fst(0,0-0,0): (Warning 241) Stale cache file FStar.Tactics.Arith.fst.checked.lax; will recheck FStar.Tactics.Arith.fst and all subsequent files
FStar.Tactics.Canon.fst(0,0-0,0): (Warning 241) Stale cache file FStar.Tactics.Canon.fst.checked.lax; will recheck FStar.Tactics.Canon.fst and all subsequent files
FStar.Tactics.BV.fst(0,0-0,0): (Warning 241) Stale cache file FStar.Tactics.BV.fst.checked.lax; will recheck FStar.Tactics.BV.fst and all subsequent files
make[1]: *** [Makefile:105: _fstartaclib] Error 10
make: *** [Makefile:3: all] Error 2
make[1]: *** No rule to make target 'LowStar.Modifies.fsti', needed by 'LowStar.Modifies.fsti.checked'.  Stop.
make[1]: *** Waiting for unfinished jobs....
FStar.OrdSetProps.fst(0,0-0,0): (Warning 241) Stale cache file FStar.OrdSetProps.fst.checked; will recheck FStar.OrdSetProps.fst and all subsequent files
FStar.ST.fst(0,0-0,0): (Warning 241) Stale cache file FStar.ST.fst.checked; will recheck FStar.ST.fst and all subsequent files
FStar.Axiomatic.Array.fst(0,0-0,0): (Warning 241) Stale cache file FStar.Axiomatic.Array.fst.checked; will recheck FStar.Axiomatic.Array.fst and all subsequent files
FStar.Relational.Relational.fst(0,0-0,0): (Warning 241) Stale cache file FStar.Relational.Relational.fst.checked; will recheck FStar.Relational.Relational.fst and all subsequent files
FStar.TwoLevelHeap.fst(0,0-0,0): (Warning 241) Stale cache file FStar.TwoLevelHeap.fst.checked; will recheck FStar.TwoLevelHeap.fst and all subsequent files
FStar.OrdMap.fst(0,0-0,0): (Warning 241) Stale cache file FStar.OrdMap.fst.checked; will recheck FStar.OrdMap.fst and all subsequent files
FStar.Monotonic.HyperStack.fst(0,0-0,0): (Warning 241) Stale cache file FStar.Monotonic.HyperStack.fst.checked; will recheck FStar.Monotonic.HyperStack.fst and all subsequent files
FStar.Seq.Properties.fst(0,0-0,0): (Warning 241) Stale cache file FStar.Seq.Properties.fst.checked; will recheck FStar.Seq.Properties.fst and all subsequent files
make: *** [Makefile:12: all] Error 2
