From https://github.com/FStarLang/FStar
3352fef92..19a1ff2a3  master            -> origin/master
+ 34ebf2136...7d02cf5d6 guido_1470        -> origin/guido_1470  (forced update)
+ 1928aaecf...e7460f059 guido_fix         -> origin/guido_fix  (forced update)
* [new branch]          guido_test5       -> origin/guido_test5
39e9f65e0..cdda9855f  joonwonc_lowlevel -> origin/joonwonc_lowlevel
* [new branch]          santiago_frameof  -> origin/santiago_frameof
f3457e684..2f775863f  taramana_bufferv3 -> origin/taramana_bufferv3
f0f01a4c9..b1b31394d  zoep_refine       -> origin/zoep_refine
FStar.HyperStack.ST.fst(0,0-0,0): (Warning 241) Stale cache file FStar.HyperStack.ST.fst.checked.lax; will recheck FStar.HyperStack.ST.fst and all subsequent files
FStar.Monotonic.Map.fst(0,0-0,0): (Warning 241) Stale cache file FStar.Monotonic.Map.fst.checked.lax; will recheck FStar.Monotonic.Map.fst and all subsequent files
FStar.Monotonic.DependentMap.fst(0,0-0,0): (Warning 241) Stale cache file FStar.Monotonic.DependentMap.fst.checked.lax; will recheck FStar.Monotonic.DependentMap.fst and all subsequent files
FStar.Monotonic.Seq.fst(0,0-0,0): (Warning 241) Stale cache file FStar.Monotonic.Seq.fst.checked.lax; will recheck FStar.Monotonic.Seq.fst and all subsequent files
FStar.ModifiesGen.fsti(0,0-0,0): (Warning 241) Stale cache file FStar.ModifiesGen.fsti.checked.lax; will recheck FStar.ModifiesGen.fsti and all subsequent files
FStar.ModifiesGen.fsti(785,16-785,33): (Warning 288) FStar.Monotonic.HyperStack.is_eternal_region is deprecated, use FStar.HyperStack.ST.is_eternal_region instead
FStar.Buffer.fst(0,0-0,0): (Warning 241) Stale cache file FStar.Buffer.fst.checked.lax; will recheck FStar.Buffer.fst and all subsequent files
LowStar.Buffer.fsti(0,0-0,0): (Warning 241) Stale cache file LowStar.Buffer.fsti.checked.lax; will recheck LowStar.Buffer.fsti and all subsequent files
LowStar.Buffer.fsti(1115,16-1115,33): (Warning 288) FStar.Monotonic.HyperStack.is_eternal_region is deprecated, use FStar.HyperStack.ST.is_eternal_region instead
LowStar.BufferCompat.fst(0,0-0,0): (Warning 241) Stale cache file LowStar.BufferCompat.fst.checked.lax; will recheck LowStar.BufferCompat.fst and all subsequent files
LowStar.Modifies.fst(0,0-0,0): (Warning 241) Stale cache file LowStar.Modifies.fst.checked.lax; will recheck LowStar.Modifies.fst and all subsequent files
LowStar.BufferOps.fst(0,0-0,0): (Warning 241) Stale cache file LowStar.BufferOps.fst.checked.lax; will recheck LowStar.BufferOps.fst and all subsequent files
FStar.Pointer.Base.fsti(0,0-0,0): (Warning 241) Stale cache file FStar.Pointer.Base.fsti.checked.lax; will recheck FStar.Pointer.Base.fsti and all subsequent files
FStar.Modifies.fsti(0,0-0,0): (Warning 241) Stale cache file FStar.Modifies.fsti.checked.lax; will recheck FStar.Modifies.fsti and all subsequent files
FStar.Buffer.Quantifiers.fst(0,0-0,0): (Warning 241) Stale cache file FStar.Buffer.Quantifiers.fst.checked.lax; will recheck FStar.Buffer.Quantifiers.fst and all subsequent files
LowStar.ModifiesPat.fst(0,0-0,0): (Warning 241) Stale cache file LowStar.ModifiesPat.fst.checked.lax; will recheck LowStar.ModifiesPat.fst and all subsequent files
FStar.Pointer.Derived1.fsti(0,0-0,0): (Warning 241) Stale cache file FStar.Pointer.Derived1.fsti.checked.lax; will recheck FStar.Pointer.Derived1.fsti and all subsequent files
LowStar.ToFStarBuffer.fst(0,0-0,0): (Warning 241) Stale cache file LowStar.ToFStarBuffer.fst.checked.lax; will recheck LowStar.ToFStarBuffer.fst and all subsequent files
FStar.Pointer.Derived2.fsti(0,0-0,0): (Warning 241) Stale cache file FStar.Pointer.Derived2.fsti.checked.lax; will recheck FStar.Pointer.Derived2.fsti and all subsequent files
FStar.Pointer.Derived3.fsti(0,0-0,0): (Warning 241) Stale cache file FStar.Pointer.Derived3.fsti.checked.lax; will recheck FStar.Pointer.Derived3.fsti and all subsequent files
FStar.Pointer.fst(0,0-0,0): (Warning 241) Stale cache file FStar.Pointer.fst.checked.lax; will recheck FStar.Pointer.fst and all subsequent files
FStar.Modifies.fst(0,0-0,0): (Warning 241) Stale cache file FStar.Modifies.fst.checked.lax; will recheck FStar.Modifies.fst and all subsequent files
FStar.ModifiesGen.fst(0,0-0,0): (Warning 241) Stale cache file FStar.ModifiesGen.fst.checked.lax; will recheck FStar.ModifiesGen.fst and all subsequent files
FStar.ModifiesGen.fsti(785,16-785,33): (Warning 288) FStar.Monotonic.HyperStack.is_eternal_region is deprecated, use FStar.HyperStack.ST.is_eternal_region instead
FStar.Pointer.Base.fst(0,0-0,0): (Warning 241) Stale cache file FStar.Pointer.Base.fst.checked.lax; will recheck FStar.Pointer.Base.fst and all subsequent files
LowStar.Buffer.fst(0,0-0,0): (Warning 241) Stale cache file LowStar.Buffer.fst.checked.lax; will recheck LowStar.Buffer.fst and all subsequent files
LowStar.Buffer.fsti(1115,16-1115,33): (Warning 288) FStar.Monotonic.HyperStack.is_eternal_region is deprecated, use FStar.HyperStack.ST.is_eternal_region instead
make[1]: *** [Makefile:99: _fstartaclib] Error 10
make: *** [Makefile:3: all] Error 2
FStar.Monotonic.Witnessed.fsti(0,0-0,0): (Warning 241) Stale cache file FStar.Monotonic.Witnessed.fsti.checked; will recheck FStar.Monotonic.Witnessed.fsti and all subsequent files
FStar.PredicateExtensionality.fst(0,0-0,0): (Warning 241) Stale cache file FStar.PredicateExtensionality.fst.checked; will recheck FStar.PredicateExtensionality.fst and all subsequent files
make[1]: *** No rule to make target 'LowStar.Modifies.fsti', needed by 'LowStar.Modifies.fsti.checked'.  Stop.
make[1]: *** Waiting for unfinished jobs....
FStar.Tactics.Types.fsti(0,0-0,0): (Warning 241) Stale cache file FStar.Tactics.Types.fsti.checked; will recheck FStar.Tactics.Types.fsti and all subsequent files
FStar.Set.fst(0,0-0,0): (Warning 241) Stale cache file FStar.Set.fst.checked; will recheck FStar.Set.fst and all subsequent files
FStar.ErasedLogic.fst(0,0-0,0): (Warning 241) Stale cache file FStar.ErasedLogic.fst.checked; will recheck FStar.ErasedLogic.fst and all subsequent files
FStar.IFC.fst(0,0-0,0): (Warning 241) Stale cache file FStar.IFC.fst.checked; will recheck FStar.IFC.fst and all subsequent files
FStar.SquashProperties.fst(0,0-0,0): (Warning 241) Stale cache file FStar.SquashProperties.fst.checked; will recheck FStar.SquashProperties.fst and all subsequent files
FStar.Int.fst(0,0-0,0): (Warning 241) Stale cache file FStar.Int.fst.checked; will recheck FStar.Int.fst and all subsequent files
FStar.Math.Lib.fst(0,0-0,0): (Warning 241) Stale cache file FStar.Math.Lib.fst.checked; will recheck FStar.Math.Lib.fst and all subsequent files
FStar.Reflection.Data.fst(0,0-0,0): (Warning 241) Stale cache file FStar.Reflection.Data.fst.checked; will recheck FStar.Reflection.Data.fst and all subsequent files
FStar.List.Tot.Base.fst(0,0-0,0): (Warning 241) Stale cache file FStar.List.Tot.Base.fst.checked; will recheck FStar.List.Tot.Base.fst and all subsequent files
make: *** [Makefile:12: all] Error 2
