C:/build/agent2/_work/5/s/fstar/ulib/prims.fst(212,30-212,42): (Warning 252) assertion failed (see also C:/build/agent2/_work/5/s/fstar/ulib/prims.fst(187,75-187,87))
StatefulLHAE.fst(91,21-91,41): (Warning 271) Pattern ((ite (= (BoundV 0) (BoxBool (true ))) (FStar.Monotonic.Seq.seqn_val (AEAD_GCM.__proj__State__item__log_region (BoundV 1) (TLSConstants.Writer@tok ) (BoundV 2)) (AEAD_GCM.entry (BoundV 1)) (AEAD_GCM.__proj__State__item__region (BoundV 1) (TLSConstants.Writer@tok ) (BoundV 2)) (AEAD_GCM.__proj__State__item__log (BoundV 1) (TLSConstants.Writer@tok ) (BoundV 2)) (AEAD_GCM.max_ctr (AEAD_GCM.alg (BoundV 1)))) (AEAD_GCM.counter (AEAD_GCM.alg (BoundV 1))))) contains illegal symbols; dropping it
StAE.fst(375,19-375,26): (Warning 271) Pattern ((ite (= (BoundV 0) (BoxBool (true ))) (FStar.Monotonic.Seq.seqn_val (AEAD_GCM.__proj__State__item__log_region (BoundV 1) (TLSConstants.Writer@tok ) (BoundV 2)) (AEAD_GCM.entry (BoundV 1)) (AEAD_GCM.__proj__State__item__region (BoundV 1) (TLSConstants.Writer@tok ) (BoundV 2)) (AEAD_GCM.__proj__State__item__log (BoundV 1) (TLSConstants.Writer@tok ) (BoundV 2)) (AEAD_GCM.max_ctr (AEAD_GCM.alg (BoundV 1)))) (AEAD_GCM.counter (AEAD_GCM.alg (BoundV 1))))) contains illegal symbols; dropping it (see also StatefulLHAE.fst(91,21-91,41))
make[2]: warning: -jN forced in submake: disabling jobserver mode.
cache/Kremlin/.depend:49: warning: overriding recipe for target 'cache/Kremlin/Extensions.fsti.old'
cache/Kremlin/.depend.opt:49: warning: ignoring old recipe for target 'cache/Kremlin/Extensions.fsti.old'
cache/Kremlin/.depend:150: warning: overriding recipe for target 'cache/Kremlin/Old.Handshake.fsti.old'
cache/Kremlin/.depend.opt:150: warning: ignoring old recipe for target 'cache/Kremlin/Old.Handshake.fsti.old'
cache/Kremlin/.depend:428: warning: overriding recipe for target 'cache/Kremlin/Format.ECCurveType.fsti.old'
cache/Kremlin/.depend.opt:428: warning: ignoring old recipe for target 'cache/Kremlin/Format.ECCurveType.fsti.old'
cache/Kremlin/.depend:509: warning: overriding recipe for target 'cache/Kremlin/FStar.UInt128.fsti.old'
cache/Kremlin/.depend.opt:509: warning: ignoring old recipe for target 'cache/Kremlin/FStar.UInt128.fsti.old'
cache/Kremlin/.depend:736: warning: overriding recipe for target 'cache/Kremlin/QD.TLS_protocolVersion.fsti.old'
cache/Kremlin/.depend.opt:736: warning: ignoring old recipe for target 'cache/Kremlin/QD.TLS_protocolVersion.fsti.old'
cache/Kremlin/.depend:761: warning: overriding recipe for target 'cache/Kremlin/FStar.Dyn.fsti.old'
cache/Kremlin/.depend.opt:761: warning: ignoring old recipe for target 'cache/Kremlin/FStar.Dyn.fsti.old'
cache/Kremlin/.depend:774: warning: overriding recipe for target 'cache/Kremlin/FStar.Monotonic.Witnessed.fsti.old'
cache/Kremlin/.depend.opt:774: warning: ignoring old recipe for target 'cache/Kremlin/FStar.Monotonic.Witnessed.fsti.old'
cache/Kremlin/.depend:1112: warning: overriding recipe for target 'cache/Kremlin/FStar.Char.fsti.old'
cache/Kremlin/.depend.opt:1112: warning: ignoring old recipe for target 'cache/Kremlin/FStar.Char.fsti.old'
cache/Kremlin/.depend:1160: warning: overriding recipe for target 'cache/Kremlin/CommonDH.fsti.old'
cache/Kremlin/.depend.opt:1160: warning: ignoring old recipe for target 'cache/Kremlin/CommonDH.fsti.old'
cache/Kremlin/.depend:1301: warning: overriding recipe for target 'cache/Kremlin/FStar.Tactics.Types.fsti.old'
cache/Kremlin/.depend.opt:1301: warning: ignoring old recipe for target 'cache/Kremlin/FStar.Tactics.Types.fsti.old'
cache/Kremlin/.depend:1584: warning: overriding recipe for target 'cache/Kremlin/HandshakeMessages.fsti.old'
cache/Kremlin/.depend.opt:1584: warning: ignoring old recipe for target 'cache/Kremlin/HandshakeMessages.fsti.old'
cache/Kremlin/.depend:1646: warning: overriding recipe for target 'cache/Kremlin/FStar.String.fsti.old'
cache/Kremlin/.depend.opt:1646: warning: ignoring old recipe for target 'cache/Kremlin/FStar.String.fsti.old'
cache/Kremlin/.depend:1738: warning: overriding recipe for target 'cache/Kremlin/FStar.Squash.fsti.old'
cache/Kremlin/.depend.opt:1738: warning: ignoring old recipe for target 'cache/Kremlin/FStar.Squash.fsti.old'
cache/Kremlin/.depend:2150: warning: overriding recipe for target 'cache/Kremlin/FStar.Ghost.fsti.old'
cache/Kremlin/.depend.opt:2150: warning: ignoring old recipe for target 'cache/Kremlin/FStar.Ghost.fsti.old'
cache/Kremlin/.depend:2164: warning: overriding recipe for target 'cache/Kremlin/PKI.fsti.old'
cache/Kremlin/.depend.opt:2164: warning: ignoring old recipe for target 'cache/Kremlin/PKI.fsti.old'
cache/Kremlin/.depend:2182: warning: overriding recipe for target 'cache/Kremlin/Format.KeyShareEntry.fsti.old'
cache/Kremlin/.depend.opt:2182: warning: ignoring old recipe for target 'cache/Kremlin/Format.KeyShareEntry.fsti.old'
cache/Kremlin/.depend:2310: warning: overriding recipe for target 'cache/Kremlin/FStar.Tcp.fsti.old'
cache/Kremlin/.depend.opt:2310: warning: ignoring old recipe for target 'cache/Kremlin/FStar.Tcp.fsti.old'
cache/Kremlin/.depend:2484: warning: overriding recipe for target 'cache/Kremlin/LowParse.SLow.Int.fsti.old'
cache/Kremlin/.depend.opt:2484: warning: ignoring old recipe for target 'cache/Kremlin/LowParse.SLow.Int.fsti.old'
cache/Kremlin/.depend:2538: warning: overriding recipe for target 'cache/Kremlin/Format.NamedGroupList.fsti.old'
cache/Kremlin/.depend.opt:2538: warning: ignoring old recipe for target 'cache/Kremlin/Format.NamedGroupList.fsti.old'
cache/Kremlin/.depend:2595: warning: overriding recipe for target 'cache/Kremlin/FStar.Monotonic.Heap.fsti.old'
cache/Kremlin/.depend.opt:2595: warning: ignoring old recipe for target 'cache/Kremlin/FStar.Monotonic.Heap.fsti.old'
cache/Kremlin/.depend:2942: warning: overriding recipe for target 'cache/Kremlin/LowParse.Spec.Int.fsti.old'
cache/Kremlin/.depend.opt:2942: warning: ignoring old recipe for target 'cache/Kremlin/LowParse.Spec.Int.fsti.old'
cache/Kremlin/.depend:3058: warning: overriding recipe for target 'cache/Kremlin/Format.UncompressedPointRepresentation.fsti.old'
cache/Kremlin/.depend.opt:3058: warning: ignoring old recipe for target 'cache/Kremlin/Format.UncompressedPointRepresentation.fsti.old'
cache/Kremlin/.depend:3337: warning: overriding recipe for target 'cache/Kremlin/Crypto.AEAD.Main.fsti.old'
cache/Kremlin/.depend.opt:3337: warning: ignoring old recipe for target 'cache/Kremlin/Crypto.AEAD.Main.fsti.old'
cache/Kremlin/.depend:3597: warning: overriding recipe for target 'cache/Kremlin/FStar.Monotonic.DependentMap.fsti.old'
cache/Kremlin/.depend.opt:3597: warning: ignoring old recipe for target 'cache/Kremlin/FStar.Monotonic.DependentMap.fsti.old'
cache/Kremlin/.depend:3627: warning: overriding recipe for target 'cache/Kremlin/FStar.Pointer.Base.fsti.old'
cache/Kremlin/.depend.opt:3627: warning: ignoring old recipe for target 'cache/Kremlin/FStar.Pointer.Base.fsti.old'
cache/Kremlin/.depend:3652: warning: overriding recipe for target 'cache/Kremlin/FStar.Float.fsti.old'
cache/Kremlin/.depend.opt:3652: warning: ignoring old recipe for target 'cache/Kremlin/FStar.Float.fsti.old'
cache/Kremlin/.depend:3701: warning: overriding recipe for target 'cache/Kremlin/FStar.Bytes.fsti.old'
cache/Kremlin/.depend.opt:3701: warning: ignoring old recipe for target 'cache/Kremlin/FStar.Bytes.fsti.old'
cache/Kremlin/.depend:3863: warning: overriding recipe for target 'cache/Kremlin/HandshakeLog.fsti.old'
cache/Kremlin/.depend.opt:3863: warning: ignoring old recipe for target 'cache/Kremlin/HandshakeLog.fsti.old'
cache/Kremlin/.depend:4489: warning: overriding recipe for target 'cache/Kremlin/FStar.Range.fsti.old'
cache/Kremlin/.depend.opt:4489: warning: ignoring old recipe for target 'cache/Kremlin/FStar.Range.fsti.old'
cache/Kremlin/.depend:4590: warning: overriding recipe for target 'cache/Kremlin/FStar.Date.fsti.old'
cache/Kremlin/.depend.opt:4590: warning: ignoring old recipe for target 'cache/Kremlin/FStar.Date.fsti.old'
cache/Kremlin/.depend:4851: warning: overriding recipe for target 'cache/Kremlin/Format.Constants.fsti.old'
cache/Kremlin/.depend.opt:4851: warning: ignoring old recipe for target 'cache/Kremlin/Format.Constants.fsti.old'
cache/Kremlin/.depend:4884: warning: overriding recipe for target 'cache/Kremlin/BufferBytes.fsti.old'
cache/Kremlin/.depend.opt:4884: warning: ignoring old recipe for target 'cache/Kremlin/BufferBytes.fsti.old'
cache/Kremlin/.depend:5148: warning: overriding recipe for target 'cache/Kremlin/Format.NamedGroup.fsti.old'
cache/Kremlin/.depend.opt:5148: warning: ignoring old recipe for target 'cache/Kremlin/Format.NamedGroup.fsti.old'
cache/Kremlin/.depend:5762: warning: overriding recipe for target 'cache/Kremlin/FStar.Reflection.Types.fsti.old'
cache/Kremlin/.depend.opt:5762: warning: ignoring old recipe for target 'cache/Kremlin/FStar.Reflection.Types.fsti.old'
Warning 10: : -drop is deprecated
use a combination of -bundle and -d reachability to make sure the functions are eliminated as you wish
Warning 2: in top-level declaration Nonce.nonce_rid_table, in file Nonce: Reference to Mem.tls_tables_region has no corresponding implementation; please provide a C implementation
Warning 2: in top-level declaration PSK.tickets, in file PSK: Reference to PSK.tregion has no corresponding implementation; please provide a C implementation
Warning 2: in top-level declaration PSK.lookup, in file PSK: Reference to PSK.tregion has no corresponding implementation; please provide a C implementation
Warning 2: in top-level declaration PSK.extend, in file PSK: Reference to PSK.tregion has no corresponding implementation; please provide a C implementation
Warning 2: in top-level declaration PSK.sessions12, in file PSK: Reference to PSK.tregion has no corresponding implementation; please provide a C implementation
Warning 2: in top-level declaration PSK.s12_lookup, in file PSK: Reference to PSK.tregion has no corresponding implementation; please provide a C implementation
Warning 2: in top-level declaration PSK.s12_extend, in file PSK: Reference to PSK.tregion has no corresponding implementation; please provide a C implementation
Warning 2: in top-level declaration PSK.app_psk_table, in file PSK: Reference to PSK.psk_region has no corresponding implementation; please provide a C implementation
Warning 2: in the definition of uu____1436, in the last element of the sequence, in top-level declaration PSK.psk_value, in file PSK: Reference to PSK.psk_region has no corresponding implementation; please provide a C implementation
Warning 2: in the definition of uu____2190, in the last element of the sequence, in top-level declaration PSK.psk_info, in file PSK: Reference to PSK.psk_region has no corresponding implementation; please provide a C implementation
Warning 2: in the definition of uu____2673, in the last element of the sequence, in top-level declaration PSK.psk_lookup, in file PSK: Reference to PSK.psk_region has no corresponding implementation; please provide a C implementation
Warning 2: in the sequence statement at index 0, after the definition of uu____2673, in the last element of the sequence, in top-level declaration PSK.psk_lookup, in file PSK: Reference to PSK.psk_region has no corresponding implementation; please provide a C implementation
Warning 2: in the definition of uu____2943, after the definition of id1, in top-level declaration PSK.fresh_psk_id, in file PSK: Reference to PSK.psk_region has no corresponding implementation; please provide a C implementation
Warning 2: in the sequence statement at index 0, after the definition of add1, in the last element of the sequence, in top-level declaration PSK.gen_psk, in file PSK: Reference to PSK.psk_region has no corresponding implementation; please provide a C implementation
Warning 2: in the sequence statement at index 0, after the definition of h, in the last element of the sequence, after the definition of add1, in the last element of the sequence, in top-level declaration PSK.gen_psk, in file PSK: Reference to PSK.psk_region has no corresponding implementation; please provide a C implementation
Warning 2: in the last element of the sequence, after the definition of h, in the last element of the sequence, after the definition of add1, in the last element of the sequence, in top-level declaration PSK.gen_psk, in file PSK: Reference to PSK.psk_region has no corresponding implementation; please provide a C implementation
Warning 2: in the sequence statement at index 0, after the definition of add1, in the last element of the sequence, in top-level declaration PSK.coerce_psk, in file PSK: Reference to PSK.psk_region has no corresponding implementation; please provide a C implementation
Warning 2: in the definition of uu____4180, in the last element of the sequence, in top-level declaration PSK.verify_hash_ae, in file PSK: Reference to PSK.psk_region has no corresponding implementation; please provide a C implementation
Warning 2: in the sequence statement at index 0, after the definition of uu____4431, in the last element of the sequence, in top-level declaration PSK.verify_hash_ae, in file PSK: Reference to PSK.psk_region has no corresponding implementation; please provide a C implementation
Warning 2: in top-level declaration AEADProvider.region, in file AEADProvider: Reference to Mem.tls_region has no corresponding implementation; please provide a C implementation
Warning 2: in top-level declaration AEADProvider.log_region, in file AEADProvider: Reference to Mem.tls_region has no corresponding implementation; please provide a C implementation
Warning 2: in the definition of st, after the definition of salt, in top-level declaration AEADProvider.gen, in file AEADProvider: Reference to Mem.tls_region has no corresponding implementation; please provide a C implementation
Warning 2: in the definition of wr, after the definition of key, in top-level declaration Ticket.keygen, in file Ticket: Reference to Ticket.region has no corresponding implementation; please provide a C implementation
Warning 2: in the definition of rd, after the definition of wr, in top-level declaration Ticket.keygen, in file Ticket: Reference to Ticket.region has no corresponding implementation; please provide a C implementation
Warning 2: in the definition of wr, after the definition of uu____3111, in top-level declaration Ticket.set_ticket_key, in file Ticket: Reference to Ticket.region has no corresponding implementation; please provide a C implementation
Warning 2: in the definition of rd, after the definition of wr, in top-level declaration Ticket.set_ticket_key, in file Ticket: Reference to Ticket.region has no corresponding implementation; please provide a C implementation
Warning 2: in the definition of suffix1, after the definition of prefix, in top-level declaration FFI.split_string, in file FFI: Reference to FStar.String.strlen has no corresponding implementation; please provide a C implementation
Warning 2: in the scrutinee, in the definition of ogl, after the definition of ngl1, in top-level declaration FFI.ffiSetNamedGroups, in file FFI: Reference to FStar.String.strlen has no corresponding implementation; please provide a C implementation
Warning 2: in the scrutinee, in top-level declaration FFI.encodeALPN, in file FFI: Reference to FStar.String.strlen has no corresponding implementation; please provide a C implementation
Warning 2: in the definition of wr, in top-level declaration AEADOpenssl.test_correctness, in file AEADOpenssl: Reference to Mem.tls_region has no corresponding implementation; please provide a C implementation
Warning 2: in the definition of rr, after the definition of wr, in top-level declaration AEADOpenssl.test_correctness, in file AEADOpenssl: Reference to Mem.tls_region has no corresponding implementation; please provide a C implementation
Warning 13: : Crypto.AEAD.Main.eternal_region, a monomorphic instance, is first used, and therefore inserted, in file Crypto_AEAD_Main which is about to be dropped; you may get a C compiler error about Crypto_AEAD_Main_eternal_region if any other module uses this definition
Warning 13: : Crypto.AEAD.Main.aadlen_32, a monomorphic instance, is first used, and therefore inserted, in file Crypto_AEAD_Main which is about to be dropped; you may get a C compiler error about Crypto_AEAD_Main_aadlen_32 if any other module uses this definition
quic.c:1:0: warning: -fPIC ignored for target (all code is position independent)
#define __USE_MINGW_ANSI_STDIO 1
^
make[1]: *** [Makefile:71: test] Error 252
make: *** [Makefile:19: quic-test] Error 2
make: Target 'test' not remade because of errors.
