From https://github.com/FStarLang/FStar
7afb3b211..3352fef92  master            -> origin/master
76ae0a2b2..826ea499a  aseem_misc        -> origin/aseem_misc
+ dd28740cb...d8cd44935 guido_sl          -> origin/guido_sl  (forced update)
4d92e0f11..353ed6ef0  guido_tactics     -> origin/guido_tactics
25493d778..39e9f65e0  joonwonc_lowlevel -> origin/joonwonc_lowlevel
d5bec8c98..10f01b5fb  nik_friends       -> origin/nik_friends
425de2f0a..5176a7b35  nik_pat           -> origin/nik_pat
01babd71f..f0f01a4c9  zoep_refine       -> origin/zoep_refine
Warning: you are using the standard library and/or the %inline keyword. We
recommend switching on --infer in order to avoid obscure type error messages.
cp: cannot stat './_build/src/ocaml-output/FStar_Tests_Norm.cmx': No such file or directory
cp: cannot stat './_build/src/ocaml-output/FStar_Tests_Unif.cmx': No such file or directory
FStar.IO.fst(0,0-0,0): (Warning 241) Stale cache file FStar.IO.fst.checked.lax; will recheck FStar.IO.fst and all subsequent files
FStar.Error.fst(0,0-0,0): (Warning 241) Stale cache file FStar.Error.fst.checked.lax; will recheck FStar.Error.fst and all subsequent files
FStar.Pointer.Base.fst(0,0-0,0): (Warning 241) Stale cache file FStar.Pointer.Base.fst.checked.lax; will recheck FStar.Pointer.Base.fst and all subsequent files
FStar.Tactics.Builtins.fst(0,0-0,0): (Warning 241) Stale cache file FStar.Tactics.Builtins.fst.checked.lax; will recheck FStar.Tactics.Builtins.fst and all subsequent files
FStar.Reflection.Formula.fst(0,0-0,0): (Warning 241) Stale cache file FStar.Reflection.Formula.fst.checked.lax; will recheck FStar.Reflection.Formula.fst and all subsequent files
FStar.Tactics.Derived.fst(0,0-0,0): (Warning 241) Stale cache file FStar.Tactics.Derived.fst.checked.lax; will recheck FStar.Tactics.Derived.fst and all subsequent files
FStar.Tactics.Logic.fst(0,0-0,0): (Warning 241) Stale cache file FStar.Tactics.Logic.fst.checked.lax; will recheck FStar.Tactics.Logic.fst and all subsequent files
FStar.Tactics.fst(0,0-0,0): (Warning 241) Stale cache file FStar.Tactics.fst.checked.lax; will recheck FStar.Tactics.fst and all subsequent files
FStar.Tactics.Typeclasses.fst(0,0-0,0): (Warning 241) Stale cache file FStar.Tactics.Typeclasses.fst.checked.lax; will recheck FStar.Tactics.Typeclasses.fst and all subsequent files
FStar.Tactics.Simplifier.fst(0,0-0,0): (Warning 241) Stale cache file FStar.Tactics.Simplifier.fst.checked.lax; will recheck FStar.Tactics.Simplifier.fst and all subsequent files
FStar.Reflection.Arith.fst(0,0-0,0): (Warning 241) Stale cache file FStar.Reflection.Arith.fst.checked.lax; will recheck FStar.Reflection.Arith.fst and all subsequent files
FStar.Tactics.PatternMatching.fst(0,0-0,0): (Warning 241) Stale cache file FStar.Tactics.PatternMatching.fst.checked.lax; will recheck FStar.Tactics.PatternMatching.fst and all subsequent files
FStar.Tactics.Arith.fst(0,0-0,0): (Warning 241) Stale cache file FStar.Tactics.Arith.fst.checked.lax; will recheck FStar.Tactics.Arith.fst and all subsequent files
FStar.Tactics.BV.fst(0,0-0,0): (Warning 241) Stale cache file FStar.Tactics.BV.fst.checked.lax; will recheck FStar.Tactics.BV.fst and all subsequent files
FStar.Tactics.Canon.fst(0,0-0,0): (Warning 241) Stale cache file FStar.Tactics.Canon.fst.checked.lax; will recheck FStar.Tactics.Canon.fst and all subsequent files
make[1]: *** [Makefile:99: _fstartaclib] Error 10
make: *** [Makefile:3: all] Error 2
FStar.FunctionalExtensionality.fst(0,0-0,0): (Warning 241) Stale cache file FStar.FunctionalExtensionality.fst.checked; will recheck FStar.FunctionalExtensionality.fst and all subsequent files
FStar.Classical.fsti(0,0-0,0): (Warning 241) Stale cache file FStar.Classical.fsti.checked; will recheck FStar.Classical.fsti and all subsequent files
FStar.Preorder.fst(0,0-0,0): (Warning 241) Stale cache file FStar.Preorder.fst.checked; will recheck FStar.Preorder.fst and all subsequent files
FStar.Squash.fsti(0,0-0,0): (Warning 241) Stale cache file FStar.Squash.fsti.checked; will recheck FStar.Squash.fsti and all subsequent files
FStar.StrongExcludedMiddle.fst(0,0-0,0): (Warning 241) Stale cache file FStar.StrongExcludedMiddle.fst.checked; will recheck FStar.StrongExcludedMiddle.fst and all subsequent files
FStar.Reflection.Types.fsti(0,0-0,0): (Warning 241) Stale cache file FStar.Reflection.Types.fsti.checked; will recheck FStar.Reflection.Types.fsti and all subsequent files
FStar.PropositionalExtensionality.fst(0,0-0,0): (Warning 241) Stale cache file FStar.PropositionalExtensionality.fst.checked; will recheck FStar.PropositionalExtensionality.fst and all subsequent files
FStar.Exn.fst(0,0-0,0): (Warning 241) Stale cache file FStar.Exn.fst.checked; will recheck FStar.Exn.fst and all subsequent files
FStar.Mul.fst(0,0-0,0): (Warning 241) Stale cache file FStar.Mul.fst.checked; will recheck FStar.Mul.fst and all subsequent files
FStar.Reflection.Const.fst(0,0-0,0): (Warning 241) Stale cache file FStar.Reflection.Const.fst.checked; will recheck FStar.Reflection.Const.fst and all subsequent files
FStar.Range.fsti(0,0-0,0): (Warning 241) Stale cache file FStar.Range.fsti.checked; will recheck FStar.Range.fsti and all subsequent files
FStar.Float.fsti(0,0-0,0): (Warning 241) Stale cache file FStar.Float.fsti.checked; will recheck FStar.Float.fsti and all subsequent files
FStar.Order.fst(0,0-0,0): (Warning 241) Stale cache file FStar.Order.fst.checked; will recheck FStar.Order.fst and all subsequent files
FStar.Ghost.fsti(0,0-0,0): (Warning 241) Stale cache file FStar.Ghost.fsti.checked; will recheck FStar.Ghost.fsti and all subsequent files
FStar.IndefiniteDescription.fst(0,0-0,0): (Warning 241) Stale cache file FStar.IndefiniteDescription.fst.checked; will recheck FStar.IndefiniteDescription.fst and all subsequent files
FStar.SquashEffect.fst(0,0-0,0): (Warning 241) Stale cache file FStar.SquashEffect.fst.checked; will recheck FStar.SquashEffect.fst and all subsequent files
FStar.Constructive.fst(0,0-0,0): (Warning 241) Stale cache file FStar.Constructive.fst.checked; will recheck FStar.Constructive.fst and all subsequent files
FStar.MarkovsPrinciple.fst(0,0-0,0): (Warning 241) Stale cache file FStar.MarkovsPrinciple.fst.checked; will recheck FStar.MarkovsPrinciple.fst and all subsequent files
FStar.Universe.fst(0,0-0,0): (Warning 241) Stale cache file FStar.Universe.fst.checked; will recheck FStar.Universe.fst and all subsequent files
make[1]: *** No rule to make target 'LowStar.Modifies.fsti', needed by 'LowStar.Modifies.fsti.checked'.  Stop.
make[1]: *** Waiting for unfinished jobs....
FStar.Squash.fst(0,0-0,0): (Warning 241) Stale cache file FStar.Squash.fst.checked; will recheck FStar.Squash.fst and all subsequent files
FStar.Universe.fsti(0,0-0,0): (Warning 241) Stale cache file FStar.Universe.fsti.checked; will recheck FStar.Universe.fsti and all subsequent files
FStar.DependentMap.fst(0,0-0,0): (Warning 241) Stale cache file FStar.DependentMap.fst.checked; will recheck FStar.DependentMap.fst and all subsequent files
FStar.Date.fsti(0,0-0,0): (Warning 241) Stale cache file FStar.Date.fsti.checked; will recheck FStar.Date.fsti and all subsequent files
FStar.WellFounded.fst(0,0-0,0): (Warning 241) Stale cache file FStar.WellFounded.fst.checked; will recheck FStar.WellFounded.fst and all subsequent files
FStar.Algebra.CommMonoid.fst(0,0-0,0): (Warning 241) Stale cache file FStar.Algebra.CommMonoid.fst.checked; will recheck FStar.Algebra.CommMonoid.fst and all subsequent files
FStar.Classical.fst(0,0-0,0): (Warning 241) Stale cache file FStar.Classical.fst.checked; will recheck FStar.Classical.fst and all subsequent files
FStar.Monotonic.Witnessed.fst(0,0-0,0): (Warning 241) Stale cache file FStar.Monotonic.Witnessed.fst.checked; will recheck FStar.Monotonic.Witnessed.fst and all subsequent files
FStar.Algebra.Monoid.fst(0,0-0,0): (Warning 241) Stale cache file FStar.Algebra.Monoid.fst.checked; will recheck FStar.Algebra.Monoid.fst and all subsequent files
make: *** [Makefile:12: all] Error 2
