From https://github.com/FStarLang/FStar
2b393dc26..d9b679659  master            -> origin/master
* [new branch]          _refine           -> origin/_refine
* [new branch]          aseem_1488        -> origin/aseem_1488
826ea499a..84b8801f9  aseem_misc        -> origin/aseem_misc
* [new branch]          gugavaro_test     -> origin/gugavaro_test
353ed6ef0..195684ec1  guido_tactics     -> origin/guido_tactics
8bdb31371..6c959a8d5  joonwonc_lowlevel -> origin/joonwonc_lowlevel
b1b31394d..68d5bcd5b  zoep_refine       -> origin/zoep_refine
make[1]: *** [Makefile:105: _fstartaclib] Error 10
make: *** [Makefile:3: all] Error 2
make[1]: *** No rule to make target 'LowStar.Modifies.fsti', needed by 'LowStar.Modifies.fsti.checked'.  Stop.
make[1]: *** Waiting for unfinished jobs....
FStar.Reflection.Basic.fst(0,0-0,0): (Warning 241) Stale cache file FStar.Reflection.Basic.fst.checked; will recheck FStar.Reflection.Basic.fst and all subsequent files
FStar.Tactics.Result.fst(0,0-0,0): (Warning 241) Stale cache file FStar.Tactics.Result.fst.checked; will recheck FStar.Tactics.Result.fst and all subsequent files
FStar.TSet.fst(0,0-0,0): (Warning 241) Stale cache file FStar.TSet.fst.checked; will recheck FStar.TSet.fst and all subsequent files
FStar.List.Pure.Base.fst(0,0-0,0): (Warning 241) Stale cache file FStar.List.Pure.Base.fst.checked; will recheck FStar.List.Pure.Base.fst and all subsequent files
FStar.Map.fst(0,0-0,0): (Warning 241) Stale cache file FStar.Map.fst.checked; will recheck FStar.Map.fst and all subsequent files
FStar.GSet.fst(0,0-0,0): (Warning 241) Stale cache file FStar.GSet.fst.checked; will recheck FStar.GSet.fst and all subsequent files
FStar.List.Tot.Properties.fst(0,0-0,0): (Warning 241) Stale cache file FStar.List.Tot.Properties.fst.checked; will recheck FStar.List.Tot.Properties.fst and all subsequent files
FStar.Math.Lemmas.fst(0,0-0,0): (Warning 241) Stale cache file FStar.Math.Lemmas.fst.checked; will recheck FStar.Math.Lemmas.fst and all subsequent files
make: *** [Makefile:12: all] Error 2
