From https://github.com/FStarLang/FStar
* [new branch]          c_Delta-equational -> origin/c_Delta-equational
make[2]: *** No rule to make target 'C:/build/agent1/_work/2/s/hacl-star/code/hash/Hacl.Hash.SHA2_384.Lemmas.fst', needed by '../secure_api/out/hacl_aes_abstract_id/cache/Hacl.Hash.SHA2_384.Lemmas.fst.checked.lax'.  Stop.
make[2]: *** Waiting for unfinished jobs....
make[2]: *** No rule to make target 'C:/build/agent1/_work/2/s/hacl-star/code/hash/Hacl.Hash.SHA2_384.Lemmas.fst', needed by '../secure_api/out/vale_aes_abstract_id/cache/Hacl.Hash.SHA2_384.Lemmas.fst.checked.lax'.  Stop.
make[2]: *** Waiting for unfinished jobs....
make[2]: *** No rule to make target 'C:/build/agent1/_work/2/s/hacl-star/code/hash/Hacl.Hash.SHA2_384.Lemmas.fst', needed by '../secure_api/out/runtime_switch/cache/Hacl.Hash.SHA2_384.Lemmas.fst.checked.lax'.  Stop.
make[2]: *** Waiting for unfinished jobs....
C:/build/agent1/_work/2/s/hacl-star/code/poly1305/Hacl.Bignum.Constants.fst(0,0-0,0): (Warning 241) Stale cache file ..\secure_api\out\hacl_aes_abstract_id\cache\Hacl.Bignum.Constants.fst.checked.lax; will recheck C:/build/agent1/_work/2/s/hacl-star/code/poly1305/Hacl.Bignum.Constants.fst and all subsequent files
C:/build/agent1/_work/2/s/hacl-star/code/poly1305/Hacl.Bignum.Constants.fst(0,0-0,0): (Warning 241) Stale cache file ..\secure_api\out\vale_aes_abstract_id\cache\Hacl.Bignum.Constants.fst.checked.lax; will recheck C:/build/agent1/_work/2/s/hacl-star/code/poly1305/Hacl.Bignum.Constants.fst and all subsequent files
C:/build/agent1/_work/2/s/hacl-star/code/poly1305/Hacl.Bignum.Constants.fst(0,0-0,0): (Warning 241) Stale cache file ..\secure_api\out\runtime_switch\cache\Hacl.Bignum.Constants.fst.checked.lax; will recheck C:/build/agent1/_work/2/s/hacl-star/code/poly1305/Hacl.Bignum.Constants.fst and all subsequent files
C:/build/agent1/_work/2/s/hacl-star/code/lib/kremlin/Hacl.Cast.fst(0,0-0,0): (Warning 241) Stale cache file ..\secure_api\out\vale_aes_abstract_id\cache\Hacl.Cast.fst.checked.lax; will recheck C:/build/agent1/_work/2/s/hacl-star/code/lib/kremlin/Hacl.Cast.fst and all subsequent files
C:/build/agent1/_work/2/s/hacl-star/code/lib/kremlin/Hacl.Spec.Endianness.fst(0,0-0,0): (Warning 241) Stale cache file ..\secure_api\out\hacl_aes_abstract_id\cache\Hacl.Spec.Endianness.fst.checked.lax; will recheck C:/build/agent1/_work/2/s/hacl-star/code/lib/kremlin/Hacl.Spec.Endianness.fst and all subsequent files
C:/build/agent1/_work/2/s/hacl-star/code/lib/kremlin/Hacl.Cast.fst(0,0-0,0): (Warning 241) Stale cache file ..\secure_api\out\hacl_aes_abstract_id\cache\Hacl.Cast.fst.checked.lax; will recheck C:/build/agent1/_work/2/s/hacl-star/code/lib/kremlin/Hacl.Cast.fst and all subsequent files
C:/build/agent1/_work/2/s/hacl-star/code/lib/kremlin/Hacl.Cast.fst(0,0-0,0): (Warning 241) Stale cache file ..\secure_api\out\runtime_switch\cache\Hacl.Cast.fst.checked.lax; will recheck C:/build/agent1/_work/2/s/hacl-star/code/lib/kremlin/Hacl.Cast.fst and all subsequent files
C:/build/agent1/_work/2/s/hacl-star/code/lib/kremlin/Hacl.Spec.Endianness.fst(0,0-0,0): (Warning 241) Stale cache file ..\secure_api\out\runtime_switch\cache\Hacl.Spec.Endianness.fst.checked.lax; will recheck C:/build/agent1/_work/2/s/hacl-star/code/lib/kremlin/Hacl.Spec.Endianness.fst and all subsequent files
C:/build/agent1/_work/2/s/hacl-star/code/lib/kremlin/Hacl.Spec.Endianness.fst(0,0-0,0): (Warning 241) Stale cache file ..\secure_api\out\vale_aes_abstract_id\cache\Hacl.Spec.Endianness.fst.checked.lax; will recheck C:/build/agent1/_work/2/s/hacl-star/code/lib/kremlin/Hacl.Spec.Endianness.fst and all subsequent files
Not extracting type definition C.channel to KreMLin (assumed type)
Not extracting type definition C.intptr_t to KreMLin (assumed type)
Not extracting type definition C.char to KreMLin (assumed type)
Not extracting type definition C.int to KreMLin (assumed type)
Not extracting type definition C.clock_t to KreMLin (assumed type)
make[1]: *** [Makefile:29: hacl_aes_abstract_id] Error 2
make[1]: *** Waiting for unfinished jobs....
Not extracting type definition C.channel to KreMLin (assumed type)
Not extracting type definition C.intptr_t to KreMLin (assumed type)
Not extracting type definition C.char to KreMLin (assumed type)
Not extracting type definition C.int to KreMLin (assumed type)
Not extracting type definition C.clock_t to KreMLin (assumed type)
Not extracting type definition C.channel to KreMLin (assumed type)
Not extracting type definition C.intptr_t to KreMLin (assumed type)
Not extracting type definition C.char to KreMLin (assumed type)
Not extracting type definition C.int to KreMLin (assumed type)
Not extracting type definition C.clock_t to KreMLin (assumed type)
make[1]: *** [Makefile:26: vale_aes_abstract_id] Error 2
make[1]: *** [Makefile:17: runtime_switch] Error 2
make: *** [Makefile:5: all] Error 2
