From https://github.com/FStarLang/FStar
96de7a027..2ff69a300  master                  -> origin/master
+ 8c04e27fa...bfca3e2e5 buildpoc_gugavaro       -> origin/buildpoc_gugavaro  (forced update)
+ 73aecd3ca...679ee063a buildpoc_gugavaro_sn    -> origin/buildpoc_gugavaro_sn  (forced update)
96de7a027..63acc84d8  nik_dep                 -> origin/nik_dep
b77ffd4c0..d03ee9d09  nik_error_reporting     -> origin/nik_error_reporting
552f62a76..2ff69a300  nik_integer_overloading -> origin/nik_integer_overloading
* [new branch]          taramana_liveness_preservation -> origin/taramana_liveness_preservation
cp: cannot stat './_build/src/ocaml-output/FStar_Tests_Pars.cmx': No such file or directory
cp: cannot stat './_build/src/ocaml-output/FStar_Tests_Util.cmx': No such file or directory
FStar.Integers.fst(0,0-0,0): (Warning 241) Stale cache file FStar.Integers.fst.checked.lax; will recheck FStar.Integers.fst and all subsequent files
From https://github.com/mitls/hacl-star
33b9f3ad..3a308ae5  dev        -> origin/dev
Warning 10: : -drop is deprecated
use a combination of -bundle and -d reachability to make sure the functions are eliminated as you wish
Warning 2: after the definition of yi, in the definition of f', in the last element of the sequence, after the definition of h0, in top-level declaration Hacl.Bignum.Fproduct.sum_scalar_multiplication_, in file Hacl_Impl_Poly1305_64_Hacl_Impl_Chacha20: Reference to FStar.UInt128.mul_wide has no corresponding implementation; please provide a C implementation
Warning 6: in top-level declaration Crypto.Plain.create, in file Crypto_AEAD_Main: stack newbuf @1 @0 is a non-constant size, stack-allocated array; this is not supported by CompCert and requires the use of alloca(3) for MSVC
Warning 6: in the definition of keyBuffer, after the definition of h0, in the last element of the sequence, after the definition of macId, in top-level declaration Crypto.Symmetric.PRF.prf_mac, in file Crypto_AEAD_Main: stack newbuf 0uint8 Crypto.Symmetric.UF1CMA.keylen @5 is a non-constant size, stack-allocated array; this is not supported by CompCert and requires the use of alloca(3) for MSVC
Warning 6: in the definition of cipher1, after the definition of cipherlen, in the last element of the sequence, in top-level declaration KrmlTest.test, in file KrmlTest: stack newbuf 0uint8 @0 is a non-constant size, stack-allocated array; this is not supported by CompCert and requires the use of alloca(3) for MSVC
Warning 6: in the definition of cipher1, after the definition of cipherlen, in the last element of the sequence, in top-level declaration KrmlTest.test_aes_gcm, in file KrmlTest: stack newbuf 2uint8 @0 is a non-constant size, stack-allocated array; this is not supported by CompCert and requires the use of alloca(3) for MSVC
Warning 6: in the definition of plain, after the definition of plainlen, in top-level declaration KrmlTest.test_aes_gcm_0, in file KrmlTest: stack newbuf 0uint8 @0 is a non-constant size, stack-allocated array; this is not supported by CompCert and requires the use of alloca(3) for MSVC
Warning 6: in the definition of aad, after the definition of aadlen, in top-level declaration KrmlTest.test_aes_gcm_0, in file KrmlTest: stack newbuf 0uint8 @0 is a non-constant size, stack-allocated array; this is not supported by CompCert and requires the use of alloca(3) for MSVC
Warning 6: in the definition of plain, after the definition of plainlen, in top-level declaration KrmlTest.test_aes_gcm_1, in file KrmlTest: stack newbuf 0uint8 @0 is a non-constant size, stack-allocated array; this is not supported by CompCert and requires the use of alloca(3) for MSVC
Warning 6: in the definition of aad, after the definition of aadlen, in top-level declaration KrmlTest.test_aes_gcm_1, in file KrmlTest: stack newbuf 0uint8 @0 is a non-constant size, stack-allocated array; this is not supported by CompCert and requires the use of alloca(3) for MSVC
Warning 6: in the definition of plain, after the definition of plainlen, in top-level declaration KrmlTest.test_aes_gcm_2, in file KrmlTest: stack newbuf 0uint8 @0 is a non-constant size, stack-allocated array; this is not supported by CompCert and requires the use of alloca(3) for MSVC
Warning 6: in the definition of aad, after the definition of aadlen, in top-level declaration KrmlTest.test_aes_gcm_2, in file KrmlTest: stack newbuf 0uint8 @0 is a non-constant size, stack-allocated array; this is not supported by CompCert and requires the use of alloca(3) for MSVC
Warning 6: in the definition of aad, after the definition of aadlen, in top-level declaration KrmlTest.test_aes_gcm_3, in file KrmlTest: stack newbuf 0uint8 @0 is a non-constant size, stack-allocated array; this is not supported by CompCert and requires the use of alloca(3) for MSVC
Warning 13: : C.exit_code, a monomorphic instance, is first used, and therefore inserted, in file C which is about to be dropped; you may get a C compiler error about C_exit_code if any other module uses this definition
Warning 7: : After inlining, Hacl.Bignum.Fproduct.copy_from_wide_ (going into Hacl_Impl_Poly1305_64_Hacl_Impl_Chacha20) calls FStar.UInt128.uint128_to_uint64 (going into FStar) -- removing the static qualifier from FStar.UInt128.uint128_to_uint64
Warning 7: : After inlining, Hacl.Bignum.Fproduct.sum_scalar_multiplication_ (going into Hacl_Impl_Poly1305_64_Hacl_Impl_Chacha20) calls FStar.UInt128.add_mod (going into FStar) -- removing the static qualifier from FStar.UInt128.add_mod
Warning 7: : After inlining, Hacl.Bignum.Fproduct.carry_wide_ (going into Hacl_Impl_Poly1305_64_Hacl_Impl_Chacha20) calls FStar.UInt128.shift_right (going into FStar) -- removing the static qualifier from FStar.UInt128.shift_right
Warning 7: : After inlining, Hacl.Bignum.Fproduct.carry_wide_ (going into Hacl_Impl_Poly1305_64_Hacl_Impl_Chacha20) calls FStar.UInt128.uint64_to_uint128 (going into FStar) -- removing the static qualifier from FStar.UInt128.uint64_to_uint128
Warning 7: : After inlining, Hacl.Bignum.Fproduct.carry_wide_ (going into Hacl_Impl_Poly1305_64_Hacl_Impl_Chacha20) calls FStar.UInt128.add (going into FStar) -- removing the static qualifier from FStar.UInt128.add
Warning 7: : After inlining, Hacl.Bignum.Modulo.carry_top_wide (going into Hacl_Impl_Poly1305_64_Hacl_Impl_Chacha20) calls FStar.UInt128.logand (going into FStar) -- removing the static qualifier from FStar.UInt128.logand
Warning 7: : After inlining, Hacl.Impl.Poly1305_64.poly1305_encode_r (going into Hacl_Impl_Poly1305_64_Hacl_Impl_Chacha20) calls FStar.UInt128.shift_left (going into FStar) -- removing the static qualifier from FStar.UInt128.shift_left
Warning 7: : After inlining, Hacl.Impl.Poly1305_64.poly1305_encode_r (going into Hacl_Impl_Poly1305_64_Hacl_Impl_Chacha20) calls FStar.UInt128.logor (going into FStar) -- removing the static qualifier from FStar.UInt128.logor
Warning 7: : After inlining, Hacl.Impl.Poly1305_64.poly1305_last_pass_ (going into Hacl_Impl_Poly1305_64_Hacl_Impl_Chacha20) calls FStar.UInt64.gte_mask (going into FStar) -- removing the static qualifier from FStar.UInt64.gte_mask
Warning 7: : After inlining, Hacl.Impl.Poly1305_64.poly1305_last_pass_ (going into Hacl_Impl_Poly1305_64_Hacl_Impl_Chacha20) calls FStar.UInt64.eq_mask (going into FStar) -- removing the static qualifier from FStar.UInt64.eq_mask
Warning 7: : After inlining, Crypto.Symmetric.Bytes.uint128_to_uint8 (going into Crypto_AEAD_Main) calls FStar.Int.Cast.Full.uint128_to_uint64 (going into FStar) -- removing the static qualifier from FStar.Int.Cast.Full.uint128_to_uint64
Warning 7: : After inlining, FStar.Seq.Base.createEmpty__uint8_t (going into Crypto_AEAD_Main) calls FStar.Seq.Base.seq__uint8_t (going into Hacl_Impl_Poly1305_64_Hacl_Impl_Chacha20) -- removing the static qualifier from FStar.Seq.Base.seq__uint8_t
Warning 7: : After inlining, FStar.Seq.Base.createEmpty__uint8_t (going into Crypto_AEAD_Main) calls Prims.list__uint8_t_tags (going into Hacl_Impl_Poly1305_64_Hacl_Impl_Chacha20) -- removing the static qualifier from Prims.list__uint8_t_tags
Warning 7: : After inlining, FStar.Seq.Base.create__uint8_t (going into Crypto_AEAD_Main) calls Prims.op_Subtraction (going into Prims) -- removing the static qualifier from Prims.op_Subtraction
Warning 7: : After inlining, Crypto.Symmetric.GF128.gf128_add (going into Crypto_AEAD_Main) calls FStar.UInt128.logxor (going into FStar) -- removing the static qualifier from FStar.UInt128.logxor
Warning 7: : After inlining, Crypto.Symmetric.GF128.gf128_shift_reduce (going into Crypto_AEAD_Main) calls FStar.UInt128.eq_mask (going into FStar) -- removing the static qualifier from FStar.UInt128.eq_mask
Warning 7: : After inlining, Crypto.Symmetric.MAC.update (going into Crypto_AEAD_Main) calls Hacl.Impl.Poly1305_64.State.poly1305_state (going into Hacl_Impl_Poly1305_64_Hacl_Impl_Chacha20) -- removing the static qualifier from Hacl.Impl.Poly1305_64.State.poly1305_state
Warning 8: : After inlining, Crypto.Symmetric.MAC.update (going into Crypto_AEAD_Main) calls Hacl.Impl.Poly1305_64.poly1305_update (going into Hacl_Impl_Poly1305_64_Hacl_Impl_Chacha20). This is a call across translation units but Hacl.Impl.Poly1305_64.poly1305_update has a C "inline" qualifier. The C standard allows removing Hacl.Impl.Poly1305_64.poly1305_update from its translation unit (see C11 6.7.3 §5), and CompCert will do it. 
Warning 7: : After inlining, Crypto.Symmetric.MAC.finish (going into Crypto_AEAD_Main) calls C.Nullity.null (going into C_Nullity) -- removing the static qualifier from C.Nullity.null
Warning 8: : After inlining, Crypto.Symmetric.MAC.finish (going into Crypto_AEAD_Main) calls Hacl.Impl.Poly1305_64.poly1305_process_last_block (going into Hacl_Impl_Poly1305_64_Hacl_Impl_Chacha20). This is a call across translation units but Hacl.Impl.Poly1305_64.poly1305_process_last_block has a C "inline" qualifier. The C standard allows removing Hacl.Impl.Poly1305_64.poly1305_process_last_block from its translation unit (see C11 6.7.3 §5), and CompCert will do it. 
Warning 8: : After inlining, Crypto.Symmetric.Cipher.compute (going into Crypto_AEAD_Main) calls Hacl.Impl.Chacha20.setup (going into Hacl_Impl_Poly1305_64_Hacl_Impl_Chacha20). This is a call across translation units but Hacl.Impl.Chacha20.setup has a C "inline" qualifier. The C standard allows removing Hacl.Impl.Chacha20.setup from its translation unit (see C11 6.7.3 §5), and CompCert will do it. 
Warning 8: : After inlining, Crypto.Symmetric.Cipher.compute (going into Crypto_AEAD_Main) calls Hacl.Impl.Chacha20.copy_state (going into Hacl_Impl_Poly1305_64_Hacl_Impl_Chacha20). This is a call across translation units but Hacl.Impl.Chacha20.copy_state has a C "inline" qualifier. The C standard allows removing Hacl.Impl.Chacha20.copy_state from its translation unit (see C11 6.7.3 §5), and CompCert will do it. 
Warning 8: : After inlining, Crypto.Symmetric.Cipher.compute (going into Crypto_AEAD_Main) calls Hacl.Impl.Chacha20.rounds (going into Hacl_Impl_Poly1305_64_Hacl_Impl_Chacha20). This is a call across translation units but Hacl.Impl.Chacha20.rounds has a C "inline" qualifier. The C standard allows removing Hacl.Impl.Chacha20.rounds from its translation unit (see C11 6.7.3 §5), and CompCert will do it. 
Warning 8: : After inlining, Crypto.Symmetric.Cipher.compute (going into Crypto_AEAD_Main) calls Hacl.Impl.Chacha20.sum_states (going into Hacl_Impl_Poly1305_64_Hacl_Impl_Chacha20). This is a call across translation units but Hacl.Impl.Chacha20.sum_states has a C "inline" qualifier. The C standard allows removing Hacl.Impl.Chacha20.sum_states from its translation unit (see C11 6.7.3 §5), and CompCert will do it. 
Warning 7: : After inlining, Crypto.Symmetric.Cipher.compute (going into Crypto_AEAD_Main) calls Hacl.Lib.LoadStore32.uint32s_to_le_bytes (going into Hacl_Impl_Poly1305_64_Hacl_Impl_Chacha20) -- removing the static qualifier from Hacl.Lib.LoadStore32.uint32s_to_le_bytes
Warning 7: : After inlining, Crypto.Symmetric.PRF.gen (going into Crypto_AEAD_Main) calls FStar.UInt32.v (going into FStar) -- removing the static qualifier from FStar.UInt32.v
Warning 7: : After inlining, Crypto.AEAD.Invariant.maxplain (going into Crypto_AEAD_Main) calls Prims.pow2 (going into Prims) -- removing the static qualifier from Prims.pow2
Warning 7: : After inlining, Crypto.AEAD.Invariant.safelen (going into Crypto_AEAD_Main) calls Prims.op_Multiply (going into Prims) -- removing the static qualifier from Prims.op_Multiply
Warning 7: : After inlining, Crypto.AEAD.Invariant.safelen (going into Crypto_AEAD_Main) calls Prims.op_LessThanOrEqual (going into Prims) -- removing the static qualifier from Prims.op_LessThanOrEqual
Warning 7: : After inlining, Crypto.AEAD.Invariant.safelen (going into Crypto_AEAD_Main) calls Prims.op_Addition (going into Prims) -- removing the static qualifier from Prims.op_Addition
Warning 7: : After inlining, KrmlTest.test (going into KrmlTest) calls Crypto.Indexing.aeadAlg (going into Crypto_AEAD_Main) -- removing the static qualifier from Crypto.Indexing.aeadAlg
Warning 7: : After inlining, KrmlTest.test (going into KrmlTest) calls Crypto.Indexing.testId (going into Crypto_AEAD_Main) -- removing the static qualifier from Crypto.Indexing.testId
Warning 7: : After inlining, KrmlTest.test (going into KrmlTest) calls Crypto.Plain.unsafe_hide_buffer (going into Crypto_AEAD_Main) -- removing the static qualifier from Crypto.Plain.unsafe_hide_buffer
Warning 7: : After inlining, KrmlTest.test (going into KrmlTest) calls Crypto.Symmetric.Bytes.load_bytes (going into Crypto_AEAD_Main) -- removing the static qualifier from Crypto.Symmetric.Bytes.load_bytes
Warning 7: : After inlining, KrmlTest.test (going into KrmlTest) calls Crypto.Symmetric.Bytes.load_uint128 (going into Crypto_AEAD_Main) -- removing the static qualifier from Crypto.Symmetric.Bytes.load_uint128
Warning 7: : After inlining, KrmlTest.test (going into KrmlTest) calls Crypto.AEAD.Invariant.aead_state (going into Crypto_AEAD_Main) -- removing the static qualifier from Crypto.AEAD.Invariant.aead_state
Warning 7: : After inlining, KrmlTest.test (going into KrmlTest) calls Crypto.Plain.bufferRepr (going into Crypto_AEAD_Main) -- removing the static qualifier from Crypto.Plain.bufferRepr
Warning 7: : After inlining, Flag.cipher_prf (going into Flag) calls Crypto.Indexing.cipherAlg (going into Crypto_AEAD_Main) -- removing the static qualifier from Crypto.Indexing.cipherAlg
Warning 7: : After inlining, Flag.mac_int1cma (going into Flag) calls Crypto.Indexing.macAlg (going into Crypto_AEAD_Main) -- removing the static qualifier from Crypto.Indexing.macAlg
Warning 10: : -drop is deprecated
use a combination of -bundle and -d reachability to make sure the functions are eliminated as you wish
Warning 2: after the definition of yi, in the definition of f', in the last element of the sequence, after the definition of h0, in top-level declaration Hacl.Bignum.Fproduct.sum_scalar_multiplication_, in file Hacl_Impl_Poly1305_64_Hacl_Impl_Chacha20: Reference to FStar.UInt128.mul_wide has no corresponding implementation; please provide a C implementation
Warning 6: in top-level declaration Crypto.Plain.create, in file Crypto_AEAD_Main: stack newbuf @1 @0 is a non-constant size, stack-allocated array; this is not supported by CompCert and requires the use of alloca(3) for MSVC
Warning 6: in the definition of keyBuffer, after the definition of h0, in the last element of the sequence, after the definition of macId, in top-level declaration Crypto.Symmetric.PRF.prf_mac, in file Crypto_AEAD_Main: stack newbuf 0uint8 Crypto.Symmetric.UF1CMA.keylen @5 is a non-constant size, stack-allocated array; this is not supported by CompCert and requires the use of alloca(3) for MSVC
Warning 6: in the definition of cipher1, after the definition of cipherlen, in the last element of the sequence, in top-level declaration KrmlTest.test, in file KrmlTest: stack newbuf 0uint8 @0 is a non-constant size, stack-allocated array; this is not supported by CompCert and requires the use of alloca(3) for MSVC
Warning 6: in the definition of cipher1, after the definition of cipherlen, in the last element of the sequence, in top-level declaration KrmlTest.test_aes_gcm, in file KrmlTest: stack newbuf 2uint8 @0 is a non-constant size, stack-allocated array; this is not supported by CompCert and requires the use of alloca(3) for MSVC
Warning 6: in the definition of plain, after the definition of plainlen, in top-level declaration KrmlTest.test_aes_gcm_0, in file KrmlTest: stack newbuf 0uint8 @0 is a non-constant size, stack-allocated array; this is not supported by CompCert and requires the use of alloca(3) for MSVC
Warning 6: in the definition of aad, after the definition of aadlen, in top-level declaration KrmlTest.test_aes_gcm_0, in file KrmlTest: stack newbuf 0uint8 @0 is a non-constant size, stack-allocated array; this is not supported by CompCert and requires the use of alloca(3) for MSVC
Warning 6: in the definition of plain, after the definition of plainlen, in top-level declaration KrmlTest.test_aes_gcm_1, in file KrmlTest: stack newbuf 0uint8 @0 is a non-constant size, stack-allocated array; this is not supported by CompCert and requires the use of alloca(3) for MSVC
Warning 6: in the definition of aad, after the definition of aadlen, in top-level declaration KrmlTest.test_aes_gcm_1, in file KrmlTest: stack newbuf 0uint8 @0 is a non-constant size, stack-allocated array; this is not supported by CompCert and requires the use of alloca(3) for MSVC
Warning 6: in the definition of plain, after the definition of plainlen, in top-level declaration KrmlTest.test_aes_gcm_2, in file KrmlTest: stack newbuf 0uint8 @0 is a non-constant size, stack-allocated array; this is not supported by CompCert and requires the use of alloca(3) for MSVC
Warning 6: in the definition of aad, after the definition of aadlen, in top-level declaration KrmlTest.test_aes_gcm_2, in file KrmlTest: stack newbuf 0uint8 @0 is a non-constant size, stack-allocated array; this is not supported by CompCert and requires the use of alloca(3) for MSVC
Warning 6: in the definition of aad, after the definition of aadlen, in top-level declaration KrmlTest.test_aes_gcm_3, in file KrmlTest: stack newbuf 0uint8 @0 is a non-constant size, stack-allocated array; this is not supported by CompCert and requires the use of alloca(3) for MSVC
Warning 13: : C.exit_code, a monomorphic instance, is first used, and therefore inserted, in file C which is about to be dropped; you may get a C compiler error about C_exit_code if any other module uses this definition
Warning 7: : After inlining, Hacl.Bignum.Fproduct.copy_from_wide_ (going into Hacl_Impl_Poly1305_64_Hacl_Impl_Chacha20) calls FStar.UInt128.uint128_to_uint64 (going into FStar) -- removing the static qualifier from FStar.UInt128.uint128_to_uint64
Warning 7: : After inlining, Hacl.Bignum.Fproduct.sum_scalar_multiplication_ (going into Hacl_Impl_Poly1305_64_Hacl_Impl_Chacha20) calls FStar.UInt128.add_mod (going into FStar) -- removing the static qualifier from FStar.UInt128.add_mod
Warning 7: : After inlining, Hacl.Bignum.Fproduct.carry_wide_ (going into Hacl_Impl_Poly1305_64_Hacl_Impl_Chacha20) calls FStar.UInt128.shift_right (going into FStar) -- removing the static qualifier from FStar.UInt128.shift_right
Warning 7: : After inlining, Hacl.Bignum.Fproduct.carry_wide_ (going into Hacl_Impl_Poly1305_64_Hacl_Impl_Chacha20) calls FStar.UInt128.uint64_to_uint128 (going into FStar) -- removing the static qualifier from FStar.UInt128.uint64_to_uint128
Warning 7: : After inlining, Hacl.Bignum.Fproduct.carry_wide_ (going into Hacl_Impl_Poly1305_64_Hacl_Impl_Chacha20) calls FStar.UInt128.add (going into FStar) -- removing the static qualifier from FStar.UInt128.add
Warning 7: : After inlining, Hacl.Bignum.Modulo.carry_top_wide (going into Hacl_Impl_Poly1305_64_Hacl_Impl_Chacha20) calls FStar.UInt128.logand (going into FStar) -- removing the static qualifier from FStar.UInt128.logand
Warning 7: : After inlining, Hacl.Impl.Poly1305_64.poly1305_encode_r (going into Hacl_Impl_Poly1305_64_Hacl_Impl_Chacha20) calls FStar.UInt128.shift_left (going into FStar) -- removing the static qualifier from FStar.UInt128.shift_left
Warning 7: : After inlining, Hacl.Impl.Poly1305_64.poly1305_encode_r (going into Hacl_Impl_Poly1305_64_Hacl_Impl_Chacha20) calls FStar.UInt128.logor (going into FStar) -- removing the static qualifier from FStar.UInt128.logor
Warning 7: : After inlining, Hacl.Impl.Poly1305_64.poly1305_last_pass_ (going into Hacl_Impl_Poly1305_64_Hacl_Impl_Chacha20) calls FStar.UInt64.gte_mask (going into FStar) -- removing the static qualifier from FStar.UInt64.gte_mask
Warning 7: : After inlining, Hacl.Impl.Poly1305_64.poly1305_last_pass_ (going into Hacl_Impl_Poly1305_64_Hacl_Impl_Chacha20) calls FStar.UInt64.eq_mask (going into FStar) -- removing the static qualifier from FStar.UInt64.eq_mask
Warning 7: : After inlining, Crypto.Symmetric.Bytes.uint128_to_uint8 (going into Crypto_AEAD_Main) calls FStar.Int.Cast.Full.uint128_to_uint64 (going into FStar) -- removing the static qualifier from FStar.Int.Cast.Full.uint128_to_uint64
Warning 7: : After inlining, FStar.Seq.Base.createEmpty__uint8_t (going into Crypto_AEAD_Main) calls FStar.Seq.Base.seq__uint8_t (going into Hacl_Impl_Poly1305_64_Hacl_Impl_Chacha20) -- removing the static qualifier from FStar.Seq.Base.seq__uint8_t
Warning 7: : After inlining, FStar.Seq.Base.createEmpty__uint8_t (going into Crypto_AEAD_Main) calls Prims.list__uint8_t_tags (going into Hacl_Impl_Poly1305_64_Hacl_Impl_Chacha20) -- removing the static qualifier from Prims.list__uint8_t_tags
Warning 7: : After inlining, FStar.Seq.Base.create__uint8_t (going into Crypto_AEAD_Main) calls Prims.op_Subtraction (going into Prims) -- removing the static qualifier from Prims.op_Subtraction
Warning 7: : After inlining, Crypto.Symmetric.GF128.gf128_add (going into Crypto_AEAD_Main) calls FStar.UInt128.logxor (going into FStar) -- removing the static qualifier from FStar.UInt128.logxor
Warning 7: : After inlining, Crypto.Symmetric.GF128.gf128_shift_reduce (going into Crypto_AEAD_Main) calls FStar.UInt128.eq_mask (going into FStar) -- removing the static qualifier from FStar.UInt128.eq_mask
Warning 7: : After inlining, Crypto.Symmetric.MAC.update (going into Crypto_AEAD_Main) calls Hacl.Impl.Poly1305_64.State.poly1305_state (going into Hacl_Impl_Poly1305_64_Hacl_Impl_Chacha20) -- removing the static qualifier from Hacl.Impl.Poly1305_64.State.poly1305_state
Warning 8: : After inlining, Crypto.Symmetric.MAC.update (going into Crypto_AEAD_Main) calls Hacl.Impl.Poly1305_64.poly1305_update (going into Hacl_Impl_Poly1305_64_Hacl_Impl_Chacha20). This is a call across translation units but Hacl.Impl.Poly1305_64.poly1305_update has a C "inline" qualifier. The C standard allows removing Hacl.Impl.Poly1305_64.poly1305_update from its translation unit (see C11 6.7.3 §5), and CompCert will do it. 
Warning 7: : After inlining, Crypto.Symmetric.MAC.finish (going into Crypto_AEAD_Main) calls C.Nullity.null (going into C_Nullity) -- removing the static qualifier from C.Nullity.null
Warning 8: : After inlining, Crypto.Symmetric.MAC.finish (going into Crypto_AEAD_Main) calls Hacl.Impl.Poly1305_64.poly1305_process_last_block (going into Hacl_Impl_Poly1305_64_Hacl_Impl_Chacha20). This is a call across translation units but Hacl.Impl.Poly1305_64.poly1305_process_last_block has a C "inline" qualifier. The C standard allows removing Hacl.Impl.Poly1305_64.poly1305_process_last_block from its translation unit (see C11 6.7.3 §5), and CompCert will do it. 
Warning 8: : After inlining, Crypto.Symmetric.Cipher.compute (going into Crypto_AEAD_Main) calls Hacl.Impl.Chacha20.setup (going into Hacl_Impl_Poly1305_64_Hacl_Impl_Chacha20). This is a call across translation units but Hacl.Impl.Chacha20.setup has a C "inline" qualifier. The C standard allows removing Hacl.Impl.Chacha20.setup from its translation unit (see C11 6.7.3 §5), and CompCert will do it. 
Warning 8: : After inlining, Crypto.Symmetric.Cipher.compute (going into Crypto_AEAD_Main) calls Hacl.Impl.Chacha20.copy_state (going into Hacl_Impl_Poly1305_64_Hacl_Impl_Chacha20). This is a call across translation units but Hacl.Impl.Chacha20.copy_state has a C "inline" qualifier. The C standard allows removing Hacl.Impl.Chacha20.copy_state from its translation unit (see C11 6.7.3 §5), and CompCert will do it. 
Warning 8: : After inlining, Crypto.Symmetric.Cipher.compute (going into Crypto_AEAD_Main) calls Hacl.Impl.Chacha20.rounds (going into Hacl_Impl_Poly1305_64_Hacl_Impl_Chacha20). This is a call across translation units but Hacl.Impl.Chacha20.rounds has a C "inline" qualifier. The C standard allows removing Hacl.Impl.Chacha20.rounds from its translation unit (see C11 6.7.3 §5), and CompCert will do it. 
Warning 8: : After inlining, Crypto.Symmetric.Cipher.compute (going into Crypto_AEAD_Main) calls Hacl.Impl.Chacha20.sum_states (going into Hacl_Impl_Poly1305_64_Hacl_Impl_Chacha20). This is a call across translation units but Hacl.Impl.Chacha20.sum_states has a C "inline" qualifier. The C standard allows removing Hacl.Impl.Chacha20.sum_states from its translation unit (see C11 6.7.3 §5), and CompCert will do it. 
Warning 7: : After inlining, Crypto.Symmetric.Cipher.compute (going into Crypto_AEAD_Main) calls Hacl.Lib.LoadStore32.uint32s_to_le_bytes (going into Hacl_Impl_Poly1305_64_Hacl_Impl_Chacha20) -- removing the static qualifier from Hacl.Lib.LoadStore32.uint32s_to_le_bytes
Warning 7: : After inlining, Crypto.Symmetric.PRF.gen (going into Crypto_AEAD_Main) calls FStar.UInt32.v (going into FStar) -- removing the static qualifier from FStar.UInt32.v
Warning 7: : After inlining, Crypto.AEAD.Invariant.maxplain (going into Crypto_AEAD_Main) calls Prims.pow2 (going into Prims) -- removing the static qualifier from Prims.pow2
Warning 7: : After inlining, Crypto.AEAD.Invariant.safelen (going into Crypto_AEAD_Main) calls Prims.op_Multiply (going into Prims) -- removing the static qualifier from Prims.op_Multiply
Warning 7: : After inlining, Crypto.AEAD.Invariant.safelen (going into Crypto_AEAD_Main) calls Prims.op_LessThanOrEqual (going into Prims) -- removing the static qualifier from Prims.op_LessThanOrEqual
Warning 7: : After inlining, Crypto.AEAD.Invariant.safelen (going into Crypto_AEAD_Main) calls Prims.op_Addition (going into Prims) -- removing the static qualifier from Prims.op_Addition
Warning 7: : After inlining, KrmlTest.test (going into KrmlTest) calls Crypto.Indexing.aeadAlg (going into Crypto_AEAD_Main) -- removing the static qualifier from Crypto.Indexing.aeadAlg
Warning 7: : After inlining, KrmlTest.test (going into KrmlTest) calls Crypto.Indexing.testId (going into Crypto_AEAD_Main) -- removing the static qualifier from Crypto.Indexing.testId
Warning 7: : After inlining, KrmlTest.test (going into KrmlTest) calls Crypto.Plain.unsafe_hide_buffer (going into Crypto_AEAD_Main) -- removing the static qualifier from Crypto.Plain.unsafe_hide_buffer
Warning 7: : After inlining, KrmlTest.test (going into KrmlTest) calls Crypto.Symmetric.Bytes.load_bytes (going into Crypto_AEAD_Main) -- removing the static qualifier from Crypto.Symmetric.Bytes.load_bytes
Warning 7: : After inlining, KrmlTest.test (going into KrmlTest) calls Crypto.Symmetric.Bytes.load_uint128 (going into Crypto_AEAD_Main) -- removing the static qualifier from Crypto.Symmetric.Bytes.load_uint128
Warning 7: : After inlining, KrmlTest.test (going into KrmlTest) calls Crypto.AEAD.Invariant.aead_state (going into Crypto_AEAD_Main) -- removing the static qualifier from Crypto.AEAD.Invariant.aead_state
Warning 7: : After inlining, KrmlTest.test (going into KrmlTest) calls Crypto.Plain.bufferRepr (going into Crypto_AEAD_Main) -- removing the static qualifier from Crypto.Plain.bufferRepr
Warning 7: : After inlining, Flag.cipher_prf (going into Flag) calls Crypto.Indexing.cipherAlg (going into Crypto_AEAD_Main) -- removing the static qualifier from Crypto.Indexing.cipherAlg
Warning 7: : After inlining, Flag.mac_int1cma (going into Flag) calls Crypto.Indexing.macAlg (going into Crypto_AEAD_Main) -- removing the static qualifier from Crypto.Indexing.macAlg
Warning 10: : -drop is deprecated
use a combination of -bundle and -d reachability to make sure the functions are eliminated as you wish
Warning 2: after the definition of yi, in the definition of f', in the last element of the sequence, after the definition of h0, in top-level declaration Hacl.Bignum.Fproduct.sum_scalar_multiplication_, in file Hacl_Impl_Poly1305_64_Hacl_Impl_Chacha20: Reference to FStar.UInt128.mul_wide has no corresponding implementation; please provide a C implementation
Warning 6: in top-level declaration Crypto.Plain.create, in file Crypto_AEAD_Main: stack newbuf @1 @0 is a non-constant size, stack-allocated array; this is not supported by CompCert and requires the use of alloca(3) for MSVC
Warning 6: in the definition of keyBuffer, after the definition of h0, in the last element of the sequence, after the definition of macId, in top-level declaration Crypto.Symmetric.PRF.prf_mac, in file Crypto_AEAD_Main: stack newbuf 0uint8 Crypto.Symmetric.UF1CMA.keylen @5 is a non-constant size, stack-allocated array; this is not supported by CompCert and requires the use of alloca(3) for MSVC
Warning 6: in the definition of cipher1, after the definition of cipherlen, in the last element of the sequence, in top-level declaration KrmlTest.test, in file KrmlTest: stack newbuf 0uint8 @0 is a non-constant size, stack-allocated array; this is not supported by CompCert and requires the use of alloca(3) for MSVC
Warning 6: in the definition of cipher1, after the definition of cipherlen, in the last element of the sequence, in top-level declaration KrmlTest.test_aes_gcm, in file KrmlTest: stack newbuf 2uint8 @0 is a non-constant size, stack-allocated array; this is not supported by CompCert and requires the use of alloca(3) for MSVC
Warning 6: in the definition of plain, after the definition of plainlen, in top-level declaration KrmlTest.test_aes_gcm_0, in file KrmlTest: stack newbuf 0uint8 @0 is a non-constant size, stack-allocated array; this is not supported by CompCert and requires the use of alloca(3) for MSVC
Warning 6: in the definition of aad, after the definition of aadlen, in top-level declaration KrmlTest.test_aes_gcm_0, in file KrmlTest: stack newbuf 0uint8 @0 is a non-constant size, stack-allocated array; this is not supported by CompCert and requires the use of alloca(3) for MSVC
Warning 6: in the definition of plain, after the definition of plainlen, in top-level declaration KrmlTest.test_aes_gcm_1, in file KrmlTest: stack newbuf 0uint8 @0 is a non-constant size, stack-allocated array; this is not supported by CompCert and requires the use of alloca(3) for MSVC
Warning 6: in the definition of aad, after the definition of aadlen, in top-level declaration KrmlTest.test_aes_gcm_1, in file KrmlTest: stack newbuf 0uint8 @0 is a non-constant size, stack-allocated array; this is not supported by CompCert and requires the use of alloca(3) for MSVC
Warning 6: in the definition of plain, after the definition of plainlen, in top-level declaration KrmlTest.test_aes_gcm_2, in file KrmlTest: stack newbuf 0uint8 @0 is a non-constant size, stack-allocated array; this is not supported by CompCert and requires the use of alloca(3) for MSVC
Warning 6: in the definition of aad, after the definition of aadlen, in top-level declaration KrmlTest.test_aes_gcm_2, in file KrmlTest: stack newbuf 0uint8 @0 is a non-constant size, stack-allocated array; this is not supported by CompCert and requires the use of alloca(3) for MSVC
Warning 6: in the definition of aad, after the definition of aadlen, in top-level declaration KrmlTest.test_aes_gcm_3, in file KrmlTest: stack newbuf 0uint8 @0 is a non-constant size, stack-allocated array; this is not supported by CompCert and requires the use of alloca(3) for MSVC
Warning 13: : C.exit_code, a monomorphic instance, is first used, and therefore inserted, in file C which is about to be dropped; you may get a C compiler error about C_exit_code if any other module uses this definition
Warning 7: : After inlining, Hacl.Bignum.Fproduct.copy_from_wide_ (going into Hacl_Impl_Poly1305_64_Hacl_Impl_Chacha20) calls FStar.UInt128.uint128_to_uint64 (going into FStar) -- removing the static qualifier from FStar.UInt128.uint128_to_uint64
Warning 7: : After inlining, Hacl.Bignum.Fproduct.sum_scalar_multiplication_ (going into Hacl_Impl_Poly1305_64_Hacl_Impl_Chacha20) calls FStar.UInt128.add_mod (going into FStar) -- removing the static qualifier from FStar.UInt128.add_mod
Warning 7: : After inlining, Hacl.Bignum.Fproduct.carry_wide_ (going into Hacl_Impl_Poly1305_64_Hacl_Impl_Chacha20) calls FStar.UInt128.shift_right (going into FStar) -- removing the static qualifier from FStar.UInt128.shift_right
Warning 7: : After inlining, Hacl.Bignum.Fproduct.carry_wide_ (going into Hacl_Impl_Poly1305_64_Hacl_Impl_Chacha20) calls FStar.UInt128.uint64_to_uint128 (going into FStar) -- removing the static qualifier from FStar.UInt128.uint64_to_uint128
Warning 7: : After inlining, Hacl.Bignum.Fproduct.carry_wide_ (going into Hacl_Impl_Poly1305_64_Hacl_Impl_Chacha20) calls FStar.UInt128.add (going into FStar) -- removing the static qualifier from FStar.UInt128.add
Warning 7: : After inlining, Hacl.Bignum.Modulo.carry_top_wide (going into Hacl_Impl_Poly1305_64_Hacl_Impl_Chacha20) calls FStar.UInt128.logand (going into FStar) -- removing the static qualifier from FStar.UInt128.logand
Warning 7: : After inlining, Hacl.Impl.Poly1305_64.poly1305_encode_r (going into Hacl_Impl_Poly1305_64_Hacl_Impl_Chacha20) calls FStar.UInt128.shift_left (going into FStar) -- removing the static qualifier from FStar.UInt128.shift_left
Warning 7: : After inlining, Hacl.Impl.Poly1305_64.poly1305_encode_r (going into Hacl_Impl_Poly1305_64_Hacl_Impl_Chacha20) calls FStar.UInt128.logor (going into FStar) -- removing the static qualifier from FStar.UInt128.logor
Warning 7: : After inlining, Hacl.Impl.Poly1305_64.poly1305_last_pass_ (going into Hacl_Impl_Poly1305_64_Hacl_Impl_Chacha20) calls FStar.UInt64.gte_mask (going into FStar) -- removing the static qualifier from FStar.UInt64.gte_mask
Warning 7: : After inlining, Hacl.Impl.Poly1305_64.poly1305_last_pass_ (going into Hacl_Impl_Poly1305_64_Hacl_Impl_Chacha20) calls FStar.UInt64.eq_mask (going into FStar) -- removing the static qualifier from FStar.UInt64.eq_mask
Warning 7: : After inlining, Crypto.Symmetric.Bytes.uint128_to_uint8 (going into Crypto_AEAD_Main) calls FStar.Int.Cast.Full.uint128_to_uint64 (going into FStar) -- removing the static qualifier from FStar.Int.Cast.Full.uint128_to_uint64
Warning 7: : After inlining, FStar.Seq.Base.createEmpty__uint8_t (going into Crypto_AEAD_Main) calls FStar.Seq.Base.seq__uint8_t (going into Hacl_Impl_Poly1305_64_Hacl_Impl_Chacha20) -- removing the static qualifier from FStar.Seq.Base.seq__uint8_t
Warning 7: : After inlining, FStar.Seq.Base.createEmpty__uint8_t (going into Crypto_AEAD_Main) calls Prims.list__uint8_t_tags (going into Hacl_Impl_Poly1305_64_Hacl_Impl_Chacha20) -- removing the static qualifier from Prims.list__uint8_t_tags
Warning 7: : After inlining, FStar.Seq.Base.create__uint8_t (going into Crypto_AEAD_Main) calls Prims.op_Subtraction (going into Prims) -- removing the static qualifier from Prims.op_Subtraction
Warning 7: : After inlining, Crypto.Symmetric.GF128.gf128_add (going into Crypto_AEAD_Main) calls FStar.UInt128.logxor (going into FStar) -- removing the static qualifier from FStar.UInt128.logxor
Warning 7: : After inlining, Crypto.Symmetric.GF128.gf128_shift_reduce (going into Crypto_AEAD_Main) calls FStar.UInt128.eq_mask (going into FStar) -- removing the static qualifier from FStar.UInt128.eq_mask
Warning 7: : After inlining, Crypto.Symmetric.MAC.update (going into Crypto_AEAD_Main) calls Hacl.Impl.Poly1305_64.State.poly1305_state (going into Hacl_Impl_Poly1305_64_Hacl_Impl_Chacha20) -- removing the static qualifier from Hacl.Impl.Poly1305_64.State.poly1305_state
Warning 8: : After inlining, Crypto.Symmetric.MAC.update (going into Crypto_AEAD_Main) calls Hacl.Impl.Poly1305_64.poly1305_update (going into Hacl_Impl_Poly1305_64_Hacl_Impl_Chacha20). This is a call across translation units but Hacl.Impl.Poly1305_64.poly1305_update has a C "inline" qualifier. The C standard allows removing Hacl.Impl.Poly1305_64.poly1305_update from its translation unit (see C11 6.7.3 §5), and CompCert will do it. 
Warning 7: : After inlining, Crypto.Symmetric.MAC.finish (going into Crypto_AEAD_Main) calls C.Nullity.null (going into C_Nullity) -- removing the static qualifier from C.Nullity.null
Warning 8: : After inlining, Crypto.Symmetric.MAC.finish (going into Crypto_AEAD_Main) calls Hacl.Impl.Poly1305_64.poly1305_process_last_block (going into Hacl_Impl_Poly1305_64_Hacl_Impl_Chacha20). This is a call across translation units but Hacl.Impl.Poly1305_64.poly1305_process_last_block has a C "inline" qualifier. The C standard allows removing Hacl.Impl.Poly1305_64.poly1305_process_last_block from its translation unit (see C11 6.7.3 §5), and CompCert will do it. 
Warning 8: : After inlining, Crypto.Symmetric.Cipher.compute (going into Crypto_AEAD_Main) calls Hacl.Impl.Chacha20.setup (going into Hacl_Impl_Poly1305_64_Hacl_Impl_Chacha20). This is a call across translation units but Hacl.Impl.Chacha20.setup has a C "inline" qualifier. The C standard allows removing Hacl.Impl.Chacha20.setup from its translation unit (see C11 6.7.3 §5), and CompCert will do it. 
Warning 8: : After inlining, Crypto.Symmetric.Cipher.compute (going into Crypto_AEAD_Main) calls Hacl.Impl.Chacha20.copy_state (going into Hacl_Impl_Poly1305_64_Hacl_Impl_Chacha20). This is a call across translation units but Hacl.Impl.Chacha20.copy_state has a C "inline" qualifier. The C standard allows removing Hacl.Impl.Chacha20.copy_state from its translation unit (see C11 6.7.3 §5), and CompCert will do it. 
Warning 8: : After inlining, Crypto.Symmetric.Cipher.compute (going into Crypto_AEAD_Main) calls Hacl.Impl.Chacha20.rounds (going into Hacl_Impl_Poly1305_64_Hacl_Impl_Chacha20). This is a call across translation units but Hacl.Impl.Chacha20.rounds has a C "inline" qualifier. The C standard allows removing Hacl.Impl.Chacha20.rounds from its translation unit (see C11 6.7.3 §5), and CompCert will do it. 
Warning 8: : After inlining, Crypto.Symmetric.Cipher.compute (going into Crypto_AEAD_Main) calls Hacl.Impl.Chacha20.sum_states (going into Hacl_Impl_Poly1305_64_Hacl_Impl_Chacha20). This is a call across translation units but Hacl.Impl.Chacha20.sum_states has a C "inline" qualifier. The C standard allows removing Hacl.Impl.Chacha20.sum_states from its translation unit (see C11 6.7.3 §5), and CompCert will do it. 
Warning 7: : After inlining, Crypto.Symmetric.Cipher.compute (going into Crypto_AEAD_Main) calls Hacl.Lib.LoadStore32.uint32s_to_le_bytes (going into Hacl_Impl_Poly1305_64_Hacl_Impl_Chacha20) -- removing the static qualifier from Hacl.Lib.LoadStore32.uint32s_to_le_bytes
Warning 7: : After inlining, Crypto.Symmetric.PRF.gen (going into Crypto_AEAD_Main) calls FStar.UInt32.v (going into FStar) -- removing the static qualifier from FStar.UInt32.v
Warning 7: : After inlining, Crypto.AEAD.Invariant.maxplain (going into Crypto_AEAD_Main) calls Prims.pow2 (going into Prims) -- removing the static qualifier from Prims.pow2
Warning 7: : After inlining, Crypto.AEAD.Invariant.safelen (going into Crypto_AEAD_Main) calls Prims.op_Multiply (going into Prims) -- removing the static qualifier from Prims.op_Multiply
Warning 7: : After inlining, Crypto.AEAD.Invariant.safelen (going into Crypto_AEAD_Main) calls Prims.op_LessThanOrEqual (going into Prims) -- removing the static qualifier from Prims.op_LessThanOrEqual
Warning 7: : After inlining, Crypto.AEAD.Invariant.safelen (going into Crypto_AEAD_Main) calls Prims.op_Addition (going into Prims) -- removing the static qualifier from Prims.op_Addition
Warning 7: : After inlining, KrmlTest.test (going into KrmlTest) calls Crypto.Indexing.id (going into Crypto_AEAD_Main) -- removing the static qualifier from Crypto.Indexing.id
Warning 7: : After inlining, KrmlTest.test (going into KrmlTest) calls Crypto.Indexing.aeadAlg (going into Crypto_AEAD_Main) -- removing the static qualifier from Crypto.Indexing.aeadAlg
Warning 7: : After inlining, KrmlTest.test (going into KrmlTest) calls Crypto.Indexing.testId (going into Crypto_AEAD_Main) -- removing the static qualifier from Crypto.Indexing.testId
Warning 7: : After inlining, KrmlTest.test (going into KrmlTest) calls Crypto.Plain.unsafe_hide_buffer (going into Crypto_AEAD_Main) -- removing the static qualifier from Crypto.Plain.unsafe_hide_buffer
Warning 7: : After inlining, KrmlTest.test (going into KrmlTest) calls Crypto.Symmetric.Bytes.load_bytes (going into Crypto_AEAD_Main) -- removing the static qualifier from Crypto.Symmetric.Bytes.load_bytes
Warning 7: : After inlining, KrmlTest.test (going into KrmlTest) calls Crypto.Symmetric.Bytes.load_uint128 (going into Crypto_AEAD_Main) -- removing the static qualifier from Crypto.Symmetric.Bytes.load_uint128
Warning 7: : After inlining, KrmlTest.test (going into KrmlTest) calls Crypto.AEAD.Invariant.aead_state (going into Crypto_AEAD_Main) -- removing the static qualifier from Crypto.AEAD.Invariant.aead_state
Warning 7: : After inlining, KrmlTest.test (going into KrmlTest) calls Crypto.Plain.bufferRepr (going into Crypto_AEAD_Main) -- removing the static qualifier from Crypto.Plain.bufferRepr
Warning 7: : After inlining, Flag.cipher_prf (going into Flag) calls Crypto.Indexing.cipherAlg (going into Crypto_AEAD_Main) -- removing the static qualifier from Crypto.Indexing.cipherAlg
Warning 7: : After inlining, Flag.mac_int1cma (going into Flag) calls Crypto.Indexing.macAlg (going into Crypto_AEAD_Main) -- removing the static qualifier from Crypto.Indexing.macAlg
ffi.c:1:0: warning: -fPIC ignored for target (all code is position independent)
#include <stdio.h>
^
ffi.c:1:0: warning: -fPIC ignored for target (all code is position independent)
#include <stdio.h>
^
ffi.c:1:0: warning: -fPIC ignored for target (all code is position independent)
#include <stdio.h>
^
ffi.c:1:0: warning: -fPIC ignored for target (all code is position independent)
#include <stdio.h>
^
Not extracting FStar.Exn.raise to KreMLin (polymorphic assumes are not supported)
Not extracting type definition FStar.Ghost.erased to KreMLin (assumed type)
Not extracting type definition FStar.Float.float to KreMLin (assumed type)
Not extracting type definition FStar.Date.dateTime to KreMLin (assumed type)
Not extracting type definition FStar.Date.timeSpan to KreMLin (assumed type)
Not extracting type definition FStar.Range.range to KreMLin (assumed type)
Not extracting type definition FStar.Reflection.Types.binder to KreMLin (assumed type)
Not extracting type definition FStar.Reflection.Types.bv to KreMLin (assumed type)
Not extracting type definition FStar.Reflection.Types.term to KreMLin (assumed type)
Not extracting type definition FStar.Reflection.Types.env to KreMLin (assumed type)
Not extracting type definition FStar.Reflection.Types.fv to KreMLin (assumed type)
Not extracting type definition FStar.Reflection.Types.comp to KreMLin (assumed type)
Not extracting type definition FStar.Reflection.Types.sigelt to KreMLin (assumed type)
Not extracting type definition FStar.Reflection.Types.ctx_uvar_and_subst to KreMLin (assumed type)
Not extracting type definition FStar.Monotonic.Witnessed.get to KreMLin (assumed type)
Not extracting type definition FStar.Monotonic.Witnessed.set to KreMLin (assumed type)
Not extracting type definition FStar.Tactics.Types.proofstate to KreMLin (assumed type)
<dummy>(0,0-0,0): (Warning 242) Not extracting __proj__TAC__item__return to KreMLin

<dummy>(0,0-0,0): (Warning 242) Not extracting __proj__TAC__item__bind to KreMLin

<dummy>(0,0-0,0): (Warning 242) Not extracting __proj__TAC__item____get to KreMLin

Not extracting FStar.Tactics.Effect.synth_by_tactic to KreMLin (polymorphic assumes are not supported)
Not extracting FStar.Tactics.Builtins.fail to KreMLin (polymorphic assumes are not supported)
Not extracting FStar.Tactics.Builtins.unquote to KreMLin (polymorphic assumes are not supported)
Not extracting FStar.Tactics.Builtins.__trytac to KreMLin (polymorphic assumes are not supported)
Not extracting FStar.Tactics.Builtins.__divide to KreMLin (polymorphic assumes are not supported)
List.Helpers.fst(13,14-13,16): (Warning 252) (Hint-replay failed): Subtyping check failed; expected type m:
Prims.list a
{ forall (u12013: FStar.Pervasives.Native.option (x: Prims.unit{Prims.hasEq a})).
FStar.List.Tot.Base.mem_filter_spec (f env) m u12013 }; got type Prims.list a (see also List.Helpers.fst(11,33-11,75))
Not extracting FStar.ST.gst_witness to KreMLin (polymorphic assumes are not supported)
Not extracting FStar.ST.gst_recall to KreMLin (polymorphic assumes are not supported)
Not extracting FStar.All.pipe_right to KreMLin (polymorphic assumes are not supported)
Not extracting FStar.All.pipe_left to KreMLin (polymorphic assumes are not supported)
Not extracting FStar.All.exit to KreMLin (polymorphic assumes are not supported)
Not extracting FStar.All.try_with to KreMLin (polymorphic assumes are not supported)
Not extracting exception Failure to KreMLin (exceptions unsupported)
Not extracting FStar.All.failwith to KreMLin (polymorphic assumes are not supported)
Not extracting type definition FStar.Dyn.dyn to KreMLin (assumed type)
Not extracting FStar.Dyn.mkdyn to KreMLin (polymorphic assumes are not supported)
Not extracting FStar.Dyn.undyn to KreMLin (polymorphic assumes are not supported)
<dummy>(0,0-0,0): (Warning 250) Error while extracting FStar.List.filter_map to KreMLin (Failure("Internal error: name not found filter_map_acc\n"))

<dummy>(0,0-0,0): (Warning 250) Error while extracting FStar.List.index to KreMLin (Failure("Internal error: name not found index1\n"))

Not extracting FStar.HyperStack.ST.gst_witness to KreMLin (polymorphic assumes are not supported)
Not extracting FStar.HyperStack.ST.gst_recall to KreMLin (polymorphic assumes are not supported)
Not extracting FStar.HyperStack.All.pipe_right to KreMLin (polymorphic assumes are not supported)
Not extracting FStar.HyperStack.All.pipe_left to KreMLin (polymorphic assumes are not supported)
Not extracting FStar.HyperStack.All.failwith to KreMLin (polymorphic assumes are not supported)
Not extracting FStar.HyperStack.All.exit to KreMLin (polymorphic assumes are not supported)
Not extracting FStar.HyperStack.All.try_with to KreMLin (polymorphic assumes are not supported)
C:/build/agent1/_work/4/s/src/lowparse/LowParse.Spec.Base.fst(750,2-750,8): (Warning 252) (Hint-replay failed): assertion failed (see also C:/build/agent1/_work/4/s/src/lowparse/LowParse.Spec.Base.fst(750,9-750,22))
Mem.fst(158,77-158,78): (Warning 252) (Hint-replay failed): Subtyping check failed; expected type Mem.rset; got type FStar.Set.set FStar.Monotonic.HyperHeap.rid (see also Mem.fst(155,79-155,91))
Mem.fst(170,4-170,6): (Warning 252) (Hint-replay failed): could not prove post-condition (see also Mem.fst(169,20-169,38))
C:/build/agent1/_work/4/s/src/lowparse/LowParse.SLow.Base.fst(42,2-42,4): (Warning 252) (Hint-replay failed): could not prove post-condition (see also C:/build/agent1/_work/4/s/src/lowparse/LowParse.SLow.Base.fst(41,66-41,100))
C:/build/agent1/_work/4/s/src/lowparse/LowParse.SLow.Base.fst(54,2-54,4): (Warning 252) (Hint-replay failed): could not prove post-condition (see also C:/build/agent1/_work/4/s/src/lowparse/LowParse.SLow.Base.fst(52,26-52,60))
File "extract/OCaml/C_Loops.ml", line 118, characters 10-45:
Warning 21: this statement never returns (or has an unsound type.)
File "extract/OCaml/C_Loops.ml", line 138, characters 12-47:
Warning 21: this statement never returns (or has an unsound type.)
File "extract/OCaml/C_Loops.ml", line 152, characters 8-43:
Warning 21: this statement never returns (or has an unsound type.)
File "extract/OCaml/C_Loops.ml", line 170, characters 10-45:
Warning 21: this statement never returns (or has an unsound type.)
File "extract/OCaml/C_Loops.ml", line 191, characters 12-47:
Warning 21: this statement never returns (or has an unsound type.)
File "extract/OCaml/C_Loops.ml", line 211, characters 14-49:
Warning 21: this statement never returns (or has an unsound type.)
Not extracting type definition FStar.Char.char to KreMLin (assumed type)
Not extracting type definition FStar.Bytes.bytes to KreMLin (assumed type)
C:/build/agent1/_work/4/s/src/lowparse/LowParse.Spec.Combinators.fst(238,3-238,9): (Warning 252) assertion failed (see also C:/build/agent1/_work/4/s/src/lowparse/LowParse.Spec.Combinators.fst(238,10-238,23))
C:/build/agent1/_work/4/s/src/lowparse/LowParse.Spec.Combinators.fst(380,3-380,9): (Warning 252) assertion failed (see also C:/build/agent1/_work/4/s/src/lowparse/LowParse.Spec.Combinators.fst(380,10-380,23))
Not extracting exception EOF to KreMLin (exceptions unsupported)
Not extracting type definition FStar.IO.fd_read to KreMLin (assumed type)
Not extracting type definition FStar.IO.fd_write to KreMLin (assumed type)
Not extracting FStar.IO.print_any to KreMLin (polymorphic assumes are not supported)
IV.fst(78,2-78,44): (Warning 252) (Hint-replay failed): could not prove post-condition (see also IV.fst(76,26-76,62))
Not extracting type definition CoreCrypto.hash_ctx to KreMLin (assumed type)
Not extracting type definition CoreCrypto.cipher_stream to KreMLin (assumed type)
Not extracting type definition C.channel to KreMLin (assumed type)
Not extracting type definition C.intptr_t to KreMLin (assumed type)
Not extracting type definition C.char to KreMLin (assumed type)
Not extracting type definition C.int to KreMLin (assumed type)
Not extracting type definition C.clock_t to KreMLin (assumed type)
Not extracting type definition FStar.Tcp.networkStream to KreMLin (assumed type)
Not extracting type definition FStar.Tcp.tcpListener to KreMLin (assumed type)
<dummy>(0,0-0,0): (Warning 250) Error while extracting FStar.Printf.parse_format to KreMLin (Failure("todo: translate_pat [MLP_Const]"))

<dummy>(0,0-0,0): (Warning 250) Error while extracting FStar.Printf.sprintf to KreMLin (Failure("todo: translate_pat [MLP_Const]"))

<dummy>(0,0-0,0): (Warning 250) Error while extracting FStar.Printf.ext_sprintf to KreMLin (Failure("todo: translate_pat [MLP_Const]"))

<dummy>(0,0-0,0): (Warning 250) Error while extracting FStar.Printf.parse_something to KreMLin (Failure("todo: translate_pat [MLP_Const]"))

<dummy>(0,0-0,0): (Warning 250) Error while extracting FStar.Printf.my_sprintf to KreMLin (Failure("todo: translate_pat [MLP_Const]"))

Not extracting FStar.Tactics.Derived.admit_goal to KreMLin (polymorphic assumes are not supported)
TLSConstants.fst(861,33-861,35): (Warning 252) (Hint-replay failed): Subtyping check failed; expected type b: FStar.Bytes.bytes{%[ FStar.Bytes.length b ] << %[ FStar.Bytes.length b ]}; got type FStar.Bytes.bytes (see also TLSConstants.fst(859,2-869,5))
Not extracting type definition Hashing.OpenSSL.hash_ctx to KreMLin (assumed type)
CommonDH.fst(139,38-139,45): (Warning 252) (Hint-replay failed): Subtyping check failed; expected type Prims.eqtype; got type Type0 (see also C:/build/agent1/_work/4/s/fstar/ulib/prims.fst(27,21-27,28))
CommonDH.fst(142,22-142,31): (Warning 252) (Hint-replay failed): Subtyping check failed; expected type Prims.eqtype; got type Type0 (see also C:/build/agent1/_work/4/s/fstar/ulib/prims.fst(27,21-27,28))
CommonDH.fst(147,27-147,30): (Warning 252) (Hint-replay failed): Subtyping check failed; expected type Prims.eqtype; got type Type0 (see also C:/build/agent1/_work/4/s/fstar/ulib/prims.fst(27,21-27,28))
CommonDH.fst(152,40-152,43): (Warning 252) (Hint-replay failed): Subtyping check failed; expected type Prims.eqtype; got type Type0 (see also C:/build/agent1/_work/4/s/fstar/ulib/prims.fst(27,21-27,28))
CommonDH.fst(156,18-156,21): (Warning 252) (Hint-replay failed): Subtyping check failed; expected type Prims.eqtype; got type Type0 (see also C:/build/agent1/_work/4/s/fstar/ulib/prims.fst(27,21-27,28))
CommonDH.fst(159,23-159,26): (Warning 252) (Hint-replay failed): Subtyping check failed; expected type Prims.eqtype; got type Type0 (see also C:/build/agent1/_work/4/s/fstar/ulib/prims.fst(27,21-27,28))
CommonDH.fst(169,18-169,21): (Warning 252) (Hint-replay failed): Subtyping check failed; expected type Prims.eqtype; got type Type0 (see also C:/build/agent1/_work/4/s/fstar/ulib/prims.fst(27,21-27,28))
CommonDH.fst(172,23-172,26): (Warning 252) (Hint-replay failed): Subtyping check failed; expected type Prims.eqtype; got type Type0 (see also C:/build/agent1/_work/4/s/fstar/ulib/prims.fst(27,21-27,28))
CommonDH.fst(214,11-214,14): (Warning 252) (Hint-replay failed): Subtyping check failed; expected type Prims.eqtype; got type Type0 (see also C:/build/agent1/_work/4/s/fstar/ulib/prims.fst(27,21-27,28))
CommonDH.fst(233,39-233,42): (Warning 252) (Hint-replay failed): Subtyping check failed; expected type Prims.eqtype; got type Type0 (see also C:/build/agent1/_work/4/s/fstar/ulib/prims.fst(27,21-27,28))
CommonDH.fst(246,42-246,45): (Warning 252) (Hint-replay failed): Subtyping check failed; expected type Prims.eqtype; got type Type0 (see also C:/build/agent1/_work/4/s/fstar/ulib/prims.fst(27,21-27,28))
CommonDH.fst(252,40-252,43): (Warning 252) (Hint-replay failed): Subtyping check failed; expected type Prims.eqtype; got type Type0 (see also C:/build/agent1/_work/4/s/fstar/ulib/prims.fst(27,21-27,28))
CommonDH.fst(265,39-265,42): (Warning 252) (Hint-replay failed): Subtyping check failed; expected type Prims.eqtype; got type Type0 (see also C:/build/agent1/_work/4/s/fstar/ulib/prims.fst(27,21-27,28))
CommonDH.fst(280,11-280,14): (Warning 252) (Hint-replay failed): Subtyping check failed; expected type Prims.eqtype; got type Type0 (see also C:/build/agent1/_work/4/s/fstar/ulib/prims.fst(27,21-27,28))
CommonDH.fst(351,11-351,14): (Warning 252) (Hint-replay failed): Subtyping check failed; expected type Prims.eqtype; got type Type0 (see also C:/build/agent1/_work/4/s/fstar/ulib/prims.fst(27,21-27,28))
CommonDH.fst(396,11-396,14): (Warning 252) (Hint-replay failed): Subtyping check failed; expected type Prims.eqtype; got type Type0 (see also C:/build/agent1/_work/4/s/fstar/ulib/prims.fst(27,21-27,28))
CommonDH.fst(407,11-407,14): (Warning 252) (Hint-replay failed): Subtyping check failed; expected type Prims.eqtype; got type Type0 (see also C:/build/agent1/_work/4/s/fstar/ulib/prims.fst(27,21-27,28))
CommonDH.fst(722,22-722,26): (Warning 252) (Hint-replay failed): Subtyping check failed; expected type vlb: FStar.Bytes.bytes{2 <= FStar.Bytes.length vlb}; got type FStar.Bytes.bytes (see also Parse.fst(121,14-121,33))
C:/build/agent1/_work/4/s/src/lowparse/LowParse.Spec.VLData.fst(30,16-30,29): (Warning 252) Subtyping check failed; expected type FStar.UInt.uint_t FStar.UInt32.n; got type Prims.nat (see also C:/build/agent1/_work/4/s/fstar/ulib/FStar.UInt.fst(52,28-52,36))
C:/build/agent1/_work/4/s/src/lowparse/LowParse.Spec.VLData.fst(30,16-30,29): (Warning 252) Subtyping check failed; expected type FStar.UInt.uint_t FStar.UInt32.n; got type Prims.nat (see also C:/build/agent1/_work/4/s/fstar/ulib/FStar.UInt.fst(52,28-52,36))
C:/build/agent1/_work/4/s/src/lowparse/LowParse.Spec.VLData.fst(44,33-44,47): (Warning 252) Subtyping check failed; expected type FStar.UInt.uint_t FStar.UInt32.n; got type Prims.nat (see also C:/build/agent1/_work/4/s/fstar/ulib/FStar.UInt.fst(52,28-52,36))
C:/build/agent1/_work/4/s/src/lowparse/LowParse.Spec.VLData.fst(44,33-44,47): (Warning 252) Subtyping check failed; expected type FStar.UInt.uint_t FStar.UInt32.n; got type Prims.nat (see also C:/build/agent1/_work/4/s/fstar/ulib/FStar.UInt.fst(52,28-52,36))
C:/build/agent1/_work/4/s/src/lowparse/LowParse.Spec.VLData.fst(76,2-80,19): (Warning 252) assertion failed (see also C:/build/agent1/_work/4/s/fstar/ulib/prims.fst(215,68-215,80))
C:/build/agent1/_work/4/s/src/lowparse/LowParse.Spec.VLData.fst(76,2-80,19): (Warning 252) could not prove post-condition (see also C:/build/agent1/_work/4/s/src/lowparse/LowParse.Spec.VLData.fst(75,21-75,59))
C:/build/agent1/_work/4/s/src/lowparse/LowParse.Spec.VLData.fst(76,2-80,19): (Warning 252) assertion failed (see also C:/build/agent1/_work/4/s/fstar/ulib/prims.fst(215,68-215,80))
C:/build/agent1/_work/4/s/src/lowparse/LowParse.Spec.VLData.fst(76,2-80,19): (Warning 252) could not prove post-condition (see also C:/build/agent1/_work/4/s/src/lowparse/LowParse.Spec.VLData.fst(75,21-75,59))
Not extracting type definition LowCProvider.aead_state to KreMLin (assumed type)
Not extracting type definition Crypto.AEAD.Main.entry to KreMLin (assumed type)
Not extracting type definition Crypto.AEAD.Main.aead_state to KreMLin (assumed type)
Not extracting type definition Crypto.AEAD.Main.invariant to KreMLin (assumed type)
StatefulLHAE.fst(95,2-98,31): (Warning 271) Pattern ((ite (= (BoundV 0) (BoxBool (true ))) (FStar.Monotonic.Seq.seqn_val (AEAD_GCM.__proj__State__item__log_region (BoundV 1) (TLSConstants.Writer@tok ) (BoundV 2)) (AEAD_GCM.entry (BoundV 1)) (AEAD_GCM.__proj__State__item__region (BoundV 1) (TLSConstants.Writer@tok ) (BoundV 2)) (AEAD_GCM.__proj__State__item__log (BoundV 1) (TLSConstants.Writer@tok ) (BoundV 2)) (AEAD_GCM.max_ctr (AEAD_GCM.alg (BoundV 1)))) (AEAD_GCM.counter (AEAD_GCM.alg (BoundV 1))))) contains illegal symbols; dropping it (see also StatefulLHAE.fst(91,21-91,41))
StAE.fst(375,19-375,26): (Warning 271) Pattern ((ite (= (BoundV 0) (BoxBool (true ))) (FStar.Monotonic.Seq.seqn_val (AEAD_GCM.__proj__State__item__log_region (BoundV 1) (TLSConstants.Writer@tok ) (BoundV 2)) (AEAD_GCM.entry (BoundV 1)) (AEAD_GCM.__proj__State__item__region (BoundV 1) (TLSConstants.Writer@tok ) (BoundV 2)) (AEAD_GCM.__proj__State__item__log (BoundV 1) (TLSConstants.Writer@tok ) (BoundV 2)) (AEAD_GCM.max_ctr (AEAD_GCM.alg (BoundV 1)))) (AEAD_GCM.counter (AEAD_GCM.alg (BoundV 1))))) contains illegal symbols; dropping it (see also StatefulLHAE.fst(91,21-91,41))
StatefulLHAE.fst(95,2-98,31): (Warning 271) Pattern ((ite (= (BoundV 0) (BoxBool (true ))) (FStar.Monotonic.Seq.seqn_val (AEAD_GCM.__proj__State__item__log_region (BoundV 1) (TLSConstants.Writer@tok ) (BoundV 2)) (AEAD_GCM.entry (BoundV 1)) (AEAD_GCM.__proj__State__item__region (BoundV 1) (TLSConstants.Writer@tok ) (BoundV 2)) (AEAD_GCM.__proj__State__item__log (BoundV 1) (TLSConstants.Writer@tok ) (BoundV 2)) (AEAD_GCM.max_ctr (AEAD_GCM.alg (BoundV 1)))) (AEAD_GCM.counter (AEAD_GCM.alg (BoundV 1))))) contains illegal symbols; dropping it (see also StatefulLHAE.fst(91,21-91,41))
StAE.fst(375,19-375,26): (Warning 271) Pattern ((ite (= (BoundV 0) (BoxBool (true ))) (FStar.Monotonic.Seq.seqn_val (AEAD_GCM.__proj__State__item__log_region (BoundV 1) (TLSConstants.Writer@tok ) (BoundV 2)) (AEAD_GCM.entry (BoundV 1)) (AEAD_GCM.__proj__State__item__region (BoundV 1) (TLSConstants.Writer@tok ) (BoundV 2)) (AEAD_GCM.__proj__State__item__log (BoundV 1) (TLSConstants.Writer@tok ) (BoundV 2)) (AEAD_GCM.max_ctr (AEAD_GCM.alg (BoundV 1)))) (AEAD_GCM.counter (AEAD_GCM.alg (BoundV 1))))) contains illegal symbols; dropping it (see also StatefulLHAE.fst(91,21-91,41))
Idx.fst(25,8-25,20): (Warning 252) (Hint-replay failed): Failed to prove that the type 'Idx.id_dhe' supports decidable equality because of this argument; add either the 'noeq' or 'unopteq' qualifier (see also Idx.fst(22,0-26,33))
Not extracting type definition Old.Handshake.hs_invT to KreMLin (assumed type)
Warning 10: : -drop is deprecated
use a combination of -bundle and -d reachability to make sure the functions are eliminated as you wish
Warning 2: in top-level declaration Nonce.nonce_rid_table, in file Nonce: Reference to Mem.tls_tables_region has no corresponding implementation; please provide a C implementation
Warning 2: in top-level declaration PSK.tickets, in file PSK: Reference to PSK.tregion has no corresponding implementation; please provide a C implementation
Warning 2: in top-level declaration PSK.lookup, in file PSK: Reference to PSK.tregion has no corresponding implementation; please provide a C implementation
Warning 2: in top-level declaration PSK.extend, in file PSK: Reference to PSK.tregion has no corresponding implementation; please provide a C implementation
Warning 2: in top-level declaration PSK.sessions12, in file PSK: Reference to PSK.tregion has no corresponding implementation; please provide a C implementation
Warning 2: in top-level declaration PSK.s12_lookup, in file PSK: Reference to PSK.tregion has no corresponding implementation; please provide a C implementation
Warning 2: in top-level declaration PSK.s12_extend, in file PSK: Reference to PSK.tregion has no corresponding implementation; please provide a C implementation
Warning 2: in top-level declaration PSK.app_psk_table, in file PSK: Reference to PSK.psk_region has no corresponding implementation; please provide a C implementation
Warning 2: in the definition of uu____1839, in the last element of the sequence, in top-level declaration PSK.psk_value, in file PSK: Reference to PSK.psk_region has no corresponding implementation; please provide a C implementation
Warning 2: in the definition of uu____3374, in the last element of the sequence, in top-level declaration PSK.psk_info, in file PSK: Reference to PSK.psk_region has no corresponding implementation; please provide a C implementation
Warning 2: in the definition of uu____4246, in the last element of the sequence, in top-level declaration PSK.psk_lookup, in file PSK: Reference to PSK.psk_region has no corresponding implementation; please provide a C implementation
Warning 2: in the sequence statement at index 0, after the definition of uu____4246, in the last element of the sequence, in top-level declaration PSK.psk_lookup, in file PSK: Reference to PSK.psk_region has no corresponding implementation; please provide a C implementation
Warning 2: in the definition of uu____4827, after the definition of id1, in top-level declaration PSK.fresh_psk_id, in file PSK: Reference to PSK.psk_region has no corresponding implementation; please provide a C implementation
Warning 2: in the sequence statement at index 0, after the definition of add1, in the last element of the sequence, in top-level declaration PSK.gen_psk, in file PSK: Reference to PSK.psk_region has no corresponding implementation; please provide a C implementation
Warning 2: in the sequence statement at index 0, after the definition of h, in the last element of the sequence, after the definition of add1, in the last element of the sequence, in top-level declaration PSK.gen_psk, in file PSK: Reference to PSK.psk_region has no corresponding implementation; please provide a C implementation
Warning 2: in the last element of the sequence, after the definition of h, in the last element of the sequence, after the definition of add1, in the last element of the sequence, in top-level declaration PSK.gen_psk, in file PSK: Reference to PSK.psk_region has no corresponding implementation; please provide a C implementation
Warning 2: in the sequence statement at index 0, after the definition of add1, in the last element of the sequence, in top-level declaration PSK.coerce_psk, in file PSK: Reference to PSK.psk_region has no corresponding implementation; please provide a C implementation
Warning 2: in the definition of uu____7094, in the last element of the sequence, in top-level declaration PSK.verify_hash_ae, in file PSK: Reference to PSK.psk_region has no corresponding implementation; please provide a C implementation
Warning 2: in the sequence statement at index 0, after the definition of uu____7724, in the last element of the sequence, in top-level declaration PSK.verify_hash_ae, in file PSK: Reference to PSK.psk_region has no corresponding implementation; please provide a C implementation
Warning 2: in the definition of wr, after the definition of key, in top-level declaration Ticket.keygen, in file Test_Main: Reference to Ticket.region has no corresponding implementation; please provide a C implementation
Warning 2: in the definition of rd, after the definition of wr, in top-level declaration Ticket.keygen, in file Test_Main: Reference to Ticket.region has no corresponding implementation; please provide a C implementation
Warning 13: : C.exit_code, a monomorphic instance, is first used, and therefore inserted, in file C which is about to be dropped; you may get a C compiler error about C_exit_code if any other module uses this definition
Warning 13: : FFICallbacks.callbacks, a monomorphic instance, is first used, and therefore inserted, in file FFICallbacks which is about to be dropped; you may get a C compiler error about FFICallbacks_callbacks if any other module uses this definition
Warning 13: : Crypto.AEAD.Main.eternal_region, a monomorphic instance, is first used, and therefore inserted, in file Crypto_AEAD_Main which is about to be dropped; you may get a C compiler error about Crypto_AEAD_Main_eternal_region if any other module uses this definition
Warning 13: : Crypto.AEAD.Main.aadlen_32, a monomorphic instance, is first used, and therefore inserted, in file Crypto_AEAD_Main which is about to be dropped; you may get a C compiler error about Crypto_AEAD_Main_aadlen_32 if any other module uses this definition
Warning 10: : -drop is deprecated
use a combination of -bundle and -d reachability to make sure the functions are eliminated as you wish
Warning 2: in top-level declaration Nonce.nonce_rid_table, in file Nonce: Reference to Mem.tls_tables_region has no corresponding implementation; please provide a C implementation
Warning 2: in top-level declaration PSK.tickets, in file PSK: Reference to PSK.tregion has no corresponding implementation; please provide a C implementation
Warning 2: in top-level declaration PSK.lookup, in file PSK: Reference to PSK.tregion has no corresponding implementation; please provide a C implementation
Warning 2: in top-level declaration PSK.extend, in file PSK: Reference to PSK.tregion has no corresponding implementation; please provide a C implementation
Warning 2: in top-level declaration PSK.sessions12, in file PSK: Reference to PSK.tregion has no corresponding implementation; please provide a C implementation
Warning 2: in top-level declaration PSK.s12_lookup, in file PSK: Reference to PSK.tregion has no corresponding implementation; please provide a C implementation
Warning 2: in top-level declaration PSK.s12_extend, in file PSK: Reference to PSK.tregion has no corresponding implementation; please provide a C implementation
Warning 2: in top-level declaration PSK.app_psk_table, in file PSK: Reference to PSK.psk_region has no corresponding implementation; please provide a C implementation
Warning 2: in the definition of uu____1839, in the last element of the sequence, in top-level declaration PSK.psk_value, in file PSK: Reference to PSK.psk_region has no corresponding implementation; please provide a C implementation
Warning 2: in the definition of uu____3374, in the last element of the sequence, in top-level declaration PSK.psk_info, in file PSK: Reference to PSK.psk_region has no corresponding implementation; please provide a C implementation
Warning 2: in the definition of uu____4246, in the last element of the sequence, in top-level declaration PSK.psk_lookup, in file PSK: Reference to PSK.psk_region has no corresponding implementation; please provide a C implementation
Warning 2: in the sequence statement at index 0, after the definition of uu____4246, in the last element of the sequence, in top-level declaration PSK.psk_lookup, in file PSK: Reference to PSK.psk_region has no corresponding implementation; please provide a C implementation
Warning 2: in the definition of uu____4827, after the definition of id1, in top-level declaration PSK.fresh_psk_id, in file PSK: Reference to PSK.psk_region has no corresponding implementation; please provide a C implementation
Warning 2: in the sequence statement at index 0, after the definition of add1, in the last element of the sequence, in top-level declaration PSK.gen_psk, in file PSK: Reference to PSK.psk_region has no corresponding implementation; please provide a C implementation
Warning 2: in the sequence statement at index 0, after the definition of h, in the last element of the sequence, after the definition of add1, in the last element of the sequence, in top-level declaration PSK.gen_psk, in file PSK: Reference to PSK.psk_region has no corresponding implementation; please provide a C implementation
Warning 2: in the last element of the sequence, after the definition of h, in the last element of the sequence, after the definition of add1, in the last element of the sequence, in top-level declaration PSK.gen_psk, in file PSK: Reference to PSK.psk_region has no corresponding implementation; please provide a C implementation
Warning 2: in the sequence statement at index 0, after the definition of add1, in the last element of the sequence, in top-level declaration PSK.coerce_psk, in file PSK: Reference to PSK.psk_region has no corresponding implementation; please provide a C implementation
Warning 2: in the definition of uu____7094, in the last element of the sequence, in top-level declaration PSK.verify_hash_ae, in file PSK: Reference to PSK.psk_region has no corresponding implementation; please provide a C implementation
Warning 2: in the sequence statement at index 0, after the definition of uu____7724, in the last element of the sequence, in top-level declaration PSK.verify_hash_ae, in file PSK: Reference to PSK.psk_region has no corresponding implementation; please provide a C implementation
Warning 2: in the definition of wr, after the definition of key, in top-level declaration Ticket.keygen, in file Ticket: Reference to Ticket.region has no corresponding implementation; please provide a C implementation
Warning 2: in the definition of rd, after the definition of wr, in top-level declaration Ticket.keygen, in file Ticket: Reference to Ticket.region has no corresponding implementation; please provide a C implementation
Warning 2: in the definition of wr, after the definition of uu____3392, in top-level declaration Ticket.set_internal_key, in file Ticket: Reference to Ticket.region has no corresponding implementation; please provide a C implementation
Warning 2: in the definition of rd, after the definition of wr, in top-level declaration Ticket.set_internal_key, in file Ticket: Reference to Ticket.region has no corresponding implementation; please provide a C implementation
Warning 2: in the definition of suffix1, after the definition of prefix, in top-level declaration FFI.split_string, in file FFI: Reference to FStar.String.strlen has no corresponding implementation; please provide a C implementation
Warning 2: in the scrutinee, in the definition of ogl, after the definition of ngl1, in top-level declaration FFI.ffiSetNamedGroups, in file FFI: Reference to FStar.String.strlen has no corresponding implementation; please provide a C implementation
Warning 2: in the scrutinee, in top-level declaration FFI.encodeALPN, in file FFI: Reference to FStar.String.strlen has no corresponding implementation; please provide a C implementation
Warning 13: : Crypto.AEAD.Main.eternal_region, a monomorphic instance, is first used, and therefore inserted, in file Crypto_AEAD_Main which is about to be dropped; you may get a C compiler error about Crypto_AEAD_Main_eternal_region if any other module uses this definition
Warning 13: : Crypto.AEAD.Main.aadlen_32, a monomorphic instance, is first used, and therefore inserted, in file Crypto_AEAD_Main which is about to be dropped; you may get a C compiler error about Crypto_AEAD_Main_aadlen_32 if any other module uses this definition
C:/build/agent1/_work/4/s/src/lowparse/LowParse.SLow.Sum.fst(327,2-337,65): (Warning 252) assertion failed (see also C:/build/agent1/_work/4/s/fstar/ulib/prims.fst(215,68-215,80))
QD.TLS_protocolVersion.fst(38,15-38,16): (Warning 252) Subtyping check failed; expected type LowParse.Spec.Enum.unknown_enum_repr QD.TLS_protocolVersion.protocolVersion_enum; got type FStar.UInt16.t (see also C:/build/agent1/_work/4/s/src/lowparse/LowParse.Spec.Enum.fst(233,13-233,49))
QD.TLS_protocolVersion.fst(38,15-38,16): (Warning 252) Subtyping check failed; expected type LowParse.Spec.Enum.unknown_enum_repr QD.TLS_protocolVersion.protocolVersion_enum; got type FStar.UInt16.t (see also C:/build/agent1/_work/4/s/src/lowparse/LowParse.Spec.Enum.fst(233,13-233,49))
StatefulLHAE.fst(95,2-98,31): (Warning 271) Pattern ((ite (= (BoundV 0) (BoxBool (true ))) (FStar.Monotonic.Seq.seqn_val (AEAD_GCM.__proj__State__item__log_region (BoundV 1) (TLSConstants.Writer@tok ) (BoundV 2)) (AEAD_GCM.entry (BoundV 1)) (AEAD_GCM.__proj__State__item__region (BoundV 1) (TLSConstants.Writer@tok ) (BoundV 2)) (AEAD_GCM.__proj__State__item__log (BoundV 1) (TLSConstants.Writer@tok ) (BoundV 2)) (AEAD_GCM.max_ctr (AEAD_GCM.alg (BoundV 1)))) (AEAD_GCM.counter (AEAD_GCM.alg (BoundV 1))))) contains illegal symbols; dropping it (see also StatefulLHAE.fst(91,21-91,41))
StAE.fst(375,19-375,26): (Warning 271) Pattern ((ite (= (BoundV 0) (BoxBool (true ))) (FStar.Monotonic.Seq.seqn_val (AEAD_GCM.__proj__State__item__log_region (BoundV 1) (TLSConstants.Writer@tok ) (BoundV 2)) (AEAD_GCM.entry (BoundV 1)) (AEAD_GCM.__proj__State__item__region (BoundV 1) (TLSConstants.Writer@tok ) (BoundV 2)) (AEAD_GCM.__proj__State__item__log (BoundV 1) (TLSConstants.Writer@tok ) (BoundV 2)) (AEAD_GCM.max_ctr (AEAD_GCM.alg (BoundV 1)))) (AEAD_GCM.counter (AEAD_GCM.alg (BoundV 1))))) contains illegal symbols; dropping it (see also StatefulLHAE.fst(91,21-91,41))
quic.c:1:0: warning: -fPIC ignored for target (all code is position independent)
#define __USE_MINGW_ANSI_STDIO 1
^
Warning: you are leaving 1 commit behind, not connected to
any of your branches:

b23a6dfb [CI] regenerate hints

If you want to keep it by creating a new branch, this may be a good time
to do so with:

git branch <new-branch-name> b23a6dfb

Switched to branch 'master'
To github.com:mitls/mitls-fstar.git
5572bb3b..b23a6dfb  master -> master
