From https://github.com/FStarLang/FStar
19a1ff2a3..195684ec1  master            -> origin/master
* [new branch]          aseem_1488        -> origin/aseem_1488
* [new branch]          aseem_1502        -> origin/aseem_1502
353ed6ef0..195684ec1  guido_tactics     -> origin/guido_tactics
cdda9855f..5f4f82fc8  joonwonc_lowlevel -> origin/joonwonc_lowlevel
b1b31394d..6f11e5d52  zoep_refine       -> origin/zoep_refine
FStar.ModifiesGen.fsti(0,0-0,0): (Warning 241) Stale cache file FStar.ModifiesGen.fsti.checked.lax; will recheck FStar.ModifiesGen.fsti and all subsequent files
FStar.Modifies.fsti(0,0-0,0): (Warning 241) Stale cache file FStar.Modifies.fsti.checked.lax; will recheck FStar.Modifies.fsti and all subsequent files
LowStar.Buffer.fsti(0,0-0,0): (Warning 241) Stale cache file LowStar.Buffer.fsti.checked.lax; will recheck LowStar.Buffer.fsti and all subsequent files
LowStar.Modifies.fst(0,0-0,0): (Warning 241) Stale cache file LowStar.Modifies.fst.checked.lax; will recheck LowStar.Modifies.fst and all subsequent files
FStar.Pointer.Base.fsti(0,0-0,0): (Warning 241) Stale cache file FStar.Pointer.Base.fsti.checked.lax; will recheck FStar.Pointer.Base.fsti and all subsequent files
LowStar.BufferCompat.fst(0,0-0,0): (Warning 241) Stale cache file LowStar.BufferCompat.fst.checked.lax; will recheck LowStar.BufferCompat.fst and all subsequent files
LowStar.BufferOps.fst(0,0-0,0): (Warning 241) Stale cache file LowStar.BufferOps.fst.checked.lax; will recheck LowStar.BufferOps.fst and all subsequent files
LowStar.ModifiesPat.fst(0,0-0,0): (Warning 241) Stale cache file LowStar.ModifiesPat.fst.checked.lax; will recheck LowStar.ModifiesPat.fst and all subsequent files
LowStar.ToFStarBuffer.fst(0,0-0,0): (Warning 241) Stale cache file LowStar.ToFStarBuffer.fst.checked.lax; will recheck LowStar.ToFStarBuffer.fst and all subsequent files
FStar.Pointer.Derived1.fsti(0,0-0,0): (Warning 241) Stale cache file FStar.Pointer.Derived1.fsti.checked.lax; will recheck FStar.Pointer.Derived1.fsti and all subsequent files
FStar.Pointer.Derived3.fsti(0,0-0,0): (Warning 241) Stale cache file FStar.Pointer.Derived3.fsti.checked.lax; will recheck FStar.Pointer.Derived3.fsti and all subsequent files
FStar.Modifies.fst(0,0-0,0): (Warning 241) Stale cache file FStar.Modifies.fst.checked.lax; will recheck FStar.Modifies.fst and all subsequent files
FStar.Pointer.Derived2.fsti(0,0-0,0): (Warning 241) Stale cache file FStar.Pointer.Derived2.fsti.checked.lax; will recheck FStar.Pointer.Derived2.fsti and all subsequent files
FStar.Pointer.fst(0,0-0,0): (Warning 241) Stale cache file FStar.Pointer.fst.checked.lax; will recheck FStar.Pointer.fst and all subsequent files
FStar.ModifiesGen.fst(0,0-0,0): (Warning 241) Stale cache file FStar.ModifiesGen.fst.checked.lax; will recheck FStar.ModifiesGen.fst and all subsequent files
FStar.Pointer.Base.fst(0,0-0,0): (Warning 241) Stale cache file FStar.Pointer.Base.fst.checked.lax; will recheck FStar.Pointer.Base.fst and all subsequent files
LowStar.Buffer.fst(0,0-0,0): (Warning 241) Stale cache file LowStar.Buffer.fst.checked.lax; will recheck LowStar.Buffer.fst and all subsequent files
make[1]: *** [Makefile:99: _fstartaclib] Error 10
make: *** [Makefile:3: all] Error 2
make[1]: *** No rule to make target 'LowStar.Modifies.fsti', needed by 'LowStar.Modifies.fsti.checked'.  Stop.
make[1]: *** Waiting for unfinished jobs....
FStar.Reflection.Basic.fst(0,0-0,0): (Warning 241) Stale cache file FStar.Reflection.Basic.fst.checked; will recheck FStar.Reflection.Basic.fst and all subsequent files
FStar.Tactics.Result.fst(0,0-0,0): (Warning 241) Stale cache file FStar.Tactics.Result.fst.checked; will recheck FStar.Tactics.Result.fst and all subsequent files
FStar.TSet.fst(0,0-0,0): (Warning 241) Stale cache file FStar.TSet.fst.checked; will recheck FStar.TSet.fst and all subsequent files
FStar.List.Pure.Base.fst(0,0-0,0): (Warning 241) Stale cache file FStar.List.Pure.Base.fst.checked; will recheck FStar.List.Pure.Base.fst and all subsequent files
FStar.Map.fst(0,0-0,0): (Warning 241) Stale cache file FStar.Map.fst.checked; will recheck FStar.Map.fst and all subsequent files
FStar.GSet.fst(0,0-0,0): (Warning 241) Stale cache file FStar.GSet.fst.checked; will recheck FStar.GSet.fst and all subsequent files
FStar.List.Tot.Properties.fst(0,0-0,0): (Warning 241) Stale cache file FStar.List.Tot.Properties.fst.checked; will recheck FStar.List.Tot.Properties.fst and all subsequent files
FStar.Math.Lemmas.fst(0,0-0,0): (Warning 241) Stale cache file FStar.Math.Lemmas.fst.checked; will recheck FStar.Math.Lemmas.fst and all subsequent files
make: *** [Makefile:12: all] Error 2
