From https://github.com/FStarLang/FStar
86c688950..9f1d68adb  master                  -> origin/master
* [new branch]          _aseem_abstract_hs_mem  -> origin/_aseem_abstract_hs_mem
61664c698..960f30704  guido_tactics           -> origin/guido_tactics
* [new branch]          nik_castable_buffers    -> origin/nik_castable_buffers
d65d9c1f5..0e1bce2ef  nik_integer_overloading -> origin/nik_integer_overloading
* [new branch]          taramana_new_to_old_buffers -> origin/taramana_new_to_old_buffers
20c07760f..26384b7ef  vdum_canon_native       -> origin/vdum_canon_native
4ba65e5f0..84acd3928  zoe_nbe                 -> origin/zoe_nbe
prims.fst(0,0-0,0): (Warning 241) Stale cache file prims.fst.checked.lax; will recheck prims.fst and all subsequent files
FStar.Pervasives.Native.fst(0,0-0,0): (Warning 241) Stale cache file FStar.Pervasives.Native.fst.checked.lax; will recheck FStar.Pervasives.Native.fst and all subsequent files
FStar.Pervasives.fst(0,0-0,0): (Warning 241) Stale cache file FStar.Pervasives.fst.checked.lax; will recheck FStar.Pervasives.fst and all subsequent files
FStar.Squash.fst(0,0-0,0): (Warning 241) Stale cache file FStar.Squash.fst.checked.lax; will recheck FStar.Squash.fst and all subsequent files
FStar.Squash.fsti(0,0-0,0): (Warning 241) Stale cache file FStar.Squash.fsti.checked.lax; will recheck FStar.Squash.fsti and all subsequent files
FStar.Ghost.fsti(0,0-0,0): (Warning 241) Stale cache file FStar.Ghost.fsti.checked.lax; will recheck FStar.Ghost.fsti and all subsequent files
FStar.Classical.fsti(0,0-0,0): (Warning 241) Stale cache file FStar.Classical.fsti.checked.lax; will recheck FStar.Classical.fsti and all subsequent files
FStar.StrongExcludedMiddle.fst(0,0-0,0): (Warning 241) Stale cache file FStar.StrongExcludedMiddle.fst.checked.lax; will recheck FStar.StrongExcludedMiddle.fst and all subsequent files
FStar.Mul.fst(0,0-0,0): (Warning 241) Stale cache file FStar.Mul.fst.checked.lax; will recheck FStar.Mul.fst and all subsequent files
FStar.Preorder.fst(0,0-0,0): (Warning 241) Stale cache file FStar.Preorder.fst.checked.lax; will recheck FStar.Preorder.fst and all subsequent files
FStar.FunctionalExtensionality.fst(0,0-0,0): (Warning 241) Stale cache file FStar.FunctionalExtensionality.fst.checked.lax; will recheck FStar.FunctionalExtensionality.fst and all subsequent files
FStar.PropositionalExtensionality.fst(0,0-0,0): (Warning 241) Stale cache file FStar.PropositionalExtensionality.fst.checked.lax; will recheck FStar.PropositionalExtensionality.fst and all subsequent files
FStar.Universe.fst(0,0-0,0): (Warning 241) Stale cache file FStar.Universe.fst.checked.lax; will recheck FStar.Universe.fst and all subsequent files
FStar.DependentMap.fst(0,0-0,0): (Warning 241) Stale cache file FStar.DependentMap.fst.checked.lax; will recheck FStar.DependentMap.fst and all subsequent files
FStar.Universe.fsti(0,0-0,0): (Warning 241) Stale cache file FStar.Universe.fsti.checked.lax; will recheck FStar.Universe.fsti and all subsequent files
FStar.Exn.fst(0,0-0,0): (Warning 241) Stale cache file FStar.Exn.fst.checked.lax; will recheck FStar.Exn.fst and all subsequent files
FStar.MarkovsPrinciple.fst(0,0-0,0): (Warning 241) Stale cache file FStar.MarkovsPrinciple.fst.checked.lax; will recheck FStar.MarkovsPrinciple.fst and all subsequent files
FStar.Float.fsti(0,0-0,0): (Warning 241) Stale cache file FStar.Float.fsti.checked.lax; will recheck FStar.Float.fsti and all subsequent files
FStar.IndefiniteDescription.fst(0,0-0,0): (Warning 241) Stale cache file FStar.IndefiniteDescription.fst.checked.lax; will recheck FStar.IndefiniteDescription.fst and all subsequent files
FStar.Algebra.Monoid.fst(0,0-0,0): (Warning 241) Stale cache file FStar.Algebra.Monoid.fst.checked.lax; will recheck FStar.Algebra.Monoid.fst and all subsequent files
FStar.WellFounded.fst(0,0-0,0): (Warning 241) Stale cache file FStar.WellFounded.fst.checked.lax; will recheck FStar.WellFounded.fst and all subsequent files
FStar.SquashEffect.fst(0,0-0,0): (Warning 241) Stale cache file FStar.SquashEffect.fst.checked.lax; will recheck FStar.SquashEffect.fst and all subsequent files
FStar.Constructive.fst(0,0-0,0): (Warning 241) Stale cache file FStar.Constructive.fst.checked.lax; will recheck FStar.Constructive.fst and all subsequent files
FStar.ErasedLogic.fst(0,0-0,0): (Warning 241) Stale cache file FStar.ErasedLogic.fst.checked.lax; will recheck FStar.ErasedLogic.fst and all subsequent files
FStar.Classical.fst(0,0-0,0): (Warning 241) Stale cache file FStar.Classical.fst.checked.lax; will recheck FStar.Classical.fst and all subsequent files
FStar.Math.Lib.fst(0,0-0,0): (Warning 241) Stale cache file FStar.Math.Lib.fst.checked.lax; will recheck FStar.Math.Lib.fst and all subsequent files
FStar.List.Tot.Base.fst(0,0-0,0): (Warning 241) Stale cache file FStar.List.Tot.Base.fst.checked.lax; will recheck FStar.List.Tot.Base.fst and all subsequent files
FStar.Int.fst(0,0-0,0): (Warning 241) Stale cache file FStar.Int.fst.checked.lax; will recheck FStar.Int.fst and all subsequent files
FStar.PredicateExtensionality.fst(0,0-0,0): (Warning 241) Stale cache file FStar.PredicateExtensionality.fst.checked.lax; will recheck FStar.PredicateExtensionality.fst and all subsequent files
FStar.Set.fst(0,0-0,0): (Warning 241) Stale cache file FStar.Set.fst.checked.lax; will recheck FStar.Set.fst and all subsequent files
FStar.Monotonic.Witnessed.fsti(0,0-0,0): (Warning 241) Stale cache file FStar.Monotonic.Witnessed.fsti.checked.lax; will recheck FStar.Monotonic.Witnessed.fsti and all subsequent files
FStar.Algebra.CommMonoid.fst(0,0-0,0): (Warning 241) Stale cache file FStar.Algebra.CommMonoid.fst.checked.lax; will recheck FStar.Algebra.CommMonoid.fst and all subsequent files
FStar.Monotonic.Witnessed.fst(0,0-0,0): (Warning 241) Stale cache file FStar.Monotonic.Witnessed.fst.checked.lax; will recheck FStar.Monotonic.Witnessed.fst and all subsequent files
FStar.SquashProperties.fst(0,0-0,0): (Warning 241) Stale cache file FStar.SquashProperties.fst.checked.lax; will recheck FStar.SquashProperties.fst and all subsequent files
FStar.List.Pure.Base.fst(0,0-0,0): (Warning 241) Stale cache file FStar.List.Pure.Base.fst.checked.lax; will recheck FStar.List.Pure.Base.fst and all subsequent files
FStar.TSet.fst(0,0-0,0): (Warning 241) Stale cache file FStar.TSet.fst.checked.lax; will recheck FStar.TSet.fst and all subsequent files
FStar.Map.fst(0,0-0,0): (Warning 241) Stale cache file FStar.Map.fst.checked.lax; will recheck FStar.Map.fst and all subsequent files
FStar.GSet.fst(0,0-0,0): (Warning 241) Stale cache file FStar.GSet.fst.checked.lax; will recheck FStar.GSet.fst and all subsequent files
FStar.Math.Lemmas.fst(0,0-0,0): (Warning 241) Stale cache file FStar.Math.Lemmas.fst.checked.lax; will recheck FStar.Math.Lemmas.fst and all subsequent files
FStar.List.Tot.Properties.fst(0,0-0,0): (Warning 241) Stale cache file FStar.List.Tot.Properties.fst.checked.lax; will recheck FStar.List.Tot.Properties.fst and all subsequent files
FStar.Monotonic.Heap.fsti(0,0-0,0): (Warning 241) Stale cache file FStar.Monotonic.Heap.fsti.checked.lax; will recheck FStar.Monotonic.Heap.fsti and all subsequent files
FStar.List.Tot.fst(0,0-0,0): (Warning 241) Stale cache file FStar.List.Tot.fst.checked.lax; will recheck FStar.List.Tot.fst and all subsequent files
FStar.List.Pure.Properties.fst(0,0-0,0): (Warning 241) Stale cache file FStar.List.Pure.Properties.fst.checked.lax; will recheck FStar.List.Pure.Properties.fst and all subsequent files
FStar.Heap.fst(0,0-0,0): (Warning 241) Stale cache file FStar.Heap.fst.checked.lax; will recheck FStar.Heap.fst and all subsequent files
FStar.List.Pure.fst(0,0-0,0): (Warning 241) Stale cache file FStar.List.Pure.fst.checked.lax; will recheck FStar.List.Pure.fst and all subsequent files
FStar.TwoLevelHeap.fst(0,0-0,0): (Warning 241) Stale cache file FStar.TwoLevelHeap.fst.checked.lax; will recheck FStar.TwoLevelHeap.fst and all subsequent files
FStar.Monotonic.HyperHeap.fst(0,0-0,0): (Warning 241) Stale cache file FStar.Monotonic.HyperHeap.fst.checked.lax; will recheck FStar.Monotonic.HyperHeap.fst and all subsequent files
FStar.Seq.Base.fst(0,0-0,0): (Warning 241) Stale cache file FStar.Seq.Base.fst.checked.lax; will recheck FStar.Seq.Base.fst and all subsequent files
FStar.ST.fst(0,0-0,0): (Warning 241) Stale cache file FStar.ST.fst.checked.lax; will recheck FStar.ST.fst and all subsequent files
FStar.Relational.Relational.fst(0,0-0,0): (Warning 241) Stale cache file FStar.Relational.Relational.fst.checked.lax; will recheck FStar.Relational.Relational.fst and all subsequent files
FStar.Axiomatic.Array.fst(0,0-0,0): (Warning 241) Stale cache file FStar.Axiomatic.Array.fst.checked.lax; will recheck FStar.Axiomatic.Array.fst and all subsequent files
FStar.OrdSet.fst(0,0-0,0): (Warning 241) Stale cache file FStar.OrdSet.fst.checked.lax; will recheck FStar.OrdSet.fst and all subsequent files
FStar.Reader.fst(0,0-0,0): (Warning 241) Stale cache file FStar.Reader.fst.checked.lax; will recheck FStar.Reader.fst and all subsequent files
FStar.All.fst(0,0-0,0): (Warning 241) Stale cache file FStar.All.fst.checked.lax; will recheck FStar.All.fst and all subsequent files
FStar.Ref.fst(0,0-0,0): (Warning 241) Stale cache file FStar.Ref.fst.checked.lax; will recheck FStar.Ref.fst and all subsequent files
FStar.MRef.fst(0,0-0,0): (Warning 241) Stale cache file FStar.MRef.fst.checked.lax; will recheck FStar.MRef.fst and all subsequent files
FStar.Monotonic.HyperStack.fst(0,0-0,0): (Warning 241) Stale cache file FStar.Monotonic.HyperStack.fst.checked.lax; will recheck FStar.Monotonic.HyperStack.fst and all subsequent files
FStar.OrdSetProps.fst(0,0-0,0): (Warning 241) Stale cache file FStar.OrdSetProps.fst.checked.lax; will recheck FStar.OrdSetProps.fst and all subsequent files
FStar.OrdMap.fst(0,0-0,0): (Warning 241) Stale cache file FStar.OrdMap.fst.checked.lax; will recheck FStar.OrdMap.fst and all subsequent files
FStar.Relational.Comp.fst(0,0-0,0): (Warning 241) Stale cache file FStar.Relational.Comp.fst.checked.lax; will recheck FStar.Relational.Comp.fst and all subsequent files
FStar.List.fst(0,0-0,0): (Warning 241) Stale cache file FStar.List.fst.checked.lax; will recheck FStar.List.fst and all subsequent files
FStar.HyperStack.fst(0,0-0,0): (Warning 241) Stale cache file FStar.HyperStack.fst.checked.lax; will recheck FStar.HyperStack.fst and all subsequent files
FStar.OrdMapProps.fst(0,0-0,0): (Warning 241) Stale cache file FStar.OrdMapProps.fst.checked.lax; will recheck FStar.OrdMapProps.fst and all subsequent files
FStar.Relational.State.fst(0,0-0,0): (Warning 241) Stale cache file FStar.Relational.State.fst.checked.lax; will recheck FStar.Relational.State.fst and all subsequent files
FStar.Seq.Properties.fst(0,0-0,0): (Warning 241) Stale cache file FStar.Seq.Properties.fst.checked.lax; will recheck FStar.Seq.Properties.fst and all subsequent files
FStar.Seq.fst(0,0-0,0): (Warning 241) Stale cache file FStar.Seq.fst.checked.lax; will recheck FStar.Seq.fst and all subsequent files
FStar.HyperStack.ST.fst(0,0-0,0): (Warning 241) Stale cache file FStar.HyperStack.ST.fst.checked.lax; will recheck FStar.HyperStack.ST.fst and all subsequent files
FStar.Fin.fst(0,0-0,0): (Warning 241) Stale cache file FStar.Fin.fst.checked.lax; will recheck FStar.Fin.fst and all subsequent files
FStar.Seq.Sorted.fst(0,0-0,0): (Warning 241) Stale cache file FStar.Seq.Sorted.fst.checked.lax; will recheck FStar.Seq.Sorted.fst and all subsequent files
FStar.BitVector.fst(0,0-0,0): (Warning 241) Stale cache file FStar.BitVector.fst.checked.lax; will recheck FStar.BitVector.fst and all subsequent files
FStar.Array.fst(0,0-0,0): (Warning 241) Stale cache file FStar.Array.fst.checked.lax; will recheck FStar.Array.fst and all subsequent files
FStar.Monotonic.Map.fst(0,0-0,0): (Warning 241) Stale cache file FStar.Monotonic.Map.fst.checked.lax; will recheck FStar.Monotonic.Map.fst and all subsequent files
FStar.Monotonic.DependentMap.fst(0,0-0,0): (Warning 241) Stale cache file FStar.Monotonic.DependentMap.fst.checked.lax; will recheck FStar.Monotonic.DependentMap.fst and all subsequent files
FStar.Monotonic.Seq.fst(0,0-0,0): (Warning 241) Stale cache file FStar.Monotonic.Seq.fst.checked.lax; will recheck FStar.Monotonic.Seq.fst and all subsequent files
FStar.ModifiesGen.fsti(0,0-0,0): (Warning 241) Stale cache file FStar.ModifiesGen.fsti.checked.lax; will recheck FStar.ModifiesGen.fsti and all subsequent files
FStar.UInt.fst(0,0-0,0): (Warning 241) Stale cache file FStar.UInt.fst.checked.lax; will recheck FStar.UInt.fst and all subsequent files
FStar.UInt32.fst(0,0-0,0): (Warning 241) Stale cache file FStar.UInt32.fst.checked.lax; will recheck FStar.UInt32.fst and all subsequent files
FStar.BV.fst(0,0-0,0): (Warning 241) Stale cache file FStar.BV.fst.checked.lax; will recheck FStar.BV.fst and all subsequent files
FStar.Int31.fst(0,0-0,0): (Warning 241) Stale cache file FStar.Int31.fst.checked.lax; will recheck FStar.Int31.fst and all subsequent files
FStar.Char.fsti(0,0-0,0): (Warning 241) Stale cache file FStar.Char.fsti.checked.lax; will recheck FStar.Char.fsti and all subsequent files
FStar.Int32.fst(0,0-0,0): (Warning 241) Stale cache file FStar.Int32.fst.checked.lax; will recheck FStar.Int32.fst and all subsequent files
FStar.UInt16.fst(0,0-0,0): (Warning 241) Stale cache file FStar.UInt16.fst.checked.lax; will recheck FStar.UInt16.fst and all subsequent files
FStar.UInt8.fst(0,0-0,0): (Warning 241) Stale cache file FStar.UInt8.fst.checked.lax; will recheck FStar.UInt8.fst and all subsequent files
FStar.UInt64.fst(0,0-0,0): (Warning 241) Stale cache file FStar.UInt64.fst.checked.lax; will recheck FStar.UInt64.fst and all subsequent files
FStar.Int8.fst(0,0-0,0): (Warning 241) Stale cache file FStar.Int8.fst.checked.lax; will recheck FStar.Int8.fst and all subsequent files
FStar.Int16.fst(0,0-0,0): (Warning 241) Stale cache file FStar.Int16.fst.checked.lax; will recheck FStar.Int16.fst and all subsequent files
FStar.Int64.fst(0,0-0,0): (Warning 241) Stale cache file FStar.Int64.fst.checked.lax; will recheck FStar.Int64.fst and all subsequent files
FStar.UInt31.fst(0,0-0,0): (Warning 241) Stale cache file FStar.UInt31.fst.checked.lax; will recheck FStar.UInt31.fst and all subsequent files
FStar.Int63.fst(0,0-0,0): (Warning 241) Stale cache file FStar.Int63.fst.checked.lax; will recheck FStar.Int63.fst and all subsequent files
LowStar.Buffer.fsti(0,0-0,0): (Warning 241) Stale cache file LowStar.Buffer.fsti.checked.lax; will recheck LowStar.Buffer.fsti and all subsequent files
FStar.UInt63.fst(0,0-0,0): (Warning 241) Stale cache file FStar.UInt63.fst.checked.lax; will recheck FStar.UInt63.fst and all subsequent files
FStar.String.fsti(0,0-0,0): (Warning 241) Stale cache file FStar.String.fsti.checked.lax; will recheck FStar.String.fsti and all subsequent files
FStar.UInt128.fsti(0,0-0,0): (Warning 241) Stale cache file FStar.UInt128.fsti.checked.lax; will recheck FStar.UInt128.fsti and all subsequent files
FStar.IO.fst(0,0-0,0): (Warning 241) Stale cache file FStar.IO.fst.checked.lax; will recheck FStar.IO.fst and all subsequent files
LowStar.Buffer.fst(0,0-0,0): (Warning 241) Stale cache file LowStar.Buffer.fst.checked.lax; will recheck LowStar.Buffer.fst and all subsequent files
FStar.Int128.fst(0,0-0,0): (Warning 241) Stale cache file FStar.Int128.fst.checked.lax; will recheck FStar.Int128.fst and all subsequent files
FStar.Int.Cast.fst(0,0-0,0): (Warning 241) Stale cache file FStar.Int.Cast.fst.checked.lax; will recheck FStar.Int.Cast.fst and all subsequent files
LowStar.BufferCompat.fst(0,0-0,0): (Warning 241) Stale cache file LowStar.BufferCompat.fst.checked.lax; will recheck LowStar.BufferCompat.fst and all subsequent files
FStar.Error.fst(0,0-0,0): (Warning 241) Stale cache file FStar.Error.fst.checked.lax; will recheck FStar.Error.fst and all subsequent files
LowStar.Modifies.fsti(0,0-0,0): (Warning 241) Stale cache file LowStar.Modifies.fsti.checked.lax; will recheck LowStar.Modifies.fsti and all subsequent files
FStar.Int.Cast.Full.fst(0,0-0,0): (Warning 241) Stale cache file FStar.Int.Cast.Full.fst.checked.lax; will recheck FStar.Int.Cast.Full.fst and all subsequent files
FStar.Integers.fst(0,0-0,0): (Warning 241) Stale cache file FStar.Integers.fst.checked.lax; will recheck FStar.Integers.fst and all subsequent files
LowStar.BufferOps.fst(0,0-0,0): (Warning 241) Stale cache file LowStar.BufferOps.fst.checked.lax; will recheck LowStar.BufferOps.fst and all subsequent files
LowStar.Modifies.fst(0,0-0,0): (Warning 241) Stale cache file LowStar.Modifies.fst.checked.lax; will recheck LowStar.Modifies.fst and all subsequent files
FStar.Buffer.fst(0,0-0,0): (Warning 241) Stale cache file FStar.Buffer.fst.checked.lax; will recheck FStar.Buffer.fst and all subsequent files
FStar.UInt128.fst(0,0-0,0): (Warning 241) Stale cache file FStar.UInt128.fst.checked.lax; will recheck FStar.UInt128.fst and all subsequent files
FStar.Pointer.Base.fsti(0,0-0,0): (Warning 241) Stale cache file FStar.Pointer.Base.fsti.checked.lax; will recheck FStar.Pointer.Base.fsti and all subsequent files
FStar.Buffer.Quantifiers.fst(0,0-0,0): (Warning 241) Stale cache file FStar.Buffer.Quantifiers.fst.checked.lax; will recheck FStar.Buffer.Quantifiers.fst and all subsequent files
FStar.Pointer.Derived1.fsti(0,0-0,0): (Warning 241) Stale cache file FStar.Pointer.Derived1.fsti.checked.lax; will recheck FStar.Pointer.Derived1.fsti and all subsequent files
FStar.Pointer.Derived3.fsti(0,0-0,0): (Warning 241) Stale cache file FStar.Pointer.Derived3.fsti.checked.lax; will recheck FStar.Pointer.Derived3.fsti and all subsequent files
FStar.Pointer.Derived2.fsti(0,0-0,0): (Warning 241) Stale cache file FStar.Pointer.Derived2.fsti.checked.lax; will recheck FStar.Pointer.Derived2.fsti and all subsequent files
FStar.Modifies.fst(0,0-0,0): (Warning 241) Stale cache file FStar.Modifies.fst.checked.lax; will recheck FStar.Modifies.fst and all subsequent files
FStar.ModifiesGen.fst(0,0-0,0): (Warning 241) Stale cache file FStar.ModifiesGen.fst.checked.lax; will recheck FStar.ModifiesGen.fst and all subsequent files
FStar.Pointer.fst(0,0-0,0): (Warning 241) Stale cache file FStar.Pointer.fst.checked.lax; will recheck FStar.Pointer.fst and all subsequent files
FStar.Pointer.Base.fst(0,0-0,0): (Warning 241) Stale cache file FStar.Pointer.Base.fst.checked.lax; will recheck FStar.Pointer.Base.fst and all subsequent files
FStar.Reflection.Const.fst(0,0-0,0): (Warning 241) Stale cache file FStar.Reflection.Const.fst.checked.lax; will recheck FStar.Reflection.Const.fst and all subsequent files
FStar.Reflection.Types.fsti(0,0-0,0): (Warning 241) Stale cache file FStar.Reflection.Types.fsti.checked.lax; will recheck FStar.Reflection.Types.fsti and all subsequent files
FStar.Order.fst(0,0-0,0): (Warning 241) Stale cache file FStar.Order.fst.checked.lax; will recheck FStar.Order.fst and all subsequent files
FStar.Range.fsti(0,0-0,0): (Warning 241) Stale cache file FStar.Range.fsti.checked.lax; will recheck FStar.Range.fsti and all subsequent files
FStar.Tactics.Types.fsti(0,0-0,0): (Warning 241) Stale cache file FStar.Tactics.Types.fsti.checked.lax; will recheck FStar.Tactics.Types.fsti and all subsequent files
FStar.BV.fsti(0,0-0,0): (Warning 241) Stale cache file FStar.BV.fsti.checked.lax; will recheck FStar.BV.fsti and all subsequent files
FStar.Reflection.Data.fst(0,0-0,0): (Warning 241) Stale cache file FStar.Reflection.Data.fst.checked.lax; will recheck FStar.Reflection.Data.fst and all subsequent files
FStar.Tactics.Result.fst(0,0-0,0): (Warning 241) Stale cache file FStar.Tactics.Result.fst.checked.lax; will recheck FStar.Tactics.Result.fst and all subsequent files
FStar.Reflection.Basic.fst(0,0-0,0): (Warning 241) Stale cache file FStar.Reflection.Basic.fst.checked.lax; will recheck FStar.Reflection.Basic.fst and all subsequent files
FStar.Tactics.Effect.fst(0,0-0,0): (Warning 241) Stale cache file FStar.Tactics.Effect.fst.checked.lax; will recheck FStar.Tactics.Effect.fst and all subsequent files
FStar.Tactics.Util.fst(0,0-0,0): (Warning 241) Stale cache file FStar.Tactics.Util.fst.checked.lax; will recheck FStar.Tactics.Util.fst and all subsequent files
FStar.Tactics.Builtins.fst(0,0-0,0): (Warning 241) Stale cache file FStar.Tactics.Builtins.fst.checked.lax; will recheck FStar.Tactics.Builtins.fst and all subsequent files
FStar.Reflection.Derived.fst(0,0-0,0): (Warning 241) Stale cache file FStar.Reflection.Derived.fst.checked.lax; will recheck FStar.Reflection.Derived.fst and all subsequent files
FStar.Reflection.Derived.Lemmas.fst(0,0-0,0): (Warning 241) Stale cache file FStar.Reflection.Derived.Lemmas.fst.checked.lax; will recheck FStar.Reflection.Derived.Lemmas.fst and all subsequent files
FStar.Reflection.Formula.fst(0,0-0,0): (Warning 241) Stale cache file FStar.Reflection.Formula.fst.checked.lax; will recheck FStar.Reflection.Formula.fst and all subsequent files
FStar.Reflection.fst(0,0-0,0): (Warning 241) Stale cache file FStar.Reflection.fst.checked.lax; will recheck FStar.Reflection.fst and all subsequent files
FStar.Tactics.Derived.fst(0,0-0,0): (Warning 241) Stale cache file FStar.Tactics.Derived.fst.checked.lax; will recheck FStar.Tactics.Derived.fst and all subsequent files
FStar.Tactics.Logic.fst(0,0-0,0): (Warning 241) Stale cache file FStar.Tactics.Logic.fst.checked.lax; will recheck FStar.Tactics.Logic.fst and all subsequent files
FStar.Tactics.fst(0,0-0,0): (Warning 241) Stale cache file FStar.Tactics.fst.checked.lax; will recheck FStar.Tactics.fst and all subsequent files
FStar.Tactics.Simplifier.fst(0,0-0,0): (Warning 241) Stale cache file FStar.Tactics.Simplifier.fst.checked.lax; will recheck FStar.Tactics.Simplifier.fst and all subsequent files
FStar.Reflection.Arith.fst(0,0-0,0): (Warning 241) Stale cache file FStar.Reflection.Arith.fst.checked.lax; will recheck FStar.Reflection.Arith.fst and all subsequent files
FStar.Tactics.PatternMatching.fst(0,0-0,0): (Warning 241) Stale cache file FStar.Tactics.PatternMatching.fst.checked.lax; will recheck FStar.Tactics.PatternMatching.fst and all subsequent files
FStar.Tactics.Canon.fst(0,0-0,0): (Warning 241) Stale cache file FStar.Tactics.Canon.fst.checked.lax; will recheck FStar.Tactics.Canon.fst and all subsequent files
FStar.Tactics.Arith.fst(0,0-0,0): (Warning 241) Stale cache file FStar.Tactics.Arith.fst.checked.lax; will recheck FStar.Tactics.Arith.fst and all subsequent files
FStar.Tactics.BV.fst(0,0-0,0): (Warning 241) Stale cache file FStar.Tactics.BV.fst.checked.lax; will recheck FStar.Tactics.BV.fst and all subsequent files
prims.fst(0,0-0,0): (Warning 241) Stale cache file prims.fst.checked; will recheck prims.fst and all subsequent files
FStar.Pervasives.Native.fst(0,0-0,0): (Warning 241) Stale cache file FStar.Pervasives.Native.fst.checked; will recheck FStar.Pervasives.Native.fst and all subsequent files
FStar.Pervasives.fst(0,0-0,0): (Warning 241) Stale cache file FStar.Pervasives.fst.checked; will recheck FStar.Pervasives.fst and all subsequent files
FStar.FunctionalExtensionality.fst(0,0-0,0): (Warning 241) Stale cache file FStar.FunctionalExtensionality.fst.checked; will recheck FStar.FunctionalExtensionality.fst and all subsequent files
FStar.StrongExcludedMiddle.fst(0,0-0,0): (Warning 241) Stale cache file FStar.StrongExcludedMiddle.fst.checked; will recheck FStar.StrongExcludedMiddle.fst and all subsequent files
FStar.Preorder.fst(0,0-0,0): (Warning 241) Stale cache file FStar.Preorder.fst.checked; will recheck FStar.Preorder.fst and all subsequent files
FStar.Classical.fsti(0,0-0,0): (Warning 241) Stale cache file FStar.Classical.fsti.checked; will recheck FStar.Classical.fsti and all subsequent files
FStar.Squash.fsti(0,0-0,0): (Warning 241) Stale cache file FStar.Squash.fsti.checked; will recheck FStar.Squash.fsti and all subsequent files
FStar.Reflection.Types.fsti(0,0-0,0): (Warning 241) Stale cache file FStar.Reflection.Types.fsti.checked; will recheck FStar.Reflection.Types.fsti and all subsequent files
FStar.PropositionalExtensionality.fst(0,0-0,0): (Warning 241) Stale cache file FStar.PropositionalExtensionality.fst.checked; will recheck FStar.PropositionalExtensionality.fst and all subsequent files
FStar.Exn.fst(0,0-0,0): (Warning 241) Stale cache file FStar.Exn.fst.checked; will recheck FStar.Exn.fst and all subsequent files
FStar.Mul.fst(0,0-0,0): (Warning 241) Stale cache file FStar.Mul.fst.checked; will recheck FStar.Mul.fst and all subsequent files
FStar.Reflection.Const.fst(0,0-0,0): (Warning 241) Stale cache file FStar.Reflection.Const.fst.checked; will recheck FStar.Reflection.Const.fst and all subsequent files
FStar.Range.fsti(0,0-0,0): (Warning 241) Stale cache file FStar.Range.fsti.checked; will recheck FStar.Range.fsti and all subsequent files
FStar.Float.fsti(0,0-0,0): (Warning 241) Stale cache file FStar.Float.fsti.checked; will recheck FStar.Float.fsti and all subsequent files
FStar.Order.fst(0,0-0,0): (Warning 241) Stale cache file FStar.Order.fst.checked; will recheck FStar.Order.fst and all subsequent files
FStar.Ghost.fsti(0,0-0,0): (Warning 241) Stale cache file FStar.Ghost.fsti.checked; will recheck FStar.Ghost.fsti and all subsequent files
FStar.SquashEffect.fst(0,0-0,0): (Warning 241) Stale cache file FStar.SquashEffect.fst.checked; will recheck FStar.SquashEffect.fst and all subsequent files
FStar.IndefiniteDescription.fst(0,0-0,0): (Warning 241) Stale cache file FStar.IndefiniteDescription.fst.checked; will recheck FStar.IndefiniteDescription.fst and all subsequent files
FStar.MarkovsPrinciple.fst(0,0-0,0): (Warning 241) Stale cache file FStar.MarkovsPrinciple.fst.checked; will recheck FStar.MarkovsPrinciple.fst and all subsequent files
FStar.Constructive.fst(0,0-0,0): (Warning 241) Stale cache file FStar.Constructive.fst.checked; will recheck FStar.Constructive.fst and all subsequent files
FStar.Universe.fst(0,0-0,0): (Warning 241) Stale cache file FStar.Universe.fst.checked; will recheck FStar.Universe.fst and all subsequent files
FStar.Squash.fst(0,0-0,0): (Warning 241) Stale cache file FStar.Squash.fst.checked; will recheck FStar.Squash.fst and all subsequent files
FStar.Universe.fsti(0,0-0,0): (Warning 241) Stale cache file FStar.Universe.fsti.checked; will recheck FStar.Universe.fsti and all subsequent files
FStar.Date.fsti(0,0-0,0): (Warning 241) Stale cache file FStar.Date.fsti.checked; will recheck FStar.Date.fsti and all subsequent files
FStar.DependentMap.fst(0,0-0,0): (Warning 241) Stale cache file FStar.DependentMap.fst.checked; will recheck FStar.DependentMap.fst and all subsequent files
FStar.WellFounded.fst(0,0-0,0): (Warning 241) Stale cache file FStar.WellFounded.fst.checked; will recheck FStar.WellFounded.fst and all subsequent files
FStar.Classical.fst(0,0-0,0): (Warning 241) Stale cache file FStar.Classical.fst.checked; will recheck FStar.Classical.fst and all subsequent files
FStar.Monotonic.Witnessed.fsti(0,0-0,0): (Warning 241) Stale cache file FStar.Monotonic.Witnessed.fsti.checked; will recheck FStar.Monotonic.Witnessed.fsti and all subsequent files
FStar.PredicateExtensionality.fst(0,0-0,0): (Warning 241) Stale cache file FStar.PredicateExtensionality.fst.checked; will recheck FStar.PredicateExtensionality.fst and all subsequent files
FStar.Monotonic.Witnessed.fst(0,0-0,0): (Warning 241) Stale cache file FStar.Monotonic.Witnessed.fst.checked; will recheck FStar.Monotonic.Witnessed.fst and all subsequent files
FStar.Algebra.CommMonoid.fst(0,0-0,0): (Warning 241) Stale cache file FStar.Algebra.CommMonoid.fst.checked; will recheck FStar.Algebra.CommMonoid.fst and all subsequent files
FStar.Tactics.Types.fsti(0,0-0,0): (Warning 241) Stale cache file FStar.Tactics.Types.fsti.checked; will recheck FStar.Tactics.Types.fsti and all subsequent files
FStar.Set.fst(0,0-0,0): (Warning 241) Stale cache file FStar.Set.fst.checked; will recheck FStar.Set.fst and all subsequent files
FStar.ErasedLogic.fst(0,0-0,0): (Warning 241) Stale cache file FStar.ErasedLogic.fst.checked; will recheck FStar.ErasedLogic.fst and all subsequent files
FStar.Tactics.Result.fst(0,0-0,0): (Warning 241) Stale cache file FStar.Tactics.Result.fst.checked; will recheck FStar.Tactics.Result.fst and all subsequent files
FStar.SquashProperties.fst(0,0-0,0): (Warning 241) Stale cache file FStar.SquashProperties.fst.checked; will recheck FStar.SquashProperties.fst and all subsequent files
FStar.Int.fst(0,0-0,0): (Warning 241) Stale cache file FStar.Int.fst.checked; will recheck FStar.Int.fst and all subsequent files
FStar.Algebra.Monoid.fst(0,0-0,0): (Warning 241) Stale cache file FStar.Algebra.Monoid.fst.checked; will recheck FStar.Algebra.Monoid.fst and all subsequent files
FStar.Reflection.Data.fst(0,0-0,0): (Warning 241) Stale cache file FStar.Reflection.Data.fst.checked; will recheck FStar.Reflection.Data.fst and all subsequent files
FStar.Math.Lib.fst(0,0-0,0): (Warning 241) Stale cache file FStar.Math.Lib.fst.checked; will recheck FStar.Math.Lib.fst and all subsequent files
FStar.TSet.fst(0,0-0,0): (Warning 241) Stale cache file FStar.TSet.fst.checked; will recheck FStar.TSet.fst and all subsequent files
FStar.GSet.fst(0,0-0,0): (Warning 241) Stale cache file FStar.GSet.fst.checked; will recheck FStar.GSet.fst and all subsequent files
FStar.Map.fst(0,0-0,0): (Warning 241) Stale cache file FStar.Map.fst.checked; will recheck FStar.Map.fst and all subsequent files
FStar.Reflection.Basic.fst(0,0-0,0): (Warning 241) Stale cache file FStar.Reflection.Basic.fst.checked; will recheck FStar.Reflection.Basic.fst and all subsequent files
FStar.Tactics.Effect.fst(0,0-0,0): (Warning 241) Stale cache file FStar.Tactics.Effect.fst.checked; will recheck FStar.Tactics.Effect.fst and all subsequent files
FStar.List.Tot.Base.fst(0,0-0,0): (Warning 241) Stale cache file FStar.List.Tot.Base.fst.checked; will recheck FStar.List.Tot.Base.fst and all subsequent files
FStar.Tactics.Builtins.fst(0,0-0,0): (Warning 241) Stale cache file FStar.Tactics.Builtins.fst.checked; will recheck FStar.Tactics.Builtins.fst and all subsequent files
FStar.List.Pure.Base.fst(0,0-0,0): (Warning 241) Stale cache file FStar.List.Pure.Base.fst.checked; will recheck FStar.List.Pure.Base.fst and all subsequent files
FStar.Monotonic.Heap.fsti(0,0-0,0): (Warning 241) Stale cache file FStar.Monotonic.Heap.fsti.checked; will recheck FStar.Monotonic.Heap.fsti and all subsequent files
FStar.Heap.fst(0,0-0,0): (Warning 241) Stale cache file FStar.Heap.fst.checked; will recheck FStar.Heap.fst and all subsequent files
FStar.Axiomatic.Array.fst(0,0-0,0): (Warning 241) Stale cache file FStar.Axiomatic.Array.fst.checked; will recheck FStar.Axiomatic.Array.fst and all subsequent files
FStar.ST.fst(0,0-0,0): (Warning 241) Stale cache file FStar.ST.fst.checked; will recheck FStar.ST.fst and all subsequent files
FStar.TwoLevelHeap.fst(0,0-0,0): (Warning 241) Stale cache file FStar.TwoLevelHeap.fst.checked; will recheck FStar.TwoLevelHeap.fst and all subsequent files
FStar.Relational.Relational.fst(0,0-0,0): (Warning 241) Stale cache file FStar.Relational.Relational.fst.checked; will recheck FStar.Relational.Relational.fst and all subsequent files
FStar.Monotonic.Heap.fst(0,0-0,0): (Warning 241) Stale cache file FStar.Monotonic.Heap.fst.checked; will recheck FStar.Monotonic.Heap.fst and all subsequent files
FStar.Math.Lemmas.fst(0,0-0,0): (Warning 241) Stale cache file FStar.Math.Lemmas.fst.checked; will recheck FStar.Math.Lemmas.fst and all subsequent files
FStar.Reader.fst(0,0-0,0): (Warning 241) Stale cache file FStar.Reader.fst.checked; will recheck FStar.Reader.fst and all subsequent files
FStar.All.fst(0,0-0,0): (Warning 241) Stale cache file FStar.All.fst.checked; will recheck FStar.All.fst and all subsequent files
FStar.Ref.fst(0,0-0,0): (Warning 241) Stale cache file FStar.Ref.fst.checked; will recheck FStar.Ref.fst and all subsequent files
FStar.MRef.fst(0,0-0,0): (Warning 241) Stale cache file FStar.MRef.fst.checked; will recheck FStar.MRef.fst and all subsequent files
FStar.List.Tot.Properties.fst(0,0-0,0): (Warning 241) Stale cache file FStar.List.Tot.Properties.fst.checked; will recheck FStar.List.Tot.Properties.fst and all subsequent files
FStar.Dyn.fsti(0,0-0,0): (Warning 241) Stale cache file FStar.Dyn.fsti.checked; will recheck FStar.Dyn.fsti and all subsequent files
FStar.Option.fst(0,0-0,0): (Warning 241) Stale cache file FStar.Option.fst.checked; will recheck FStar.Option.fst and all subsequent files
FStar.List.Tot.fst(0,0-0,0): (Warning 241) Stale cache file FStar.List.Tot.fst.checked; will recheck FStar.List.Tot.fst and all subsequent files
FStar.Relational.Comp.fst(0,0-0,0): (Warning 241) Stale cache file FStar.Relational.Comp.fst.checked; will recheck FStar.Relational.Comp.fst and all subsequent files
FStar.List.Pure.Properties.fst(0,0-0,0): (Warning 241) Stale cache file FStar.List.Pure.Properties.fst.checked; will recheck FStar.List.Pure.Properties.fst and all subsequent files
FStar.List.Pure.fst(0,0-0,0): (Warning 241) Stale cache file FStar.List.Pure.fst.checked; will recheck FStar.List.Pure.fst and all subsequent files
FStar.Tactics.Util.fst(0,0-0,0): (Warning 241) Stale cache file FStar.Tactics.Util.fst.checked; will recheck FStar.Tactics.Util.fst and all subsequent files
FStar.List.fst(0,0-0,0): (Warning 241) Stale cache file FStar.List.fst.checked; will recheck FStar.List.fst and all subsequent files
FStar.Monotonic.HyperHeap.fst(0,0-0,0): (Warning 241) Stale cache file FStar.Monotonic.HyperHeap.fst.checked; will recheck FStar.Monotonic.HyperHeap.fst and all subsequent files
FStar.Seq.Base.fst(0,0-0,0): (Warning 241) Stale cache file FStar.Seq.Base.fst.checked; will recheck FStar.Seq.Base.fst and all subsequent files
FStar.OrdSet.fst(0,0-0,0): (Warning 241) Stale cache file FStar.OrdSet.fst.checked; will recheck FStar.OrdSet.fst and all subsequent files
FStar.OrdSetProps.fst(0,0-0,0): (Warning 241) Stale cache file FStar.OrdSetProps.fst.checked; will recheck FStar.OrdSetProps.fst and all subsequent files
FStar.OrdMap.fst(0,0-0,0): (Warning 241) Stale cache file FStar.OrdMap.fst.checked; will recheck FStar.OrdMap.fst and all subsequent files
FStar.Monotonic.HyperStack.fst(0,0-0,0): (Warning 241) Stale cache file FStar.Monotonic.HyperStack.fst.checked; will recheck FStar.Monotonic.HyperStack.fst and all subsequent files
FStar.OrdMapProps.fst(0,0-0,0): (Warning 241) Stale cache file FStar.OrdMapProps.fst.checked; will recheck FStar.OrdMapProps.fst and all subsequent files
FStar.HyperStack.fst(0,0-0,0): (Warning 241) Stale cache file FStar.HyperStack.fst.checked; will recheck FStar.HyperStack.fst and all subsequent files
FStar.Util.fst(0,0-0,0): (Warning 241) Stale cache file FStar.Util.fst.checked; will recheck FStar.Util.fst and all subsequent files
FStar.HyperStack.ST.fst(0,0-0,0): (Warning 241) Stale cache file FStar.HyperStack.ST.fst.checked; will recheck FStar.HyperStack.ST.fst and all subsequent files
FStar.HyperStack.All.fst(0,0-0,0): (Warning 241) Stale cache file FStar.HyperStack.All.fst.checked; will recheck FStar.HyperStack.All.fst and all subsequent files
FStar.Monotonic.DependentMap.fsti(0,0-0,0): (Warning 241) Stale cache file FStar.Monotonic.DependentMap.fsti.checked; will recheck FStar.Monotonic.DependentMap.fsti and all subsequent files
FStar.Monotonic.Map.fst(0,0-0,0): (Warning 241) Stale cache file FStar.Monotonic.Map.fst.checked; will recheck FStar.Monotonic.Map.fst and all subsequent files
FStar.Monotonic.DependentMap.fst(0,0-0,0): (Warning 241) Stale cache file FStar.Monotonic.DependentMap.fst.checked; will recheck FStar.Monotonic.DependentMap.fst and all subsequent files
FStar.HyperStack.IO.fst(0,0-0,0): (Warning 241) Stale cache file FStar.HyperStack.IO.fst.checked; will recheck FStar.HyperStack.IO.fst and all subsequent files
FStar.Seq.Properties.fst(0,0-0,0): (Warning 241) Stale cache file FStar.Seq.Properties.fst.checked; will recheck FStar.Seq.Properties.fst and all subsequent files
FStar.ModifiesGen.fsti(0,0-0,0): (Warning 241) Stale cache file FStar.ModifiesGen.fsti.checked; will recheck FStar.ModifiesGen.fsti and all subsequent files
FStar.Seq.fst(0,0-0,0): (Warning 241) Stale cache file FStar.Seq.fst.checked; will recheck FStar.Seq.fst and all subsequent files
FStar.Matrix2.fsti(0,0-0,0): (Warning 241) Stale cache file FStar.Matrix2.fsti.checked; will recheck FStar.Matrix2.fsti and all subsequent files
FStar.Seq.Sorted.fst(0,0-0,0): (Warning 241) Stale cache file FStar.Seq.Sorted.fst.checked; will recheck FStar.Seq.Sorted.fst and all subsequent files
FStar.Fin.fst(0,0-0,0): (Warning 241) Stale cache file FStar.Fin.fst.checked; will recheck FStar.Fin.fst and all subsequent files
FStar.BitVector.fst(0,0-0,0): (Warning 241) Stale cache file FStar.BitVector.fst.checked; will recheck FStar.BitVector.fst and all subsequent files
FStar.Array.fst(0,0-0,0): (Warning 241) Stale cache file FStar.Array.fst.checked; will recheck FStar.Array.fst and all subsequent files
FStar.Monotonic.Seq.fst(0,0-0,0): (Warning 241) Stale cache file FStar.Monotonic.Seq.fst.checked; will recheck FStar.Monotonic.Seq.fst and all subsequent files
FStar.UInt.fst(0,0-0,0): (Warning 241) Stale cache file FStar.UInt.fst.checked; will recheck FStar.UInt.fst and all subsequent files
FStar.BV.fsti(0,0-0,0): (Warning 241) Stale cache file FStar.BV.fsti.checked; will recheck FStar.BV.fsti and all subsequent files
FStar.BV.fst(0,0-0,0): (Warning 241) Stale cache file FStar.BV.fst.checked; will recheck FStar.BV.fst and all subsequent files
FStar.UInt32.fst(0,0-0,0): (Warning 241) Stale cache file FStar.UInt32.fst.checked; will recheck FStar.UInt32.fst and all subsequent files
FStar.Char.fsti(0,0-0,0): (Warning 241) Stale cache file FStar.Char.fsti.checked; will recheck FStar.Char.fsti and all subsequent files
FStar.Vector.Base.fst(0,0-0,0): (Warning 241) Stale cache file FStar.Vector.Base.fst.checked; will recheck FStar.Vector.Base.fst and all subsequent files
FStar.Int16.fst(0,0-0,0): (Warning 241) Stale cache file FStar.Int16.fst.checked; will recheck FStar.Int16.fst and all subsequent files
FStar.Int32.fst(0,0-0,0): (Warning 241) Stale cache file FStar.Int32.fst.checked; will recheck FStar.Int32.fst and all subsequent files
FStar.Int64.fst(0,0-0,0): (Warning 241) Stale cache file FStar.Int64.fst.checked; will recheck FStar.Int64.fst and all subsequent files
FStar.Vector.Base.fsti(0,0-0,0): (Warning 241) Stale cache file FStar.Vector.Base.fsti.checked; will recheck FStar.Vector.Base.fsti and all subsequent files
FStar.Int8.fst(0,0-0,0): (Warning 241) Stale cache file FStar.Int8.fst.checked; will recheck FStar.Int8.fst and all subsequent files
FStar.Int31.fst(0,0-0,0): (Warning 241) Stale cache file FStar.Int31.fst.checked; will recheck FStar.Int31.fst and all subsequent files
FStar.Int63.fst(0,0-0,0): (Warning 241) Stale cache file FStar.Int63.fst.checked; will recheck FStar.Int63.fst and all subsequent files
FStar.UInt63.fst(0,0-0,0): (Warning 241) Stale cache file FStar.UInt63.fst.checked; will recheck FStar.UInt63.fst and all subsequent files
FStar.UInt8.fst(0,0-0,0): (Warning 241) Stale cache file FStar.UInt8.fst.checked; will recheck FStar.UInt8.fst and all subsequent files
FStar.UInt64.fst(0,0-0,0): (Warning 241) Stale cache file FStar.UInt64.fst.checked; will recheck FStar.UInt64.fst and all subsequent files
FStar.UInt16.fst(0,0-0,0): (Warning 241) Stale cache file FStar.UInt16.fst.checked; will recheck FStar.UInt16.fst and all subsequent files
FStar.UInt31.fst(0,0-0,0): (Warning 241) Stale cache file FStar.UInt31.fst.checked; will recheck FStar.UInt31.fst and all subsequent files
FStar.String.fsti(0,0-0,0): (Warning 241) Stale cache file FStar.String.fsti.checked; will recheck FStar.String.fsti and all subsequent files
LowStar.Buffer.fsti(0,0-0,0): (Warning 241) Stale cache file LowStar.Buffer.fsti.checked; will recheck LowStar.Buffer.fsti and all subsequent files
FStar.Vector.Properties.fst(0,0-0,0): (Warning 241) Stale cache file FStar.Vector.Properties.fst.checked; will recheck FStar.Vector.Properties.fst and all subsequent files
FStar.IO.fst(0,0-0,0): (Warning 241) Stale cache file FStar.IO.fst.checked; will recheck FStar.IO.fst and all subsequent files
FStar.Int128.fst(0,0-0,0): (Warning 241) Stale cache file FStar.Int128.fst.checked; will recheck FStar.Int128.fst and all subsequent files
FStar.BaseTypes.fsti(0,0-0,0): (Warning 241) Stale cache file FStar.BaseTypes.fsti.checked; will recheck FStar.BaseTypes.fsti and all subsequent files
FStar.UInt128.fsti(0,0-0,0): (Warning 241) Stale cache file FStar.UInt128.fsti.checked; will recheck FStar.UInt128.fsti and all subsequent files
FStar.Vector.fst(0,0-0,0): (Warning 241) Stale cache file FStar.Vector.fst.checked; will recheck FStar.Vector.fst and all subsequent files
FStar.Error.fst(0,0-0,0): (Warning 241) Stale cache file FStar.Error.fst.checked; will recheck FStar.Error.fst and all subsequent files
FStar.Bytes.fsti(0,0-0,0): (Warning 241) Stale cache file FStar.Bytes.fsti.checked; will recheck FStar.Bytes.fsti and all subsequent files
LowStar.BufferCompat.fst(0,0-0,0): (Warning 241) Stale cache file LowStar.BufferCompat.fst.checked; will recheck LowStar.BufferCompat.fst and all subsequent files
FStar.Int.Cast.fst(0,0-0,0): (Warning 241) Stale cache file FStar.Int.Cast.fst.checked; will recheck FStar.Int.Cast.fst and all subsequent files
FStar.Reflection.Derived.fst(0,0-0,0): (Warning 241) Stale cache file FStar.Reflection.Derived.fst.checked; will recheck FStar.Reflection.Derived.fst and all subsequent files
LowStar.Modifies.fsti(0,0-0,0): (Warning 241) Stale cache file LowStar.Modifies.fsti.checked; will recheck LowStar.Modifies.fsti and all subsequent files
FStar.Tcp.fsti(0,0-0,0): (Warning 241) Stale cache file FStar.Tcp.fsti.checked; will recheck FStar.Tcp.fsti and all subsequent files
FStar.Crypto.fst(0,0-0,0): (Warning 241) Stale cache file FStar.Crypto.fst.checked; will recheck FStar.Crypto.fst and all subsequent files
FStar.Udp.fsti(0,0-0,0): (Warning 241) Stale cache file FStar.Udp.fsti.checked; will recheck FStar.Udp.fsti and all subsequent files
LowStar.Buffer.fst(0,0-0,0): (Warning 241) Stale cache file LowStar.Buffer.fst.checked; will recheck LowStar.Buffer.fst and all subsequent files
FStar.Int.Cast.Full.fst(0,0-0,0): (Warning 241) Stale cache file FStar.Int.Cast.Full.fst.checked; will recheck FStar.Int.Cast.Full.fst and all subsequent files
FStar.Reflection.Derived.Lemmas.fst(0,0-0,0): (Warning 241) Stale cache file FStar.Reflection.Derived.Lemmas.fst.checked; will recheck FStar.Reflection.Derived.Lemmas.fst and all subsequent files
LowStar.BufferOps.fst(0,0-0,0): (Warning 241) Stale cache file LowStar.BufferOps.fst.checked; will recheck LowStar.BufferOps.fst and all subsequent files
LowStar.Modifies.fst(0,0-0,0): (Warning 241) Stale cache file LowStar.Modifies.fst.checked; will recheck LowStar.Modifies.fst and all subsequent files
FStar.Reflection.fst(0,0-0,0): (Warning 241) Stale cache file FStar.Reflection.fst.checked; will recheck FStar.Reflection.fst and all subsequent files
FStar.Pointer.Base.fsti(0,0-0,0): (Warning 241) Stale cache file FStar.Pointer.Base.fsti.checked; will recheck FStar.Pointer.Base.fsti and all subsequent files
FStar.Reflection.Formula.fst(0,0-0,0): (Warning 241) Stale cache file FStar.Reflection.Formula.fst.checked; will recheck FStar.Reflection.Formula.fst and all subsequent files
FStar.UInt128.fst(0,0-0,0): (Warning 241) Stale cache file FStar.UInt128.fst.checked; will recheck FStar.UInt128.fst and all subsequent files
FStar.Pointer.Derived1.fsti(0,0-0,0): (Warning 241) Stale cache file FStar.Pointer.Derived1.fsti.checked; will recheck FStar.Pointer.Derived1.fsti and all subsequent files
FStar.ModifiesGen.fst(0,0-0,0): (Warning 241) Stale cache file FStar.ModifiesGen.fst.checked; will recheck FStar.ModifiesGen.fst and all subsequent files
FStar.Pointer.Derived1.fst(0,0-0,0): (Warning 241) Stale cache file FStar.Pointer.Derived1.fst.checked; will recheck FStar.Pointer.Derived1.fst and all subsequent files
FStar.Tactics.Derived.fst(0,0-0,0): (Warning 241) Stale cache file FStar.Tactics.Derived.fst.checked; will recheck FStar.Tactics.Derived.fst and all subsequent files
FStar.Buffer.fst(0,0-0,0): (Warning 241) Stale cache file FStar.Buffer.fst.checked; will recheck FStar.Buffer.fst and all subsequent files
FStar.Integers.fst(0,0-0,0): (Warning 241) Stale cache file FStar.Integers.fst.checked; will recheck FStar.Integers.fst and all subsequent files
FStar.Pointer.Derived2.fsti(0,0-0,0): (Warning 241) Stale cache file FStar.Pointer.Derived2.fsti.checked; will recheck FStar.Pointer.Derived2.fsti and all subsequent files
FStar.Pointer.Derived3.fsti(0,0-0,0): (Warning 241) Stale cache file FStar.Pointer.Derived3.fsti.checked; will recheck FStar.Pointer.Derived3.fsti and all subsequent files
FStar.Pointer.Derived3.fst(0,0-0,0): (Warning 241) Stale cache file FStar.Pointer.Derived3.fst.checked; will recheck FStar.Pointer.Derived3.fst and all subsequent files
FStar.Pointer.Derived2.fst(0,0-0,0): (Warning 241) Stale cache file FStar.Pointer.Derived2.fst.checked; will recheck FStar.Pointer.Derived2.fst and all subsequent files
FStar.Tactics.Logic.fst(0,0-0,0): (Warning 241) Stale cache file FStar.Tactics.Logic.fst.checked; will recheck FStar.Tactics.Logic.fst and all subsequent files
FStar.Pointer.fst(0,0-0,0): (Warning 241) Stale cache file FStar.Pointer.fst.checked; will recheck FStar.Pointer.fst and all subsequent files
FStar.Modifies.fsti(0,0-0,0): (Warning 241) Stale cache file FStar.Modifies.fsti.checked; will recheck FStar.Modifies.fsti and all subsequent files
FStar.Tactics.fst(0,0-0,0): (Warning 241) Stale cache file FStar.Tactics.fst.checked; will recheck FStar.Tactics.fst and all subsequent files
FStar.Buffer.Quantifiers.fst(0,0-0,0): (Warning 241) Stale cache file FStar.Buffer.Quantifiers.fst.checked; will recheck FStar.Buffer.Quantifiers.fst and all subsequent files
FStar.TaggedUnion.fsti(0,0-0,0): (Warning 241) Stale cache file FStar.TaggedUnion.fsti.checked; will recheck FStar.TaggedUnion.fsti and all subsequent files
FStar.TaggedUnion.fst(0,0-0,0): (Warning 241) Stale cache file FStar.TaggedUnion.fst.checked; will recheck FStar.TaggedUnion.fst and all subsequent files
FStar.Printf.fst(0,0-0,0): (Warning 241) Stale cache file FStar.Printf.fst.checked; will recheck FStar.Printf.fst and all subsequent files
FStar.Tactics.Simplifier.fst(0,0-0,0): (Warning 241) Stale cache file FStar.Tactics.Simplifier.fst.checked; will recheck FStar.Tactics.Simplifier.fst and all subsequent files
FStar.Modifies.fst(0,0-0,0): (Warning 241) Stale cache file FStar.Modifies.fst.checked; will recheck FStar.Modifies.fst and all subsequent files
FStar.BufferNG.fst(0,0-0,0): (Warning 241) Stale cache file FStar.BufferNG.fst.checked; will recheck FStar.BufferNG.fst and all subsequent files
FStar.Reflection.Arith.fst(0,0-0,0): (Warning 241) Stale cache file FStar.Reflection.Arith.fst.checked; will recheck FStar.Reflection.Arith.fst and all subsequent files
FStar.Tactics.Arith.fst(0,0-0,0): (Warning 241) Stale cache file FStar.Tactics.Arith.fst.checked; will recheck FStar.Tactics.Arith.fst and all subsequent files
FStar.Tactics.Canon.fst(0,0-0,0): (Warning 241) Stale cache file FStar.Tactics.Canon.fst.checked; will recheck FStar.Tactics.Canon.fst and all subsequent files
FStar.Tactics.BV.fst(0,0-0,0): (Warning 241) Stale cache file FStar.Tactics.BV.fst.checked; will recheck FStar.Tactics.BV.fst and all subsequent files
FStar.Tactics.PatternMatching.fst(0,0-0,0): (Warning 241) Stale cache file FStar.Tactics.PatternMatching.fst.checked; will recheck FStar.Tactics.PatternMatching.fst and all subsequent files
From https://github.com/FStarLang/kremlin
* [new branch]      size_one_buffers -> origin/size_one_buffers
Spec.Loops.fst(0,0-0,0): (Warning 241) Stale cache file Spec.Loops.fst.checked; will recheck Spec.Loops.fst and all subsequent files
Unable to open hints file: C:\build\agent2\_work\4\s\kremlin\kremlib\Spec.Loops.fst.hints; ran without hints
FStar.Kremlin.Endianness.fst(0,0-0,0): (Warning 241) Stale cache file FStar.Kremlin.Endianness.fst.checked; will recheck FStar.Kremlin.Endianness.fst and all subsequent files
C.Endianness.fst(0,0-0,0): (Warning 241) Stale cache file C.Endianness.fst.checked; will recheck C.Endianness.fst and all subsequent files
Unable to open hints file: C:\build\agent2\_work\4\s\kremlin\kremlib\C.Endianness.fst.hints; ran without hints
C.fst(0,0-0,0): (Warning 241) Stale cache file C.fst.checked; will recheck C.fst and all subsequent files
Unable to open hints file: C:\build\agent2\_work\4\s\kremlin\kremlib\C.fst.hints; ran without hints
C.Loops.fst(0,0-0,0): (Warning 241) Stale cache file C.Loops.fst.checked; will recheck C.Loops.fst and all subsequent files
Unable to open hints file: C:\build\agent2\_work\4\s\kremlin\kremlib\C.Loops.fst.hints; ran without hints
C.String.fst(0,0-0,0): (Warning 241) Stale cache file C.String.fst.checked; will recheck C.String.fst and all subsequent files
Unable to open hints file: C:\build\agent2\_work\4\s\kremlin\kremlib\C.String.fst.hints; ran without hints
C.Failure.fst(0,0-0,0): (Warning 241) Stale cache file C.Failure.fst.checked; will recheck C.Failure.fst and all subsequent files
Unable to open hints file: C:\build\agent2\_work\4\s\kremlin\kremlib\C.Failure.fst.hints; ran without hints
From https://github.com/mitls/hacl-star
1da331f9..276a4553  master         -> origin/master
b0620fbb..db89b477  anilam_pkcs11  -> origin/anilam_pkcs11
9b08dd23..1ac04241  dev            -> origin/dev
df5c871c..609e4d01  dev_size_t     -> origin/dev_size_t
de1358a6..406eda98  fstar-master   -> origin/fstar-master
3653c8d4..6eb52030  polubelova_rsa -> origin/polubelova_rsa
Warning 10: : -drop is deprecated
use a combination of -bundle and -d reachability to make sure the functions are eliminated as you wish
Warning 3: run_or_warn: the following command failed:
C:/build/agent2/_work/4/s/fstar/bin/fstar.exe --odir salsa-c --codegen Kremlin --lax C:/build/agent2/_work/4/s/kremlin/runtime/WasmSupport.fst C:/build/agent2/_work/4/s/fstar/ulib/FStar.UInt128.fst --trace_error --cache_checked_modules --expose_interfaces --include C:/build/agent2/_work/4/s/hacl-star/code/lib/kremlin --include C:/build/agent2/_work/4/s/kremlin/kremlib --include C:/build/agent2/_work/4/s/hacl-star/specs --include . --include C:/build/agent2/_work/4/s/kremlin/include --include C:/build/agent2/_work/4/s/kremlin/kremlib Hacl.Impl.Salsa20.fst Hacl.Salsa20.fst Hacl.Test.Salsa20.fst
Warning 3 is fatal, exiting.
make[1]: *** [Makefile:67: salsa-c/out.krml] Error 255
make[1]: *** Waiting for unfinished jobs....
Warning 10: : -drop is deprecated
use a combination of -bundle and -d reachability to make sure the functions are eliminated as you wish
Warning 3: run_or_warn: the following command failed:
C:/build/agent2/_work/4/s/fstar/bin/fstar.exe --odir chacha-c --codegen Kremlin --lax C:/build/agent2/_work/4/s/kremlin/runtime/WasmSupport.fst C:/build/agent2/_work/4/s/fstar/ulib/FStar.UInt128.fst --trace_error --cache_checked_modules --expose_interfaces --include C:/build/agent2/_work/4/s/hacl-star/code/lib/kremlin --include C:/build/agent2/_work/4/s/kremlin/kremlib --include C:/build/agent2/_work/4/s/hacl-star/specs --include . --include C:/build/agent2/_work/4/s/kremlin/include --include C:/build/agent2/_work/4/s/kremlin/kremlib Hacl.Lib.LoadStore32.fst Hacl.Lib.Create.fst Hacl.Impl.Xor.Lemmas.fst Hacl.Impl.Chacha20.fst Hacl.Chacha20.fst Hacl.Test.Chacha20.fst
Warning 3 is fatal, exiting.
make[1]: *** [Makefile:49: chacha-c/out.krml] Error 255
make: *** [Makefile:9: salsa-family-c] Error 2
make: *** Waiting for unfinished jobs....
Warning 10: : -drop is deprecated
use a combination of -bundle and -d reachability to make sure the functions are eliminated as you wish
Warning 3: run_or_warn: the following command failed:
C:/build/agent2/_work/4/s/fstar/bin/fstar.exe --odir poly-c --codegen Kremlin --lax C:/build/agent2/_work/4/s/kremlin/runtime/WasmSupport.fst C:/build/agent2/_work/4/s/fstar/ulib/FStar.UInt128.fst --trace_error --cache_checked_modules --expose_interfaces --include C:/build/agent2/_work/4/s/hacl-star/code/lib/kremlin --include C:/build/agent2/_work/4/s/kremlin/kremlib --include C:/build/agent2/_work/4/s/hacl-star/specs --include . --include ../bignum --include C:/build/agent2/_work/4/s/kremlin/include --include C:/build/agent2/_work/4/s/kremlin/kremlib ../bignum/Hacl.Spec.Bignum.Field.fst ../bignum/Hacl.Bignum.Limb.fst ../bignum/Hacl.Bignum.Wide.fst ../bignum/Hacl.Spec.Bignum.Bigint.fst ../bignum/Hacl.Spec.Bignum.Fsum.fst ../bignum/Hacl.Spec.Bignum.Fproduct.fst ../bignum/Hacl.Spec.Bignum.Fmul.fst ../bignum/Hacl.Bignum.Fsum.fst ../bignum/Hacl.Bignum.Fproduct.fst ../bignum/Hacl.Bignum.Fmul.fst Hacl.Bignum.Constants.fst Hacl.Bignum.Parameters.fst Hacl.Spec.Bignum.Modulo.fst Hacl.Spec.Bignum.AddAndMultiply.fst ../../specs/Spec.Poly1305.fst Hacl.Spec.Poly1305_64.fst Hacl.Spe.Poly1305_64.fst Hacl.Bignum.Modulo.fst Hacl.Bignum.AddAndMultiply.fst Hacl.Impl.Poly1305_64.fst Hacl.Standalone.Poly1305_64.fst Hacl.Poly1305_64.fst Hacl.Spec.Poly1305_64.Lemmas1.fst AEAD.Poly1305_64.fst Hacl.Test.Poly1305_64.fst
Warning 3 is fatal, exiting.
make[1]: *** [Makefile:83: poly-c/out.krml] Error 255
make: *** [Makefile:9: poly1305-c] Error 2
Warning 10: : -drop is deprecated
use a combination of -bundle and -d reachability to make sure the functions are eliminated as you wish
Warning 3: run_or_warn: the following command failed:
C:/build/agent2/_work/4/s/fstar/bin/fstar.exe --odir sha2-c --codegen Kremlin --lax C:/build/agent2/_work/4/s/kremlin/runtime/WasmSupport.fst C:/build/agent2/_work/4/s/fstar/ulib/FStar.UInt128.fst --trace_error --cache_checked_modules --expose_interfaces --include C:/build/agent2/_work/4/s/hacl-star/code/lib/kremlin --include C:/build/agent2/_work/4/s/kremlin/kremlib --include C:/build/agent2/_work/4/s/hacl-star/specs --include . --include interfaces --include C:/build/agent2/_work/4/s/kremlin/include --include C:/build/agent2/_work/4/s/kremlin/kremlib Hacl.Hash.Lib.LoadStore.fst Hacl.Hash.Lib.Create.fst Hacl.Impl.SHA2_512.Lemmas.fst Hacl.Impl.SHA2_512.fst Hacl.Impl.SHA2_384.Lemmas.fst Hacl.Impl.SHA2_384.fst Hacl.Impl.SHA2_256.Lemmas.fst Hacl.Impl.SHA2_256.fst Hacl.SHA2_256.fst Hacl.SHA2_384.fst Hacl.SHA2_512.fst Hacl.Test.SHA2_256.fst Hacl.Test.SHA2_384.fst Hacl.Test.SHA2_512.fst
Warning 3 is fatal, exiting.
make[1]: *** [Makefile:44: sha2-c/out.krml] Error 255
make: *** [Makefile:9: hash-c] Error 2
