From https://github.com/FStarLang/FStar
5176a7b35..49f24d417  master            -> origin/master
+ 34ebf2136...7d02cf5d6 guido_1470        -> origin/guido_1470  (forced update)
* [new branch]          guido_test5       -> origin/guido_test5
c1c665a9a..10f01b5fb  nik_friends       -> origin/nik_friends
f3457e684..49f24d417  taramana_bufferv3 -> origin/taramana_bufferv3
01babd71f..5364c64ed  zoep_refine       -> origin/zoep_refine
FStar.HyperStack.ST.fst(0,0-0,0): (Warning 241) Stale cache file FStar.HyperStack.ST.fst.checked.lax; will recheck FStar.HyperStack.ST.fst and all subsequent files
FStar.Monotonic.Map.fst(0,0-0,0): (Warning 241) Stale cache file FStar.Monotonic.Map.fst.checked.lax; will recheck FStar.Monotonic.Map.fst and all subsequent files
FStar.Monotonic.DependentMap.fst(0,0-0,0): (Warning 241) Stale cache file FStar.Monotonic.DependentMap.fst.checked.lax; will recheck FStar.Monotonic.DependentMap.fst and all subsequent files
FStar.Monotonic.Seq.fst(0,0-0,0): (Warning 241) Stale cache file FStar.Monotonic.Seq.fst.checked.lax; will recheck FStar.Monotonic.Seq.fst and all subsequent files
FStar.ModifiesGen.fsti(0,0-0,0): (Warning 241) Stale cache file FStar.ModifiesGen.fsti.checked.lax; will recheck FStar.ModifiesGen.fsti and all subsequent files
FStar.ModifiesGen.fsti(785,16-785,33): (Warning 288) FStar.Monotonic.HyperStack.is_eternal_region is deprecated, use FStar.HyperStack.ST.is_eternal_region instead
FStar.Buffer.fst(0,0-0,0): (Warning 241) Stale cache file FStar.Buffer.fst.checked.lax; will recheck FStar.Buffer.fst and all subsequent files
LowStar.Buffer.fsti(0,0-0,0): (Warning 241) Stale cache file LowStar.Buffer.fsti.checked.lax; will recheck LowStar.Buffer.fsti and all subsequent files
LowStar.Buffer.fsti(1105,16-1105,33): (Warning 288) FStar.Monotonic.HyperStack.is_eternal_region is deprecated, use FStar.HyperStack.ST.is_eternal_region instead
FStar.Pointer.Base.fsti(0,0-0,0): (Warning 241) Stale cache file FStar.Pointer.Base.fsti.checked.lax; will recheck FStar.Pointer.Base.fsti and all subsequent files
LowStar.BufferOps.fst(0,0-0,0): (Warning 241) Stale cache file LowStar.BufferOps.fst.checked.lax; will recheck LowStar.BufferOps.fst and all subsequent files
FStar.Modifies.fsti(0,0-0,0): (Warning 241) Stale cache file FStar.Modifies.fsti.checked.lax; will recheck FStar.Modifies.fsti and all subsequent files
FStar.Buffer.Quantifiers.fst(0,0-0,0): (Warning 241) Stale cache file FStar.Buffer.Quantifiers.fst.checked.lax; will recheck FStar.Buffer.Quantifiers.fst and all subsequent files
LowStar.BufferCompat.fst(0,0-0,0): (Warning 241) Stale cache file LowStar.BufferCompat.fst.checked.lax; will recheck LowStar.BufferCompat.fst and all subsequent files
LowStar.Modifies.fst(0,0-0,0): (Warning 241) Stale cache file LowStar.Modifies.fst.checked.lax; will recheck LowStar.Modifies.fst and all subsequent files
FStar.Pointer.Derived1.fsti(0,0-0,0): (Warning 241) Stale cache file FStar.Pointer.Derived1.fsti.checked.lax; will recheck FStar.Pointer.Derived1.fsti and all subsequent files
LowStar.ModifiesPat.fst(0,0-0,0): (Warning 241) Stale cache file LowStar.ModifiesPat.fst.checked.lax; will recheck LowStar.ModifiesPat.fst and all subsequent files
LowStar.ToFStarBuffer.fst(0,0-0,0): (Warning 241) Stale cache file LowStar.ToFStarBuffer.fst.checked.lax; will recheck LowStar.ToFStarBuffer.fst and all subsequent files
FStar.Pointer.Derived3.fsti(0,0-0,0): (Warning 241) Stale cache file FStar.Pointer.Derived3.fsti.checked.lax; will recheck FStar.Pointer.Derived3.fsti and all subsequent files
FStar.Pointer.Derived2.fsti(0,0-0,0): (Warning 241) Stale cache file FStar.Pointer.Derived2.fsti.checked.lax; will recheck FStar.Pointer.Derived2.fsti and all subsequent files
FStar.Pointer.fst(0,0-0,0): (Warning 241) Stale cache file FStar.Pointer.fst.checked.lax; will recheck FStar.Pointer.fst and all subsequent files
FStar.Modifies.fst(0,0-0,0): (Warning 241) Stale cache file FStar.Modifies.fst.checked.lax; will recheck FStar.Modifies.fst and all subsequent files
FStar.ModifiesGen.fst(0,0-0,0): (Warning 241) Stale cache file FStar.ModifiesGen.fst.checked.lax; will recheck FStar.ModifiesGen.fst and all subsequent files
FStar.ModifiesGen.fsti(785,16-785,33): (Warning 288) FStar.Monotonic.HyperStack.is_eternal_region is deprecated, use FStar.HyperStack.ST.is_eternal_region instead
FStar.Pointer.Base.fst(0,0-0,0): (Warning 241) Stale cache file FStar.Pointer.Base.fst.checked.lax; will recheck FStar.Pointer.Base.fst and all subsequent files
LowStar.Buffer.fst(0,0-0,0): (Warning 241) Stale cache file LowStar.Buffer.fst.checked.lax; will recheck LowStar.Buffer.fst and all subsequent files
LowStar.Buffer.fsti(1105,16-1105,33): (Warning 288) FStar.Monotonic.HyperStack.is_eternal_region is deprecated, use FStar.HyperStack.ST.is_eternal_region instead
make[1]: *** [Makefile:99: _fstartaclib] Error 10
make: *** [Makefile:3: all] Error 2
FStar.FunctionalExtensionality.fst(0,0-0,0): (Warning 241) Stale cache file FStar.FunctionalExtensionality.fst.checked; will recheck FStar.FunctionalExtensionality.fst and all subsequent files
FStar.Preorder.fst(0,0-0,0): (Warning 241) Stale cache file FStar.Preorder.fst.checked; will recheck FStar.Preorder.fst and all subsequent files
FStar.Squash.fsti(0,0-0,0): (Warning 241) Stale cache file FStar.Squash.fsti.checked; will recheck FStar.Squash.fsti and all subsequent files
FStar.StrongExcludedMiddle.fst(0,0-0,0): (Warning 241) Stale cache file FStar.StrongExcludedMiddle.fst.checked; will recheck FStar.StrongExcludedMiddle.fst and all subsequent files
FStar.Classical.fsti(0,0-0,0): (Warning 241) Stale cache file FStar.Classical.fsti.checked; will recheck FStar.Classical.fsti and all subsequent files
FStar.PropositionalExtensionality.fst(0,0-0,0): (Warning 241) Stale cache file FStar.PropositionalExtensionality.fst.checked; will recheck FStar.PropositionalExtensionality.fst and all subsequent files
FStar.Reflection.Types.fsti(0,0-0,0): (Warning 241) Stale cache file FStar.Reflection.Types.fsti.checked; will recheck FStar.Reflection.Types.fsti and all subsequent files
FStar.Exn.fst(0,0-0,0): (Warning 241) Stale cache file FStar.Exn.fst.checked; will recheck FStar.Exn.fst and all subsequent files
FStar.Mul.fst(0,0-0,0): (Warning 241) Stale cache file FStar.Mul.fst.checked; will recheck FStar.Mul.fst and all subsequent files
FStar.Reflection.Const.fst(0,0-0,0): (Warning 241) Stale cache file FStar.Reflection.Const.fst.checked; will recheck FStar.Reflection.Const.fst and all subsequent files
FStar.Range.fsti(0,0-0,0): (Warning 241) Stale cache file FStar.Range.fsti.checked; will recheck FStar.Range.fsti and all subsequent files
FStar.Float.fsti(0,0-0,0): (Warning 241) Stale cache file FStar.Float.fsti.checked; will recheck FStar.Float.fsti and all subsequent files
FStar.Order.fst(0,0-0,0): (Warning 241) Stale cache file FStar.Order.fst.checked; will recheck FStar.Order.fst and all subsequent files
FStar.Ghost.fsti(0,0-0,0): (Warning 241) Stale cache file FStar.Ghost.fsti.checked; will recheck FStar.Ghost.fsti and all subsequent files
FStar.SquashEffect.fst(0,0-0,0): (Warning 241) Stale cache file FStar.SquashEffect.fst.checked; will recheck FStar.SquashEffect.fst and all subsequent files
FStar.IndefiniteDescription.fst(0,0-0,0): (Warning 241) Stale cache file FStar.IndefiniteDescription.fst.checked; will recheck FStar.IndefiniteDescription.fst and all subsequent files
FStar.MarkovsPrinciple.fst(0,0-0,0): (Warning 241) Stale cache file FStar.MarkovsPrinciple.fst.checked; will recheck FStar.MarkovsPrinciple.fst and all subsequent files
FStar.Universe.fst(0,0-0,0): (Warning 241) Stale cache file FStar.Universe.fst.checked; will recheck FStar.Universe.fst and all subsequent files
make[1]: *** No rule to make target 'LowStar.Modifies.fsti', needed by 'LowStar.Modifies.fsti.checked'.  Stop.
make[1]: *** Waiting for unfinished jobs....
FStar.Constructive.fst(0,0-0,0): (Warning 241) Stale cache file FStar.Constructive.fst.checked; will recheck FStar.Constructive.fst and all subsequent files
FStar.Squash.fst(0,0-0,0): (Warning 241) Stale cache file FStar.Squash.fst.checked; will recheck FStar.Squash.fst and all subsequent files
FStar.Date.fsti(0,0-0,0): (Warning 241) Stale cache file FStar.Date.fsti.checked; will recheck FStar.Date.fsti and all subsequent files
FStar.Universe.fsti(0,0-0,0): (Warning 241) Stale cache file FStar.Universe.fsti.checked; will recheck FStar.Universe.fsti and all subsequent files
FStar.DependentMap.fst(0,0-0,0): (Warning 241) Stale cache file FStar.DependentMap.fst.checked; will recheck FStar.DependentMap.fst and all subsequent files
FStar.WellFounded.fst(0,0-0,0): (Warning 241) Stale cache file FStar.WellFounded.fst.checked; will recheck FStar.WellFounded.fst and all subsequent files
FStar.Algebra.CommMonoid.fst(0,0-0,0): (Warning 241) Stale cache file FStar.Algebra.CommMonoid.fst.checked; will recheck FStar.Algebra.CommMonoid.fst and all subsequent files
FStar.Monotonic.Witnessed.fst(0,0-0,0): (Warning 241) Stale cache file FStar.Monotonic.Witnessed.fst.checked; will recheck FStar.Monotonic.Witnessed.fst and all subsequent files
FStar.Classical.fst(0,0-0,0): (Warning 241) Stale cache file FStar.Classical.fst.checked; will recheck FStar.Classical.fst and all subsequent files
FStar.Algebra.Monoid.fst(0,0-0,0): (Warning 241) Stale cache file FStar.Algebra.Monoid.fst.checked; will recheck FStar.Algebra.Monoid.fst and all subsequent files
make: *** [Makefile:12: all] Error 2
