From https://github.com/FStarLang/FStar
2441c5c22..5176a7b35  master            -> origin/master
76ae0a2b2..826ea499a  aseem_misc        -> origin/aseem_misc
* [new branch]          guido_sl          -> origin/guido_sl
3d35946c9..353ed6ef0  guido_tactics     -> origin/guido_tactics
* [new branch]          guido_test_2phase -> origin/guido_test_2phase
b4e01bd4e..39e9f65e0  joonwonc_lowlevel -> origin/joonwonc_lowlevel
d5bec8c98..c1c665a9a  nik_friends       -> origin/nik_friends
8e12654d0..5176a7b35  nik_pat           -> origin/nik_pat
003a625bd..f3457e684  taramana_bufferv3 -> origin/taramana_bufferv3
Warning: you are using the standard library and/or the %inline keyword. We
recommend switching on --infer in order to avoid obscure type error messages.
FStar.IO.fst(0,0-0,0): (Warning 241) Stale cache file FStar.IO.fst.checked.lax; will recheck FStar.IO.fst and all subsequent files
FStar.Error.fst(0,0-0,0): (Warning 241) Stale cache file FStar.Error.fst.checked.lax; will recheck FStar.Error.fst and all subsequent files
LowStar.Buffer.fsti(0,0-0,0): (Warning 241) Stale cache file LowStar.Buffer.fsti.checked.lax; will recheck LowStar.Buffer.fsti and all subsequent files
LowStar.Modifies.fst(0,0-0,0): (Warning 241) Stale cache file LowStar.Modifies.fst.checked.lax; will recheck LowStar.Modifies.fst and all subsequent files
LowStar.BufferCompat.fst(0,0-0,0): (Warning 241) Stale cache file LowStar.BufferCompat.fst.checked.lax; will recheck LowStar.BufferCompat.fst and all subsequent files
LowStar.BufferOps.fst(0,0-0,0): (Warning 241) Stale cache file LowStar.BufferOps.fst.checked.lax; will recheck LowStar.BufferOps.fst and all subsequent files
LowStar.ModifiesPat.fst(0,0-0,0): (Warning 241) Stale cache file LowStar.ModifiesPat.fst.checked.lax; will recheck LowStar.ModifiesPat.fst and all subsequent files
LowStar.ToFStarBuffer.fst(0,0-0,0): (Warning 241) Stale cache file LowStar.ToFStarBuffer.fst.checked.lax; will recheck LowStar.ToFStarBuffer.fst and all subsequent files
FStar.Pointer.Base.fst(0,0-0,0): (Warning 241) Stale cache file FStar.Pointer.Base.fst.checked.lax; will recheck FStar.Pointer.Base.fst and all subsequent files
LowStar.Buffer.fst(0,0-0,0): (Warning 241) Stale cache file LowStar.Buffer.fst.checked.lax; will recheck LowStar.Buffer.fst and all subsequent files
FStar.Reflection.Data.fst(0,0-0,0): (Warning 241) Stale cache file FStar.Reflection.Data.fst.checked.lax; will recheck FStar.Reflection.Data.fst and all subsequent files
FStar.Reflection.Basic.fst(0,0-0,0): (Warning 241) Stale cache file FStar.Reflection.Basic.fst.checked.lax; will recheck FStar.Reflection.Basic.fst and all subsequent files
FStar.Tactics.Builtins.fst(0,0-0,0): (Warning 241) Stale cache file FStar.Tactics.Builtins.fst.checked.lax; will recheck FStar.Tactics.Builtins.fst and all subsequent files
FStar.Reflection.Derived.fst(0,0-0,0): (Warning 241) Stale cache file FStar.Reflection.Derived.fst.checked.lax; will recheck FStar.Reflection.Derived.fst and all subsequent files
FStar.Reflection.Derived.Lemmas.fst(0,0-0,0): (Warning 241) Stale cache file FStar.Reflection.Derived.Lemmas.fst.checked.lax; will recheck FStar.Reflection.Derived.Lemmas.fst and all subsequent files
FStar.Reflection.Formula.fst(0,0-0,0): (Warning 241) Stale cache file FStar.Reflection.Formula.fst.checked.lax; will recheck FStar.Reflection.Formula.fst and all subsequent files
FStar.Reflection.fst(0,0-0,0): (Warning 241) Stale cache file FStar.Reflection.fst.checked.lax; will recheck FStar.Reflection.fst and all subsequent files
FStar.Tactics.Derived.fst(0,0-0,0): (Warning 241) Stale cache file FStar.Tactics.Derived.fst.checked.lax; will recheck FStar.Tactics.Derived.fst and all subsequent files
FStar.Tactics.Logic.fst(0,0-0,0): (Warning 241) Stale cache file FStar.Tactics.Logic.fst.checked.lax; will recheck FStar.Tactics.Logic.fst and all subsequent files
FStar.Tactics.fst(0,0-0,0): (Warning 241) Stale cache file FStar.Tactics.fst.checked.lax; will recheck FStar.Tactics.fst and all subsequent files
FStar.Tactics.Typeclasses.fst(0,0-0,0): (Warning 241) Stale cache file FStar.Tactics.Typeclasses.fst.checked.lax; will recheck FStar.Tactics.Typeclasses.fst and all subsequent files
FStar.Tactics.Simplifier.fst(0,0-0,0): (Warning 241) Stale cache file FStar.Tactics.Simplifier.fst.checked.lax; will recheck FStar.Tactics.Simplifier.fst and all subsequent files
FStar.Reflection.Arith.fst(0,0-0,0): (Warning 241) Stale cache file FStar.Reflection.Arith.fst.checked.lax; will recheck FStar.Reflection.Arith.fst and all subsequent files
FStar.Tactics.PatternMatching.fst(0,0-0,0): (Warning 241) Stale cache file FStar.Tactics.PatternMatching.fst.checked.lax; will recheck FStar.Tactics.PatternMatching.fst and all subsequent files
FStar.Tactics.BV.fst(0,0-0,0): (Warning 241) Stale cache file FStar.Tactics.BV.fst.checked.lax; will recheck FStar.Tactics.BV.fst and all subsequent files
FStar.Tactics.Arith.fst(0,0-0,0): (Warning 241) Stale cache file FStar.Tactics.Arith.fst.checked.lax; will recheck FStar.Tactics.Arith.fst and all subsequent files
FStar.Tactics.Canon.fst(0,0-0,0): (Warning 241) Stale cache file FStar.Tactics.Canon.fst.checked.lax; will recheck FStar.Tactics.Canon.fst and all subsequent files
make[1]: *** [Makefile:99: _fstartaclib] Error 10
make: *** [Makefile:3: all] Error 2
make[1]: *** No rule to make target 'LowStar.Modifies.fsti', needed by 'LowStar.Modifies.fsti.checked'.  Stop.
make[1]: *** Waiting for unfinished jobs....
FStar.Pervasives.fst(0,0-0,0): (Warning 241) Stale cache file FStar.Pervasives.fst.checked; will recheck FStar.Pervasives.fst and all subsequent files
make: *** [Makefile:12: all] Error 2
