From https://github.com/FStarLang/FStar
* [new branch]          c_Delta-equational -> origin/c_Delta-equational
ffi.c:1:0: warning: -fPIC ignored for target (all code is position independent)
#include <stdio.h>
^
ffi.c: In function ‘FFI_mitls_quic_process_caml’:
ffi.c:984:13: warning: unused variable ‘errorcode’ [-Wunused-variable]
int errorcode = Int_val(Field(result, 1));
^
ffi.c:1:0: warning: -fPIC ignored for target (all code is position independent)
#include <stdio.h>
^
ffi.c: In function ‘FFI_mitls_quic_process_caml’:
ffi.c:984:13: warning: unused variable ‘errorcode’ [-Wunused-variable]
int errorcode = Int_val(Field(result, 1));
^
C:/build/agent2/_work/5/s/fstar/ulib/prims.fst(0,0-0,0): (Warning 241) Absent cache file cache\OCaml\prims.fst.checked; will recheck C:/build/agent2/_work/5/s/fstar/ulib/prims.fst and all subsequent files
Unable to open hints file: hints/prims.fst.hints; ran without hints
C:/build/agent2/_work/5/s/fstar/ulib/prims.fst(0,0-0,0): (Warning 241) Absent cache file cache\Kremlin\prims.fst.checked; will recheck C:/build/agent2/_work/5/s/fstar/ulib/prims.fst and all subsequent files
Unable to open hints file: hints/prims.fst.hints; ran without hints
C:/build/agent2/_work/5/s/fstar/ulib/FStar.Pervasives.Native.fst(0,0-0,0): (Warning 241) Absent cache file cache\OCaml\FStar.Pervasives.Native.fst.checked; will recheck C:/build/agent2/_work/5/s/fstar/ulib/FStar.Pervasives.Native.fst and all subsequent files
C:/build/agent2/_work/5/s/fstar/ulib/FStar.Pervasives.fst(0,0-0,0): (Warning 241) Absent cache file cache\OCaml\FStar.Pervasives.fst.checked; will recheck C:/build/agent2/_work/5/s/fstar/ulib/FStar.Pervasives.fst and all subsequent files
C:/build/agent2/_work/5/s/fstar/ulib/FStar.Pervasives.Native.fst(0,0-0,0): (Warning 241) Absent cache file cache\Kremlin\FStar.Pervasives.Native.fst.checked; will recheck C:/build/agent2/_work/5/s/fstar/ulib/FStar.Pervasives.Native.fst and all subsequent files
C:/build/agent2/_work/5/s/fstar/ulib/FStar.Squash.fsti(0,0-0,0): (Warning 241) Absent cache file cache\OCaml\FStar.Squash.fsti.checked; will recheck C:/build/agent2/_work/5/s/fstar/ulib/FStar.Squash.fsti and all subsequent files
C:/build/agent2/_work/5/s/fstar/ulib/FStar.Mul.fst(0,0-0,0): (Warning 241) Absent cache file cache\OCaml\FStar.Mul.fst.checked; will recheck C:/build/agent2/_work/5/s/fstar/ulib/FStar.Mul.fst and all subsequent files
C:/build/agent2/_work/5/s/fstar/ulib/FStar.StrongExcludedMiddle.fst(0,0-0,0): (Warning 241) Absent cache file cache\OCaml\FStar.StrongExcludedMiddle.fst.checked; will recheck C:/build/agent2/_work/5/s/fstar/ulib/FStar.StrongExcludedMiddle.fst and all subsequent files
C:/build/agent2/_work/5/s/fstar/ulib/FStar.Exn.fst(0,0-0,0): (Warning 241) Absent cache file cache\OCaml\FStar.Exn.fst.checked; will recheck C:/build/agent2/_work/5/s/fstar/ulib/FStar.Exn.fst and all subsequent files
C:/build/agent2/_work/5/s/fstar/ulib/FStar.FunctionalExtensionality.fst(0,0-0,0): (Warning 241) Absent cache file cache\OCaml\FStar.FunctionalExtensionality.fst.checked; will recheck C:/build/agent2/_work/5/s/fstar/ulib/FStar.FunctionalExtensionality.fst and all subsequent files
C:/build/agent2/_work/5/s/fstar/ulib/FStar.Preorder.fst(0,0-0,0): (Warning 241) Absent cache file cache\OCaml\FStar.Preorder.fst.checked; will recheck C:/build/agent2/_work/5/s/fstar/ulib/FStar.Preorder.fst and all subsequent files
C:/build/agent2/_work/5/s/src/tls/concrete-flags/Flags.fst(0,0-0,0): (Warning 241) Absent cache file cache\OCaml\Flags.fst.checked; will recheck C:/build/agent2/_work/5/s/src/tls/concrete-flags/Flags.fst and all subsequent files
Unable to open hints file: hints/Flags.fst.hints; ran without hints
C:/build/agent2/_work/5/s/fstar/ulib/FStar.Float.fsti(0,0-0,0): (Warning 241) Absent cache file cache\OCaml\FStar.Float.fsti.checked; will recheck C:/build/agent2/_work/5/s/fstar/ulib/FStar.Float.fsti and all subsequent files
C:/build/agent2/_work/5/s/fstar/ulib/FStar.Date.fsti(0,0-0,0): (Warning 241) Absent cache file cache\OCaml\FStar.Date.fsti.checked; will recheck C:/build/agent2/_work/5/s/fstar/ulib/FStar.Date.fsti and all subsequent files
Unable to open hints file: C:\build\agent2\_work\5\s\fstar\ulib\FStar.Date.fsti.hints; ran without hints
C:/build/agent2/_work/5/s/fstar/ulib/FStar.PropositionalExtensionality.fst(0,0-0,0): (Warning 241) Absent cache file cache\OCaml\FStar.PropositionalExtensionality.fst.checked; will recheck C:/build/agent2/_work/5/s/fstar/ulib/FStar.PropositionalExtensionality.fst and all subsequent files
C:/build/agent2/_work/5/s/fstar/ulib/FStar.Ghost.fsti(0,0-0,0): (Warning 241) Absent cache file cache\OCaml\FStar.Ghost.fsti.checked; will recheck C:/build/agent2/_work/5/s/fstar/ulib/FStar.Ghost.fsti and all subsequent files
C:/build/agent2/_work/5/s/fstar/contrib/CoreCrypto/fst/CryptoTypes.fst(0,0-0,0): (Warning 241) Absent cache file cache\OCaml\CryptoTypes.fst.checked; will recheck C:/build/agent2/_work/5/s/fstar/contrib/CoreCrypto/fst/CryptoTypes.fst and all subsequent files
Unable to open hints file: hints/CryptoTypes.fst.hints; ran without hints
C:/build/agent2/_work/5/s/src/tls/concrete-flags/Debug/DebugFlags.fst(0,0-0,0): (Warning 241) Absent cache file cache\OCaml\DebugFlags.fst.checked; will recheck C:/build/agent2/_work/5/s/src/tls/concrete-flags/Debug/DebugFlags.fst and all subsequent files
Unable to open hints file: hints/DebugFlags.fst.hints; ran without hints
C:/build/agent2/_work/5/s/src/tls/concrete-flags/OCaml/Specializations.Providers.AEAD.fst(0,0-0,0): (Warning 241) Absent cache file cache\OCaml\Specializations.Providers.AEAD.fst.checked; will recheck C:/build/agent2/_work/5/s/src/tls/concrete-flags/OCaml/Specializations.Providers.AEAD.fst and all subsequent files
Unable to open hints file: hints/Specializations.Providers.AEAD.fst.hints; ran without hints
C:/build/agent2/_work/5/s/fstar/ulib/FStar.DependentMap.fst(0,0-0,0): (Warning 241) Absent cache file cache\OCaml\FStar.DependentMap.fst.checked; will recheck C:/build/agent2/_work/5/s/fstar/ulib/FStar.DependentMap.fst and all subsequent files
C:/build/agent2/_work/5/s/fstar/ulib/FStar.Monotonic.Witnessed.fsti(0,0-0,0): (Warning 241) Absent cache file cache\OCaml\FStar.Monotonic.Witnessed.fsti.checked; will recheck C:/build/agent2/_work/5/s/fstar/ulib/FStar.Monotonic.Witnessed.fsti and all subsequent files
C:/build/agent2/_work/5/s/fstar/ulib/FStar.PredicateExtensionality.fst(0,0-0,0): (Warning 241) Absent cache file cache\OCaml\FStar.PredicateExtensionality.fst.checked; will recheck C:/build/agent2/_work/5/s/fstar/ulib/FStar.PredicateExtensionality.fst and all subsequent files
C:/build/agent2/_work/5/s/fstar/ulib/FStar.Pervasives.fst(0,0-0,0): (Warning 241) Absent cache file cache\Kremlin\FStar.Pervasives.fst.checked; will recheck C:/build/agent2/_work/5/s/fstar/ulib/FStar.Pervasives.fst and all subsequent files
C:/build/agent2/_work/5/s/fstar/ulib/FStar.Int.fst(0,0-0,0): (Warning 241) Absent cache file cache\OCaml\FStar.Int.fst.checked; will recheck C:/build/agent2/_work/5/s/fstar/ulib/FStar.Int.fst and all subsequent files
C:/build/agent2/_work/5/s/fstar/ulib/FStar.Math.Lib.fst(0,0-0,0): (Warning 241) Absent cache file cache\OCaml\FStar.Math.Lib.fst.checked; will recheck C:/build/agent2/_work/5/s/fstar/ulib/FStar.Math.Lib.fst and all subsequent files
C:/build/agent2/_work/5/s/fstar/ulib/FStar.Classical.fst(0,0-0,0): (Warning 241) Absent cache file cache\OCaml\FStar.Classical.fst.checked; will recheck C:/build/agent2/_work/5/s/fstar/ulib/FStar.Classical.fst and all subsequent files
C:/build/agent2/_work/5/s/fstar/ulib/FStar.Mul.fst(0,0-0,0): (Warning 241) Absent cache file cache\Kremlin\FStar.Mul.fst.checked; will recheck C:/build/agent2/_work/5/s/fstar/ulib/FStar.Mul.fst and all subsequent files
C:/build/agent2/_work/5/s/fstar/ulib/FStar.StrongExcludedMiddle.fst(0,0-0,0): (Warning 241) Absent cache file cache\Kremlin\FStar.StrongExcludedMiddle.fst.checked; will recheck C:/build/agent2/_work/5/s/fstar/ulib/FStar.StrongExcludedMiddle.fst and all subsequent files
C:/build/agent2/_work/5/s/fstar/ulib/FStar.Squash.fsti(0,0-0,0): (Warning 241) Absent cache file cache\Kremlin\FStar.Squash.fsti.checked; will recheck C:/build/agent2/_work/5/s/fstar/ulib/FStar.Squash.fsti and all subsequent files
C:/build/agent2/_work/5/s/fstar/ulib/FStar.Exn.fst(0,0-0,0): (Warning 241) Absent cache file cache\Kremlin\FStar.Exn.fst.checked; will recheck C:/build/agent2/_work/5/s/fstar/ulib/FStar.Exn.fst and all subsequent files
C:/build/agent2/_work/5/s/fstar/ulib/FStar.FunctionalExtensionality.fst(0,0-0,0): (Warning 241) Absent cache file cache\Kremlin\FStar.FunctionalExtensionality.fst.checked; will recheck C:/build/agent2/_work/5/s/fstar/ulib/FStar.FunctionalExtensionality.fst and all subsequent files
C:/build/agent2/_work/5/s/fstar/ulib/FStar.Preorder.fst(0,0-0,0): (Warning 241) Absent cache file cache\Kremlin\FStar.Preorder.fst.checked; will recheck C:/build/agent2/_work/5/s/fstar/ulib/FStar.Preorder.fst and all subsequent files
C:/build/agent2/_work/5/s/fstar/contrib/CoreCrypto/fst/CryptoTypes.fst(0,0-0,0): (Warning 241) Absent cache file cache\Kremlin\CryptoTypes.fst.checked; will recheck C:/build/agent2/_work/5/s/fstar/contrib/CoreCrypto/fst/CryptoTypes.fst and all subsequent files
Unable to open hints file: hints/CryptoTypes.fst.hints; ran without hints
C:/build/agent2/_work/5/s/fstar/ulib/FStar.Date.fsti(0,0-0,0): (Warning 241) Absent cache file cache\Kremlin\FStar.Date.fsti.checked; will recheck C:/build/agent2/_work/5/s/fstar/ulib/FStar.Date.fsti and all subsequent files
Unable to open hints file: C:\build\agent2\_work\5\s\fstar\ulib\FStar.Date.fsti.hints; ran without hints
C:/build/agent2/_work/5/s/fstar/ulib/FStar.PropositionalExtensionality.fst(0,0-0,0): (Warning 241) Absent cache file cache\Kremlin\FStar.PropositionalExtensionality.fst.checked; will recheck C:/build/agent2/_work/5/s/fstar/ulib/FStar.PropositionalExtensionality.fst and all subsequent files
C:/build/agent2/_work/5/s/src/tls/concrete-flags/Flags.fst(0,0-0,0): (Warning 241) Absent cache file cache\Kremlin\Flags.fst.checked; will recheck C:/build/agent2/_work/5/s/src/tls/concrete-flags/Flags.fst and all subsequent files
Unable to open hints file: hints/Flags.fst.hints; ran without hints
C:/build/agent2/_work/5/s/fstar/ulib/FStar.Ghost.fsti(0,0-0,0): (Warning 241) Absent cache file cache\Kremlin\FStar.Ghost.fsti.checked; will recheck C:/build/agent2/_work/5/s/fstar/ulib/FStar.Ghost.fsti and all subsequent files
C:/build/agent2/_work/5/s/fstar/ulib/FStar.Float.fsti(0,0-0,0): (Warning 241) Absent cache file cache\Kremlin\FStar.Float.fsti.checked; will recheck C:/build/agent2/_work/5/s/fstar/ulib/FStar.Float.fsti and all subsequent files
C:/build/agent2/_work/5/s/src/tls/concrete-flags/Debug/DebugFlags.fst(0,0-0,0): (Warning 241) Absent cache file cache\Kremlin\DebugFlags.fst.checked; will recheck C:/build/agent2/_work/5/s/src/tls/concrete-flags/Debug/DebugFlags.fst and all subsequent files
Unable to open hints file: hints/DebugFlags.fst.hints; ran without hints
C:/build/agent2/_work/5/s/src/tls/concrete-flags/Kremlin/Specializations.Providers.AEAD.fst(0,0-0,0): (Warning 241) Absent cache file cache\Kremlin\Specializations.Providers.AEAD.fst.checked; will recheck C:/build/agent2/_work/5/s/src/tls/concrete-flags/Kremlin/Specializations.Providers.AEAD.fst and all subsequent files
Unable to open hints file: hints/Specializations.Providers.AEAD.fst.hints; ran without hints
C:/build/agent2/_work/5/s/fstar/ulib/FStar.Squash.fst(0,0-0,0): (Warning 241) Absent cache file cache\Kremlin\FStar.Squash.fst.checked; will recheck C:/build/agent2/_work/5/s/fstar/ulib/FStar.Squash.fst and all subsequent files
Not extracting FStar.Exn.raise to KreMLin (polymorphic assumes are not supported)
C:/build/agent2/_work/5/s/fstar/ulib/FStar.DependentMap.fst(0,0-0,0): (Warning 241) Absent cache file cache\Kremlin\FStar.DependentMap.fst.checked; will recheck C:/build/agent2/_work/5/s/fstar/ulib/FStar.DependentMap.fst and all subsequent files
C:/build/agent2/_work/5/s/fstar/ulib/FStar.Set.fst(0,0-0,0): (Warning 241) Absent cache file cache\OCaml\FStar.Set.fst.checked; will recheck C:/build/agent2/_work/5/s/fstar/ulib/FStar.Set.fst and all subsequent files
Not extracting type definition FStar.Ghost.erased to KreMLin (assumed type)
C:/build/agent2/_work/5/s/fstar/ulib/FStar.ErasedLogic.fst(0,0-0,0): (Warning 241) Absent cache file cache\Kremlin\FStar.ErasedLogic.fst.checked; will recheck C:/build/agent2/_work/5/s/fstar/ulib/FStar.ErasedLogic.fst and all subsequent files
C:/build/agent2/_work/5/s/fstar/ulib/FStar.Int.fst(0,0-0,0): (Warning 241) Absent cache file cache\Kremlin\FStar.Int.fst.checked; will recheck C:/build/agent2/_work/5/s/fstar/ulib/FStar.Int.fst and all subsequent files
C:/build/agent2/_work/5/s/fstar/ulib/FStar.PredicateExtensionality.fst(0,0-0,0): (Warning 241) Absent cache file cache\Kremlin\FStar.PredicateExtensionality.fst.checked; will recheck C:/build/agent2/_work/5/s/fstar/ulib/FStar.PredicateExtensionality.fst and all subsequent files
C:/build/agent2/_work/5/s/fstar/ulib/FStar.Monotonic.Witnessed.fsti(0,0-0,0): (Warning 241) Absent cache file cache\Kremlin\FStar.Monotonic.Witnessed.fsti.checked; will recheck C:/build/agent2/_work/5/s/fstar/ulib/FStar.Monotonic.Witnessed.fsti and all subsequent files
Not extracting type definition FStar.Date.dateTime to KreMLin (assumed type)
Not extracting type definition FStar.Date.timeSpan to KreMLin (assumed type)
C:/build/agent2/_work/5/s/fstar/ulib/FStar.Math.Lib.fst(0,0-0,0): (Warning 241) Absent cache file cache\Kremlin\FStar.Math.Lib.fst.checked; will recheck C:/build/agent2/_work/5/s/fstar/ulib/FStar.Math.Lib.fst and all subsequent files
C:/build/agent2/_work/5/s/fstar/ulib/FStar.Classical.fst(0,0-0,0): (Warning 241) Absent cache file cache\Kremlin\FStar.Classical.fst.checked; will recheck C:/build/agent2/_work/5/s/fstar/ulib/FStar.Classical.fst and all subsequent files
Not extracting type definition FStar.Float.float to KreMLin (assumed type)
C:/build/agent2/_work/5/s/fstar/ulib/FStar.TSet.fst(0,0-0,0): (Warning 241) Absent cache file cache\OCaml\FStar.TSet.fst.checked; will recheck C:/build/agent2/_work/5/s/fstar/ulib/FStar.TSet.fst and all subsequent files
C:/build/agent2/_work/5/s/fstar/ulib/FStar.List.Tot.Base.fst(0,0-0,0): (Warning 241) Absent cache file cache\OCaml\FStar.List.Tot.Base.fst.checked; will recheck C:/build/agent2/_work/5/s/fstar/ulib/FStar.List.Tot.Base.fst and all subsequent files
C:/build/agent2/_work/5/s/fstar/ulib/FStar.Set.fst(0,0-0,0): (Warning 241) Absent cache file cache\Kremlin\FStar.Set.fst.checked; will recheck C:/build/agent2/_work/5/s/fstar/ulib/FStar.Set.fst and all subsequent files
C:/build/agent2/_work/5/s/fstar/ulib/FStar.Map.fst(0,0-0,0): (Warning 241) Absent cache file cache\OCaml\FStar.Map.fst.checked; will recheck C:/build/agent2/_work/5/s/fstar/ulib/FStar.Map.fst and all subsequent files
C:/build/agent2/_work/5/s/fstar/ulib/FStar.Monotonic.Witnessed.fst(0,0-0,0): (Warning 241) Absent cache file cache\Kremlin\FStar.Monotonic.Witnessed.fst.checked; will recheck C:/build/agent2/_work/5/s/fstar/ulib/FStar.Monotonic.Witnessed.fst and all subsequent files
Not extracting type definition FStar.Monotonic.Witnessed.get to KreMLin (assumed type)
Not extracting type definition FStar.Monotonic.Witnessed.set to KreMLin (assumed type)
C:/build/agent2/_work/5/s/fstar/ulib/FStar.TSet.fst(0,0-0,0): (Warning 241) Absent cache file cache\Kremlin\FStar.TSet.fst.checked; will recheck C:/build/agent2/_work/5/s/fstar/ulib/FStar.TSet.fst and all subsequent files
C:/build/agent2/_work/5/s/fstar/ulib/FStar.Map.fst(0,0-0,0): (Warning 241) Absent cache file cache\Kremlin\FStar.Map.fst.checked; will recheck C:/build/agent2/_work/5/s/fstar/ulib/FStar.Map.fst and all subsequent files
C:/build/agent2/_work/5/s/fstar/ulib/FStar.Math.Lemmas.fst(0,0-0,0): (Warning 241) Absent cache file cache\OCaml\FStar.Math.Lemmas.fst.checked; will recheck C:/build/agent2/_work/5/s/fstar/ulib/FStar.Math.Lemmas.fst and all subsequent files
C:/build/agent2/_work/5/s/fstar/ulib/FStar.List.Tot.Base.fst(0,0-0,0): (Warning 241) Absent cache file cache\Kremlin\FStar.List.Tot.Base.fst.checked; will recheck C:/build/agent2/_work/5/s/fstar/ulib/FStar.List.Tot.Base.fst and all subsequent files
C:/build/agent2/_work/5/s/fstar/ulib/FStar.Monotonic.Heap.fsti(0,0-0,0): (Warning 241) Absent cache file cache\OCaml\FStar.Monotonic.Heap.fsti.checked; will recheck C:/build/agent2/_work/5/s/fstar/ulib/FStar.Monotonic.Heap.fsti and all subsequent files
C:/build/agent2/_work/5/s/fstar/ulib/FStar.Heap.fst(0,0-0,0): (Warning 241) Absent cache file cache\OCaml\FStar.Heap.fst.checked; will recheck C:/build/agent2/_work/5/s/fstar/ulib/FStar.Heap.fst and all subsequent files
C:/build/agent2/_work/5/s/fstar/ulib/FStar.Math.Lemmas.fst(0,0-0,0): (Warning 241) Absent cache file cache\Kremlin\FStar.Math.Lemmas.fst.checked; will recheck C:/build/agent2/_work/5/s/fstar/ulib/FStar.Math.Lemmas.fst and all subsequent files
C:/build/agent2/_work/5/s/fstar/ulib/FStar.Monotonic.Heap.fsti(0,0-0,0): (Warning 241) Absent cache file cache\Kremlin\FStar.Monotonic.Heap.fsti.checked; will recheck C:/build/agent2/_work/5/s/fstar/ulib/FStar.Monotonic.Heap.fsti and all subsequent files
C:/build/agent2/_work/5/s/fstar/ulib/FStar.Heap.fst(0,0-0,0): (Warning 241) Absent cache file cache\Kremlin\FStar.Heap.fst.checked; will recheck C:/build/agent2/_work/5/s/fstar/ulib/FStar.Heap.fst and all subsequent files
C:/build/agent2/_work/5/s/fstar/ulib/FStar.ST.fst(0,0-0,0): (Warning 241) Absent cache file cache\OCaml\FStar.ST.fst.checked; will recheck C:/build/agent2/_work/5/s/fstar/ulib/FStar.ST.fst and all subsequent files
C:/build/agent2/_work/5/s/fstar/ulib/FStar.Monotonic.Heap.fst(0,0-0,0): (Warning 241) Absent cache file cache\Kremlin\FStar.Monotonic.Heap.fst.checked; will recheck C:/build/agent2/_work/5/s/fstar/ulib/FStar.Monotonic.Heap.fst and all subsequent files
C:/build/agent2/_work/5/s/fstar/ulib/FStar.All.fst(0,0-0,0): (Warning 241) Absent cache file cache\OCaml\FStar.All.fst.checked; will recheck C:/build/agent2/_work/5/s/fstar/ulib/FStar.All.fst and all subsequent files
C:/build/agent2/_work/5/s/fstar/ulib/FStar.List.Tot.Properties.fst(0,0-0,0): (Warning 241) Absent cache file cache\OCaml\FStar.List.Tot.Properties.fst.checked; will recheck C:/build/agent2/_work/5/s/fstar/ulib/FStar.List.Tot.Properties.fst and all subsequent files
C:/build/agent2/_work/5/s/fstar/ulib/FStar.ST.fst(0,0-0,0): (Warning 241) Absent cache file cache\Kremlin\FStar.ST.fst.checked; will recheck C:/build/agent2/_work/5/s/fstar/ulib/FStar.ST.fst and all subsequent files
C:/build/agent2/_work/5/s/fstar/ulib/FStar.List.Tot.fst(0,0-0,0): (Warning 241) Absent cache file cache\OCaml\FStar.List.Tot.fst.checked; will recheck C:/build/agent2/_work/5/s/fstar/ulib/FStar.List.Tot.fst and all subsequent files
C:/build/agent2/_work/5/s/fstar/ulib/FStar.Dyn.fsti(0,0-0,0): (Warning 241) Absent cache file cache\OCaml\FStar.Dyn.fsti.checked; will recheck C:/build/agent2/_work/5/s/fstar/ulib/FStar.Dyn.fsti and all subsequent files
C:/build/agent2/_work/5/s/fstar/ulib/FStar.IO.fst(0,0-0,0): (Warning 241) Absent cache file cache\OCaml\FStar.IO.fst.checked; will recheck C:/build/agent2/_work/5/s/fstar/ulib/FStar.IO.fst and all subsequent files
C:/build/agent2/_work/5/s/fstar/ulib/FStar.Option.fst(0,0-0,0): (Warning 241) Absent cache file cache\OCaml\FStar.Option.fst.checked; will recheck C:/build/agent2/_work/5/s/fstar/ulib/FStar.Option.fst and all subsequent files
Not extracting FStar.ST.gst_witness to KreMLin (polymorphic assumes are not supported)
Not extracting FStar.ST.gst_recall to KreMLin (polymorphic assumes are not supported)
C:/build/agent2/_work/5/s/fstar/ulib/FStar.All.fst(0,0-0,0): (Warning 241) Absent cache file cache\Kremlin\FStar.All.fst.checked; will recheck C:/build/agent2/_work/5/s/fstar/ulib/FStar.All.fst and all subsequent files
C:/build/agent2/_work/5/s/fstar/ulib/FStar.List.Tot.Properties.fst(0,0-0,0): (Warning 241) Absent cache file cache\Kremlin\FStar.List.Tot.Properties.fst.checked; will recheck C:/build/agent2/_work/5/s/fstar/ulib/FStar.List.Tot.Properties.fst and all subsequent files
C:/build/agent2/_work/5/s/fstar/ulib/FStar.Dyn.fsti(0,0-0,0): (Warning 241) Absent cache file cache\Kremlin\FStar.Dyn.fsti.checked; will recheck C:/build/agent2/_work/5/s/fstar/ulib/FStar.Dyn.fsti and all subsequent files
C:/build/agent2/_work/5/s/fstar/ulib/FStar.List.Tot.fst(0,0-0,0): (Warning 241) Absent cache file cache\Kremlin\FStar.List.Tot.fst.checked; will recheck C:/build/agent2/_work/5/s/fstar/ulib/FStar.List.Tot.fst and all subsequent files
C:/build/agent2/_work/5/s/fstar/ulib/FStar.Error.fst(0,0-0,0): (Warning 241) Absent cache file cache\OCaml\FStar.Error.fst.checked; will recheck C:/build/agent2/_work/5/s/fstar/ulib/FStar.Error.fst and all subsequent files
Not extracting FStar.All.pipe_right to KreMLin (polymorphic assumes are not supported)
Not extracting FStar.All.pipe_left to KreMLin (polymorphic assumes are not supported)
Not extracting FStar.All.exit to KreMLin (polymorphic assumes are not supported)
Not extracting FStar.All.try_with to KreMLin (polymorphic assumes are not supported)
Not extracting exception Failure to KreMLin (exceptions unsupported)
Not extracting FStar.All.failwith to KreMLin (polymorphic assumes are not supported)
C:/build/agent2/_work/5/s/fstar/ulib/FStar.IO.fst(0,0-0,0): (Warning 241) Absent cache file cache\Kremlin\FStar.IO.fst.checked; will recheck C:/build/agent2/_work/5/s/fstar/ulib/FStar.IO.fst and all subsequent files
C:/build/agent2/_work/5/s/fstar/ulib/FStar.Option.fst(0,0-0,0): (Warning 241) Absent cache file cache\Kremlin\FStar.Option.fst.checked; will recheck C:/build/agent2/_work/5/s/fstar/ulib/FStar.Option.fst and all subsequent files
C:/build/agent2/_work/5/s/fstar/ulib/FStar.Monotonic.HyperHeap.fst(0,0-0,0): (Warning 241) Absent cache file cache\OCaml\FStar.Monotonic.HyperHeap.fst.checked; will recheck C:/build/agent2/_work/5/s/fstar/ulib/FStar.Monotonic.HyperHeap.fst and all subsequent files
C:/build/agent2/_work/5/s/fstar/ulib/FStar.List.fst(0,0-0,0): (Warning 241) Absent cache file cache\OCaml\FStar.List.fst.checked; will recheck C:/build/agent2/_work/5/s/fstar/ulib/FStar.List.fst and all subsequent files
Not extracting type definition FStar.Dyn.dyn to KreMLin (assumed type)
Not extracting FStar.Dyn.mkdyn to KreMLin (polymorphic assumes are not supported)
Not extracting FStar.Dyn.undyn to KreMLin (polymorphic assumes are not supported)
Not extracting exception EOF to KreMLin (exceptions unsupported)
Not extracting type definition FStar.IO.fd_read to KreMLin (assumed type)
Not extracting type definition FStar.IO.fd_write to KreMLin (assumed type)
Not extracting FStar.IO.print_any to KreMLin (polymorphic assumes are not supported)
C:/build/agent2/_work/5/s/fstar/ulib/FStar.Seq.Base.fst(0,0-0,0): (Warning 241) Absent cache file cache\OCaml\FStar.Seq.Base.fst.checked; will recheck C:/build/agent2/_work/5/s/fstar/ulib/FStar.Seq.Base.fst and all subsequent files
C:/build/agent2/_work/5/s/fstar/ulib/FStar.Error.fst(0,0-0,0): (Warning 241) Absent cache file cache\Kremlin\FStar.Error.fst.checked; will recheck C:/build/agent2/_work/5/s/fstar/ulib/FStar.Error.fst and all subsequent files
C:/build/agent2/_work/5/s/fstar/ulib/FStar.Monotonic.HyperHeap.fst(0,0-0,0): (Warning 241) Absent cache file cache\Kremlin\FStar.Monotonic.HyperHeap.fst.checked; will recheck C:/build/agent2/_work/5/s/fstar/ulib/FStar.Monotonic.HyperHeap.fst and all subsequent files
C:/build/agent2/_work/5/s/fstar/ulib/FStar.List.fst(0,0-0,0): (Warning 241) Absent cache file cache\Kremlin\FStar.List.fst.checked; will recheck C:/build/agent2/_work/5/s/fstar/ulib/FStar.List.fst and all subsequent files
C:/build/agent2/_work/5/s/fstar/ulib/FStar.Seq.Base.fst(0,0-0,0): (Warning 241) Absent cache file cache\Kremlin\FStar.Seq.Base.fst.checked; will recheck C:/build/agent2/_work/5/s/fstar/ulib/FStar.Seq.Base.fst and all subsequent files
C:/build/agent2/_work/5/s/fstar/ulib/FStar.Monotonic.HyperStack.fst(0,0-0,0): (Warning 241) Absent cache file cache\OCaml\FStar.Monotonic.HyperStack.fst.checked; will recheck C:/build/agent2/_work/5/s/fstar/ulib/FStar.Monotonic.HyperStack.fst and all subsequent files
<dummy>(0,0-0,0): (Warning 250) Error while extracting FStar.List.filter_map to KreMLin (Failure("Internal error: name not found filter_map_acc\n"))

<dummy>(0,0-0,0): (Warning 250) Error while extracting FStar.List.index to KreMLin (Failure("Internal error: name not found index1\n"))

C:/build/agent2/_work/5/s/fstar/ulib/FStar.HyperStack.fst(0,0-0,0): (Warning 241) Absent cache file cache\OCaml\FStar.HyperStack.fst.checked; will recheck C:/build/agent2/_work/5/s/fstar/ulib/FStar.HyperStack.fst and all subsequent files
C:/build/agent2/_work/5/s/fstar/ulib/FStar.Monotonic.HyperStack.fst(0,0-0,0): (Warning 241) Absent cache file cache\Kremlin\FStar.Monotonic.HyperStack.fst.checked; will recheck C:/build/agent2/_work/5/s/fstar/ulib/FStar.Monotonic.HyperStack.fst and all subsequent files
C:/build/agent2/_work/5/s/fstar/ulib/FStar.HyperStack.fst(0,0-0,0): (Warning 241) Absent cache file cache\Kremlin\FStar.HyperStack.fst.checked; will recheck C:/build/agent2/_work/5/s/fstar/ulib/FStar.HyperStack.fst and all subsequent files
C:/build/agent2/_work/5/s/fstar/ulib/FStar.HyperStack.ST.fst(0,0-0,0): (Warning 241) Absent cache file cache\OCaml\FStar.HyperStack.ST.fst.checked; will recheck C:/build/agent2/_work/5/s/fstar/ulib/FStar.HyperStack.ST.fst and all subsequent files
C:/build/agent2/_work/5/s/fstar/ulib/FStar.HyperStack.All.fst(0,0-0,0): (Warning 241) Absent cache file cache\OCaml\FStar.HyperStack.All.fst.checked; will recheck C:/build/agent2/_work/5/s/fstar/ulib/FStar.HyperStack.All.fst and all subsequent files
C:/build/agent2/_work/5/s/fstar/ulib/FStar.HyperStack.ST.fst(0,0-0,0): (Warning 241) Absent cache file cache\Kremlin\FStar.HyperStack.ST.fst.checked; will recheck C:/build/agent2/_work/5/s/fstar/ulib/FStar.HyperStack.ST.fst and all subsequent files
C:/build/agent2/_work/5/s/fstar/ulib/FStar.Seq.Properties.fst(0,0-0,0): (Warning 241) Absent cache file cache\OCaml\FStar.Seq.Properties.fst.checked; will recheck C:/build/agent2/_work/5/s/fstar/ulib/FStar.Seq.Properties.fst and all subsequent files
C:/build/agent2/_work/5/s/fstar/ulib/FStar.Monotonic.DependentMap.fsti(0,0-0,0): (Warning 241) Absent cache file cache\OCaml\FStar.Monotonic.DependentMap.fsti.checked; will recheck C:/build/agent2/_work/5/s/fstar/ulib/FStar.Monotonic.DependentMap.fsti and all subsequent files
C:/build/agent2/_work/5/s/fstar/ulib/FStar.HyperStack.IO.fst(0,0-0,0): (Warning 241) Absent cache file cache\OCaml\FStar.HyperStack.IO.fst.checked; will recheck C:/build/agent2/_work/5/s/fstar/ulib/FStar.HyperStack.IO.fst and all subsequent files
C:/build/agent2/_work/5/s/fstar/ulib/FStar.Seq.fst(0,0-0,0): (Warning 241) Absent cache file cache\OCaml\FStar.Seq.fst.checked; will recheck C:/build/agent2/_work/5/s/fstar/ulib/FStar.Seq.fst and all subsequent files
C:/build/agent2/_work/5/s/fstar/ulib/FStar.HyperStack.All.fst(0,0-0,0): (Warning 241) Absent cache file cache\Kremlin\FStar.HyperStack.All.fst.checked; will recheck C:/build/agent2/_work/5/s/fstar/ulib/FStar.HyperStack.All.fst and all subsequent files
Not extracting FStar.HyperStack.ST.gst_witness to KreMLin (polymorphic assumes are not supported)
Not extracting FStar.HyperStack.ST.gst_recall to KreMLin (polymorphic assumes are not supported)
C:/build/agent2/_work/5/s/fstar/ulib/FStar.Seq.Properties.fst(0,0-0,0): (Warning 241) Absent cache file cache\Kremlin\FStar.Seq.Properties.fst.checked; will recheck C:/build/agent2/_work/5/s/fstar/ulib/FStar.Seq.Properties.fst and all subsequent files
C:/build/agent2/_work/5/s/fstar/ulib/FStar.Monotonic.DependentMap.fsti(0,0-0,0): (Warning 241) Absent cache file cache\Kremlin\FStar.Monotonic.DependentMap.fsti.checked; will recheck C:/build/agent2/_work/5/s/fstar/ulib/FStar.Monotonic.DependentMap.fsti and all subsequent files
C:/build/agent2/_work/5/s/fstar/ulib/FStar.Seq.fst(0,0-0,0): (Warning 241) Absent cache file cache\Kremlin\FStar.Seq.fst.checked; will recheck C:/build/agent2/_work/5/s/fstar/ulib/FStar.Seq.fst and all subsequent files
C:/build/agent2/_work/5/s/fstar/ulib/FStar.Monotonic.DependentMap.fst(0,0-0,0): (Warning 241) Absent cache file cache\Kremlin\FStar.Monotonic.DependentMap.fst.checked; will recheck C:/build/agent2/_work/5/s/fstar/ulib/FStar.Monotonic.DependentMap.fst and all subsequent files
C:/build/agent2/_work/5/s/fstar/ulib/FStar.HyperStack.IO.fst(0,0-0,0): (Warning 241) Absent cache file cache\Kremlin\FStar.HyperStack.IO.fst.checked; will recheck C:/build/agent2/_work/5/s/fstar/ulib/FStar.HyperStack.IO.fst and all subsequent files
C:/build/agent2/_work/5/s/kremlin/kremlib/Spec.Loops.fst(0,0-0,0): (Warning 241) Absent cache file cache\OCaml\Spec.Loops.fst.checked; will recheck C:/build/agent2/_work/5/s/kremlin/kremlib/Spec.Loops.fst and all subsequent files
Unable to open hints file: hints/Spec.Loops.fst.hints; ran without hints
Not extracting FStar.HyperStack.All.pipe_right to KreMLin (polymorphic assumes are not supported)
Not extracting FStar.HyperStack.All.pipe_left to KreMLin (polymorphic assumes are not supported)
Not extracting FStar.HyperStack.All.failwith to KreMLin (polymorphic assumes are not supported)
Not extracting FStar.HyperStack.All.exit to KreMLin (polymorphic assumes are not supported)
Not extracting FStar.HyperStack.All.try_with to KreMLin (polymorphic assumes are not supported)
C:/build/agent2/_work/5/s/fstar/ulib/FStar.BitVector.fst(0,0-0,0): (Warning 241) Absent cache file cache\OCaml\FStar.BitVector.fst.checked; will recheck C:/build/agent2/_work/5/s/fstar/ulib/FStar.BitVector.fst and all subsequent files
C:/build/agent2/_work/5/s/kremlin/kremlib/Spec.Loops.fst(0,0-0,0): (Warning 241) Absent cache file cache\Kremlin\Spec.Loops.fst.checked; will recheck C:/build/agent2/_work/5/s/kremlin/kremlib/Spec.Loops.fst and all subsequent files
Unable to open hints file: hints/Spec.Loops.fst.hints; ran without hints
C:/build/agent2/_work/5/s/fstar/ulib/FStar.BitVector.fst(0,0-0,0): (Warning 241) Absent cache file cache\Kremlin\FStar.BitVector.fst.checked; will recheck C:/build/agent2/_work/5/s/fstar/ulib/FStar.BitVector.fst and all subsequent files
C:/build/agent2/_work/5/s/fstar/ulib/FStar.Monotonic.Seq.fst(0,0-0,0): (Warning 241) Absent cache file cache\OCaml\FStar.Monotonic.Seq.fst.checked; will recheck C:/build/agent2/_work/5/s/fstar/ulib/FStar.Monotonic.Seq.fst and all subsequent files
C:/build/agent2/_work/5/s/fstar/ulib/FStar.Monotonic.Seq.fst(0,0-0,0): (Warning 241) Absent cache file cache\Kremlin\FStar.Monotonic.Seq.fst.checked; will recheck C:/build/agent2/_work/5/s/fstar/ulib/FStar.Monotonic.Seq.fst and all subsequent files
C:/build/agent2/_work/5/s/fstar/ulib/FStar.UInt.fst(0,0-0,0): (Warning 241) Absent cache file cache\OCaml\FStar.UInt.fst.checked; will recheck C:/build/agent2/_work/5/s/fstar/ulib/FStar.UInt.fst and all subsequent files
C:/build/agent2/_work/5/s/fstar/ulib/FStar.UInt.fst(0,0-0,0): (Warning 241) Absent cache file cache\Kremlin\FStar.UInt.fst.checked; will recheck C:/build/agent2/_work/5/s/fstar/ulib/FStar.UInt.fst and all subsequent files
C:/build/agent2/_work/5/s/fstar/ulib/FStar.UInt32.fst(0,0-0,0): (Warning 241) Absent cache file cache\OCaml\FStar.UInt32.fst.checked; will recheck C:/build/agent2/_work/5/s/fstar/ulib/FStar.UInt32.fst and all subsequent files
C:/build/agent2/_work/5/s/fstar/ulib/FStar.Char.fsti(0,0-0,0): (Warning 241) Absent cache file cache\OCaml\FStar.Char.fsti.checked; will recheck C:/build/agent2/_work/5/s/fstar/ulib/FStar.Char.fsti and all subsequent files
C:/build/agent2/_work/5/s/fstar/ulib/FStar.UInt32.fst(0,0-0,0): (Warning 241) Absent cache file cache\Kremlin\FStar.UInt32.fst.checked; will recheck C:/build/agent2/_work/5/s/fstar/ulib/FStar.UInt32.fst and all subsequent files
C:/build/agent2/_work/5/s/fstar/ulib/FStar.Int32.fst(0,0-0,0): (Warning 241) Absent cache file cache\OCaml\FStar.Int32.fst.checked; will recheck C:/build/agent2/_work/5/s/fstar/ulib/FStar.Int32.fst and all subsequent files
C:/build/agent2/_work/5/s/fstar/ulib/FStar.Int16.fst(0,0-0,0): (Warning 241) Absent cache file cache\OCaml\FStar.Int16.fst.checked; will recheck C:/build/agent2/_work/5/s/fstar/ulib/FStar.Int16.fst and all subsequent files
C:/build/agent2/_work/5/s/fstar/ulib/FStar.Int8.fst(0,0-0,0): (Warning 241) Absent cache file cache\OCaml\FStar.Int8.fst.checked; will recheck C:/build/agent2/_work/5/s/fstar/ulib/FStar.Int8.fst and all subsequent files
C:/build/agent2/_work/5/s/fstar/ulib/FStar.Int64.fst(0,0-0,0): (Warning 241) Absent cache file cache\OCaml\FStar.Int64.fst.checked; will recheck C:/build/agent2/_work/5/s/fstar/ulib/FStar.Int64.fst and all subsequent files
C:/build/agent2/_work/5/s/fstar/ulib/FStar.Int63.fst(0,0-0,0): (Warning 241) Absent cache file cache\OCaml\FStar.Int63.fst.checked; will recheck C:/build/agent2/_work/5/s/fstar/ulib/FStar.Int63.fst and all subsequent files
C:/build/agent2/_work/5/s/fstar/ulib/FStar.Int31.fst(0,0-0,0): (Warning 241) Absent cache file cache\OCaml\FStar.Int31.fst.checked; will recheck C:/build/agent2/_work/5/s/fstar/ulib/FStar.Int31.fst and all subsequent files
C:/build/agent2/_work/5/s/fstar/ulib/FStar.UInt8.fst(0,0-0,0): (Warning 241) Absent cache file cache\OCaml\FStar.UInt8.fst.checked; will recheck C:/build/agent2/_work/5/s/fstar/ulib/FStar.UInt8.fst and all subsequent files
C:/build/agent2/_work/5/s/fstar/ulib/FStar.UInt63.fst(0,0-0,0): (Warning 241) Absent cache file cache\OCaml\FStar.UInt63.fst.checked; will recheck C:/build/agent2/_work/5/s/fstar/ulib/FStar.UInt63.fst and all subsequent files
C:/build/agent2/_work/5/s/fstar/ulib/FStar.UInt64.fst(0,0-0,0): (Warning 241) Absent cache file cache\OCaml\FStar.UInt64.fst.checked; will recheck C:/build/agent2/_work/5/s/fstar/ulib/FStar.UInt64.fst and all subsequent files
C:/build/agent2/_work/5/s/fstar/ulib/FStar.UInt16.fst(0,0-0,0): (Warning 241) Absent cache file cache\OCaml\FStar.UInt16.fst.checked; will recheck C:/build/agent2/_work/5/s/fstar/ulib/FStar.UInt16.fst and all subsequent files
C:/build/agent2/_work/5/s/fstar/ulib/FStar.UInt31.fst(0,0-0,0): (Warning 241) Absent cache file cache\OCaml\FStar.UInt31.fst.checked; will recheck C:/build/agent2/_work/5/s/fstar/ulib/FStar.UInt31.fst and all subsequent files
C:/build/agent2/_work/5/s/fstar/ulib/FStar.Char.fsti(0,0-0,0): (Warning 241) Absent cache file cache\Kremlin\FStar.Char.fsti.checked; will recheck C:/build/agent2/_work/5/s/fstar/ulib/FStar.Char.fsti and all subsequent files
C:/build/agent2/_work/5/s/fstar/ulib/FStar.String.fsti(0,0-0,0): (Warning 241) Absent cache file cache\OCaml\FStar.String.fsti.checked; will recheck C:/build/agent2/_work/5/s/fstar/ulib/FStar.String.fsti and all subsequent files
C:/build/agent2/_work/5/s/fstar/ulib/FStar.Int16.fst(0,0-0,0): (Warning 241) Absent cache file cache\Kremlin\FStar.Int16.fst.checked; will recheck C:/build/agent2/_work/5/s/fstar/ulib/FStar.Int16.fst and all subsequent files
C:/build/agent2/_work/5/s/fstar/ulib/FStar.UInt64.fst(0,0-0,0): (Warning 241) Absent cache file cache\Kremlin\FStar.UInt64.fst.checked; will recheck C:/build/agent2/_work/5/s/fstar/ulib/FStar.UInt64.fst and all subsequent files
C:/build/agent2/_work/5/s/fstar/ulib/FStar.Int32.fst(0,0-0,0): (Warning 241) Absent cache file cache\Kremlin\FStar.Int32.fst.checked; will recheck C:/build/agent2/_work/5/s/fstar/ulib/FStar.Int32.fst and all subsequent files
C:/build/agent2/_work/5/s/fstar/ulib/FStar.Int64.fst(0,0-0,0): (Warning 241) Absent cache file cache\Kremlin\FStar.Int64.fst.checked; will recheck C:/build/agent2/_work/5/s/fstar/ulib/FStar.Int64.fst and all subsequent files
C:/build/agent2/_work/5/s/fstar/ulib/FStar.UInt16.fst(0,0-0,0): (Warning 241) Absent cache file cache\Kremlin\FStar.UInt16.fst.checked; will recheck C:/build/agent2/_work/5/s/fstar/ulib/FStar.UInt16.fst and all subsequent files
C:/build/agent2/_work/5/s/fstar/ulib/FStar.Int128.fst(0,0-0,0): (Warning 241) Absent cache file cache\OCaml\FStar.Int128.fst.checked; will recheck C:/build/agent2/_work/5/s/fstar/ulib/FStar.Int128.fst and all subsequent files
C:/build/agent2/_work/5/s/fstar/ulib/FStar.UInt8.fst(0,0-0,0): (Warning 241) Absent cache file cache\Kremlin\FStar.UInt8.fst.checked; will recheck C:/build/agent2/_work/5/s/fstar/ulib/FStar.UInt8.fst and all subsequent files
C:/build/agent2/_work/5/s/fstar/ulib/FStar.Int63.fst(0,0-0,0): (Warning 241) Absent cache file cache\Kremlin\FStar.Int63.fst.checked; will recheck C:/build/agent2/_work/5/s/fstar/ulib/FStar.Int63.fst and all subsequent files
C:/build/agent2/_work/5/s/fstar/ulib/FStar.UInt128.fsti(0,0-0,0): (Warning 241) Absent cache file cache\OCaml\FStar.UInt128.fsti.checked; will recheck C:/build/agent2/_work/5/s/fstar/ulib/FStar.UInt128.fsti and all subsequent files
C:/build/agent2/_work/5/s/fstar/ulib/FStar.Int8.fst(0,0-0,0): (Warning 241) Absent cache file cache\Kremlin\FStar.Int8.fst.checked; will recheck C:/build/agent2/_work/5/s/fstar/ulib/FStar.Int8.fst and all subsequent files
C:/build/agent2/_work/5/s/fstar/ulib/FStar.UInt63.fst(0,0-0,0): (Warning 241) Absent cache file cache\Kremlin\FStar.UInt63.fst.checked; will recheck C:/build/agent2/_work/5/s/fstar/ulib/FStar.UInt63.fst and all subsequent files
C:/build/agent2/_work/5/s/fstar/ulib/FStar.Int31.fst(0,0-0,0): (Warning 241) Absent cache file cache\Kremlin\FStar.Int31.fst.checked; will recheck C:/build/agent2/_work/5/s/fstar/ulib/FStar.Int31.fst and all subsequent files
C:/build/agent2/_work/5/s/kremlin/kremlib/FStar.Kremlin.Endianness.fst(0,0-0,0): (Warning 241) Absent cache file cache\OCaml\FStar.Kremlin.Endianness.fst.checked; will recheck C:/build/agent2/_work/5/s/kremlin/kremlib/FStar.Kremlin.Endianness.fst and all subsequent files
Unable to open hints file: C:\build\agent2\_work\5\s\kremlin\kremlib\FStar.Kremlin.Endianness.fst.hints; ran without hints
C:/build/agent2/_work/5/s/fstar/ulib/FStar.UInt31.fst(0,0-0,0): (Warning 241) Absent cache file cache\Kremlin\FStar.UInt31.fst.checked; will recheck C:/build/agent2/_work/5/s/fstar/ulib/FStar.UInt31.fst and all subsequent files
Not extracting type definition FStar.Char.char to KreMLin (assumed type)
C:/build/agent2/_work/5/s/fstar/ulib/FStar.Int.Cast.fst(0,0-0,0): (Warning 241) Absent cache file cache\OCaml\FStar.Int.Cast.fst.checked; will recheck C:/build/agent2/_work/5/s/fstar/ulib/FStar.Int.Cast.fst and all subsequent files
C:/build/agent2/_work/5/s/fstar/ulib/FStar.String.fsti(0,0-0,0): (Warning 241) Absent cache file cache\Kremlin\FStar.String.fsti.checked; will recheck C:/build/agent2/_work/5/s/fstar/ulib/FStar.String.fsti and all subsequent files
TLSError.fst(0,0-0,0): (Warning 241) Absent cache file cache\OCaml\TLSError.fst.checked; will recheck TLSError.fst and all subsequent files
Unable to open hints file: hints/TLSError.fst.hints; ran without hints
C:/build/agent2/_work/5/s/fstar/ulib/FStar.Bytes.fsti(0,0-0,0): (Warning 241) Absent cache file cache\OCaml\FStar.Bytes.fsti.checked; will recheck C:/build/agent2/_work/5/s/fstar/ulib/FStar.Bytes.fsti and all subsequent files
C:/build/agent2/_work/5/s/fstar/ulib/FStar.Int128.fst(0,0-0,0): (Warning 241) Absent cache file cache\Kremlin\FStar.Int128.fst.checked; will recheck C:/build/agent2/_work/5/s/fstar/ulib/FStar.Int128.fst and all subsequent files
C:/build/agent2/_work/5/s/fstar/ulib/FStar.UInt128.fsti(0,0-0,0): (Warning 241) Absent cache file cache\Kremlin\FStar.UInt128.fsti.checked; will recheck C:/build/agent2/_work/5/s/fstar/ulib/FStar.UInt128.fsti and all subsequent files
C:/build/agent2/_work/5/s/fstar/ulib/FStar.Int.Cast.Full.fst(0,0-0,0): (Warning 241) Absent cache file cache\OCaml\FStar.Int.Cast.Full.fst.checked; will recheck C:/build/agent2/_work/5/s/fstar/ulib/FStar.Int.Cast.Full.fst and all subsequent files
C:/build/agent2/_work/5/s/fstar/ulib/FStar.Int.Cast.fst(0,0-0,0): (Warning 241) Absent cache file cache\Kremlin\FStar.Int.Cast.fst.checked; will recheck C:/build/agent2/_work/5/s/fstar/ulib/FStar.Int.Cast.fst and all subsequent files
TLSError.fst(0,0-0,0): (Warning 241) Absent cache file cache\Kremlin\TLSError.fst.checked; will recheck TLSError.fst and all subsequent files
Unable to open hints file: hints/TLSError.fst.hints; ran without hints
C:/build/agent2/_work/5/s/kremlin/kremlib/FStar.Kremlin.Endianness.fst(0,0-0,0): (Warning 241) Absent cache file cache\Kremlin\FStar.Kremlin.Endianness.fst.checked; will recheck C:/build/agent2/_work/5/s/kremlin/kremlib/FStar.Kremlin.Endianness.fst and all subsequent files
Unable to open hints file: C:\build\agent2\_work\5\s\kremlin\kremlib\FStar.Kremlin.Endianness.fst.hints; ran without hints
C:/build/agent2/_work/5/s/fstar/ulib/FStar.Bytes.fsti(0,0-0,0): (Warning 241) Absent cache file cache\Kremlin\FStar.Bytes.fsti.checked; will recheck C:/build/agent2/_work/5/s/fstar/ulib/FStar.Bytes.fsti and all subsequent files
C:/build/agent2/_work/5/s/fstar/ulib/FStar.Tcp.fsti(0,0-0,0): (Warning 241) Absent cache file cache\OCaml\FStar.Tcp.fsti.checked; will recheck C:/build/agent2/_work/5/s/fstar/ulib/FStar.Tcp.fsti and all subsequent files
Unable to open hints file: C:\build\agent2\_work\5\s\fstar\ulib\FStar.Tcp.fsti.hints; ran without hints
C:/build/agent2/_work/5/s/hacl-star/code/lib/FStar.Endianness.fst(0,0-0,0): (Warning 241) Absent cache file cache\OCaml\FStar.Endianness.fst.checked; will recheck C:/build/agent2/_work/5/s/hacl-star/code/lib/FStar.Endianness.fst and all subsequent files
C:/build/agent2/_work/5/s/fstar/ulib/FStar.Int.Cast.Full.fst(0,0-0,0): (Warning 241) Absent cache file cache\Kremlin\FStar.Int.Cast.Full.fst.checked; will recheck C:/build/agent2/_work/5/s/fstar/ulib/FStar.Int.Cast.Full.fst and all subsequent files
Hashing.Spec.fst(0,0-0,0): (Warning 241) Absent cache file cache\OCaml\Hashing.Spec.fst.checked; will recheck Hashing.Spec.fst and all subsequent files
Unable to open hints file: hints/Hashing.Spec.fst.hints; ran without hints
C:/build/agent2/_work/5/s/fstar/ulib/FStar.Buffer.fst(0,0-0,0): (Warning 241) Absent cache file cache\OCaml\FStar.Buffer.fst.checked; will recheck C:/build/agent2/_work/5/s/fstar/ulib/FStar.Buffer.fst and all subsequent files
C:/build/agent2/_work/5/s/hacl-star/secure_api/LowCProvider/fst/HaclProvider.fst(0,0-0,0): (Warning 241) Absent cache file cache\OCaml\HaclProvider.fst.checked; will recheck C:/build/agent2/_work/5/s/hacl-star/secure_api/LowCProvider/fst/HaclProvider.fst and all subsequent files
Unable to open hints file: hints/HaclProvider.fst.hints; ran without hints
C:/build/agent2/_work/5/s/fstar/ulib/FStar.Pointer.Base.fsti(0,0-0,0): (Warning 241) Absent cache file cache\OCaml\FStar.Pointer.Base.fsti.checked; will recheck C:/build/agent2/_work/5/s/fstar/ulib/FStar.Pointer.Base.fsti and all subsequent files
C:/build/agent2/_work/5/s/fstar/contrib/CoreCrypto/fst/CoreCrypto.fst(0,0-0,0): (Warning 241) Absent cache file cache\OCaml\CoreCrypto.fst.checked; will recheck C:/build/agent2/_work/5/s/fstar/contrib/CoreCrypto/fst/CoreCrypto.fst and all subsequent files
Unable to open hints file: hints/CoreCrypto.fst.hints; ran without hints
Not extracting type definition FStar.Bytes.bytes to KreMLin (assumed type)
C:/build/agent2/_work/5/s/hacl-star/secure_api/LowCProvider/fst/HaclProvider.fst(0,0-0,0): (Warning 241) Absent cache file cache\Kremlin\HaclProvider.fst.checked; will recheck C:/build/agent2/_work/5/s/hacl-star/secure_api/LowCProvider/fst/HaclProvider.fst and all subsequent files
Unable to open hints file: hints/HaclProvider.fst.hints; ran without hints
C:/build/agent2/_work/5/s/libs/ffi/FFICallbacks.fst(0,0-0,0): (Warning 241) Absent cache file cache\OCaml\FFICallbacks.fst.checked; will recheck C:/build/agent2/_work/5/s/libs/ffi/FFICallbacks.fst and all subsequent files
Unable to open hints file: hints/FFICallbacks.fst.hints; ran without hints
C:/build/agent2/_work/5/s/fstar/contrib/CoreCrypto/fst/CoreCrypto.fst(0,0-0,0): (Warning 241) Absent cache file cache\Kremlin\CoreCrypto.fst.checked; will recheck C:/build/agent2/_work/5/s/fstar/contrib/CoreCrypto/fst/CoreCrypto.fst and all subsequent files
Unable to open hints file: hints/CoreCrypto.fst.hints; ran without hints
C:/build/agent2/_work/5/s/fstar/ulib/FStar.Integers.fst(0,0-0,0): (Warning 241) Absent cache file cache\OCaml\FStar.Integers.fst.checked; will recheck C:/build/agent2/_work/5/s/fstar/ulib/FStar.Integers.fst and all subsequent files
C:/build/agent2/_work/5/s/hacl-star/code/lib/FStar.Endianness.fst(0,0-0,0): (Warning 241) Absent cache file cache\Kremlin\FStar.Endianness.fst.checked; will recheck C:/build/agent2/_work/5/s/hacl-star/code/lib/FStar.Endianness.fst and all subsequent files
C:/build/agent2/_work/5/s/src/tls/concrete-flags/Hashing.Flags.fst(0,0-0,0): (Warning 241) Absent cache file cache\OCaml\Hashing.Flags.fst.checked; will recheck C:/build/agent2/_work/5/s/src/tls/concrete-flags/Hashing.Flags.fst and all subsequent files
Unable to open hints file: hints/Hashing.Flags.fst.hints; ran without hints
Hashing.Spec.fst(0,0-0,0): (Warning 241) Absent cache file cache\Kremlin\Hashing.Spec.fst.checked; will recheck Hashing.Spec.fst and all subsequent files
Unable to open hints file: hints/Hashing.Spec.fst.hints; ran without hints
C:/build/agent2/_work/5/s/libs/ffi/FFICallbacks.fst(0,0-0,0): (Warning 241) Absent cache file cache\Kremlin\FFICallbacks.fst.checked; will recheck C:/build/agent2/_work/5/s/libs/ffi/FFICallbacks.fst and all subsequent files
Unable to open hints file: hints/FFICallbacks.fst.hints; ran without hints
BufferBytes.fsti(0,0-0,0): (Warning 241) Absent cache file cache\OCaml\BufferBytes.fsti.checked; will recheck BufferBytes.fsti and all subsequent files
Unable to open hints file: hints/BufferBytes.fsti.hints; ran without hints
C:/build/agent2/_work/5/s/fstar/ulib/FStar.Buffer.fst(0,0-0,0): (Warning 241) Absent cache file cache\Kremlin\FStar.Buffer.fst.checked; will recheck C:/build/agent2/_work/5/s/fstar/ulib/FStar.Buffer.fst and all subsequent files
C:/build/agent2/_work/5/s/fstar/ulib/FStar.Pointer.Base.fsti(0,0-0,0): (Warning 241) Absent cache file cache\Kremlin\FStar.Pointer.Base.fsti.checked; will recheck C:/build/agent2/_work/5/s/fstar/ulib/FStar.Pointer.Base.fsti and all subsequent files
C:/build/agent2/_work/5/s/fstar/ulib/FStar.Tcp.fsti(0,0-0,0): (Warning 241) Absent cache file cache\Kremlin\FStar.Tcp.fsti.checked; will recheck C:/build/agent2/_work/5/s/fstar/ulib/FStar.Tcp.fsti and all subsequent files
Unable to open hints file: C:\build\agent2\_work\5\s\fstar\ulib\FStar.Tcp.fsti.hints; ran without hints
C:/build/agent2/_work/5/s/fstar/ulib/FStar.Integers.fst(0,0-0,0): (Warning 241) Absent cache file cache\Kremlin\FStar.Integers.fst.checked; will recheck C:/build/agent2/_work/5/s/fstar/ulib/FStar.Integers.fst and all subsequent files
FStar.Test.fst(0,0-0,0): (Warning 241) Absent cache file cache\OCaml\FStar.Test.fst.checked; will recheck FStar.Test.fst and all subsequent files
Unable to open hints file: C:\build\agent2\_work\5\s\src\tls\FStar.Test.fst.hints; ran without hints
C:/build/agent2/_work/5/s/kremlin/kremlib/C.fst(0,0-0,0): (Warning 241) Absent cache file cache\OCaml\C.fst.checked; will recheck C:/build/agent2/_work/5/s/kremlin/kremlib/C.fst and all subsequent files
Unable to open hints file: hints/C.fst.hints; ran without hints
C:/build/agent2/_work/5/s/fstar/ulib/FStar.UInt128.fst(0,0-0,0): (Warning 241) Absent cache file cache\Kremlin\FStar.UInt128.fst.checked; will recheck C:/build/agent2/_work/5/s/fstar/ulib/FStar.UInt128.fst and all subsequent files
Transport.fst(0,0-0,0): (Warning 241) Absent cache file cache\OCaml\Transport.fst.checked; will recheck Transport.fst and all subsequent files
Unable to open hints file: hints/Transport.fst.hints; ran without hints
Not extracting type definition CoreCrypto.hash_ctx to KreMLin (assumed type)
Not extracting type definition CoreCrypto.cipher_stream to KreMLin (assumed type)
Hashing.OpenSSL.fst(0,0-0,0): (Warning 241) Absent cache file cache\OCaml\Hashing.OpenSSL.fst.checked; will recheck Hashing.OpenSSL.fst and all subsequent files
Unable to open hints file: hints/Hashing.OpenSSL.fst.hints; ran without hints
Hashing.OpenSSL.fst(0,0-0,0): (Warning 241) Absent cache file cache\Kremlin\Hashing.OpenSSL.fst.checked; will recheck Hashing.OpenSSL.fst and all subsequent files
Unable to open hints file: hints/Hashing.OpenSSL.fst.hints; ran without hints
C:/build/agent2/_work/5/s/src/tls/concrete-flags/Hashing.Flags.fst(0,0-0,0): (Warning 241) Absent cache file cache\Kremlin\Hashing.Flags.fst.checked; will recheck C:/build/agent2/_work/5/s/src/tls/concrete-flags/Hashing.Flags.fst and all subsequent files
Unable to open hints file: hints/Hashing.Flags.fst.hints; ran without hints
TLS.Curve25519.fst(0,0-0,0): (Warning 241) Absent cache file cache\Kremlin\TLS.Curve25519.fst.checked; will recheck TLS.Curve25519.fst and all subsequent files
Unable to open hints file: hints/TLS.Curve25519.fst.hints; ran without hints
BufferBytes.fsti(0,0-0,0): (Warning 241) Absent cache file cache\Kremlin\BufferBytes.fsti.checked; will recheck BufferBytes.fsti and all subsequent files
Unable to open hints file: hints/BufferBytes.fsti.hints; ran without hints
C:/build/agent2/_work/5/s/kremlin/kremlib/C.Loops.fst(0,0-0,0): (Warning 241) Absent cache file cache\OCaml\C.Loops.fst.checked; will recheck C:/build/agent2/_work/5/s/kremlin/kremlib/C.Loops.fst and all subsequent files
Unable to open hints file: hints/C.Loops.fst.hints; ran without hints
TLS.Curve25519.fst(0,0-0,0): (Warning 241) Absent cache file cache\OCaml\TLS.Curve25519.fst.checked; will recheck TLS.Curve25519.fst and all subsequent files
Unable to open hints file: hints/TLS.Curve25519.fst.hints; ran without hints
Parse.fst(0,0-0,0): (Warning 241) Absent cache file cache\Kremlin\Parse.fst.checked; will recheck Parse.fst and all subsequent files
Parse.fst(39,60-39,77): (Warning 288) FStar.Monotonic.HyperStack.is_eternal_region is deprecated, use FStar.HyperStack.ST.is_eternal_region instead
Parse.fst(39,104-39,121): (Warning 288) FStar.Monotonic.HyperStack.is_eternal_region is deprecated, use FStar.HyperStack.ST.is_eternal_region instead
Unable to open hints file: hints/Parse.fst.hints; ran without hints
Parse.fst(44,0-44,63): (Warning 272) Top-level let-bindings must be total; this term may have effects
Parse.fst(46,0-47,25): (Warning 272) Top-level let-bindings must be total; this term may have effects
Not extracting type definition FStar.Tcp.networkStream to KreMLin (assumed type)
Not extracting type definition FStar.Tcp.tcpListener to KreMLin (assumed type)
Transport.fst(0,0-0,0): (Warning 241) Absent cache file cache\Kremlin\Transport.fst.checked; will recheck Transport.fst and all subsequent files
Unable to open hints file: hints/Transport.fst.hints; ran without hints
Parse.fst(0,0-0,0): (Warning 241) Absent cache file cache\OCaml\Parse.fst.checked; will recheck Parse.fst and all subsequent files
Parse.fst(39,60-39,77): (Warning 288) FStar.Monotonic.HyperStack.is_eternal_region is deprecated, use FStar.HyperStack.ST.is_eternal_region instead
Parse.fst(39,104-39,121): (Warning 288) FStar.Monotonic.HyperStack.is_eternal_region is deprecated, use FStar.HyperStack.ST.is_eternal_region instead
Unable to open hints file: hints/Parse.fst.hints; ran without hints
Parse.fst(44,0-44,63): (Warning 272) Top-level let-bindings must be total; this term may have effects
Parse.fst(46,0-47,25): (Warning 272) Top-level let-bindings must be total; this term may have effects
FStar.Test.fst(0,0-0,0): (Warning 241) Absent cache file cache\Kremlin\FStar.Test.fst.checked; will recheck FStar.Test.fst and all subsequent files
Unable to open hints file: C:\build\agent2\_work\5\s\src\tls\FStar.Test.fst.hints; ran without hints
C:/build/agent2/_work/5/s/kremlin/kremlib/C.fst(0,0-0,0): (Warning 241) Absent cache file cache\Kremlin\C.fst.checked; will recheck C:/build/agent2/_work/5/s/kremlin/kremlib/C.fst and all subsequent files
Unable to open hints file: hints/C.fst.hints; ran without hints
Test.AEAD.fst(0,0-0,0): (Warning 241) Absent cache file cache\OCaml\Test.AEAD.fst.checked; will recheck Test.AEAD.fst and all subsequent files
Unable to open hints file: hints/Test.AEAD.fst.hints; ran without hints
Not extracting type definition Hashing.OpenSSL.hash_ctx to KreMLin (assumed type)
Hashing.fst(0,0-0,0): (Warning 241) Absent cache file cache\Kremlin\Hashing.fst.checked; will recheck Hashing.fst and all subsequent files
Unable to open hints file: hints/Hashing.fst.hints; ran without hints
C:/build/agent2/_work/5/s/fstar/ulib/FStar.Printf.fst(0,0-0,0): (Warning 241) Absent cache file cache\Kremlin\FStar.Printf.fst.checked; will recheck C:/build/agent2/_work/5/s/fstar/ulib/FStar.Printf.fst and all subsequent files
Hashing.fst(0,0-0,0): (Warning 241) Absent cache file cache\OCaml\Hashing.fst.checked; will recheck Hashing.fst and all subsequent files
Unable to open hints file: hints/Hashing.fst.hints; ran without hints
C:/build/agent2/_work/5/s/kremlin/kremlib/C.Loops.fst(0,0-0,0): (Warning 241) Absent cache file cache\Kremlin\C.Loops.fst.checked; will recheck C:/build/agent2/_work/5/s/kremlin/kremlib/C.Loops.fst and all subsequent files
Unable to open hints file: hints/C.Loops.fst.hints; ran without hints
DHGroup.fst(0,0-0,0): (Warning 241) Absent cache file cache\Kremlin\DHGroup.fst.checked; will recheck DHGroup.fst and all subsequent files
Unable to open hints file: hints/DHGroup.fst.hints; ran without hints
C:/build/agent2/_work/5/s/fstar/ulib/FStar.Printf.fst(0,0-0,0): (Warning 241) Absent cache file cache\OCaml\FStar.Printf.fst.checked; will recheck C:/build/agent2/_work/5/s/fstar/ulib/FStar.Printf.fst and all subsequent files
CommonDH.fsti(0,0-0,0): (Warning 241) Absent cache file cache\Kremlin\CommonDH.fsti.checked; will recheck CommonDH.fsti and all subsequent files
Unable to open hints file: hints/CommonDH.fsti.hints; ran without hints
ECGroup.fst(0,0-0,0): (Warning 241) Absent cache file cache\Kremlin\ECGroup.fst.checked; will recheck ECGroup.fst and all subsequent files
Unable to open hints file: hints/ECGroup.fst.hints; ran without hints
Test.AEAD.fst(0,0-0,0): (Warning 241) Absent cache file cache\Kremlin\Test.AEAD.fst.checked; will recheck Test.AEAD.fst and all subsequent files
Unable to open hints file: hints/Test.AEAD.fst.hints; ran without hints
Not extracting type definition C.channel to KreMLin (assumed type)
Not extracting type definition C.intptr_t to KreMLin (assumed type)
Not extracting type definition C.char to KreMLin (assumed type)
Not extracting type definition C.int to KreMLin (assumed type)
Not extracting type definition C.clock_t to KreMLin (assumed type)
ECGroup.fst(0,0-0,0): (Warning 241) Absent cache file cache\OCaml\ECGroup.fst.checked; will recheck ECGroup.fst and all subsequent files
Unable to open hints file: hints/ECGroup.fst.hints; ran without hints
C:/build/agent2/_work/5/s/hacl-star/secure_api/utils/Buffer.Utils.fst(0,0-0,0): (Warning 241) Absent cache file cache\Kremlin\Buffer.Utils.fst.checked; will recheck C:/build/agent2/_work/5/s/hacl-star/secure_api/utils/Buffer.Utils.fst and all subsequent files
Unable to open hints file: hints/Buffer.Utils.fst.hints; ran without hints
DHGroup.fst(0,0-0,0): (Warning 241) Absent cache file cache\OCaml\DHGroup.fst.checked; will recheck DHGroup.fst and all subsequent files
Unable to open hints file: hints/DHGroup.fst.hints; ran without hints
Test.BufferBytes.fst(0,0-0,0): (Warning 241) Absent cache file cache\Kremlin\Test.BufferBytes.fst.checked; will recheck Test.BufferBytes.fst and all subsequent files
Unable to open hints file: hints/Test.BufferBytes.fst.hints; ran without hints
<dummy>(0,0-0,0): (Warning 250) Error while extracting FStar.Printf.parse_format to KreMLin (Failure("todo: translate_pat [MLP_Const]"))

<dummy>(0,0-0,0): (Warning 250) Error while extracting FStar.Printf.sprintf to KreMLin (Failure("todo: translate_pat [MLP_Const]"))

<dummy>(0,0-0,0): (Warning 250) Error while extracting FStar.Printf.ext_sprintf to KreMLin (Failure("todo: translate_pat [MLP_Const]"))

<dummy>(0,0-0,0): (Warning 250) Error while extracting FStar.Printf.parse_something to KreMLin (Failure("todo: translate_pat [MLP_Const]"))

<dummy>(0,0-0,0): (Warning 250) Error while extracting FStar.Printf.my_sprintf to KreMLin (Failure("todo: translate_pat [MLP_Const]"))

CommonDH.fsti(0,0-0,0): (Warning 241) Absent cache file cache\OCaml\CommonDH.fsti.checked; will recheck CommonDH.fsti and all subsequent files
Unable to open hints file: hints/CommonDH.fsti.hints; ran without hints
File "extract/OCaml/C_Loops.ml", line 118, characters 10-45:
Warning 21: this statement never returns (or has an unsound type.)
File "extract/OCaml/C_Loops.ml", line 138, characters 12-47:
Warning 21: this statement never returns (or has an unsound type.)
File "extract/OCaml/C_Loops.ml", line 152, characters 8-43:
Warning 21: this statement never returns (or has an unsound type.)
File "extract/OCaml/C_Loops.ml", line 170, characters 10-45:
Warning 21: this statement never returns (or has an unsound type.)
File "extract/OCaml/C_Loops.ml", line 191, characters 12-47:
Warning 21: this statement never returns (or has an unsound type.)
File "extract/OCaml/C_Loops.ml", line 211, characters 14-49:
Warning 21: this statement never returns (or has an unsound type.)
C:/build/agent2/_work/5/s/hacl-star/secure_api/utils/Buffer.Utils.fst(0,0-0,0): (Warning 241) Absent cache file cache\OCaml\Buffer.Utils.fst.checked; will recheck C:/build/agent2/_work/5/s/hacl-star/secure_api/utils/Buffer.Utils.fst and all subsequent files
Unable to open hints file: hints/Buffer.Utils.fst.hints; ran without hints
Test.BufferBytes.fst(0,0-0,0): (Warning 241) Absent cache file cache\OCaml\Test.BufferBytes.fst.checked; will recheck Test.BufferBytes.fst and all subsequent files
Unable to open hints file: hints/Test.BufferBytes.fst.hints; ran without hints
CommonDH.fst(0,0-0,0): (Warning 241) Absent cache file cache\Kremlin\CommonDH.fst.checked; will recheck CommonDH.fst and all subsequent files
Unable to open hints file: hints/CommonDH.fst.hints; ran without hints
CommonDH.fst(111,0-111,44): (Warning 272) Top-level let-bindings must be total; this term may have effects
CommonDH.fst(115,9-119,7): (Warning 272) Top-level let-bindings must be total; this term may have effects
CommonDH.fst(0,0-0,0): (Warning 241) Absent cache file cache\OCaml\CommonDH.fst.checked; will recheck CommonDH.fst and all subsequent files
Unable to open hints file: hints/CommonDH.fst.hints; ran without hints
CommonDH.fst(111,0-111,44): (Warning 272) Top-level let-bindings must be total; this term may have effects
CommonDH.fst(115,9-119,7): (Warning 272) Top-level let-bindings must be total; this term may have effects
C:/build/agent2/_work/5/s/hacl-star/secure_api/utils/Crypto.Symmetric.Bytes.fst(0,0-0,0): (Warning 241) Absent cache file cache\Kremlin\Crypto.Symmetric.Bytes.fst.checked; will recheck C:/build/agent2/_work/5/s/hacl-star/secure_api/utils/Crypto.Symmetric.Bytes.fst and all subsequent files
Unable to open hints file: hints/Crypto.Symmetric.Bytes.fst.hints; ran without hints
C:/build/agent2/_work/5/s/hacl-star/secure_api/utils/Crypto.Symmetric.Bytes.fst(0,0-0,0): (Warning 241) Absent cache file cache\OCaml\Crypto.Symmetric.Bytes.fst.checked; will recheck C:/build/agent2/_work/5/s/hacl-star/secure_api/utils/Crypto.Symmetric.Bytes.fst and all subsequent files
Unable to open hints file: hints/Crypto.Symmetric.Bytes.fst.hints; ran without hints
TLSConstants.fst(0,0-0,0): (Warning 241) Absent cache file cache\Kremlin\TLSConstants.fst.checked; will recheck TLSConstants.fst and all subsequent files
Unable to open hints file: hints/TLSConstants.fst.hints; ran without hints
PKI.fsti(0,0-0,0): (Warning 241) Absent cache file cache\Kremlin\PKI.fsti.checked; will recheck PKI.fsti and all subsequent files
Unable to open hints file: hints/PKI.fsti.hints; ran without hints
Nonce.fst(0,0-0,0): (Warning 241) Absent cache file cache\Kremlin\Nonce.fst.checked; will recheck Nonce.fst and all subsequent files
Unable to open hints file: hints/Nonce.fst.hints; ran without hints
Nonce.fst(50,0-51,13): (Warning 272) Top-level let-bindings must be total; this term may have effects
HMAC.fst(0,0-0,0): (Warning 241) Absent cache file cache\Kremlin\HMAC.fst.checked; will recheck HMAC.fst and all subsequent files
Unable to open hints file: hints/HMAC.fst.hints; ran without hints
TLSConstants.fst(0,0-0,0): (Warning 241) Absent cache file cache\OCaml\TLSConstants.fst.checked; will recheck TLSConstants.fst and all subsequent files
Unable to open hints file: hints/TLSConstants.fst.hints; ran without hints
Hashing.CRF.fst(0,0-0,0): (Warning 241) Absent cache file cache\Kremlin\Hashing.CRF.fst.checked; will recheck Hashing.CRF.fst and all subsequent files
Unable to open hints file: hints/Hashing.CRF.fst.hints; ran without hints
Hashing.CRF.fst(31,8-31,85): (Warning 272) Top-level let-bindings must be total; this term may have effects
RSAKey.fst(0,0-0,0): (Warning 241) Absent cache file cache\Kremlin\RSAKey.fst.checked; will recheck RSAKey.fst and all subsequent files
Unable to open hints file: hints/RSAKey.fst.hints; ran without hints
Test.CommonDH.fst(0,0-0,0): (Warning 241) Absent cache file cache\Kremlin\Test.CommonDH.fst.checked; will recheck Test.CommonDH.fst and all subsequent files
Unable to open hints file: hints/Test.CommonDH.fst.hints; ran without hints
Test.TLSConstants.fst(0,0-0,0): (Warning 241) Absent cache file cache\Kremlin\Test.TLSConstants.fst.checked; will recheck Test.TLSConstants.fst and all subsequent files
Unable to open hints file: hints/Test.TLSConstants.fst.hints; ran without hints
PSK.fst(0,0-0,0): (Warning 241) Absent cache file cache\Kremlin\PSK.fst.checked; will recheck PSK.fst and all subsequent files
Unable to open hints file: hints/PSK.fst.hints; ran without hints
PSK.fst(28,8-28,54): (Warning 272) Top-level let-bindings must be total; this term may have effects
PSK.fst(29,8-30,13): (Warning 272) Top-level let-bindings must be total; this term may have effects
PSK.fst(38,8-39,13): (Warning 272) Top-level let-bindings must be total; this term may have effects
PSK.fst(79,8-79,57): (Warning 272) Top-level let-bindings must be total; this term may have effects
PSK.fst(80,8-81,13): (Warning 272) Top-level let-bindings must be total; this term may have effects
RSAKey.fst(0,0-0,0): (Warning 241) Absent cache file cache\OCaml\RSAKey.fst.checked; will recheck RSAKey.fst and all subsequent files
Unable to open hints file: hints/RSAKey.fst.hints; ran without hints
Hashing.CRF.fst(0,0-0,0): (Warning 241) Absent cache file cache\OCaml\Hashing.CRF.fst.checked; will recheck Hashing.CRF.fst and all subsequent files
Unable to open hints file: hints/Hashing.CRF.fst.hints; ran without hints
Hashing.CRF.fst(31,8-31,85): (Warning 272) Top-level let-bindings must be total; this term may have effects
HKDF.fst(0,0-0,0): (Warning 241) Absent cache file cache\Kremlin\HKDF.fst.checked; will recheck HKDF.fst and all subsequent files
Unable to open hints file: hints/HKDF.fst.hints; ran without hints
PMS.fst(0,0-0,0): (Warning 241) Absent cache file cache\Kremlin\PMS.fst.checked; will recheck PMS.fst and all subsequent files
Unable to open hints file: hints/PMS.fst.hints; ran without hints
Nonce.fst(0,0-0,0): (Warning 241) Absent cache file cache\OCaml\Nonce.fst.checked; will recheck Nonce.fst and all subsequent files
Unable to open hints file: hints/Nonce.fst.hints; ran without hints
Nonce.fst(50,0-51,13): (Warning 272) Top-level let-bindings must be total; this term may have effects
HMAC.fst(0,0-0,0): (Warning 241) Absent cache file cache\OCaml\HMAC.fst.checked; will recheck HMAC.fst and all subsequent files
Unable to open hints file: hints/HMAC.fst.hints; ran without hints
PSK.fst(0,0-0,0): (Warning 241) Absent cache file cache\OCaml\PSK.fst.checked; will recheck PSK.fst and all subsequent files
Unable to open hints file: hints/PSK.fst.hints; ran without hints
PSK.fst(28,8-28,54): (Warning 272) Top-level let-bindings must be total; this term may have effects
PSK.fst(29,8-30,13): (Warning 272) Top-level let-bindings must be total; this term may have effects
PSK.fst(38,8-39,13): (Warning 272) Top-level let-bindings must be total; this term may have effects
PSK.fst(79,8-79,57): (Warning 272) Top-level let-bindings must be total; this term may have effects
PSK.fst(80,8-81,13): (Warning 272) Top-level let-bindings must be total; this term may have effects
PKI.fsti(0,0-0,0): (Warning 241) Absent cache file cache\OCaml\PKI.fsti.checked; will recheck PKI.fsti and all subsequent files
Unable to open hints file: hints/PKI.fsti.hints; ran without hints
Test.TLSConstants.fst(0,0-0,0): (Warning 241) Absent cache file cache\OCaml\Test.TLSConstants.fst.checked; will recheck Test.TLSConstants.fst and all subsequent files
Unable to open hints file: hints/Test.TLSConstants.fst.hints; ran without hints
Test.CommonDH.fst(0,0-0,0): (Warning 241) Absent cache file cache\OCaml\Test.CommonDH.fst.checked; will recheck Test.CommonDH.fst and all subsequent files
Unable to open hints file: hints/Test.CommonDH.fst.hints; ran without hints
Extensions.fsti(0,0-0,0): (Warning 241) Absent cache file cache\Kremlin\Extensions.fsti.checked; will recheck Extensions.fsti and all subsequent files
Unable to open hints file: hints/Extensions.fsti.hints; ran without hints
C:/build/agent2/_work/5/s/src/tls/concrete-flags/TLSInfoFlags.fst(0,0-0,0): (Warning 241) Absent cache file cache\Kremlin\TLSInfoFlags.fst.checked; will recheck C:/build/agent2/_work/5/s/src/tls/concrete-flags/TLSInfoFlags.fst and all subsequent files
Unable to open hints file: hints/TLSInfoFlags.fst.hints; ran without hints
HKDF.fst(0,0-0,0): (Warning 241) Absent cache file cache\OCaml\HKDF.fst.checked; will recheck HKDF.fst and all subsequent files
Unable to open hints file: hints/HKDF.fst.hints; ran without hints
C:/build/agent2/_work/5/s/fstar/ulib/FStar.Pointer.Base.fst(0,0-0,0): (Warning 241) Absent cache file cache\Kremlin\FStar.Pointer.Base.fst.checked; will recheck C:/build/agent2/_work/5/s/fstar/ulib/FStar.Pointer.Base.fst and all subsequent files
Extensions.fsti(0,0-0,0): (Warning 241) Absent cache file cache\OCaml\Extensions.fsti.checked; will recheck Extensions.fsti and all subsequent files
Unable to open hints file: hints/Extensions.fsti.hints; ran without hints
PMS.fst(0,0-0,0): (Warning 241) Absent cache file cache\OCaml\PMS.fst.checked; will recheck PMS.fst and all subsequent files
Unable to open hints file: hints/PMS.fst.hints; ran without hints
Cert.fst(0,0-0,0): (Warning 241) Absent cache file cache\Kremlin\Cert.fst.checked; will recheck Cert.fst and all subsequent files
Unable to open hints file: hints/Cert.fst.hints; ran without hints
Cert.fst(0,0-0,0): (Warning 241) Absent cache file cache\OCaml\Cert.fst.checked; will recheck Cert.fst and all subsequent files
Unable to open hints file: hints/Cert.fst.hints; ran without hints
C:/build/agent2/_work/5/s/src/tls/concrete-flags/TLSInfoFlags.fst(0,0-0,0): (Warning 241) Absent cache file cache\OCaml\TLSInfoFlags.fst.checked; will recheck C:/build/agent2/_work/5/s/src/tls/concrete-flags/TLSInfoFlags.fst and all subsequent files
Unable to open hints file: hints/TLSInfoFlags.fst.hints; ran without hints
TLSInfo.fst(0,0-0,0): (Warning 241) Absent cache file cache\OCaml\TLSInfo.fst.checked; will recheck TLSInfo.fst and all subsequent files
Unable to open hints file: hints/TLSInfo.fst.hints; ran without hints
TLSInfo.fst(79,0-82,1): (Warning 272) Top-level let-bindings must be total; this term may have effects
TLSInfo.fst(88,0-91,1): (Warning 272) Top-level let-bindings must be total; this term may have effects
TLSInfo.fst(98,0-108,11): (Warning 272) Top-level let-bindings must be total; this term may have effects
TLSInfo.fst(534,0-534,50): (Warning 272) Top-level let-bindings must be total; this term may have effects
TLSInfo.fst(538,0-541,10): (Warning 272) Top-level let-bindings must be total; this term may have effects
TLSInfo.fst(0,0-0,0): (Warning 241) Absent cache file cache\Kremlin\TLSInfo.fst.checked; will recheck TLSInfo.fst and all subsequent files
Unable to open hints file: hints/TLSInfo.fst.hints; ran without hints
TLSInfo.fst(79,0-82,1): (Warning 272) Top-level let-bindings must be total; this term may have effects
TLSInfo.fst(88,0-91,1): (Warning 272) Top-level let-bindings must be total; this term may have effects
TLSInfo.fst(98,0-108,11): (Warning 272) Top-level let-bindings must be total; this term may have effects
TLSInfo.fst(534,0-534,50): (Warning 272) Top-level let-bindings must be total; this term may have effects
TLSInfo.fst(538,0-541,10): (Warning 272) Top-level let-bindings must be total; this term may have effects
TLSPRF.fst(0,0-0,0): (Warning 241) Absent cache file cache\OCaml\TLSPRF.fst.checked; will recheck TLSPRF.fst and all subsequent files
Unable to open hints file: hints/TLSPRF.fst.hints; ran without hints
HMAC.UFCMA.fst(0,0-0,0): (Warning 241) Absent cache file cache\OCaml\HMAC.UFCMA.fst.checked; will recheck HMAC.UFCMA.fst and all subsequent files
Unable to open hints file: hints/HMAC.UFCMA.fst.hints; ran without hints
Crypto.Indexing.fst(0,0-0,0): (Warning 241) Absent cache file cache\OCaml\Crypto.Indexing.fst.checked; will recheck Crypto.Indexing.fst and all subsequent files
Unable to open hints file: hints/Crypto.Indexing.fst.hints; ran without hints
AEADOpenssl.fst(0,0-0,0): (Warning 241) Absent cache file cache\Kremlin\AEADOpenssl.fst.checked; will recheck AEADOpenssl.fst and all subsequent files
Unable to open hints file: hints/AEADOpenssl.fst.hints; ran without hints
Crypto.Indexing.fst(0,0-0,0): (Warning 241) Absent cache file cache\Kremlin\Crypto.Indexing.fst.checked; will recheck Crypto.Indexing.fst and all subsequent files
Unable to open hints file: hints/Crypto.Indexing.fst.hints; ran without hints
Extensions.fst(0,0-0,0): (Warning 241) Absent cache file cache\Kremlin\Extensions.fst.checked; will recheck Extensions.fst and all subsequent files
Unable to open hints file: hints/Extensions.fst.hints; ran without hints
TLSPRF.fst(0,0-0,0): (Warning 241) Absent cache file cache\Kremlin\TLSPRF.fst.checked; will recheck TLSPRF.fst and all subsequent files
Unable to open hints file: hints/TLSPRF.fst.hints; ran without hints
HMAC.UFCMA.fst(0,0-0,0): (Warning 241) Absent cache file cache\Kremlin\HMAC.UFCMA.fst.checked; will recheck HMAC.UFCMA.fst and all subsequent files
Unable to open hints file: hints/HMAC.UFCMA.fst.hints; ran without hints
AEADOpenssl.fst(0,0-0,0): (Warning 241) Absent cache file cache\OCaml\AEADOpenssl.fst.checked; will recheck AEADOpenssl.fst and all subsequent files
Unable to open hints file: hints/AEADOpenssl.fst.hints; ran without hints
C:/build/agent2/_work/5/s/hacl-star/secure_api/concrete_specializations/Flag.fst(0,0-0,0): (Warning 241) Absent cache file cache\Kremlin\Flag.fst.checked; will recheck C:/build/agent2/_work/5/s/hacl-star/secure_api/concrete_specializations/Flag.fst and all subsequent files
Unable to open hints file: hints/Flag.fst.hints; ran without hints
C:/build/agent2/_work/5/s/hacl-star/secure_api/LowCProvider/fst/LowCProvider.fst(0,0-0,0): (Warning 241) Absent cache file cache\Kremlin\LowCProvider.fst.checked; will recheck C:/build/agent2/_work/5/s/hacl-star/secure_api/LowCProvider/fst/LowCProvider.fst and all subsequent files
Unable to open hints file: hints/LowCProvider.fst.hints; ran without hints
C:/build/agent2/_work/5/s/hacl-star/secure_api/concrete_specializations/Flag.fst(0,0-0,0): (Warning 241) Absent cache file cache\OCaml\Flag.fst.checked; will recheck C:/build/agent2/_work/5/s/hacl-star/secure_api/concrete_specializations/Flag.fst and all subsequent files
Unable to open hints file: hints/Flag.fst.hints; ran without hints
C:/build/agent2/_work/5/s/hacl-star/secure_api/LowCProvider/fst/LowCProvider.fst(0,0-0,0): (Warning 241) Absent cache file cache\OCaml\LowCProvider.fst.checked; will recheck C:/build/agent2/_work/5/s/hacl-star/secure_api/LowCProvider/fst/LowCProvider.fst and all subsequent files
Unable to open hints file: hints/LowCProvider.fst.hints; ran without hints
Extensions.fst(0,0-0,0): (Warning 241) Absent cache file cache\OCaml\Extensions.fst.checked; will recheck Extensions.fst and all subsequent files
Unable to open hints file: hints/Extensions.fst.hints; ran without hints
C:/build/agent2/_work/5/s/hacl-star/secure_api/Crypto.Plain.fst(0,0-0,0): (Warning 241) Absent cache file cache\Kremlin\Crypto.Plain.fst.checked; will recheck C:/build/agent2/_work/5/s/hacl-star/secure_api/Crypto.Plain.fst and all subsequent files
Unable to open hints file: hints/Crypto.Plain.fst.hints; ran without hints
C:/build/agent2/_work/5/s/hacl-star/secure_api/Crypto.Plain.fst(0,0-0,0): (Warning 241) Absent cache file cache\OCaml\Crypto.Plain.fst.checked; will recheck C:/build/agent2/_work/5/s/hacl-star/secure_api/Crypto.Plain.fst and all subsequent files
Unable to open hints file: hints/Crypto.Plain.fst.hints; ran without hints
Not extracting type definition LowCProvider.aead_state to KreMLin (assumed type)
C:/build/agent2/_work/5/s/hacl-star/secure_api/Crypto.AEAD.Main.fsti(0,0-0,0): (Warning 241) Absent cache file cache\Kremlin\Crypto.AEAD.Main.fsti.checked; will recheck C:/build/agent2/_work/5/s/hacl-star/secure_api/Crypto.AEAD.Main.fsti and all subsequent files
Unable to open hints file: hints/Crypto.AEAD.Main.fsti.hints; ran without hints
C:/build/agent2/_work/5/s/hacl-star/secure_api/Crypto.AEAD.Main.fsti(0,0-0,0): (Warning 241) Absent cache file cache\OCaml\Crypto.AEAD.Main.fsti.checked; will recheck C:/build/agent2/_work/5/s/hacl-star/secure_api/Crypto.AEAD.Main.fsti and all subsequent files
Unable to open hints file: hints/Crypto.AEAD.Main.fsti.hints; ran without hints
AEADProvider.fst(0,0-0,0): (Warning 241) Absent cache file cache\Kremlin\AEADProvider.fst.checked; will recheck AEADProvider.fst and all subsequent files
Unable to open hints file: hints/AEADProvider.fst.hints; ran without hints
AEADProvider.fst(0,0-0,0): (Warning 241) Absent cache file cache\OCaml\AEADProvider.fst.checked; will recheck AEADProvider.fst and all subsequent files
Unable to open hints file: hints/AEADProvider.fst.hints; ran without hints
Not extracting type definition Crypto.AEAD.Main.entry to KreMLin (assumed type)
Not extracting type definition Crypto.AEAD.Main.aead_state to KreMLin (assumed type)
Not extracting type definition Crypto.AEAD.Main.modifies_fp to KreMLin (assumed type)
Not extracting type definition Crypto.AEAD.Main.preserves_fp to KreMLin (assumed type)
Not extracting type definition Crypto.AEAD.Main.invariant to KreMLin (assumed type)
Range.fst(0,0-0,0): (Warning 241) Absent cache file cache\Kremlin\Range.fst.checked; will recheck Range.fst and all subsequent files
Unable to open hints file: hints/Range.fst.hints; ran without hints
Range.fst(0,0-0,0): (Warning 241) Absent cache file cache\OCaml\Range.fst.checked; will recheck Range.fst and all subsequent files
Unable to open hints file: hints/Range.fst.hints; ran without hints
DataStream.fst(0,0-0,0): (Warning 241) Absent cache file cache\Kremlin\DataStream.fst.checked; will recheck DataStream.fst and all subsequent files
Unable to open hints file: hints/DataStream.fst.hints; ran without hints
DataStream.fst(0,0-0,0): (Warning 241) Absent cache file cache\OCaml\DataStream.fst.checked; will recheck DataStream.fst and all subsequent files
Unable to open hints file: hints/DataStream.fst.hints; ran without hints
HandshakeMessages.fsti(0,0-0,0): (Warning 241) Absent cache file cache\Kremlin\HandshakeMessages.fsti.checked; will recheck HandshakeMessages.fsti and all subsequent files
Unable to open hints file: hints/HandshakeMessages.fsti.hints; ran without hints
HandshakeMessages.fsti(0,0-0,0): (Warning 241) Absent cache file cache\OCaml\HandshakeMessages.fsti.checked; will recheck HandshakeMessages.fsti and all subsequent files
Unable to open hints file: hints/HandshakeMessages.fsti.hints; ran without hints
HandshakeLog.fsti(0,0-0,0): (Warning 241) Absent cache file cache\Kremlin\HandshakeLog.fsti.checked; will recheck HandshakeLog.fsti and all subsequent files
Unable to open hints file: hints/HandshakeLog.fsti.hints; ran without hints
Ticket.fst(0,0-0,0): (Warning 241) Absent cache file cache\Kremlin\Ticket.fst.checked; will recheck Ticket.fst and all subsequent files
Unable to open hints file: hints/Ticket.fst.hints; ran without hints
Ticket.fst(30,8-30,53): (Warning 272) Top-level let-bindings must be total; this term may have effects
Ticket.fst(49,8-49,75): (Warning 272) Top-level let-bindings must be total; this term may have effects
Ticket.fst(0,0-0,0): (Warning 241) Absent cache file cache\OCaml\Ticket.fst.checked; will recheck Ticket.fst and all subsequent files
Unable to open hints file: hints/Ticket.fst.hints; ran without hints
Ticket.fst(30,8-30,53): (Warning 272) Top-level let-bindings must be total; this term may have effects
Ticket.fst(49,8-49,75): (Warning 272) Top-level let-bindings must be total; this term may have effects
HandshakeLog.fsti(0,0-0,0): (Warning 241) Absent cache file cache\OCaml\HandshakeLog.fsti.checked; will recheck HandshakeLog.fsti and all subsequent files
Unable to open hints file: hints/HandshakeLog.fsti.hints; ran without hints
Alert.fst(0,0-0,0): (Warning 241) Absent cache file cache\Kremlin\Alert.fst.checked; will recheck Alert.fst and all subsequent files
Unable to open hints file: hints/Alert.fst.hints; ran without hints
Alert.fst(0,0-0,0): (Warning 241) Absent cache file cache\OCaml\Alert.fst.checked; will recheck Alert.fst and all subsequent files
Unable to open hints file: hints/Alert.fst.hints; ran without hints
HandshakeLog.fst(0,0-0,0): (Warning 241) Absent cache file cache\Kremlin\HandshakeLog.fst.checked; will recheck HandshakeLog.fst and all subsequent files
Unable to open hints file: hints/HandshakeLog.fst.hints; ran without hints
HandshakeLog.fst(0,0-0,0): (Warning 241) Absent cache file cache\OCaml\HandshakeLog.fst.checked; will recheck HandshakeLog.fst and all subsequent files
Unable to open hints file: hints/HandshakeLog.fst.hints; ran without hints
Content.fst(0,0-0,0): (Warning 241) Absent cache file cache\Kremlin\Content.fst.checked; will recheck Content.fst and all subsequent files
Unable to open hints file: hints/Content.fst.hints; ran without hints
Content.fst(0,0-0,0): (Warning 241) Absent cache file cache\OCaml\Content.fst.checked; will recheck Content.fst and all subsequent files
Unable to open hints file: hints/Content.fst.hints; ran without hints
StatefulPlain.fst(0,0-0,0): (Warning 241) Absent cache file cache\Kremlin\StatefulPlain.fst.checked; will recheck StatefulPlain.fst and all subsequent files
Unable to open hints file: hints/StatefulPlain.fst.hints; ran without hints
HandshakeMessages.fst(0,0-0,0): (Warning 241) Absent cache file cache\Kremlin\HandshakeMessages.fst.checked; will recheck HandshakeMessages.fst and all subsequent files
Unable to open hints file: hints/HandshakeMessages.fst.hints; ran without hints
Negotiation.fst(0,0-0,0): (Warning 241) Absent cache file cache\OCaml\Negotiation.fst.checked; will recheck Negotiation.fst and all subsequent files
Unable to open hints file: hints/Negotiation.fst.hints; ran without hints
HandshakeMessages.fst(0,0-0,0): (Warning 241) Absent cache file cache\OCaml\HandshakeMessages.fst.checked; will recheck HandshakeMessages.fst and all subsequent files
Unable to open hints file: hints/HandshakeMessages.fst.hints; ran without hints
StreamPlain.fst(0,0-0,0): (Warning 241) Absent cache file cache\Kremlin\StreamPlain.fst.checked; will recheck StreamPlain.fst and all subsequent files
Unable to open hints file: hints/StreamPlain.fst.hints; ran without hints
Record.fst(0,0-0,0): (Warning 241) Absent cache file cache\Kremlin\Record.fst.checked; will recheck Record.fst and all subsequent files
Unable to open hints file: hints/Record.fst.hints; ran without hints
StatefulPlain.fst(0,0-0,0): (Warning 241) Absent cache file cache\OCaml\StatefulPlain.fst.checked; will recheck StatefulPlain.fst and all subsequent files
Unable to open hints file: hints/StatefulPlain.fst.hints; ran without hints
Negotiation.fst(0,0-0,0): (Warning 241) Absent cache file cache\Kremlin\Negotiation.fst.checked; will recheck Negotiation.fst and all subsequent files
Unable to open hints file: hints/Negotiation.fst.hints; ran without hints
StreamPlain.fst(0,0-0,0): (Warning 241) Absent cache file cache\OCaml\StreamPlain.fst.checked; will recheck StreamPlain.fst and all subsequent files
Unable to open hints file: hints/StreamPlain.fst.hints; ran without hints
LHAEPlain.fst(0,0-0,0): (Warning 241) Absent cache file cache\Kremlin\LHAEPlain.fst.checked; will recheck LHAEPlain.fst and all subsequent files
Unable to open hints file: hints/LHAEPlain.fst.hints; ran without hints
Record.fst(0,0-0,0): (Warning 241) Absent cache file cache\OCaml\Record.fst.checked; will recheck Record.fst and all subsequent files
Unable to open hints file: hints/Record.fst.hints; ran without hints
LHAEPlain.fst(0,0-0,0): (Warning 241) Absent cache file cache\OCaml\LHAEPlain.fst.checked; will recheck LHAEPlain.fst and all subsequent files
Unable to open hints file: hints/LHAEPlain.fst.hints; ran without hints
StreamAE.fst(0,0-0,0): (Warning 241) Absent cache file cache\Kremlin\StreamAE.fst.checked; will recheck StreamAE.fst and all subsequent files
Unable to open hints file: hints/StreamAE.fst.hints; ran without hints
StreamAE.fst(0,0-0,0): (Warning 241) Absent cache file cache\OCaml\StreamAE.fst.checked; will recheck StreamAE.fst and all subsequent files
Unable to open hints file: hints/StreamAE.fst.hints; ran without hints
AEAD_GCM.fst(0,0-0,0): (Warning 241) Absent cache file cache\Kremlin\AEAD_GCM.fst.checked; will recheck AEAD_GCM.fst and all subsequent files
Unable to open hints file: hints/AEAD_GCM.fst.hints; ran without hints
AEAD_GCM.fst(0,0-0,0): (Warning 241) Absent cache file cache\OCaml\AEAD_GCM.fst.checked; will recheck AEAD_GCM.fst and all subsequent files
Unable to open hints file: hints/AEAD_GCM.fst.hints; ran without hints
StatefulLHAE.fst(0,0-0,0): (Warning 241) Absent cache file cache\Kremlin\StatefulLHAE.fst.checked; will recheck StatefulLHAE.fst and all subsequent files
Unable to open hints file: hints/StatefulLHAE.fst.hints; ran without hints
StatefulLHAE.fst(0,0-0,0): (Warning 241) Absent cache file cache\OCaml\StatefulLHAE.fst.checked; will recheck StatefulLHAE.fst and all subsequent files
Unable to open hints file: hints/StatefulLHAE.fst.hints; ran without hints
StAE.fst(0,0-0,0): (Warning 241) Absent cache file cache\Kremlin\StAE.fst.checked; will recheck StAE.fst and all subsequent files
Unable to open hints file: hints/StAE.fst.hints; ran without hints
StAE.fst(0,0-0,0): (Warning 241) Absent cache file cache\OCaml\StAE.fst.checked; will recheck StAE.fst and all subsequent files
Unable to open hints file: hints/StAE.fst.hints; ran without hints
StreamDeltas.fst(0,0-0,0): (Warning 241) Absent cache file cache\Kremlin\StreamDeltas.fst.checked; will recheck StreamDeltas.fst and all subsequent files
Unable to open hints file: hints/StreamDeltas.fst.hints; ran without hints
Test.StAE.fst(0,0-0,0): (Warning 241) Absent cache file cache\Kremlin\Test.StAE.fst.checked; will recheck Test.StAE.fst and all subsequent files
Unable to open hints file: hints/Test.StAE.fst.hints; ran without hints
Test.StAE.fst(36,0-36,35): (Warning 272) Top-level let-bindings must be total; this term may have effects
StreamDeltas.fst(0,0-0,0): (Warning 241) Absent cache file cache\OCaml\StreamDeltas.fst.checked; will recheck StreamDeltas.fst and all subsequent files
Unable to open hints file: hints/StreamDeltas.fst.hints; ran without hints
Test.StAE.fst(0,0-0,0): (Warning 241) Absent cache file cache\OCaml\Test.StAE.fst.checked; will recheck Test.StAE.fst and all subsequent files
Unable to open hints file: hints/Test.StAE.fst.hints; ran without hints
Test.StAE.fst(36,0-36,35): (Warning 272) Top-level let-bindings must be total; this term may have effects
KeySchedule.fst(0,0-0,0): (Warning 241) Absent cache file cache\Kremlin\KeySchedule.fst.checked; will recheck KeySchedule.fst and all subsequent files
Unable to open hints file: hints/KeySchedule.fst.hints; ran without hints
KeySchedule.fst(0,0-0,0): (Warning 241) Absent cache file cache\OCaml\KeySchedule.fst.checked; will recheck KeySchedule.fst and all subsequent files
Unable to open hints file: hints/KeySchedule.fst.hints; ran without hints
Epochs.fst(0,0-0,0): (Warning 241) Absent cache file cache\Kremlin\Epochs.fst.checked; will recheck Epochs.fst and all subsequent files
Unable to open hints file: hints/Epochs.fst.hints; ran without hints
Epochs.fst(0,0-0,0): (Warning 241) Absent cache file cache\OCaml\Epochs.fst.checked; will recheck Epochs.fst and all subsequent files
Unable to open hints file: hints/Epochs.fst.hints; ran without hints
Handshake.fsti(0,0-0,0): (Warning 241) Absent cache file cache\Kremlin\Handshake.fsti.checked; will recheck Handshake.fsti and all subsequent files
Unable to open hints file: hints/Handshake.fsti.hints; ran without hints
Handshake.fsti(0,0-0,0): (Warning 241) Absent cache file cache\OCaml\Handshake.fsti.checked; will recheck Handshake.fsti and all subsequent files
Unable to open hints file: hints/Handshake.fsti.hints; ran without hints
Connection.fst(0,0-0,0): (Warning 241) Absent cache file cache\Kremlin\Connection.fst.checked; will recheck Connection.fst and all subsequent files
Unable to open hints file: hints/Connection.fst.hints; ran without hints
Test.Handshake.fst(0,0-0,0): (Warning 241) Absent cache file cache\Kremlin\Test.Handshake.fst.checked; will recheck Test.Handshake.fst and all subsequent files
Unable to open hints file: hints/Test.Handshake.fst.hints; ran without hints
Test.Handshake.fst(23,0-23,35): (Warning 272) Top-level let-bindings must be total; this term may have effects
Connection.fst(0,0-0,0): (Warning 241) Absent cache file cache\OCaml\Connection.fst.checked; will recheck Connection.fst and all subsequent files
Unable to open hints file: hints/Connection.fst.hints; ran without hints
Test.Handshake.fst(0,0-0,0): (Warning 241) Absent cache file cache\OCaml\Test.Handshake.fst.checked; will recheck Test.Handshake.fst and all subsequent files
Unable to open hints file: hints/Test.Handshake.fst.hints; ran without hints
Test.Handshake.fst(23,0-23,35): (Warning 272) Top-level let-bindings must be total; this term may have effects
Test.Main.fst(0,0-0,0): (Warning 241) Absent cache file cache\Kremlin\Test.Main.fst.checked; will recheck Test.Main.fst and all subsequent files
Unable to open hints file: hints/Test.Main.fst.hints; ran without hints
Test.Main.fst(0,0-0,0): (Warning 241) Absent cache file cache\OCaml\Test.Main.fst.checked; will recheck Test.Main.fst and all subsequent files
Unable to open hints file: hints/Test.Main.fst.hints; ran without hints
TLS.fst(0,0-0,0): (Warning 241) Absent cache file cache\Kremlin\TLS.fst.checked; will recheck TLS.fst and all subsequent files
Unable to open hints file: hints/TLS.fst.hints; ran without hints
Handshake.fst(0,0-0,0): (Warning 241) Absent cache file cache\OCaml\Handshake.fst.checked; will recheck Handshake.fst and all subsequent files
Unable to open hints file: hints/Handshake.fst.hints; ran without hints
TLS.fst(0,0-0,0): (Warning 241) Absent cache file cache\OCaml\TLS.fst.checked; will recheck TLS.fst and all subsequent files
Unable to open hints file: hints/TLS.fst.hints; ran without hints
FFI.fst(0,0-0,0): (Warning 241) Absent cache file cache\Kremlin\FFI.fst.checked; will recheck FFI.fst and all subsequent files
Unable to open hints file: hints/FFI.fst.hints; ran without hints
QUIC.fst(0,0-0,0): (Warning 241) Absent cache file cache\Kremlin\QUIC.fst.checked; will recheck QUIC.fst and all subsequent files
Unable to open hints file: hints/QUIC.fst.hints; ran without hints
Handshake.fst(0,0-0,0): (Warning 241) Absent cache file cache\Kremlin\Handshake.fst.checked; will recheck Handshake.fst and all subsequent files
Unable to open hints file: hints/Handshake.fst.hints; ran without hints
FFI.fst(0,0-0,0): (Warning 241) Absent cache file cache\OCaml\FFI.fst.checked; will recheck FFI.fst and all subsequent files
Unable to open hints file: hints/FFI.fst.hints; ran without hints
QUIC.fst(0,0-0,0): (Warning 241) Absent cache file cache\OCaml\QUIC.fst.checked; will recheck QUIC.fst and all subsequent files
Unable to open hints file: hints/QUIC.fst.hints; ran without hints
Not extracting type definition Handshake.hs_invT to KreMLin (assumed type)
Warning 10: : -drop is deprecated
use a combination of -bundle and -d reachability to make sure the functions are eliminated as you wish
Warning 13: : C.exit_code, a monomorphic instance, is first used, and therefore inserted, in file C which is about to be dropped; you may get a C compiler error about C_exit_code if any other module uses this definition
Warning 13: : FFICallbacks.callbacks, a monomorphic instance, is first used, and therefore inserted, in file FFICallbacks which is about to be dropped; you may get a C compiler error about FFICallbacks_callbacks if any other module uses this definition
Warning 13: : Crypto.AEAD.Main.eternal_region, a monomorphic instance, is first used, and therefore inserted, in file Crypto_AEAD_Main which is about to be dropped; you may get a C compiler error about Crypto_AEAD_Main_eternal_region if any other module uses this definition
Warning 13: : Crypto.AEAD.Main.aadlen_32, a monomorphic instance, is first used, and therefore inserted, in file Crypto_AEAD_Main which is about to be dropped; you may get a C compiler error about Crypto_AEAD_Main_aadlen_32 if any other module uses this definition
Warning 10: : -drop is deprecated
use a combination of -bundle and -d reachability to make sure the functions are eliminated as you wish
Warning 2: in the definition of suffix1, after the definition of prefix, in top-level declaration FFI.split_string, in file FFI: Reference to FStar.String.strlen has no corresponding implementation; please provide a C implementation
Warning 2: in the scrutinee, in the definition of ogl, after the definition of ngl1, in top-level declaration FFI.ffiSetNamedGroups, in file FFI: Reference to FStar.String.strlen has no corresponding implementation; please provide a C implementation
Warning 2: in the scrutinee, in top-level declaration FFI.encodeALPN, in file FFI: Reference to FStar.String.strlen has no corresponding implementation; please provide a C implementation
Warning 13: : Crypto.AEAD.Main.eternal_region, a monomorphic instance, is first used, and therefore inserted, in file Crypto_AEAD_Main which is about to be dropped; you may get a C compiler error about Crypto_AEAD_Main_eternal_region if any other module uses this definition
Warning 13: : Crypto.AEAD.Main.aadlen_32, a monomorphic instance, is first used, and therefore inserted, in file Crypto_AEAD_Main which is about to be dropped; you may get a C compiler error about Crypto_AEAD_Main_aadlen_32 if any other module uses this definition
quic.c:1:0: warning: -fPIC ignored for target (all code is position independent)
#define __USE_MINGW_ANSI_STDIO 1
^
