From https://github.com/FStarLang/FStar
9a3a47b5a..2088611a8  master              -> origin/master
67ea99e66..66da31928  aseem_misc          -> origin/aseem_misc
c4db033a7..c46a2c706  c_popl              -> origin/c_popl
2b0204129..cf4ca08a3  danel_graded_monads -> origin/danel_graded_monads
ef03b63cf..c46a2c706  guido_nbe           -> origin/guido_nbe
* [new branch]          guido_pat           -> origin/guido_pat
* [new branch]          guido_pat2          -> origin/guido_pat2
* [new branch]          guido_pat3          -> origin/guido_pat3
84188741c..2088611a8  nik_183             -> origin/nik_183
675965aab..86e0104c6  nik_dep             -> origin/nik_dep
57708bdbd..992b8b780  taramana_bufferv3   -> origin/taramana_bufferv3
FStar.Seq.Base.fst(0,0-0,0): (Warning 241) Stale cache file FStar.Seq.Base.fst.checked.lax; will recheck FStar.Seq.Base.fst and all subsequent files
FStar.Seq.Properties.fst(0,0-0,0): (Warning 241) Stale cache file FStar.Seq.Properties.fst.checked.lax; will recheck FStar.Seq.Properties.fst and all subsequent files
FStar.Seq.fst(0,0-0,0): (Warning 241) Stale cache file FStar.Seq.fst.checked.lax; will recheck FStar.Seq.fst and all subsequent files
FStar.Fin.fst(0,0-0,0): (Warning 241) Stale cache file FStar.Fin.fst.checked.lax; will recheck FStar.Fin.fst and all subsequent files
FStar.Seq.Sorted.fst(0,0-0,0): (Warning 241) Stale cache file FStar.Seq.Sorted.fst.checked.lax; will recheck FStar.Seq.Sorted.fst and all subsequent files
FStar.BitVector.fst(0,0-0,0): (Warning 241) Stale cache file FStar.BitVector.fst.checked.lax; will recheck FStar.BitVector.fst and all subsequent files
FStar.Array.fst(0,0-0,0): (Warning 241) Stale cache file FStar.Array.fst.checked.lax; will recheck FStar.Array.fst and all subsequent files
FStar.Monotonic.Seq.fst(0,0-0,0): (Warning 241) Stale cache file FStar.Monotonic.Seq.fst.checked.lax; will recheck FStar.Monotonic.Seq.fst and all subsequent files
FStar.UInt.fst(0,0-0,0): (Warning 241) Stale cache file FStar.UInt.fst.checked.lax; will recheck FStar.UInt.fst and all subsequent files
FStar.UInt32.fst(0,0-0,0): (Warning 241) Stale cache file FStar.UInt32.fst.checked.lax; will recheck FStar.UInt32.fst and all subsequent files
FStar.BV.fst(0,0-0,0): (Warning 241) Stale cache file FStar.BV.fst.checked.lax; will recheck FStar.BV.fst and all subsequent files
FStar.Int31.fst(0,0-0,0): (Warning 241) Stale cache file FStar.Int31.fst.checked.lax; will recheck FStar.Int31.fst and all subsequent files
FStar.Char.fsti(0,0-0,0): (Warning 241) Stale cache file FStar.Char.fsti.checked.lax; will recheck FStar.Char.fsti and all subsequent files
FStar.Int32.fst(0,0-0,0): (Warning 241) Stale cache file FStar.Int32.fst.checked.lax; will recheck FStar.Int32.fst and all subsequent files
FStar.UInt8.fst(0,0-0,0): (Warning 241) Stale cache file FStar.UInt8.fst.checked.lax; will recheck FStar.UInt8.fst and all subsequent files
FStar.UInt16.fst(0,0-0,0): (Warning 241) Stale cache file FStar.UInt16.fst.checked.lax; will recheck FStar.UInt16.fst and all subsequent files
FStar.Int8.fst(0,0-0,0): (Warning 241) Stale cache file FStar.Int8.fst.checked.lax; will recheck FStar.Int8.fst and all subsequent files
FStar.UInt64.fst(0,0-0,0): (Warning 241) Stale cache file FStar.UInt64.fst.checked.lax; will recheck FStar.UInt64.fst and all subsequent files
FStar.Int16.fst(0,0-0,0): (Warning 241) Stale cache file FStar.Int16.fst.checked.lax; will recheck FStar.Int16.fst and all subsequent files
FStar.Int64.fst(0,0-0,0): (Warning 241) Stale cache file FStar.Int64.fst.checked.lax; will recheck FStar.Int64.fst and all subsequent files
FStar.UInt31.fst(0,0-0,0): (Warning 241) Stale cache file FStar.UInt31.fst.checked.lax; will recheck FStar.UInt31.fst and all subsequent files
FStar.Int63.fst(0,0-0,0): (Warning 241) Stale cache file FStar.Int63.fst.checked.lax; will recheck FStar.Int63.fst and all subsequent files
FStar.UInt63.fst(0,0-0,0): (Warning 241) Stale cache file FStar.UInt63.fst.checked.lax; will recheck FStar.UInt63.fst and all subsequent files
FStar.String.fsti(0,0-0,0): (Warning 241) Stale cache file FStar.String.fsti.checked.lax; will recheck FStar.String.fsti and all subsequent files
FStar.IO.fst(0,0-0,0): (Warning 241) Stale cache file FStar.IO.fst.checked.lax; will recheck FStar.IO.fst and all subsequent files
FStar.UInt128.fsti(0,0-0,0): (Warning 241) Stale cache file FStar.UInt128.fsti.checked.lax; will recheck FStar.UInt128.fsti and all subsequent files
FStar.Int128.fst(0,0-0,0): (Warning 241) Stale cache file FStar.Int128.fst.checked.lax; will recheck FStar.Int128.fst and all subsequent files
LowStar.Buffer.fsti(0,0-0,0): (Warning 241) Stale cache file LowStar.Buffer.fsti.checked.lax; will recheck LowStar.Buffer.fsti and all subsequent files
FStar.Int.Cast.fst(0,0-0,0): (Warning 241) Stale cache file FStar.Int.Cast.fst.checked.lax; will recheck FStar.Int.Cast.fst and all subsequent files
FStar.Error.fst(0,0-0,0): (Warning 241) Stale cache file FStar.Error.fst.checked.lax; will recheck FStar.Error.fst and all subsequent files
FStar.Int.Cast.Full.fst(0,0-0,0): (Warning 241) Stale cache file FStar.Int.Cast.Full.fst.checked.lax; will recheck FStar.Int.Cast.Full.fst and all subsequent files
LowStar.BufferCompat.fst(0,0-0,0): (Warning 241) Stale cache file LowStar.BufferCompat.fst.checked.lax; will recheck LowStar.BufferCompat.fst and all subsequent files
LowStar.Modifies.fst(0,0-0,0): (Warning 241) Stale cache file LowStar.Modifies.fst.checked.lax; will recheck LowStar.Modifies.fst and all subsequent files
LowStar.BufferOps.fst(0,0-0,0): (Warning 241) Stale cache file LowStar.BufferOps.fst.checked.lax; will recheck LowStar.BufferOps.fst and all subsequent files
FStar.Integers.fst(0,0-0,0): (Warning 241) Stale cache file FStar.Integers.fst.checked.lax; will recheck FStar.Integers.fst and all subsequent files
LowStar.BufferView.fst(0,0-0,0): (Warning 241) Stale cache file LowStar.BufferView.fst.checked.lax; will recheck LowStar.BufferView.fst and all subsequent files
LowStar.ModifiesPat.fst(0,0-0,0): (Warning 241) Stale cache file LowStar.ModifiesPat.fst.checked.lax; will recheck LowStar.ModifiesPat.fst and all subsequent files
FStar.Buffer.fst(0,0-0,0): (Warning 241) Stale cache file FStar.Buffer.fst.checked.lax; will recheck FStar.Buffer.fst and all subsequent files
FStar.ConstantTime.Integers.fst(0,0-0,0): (Warning 241) Stale cache file FStar.ConstantTime.Integers.fst.checked.lax; will recheck FStar.ConstantTime.Integers.fst and all subsequent files
FStar.Pointer.Base.fsti(0,0-0,0): (Warning 241) Stale cache file FStar.Pointer.Base.fsti.checked.lax; will recheck FStar.Pointer.Base.fsti and all subsequent files
FStar.UInt128.fst(0,0-0,0): (Warning 241) Stale cache file FStar.UInt128.fst.checked.lax; will recheck FStar.UInt128.fst and all subsequent files
FStar.Buffer.Quantifiers.fst(0,0-0,0): (Warning 241) Stale cache file FStar.Buffer.Quantifiers.fst.checked.lax; will recheck FStar.Buffer.Quantifiers.fst and all subsequent files
FStar.Modifies.fsti(0,0-0,0): (Warning 241) Stale cache file FStar.Modifies.fsti.checked.lax; will recheck FStar.Modifies.fsti and all subsequent files
FStar.Pointer.Derived1.fsti(0,0-0,0): (Warning 241) Stale cache file FStar.Pointer.Derived1.fsti.checked.lax; will recheck FStar.Pointer.Derived1.fsti and all subsequent files
FStar.Pointer.Derived3.fsti(0,0-0,0): (Warning 241) Stale cache file FStar.Pointer.Derived3.fsti.checked.lax; will recheck FStar.Pointer.Derived3.fsti and all subsequent files
LowStar.ToFStarBuffer.fst(0,0-0,0): (Warning 241) Stale cache file LowStar.ToFStarBuffer.fst.checked.lax; will recheck LowStar.ToFStarBuffer.fst and all subsequent files
FStar.Pointer.Derived2.fsti(0,0-0,0): (Warning 241) Stale cache file FStar.Pointer.Derived2.fsti.checked.lax; will recheck FStar.Pointer.Derived2.fsti and all subsequent files
FStar.Pointer.fst(0,0-0,0): (Warning 241) Stale cache file FStar.Pointer.fst.checked.lax; will recheck FStar.Pointer.fst and all subsequent files
FStar.Modifies.fst(0,0-0,0): (Warning 241) Stale cache file FStar.Modifies.fst.checked.lax; will recheck FStar.Modifies.fst and all subsequent files
LowStar.Buffer.fst(0,0-0,0): (Warning 241) Stale cache file LowStar.Buffer.fst.checked.lax; will recheck LowStar.Buffer.fst and all subsequent files
FStar.Pointer.Base.fst(0,0-0,0): (Warning 241) Stale cache file FStar.Pointer.Base.fst.checked.lax; will recheck FStar.Pointer.Base.fst and all subsequent files
FStar.BV.fsti(0,0-0,0): (Warning 241) Stale cache file FStar.BV.fsti.checked.lax; will recheck FStar.BV.fsti and all subsequent files
FStar.Reflection.Derived.fst(0,0-0,0): (Warning 241) Stale cache file FStar.Reflection.Derived.fst.checked.lax; will recheck FStar.Reflection.Derived.fst and all subsequent files
FStar.Reflection.Derived.Lemmas.fst(0,0-0,0): (Warning 241) Stale cache file FStar.Reflection.Derived.Lemmas.fst.checked.lax; will recheck FStar.Reflection.Derived.Lemmas.fst and all subsequent files
FStar.Reflection.Formula.fst(0,0-0,0): (Warning 241) Stale cache file FStar.Reflection.Formula.fst.checked.lax; will recheck FStar.Reflection.Formula.fst and all subsequent files
FStar.Reflection.fst(0,0-0,0): (Warning 241) Stale cache file FStar.Reflection.fst.checked.lax; will recheck FStar.Reflection.fst and all subsequent files
FStar.Tactics.Derived.fst(0,0-0,0): (Warning 241) Stale cache file FStar.Tactics.Derived.fst.checked.lax; will recheck FStar.Tactics.Derived.fst and all subsequent files
FStar.Tactics.Logic.fst(0,0-0,0): (Warning 241) Stale cache file FStar.Tactics.Logic.fst.checked.lax; will recheck FStar.Tactics.Logic.fst and all subsequent files
FStar.Tactics.fst(0,0-0,0): (Warning 241) Stale cache file FStar.Tactics.fst.checked.lax; will recheck FStar.Tactics.fst and all subsequent files
FStar.Tactics.Simplifier.fst(0,0-0,0): (Warning 241) Stale cache file FStar.Tactics.Simplifier.fst.checked.lax; will recheck FStar.Tactics.Simplifier.fst and all subsequent files
FStar.Tactics.Typeclasses.fst(0,0-0,0): (Warning 241) Stale cache file FStar.Tactics.Typeclasses.fst.checked.lax; will recheck FStar.Tactics.Typeclasses.fst and all subsequent files
FStar.Reflection.Arith.fst(0,0-0,0): (Warning 241) Stale cache file FStar.Reflection.Arith.fst.checked.lax; will recheck FStar.Reflection.Arith.fst and all subsequent files
FStar.Tactics.PatternMatching.fst(0,0-0,0): (Warning 241) Stale cache file FStar.Tactics.PatternMatching.fst.checked.lax; will recheck FStar.Tactics.PatternMatching.fst and all subsequent files
FStar.Tactics.Canon.fst(0,0-0,0): (Warning 241) Stale cache file FStar.Tactics.Canon.fst.checked.lax; will recheck FStar.Tactics.Canon.fst and all subsequent files
FStar.Tactics.Arith.fst(0,0-0,0): (Warning 241) Stale cache file FStar.Tactics.Arith.fst.checked.lax; will recheck FStar.Tactics.Arith.fst and all subsequent files
FStar.Tactics.BV.fst(0,0-0,0): (Warning 241) Stale cache file FStar.Tactics.BV.fst.checked.lax; will recheck FStar.Tactics.BV.fst and all subsequent files
make[1]: *** [Makefile:99: _fstartaclib] Error 10
make: *** [Makefile:3: all] Error 2
make[1]: *** No rule to make target 'LowStar.Modifies.fsti', needed by 'LowStar.Modifies.fsti.checked'.  Stop.
make[1]: *** Waiting for unfinished jobs....
FStar.Heap.fst(0,0-0,0): (Warning 241) Stale cache file FStar.Heap.fst.checked; will recheck FStar.Heap.fst and all subsequent files
FStar.Monotonic.HyperHeap.fst(0,0-0,0): (Warning 241) Stale cache file FStar.Monotonic.HyperHeap.fst.checked; will recheck FStar.Monotonic.HyperHeap.fst and all subsequent files
FStar.Seq.Base.fst(0,0-0,0): (Warning 241) Stale cache file FStar.Seq.Base.fst.checked; will recheck FStar.Seq.Base.fst and all subsequent files
make: *** [Makefile:12: all] Error 2
