From https://github.com/FStarLang/FStar
d9794ac01..9bf364628  master            -> origin/master
9448aedd0..b13772116  _nik_refine       -> origin/_nik_refine
535b03ed2..50eca30a2  _refine           -> origin/_refine
+ d8cd44935...e3afb6bfe guido_sl          -> origin/guido_sl  (forced update)
* [new branch]          nik_refine        -> origin/nik_refine
2f775863f..4712b601e  taramana_bufferv3 -> origin/taramana_bufferv3
LowStar.Buffer.fsti(0,0-0,0): (Warning 241) Stale cache file LowStar.Buffer.fsti.checked.lax; will recheck LowStar.Buffer.fsti and all subsequent files
LowStar.Modifies.fst(0,0-0,0): (Warning 241) Stale cache file LowStar.Modifies.fst.checked.lax; will recheck LowStar.Modifies.fst and all subsequent files
LowStar.BufferCompat.fst(0,0-0,0): (Warning 241) Stale cache file LowStar.BufferCompat.fst.checked.lax; will recheck LowStar.BufferCompat.fst and all subsequent files
LowStar.BufferOps.fst(0,0-0,0): (Warning 241) Stale cache file LowStar.BufferOps.fst.checked.lax; will recheck LowStar.BufferOps.fst and all subsequent files
LowStar.ModifiesPat.fst(0,0-0,0): (Warning 241) Stale cache file LowStar.ModifiesPat.fst.checked.lax; will recheck LowStar.ModifiesPat.fst and all subsequent files
LowStar.ToFStarBuffer.fst(0,0-0,0): (Warning 241) Stale cache file LowStar.ToFStarBuffer.fst.checked.lax; will recheck LowStar.ToFStarBuffer.fst and all subsequent files
LowStar.Buffer.fst(0,0-0,0): (Warning 241) Stale cache file LowStar.Buffer.fst.checked.lax; will recheck LowStar.Buffer.fst and all subsequent files
make[1]: *** [Makefile:105: _fstartaclib] Error 10
make: *** [Makefile:3: all] Error 2
make[1]: *** No rule to make target 'LowStar.Modifies.fsti', needed by 'LowStar.Modifies.fsti.checked'.  Stop.
make[1]: *** Waiting for unfinished jobs....
FStar.Heap.fst(0,0-0,0): (Warning 241) Stale cache file FStar.Heap.fst.checked; will recheck FStar.Heap.fst and all subsequent files
FStar.Tactics.Builtins.fst(0,0-0,0): (Warning 241) Stale cache file FStar.Tactics.Builtins.fst.checked; will recheck FStar.Tactics.Builtins.fst and all subsequent files
FStar.List.Pure.fst(0,0-0,0): (Warning 241) Stale cache file FStar.List.Pure.fst.checked; will recheck FStar.List.Pure.fst and all subsequent files
FStar.Tactics.Util.fst(0,0-0,0): (Warning 241) Stale cache file FStar.Tactics.Util.fst.checked; will recheck FStar.Tactics.Util.fst and all subsequent files
FStar.Monotonic.HyperHeap.fst(0,0-0,0): (Warning 241) Stale cache file FStar.Monotonic.HyperHeap.fst.checked; will recheck FStar.Monotonic.HyperHeap.fst and all subsequent files
FStar.Seq.Base.fst(0,0-0,0): (Warning 241) Stale cache file FStar.Seq.Base.fst.checked; will recheck FStar.Seq.Base.fst and all subsequent files
FStar.OrdSet.fst(0,0-0,0): (Warning 241) Stale cache file FStar.OrdSet.fst.checked; will recheck FStar.OrdSet.fst and all subsequent files
make: *** [Makefile:12: all] Error 2
