From https://github.com/FStarLang/FStar
* [new branch]          c_delta-equational -> origin/c_delta-equational
12128c61f..08e7645d1  c_prop-dev         -> origin/c_prop-dev
From https://github.com/FStarLang/kremlin
2739d4f..b254937  fstar-master -> origin/fstar-master
From https://github.com/mitls/hacl-star
1c5845cd..9046afb9  dev_specs  -> origin/dev_specs
C:/build/agent1/_work/2/s/hacl-star/code/bignum/Hacl.Spec.Bignum.Field.fst(0,0-0,0): (Warning 241) Stale cache file ..\secure_api\out\hacl_aes_abstract_id\cache\Hacl.Spec.Bignum.Field.fst.checked.lax; will recheck C:/build/agent1/_work/2/s/hacl-star/code/bignum/Hacl.Spec.Bignum.Field.fst and all subsequent files
C:/build/agent1/_work/2/s/hacl-star/code/bignum/Hacl.Spec.Bignum.Field.fst(0,0-0,0): (Warning 241) Stale cache file ..\secure_api\out\vale_aes_abstract_id\cache\Hacl.Spec.Bignum.Field.fst.checked.lax; will recheck C:/build/agent1/_work/2/s/hacl-star/code/bignum/Hacl.Spec.Bignum.Field.fst and all subsequent files
C:/build/agent1/_work/2/s/hacl-star/code/bignum/Hacl.Spec.Bignum.Field.fst(0,0-0,0): (Warning 241) Stale cache file ..\secure_api\out\runtime_switch\cache\Hacl.Spec.Bignum.Field.fst.checked.lax; will recheck C:/build/agent1/_work/2/s/hacl-star/code/bignum/Hacl.Spec.Bignum.Field.fst and all subsequent files
make[2]: *** No rule to make target 'C:/build/agent1/_work/2/s/hacl-star/code/hash/Hacl.Hash.SHA2_384.Lemmas.fst', needed by '../secure_api/out/vale_aes_abstract_id/cache/Hacl.Hash.SHA2_384.Lemmas.fst.checked.lax'.  Stop.
make[2]: *** Waiting for unfinished jobs....
make[2]: *** No rule to make target 'C:/build/agent1/_work/2/s/hacl-star/code/hash/Hacl.Hash.SHA2_384.Lemmas.fst', needed by '../secure_api/out/hacl_aes_abstract_id/cache/Hacl.Hash.SHA2_384.Lemmas.fst.checked.lax'.  Stop.
make[2]: *** Waiting for unfinished jobs....
make[2]: *** No rule to make target 'C:/build/agent1/_work/2/s/hacl-star/code/hash/Hacl.Hash.SHA2_384.Lemmas.fst', needed by '../secure_api/out/runtime_switch/cache/Hacl.Hash.SHA2_384.Lemmas.fst.checked.lax'.  Stop.
make[2]: *** Waiting for unfinished jobs....
C:/build/agent1/_work/2/s/hacl-star/code/poly1305/Hacl.Bignum.Parameters.fst(0,0-0,0): (Warning 241) Stale cache file ..\secure_api\out\hacl_aes_abstract_id\cache\Hacl.Bignum.Parameters.fst.checked.lax; will recheck C:/build/agent1/_work/2/s/hacl-star/code/poly1305/Hacl.Bignum.Parameters.fst and all subsequent files
C:/build/agent1/_work/2/s/hacl-star/code/poly1305/Hacl.Bignum.Parameters.fst(0,0-0,0): (Warning 241) Stale cache file ..\secure_api\out\runtime_switch\cache\Hacl.Bignum.Parameters.fst.checked.lax; will recheck C:/build/agent1/_work/2/s/hacl-star/code/poly1305/Hacl.Bignum.Parameters.fst and all subsequent files
C:/build/agent1/_work/2/s/hacl-star/code/poly1305/Hacl.Bignum.Parameters.fst(0,0-0,0): (Warning 241) Stale cache file ..\secure_api\out\vale_aes_abstract_id\cache\Hacl.Bignum.Parameters.fst.checked.lax; will recheck C:/build/agent1/_work/2/s/hacl-star/code/poly1305/Hacl.Bignum.Parameters.fst and all subsequent files
C:/build/agent1/_work/2/s/hacl-star/code/lib/kremlin/Hacl.Endianness.fst(0,0-0,0): (Warning 241) Stale cache file ..\secure_api\out\vale_aes_abstract_id\cache\Hacl.Endianness.fst.checked.lax; will recheck C:/build/agent1/_work/2/s/hacl-star/code/lib/kremlin/Hacl.Endianness.fst and all subsequent files
C:/build/agent1/_work/2/s/hacl-star/code/lib/kremlin/Hacl.Endianness.fst(0,0-0,0): (Warning 241) Stale cache file ..\secure_api\out\hacl_aes_abstract_id\cache\Hacl.Endianness.fst.checked.lax; will recheck C:/build/agent1/_work/2/s/hacl-star/code/lib/kremlin/Hacl.Endianness.fst and all subsequent files
C:/build/agent1/_work/2/s/hacl-star/code/lib/kremlin/Hacl.Endianness.fst(0,0-0,0): (Warning 241) Stale cache file ..\secure_api\out\runtime_switch\cache\Hacl.Endianness.fst.checked.lax; will recheck C:/build/agent1/_work/2/s/hacl-star/code/lib/kremlin/Hacl.Endianness.fst and all subsequent files
C:/build/agent1/_work/2/s/hacl-star/code/hash/Hacl.Hash.Lib.Create.fst(0,0-0,0): (Warning 241) Stale cache file ..\secure_api\out\vale_aes_abstract_id\cache\Hacl.Hash.Lib.Create.fst.checked.lax; will recheck C:/build/agent1/_work/2/s/hacl-star/code/hash/Hacl.Hash.Lib.Create.fst and all subsequent files
make[1]: *** [Makefile:26: vale_aes_abstract_id] Error 2
make[1]: *** Waiting for unfinished jobs....
C:/build/agent1/_work/2/s/hacl-star/code/hash/Hacl.Hash.Lib.Create.fst(0,0-0,0): (Warning 241) Stale cache file ..\secure_api\out\runtime_switch\cache\Hacl.Hash.Lib.Create.fst.checked.lax; will recheck C:/build/agent1/_work/2/s/hacl-star/code/hash/Hacl.Hash.Lib.Create.fst and all subsequent files
make[1]: *** [Makefile:17: runtime_switch] Error 2
C:/build/agent1/_work/2/s/hacl-star/code/hash/Hacl.Hash.Lib.Create.fst(0,0-0,0): (Warning 241) Stale cache file ..\secure_api\out\hacl_aes_abstract_id\cache\Hacl.Hash.Lib.Create.fst.checked.lax; will recheck C:/build/agent1/_work/2/s/hacl-star/code/hash/Hacl.Hash.Lib.Create.fst and all subsequent files
make[1]: *** [Makefile:29: hacl_aes_abstract_id] Error 2
make: *** [Makefile:5: all] Error 2
