From https://github.com/FStarLang/FStar
d9b679659..d9794ac01  master               -> origin/master
* [new branch]          _nik_friends         -> origin/_nik_friends
* [new branch]          _nik_refine          -> origin/_nik_refine
3268d6128..535b03ed2  _refine              -> origin/_refine
* [new branch]          aseem_1470           -> origin/aseem_1470
84b8801f9..93396331a  aseem_misc           -> origin/aseem_misc
* [new branch]          gugavaro_newci       -> origin/gugavaro_newci
195684ec1..88ff44550  guido_tactics        -> origin/guido_tactics
6c959a8d5..9b62eec00  joonwonc_lowlevel    -> origin/joonwonc_lowlevel
10f01b5fb..afc9e3d95  nik_friends          -> origin/nik_friends
* [new branch]          protz_assign_of_list -> origin/protz_assign_of_list
Warning: you are using the standard library and/or the %inline keyword. We
recommend switching on --infer in order to avoid obscure type error messages.
FStar.Seq.Properties.fst(0,0-0,0): (Warning 241) Stale cache file FStar.Seq.Properties.fst.checked.lax; will recheck FStar.Seq.Properties.fst and all subsequent files
FStar.Seq.fst(0,0-0,0): (Warning 241) Stale cache file FStar.Seq.fst.checked.lax; will recheck FStar.Seq.fst and all subsequent files
FStar.Fin.fst(0,0-0,0): (Warning 241) Stale cache file FStar.Fin.fst.checked.lax; will recheck FStar.Fin.fst and all subsequent files
FStar.Seq.Sorted.fst(0,0-0,0): (Warning 241) Stale cache file FStar.Seq.Sorted.fst.checked.lax; will recheck FStar.Seq.Sorted.fst and all subsequent files
FStar.BitVector.fst(0,0-0,0): (Warning 241) Stale cache file FStar.BitVector.fst.checked.lax; will recheck FStar.BitVector.fst and all subsequent files
FStar.Array.fst(0,0-0,0): (Warning 241) Stale cache file FStar.Array.fst.checked.lax; will recheck FStar.Array.fst and all subsequent files
FStar.Monotonic.Seq.fst(0,0-0,0): (Warning 241) Stale cache file FStar.Monotonic.Seq.fst.checked.lax; will recheck FStar.Monotonic.Seq.fst and all subsequent files
FStar.UInt.fst(0,0-0,0): (Warning 241) Stale cache file FStar.UInt.fst.checked.lax; will recheck FStar.UInt.fst and all subsequent files
FStar.BV.fst(0,0-0,0): (Warning 241) Stale cache file FStar.BV.fst.checked.lax; will recheck FStar.BV.fst and all subsequent files
FStar.UInt32.fst(0,0-0,0): (Warning 241) Stale cache file FStar.UInt32.fst.checked.lax; will recheck FStar.UInt32.fst and all subsequent files
FStar.Int31.fst(0,0-0,0): (Warning 241) Stale cache file FStar.Int31.fst.checked.lax; will recheck FStar.Int31.fst and all subsequent files
FStar.Char.fsti(0,0-0,0): (Warning 241) Stale cache file FStar.Char.fsti.checked.lax; will recheck FStar.Char.fsti and all subsequent files
FStar.Int32.fst(0,0-0,0): (Warning 241) Stale cache file FStar.Int32.fst.checked.lax; will recheck FStar.Int32.fst and all subsequent files
FStar.UInt8.fst(0,0-0,0): (Warning 241) Stale cache file FStar.UInt8.fst.checked.lax; will recheck FStar.UInt8.fst and all subsequent files
FStar.UInt16.fst(0,0-0,0): (Warning 241) Stale cache file FStar.UInt16.fst.checked.lax; will recheck FStar.UInt16.fst and all subsequent files
FStar.Int8.fst(0,0-0,0): (Warning 241) Stale cache file FStar.Int8.fst.checked.lax; will recheck FStar.Int8.fst and all subsequent files
FStar.UInt64.fst(0,0-0,0): (Warning 241) Stale cache file FStar.UInt64.fst.checked.lax; will recheck FStar.UInt64.fst and all subsequent files
FStar.Int16.fst(0,0-0,0): (Warning 241) Stale cache file FStar.Int16.fst.checked.lax; will recheck FStar.Int16.fst and all subsequent files
FStar.Int64.fst(0,0-0,0): (Warning 241) Stale cache file FStar.Int64.fst.checked.lax; will recheck FStar.Int64.fst and all subsequent files
FStar.Int63.fst(0,0-0,0): (Warning 241) Stale cache file FStar.Int63.fst.checked.lax; will recheck FStar.Int63.fst and all subsequent files
FStar.UInt31.fst(0,0-0,0): (Warning 241) Stale cache file FStar.UInt31.fst.checked.lax; will recheck FStar.UInt31.fst and all subsequent files
FStar.UInt63.fst(0,0-0,0): (Warning 241) Stale cache file FStar.UInt63.fst.checked.lax; will recheck FStar.UInt63.fst and all subsequent files
FStar.String.fsti(0,0-0,0): (Warning 241) Stale cache file FStar.String.fsti.checked.lax; will recheck FStar.String.fsti and all subsequent files
FStar.IO.fst(0,0-0,0): (Warning 241) Stale cache file FStar.IO.fst.checked.lax; will recheck FStar.IO.fst and all subsequent files
FStar.UInt128.fsti(0,0-0,0): (Warning 241) Stale cache file FStar.UInt128.fsti.checked.lax; will recheck FStar.UInt128.fsti and all subsequent files
FStar.Int128.fst(0,0-0,0): (Warning 241) Stale cache file FStar.Int128.fst.checked.lax; will recheck FStar.Int128.fst and all subsequent files
LowStar.Buffer.fsti(0,0-0,0): (Warning 241) Stale cache file LowStar.Buffer.fsti.checked.lax; will recheck LowStar.Buffer.fsti and all subsequent files
FStar.Int.Cast.fst(0,0-0,0): (Warning 241) Stale cache file FStar.Int.Cast.fst.checked.lax; will recheck FStar.Int.Cast.fst and all subsequent files
FStar.Error.fst(0,0-0,0): (Warning 241) Stale cache file FStar.Error.fst.checked.lax; will recheck FStar.Error.fst and all subsequent files
FStar.Int.Cast.Full.fst(0,0-0,0): (Warning 241) Stale cache file FStar.Int.Cast.Full.fst.checked.lax; will recheck FStar.Int.Cast.Full.fst and all subsequent files
LowStar.BufferCompat.fst(0,0-0,0): (Warning 241) Stale cache file LowStar.BufferCompat.fst.checked.lax; will recheck LowStar.BufferCompat.fst and all subsequent files
LowStar.Modifies.fst(0,0-0,0): (Warning 241) Stale cache file LowStar.Modifies.fst.checked.lax; will recheck LowStar.Modifies.fst and all subsequent files
LowStar.BufferOps.fst(0,0-0,0): (Warning 241) Stale cache file LowStar.BufferOps.fst.checked.lax; will recheck LowStar.BufferOps.fst and all subsequent files
FStar.Integers.fst(0,0-0,0): (Warning 241) Stale cache file FStar.Integers.fst.checked.lax; will recheck FStar.Integers.fst and all subsequent files
LowStar.BufferView.fst(0,0-0,0): (Warning 241) Stale cache file LowStar.BufferView.fst.checked.lax; will recheck LowStar.BufferView.fst and all subsequent files
FStar.Buffer.fst(0,0-0,0): (Warning 241) Stale cache file FStar.Buffer.fst.checked.lax; will recheck FStar.Buffer.fst and all subsequent files
LowStar.ModifiesPat.fst(0,0-0,0): (Warning 241) Stale cache file LowStar.ModifiesPat.fst.checked.lax; will recheck LowStar.ModifiesPat.fst and all subsequent files
FStar.ConstantTime.Integers.fst(0,0-0,0): (Warning 241) Stale cache file FStar.ConstantTime.Integers.fst.checked.lax; will recheck FStar.ConstantTime.Integers.fst and all subsequent files
FStar.UInt128.fst(0,0-0,0): (Warning 241) Stale cache file FStar.UInt128.fst.checked.lax; will recheck FStar.UInt128.fst and all subsequent files
FStar.Pointer.Base.fsti(0,0-0,0): (Warning 241) Stale cache file FStar.Pointer.Base.fsti.checked.lax; will recheck FStar.Pointer.Base.fsti and all subsequent files
FStar.Buffer.Quantifiers.fst(0,0-0,0): (Warning 241) Stale cache file FStar.Buffer.Quantifiers.fst.checked.lax; will recheck FStar.Buffer.Quantifiers.fst and all subsequent files
FStar.Modifies.fsti(0,0-0,0): (Warning 241) Stale cache file FStar.Modifies.fsti.checked.lax; will recheck FStar.Modifies.fsti and all subsequent files
FStar.Pointer.Derived1.fsti(0,0-0,0): (Warning 241) Stale cache file FStar.Pointer.Derived1.fsti.checked.lax; will recheck FStar.Pointer.Derived1.fsti and all subsequent files
LowStar.ToFStarBuffer.fst(0,0-0,0): (Warning 241) Stale cache file LowStar.ToFStarBuffer.fst.checked.lax; will recheck LowStar.ToFStarBuffer.fst and all subsequent files
FStar.Pointer.Derived2.fsti(0,0-0,0): (Warning 241) Stale cache file FStar.Pointer.Derived2.fsti.checked.lax; will recheck FStar.Pointer.Derived2.fsti and all subsequent files
FStar.Pointer.Derived3.fsti(0,0-0,0): (Warning 241) Stale cache file FStar.Pointer.Derived3.fsti.checked.lax; will recheck FStar.Pointer.Derived3.fsti and all subsequent files
FStar.Pointer.fst(0,0-0,0): (Warning 241) Stale cache file FStar.Pointer.fst.checked.lax; will recheck FStar.Pointer.fst and all subsequent files
FStar.Modifies.fst(0,0-0,0): (Warning 241) Stale cache file FStar.Modifies.fst.checked.lax; will recheck FStar.Modifies.fst and all subsequent files
FStar.Pointer.Base.fst(0,0-0,0): (Warning 241) Stale cache file FStar.Pointer.Base.fst.checked.lax; will recheck FStar.Pointer.Base.fst and all subsequent files
LowStar.Buffer.fst(0,0-0,0): (Warning 241) Stale cache file LowStar.Buffer.fst.checked.lax; will recheck LowStar.Buffer.fst and all subsequent files
FStar.BV.fsti(0,0-0,0): (Warning 241) Stale cache file FStar.BV.fsti.checked.lax; will recheck FStar.BV.fsti and all subsequent files
FStar.Reflection.Derived.fst(0,0-0,0): (Warning 241) Stale cache file FStar.Reflection.Derived.fst.checked.lax; will recheck FStar.Reflection.Derived.fst and all subsequent files
FStar.Reflection.Derived.Lemmas.fst(0,0-0,0): (Warning 241) Stale cache file FStar.Reflection.Derived.Lemmas.fst.checked.lax; will recheck FStar.Reflection.Derived.Lemmas.fst and all subsequent files
FStar.Reflection.Formula.fst(0,0-0,0): (Warning 241) Stale cache file FStar.Reflection.Formula.fst.checked.lax; will recheck FStar.Reflection.Formula.fst and all subsequent files
FStar.Reflection.fst(0,0-0,0): (Warning 241) Stale cache file FStar.Reflection.fst.checked.lax; will recheck FStar.Reflection.fst and all subsequent files
FStar.Tactics.Derived.fst(0,0-0,0): (Warning 241) Stale cache file FStar.Tactics.Derived.fst.checked.lax; will recheck FStar.Tactics.Derived.fst and all subsequent files
FStar.Tactics.Logic.fst(0,0-0,0): (Warning 241) Stale cache file FStar.Tactics.Logic.fst.checked.lax; will recheck FStar.Tactics.Logic.fst and all subsequent files
FStar.Tactics.fst(0,0-0,0): (Warning 241) Stale cache file FStar.Tactics.fst.checked.lax; will recheck FStar.Tactics.fst and all subsequent files
FStar.Tactics.Typeclasses.fst(0,0-0,0): (Warning 241) Stale cache file FStar.Tactics.Typeclasses.fst.checked.lax; will recheck FStar.Tactics.Typeclasses.fst and all subsequent files
FStar.Reflection.Arith.fst(0,0-0,0): (Warning 241) Stale cache file FStar.Reflection.Arith.fst.checked.lax; will recheck FStar.Reflection.Arith.fst and all subsequent files
FStar.Tactics.Simplifier.fst(0,0-0,0): (Warning 241) Stale cache file FStar.Tactics.Simplifier.fst.checked.lax; will recheck FStar.Tactics.Simplifier.fst and all subsequent files
FStar.Tactics.PatternMatching.fst(0,0-0,0): (Warning 241) Stale cache file FStar.Tactics.PatternMatching.fst.checked.lax; will recheck FStar.Tactics.PatternMatching.fst and all subsequent files
FStar.Tactics.Arith.fst(0,0-0,0): (Warning 241) Stale cache file FStar.Tactics.Arith.fst.checked.lax; will recheck FStar.Tactics.Arith.fst and all subsequent files
FStar.Tactics.BV.fst(0,0-0,0): (Warning 241) Stale cache file FStar.Tactics.BV.fst.checked.lax; will recheck FStar.Tactics.BV.fst and all subsequent files
FStar.Tactics.Canon.fst(0,0-0,0): (Warning 241) Stale cache file FStar.Tactics.Canon.fst.checked.lax; will recheck FStar.Tactics.Canon.fst and all subsequent files
make[1]: *** [Makefile:105: _fstartaclib] Error 10
make: *** [Makefile:3: all] Error 2
make[1]: *** No rule to make target 'LowStar.Modifies.fsti', needed by 'LowStar.Modifies.fsti.checked'.  Stop.
make[1]: *** Waiting for unfinished jobs....
FStar.List.Tot.fst(0,0-0,0): (Warning 241) Stale cache file FStar.List.Tot.fst.checked; will recheck FStar.List.Tot.fst and all subsequent files
FStar.List.Pure.Properties.fst(0,0-0,0): (Warning 241) Stale cache file FStar.List.Pure.Properties.fst.checked; will recheck FStar.List.Pure.Properties.fst and all subsequent files
FStar.Tactics.Effect.fst(0,0-0,0): (Warning 241) Stale cache file FStar.Tactics.Effect.fst.checked; will recheck FStar.Tactics.Effect.fst and all subsequent files
FStar.Monotonic.Heap.fsti(0,0-0,0): (Warning 241) Stale cache file FStar.Monotonic.Heap.fsti.checked; will recheck FStar.Monotonic.Heap.fsti and all subsequent files
FStar.Monotonic.Heap.fst(0,0-0,0): (Warning 241) Stale cache file FStar.Monotonic.Heap.fst.checked; will recheck FStar.Monotonic.Heap.fst and all subsequent files
make: *** [Makefile:12: all] Error 2
