From https://github.com/FStarLang/FStar
649a7a35c..a0a6742d4  master               -> origin/master
4ea697aaa..21aae3878  aseem_logical        -> origin/aseem_logical
cc93f3d07..36dfb5843  aseem_misc           -> origin/aseem_misc
* [new branch]          guido_pre_release_sn -> origin/guido_pre_release_sn
+ 1b6bb925e...a0a6742d4 guido_tactics        -> origin/guido_tactics  (forced update)
51cae9536..9a553a49b  nik_1391             -> origin/nik_1391
* [new branch]          nik_docker_website   -> origin/nik_docker_website
* [new branch]          nik_pre_release      -> origin/nik_pre_release
a725da567..5ee73716e  taramana_compositional_modifies -> origin/taramana_compositional_modifies
* [new branch]          v0.9.6+              -> origin/v0.9.6+
* [new branch]          wip_ranges           -> origin/wip_ranges
* [new tag]             v0.9.6.0             -> v0.9.6.0
Warning: you are using the standard library and/or the %inline keyword. We
recommend switching on --infer in order to avoid obscure type error messages.
prims.fst(0,0-0,0): (Warning 241) Stale, because inconsistent cache version cache file prims.fst.checked.lax; will recheck prims.fst and all subsequent files
FStar.Buffer.Quantifiers.fst(0,0-0,0): (Warning 241) Stale, because inconsistent cache version cache file FStar.Buffer.Quantifiers.fst.checked.lax; will recheck FStar.Buffer.Quantifiers.fst and all subsequent files
FStar.Modifies.fst(0,0-0,0): (Warning 241) Stale, because inconsistent cache version cache file FStar.Modifies.fst.checked.lax; will recheck FStar.Modifies.fst and all subsequent files
FStar.Reflection.Const.fst(0,0-0,0): (Warning 241) Stale, because inconsistent cache version cache file FStar.Reflection.Const.fst.checked.lax; will recheck FStar.Reflection.Const.fst and all subsequent files
FStar.Exn.fst(0,0-0,0): (Warning 241) Stale, because inconsistent cache version cache file FStar.Exn.fst.checked.lax; will recheck FStar.Exn.fst and all subsequent files
FStar.ST.fst(0,0-0,0): (Warning 241) Stale, because inconsistent cache version cache file FStar.ST.fst.checked.lax; will recheck FStar.ST.fst and all subsequent files
FStar.All.fst(0,0-0,0): (Warning 241) Stale, because inconsistent cache version cache file FStar.All.fst.checked.lax; will recheck FStar.All.fst and all subsequent files
FStar.List.fst(0,0-0,0): (Warning 241) Stale, because inconsistent cache version cache file FStar.List.fst.checked.lax; will recheck FStar.List.fst and all subsequent files
FStar.Char.fsti(0,0-0,0): (Warning 241) Stale, because inconsistent cache version cache file FStar.Char.fsti.checked.lax; will recheck FStar.Char.fsti and all subsequent files
FStar.String.fsti(0,0-0,0): (Warning 241) Stale, because inconsistent cache version cache file FStar.String.fsti.checked.lax; will recheck FStar.String.fsti and all subsequent files
FStar.Order.fst(0,0-0,0): (Warning 241) Stale, because inconsistent cache version cache file FStar.Order.fst.checked.lax; will recheck FStar.Order.fst and all subsequent files
FStar.Reflection.Types.fsti(0,0-0,0): (Warning 241) Stale, because inconsistent cache version cache file FStar.Reflection.Types.fsti.checked.lax; will recheck FStar.Reflection.Types.fsti and all subsequent files
FStar.Reflection.Data.fst(0,0-0,0): (Warning 241) Stale, because inconsistent cache version cache file FStar.Reflection.Data.fst.checked.lax; will recheck FStar.Reflection.Data.fst and all subsequent files
FStar.Reflection.Basic.fst(0,0-0,0): (Warning 241) Stale, because inconsistent cache version cache file FStar.Reflection.Basic.fst.checked.lax; will recheck FStar.Reflection.Basic.fst and all subsequent files
FStar.Reflection.Derived.fst(0,0-0,0): (Warning 241) Stale, because inconsistent cache version cache file FStar.Reflection.Derived.fst.checked.lax; will recheck FStar.Reflection.Derived.fst and all subsequent files
FStar.Reflection.Derived.Lemmas.fst(0,0-0,0): (Warning 241) Stale, because inconsistent cache version cache file FStar.Reflection.Derived.Lemmas.fst.checked.lax; will recheck FStar.Reflection.Derived.Lemmas.fst and all subsequent files
FStar.Range.fsti(0,0-0,0): (Warning 241) Stale, because inconsistent cache version cache file FStar.Range.fsti.checked.lax; will recheck FStar.Range.fsti and all subsequent files
FStar.Tactics.Types.fsti(0,0-0,0): (Warning 241) Stale, because inconsistent cache version cache file FStar.Tactics.Types.fsti.checked.lax; will recheck FStar.Tactics.Types.fsti and all subsequent files
FStar.Tactics.Result.fst(0,0-0,0): (Warning 241) Stale, because inconsistent cache version cache file FStar.Tactics.Result.fst.checked.lax; will recheck FStar.Tactics.Result.fst and all subsequent files
FStar.Tactics.Effect.fst(0,0-0,0): (Warning 241) Stale, because inconsistent cache version cache file FStar.Tactics.Effect.fst.checked.lax; will recheck FStar.Tactics.Effect.fst and all subsequent files
FStar.Tactics.Util.fst(0,0-0,0): (Warning 241) Stale, because inconsistent cache version cache file FStar.Tactics.Util.fst.checked.lax; will recheck FStar.Tactics.Util.fst and all subsequent files
FStar.Tactics.Builtins.fst(0,0-0,0): (Warning 241) Stale, because inconsistent cache version cache file FStar.Tactics.Builtins.fst.checked.lax; will recheck FStar.Tactics.Builtins.fst and all subsequent files
FStar.Reflection.Formula.fst(0,0-0,0): (Warning 241) Stale, because inconsistent cache version cache file FStar.Reflection.Formula.fst.checked.lax; will recheck FStar.Reflection.Formula.fst and all subsequent files
FStar.Reflection.fst(0,0-0,0): (Warning 241) Stale, because inconsistent cache version cache file FStar.Reflection.fst.checked.lax; will recheck FStar.Reflection.fst and all subsequent files
FStar.Tactics.Derived.fst(0,0-0,0): (Warning 241) Stale, because inconsistent cache version cache file FStar.Tactics.Derived.fst.checked.lax; will recheck FStar.Tactics.Derived.fst and all subsequent files
FStar.Tactics.Logic.fst(0,0-0,0): (Warning 241) Stale, because inconsistent cache version cache file FStar.Tactics.Logic.fst.checked.lax; will recheck FStar.Tactics.Logic.fst and all subsequent files
FStar.Tactics.fst(0,0-0,0): (Warning 241) Stale, because inconsistent cache version cache file FStar.Tactics.fst.checked.lax; will recheck FStar.Tactics.fst and all subsequent files
FStar.Reflection.Arith.fst(0,0-0,0): (Warning 241) Stale, because inconsistent cache version cache file FStar.Reflection.Arith.fst.checked.lax; will recheck FStar.Reflection.Arith.fst and all subsequent files
FStar.BV.fsti(0,0-0,0): (Warning 241) Stale, because inconsistent cache version cache file FStar.BV.fsti.checked.lax; will recheck FStar.BV.fsti and all subsequent files
FStar.Tactics.BV.fst(0,0-0,0): (Warning 241) Stale, because inconsistent cache version cache file FStar.Tactics.BV.fst.checked.lax; will recheck FStar.Tactics.BV.fst and all subsequent files
FStar.Tactics.Canon.fst(0,0-0,0): (Warning 241) Stale, because inconsistent cache version cache file FStar.Tactics.Canon.fst.checked.lax; will recheck FStar.Tactics.Canon.fst and all subsequent files
FStar.Tactics.PatternMatching.fst(0,0-0,0): (Warning 241) Stale, because inconsistent cache version cache file FStar.Tactics.PatternMatching.fst.checked.lax; will recheck FStar.Tactics.PatternMatching.fst and all subsequent files
FStar.Tactics.Arith.fst(0,0-0,0): (Warning 241) Stale, because inconsistent cache version cache file FStar.Tactics.Arith.fst.checked.lax; will recheck FStar.Tactics.Arith.fst and all subsequent files
FStar.Tactics.Simplifier.fst(0,0-0,0): (Warning 241) Stale, because inconsistent cache version cache file FStar.Tactics.Simplifier.fst.checked.lax; will recheck FStar.Tactics.Simplifier.fst and all subsequent files
make[1]: *** [Makefile:99: _fstartaclib] Error 10
make: *** [Makefile:3: all] Error 2
