From https://github.com/FStarLang/FStar
9f1d68adb..2c76c417e  master               -> origin/master
1bdf4074b..d20cda10d  _aseem_sort_out_rid  -> origin/_aseem_sort_out_rid
+ 960f30704...d6149e221 guido_tactics        -> origin/guido_tactics  (forced update)
5b74a10c8..c8b8a5a11  nik_castable_buffers -> origin/nik_castable_buffers
b297e0da7..92696f017  taramana_new_to_old_buffers -> origin/taramana_new_to_old_buffers
84acd3928..01aa4f575  zoe_nbe              -> origin/zoe_nbe
cp: cannot stat './_build/src/ocaml-output/FStar_Tests_Pars.cmx': No such file or directory
FStar.Monotonic.HyperStack.fst(0,0-0,0): (Warning 241) Stale cache file FStar.Monotonic.HyperStack.fst.checked.lax; will recheck FStar.Monotonic.HyperStack.fst and all subsequent files
FStar.Int.Cast.Full.fst(0,0-0,0): (Warning 241) Stale cache file FStar.Int.Cast.Full.fst.checked.lax; will recheck FStar.Int.Cast.Full.fst and all subsequent files
FStar.HyperStack.fst(0,0-0,0): (Warning 241) Stale cache file FStar.HyperStack.fst.checked.lax; will recheck FStar.HyperStack.fst and all subsequent files
FStar.HyperStack.ST.fst(0,0-0,0): (Warning 241) Stale cache file FStar.HyperStack.ST.fst.checked.lax; will recheck FStar.HyperStack.ST.fst and all subsequent files
FStar.Monotonic.Map.fst(0,0-0,0): (Warning 241) Stale cache file FStar.Monotonic.Map.fst.checked.lax; will recheck FStar.Monotonic.Map.fst and all subsequent files
LowStar.Buffer.fsti(0,0-0,0): (Warning 241) Stale cache file LowStar.Buffer.fsti.checked.lax; will recheck LowStar.Buffer.fsti and all subsequent files
FStar.Monotonic.DependentMap.fst(0,0-0,0): (Warning 241) Stale cache file FStar.Monotonic.DependentMap.fst.checked.lax; will recheck FStar.Monotonic.DependentMap.fst and all subsequent files
FStar.Monotonic.Seq.fst(0,0-0,0): (Warning 241) Stale cache file FStar.Monotonic.Seq.fst.checked.lax; will recheck FStar.Monotonic.Seq.fst and all subsequent files
FStar.ModifiesGen.fsti(0,0-0,0): (Warning 241) Stale cache file FStar.ModifiesGen.fsti.checked.lax; will recheck FStar.ModifiesGen.fsti and all subsequent files
LowStar.Buffer.fst(0,0-0,0): (Warning 241) Stale cache file LowStar.Buffer.fst.checked.lax; will recheck LowStar.Buffer.fst and all subsequent files
LowStar.BufferCompat.fst(0,0-0,0): (Warning 241) Stale cache file LowStar.BufferCompat.fst.checked.lax; will recheck LowStar.BufferCompat.fst and all subsequent files
LowStar.Modifies.fsti(0,0-0,0): (Warning 241) Stale cache file LowStar.Modifies.fsti.checked.lax; will recheck LowStar.Modifies.fsti and all subsequent files
FStar.Buffer.fst(0,0-0,0): (Warning 241) Stale cache file FStar.Buffer.fst.checked.lax; will recheck FStar.Buffer.fst and all subsequent files
LowStar.BufferOps.fst(0,0-0,0): (Warning 241) Stale cache file LowStar.BufferOps.fst.checked.lax; will recheck LowStar.BufferOps.fst and all subsequent files
LowStar.Modifies.fst(0,0-0,0): (Warning 241) Stale cache file LowStar.Modifies.fst.checked.lax; will recheck LowStar.Modifies.fst and all subsequent files
FStar.Buffer.Quantifiers.fst(0,0-0,0): (Warning 241) Stale cache file FStar.Buffer.Quantifiers.fst.checked.lax; will recheck FStar.Buffer.Quantifiers.fst and all subsequent files
FStar.Pointer.Base.fsti(0,0-0,0): (Warning 241) Stale cache file FStar.Pointer.Base.fsti.checked.lax; will recheck FStar.Pointer.Base.fsti and all subsequent files
FStar.Pointer.Derived1.fsti(0,0-0,0): (Warning 241) Stale cache file FStar.Pointer.Derived1.fsti.checked.lax; will recheck FStar.Pointer.Derived1.fsti and all subsequent files
FStar.Pointer.Derived3.fsti(0,0-0,0): (Warning 241) Stale cache file FStar.Pointer.Derived3.fsti.checked.lax; will recheck FStar.Pointer.Derived3.fsti and all subsequent files
FStar.Pointer.Derived2.fsti(0,0-0,0): (Warning 241) Stale cache file FStar.Pointer.Derived2.fsti.checked.lax; will recheck FStar.Pointer.Derived2.fsti and all subsequent files
FStar.Pointer.fst(0,0-0,0): (Warning 241) Stale cache file FStar.Pointer.fst.checked.lax; will recheck FStar.Pointer.fst and all subsequent files
FStar.Modifies.fst(0,0-0,0): (Warning 241) Stale cache file FStar.Modifies.fst.checked.lax; will recheck FStar.Modifies.fst and all subsequent files
FStar.ModifiesGen.fst(0,0-0,0): (Warning 241) Stale cache file FStar.ModifiesGen.fst.checked.lax; will recheck FStar.ModifiesGen.fst and all subsequent files
FStar.Pointer.Base.fst(0,0-0,0): (Warning 241) Stale cache file FStar.Pointer.Base.fst.checked.lax; will recheck FStar.Pointer.Base.fst and all subsequent files
make[1]: *** [Makefile:99: _fstartaclib] Error 10
make: *** [Makefile:3: all] Error 2
FStar.Monotonic.HyperStack.fst(0,0-0,0): (Warning 241) Stale cache file FStar.Monotonic.HyperStack.fst.checked; will recheck FStar.Monotonic.HyperStack.fst and all subsequent files
FStar.HyperStack.fst(0,0-0,0): (Warning 241) Stale cache file FStar.HyperStack.fst.checked; will recheck FStar.HyperStack.fst and all subsequent files
FStar.Util.fst(0,0-0,0): (Warning 241) Stale cache file FStar.Util.fst.checked; will recheck FStar.Util.fst and all subsequent files
FStar.HyperStack.ST.fst(0,0-0,0): (Warning 241) Stale cache file FStar.HyperStack.ST.fst.checked; will recheck FStar.HyperStack.ST.fst and all subsequent files
FStar.HyperStack.All.fst(0,0-0,0): (Warning 241) Stale cache file FStar.HyperStack.All.fst.checked; will recheck FStar.HyperStack.All.fst and all subsequent files
FStar.Monotonic.DependentMap.fsti(0,0-0,0): (Warning 241) Stale cache file FStar.Monotonic.DependentMap.fsti.checked; will recheck FStar.Monotonic.DependentMap.fsti and all subsequent files
FStar.Monotonic.Map.fst(0,0-0,0): (Warning 241) Stale cache file FStar.Monotonic.Map.fst.checked; will recheck FStar.Monotonic.Map.fst and all subsequent files
FStar.Monotonic.DependentMap.fst(0,0-0,0): (Warning 241) Stale cache file FStar.Monotonic.DependentMap.fst.checked; will recheck FStar.Monotonic.DependentMap.fst and all subsequent files
FStar.HyperStack.IO.fst(0,0-0,0): (Warning 241) Stale cache file FStar.HyperStack.IO.fst.checked; will recheck FStar.HyperStack.IO.fst and all subsequent files
LowStar.Buffer.fsti(0,0-0,0): (Warning 241) Stale cache file LowStar.Buffer.fsti.checked; will recheck LowStar.Buffer.fsti and all subsequent files
FStar.ModifiesGen.fsti(0,0-0,0): (Warning 241) Stale cache file FStar.ModifiesGen.fsti.checked; will recheck FStar.ModifiesGen.fsti and all subsequent files
FStar.Monotonic.Seq.fst(0,0-0,0): (Warning 241) Stale cache file FStar.Monotonic.Seq.fst.checked; will recheck FStar.Monotonic.Seq.fst and all subsequent files
LowStar.BufferCompat.fst(0,0-0,0): (Warning 241) Stale cache file LowStar.BufferCompat.fst.checked; will recheck LowStar.BufferCompat.fst and all subsequent files
LowStar.Buffer.fst(0,0-0,0): (Warning 241) Stale cache file LowStar.Buffer.fst.checked; will recheck LowStar.Buffer.fst and all subsequent files
LowStar.Modifies.fsti(0,0-0,0): (Warning 241) Stale cache file LowStar.Modifies.fsti.checked; will recheck LowStar.Modifies.fsti and all subsequent files
LowStar.BufferOps.fst(0,0-0,0): (Warning 241) Stale cache file LowStar.BufferOps.fst.checked; will recheck LowStar.BufferOps.fst and all subsequent files
FStar.Monotonic.HyperStack.fst(0,0-0,0): (Warning 241) Stale cache file FStar.Monotonic.HyperStack.fst.checked; will recheck FStar.Monotonic.HyperStack.fst and all subsequent files
Unable to open hints file: C:\build\agent2\_work\4\s\fstar\ulib\LowStar.ToFStarBuffer.fst.hints; ran without hints
LowStar.Modifies.fst(0,0-0,0): (Warning 241) Stale cache file LowStar.Modifies.fst.checked; will recheck LowStar.Modifies.fst and all subsequent files
FStar.Pointer.Base.fsti(0,0-0,0): (Warning 241) Stale cache file FStar.Pointer.Base.fsti.checked; will recheck FStar.Pointer.Base.fsti and all subsequent files
FStar.Pointer.Derived1.fsti(0,0-0,0): (Warning 241) Stale cache file FStar.Pointer.Derived1.fsti.checked; will recheck FStar.Pointer.Derived1.fsti and all subsequent files
FStar.Pointer.Derived1.fst(0,0-0,0): (Warning 241) Stale cache file FStar.Pointer.Derived1.fst.checked; will recheck FStar.Pointer.Derived1.fst and all subsequent files
FStar.Pointer.Derived2.fst(0,0-0,0): (Warning 241) Stale cache file FStar.Pointer.Derived2.fst.checked; will recheck FStar.Pointer.Derived2.fst and all subsequent files
FStar.Pointer.Derived3.fsti(0,0-0,0): (Warning 241) Stale cache file FStar.Pointer.Derived3.fsti.checked; will recheck FStar.Pointer.Derived3.fsti and all subsequent files
FStar.Pointer.Derived2.fsti(0,0-0,0): (Warning 241) Stale cache file FStar.Pointer.Derived2.fsti.checked; will recheck FStar.Pointer.Derived2.fsti and all subsequent files
FStar.Pointer.Derived3.fst(0,0-0,0): (Warning 241) Stale cache file FStar.Pointer.Derived3.fst.checked; will recheck FStar.Pointer.Derived3.fst and all subsequent files
FStar.Buffer.fst(0,0-0,0): (Warning 241) Stale cache file FStar.Buffer.fst.checked; will recheck FStar.Buffer.fst and all subsequent files
FStar.Pointer.fst(0,0-0,0): (Warning 241) Stale cache file FStar.Pointer.fst.checked; will recheck FStar.Pointer.fst and all subsequent files
FStar.Modifies.fsti(0,0-0,0): (Warning 241) Stale cache file FStar.Modifies.fsti.checked; will recheck FStar.Modifies.fsti and all subsequent files
FStar.Buffer.Quantifiers.fst(0,0-0,0): (Warning 241) Stale cache file FStar.Buffer.Quantifiers.fst.checked; will recheck FStar.Buffer.Quantifiers.fst and all subsequent files
FStar.TaggedUnion.fsti(0,0-0,0): (Warning 241) Stale cache file FStar.TaggedUnion.fsti.checked; will recheck FStar.TaggedUnion.fsti and all subsequent files
FStar.TaggedUnion.fst(0,0-0,0): (Warning 241) Stale cache file FStar.TaggedUnion.fst.checked; will recheck FStar.TaggedUnion.fst and all subsequent files
FStar.BufferNG.fst(0,0-0,0): (Warning 241) Stale cache file FStar.BufferNG.fst.checked; will recheck FStar.BufferNG.fst and all subsequent files
FStar.Modifies.fst(0,0-0,0): (Warning 241) Stale cache file FStar.Modifies.fst.checked; will recheck FStar.Modifies.fst and all subsequent files
FStar.ModifiesGen.fst(0,0-0,0): (Warning 241) Stale cache file FStar.ModifiesGen.fst.checked; will recheck FStar.ModifiesGen.fst and all subsequent files
From https://github.com/FStarLang/kremlin
* [new branch]      taramana_new_to_old_buffers -> origin/taramana_new_to_old_buffers
FStar.Kremlin.Endianness.fst(0,0-0,0): (Warning 241) Stale cache file FStar.Kremlin.Endianness.fst.checked; will recheck FStar.Kremlin.Endianness.fst and all subsequent files
C.Endianness.fst(0,0-0,0): (Warning 241) Stale cache file C.Endianness.fst.checked; will recheck C.Endianness.fst and all subsequent files
Unable to open hints file: C:\build\agent2\_work\4\s\kremlin\kremlib\C.Endianness.fst.hints; ran without hints
C.Loops.fst(0,0-0,0): (Warning 241) Stale cache file C.Loops.fst.checked; will recheck C.Loops.fst and all subsequent files
Unable to open hints file: C:\build\agent2\_work\4\s\kremlin\kremlib\C.Loops.fst.hints; ran without hints
C.fst(0,0-0,0): (Warning 241) Stale cache file C.fst.checked; will recheck C.fst and all subsequent files
Unable to open hints file: C:\build\agent2\_work\4\s\kremlin\kremlib\C.fst.hints; ran without hints
C.String.fst(0,0-0,0): (Warning 241) Stale cache file C.String.fst.checked; will recheck C.String.fst and all subsequent files
Unable to open hints file: C:\build\agent2\_work\4\s\kremlin\kremlib\C.String.fst.hints; ran without hints
C.Failure.fst(0,0-0,0): (Warning 241) Stale cache file C.Failure.fst.checked; will recheck C.Failure.fst and all subsequent files
Unable to open hints file: C:\build\agent2\_work\4\s\kremlin\kremlib\C.Failure.fst.hints; ran without hints
From https://github.com/mitls/hacl-star
6eb52030..8e99a6c7  polubelova_rsa -> origin/polubelova_rsa
Warning 10: : -drop is deprecated
use a combination of -bundle and -d reachability to make sure the functions are eliminated as you wish
Warning 10: : -drop is deprecated
use a combination of -bundle and -d reachability to make sure the functions are eliminated as you wish
Warning 10: : -drop is deprecated
use a combination of -bundle and -d reachability to make sure the functions are eliminated as you wish
Warning 13: : FStar.Monotonic.HyperStack.mem, a monomorphic instance, is first used, and therefore inserted, in file FStar which is about to be dropped; you may get a C compiler error about FStar_Monotonic_HyperStack_mem if any other module uses this definition
Warning 13: : FStar.UInt128.t, a monomorphic instance, is first used, and therefore inserted, in file FStar which is about to be dropped; you may get a C compiler error about FStar_UInt128_t if any other module uses this definition
Warning 13: : Hacl.UInt128.t, a monomorphic instance, is first used, and therefore inserted, in file Hacl_UInt128 which is about to be dropped; you may get a C compiler error about Hacl_UInt128_t if any other module uses this definition
Warning 13: : Hacl.Types.u32, a monomorphic instance, is first used, and therefore inserted, in file Hacl_Types which is about to be dropped; you may get a C compiler error about Hacl_Types_u32 if any other module uses this definition
Warning 13: : Hacl.Types.h8, a monomorphic instance, is first used, and therefore inserted, in file Hacl_Types which is about to be dropped; you may get a C compiler error about Hacl_Types_h8 if any other module uses this definition
Warning 13: : Hacl.Types.uint8_p, a monomorphic instance, is first used, and therefore inserted, in file Hacl_Types which is about to be dropped; you may get a C compiler error about Hacl_Types_uint8_p if any other module uses this definition
Warning 10: : -drop is deprecated
use a combination of -bundle and -d reachability to make sure the functions are eliminated as you wish
Warning 3: run_or_warn: the following command failed:
C:/build/agent2/_work/4/s/fstar/bin/fstar.exe --odir salsa-c --codegen Kremlin --lax C:/build/agent2/_work/4/s/kremlin/runtime/WasmSupport.fst C:/build/agent2/_work/4/s/fstar/ulib/FStar.UInt128.fst --trace_error --cache_checked_modules --expose_interfaces --include C:/build/agent2/_work/4/s/hacl-star/code/lib/kremlin --include C:/build/agent2/_work/4/s/kremlin/kremlib --include C:/build/agent2/_work/4/s/hacl-star/specs --include . --include C:/build/agent2/_work/4/s/kremlin/include --include C:/build/agent2/_work/4/s/kremlin/kremlib Hacl.Impl.Salsa20.fst Hacl.Salsa20.fst Hacl.Test.Salsa20.fst
Warning 3 is fatal, exiting.
make[1]: *** [Makefile:67: salsa-c/out.krml] Error 255
make[1]: *** Waiting for unfinished jobs....
Warning 10: : -drop is deprecated
use a combination of -bundle and -d reachability to make sure the functions are eliminated as you wish
Warning 13: : FStar.Monotonic.HyperStack.mem, a monomorphic instance, is first used, and therefore inserted, in file FStar which is about to be dropped; you may get a C compiler error about FStar_Monotonic_HyperStack_mem if any other module uses this definition
Warning 13: : FStar.UInt128.t, a monomorphic instance, is first used, and therefore inserted, in file FStar which is about to be dropped; you may get a C compiler error about FStar_UInt128_t if any other module uses this definition
Warning 13: : Hacl.UInt128.t, a monomorphic instance, is first used, and therefore inserted, in file Hacl_UInt128 which is about to be dropped; you may get a C compiler error about Hacl_UInt128_t if any other module uses this definition
Warning 13: : Hacl.Types.u32, a monomorphic instance, is first used, and therefore inserted, in file Hacl_Types which is about to be dropped; you may get a C compiler error about Hacl_Types_u32 if any other module uses this definition
Warning 13: : Hacl.Types.h8, a monomorphic instance, is first used, and therefore inserted, in file Hacl_Types which is about to be dropped; you may get a C compiler error about Hacl_Types_h8 if any other module uses this definition
Warning 13: : Hacl.Types.uint8_p, a monomorphic instance, is first used, and therefore inserted, in file Hacl_Types which is about to be dropped; you may get a C compiler error about Hacl_Types_uint8_p if any other module uses this definition
Warning 10: : -drop is deprecated
use a combination of -bundle and -d reachability to make sure the functions are eliminated as you wish
Warning 3: run_or_warn: the following command failed:
C:/build/agent2/_work/4/s/fstar/bin/fstar.exe --odir chacha-vec128-c --codegen Kremlin --lax C:/build/agent2/_work/4/s/kremlin/runtime/WasmSupport.fst C:/build/agent2/_work/4/s/fstar/ulib/FStar.UInt128.fst --trace_error --cache_checked_modules --expose_interfaces --include C:/build/agent2/_work/4/s/hacl-star/code/lib/kremlin --include C:/build/agent2/_work/4/s/kremlin/kremlib --include C:/build/agent2/_work/4/s/hacl-star/specs --include . --include C:/build/agent2/_work/4/s/kremlin/include --include C:/build/agent2/_work/4/s/kremlin/kremlib Hacl.Impl.Chacha20.Vec128.State.fst Hacl.Impl.Chacha20.Vec128.fst Hacl.Chacha20.Vec128.fst Hacl.Test.Chacha20.Vec128.fst
Warning 3 is fatal, exiting.
make[1]: *** [Makefile:84: chacha-vec128-c/out.krml] Error 255
Warning 10: : -drop is deprecated
use a combination of -bundle and -d reachability to make sure the functions are eliminated as you wish
Warning 3: run_or_warn: the following command failed:
C:/build/agent2/_work/4/s/fstar/bin/fstar.exe --odir sha2-c --codegen Kremlin --lax C:/build/agent2/_work/4/s/kremlin/runtime/WasmSupport.fst C:/build/agent2/_work/4/s/fstar/ulib/FStar.UInt128.fst --trace_error --cache_checked_modules --expose_interfaces --include C:/build/agent2/_work/4/s/hacl-star/code/lib/kremlin --include C:/build/agent2/_work/4/s/kremlin/kremlib --include C:/build/agent2/_work/4/s/hacl-star/specs --include . --include interfaces --include C:/build/agent2/_work/4/s/kremlin/include --include C:/build/agent2/_work/4/s/kremlin/kremlib Hacl.Hash.Lib.LoadStore.fst Hacl.Hash.Lib.Create.fst Hacl.Impl.SHA2_512.Lemmas.fst Hacl.Impl.SHA2_512.fst Hacl.Impl.SHA2_384.Lemmas.fst Hacl.Impl.SHA2_384.fst Hacl.Impl.SHA2_256.Lemmas.fst Hacl.Impl.SHA2_256.fst Hacl.SHA2_256.fst Hacl.SHA2_384.fst Hacl.SHA2_512.fst Hacl.Test.SHA2_256.fst Hacl.Test.SHA2_384.fst Hacl.Test.SHA2_512.fst
Warning 3 is fatal, exiting.
make[1]: *** [Makefile:44: sha2-c/out.krml] Error 255
make: *** [Makefile:9: hash-c] Error 2
make: *** Waiting for unfinished jobs....
Warning 10: : -drop is deprecated
use a combination of -bundle and -d reachability to make sure the functions are eliminated as you wish
Warning 3: run_or_warn: the following command failed:
C:/build/agent2/_work/4/s/fstar/bin/fstar.exe --odir chacha-c --codegen Kremlin --lax C:/build/agent2/_work/4/s/kremlin/runtime/WasmSupport.fst C:/build/agent2/_work/4/s/fstar/ulib/FStar.UInt128.fst --trace_error --cache_checked_modules --expose_interfaces --include C:/build/agent2/_work/4/s/hacl-star/code/lib/kremlin --include C:/build/agent2/_work/4/s/kremlin/kremlib --include C:/build/agent2/_work/4/s/hacl-star/specs --include . --include C:/build/agent2/_work/4/s/kremlin/include --include C:/build/agent2/_work/4/s/kremlin/kremlib Hacl.Lib.LoadStore32.fst Hacl.Lib.Create.fst Hacl.Impl.Xor.Lemmas.fst Hacl.Impl.Chacha20.fst Hacl.Chacha20.fst Hacl.Test.Chacha20.fst
Warning 3 is fatal, exiting.
make[1]: *** [Makefile:49: chacha-c/out.krml] Error 255
make: *** [Makefile:9: salsa-family-c] Error 2
Warning 10: : -drop is deprecated
use a combination of -bundle and -d reachability to make sure the functions are eliminated as you wish
Warning 3: run_or_warn: the following command failed:
C:/build/agent2/_work/4/s/fstar/bin/fstar.exe --odir hmac-sha384-c --codegen Kremlin --lax C:/build/agent2/_work/4/s/kremlin/runtime/WasmSupport.fst C:/build/agent2/_work/4/s/fstar/ulib/FStar.UInt128.fst --trace_error --cache_checked_modules --expose_interfaces --include C:/build/agent2/_work/4/s/hacl-star/code/lib/kremlin --include C:/build/agent2/_work/4/s/kremlin/kremlib --include C:/build/agent2/_work/4/s/hacl-star/specs --include . --include C:/build/agent2/_work/4/s/hacl-star/code/hash --include C:/build/agent2/_work/4/s/kremlin/include --include C:/build/agent2/_work/4/s/kremlin/kremlib Hacl.HMAC.SHA2_384.fst
Warning 3 is fatal, exiting.
make[1]: *** [Makefile:57: hmac-sha384-c/out.krml] Error 255
make[1]: *** Waiting for unfinished jobs....
Warning 10: : -drop is deprecated
use a combination of -bundle and -d reachability to make sure the functions are eliminated as you wish
Warning 3: run_or_warn: the following command failed:
C:/build/agent2/_work/4/s/fstar/bin/fstar.exe --odir hmac-sha512-c --codegen Kremlin --lax C:/build/agent2/_work/4/s/kremlin/runtime/WasmSupport.fst C:/build/agent2/_work/4/s/fstar/ulib/FStar.UInt128.fst --trace_error --cache_checked_modules --expose_interfaces --include C:/build/agent2/_work/4/s/hacl-star/code/lib/kremlin --include C:/build/agent2/_work/4/s/kremlin/kremlib --include C:/build/agent2/_work/4/s/hacl-star/specs --include . --include C:/build/agent2/_work/4/s/hacl-star/code/hash --include C:/build/agent2/_work/4/s/kremlin/include --include C:/build/agent2/_work/4/s/kremlin/kremlib Hacl.HMAC.SHA2_512.fst
Warning 3 is fatal, exiting.
make[1]: *** [Makefile:67: hmac-sha512-c/out.krml] Error 255
Warning 10: : -drop is deprecated
use a combination of -bundle and -d reachability to make sure the functions are eliminated as you wish
Warning 13: : FStar.Monotonic.HyperStack.mem, a monomorphic instance, is first used, and therefore inserted, in file FStar which is about to be dropped; you may get a C compiler error about FStar_Monotonic_HyperStack_mem if any other module uses this definition
Warning 13: : FStar.UInt128.t, a monomorphic instance, is first used, and therefore inserted, in file FStar which is about to be dropped; you may get a C compiler error about FStar_UInt128_t if any other module uses this definition
Warning 13: : Hacl.UInt128.t, a monomorphic instance, is first used, and therefore inserted, in file Hacl_UInt128 which is about to be dropped; you may get a C compiler error about Hacl_UInt128_t if any other module uses this definition
Warning 13: : Hacl.Types.u32, a monomorphic instance, is first used, and therefore inserted, in file Hacl_Types which is about to be dropped; you may get a C compiler error about Hacl_Types_u32 if any other module uses this definition
Warning 13: : Hacl.Types.h8, a monomorphic instance, is first used, and therefore inserted, in file Hacl_Types which is about to be dropped; you may get a C compiler error about Hacl_Types_h8 if any other module uses this definition
Warning 13: : Hacl.Types.uint8_p, a monomorphic instance, is first used, and therefore inserted, in file Hacl_Types which is about to be dropped; you may get a C compiler error about Hacl_Types_uint8_p if any other module uses this definition
Warning 13: : Hacl.Constants.u32, a monomorphic instance, is first used, and therefore inserted, in file Hacl_Constants which is about to be dropped; you may get a C compiler error about Hacl_Constants_u32 if any other module uses this definition
Warning 13: : Hacl.Constants.u64, a monomorphic instance, is first used, and therefore inserted, in file Hacl_Constants which is about to be dropped; you may get a C compiler error about Hacl_Constants_u64 if any other module uses this definition
Warning 13: : Hacl.Constants.h8, a monomorphic instance, is first used, and therefore inserted, in file Hacl_Constants which is about to be dropped; you may get a C compiler error about Hacl_Constants_h8 if any other module uses this definition
Warning 13: : Hacl.Constants.uint8_p, a monomorphic instance, is first used, and therefore inserted, in file Hacl_Constants which is about to be dropped; you may get a C compiler error about Hacl_Constants_uint8_p if any other module uses this definition
Warning 10: : -drop is deprecated
use a combination of -bundle and -d reachability to make sure the functions are eliminated as you wish
Warning 3: run_or_warn: the following command failed:
C:/build/agent2/_work/4/s/fstar/bin/fstar.exe --odir hmac-sha256-c --codegen Kremlin --lax C:/build/agent2/_work/4/s/kremlin/runtime/WasmSupport.fst C:/build/agent2/_work/4/s/fstar/ulib/FStar.UInt128.fst --trace_error --cache_checked_modules --expose_interfaces --include C:/build/agent2/_work/4/s/hacl-star/code/lib/kremlin --include C:/build/agent2/_work/4/s/kremlin/kremlib --include C:/build/agent2/_work/4/s/hacl-star/specs --include . --include C:/build/agent2/_work/4/s/hacl-star/code/hash --include C:/build/agent2/_work/4/s/kremlin/include --include C:/build/agent2/_work/4/s/kremlin/kremlib Hacl.HMAC.SHA2_256.fst Hacl.Test.HMAC.SHA2_256.fst
Warning 3 is fatal, exiting.
make[1]: *** [Makefile:42: hmac-sha256-c/out.krml] Error 255
make: *** [Makefile:9: hmac-c] Error 2
Warning 10: : -drop is deprecated
use a combination of -bundle and -d reachability to make sure the functions are eliminated as you wish
Warning 3: run_or_warn: the following command failed:
C:/build/agent2/_work/4/s/fstar/bin/fstar.exe --odir poly-c --codegen Kremlin --lax C:/build/agent2/_work/4/s/kremlin/runtime/WasmSupport.fst C:/build/agent2/_work/4/s/fstar/ulib/FStar.UInt128.fst --trace_error --cache_checked_modules --expose_interfaces --include C:/build/agent2/_work/4/s/hacl-star/code/lib/kremlin --include C:/build/agent2/_work/4/s/kremlin/kremlib --include C:/build/agent2/_work/4/s/hacl-star/specs --include . --include ../bignum --include C:/build/agent2/_work/4/s/kremlin/include --include C:/build/agent2/_work/4/s/kremlin/kremlib ../bignum/Hacl.Spec.Bignum.Field.fst ../bignum/Hacl.Bignum.Limb.fst ../bignum/Hacl.Bignum.Wide.fst ../bignum/Hacl.Spec.Bignum.Bigint.fst ../bignum/Hacl.Spec.Bignum.Fsum.fst ../bignum/Hacl.Spec.Bignum.Fproduct.fst ../bignum/Hacl.Spec.Bignum.Fmul.fst ../bignum/Hacl.Bignum.Fsum.fst ../bignum/Hacl.Bignum.Fproduct.fst ../bignum/Hacl.Bignum.Fmul.fst Hacl.Bignum.Constants.fst Hacl.Bignum.Parameters.fst Hacl.Spec.Bignum.Modulo.fst Hacl.Spec.Bignum.AddAndMultiply.fst ../../specs/Spec.Poly1305.fst Hacl.Spec.Poly1305_64.fst Hacl.Spe.Poly1305_64.fst Hacl.Bignum.Modulo.fst Hacl.Bignum.AddAndMultiply.fst Hacl.Impl.Poly1305_64.fst Hacl.Standalone.Poly1305_64.fst Hacl.Poly1305_64.fst Hacl.Spec.Poly1305_64.Lemmas1.fst AEAD.Poly1305_64.fst Hacl.Test.Poly1305_64.fst
Warning 3 is fatal, exiting.
make[1]: *** [Makefile:83: poly-c/out.krml] Error 255
make: *** [Makefile:9: poly1305-c] Error 2
Warning 10: : -drop is deprecated
use a combination of -bundle and -d reachability to make sure the functions are eliminated as you wish
Warning 13: : FStar.Monotonic.HyperStack.mem, a monomorphic instance, is first used, and therefore inserted, in file FStar which is about to be dropped; you may get a C compiler error about FStar_Monotonic_HyperStack_mem if any other module uses this definition
Warning 13: : FStar.UInt128.t, a monomorphic instance, is first used, and therefore inserted, in file FStar which is about to be dropped; you may get a C compiler error about FStar_UInt128_t if any other module uses this definition
Warning 13: : FStar.Endianness.u32, a monomorphic instance, is first used, and therefore inserted, in file FStar which is about to be dropped; you may get a C compiler error about FStar_Endianness_u32 if any other module uses this definition
Warning 13: : Hacl.UInt128.t, a monomorphic instance, is first used, and therefore inserted, in file Hacl_UInt128 which is about to be dropped; you may get a C compiler error about Hacl_UInt128_t if any other module uses this definition
Warning 13: : Hacl.Chacha20.uint8_p, a monomorphic instance, is first used, and therefore inserted, in file Hacl_Chacha20 which is about to be dropped; you may get a C compiler error about Hacl_Chacha20_uint8_p if any other module uses this definition
Warning 13: : Hacl.Chacha20.uint32_t, a monomorphic instance, is first used, and therefore inserted, in file Hacl_Chacha20 which is about to be dropped; you may get a C compiler error about Hacl_Chacha20_uint32_t if any other module uses this definition
Warning 13: : Hacl.Impl.Poly1305_64.State.poly1305_state, a monomorphic instance, is first used, and therefore inserted, in file Hacl_Impl_Poly1305_64_State which is about to be dropped; you may get a C compiler error about Hacl_Impl_Poly1305_64_State_poly1305_state if any other module uses this definition
Warning 13: : AEAD.Poly1305_64.uint8_p, a monomorphic instance, is first used, and therefore inserted, in file AEAD_Poly1305_64 which is about to be dropped; you may get a C compiler error about AEAD_Poly1305_64_uint8_p if any other module uses this definition
Warning 13: : AEAD.Poly1305_64.state, a monomorphic instance, is first used, and therefore inserted, in file AEAD_Poly1305_64 which is about to be dropped; you may get a C compiler error about AEAD_Poly1305_64_state if any other module uses this definition
Warning 13: : Hacl.Types.u32, a monomorphic instance, is first used, and therefore inserted, in file Hacl_Types which is about to be dropped; you may get a C compiler error about Hacl_Types_u32 if any other module uses this definition
Warning 13: : Hacl.Types.h8, a monomorphic instance, is first used, and therefore inserted, in file Hacl_Types which is about to be dropped; you may get a C compiler error about Hacl_Types_h8 if any other module uses this definition
Warning 13: : Hacl.Types.uint8_p, a monomorphic instance, is first used, and therefore inserted, in file Hacl_Types which is about to be dropped; you may get a C compiler error about Hacl_Types_uint8_p if any other module uses this definition
Warning 13: : Hacl.Constants.h8, a monomorphic instance, is first used, and therefore inserted, in file Hacl_Constants which is about to be dropped; you may get a C compiler error about Hacl_Constants_h8 if any other module uses this definition
Warning 13: : Hacl.Constants.uint8_p, a monomorphic instance, is first used, and therefore inserted, in file Hacl_Constants which is about to be dropped; you may get a C compiler error about Hacl_Constants_uint8_p if any other module uses this definition
Warning 10: : -drop is deprecated
use a combination of -bundle and -d reachability to make sure the functions are eliminated as you wish
Warning 3: run_or_warn: the following command failed:
C:/build/agent2/_work/4/s/fstar/bin/fstar.exe --odir poly-c --codegen Kremlin --lax C:/build/agent2/_work/4/s/kremlin/runtime/WasmSupport.fst C:/build/agent2/_work/4/s/fstar/ulib/FStar.UInt128.fst --trace_error --cache_checked_modules --expose_interfaces --include C:/build/agent2/_work/4/s/hacl-star/code/lib/kremlin --include C:/build/agent2/_work/4/s/kremlin/kremlib --include C:/build/agent2/_work/4/s/hacl-star/specs --include . --include ../bignum --include C:/build/agent2/_work/4/s/kremlin/include --include C:/build/agent2/_work/4/s/kremlin/kremlib C:/build/agent2/_work/4/s/hacl-star/code/bignum/Hacl.Spec.Bignum.Field.fst C:/build/agent2/_work/4/s/hacl-star/code/bignum/Hacl.Bignum.Limb.fst C:/build/agent2/_work/4/s/hacl-star/code/bignum/Hacl.Bignum.Wide.fst C:/build/agent2/_work/4/s/hacl-star/code/bignum/Hacl.Spec.Bignum.Bigint.fst C:/build/agent2/_work/4/s/hacl-star/code/bignum/Hacl.Spec.Bignum.Fsum.fst C:/build/agent2/_work/4/s/hacl-star/code/bignum/Hacl.Spec.Bignum.Fproduct.fst C:/build/agent2/_work/4/s/hacl-star/code/bignum/Hacl.Spec.Bignum.Fmul.fst C:/build/agent2/_work/4/s/hacl-star/code/bignum/Hacl.Bignum.Fsum.fst C:/build/agent2/_work/4/s/hacl-star/code/bignum/Hacl.Bignum.Fproduct.fst C:/build/agent2/_work/4/s/hacl-star/code/bignum/Hacl.Bignum.Fmul.fst Hacl.Bignum.Constants.fst Hacl.Bignum.Parameters.fst Hacl.Spec.Bignum.Modulo.fst Hacl.Spec.Bignum.AddAndMultiply.fst Hacl.Spec.Poly1305_32.State.fst Hacl.Spec.Poly1305_32.Lemmas.fst Hacl.Spec.Poly1305_32.fst Hacl.Spe.Poly1305_32.fst Hacl.Bignum.Modulo.fst Hacl.Bignum.AddAndMultiply.fst Hacl.Impl.Poly1305_32.State.fst Hacl.Impl.Poly1305_32.fst Hacl.Standalone.Poly1305_32.fst Hacl.Poly1305_32.fst Hacl.Test.Poly1305_32.fst
Warning 3 is fatal, exiting.
make[1]: *** [Makefile:76: poly-c/out.krml] Error 255
make: *** [Makefile:9: poly1305_32-c] Error 2
Warning 10: : -drop is deprecated
use a combination of -bundle and -d reachability to make sure the functions are eliminated as you wish
Warning 3: run_or_warn: the following command failed:
C:/build/agent2/_work/4/s/fstar/bin/fstar.exe --odir x25519-c --codegen Kremlin --lax C:/build/agent2/_work/4/s/kremlin/runtime/WasmSupport.fst C:/build/agent2/_work/4/s/fstar/ulib/FStar.UInt128.fst --trace_error --cache_checked_modules --expose_interfaces --include C:/build/agent2/_work/4/s/hacl-star/code/lib/kremlin --include C:/build/agent2/_work/4/s/kremlin/kremlib --include C:/build/agent2/_work/4/s/hacl-star/specs --include . --include ../bignum --include C:/build/agent2/_work/4/s/kremlin/include --include C:/build/agent2/_work/4/s/kremlin/kremlib ../bignum/Hacl.Bignum.Fdifference.fst ../bignum/Hacl.Bignum.Fmul.fst ../bignum/Hacl.Bignum.Fproduct.fst ../bignum/Hacl.Bignum.Fscalar.fst ../bignum/Hacl.Bignum.Fsum.fst ../bignum/Hacl.Bignum.Limb.fst ../bignum/Hacl.Bignum.Wide.fst ../bignum/Hacl.Bignum.fst ../bignum/Hacl.Spec.Bignum.Bigint.fst ../bignum/Hacl.Spec.Bignum.Fdifference.fst ../bignum/Hacl.Spec.Bignum.Field.fst ../bignum/Hacl.Spec.Bignum.Fmul.fst ../bignum/Hacl.Spec.Bignum.Fproduct.fst ../bignum/Hacl.Spec.Bignum.Fscalar.fst ../bignum/Hacl.Spec.Bignum.Fsum.fst ../bignum/Hacl.Spec.Bignum.fst Hacl.Spec.Curve25519.Lemmas.fst Hacl.Bignum.Parameters.fst Hacl.Spec.Bignum.Modulo.fst Hacl.Spec.EC.AddAndDouble.fst Hacl.Spec.Bignum.Fsquare.fst Hacl.Spec.Bignum.Crecip.fst Hacl.Bignum.Modulo.fst Hacl.Bignum.Fsquare.fst Hacl.Bignum.Crecip.fst Hacl.Spec.EC.Point.fst Hacl.EC.Point.fst Hacl.Spec.EC.AddAndDouble2.fst Hacl.Spec.EC.AddAndDouble3.fst Hacl.Spec.EC.Format.Lemmas.fst Hacl.Spec.EC.Format.fst Hacl.EC.Format.fst Hacl.EC.AddAndDouble.fst Hacl.Spec.EC.Ladder.Lemmas.fst Hacl.Spec.EC.Ladder.fst Hacl.EC.Ladder.SmallLoop.fst Hacl.EC.Ladder.BigLoop.fst Hacl.EC.Ladder.fst Hacl.Spec.EC.fst Hacl.EC.fst Hacl.Curve25519.fst Hacl.Test.X25519.fst
Warning 3 is fatal, exiting.
make[1]: *** [Makefile:96: x25519-c/out.krml] Error 255
make: *** [Makefile:9: curve25519-c] Error 2
Warning 10: : -drop is deprecated
use a combination of -bundle and -d reachability to make sure the functions are eliminated as you wish
Warning 3: run_or_warn: the following command failed:
C:/build/agent2/_work/4/s/fstar/bin/fstar.exe --odir ed25519-c --codegen Kremlin --lax C:/build/agent2/_work/4/s/kremlin/runtime/WasmSupport.fst C:/build/agent2/_work/4/s/fstar/ulib/FStar.UInt128.fst --trace_error --cache_checked_modules --expose_interfaces --include C:/build/agent2/_work/4/s/hacl-star/code/lib/kremlin --include C:/build/agent2/_work/4/s/kremlin/kremlib --include C:/build/agent2/_work/4/s/hacl-star/specs --include . --include ../bignum --include ../curve25519 --include ../hash --include C:/build/agent2/_work/4/s/kremlin/include --include C:/build/agent2/_work/4/s/kremlin/kremlib Hacl.Bignum25519.fst ../hash/Hacl.Impl.SHA512.Ed25519.fst ../hash/Hacl.SHA2_512.fst Hacl.Impl.Load56.fst Hacl.Impl.Load51.fst Hacl.Impl.Store51.fst Hacl.Impl.BignumQ.Mul.fst Hacl.Impl.SHA512.ModQ.fst Hacl.Impl.Sha512.fst Hacl.Impl.Ed25519.Pow2_252m2.fst Hacl.Impl.Ed25519.PointAdd.fst Hacl.Impl.Ed25519.PointDouble.fst Hacl.Impl.Ed25519.SecretExpand.fst Hacl.Impl.Ed25519.PointCompress.fst Hacl.Impl.Ed25519.PointDecompress.fst Hacl.Impl.Ed25519.RecoverX.fst Hacl.Impl.Ed25519.Ladder.Step.fst Hacl.Impl.Ed25519.Ladder.fst Hacl.Impl.Ed25519.PointEqual.fst Hacl.Impl.Ed25519.SecretToPublic.fst Hacl.Ed25519.fst Hacl.Test.Ed25519.fst
Warning 3 is fatal, exiting.
make[1]: *** [Makefile:136: ed25519-c/out.krml] Error 255
make: *** [Makefile:9: ed25519-c] Error 2
